2022-10-21 08:22:25:671 [Appium] Welcome to Appium v1.22.3
2022-10-21 08:22:25:672 [Appium] Non-default server args:
2022-10-21 08:22:25:672 [Appium]   address: 127.0.0.1
2022-10-21 08:22:25:672 [Appium]   port: 26481
2022-10-21 08:22:25:673 [Appium]   logFile: C:\Users\User\Desktop\final framework\SRI_MANDIR(Different languages)\.\ServerLogs\appiumSriMandirVerifyingSahithyaBhandar.log
2022-10-21 08:22:25:694 [Appium] Appium REST http interface listener started on 127.0.0.1:26481
2022-10-21 08:22:25:704 [HTTP] --> GET /wd/hub/status
2022-10-21 08:22:25:705 [HTTP] {}
2022-10-21 08:22:25:707 [GENERIC] Calling AppiumDriver.getStatus() with args: []
2022-10-21 08:22:25:708 [GENERIC] Responding to client with driver.getStatus() result: {"build":{"version":"1.22.3"}}
2022-10-21 08:22:25:713 [HTTP] <-- GET /wd/hub/status 200 6 ms - 68
2022-10-21 08:22:25:713 [HTTP] 
2022-10-21 08:22:26:043 [HTTP] --> POST /wd/hub/session
2022-10-21 08:22:26:043 [HTTP] {"desiredCapabilities":{"app":"./src/main/java/resources/app-debug-3.8.0.apk","noReset":true,"automationName":"UiAutomator2","autoGrantPermissions":true,"platformName":"Android","udid":"emulator-5554","platform":"ANDROID"},"capabilities":{"firstMatch":[{"appium:app":"./src/main/java/resources/app-debug-3.8.0.apk","appium:autoGrantPermissions":true,"appium:automationName":"UiAutomator2","appium:noReset":true,"platform":"ANDROID","platformName":"android","appium:udid":"emulator-5554"}]}}
2022-10-21 08:22:26:043 [W3C] Calling AppiumDriver.createSession() with args: [{"app":"./src/main/java/resources/app-debug-3.8.0.apk","noReset":true,"automationName":"UiAutomator2","autoGrantPermissions":true,"platformName":"Android","udid":"emulator-5554","platform":"ANDROID"},null,{"firstMatch":[{"appium:app":"./src/main/java/resources/app-debug-3.8.0.apk","appium:autoGrantPermissions":true,"appium:automationName":"UiAutomator2","appium:noReset":true,"platform":"ANDROID","platformName":"android","appium:udid":"emulator-5554"}]}]
2022-10-21 08:22:26:044 [BaseDriver] Event 'newSessionRequested' logged at 1666340546044 (13:52:26 GMT+0530 (India Standard Time))
2022-10-21 08:22:26:047 [BaseDriver] The following capabilities are not standard capabilities and should have an extension prefix:
2022-10-21 08:22:26:048 [BaseDriver]   platform
2022-10-21 08:22:26:196 [Appium] Appium v1.22.3 creating new AndroidUiautomator2Driver (v1.70.1) session
2022-10-21 08:22:26:198 [BaseDriver] W3C capabilities and MJSONWP desired capabilities were provided
2022-10-21 08:22:26:198 [BaseDriver] Creating session with W3C capabilities: {
2022-10-21 08:22:26:198 [BaseDriver]   "alwaysMatch": {
2022-10-21 08:22:26:198 [BaseDriver]     "appium:platform": "ANDROID",
2022-10-21 08:22:26:198 [BaseDriver]     "platformName": "android",
2022-10-21 08:22:26:198 [BaseDriver]     "appium:app": "./src/main/java/resources/app-debug-3.8.0.apk",
2022-10-21 08:22:26:198 [BaseDriver]     "appium:autoGrantPermissions": true,
2022-10-21 08:22:26:198 [BaseDriver]     "appium:automationName": "UiAutomator2",
2022-10-21 08:22:26:199 [BaseDriver]     "appium:noReset": true,
2022-10-21 08:22:26:199 [BaseDriver]     "appium:udid": "emulator-5554"
2022-10-21 08:22:26:199 [BaseDriver]   },
2022-10-21 08:22:26:199 [BaseDriver]   "firstMatch": [
2022-10-21 08:22:26:199 [BaseDriver]     {}
2022-10-21 08:22:26:199 [BaseDriver]   ]
2022-10-21 08:22:26:199 [BaseDriver] }
2022-10-21 08:22:26:203 [BaseDriver] The following capabilities were provided, but are not recognized by Appium:
2022-10-21 08:22:26:203 [BaseDriver]   platform
2022-10-21 08:22:26:204 [BaseDriver] Session created with session id: 0862a69f-849a-4086-a2c7-c9ddb9437112
2022-10-21 08:22:26:205 [BaseDriver] Using local app './src/main/java/resources/app-debug-3.8.0.apk'
2022-10-21 08:22:26:205 [BaseDriver] The current application path './src/main/java/resources/app-debug-3.8.0.apk' is not absolute and has been rewritten to 'C:\Users\User\Desktop\final framework\SRI_MANDIR(Different languages)\src\main\java\resources\app-debug-3.8.0.apk'. Consider using absolute paths rather than relative
2022-10-21 08:22:26:205 [UiAutomator2] Checking whether app is actually present
2022-10-21 08:22:26:223 [ADB] Found 2 'build-tools' folders under 'C:\Users\User\AppData\Local\Android\Sdk' (newest first):
2022-10-21 08:22:26:223 [ADB]     C:/Users/User/AppData/Local/Android/Sdk/build-tools/33.0.0
2022-10-21 08:22:26:223 [ADB]     C:/Users/User/AppData/Local/Android/Sdk/build-tools/30.0.3
2022-10-21 08:22:26:229 [ADB] Using 'adb.exe' from 'C:\Users\User\AppData\Local\Android\Sdk\platform-tools\adb.exe'
2022-10-21 08:22:26:231 [ADB] Running 'C:\Users\User\AppData\Local\Android\Sdk\platform-tools\adb.exe -P 5037 start-server'
2022-10-21 08:22:26:252 [AndroidDriver] Retrieving device list
2022-10-21 08:22:26:252 [ADB] Trying to find a connected android device
2022-10-21 08:22:26:252 [ADB] Getting connected devices
2022-10-21 08:22:26:270 [ADB] Connected devices: [{"udid":"8cc9ce18","state":"unauthorized"},{"udid":"emulator-5554","state":"device"}]
2022-10-21 08:22:26:270 [AndroidDriver] Using device: emulator-5554
2022-10-21 08:22:26:271 [ADB] Using 'adb.exe' from 'C:\Users\User\AppData\Local\Android\Sdk\platform-tools\adb.exe'
2022-10-21 08:22:26:271 [ADB] Running 'C:\Users\User\AppData\Local\Android\Sdk\platform-tools\adb.exe -P 5037 start-server'
2022-10-21 08:22:26:289 [ADB] Setting device id to emulator-5554
2022-10-21 08:22:26:290 [ADB] Running 'C:\Users\User\AppData\Local\Android\Sdk\platform-tools\adb.exe -P 5037 -s emulator-5554 shell getprop ro.build.version.sdk'
2022-10-21 08:22:26:340 [ADB] Current device property 'ro.build.version.sdk': 31
2022-10-21 08:22:26:341 [ADB] Getting device platform version
2022-10-21 08:22:26:341 [ADB] Running 'C:\Users\User\AppData\Local\Android\Sdk\platform-tools\adb.exe -P 5037 -s emulator-5554 shell getprop ro.build.version.release'
2022-10-21 08:22:26:387 [ADB] Current device property 'ro.build.version.release': 12
2022-10-21 08:22:26:387 [ADB] Device API level: 31
2022-10-21 08:22:26:387 [UiAutomator2] Relaxing hidden api policy
2022-10-21 08:22:26:387 [ADB] Running 'C:\Users\User\AppData\Local\Android\Sdk\platform-tools\adb.exe -P 5037 -s emulator-5554 shell 'settings put global hidden_api_policy_pre_p_apps 1;settings put global hidden_api_policy_p_apps 1;settings put global hidden_api_policy 1''
2022-10-21 08:22:26:480 [AndroidDriver] Parsing package and activity from app manifest
2022-10-21 08:22:26:521 [ADB] Package name: 'com.mandir'
2022-10-21 08:22:26:521 [ADB] Main activity name: 'com.mandir.ui.activity.SplashActivity'
2022-10-21 08:22:26:521 [AndroidDriver] Parsed package and activity are: com.mandir/com.mandir.ui.activity.SplashActivity
2022-10-21 08:22:26:521 [ADB] Running 'C:\Users\User\AppData\Local\Android\Sdk\platform-tools\adb.exe -P 5037 -s emulator-5554 wait-for-device'
2022-10-21 08:22:26:538 [ADB] Running 'C:\Users\User\AppData\Local\Android\Sdk\platform-tools\adb.exe -P 5037 -s emulator-5554 shell echo ping'
2022-10-21 08:22:26:588 [AndroidDriver] Pushing settings apk to device...
2022-10-21 08:22:26:588 [ADB] Getting install status for io.appium.settings
2022-10-21 08:22:26:589 [ADB] Running 'C:\Users\User\AppData\Local\Android\Sdk\platform-tools\adb.exe -P 5037 -s emulator-5554 shell dumpsys package io.appium.settings'
2022-10-21 08:22:26:916 [ADB] 'io.appium.settings' is installed
2022-10-21 08:22:26:916 [ADB] Getting package info for 'io.appium.settings'
2022-10-21 08:22:26:916 [ADB] Running 'C:\Users\User\AppData\Local\Android\Sdk\platform-tools\adb.exe -P 5037 -s emulator-5554 shell dumpsys package io.appium.settings'
2022-10-21 08:22:26:972 [ADB] The version name of the installed 'io.appium.settings' is greater or equal to the application version name ('3.4.0' >= '3.4.0')
2022-10-21 08:22:26:972 [ADB] There is no need to install/upgrade 'C:\Users\User\AppData\Roaming\npm\node_modules\appium\node_modules\io.appium.settings\apks\settings_apk-debug.apk'
2022-10-21 08:22:26:973 [ADB] Getting IDs of all 'io.appium.settings' processes
2022-10-21 08:22:26:973 [ADB] Running 'C:\Users\User\AppData\Local\Android\Sdk\platform-tools\adb.exe -P 5037 -s emulator-5554 shell 'pgrep --help; echo $?''
2022-10-21 08:22:27:010 [ADB] Running 'C:\Users\User\AppData\Local\Android\Sdk\platform-tools\adb.exe -P 5037 -s emulator-5554 shell pgrep -f \(\[\[:blank:\]\]\|\^\)io\.appium\.settings\(\[\[:blank:\]\]\|\$\)'
2022-10-21 08:22:27:072 [AndroidDriver] io.appium.settings is already running. There is no need to reset its permissions.
2022-10-21 08:22:27:072 [Logcat] Starting logs capture with command: C:\\Users\\User\\AppData\\Local\\Android\\Sdk\\platform-tools\\adb.exe -P 5037 -s emulator-5554 logcat -v threadtime
2022-10-21 08:22:27:117 [UiAutomator2] Forwarding UiAutomator2 Server port 6790 to local port 8201
2022-10-21 08:22:27:119 [ADB] Forwarding system: 8201 to device: 6790
2022-10-21 08:22:27:119 [ADB] Running 'C:\Users\User\AppData\Local\Android\Sdk\platform-tools\adb.exe -P 5037 -s emulator-5554 forward tcp:8201 tcp:6790'
2022-10-21 08:22:27:144 [ADB] Getting install status for io.appium.uiautomator2.server
2022-10-21 08:22:27:144 [ADB] Running 'C:\Users\User\AppData\Local\Android\Sdk\platform-tools\adb.exe -P 5037 -s emulator-5554 shell dumpsys package io.appium.uiautomator2.server'
2022-10-21 08:22:27:258 [ADB] 'io.appium.uiautomator2.server' is installed
2022-10-21 08:22:27:258 [ADB] Getting package info for 'io.appium.uiautomator2.server'
2022-10-21 08:22:27:258 [ADB] Running 'C:\Users\User\AppData\Local\Android\Sdk\platform-tools\adb.exe -P 5037 -s emulator-5554 shell dumpsys package io.appium.uiautomator2.server'
2022-10-21 08:22:27:530 [ADB] The version name of the installed 'io.appium.uiautomator2.server' is greater or equal to the application version name ('4.27.0' >= '4.27.0')
2022-10-21 08:22:27:531 [UiAutomator2] io.appium.uiautomator2.server installation state: sameVersionInstalled
2022-10-21 08:22:27:531 [ADB] Checking app cert for C:\Users\User\AppData\Roaming\npm\node_modules\appium\node_modules\appium-uiautomator2-server\apks\appium-uiautomator2-server-v4.27.0.apk
2022-10-21 08:22:27:563 [ADB] Using 'apksigner.jar' from 'C:\Users\User\AppData\Local\Android\Sdk\build-tools\33.0.0\lib\apksigner.jar'
2022-10-21 08:22:27:565 [ADB] Starting apksigner: 'C:\\Program Files\\Java\\jdk-15.0.1\\bin\\java.exe' -Xmx1024M -Xss1m -jar C:\\Users\\User\\AppData\\Local\\Android\\Sdk\\build-tools\\33.0.0\\lib\\apksigner.jar verify --print-certs C:\\Users\\User\\AppData\\Roaming\\npm\\node_modules\\appium\\node_modules\\appium-uiautomator2-server\\apks\\appium-uiautomator2-server-v4.27.0.apk
2022-10-21 08:22:28:064 [ADB] apksigner stdout: Signer #1 certificate DN: EMAILADDRESS=android@android.com, CN=Android, OU=Android, O=Android, L=Mountain View, ST=California, C=US
2022-10-21 08:22:28:065 [ADB] Signer #1 certificate SHA-256 digest: a40da80a59d170caa950cf15c18c454d47a39b26989d8b640ecd745ba71bf5dc
2022-10-21 08:22:28:065 [ADB] Signer #1 certificate SHA-1 digest: 61ed377e85d386a8dfee6b864bd85b0bfaa5af81
2022-10-21 08:22:28:065 [ADB] Signer #1 certificate MD5 digest: e89b158e4bcf988ebd09eb83f5378e87
2022-10-21 08:22:28:065 [ADB] 
2022-10-21 08:22:28:065 [ADB] sha256 hash did match for 'appium-uiautomator2-server-v4.27.0.apk'
2022-10-21 08:22:28:065 [ADB] 'C:\Users\User\AppData\Roaming\npm\node_modules\appium\node_modules\appium-uiautomator2-server\apks\appium-uiautomator2-server-v4.27.0.apk' is signed with the default certificate
2022-10-21 08:22:28:065 [ADB] Getting install status for io.appium.uiautomator2.server.test
2022-10-21 08:22:28:065 [ADB] Running 'C:\Users\User\AppData\Local\Android\Sdk\platform-tools\adb.exe -P 5037 -s emulator-5554 shell dumpsys package io.appium.uiautomator2.server.test'
2022-10-21 08:22:28:124 [ADB] 'io.appium.uiautomator2.server.test' is installed
2022-10-21 08:22:28:124 [ADB] Checking app cert for C:\Users\User\AppData\Roaming\npm\node_modules\appium\node_modules\appium-uiautomator2-server\apks\appium-uiautomator2-server-debug-androidTest.apk
2022-10-21 08:22:28:128 [ADB] Starting apksigner: 'C:\\Program Files\\Java\\jdk-15.0.1\\bin\\java.exe' -Xmx1024M -Xss1m -jar C:\\Users\\User\\AppData\\Local\\Android\\Sdk\\build-tools\\33.0.0\\lib\\apksigner.jar verify --print-certs C:\\Users\\User\\AppData\\Roaming\\npm\\node_modules\\appium\\node_modules\\appium-uiautomator2-server\\apks\\appium-uiautomator2-server-debug-androidTest.apk
2022-10-21 08:22:28:381 [ADB] apksigner stdout: Signer #1 certificate DN: EMAILADDRESS=android@android.com, CN=Android, OU=Android, O=Android, L=Mountain View, ST=California, C=US
2022-10-21 08:22:28:381 [ADB] Signer #1 certificate SHA-256 digest: a40da80a59d170caa950cf15c18c454d47a39b26989d8b640ecd745ba71bf5dc
2022-10-21 08:22:28:381 [ADB] Signer #1 certificate SHA-1 digest: 61ed377e85d386a8dfee6b864bd85b0bfaa5af81
2022-10-21 08:22:28:381 [ADB] Signer #1 certificate MD5 digest: e89b158e4bcf988ebd09eb83f5378e87
2022-10-21 08:22:28:381 [ADB] 
2022-10-21 08:22:28:382 [ADB] sha256 hash did match for 'appium-uiautomator2-server-debug-androidTest.apk'
2022-10-21 08:22:28:382 [ADB] 'C:\Users\User\AppData\Roaming\npm\node_modules\appium\node_modules\appium-uiautomator2-server\apks\appium-uiautomator2-server-debug-androidTest.apk' is signed with the default certificate
2022-10-21 08:22:28:382 [UiAutomator2] Server packages are not going to be (re)installed
2022-10-21 08:22:28:384 [UiAutomator2] Waiting up to 30000ms for services to be available
2022-10-21 08:22:28:385 [ADB] Running 'C:\Users\User\AppData\Local\Android\Sdk\platform-tools\adb.exe -P 5037 -s emulator-5554 shell pm list instrumentation'
2022-10-21 08:22:28:436 [UiAutomator2] Instrumentation target 'io.appium.uiautomator2.server.test/androidx.test.runner.AndroidJUnitRunner' is available
2022-10-21 08:22:28:438 [ADB] Adding packages ["io.appium.settings","io.appium.uiautomator2.server","io.appium.uiautomator2.server.test"] to Doze whitelist
2022-10-21 08:22:28:438 [ADB] Got the following command chunks to execute: [["dumpsys","deviceidle","whitelist","+io.appium.settings",";","dumpsys","deviceidle","whitelist","+io.appium.uiautomator2.server",";","dumpsys","deviceidle","whitelist","+io.appium.uiautomator2.server.test",";"]]
2022-10-21 08:22:28:438 [ADB] Running 'C:\Users\User\AppData\Local\Android\Sdk\platform-tools\adb.exe -P 5037 -s emulator-5554 shell dumpsys deviceidle whitelist +io.appium.settings ; dumpsys deviceidle whitelist +io.appium.uiautomator2.server ; dumpsys deviceidle whitelist +io.appium.uiautomator2.server.test ;'
2022-10-21 08:22:28:513 [ADB] Checking app cert for C:\Users\User\Desktop\final framework\SRI_MANDIR(Different languages)\src\main\java\resources\app-debug-3.8.0.apk
2022-10-21 08:22:28:708 [ADB] Starting apksigner: 'C:\\Program Files\\Java\\jdk-15.0.1\\bin\\java.exe' -Xmx1024M -Xss1m -jar C:\\Users\\User\\AppData\\Local\\Android\\Sdk\\build-tools\\33.0.0\\lib\\apksigner.jar verify --print-certs 'C:\\Users\\User\\Desktop\\final framework\\SRI_MANDIR(Different languages)\\src\\main\\java\\resources\\app-debug-3.8.0.apk'
2022-10-21 08:22:30:151 [ADB] apksigner stdout: Signer #1 certificate DN: C=US, O=Android, CN=Android Debug
2022-10-21 08:22:30:151 [ADB] Signer #1 certificate SHA-256 digest: ffe3f74dd4b99b12dd63d207a90d1eb840869ef6f0303daaab8485d82cc377d0
2022-10-21 08:22:30:151 [ADB] Signer #1 certificate SHA-1 digest: d61e3b86f3eece241d9e58fa90b8a2e151b8685a
2022-10-21 08:22:30:151 [ADB] Signer #1 certificate MD5 digest: c57e6882d4d2db60bf329c1ab6c9a33c
2022-10-21 08:22:30:151 [ADB] 
2022-10-21 08:22:30:151 [ADB] 'C:\Users\User\Desktop\final framework\SRI_MANDIR(Different languages)\src\main\java\resources\app-debug-3.8.0.apk' is signed with a non-default certificate
2022-10-21 08:22:30:151 [ADB] Getting install status for com.mandir
2022-10-21 08:22:30:151 [ADB] Running 'C:\Users\User\AppData\Local\Android\Sdk\platform-tools\adb.exe -P 5037 -s emulator-5554 shell dumpsys package com.mandir'
2022-10-21 08:22:30:209 [ADB] 'com.mandir' is installed
2022-10-21 08:22:30:209 [ADB] Getting package info for 'com.mandir'
2022-10-21 08:22:30:209 [ADB] Running 'C:\Users\User\AppData\Local\Android\Sdk\platform-tools\adb.exe -P 5037 -s emulator-5554 shell dumpsys package com.mandir'
2022-10-21 08:22:30:295 [ADB] The version name of the installed 'com.mandir' is greater or equal to the application version name ('3.7.5' >= '3.7.5')
2022-10-21 08:22:30:295 [ADB] There is no need to install/upgrade 'C:\Users\User\Desktop\final framework\SRI_MANDIR(Different languages)\src\main\java\resources\app-debug-3.8.0.apk'
2022-10-21 08:22:30:296 [UiAutomator2] Performing shallow cleanup of automation leftovers
2022-10-21 08:22:30:310 [UiAutomator2] The following obsolete sessions are still running: ["8fb8d8af-68b2-4ecb-abad-93a5c2d4b2bb"]
2022-10-21 08:22:30:312 [UiAutomator2] Cleaning up 1 obsolete session
2022-10-21 08:22:31:330 [ADB] Running 'C:\Users\User\AppData\Local\Android\Sdk\platform-tools\adb.exe -P 5037 -s emulator-5554 shell am force-stop io.appium.uiautomator2.server.test'
2022-10-21 08:22:31:375 [UiAutomator2] Starting UIAutomator2 server 4.27.0
2022-10-21 08:22:31:375 [UiAutomator2] Using UIAutomator2 server from 'C:\Users\User\AppData\Roaming\npm\node_modules\appium\node_modules\appium-uiautomator2-server\apks\appium-uiautomator2-server-v4.27.0.apk' and test from 'C:\Users\User\AppData\Roaming\npm\node_modules\appium\node_modules\appium-uiautomator2-server\apks\appium-uiautomator2-server-debug-androidTest.apk'
2022-10-21 08:22:31:376 [UiAutomator2] Waiting up to 30000ms for UiAutomator2 to be online...
2022-10-21 08:22:31:376 [ADB] Creating ADB subprocess with args: ["-P",5037,"-s","emulator-5554","shell","am","instrument","-w","-e","disableAnalytics",true,"io.appium.uiautomator2.server.test/androidx.test.runner.AndroidJUnitRunner"]
2022-10-21 08:22:31:393 [WD Proxy] Matched '/status' to command name 'getStatus'
2022-10-21 08:22:31:394 [WD Proxy] Proxying [GET /status] to [GET http://127.0.0.1:8201/wd/hub/status] with no body
2022-10-21 08:22:31:398 [WD Proxy] socket hang up
2022-10-21 08:22:32:221 [Instrumentation] io.appium.uiautomator2.server.test.AppiumUiAutomator2Server:
2022-10-21 08:22:32:414 [WD Proxy] Matched '/status' to command name 'getStatus'
2022-10-21 08:22:32:415 [WD Proxy] Proxying [GET /status] to [GET http://127.0.0.1:8201/wd/hub/status] with no body
2022-10-21 08:22:32:425 [WD Proxy] socket hang up
2022-10-21 08:22:33:440 [WD Proxy] Matched '/status' to command name 'getStatus'
2022-10-21 08:22:33:441 [WD Proxy] Proxying [GET /status] to [GET http://127.0.0.1:8201/wd/hub/status] with no body
2022-10-21 08:22:33:523 [WD Proxy] Got response with status 200: {"sessionId":"None","value":{"message":"UiAutomator2 Server is ready to accept commands","ready":true}}
2022-10-21 08:22:33:523 [UiAutomator2] The initialization of the instrumentation process took 2148ms
2022-10-21 08:22:33:524 [WD Proxy] Matched '/session' to command name 'createSession'
2022-10-21 08:22:33:524 [WD Proxy] Proxying [POST /session] to [POST http://127.0.0.1:8201/wd/hub/session] with body: {"capabilities":{"firstMatch":[{"platform":"ANDROID","webStorageEnabled":false,"takesScreenshot":true,"javascriptEnabled":true,"databaseEnabled":false,"networkConnectionEnabled":true,"locationContextEnabled":false,"warnings":{},"desired":{"platformName":"android","platform":"ANDROID","app":"./src/main/java/resources/app-debug-3.8.0.apk","autoGrantPermissions":true,"automationName":"UiAutomator2","noReset":true,"udid":"emulator-5554"},"platformName":"android","app":"./src/main/java/resources/app-debug-3.8.0.apk","autoGrantPermissions":true,"automationName":"UiAutomator2","noReset":true,"udid":"emulator-5554","deviceName":"emulator-5554","deviceUDID":"emulator-5554","appPackage":"com.mandir"}],"alwaysMatch":{}}}
2022-10-21 08:22:33:554 [WD Proxy] Got response with status 200: {"sessionId":"552b0699-7243-4f3e-83ea-9778e325ca53","value":{"capabilities":{"firstMatch":[{"platform":"ANDROID","webStorageEnabled":false,"takesScreenshot":true,"javascriptEnabled":true,"databaseEnabled":false,"networkConnectionEnabled":true,"locationContextEnabled":false,"warnings":{},"desired":{"platformName":"android","platform":"ANDROID","app":"./src/main/java/resources/app-debug-3.8.0.apk","autoGrantPermissions":true,"automationName":"UiAutomator2","noReset":true,"udid":"emulator-5554"},"platformName":"android","app":"./src/main/java/resources/app-debug-3.8.0.apk","autoGrantPermissions":true,"automationName":"UiAutomator2","noReset":true,"udid":"emulator-5554","deviceName":"emulator-5554","deviceUDID":"emulator-5554","appPackage":"com.mandir"}],"alwaysMatch":{}},"sessionId":"552b0699-7243-4f3e-83ea-9778e325ca53"}}
2022-10-21 08:22:33:554 [WD Proxy] Determined the downstream protocol as 'W3C'
2022-10-21 08:22:33:562 [WD Proxy] Proxying [GET /appium/device/info] to [GET http://127.0.0.1:8201/wd/hub/session/552b0699-7243-4f3e-83ea-9778e325ca53/appium/device/info] with no body
2022-10-21 08:22:33:591 [WD Proxy] Got response with status 200: {"sessionId":"552b0699-7243-4f3e-83ea-9778e325ca53","value":{"androidId":"2a732c2a73d6e794","apiVersion":"31","bluetooth":{"state":"ON"},"brand":"google","carrierName":"T-Mobile","displayDensity":420,"locale":"en_US","manufacturer":"Google","model":"sdk_gphone64_x86_64","networks":[{"capabilities":{"SSID":null,"linkDownBandwidthKbps":30000,"linkUpstreamBandwidthKbps":12000,"networkCapabilities":"NET_CAPABILITY_NOT_METERED,NET_CAPABILITY_INTERNET,NET_CAPABILITY_NOT_RESTRICTED,NET_CAPABILITY_TRUSTED,NET_CAPABILITY_NOT_VPN,NET_CAPABILITY_VALIDATED,NET_CAPABILITY_NOT_ROAMING,NET_CAPABILITY_FOREGROUND,NET_CAPABILITY_NOT_CONGESTED,NET_CAPABILITY_NOT_SUSPENDED","signalStrength":-50,"transportTypes":"TRANSPORT_WIFI"},"detailedState":"CONNECTED","extraInfo":"","isAvailable":true,"isConnected":true,"isFailover":false,"isRoaming":false,"state":"CONNECTED","subtype":-1,"subtypeName":"","type":1,"typeName":"WIFI"},{"capabilities":{"SSID":null,"linkDownBandwidthKbps":30000,"linkUpstreamBandwidthKbps":15000,"networkCapab...
2022-10-21 08:22:33:591 [ADB] Running 'C:\Users\User\AppData\Local\Android\Sdk\platform-tools\adb.exe -P 5037 -s emulator-5554 shell dumpsys window'
2022-10-21 08:22:33:645 [AndroidDriver] Screen already unlocked, doing nothing
2022-10-21 08:22:33:645 [UiAutomator2] Starting 'com.mandir/com.mandir.ui.activity.SplashActivity and waiting for 'com.mandir/com.mandir.ui.activity.SplashActivity'
2022-10-21 08:22:33:646 [ADB] Running 'C:\Users\User\AppData\Local\Android\Sdk\platform-tools\adb.exe -P 5037 -s emulator-5554 shell am start -W -n com.mandir/com.mandir.ui.activity.SplashActivity -S -a android.intent.action.MAIN -c android.intent.category.LAUNCHER -f 0x10200000'
2022-10-21 08:22:36:357 [ADB] Waiting up to 20000ms for activity matching pkg: 'com.mandir' and activity: 'com.mandir.ui.activity.SplashActivity' to be focused
2022-10-21 08:22:36:357 [ADB] Possible activities, to be checked: 'com.mandir.ui.activity.SplashActivity', 'com.mandir.com.mandir.ui.activity.SplashActivity'
2022-10-21 08:22:36:358 [ADB] Getting focused package and activity
2022-10-21 08:22:36:358 [ADB] Running 'C:\Users\User\AppData\Local\Android\Sdk\platform-tools\adb.exe -P 5037 -s emulator-5554 shell dumpsys window displays'
2022-10-21 08:22:36:419 [ADB] Found package: 'com.mandir' and fully qualified activity name : 'com.mandir.ui.activity.SplashActivity'
2022-10-21 08:22:36:432 [WD Proxy] Proxying [GET /appium/device/pixel_ratio] to [GET http://127.0.0.1:8201/wd/hub/session/552b0699-7243-4f3e-83ea-9778e325ca53/appium/device/pixel_ratio] with no body
2022-10-21 08:22:36:443 [WD Proxy] Got response with status 200: {"sessionId":"552b0699-7243-4f3e-83ea-9778e325ca53","value":2.625}
2022-10-21 08:22:36:444 [WD Proxy] Matched '/appium/device/system_bars' to command name 'getSystemBars'
2022-10-21 08:22:36:444 [WD Proxy] Proxying [GET /appium/device/system_bars] to [GET http://127.0.0.1:8201/wd/hub/session/552b0699-7243-4f3e-83ea-9778e325ca53/appium/device/system_bars] with no body
2022-10-21 08:22:36:451 [WD Proxy] Got response with status 200: {"sessionId":"552b0699-7243-4f3e-83ea-9778e325ca53","value":{"statusBar":63}}
2022-10-21 08:22:36:452 [WD Proxy] Matched '/window/current/size' to command name 'getWindowSize'
2022-10-21 08:22:36:452 [WD Proxy] Proxying [GET /window/current/size] to [GET http://127.0.0.1:8201/wd/hub/session/552b0699-7243-4f3e-83ea-9778e325ca53/window/current/size] with no body
2022-10-21 08:22:36:458 [WD Proxy] Got response with status 200: {"sessionId":"552b0699-7243-4f3e-83ea-9778e325ca53","value":{"height":1794,"width":1080}}
2022-10-21 08:22:36:459 [Appium] New AndroidUiautomator2Driver session created successfully, session 0862a69f-849a-4086-a2c7-c9ddb9437112 added to master session list
2022-10-21 08:22:36:460 [BaseDriver] Event 'newSessionStarted' logged at 1666340556459 (13:52:36 GMT+0530 (India Standard Time))
2022-10-21 08:22:36:460 [W3C (0862a69f)] Cached the protocol value 'W3C' for the new session 0862a69f-849a-4086-a2c7-c9ddb9437112
2022-10-21 08:22:36:461 [W3C (0862a69f)] Responding to client with driver.createSession() result: {"capabilities":{"platform":"ANDROID","webStorageEnabled":false,"takesScreenshot":true,"javascriptEnabled":true,"databaseEnabled":false,"networkConnectionEnabled":true,"locationContextEnabled":false,"warnings":{},"desired":{"platformName":"android","platform":"ANDROID","app":"./src/main/java/resources/app-debug-3.8.0.apk","autoGrantPermissions":true,"automationName":"UiAutomator2","noReset":true,"udid":"emulator-5554"},"platformName":"android","app":"./src/main/java/resources/app-debug-3.8.0.apk","autoGrantPermissions":true,"automationName":"UiAutomator2","noReset":true,"udid":"emulator-5554","deviceName":"emulator-5554","deviceUDID":"emulator-5554","appPackage":"com.mandir","deviceApiLevel":31,"platformVersion":"12","deviceScreenSize":"1080x1920","deviceScreenDensity":420,"deviceModel":"sdk_gphone64_x86_64","deviceManufacturer":"Google","pixelRatio":2.625,"statBarHeight":63,"viewportRect":{"left":0,"top":63,"width":1080,"height":1731}}}
2022-10-21 08:22:36:464 [HTTP] <-- POST /wd/hub/session 200 10420 ms - 1012
2022-10-21 08:22:36:464 [HTTP] 
2022-10-21 08:22:36:508 [HTTP] --> GET /wd/hub/session/0862a69f-849a-4086-a2c7-c9ddb9437112
2022-10-21 08:22:36:508 [HTTP] {}
2022-10-21 08:22:36:509 [W3C (0862a69f)] Calling AppiumDriver.getSession() with args: ["0862a69f-849a-4086-a2c7-c9ddb9437112"]
2022-10-21 08:22:36:510 [UiAutomator2] Getting session details from server to mix in
2022-10-21 08:22:36:510 [WD Proxy] Matched '/' to command name 'getSession'
2022-10-21 08:22:36:510 [WD Proxy] Proxying [GET /] to [GET http://127.0.0.1:8201/wd/hub/session/552b0699-7243-4f3e-83ea-9778e325ca53] with no body
2022-10-21 08:22:36:517 [WD Proxy] Got response with status 200: {"sessionId":"552b0699-7243-4f3e-83ea-9778e325ca53","value":{"lastScrollData":null}}
2022-10-21 08:22:36:517 [W3C (0862a69f)] Responding to client with driver.getSession() result: {"platform":"ANDROID","webStorageEnabled":false,"takesScreenshot":true,"javascriptEnabled":true,"databaseEnabled":false,"networkConnectionEnabled":true,"locationContextEnabled":false,"warnings":{},"desired":{"platformName":"android","platform":"ANDROID","app":"./src/main/java/resources/app-debug-3.8.0.apk","autoGrantPermissions":true,"automationName":"UiAutomator2","noReset":true,"udid":"emulator-5554"},"platformName":"android","app":"./src/main/java/resources/app-debug-3.8.0.apk","autoGrantPermissions":true,"automationName":"UiAutomator2","noReset":true,"udid":"emulator-5554","deviceName":"emulator-5554","deviceUDID":"emulator-5554","appPackage":"com.mandir","deviceApiLevel":31,"platformVersion":"12","deviceScreenSize":"1080x1920","deviceScreenDensity":420,"deviceModel":"sdk_gphone64_x86_64","deviceManufacturer":"Google","pixelRatio":2.625,"statBarHeight":63,"viewportRect":{"left":0,"top":63,"width":1080,"height":1731},"lastScrollData":null}
2022-10-21 08:22:36:519 [HTTP] <-- GET /wd/hub/session/0862a69f-849a-4086-a2c7-c9ddb9437112 200 10 ms - 966
2022-10-21 08:22:36:519 [HTTP] 
2022-10-21 08:22:36:524 [HTTP] --> GET /wd/hub/session/0862a69f-849a-4086-a2c7-c9ddb9437112
2022-10-21 08:22:36:524 [HTTP] {}
2022-10-21 08:22:36:525 [W3C (0862a69f)] Calling AppiumDriver.getSession() with args: ["0862a69f-849a-4086-a2c7-c9ddb9437112"]
2022-10-21 08:22:36:525 [UiAutomator2] Getting session details from server to mix in
2022-10-21 08:22:36:525 [WD Proxy] Matched '/' to command name 'getSession'
2022-10-21 08:22:36:525 [WD Proxy] Proxying [GET /] to [GET http://127.0.0.1:8201/wd/hub/session/552b0699-7243-4f3e-83ea-9778e325ca53] with no body
2022-10-21 08:22:36:532 [WD Proxy] Got response with status 200: {"sessionId":"552b0699-7243-4f3e-83ea-9778e325ca53","value":{"lastScrollData":null}}
2022-10-21 08:22:36:532 [W3C (0862a69f)] Responding to client with driver.getSession() result: {"platform":"ANDROID","webStorageEnabled":false,"takesScreenshot":true,"javascriptEnabled":true,"databaseEnabled":false,"networkConnectionEnabled":true,"locationContextEnabled":false,"warnings":{},"desired":{"platformName":"android","platform":"ANDROID","app":"./src/main/java/resources/app-debug-3.8.0.apk","autoGrantPermissions":true,"automationName":"UiAutomator2","noReset":true,"udid":"emulator-5554"},"platformName":"android","app":"./src/main/java/resources/app-debug-3.8.0.apk","autoGrantPermissions":true,"automationName":"UiAutomator2","noReset":true,"udid":"emulator-5554","deviceName":"emulator-5554","deviceUDID":"emulator-5554","appPackage":"com.mandir","deviceApiLevel":31,"platformVersion":"12","deviceScreenSize":"1080x1920","deviceScreenDensity":420,"deviceModel":"sdk_gphone64_x86_64","deviceManufacturer":"Google","pixelRatio":2.625,"statBarHeight":63,"viewportRect":{"left":0,"top":63,"width":1080,"height":1731},"lastScrollData":null}
2022-10-21 08:22:36:533 [HTTP] <-- GET /wd/hub/session/0862a69f-849a-4086-a2c7-c9ddb9437112 200 9 ms - 966
2022-10-21 08:22:36:533 [HTTP] 
2022-10-21 08:22:36:543 [HTTP] --> POST /wd/hub/session/0862a69f-849a-4086-a2c7-c9ddb9437112/timeouts
2022-10-21 08:22:36:544 [HTTP] {"implicit":50000}
2022-10-21 08:22:36:545 [W3C (0862a69f)] Calling AppiumDriver.timeouts() with args: [null,null,null,null,50000,"0862a69f-849a-4086-a2c7-c9ddb9437112"]
2022-10-21 08:22:36:545 [BaseDriver] W3C timeout argument: {"implicit":50000}}
2022-10-21 08:22:36:545 [BaseDriver] Set implicit wait to 50000ms
2022-10-21 08:22:36:546 [W3C (0862a69f)] Responding to client with driver.timeouts() result: null
2022-10-21 08:22:36:547 [HTTP] <-- POST /wd/hub/session/0862a69f-849a-4086-a2c7-c9ddb9437112/timeouts 200 3 ms - 14
2022-10-21 08:22:36:547 [HTTP] 
2022-10-21 08:22:36:588 [HTTP] --> POST /wd/hub/session/0862a69f-849a-4086-a2c7-c9ddb9437112/element
2022-10-21 08:22:36:589 [HTTP] {"using":"xpath","value":"//android.widget.TextView[@text='महाभंडार']"}
2022-10-21 08:22:36:591 [W3C (0862a69f)] Calling AppiumDriver.findElement() with args: ["xpath","//android.widget.TextView[@text='महाभंडार']","0862a69f-849a-4086-a2c7-c9ddb9437112"]
2022-10-21 08:22:36:591 [BaseDriver] Valid locator strategies for this request: xpath, id, class name, accessibility id, css selector, -android uiautomator
2022-10-21 08:22:36:591 [BaseDriver] Waiting up to 50000 ms for condition
2022-10-21 08:22:36:592 [WD Proxy] Matched '/element' to command name 'findElement'
2022-10-21 08:22:36:592 [WD Proxy] Proxying [POST /element] to [POST http://127.0.0.1:8201/wd/hub/session/552b0699-7243-4f3e-83ea-9778e325ca53/element] with body: {"strategy":"xpath","selector":"//android.widget.TextView[@text='महाभंडार']","context":"","multiple":false}
2022-10-21 08:22:37:022 [WD Proxy] Got response with status 404: {"sessionId":"552b0699-7243-4f3e-83ea-9778e325ca53","value":{"error":"no such element","message":"An element could not be located on the page using the given search parameters","stacktrace":"io.appium.uiautomator2.common.exceptions.ElementNotFoundException: An element could not be located on the page using the given search parameters\n\tat io.appium.uiautomator2.handler.FindElement.findElement(FindElement.java:90)\n\tat io.appium.uiautomator2.handler.FindElement.safeHandle(FindElement.java:67)\n\tat io.appium.uiautomator2.handler.request.SafeRequestHandler.handle(SafeRequestHandler.java:59)\n\tat io.appium.uiautomator2.server.AppiumServlet.handleRequest(AppiumServlet.java:266)\n\tat io.appium.uiautomator2.server.AppiumServlet.handleHttpRequest(AppiumServlet.java:260)\n\tat io.appium.uiautomator2.http.ServerHandler.channelRead(ServerHandler.java:68)\n\tat io.netty.channel.AbstractChannelHandlerContext.invokeChannelRead(AbstractChannelHandlerContext.java:366)\n\tat io.netty.channel.AbstractChannelHandlerCont...
2022-10-21 08:22:37:022 [W3C] Matched W3C error code 'no such element' to NoSuchElementError
2022-10-21 08:22:37:023 [BaseDriver] Waited for 432 ms so far
2022-10-21 08:22:37:530 [WD Proxy] Matched '/element' to command name 'findElement'
2022-10-21 08:22:37:531 [WD Proxy] Proxying [POST /element] to [POST http://127.0.0.1:8201/wd/hub/session/552b0699-7243-4f3e-83ea-9778e325ca53/element] with body: {"strategy":"xpath","selector":"//android.widget.TextView[@text='महाभंडार']","context":"","multiple":false}
2022-10-21 08:22:38:954 [WD Proxy] Got response with status 404: {"sessionId":"552b0699-7243-4f3e-83ea-9778e325ca53","value":{"error":"no such element","message":"An element could not be located on the page using the given search parameters","stacktrace":"io.appium.uiautomator2.common.exceptions.ElementNotFoundException: An element could not be located on the page using the given search parameters\n\tat io.appium.uiautomator2.handler.FindElement.findElement(FindElement.java:90)\n\tat io.appium.uiautomator2.handler.FindElement.safeHandle(FindElement.java:67)\n\tat io.appium.uiautomator2.handler.request.SafeRequestHandler.handle(SafeRequestHandler.java:59)\n\tat io.appium.uiautomator2.server.AppiumServlet.handleRequest(AppiumServlet.java:266)\n\tat io.appium.uiautomator2.server.AppiumServlet.handleHttpRequest(AppiumServlet.java:260)\n\tat io.appium.uiautomator2.http.ServerHandler.channelRead(ServerHandler.java:68)\n\tat io.netty.channel.AbstractChannelHandlerContext.invokeChannelRead(AbstractChannelHandlerContext.java:366)\n\tat io.netty.channel.AbstractChannelHandlerCont...
2022-10-21 08:22:38:954 [W3C] Matched W3C error code 'no such element' to NoSuchElementError
2022-10-21 08:22:38:954 [BaseDriver] Waited for 2363 ms so far
2022-10-21 08:22:39:460 [WD Proxy] Matched '/element' to command name 'findElement'
2022-10-21 08:22:39:460 [WD Proxy] Proxying [POST /element] to [POST http://127.0.0.1:8201/wd/hub/session/552b0699-7243-4f3e-83ea-9778e325ca53/element] with body: {"strategy":"xpath","selector":"//android.widget.TextView[@text='महाभंडार']","context":"","multiple":false}
2022-10-21 08:22:43:458 [WD Proxy] Got response with status 200: {"sessionId":"552b0699-7243-4f3e-83ea-9778e325ca53","value":{"ELEMENT":"00000000-0000-0454-ffff-ffff00000031","element-6066-11e4-a52e-4f735466cecf":"00000000-0000-0454-ffff-ffff00000031"}}
2022-10-21 08:22:43:459 [W3C (0862a69f)] Responding to client with driver.findElement() result: {"element-6066-11e4-a52e-4f735466cecf":"00000000-0000-0454-ffff-ffff00000031","ELEMENT":"00000000-0000-0454-ffff-ffff00000031"}
2022-10-21 08:22:43:459 [HTTP] <-- POST /wd/hub/session/0862a69f-849a-4086-a2c7-c9ddb9437112/element 200 6871 ms - 137
2022-10-21 08:22:43:459 [HTTP] 
2022-10-21 08:22:43:468 [HTTP] --> GET /wd/hub/session/0862a69f-849a-4086-a2c7-c9ddb9437112/element/00000000-0000-0454-ffff-ffff00000031/displayed
2022-10-21 08:22:43:468 [HTTP] {}
2022-10-21 08:22:43:470 [W3C (0862a69f)] Calling AppiumDriver.elementDisplayed() with args: ["00000000-0000-0454-ffff-ffff00000031","0862a69f-849a-4086-a2c7-c9ddb9437112"]
2022-10-21 08:22:43:471 [WD Proxy] Matched '/element/00000000-0000-0454-ffff-ffff00000031/attribute/displayed' to command name 'getAttribute'
2022-10-21 08:22:43:471 [WD Proxy] Proxying [GET /element/00000000-0000-0454-ffff-ffff00000031/attribute/displayed] to [GET http://127.0.0.1:8201/wd/hub/session/552b0699-7243-4f3e-83ea-9778e325ca53/element/00000000-0000-0454-ffff-ffff00000031/attribute/displayed] with no body
2022-10-21 08:22:43:581 [WD Proxy] Got response with status 200: {"sessionId":"552b0699-7243-4f3e-83ea-9778e325ca53","value":"true"}
2022-10-21 08:22:43:581 [W3C (0862a69f)] Responding to client with driver.elementDisplayed() result: true
2022-10-21 08:22:43:583 [HTTP] <-- GET /wd/hub/session/0862a69f-849a-4086-a2c7-c9ddb9437112/element/00000000-0000-0454-ffff-ffff00000031/displayed 200 114 ms - 14
2022-10-21 08:22:43:583 [HTTP] 
2022-10-21 08:22:43:588 [HTTP] --> POST /wd/hub/session/0862a69f-849a-4086-a2c7-c9ddb9437112/element
2022-10-21 08:22:43:588 [HTTP] {"using":"xpath","value":"//android.widget.TextView[@text='महाभंडार']"}
2022-10-21 08:22:43:588 [W3C (0862a69f)] Calling AppiumDriver.findElement() with args: ["xpath","//android.widget.TextView[@text='महाभंडार']","0862a69f-849a-4086-a2c7-c9ddb9437112"]
2022-10-21 08:22:43:589 [BaseDriver] Valid locator strategies for this request: xpath, id, class name, accessibility id, css selector, -android uiautomator
2022-10-21 08:22:43:589 [BaseDriver] Waiting up to 50000 ms for condition
2022-10-21 08:22:43:589 [WD Proxy] Matched '/element' to command name 'findElement'
2022-10-21 08:22:43:590 [WD Proxy] Proxying [POST /element] to [POST http://127.0.0.1:8201/wd/hub/session/552b0699-7243-4f3e-83ea-9778e325ca53/element] with body: {"strategy":"xpath","selector":"//android.widget.TextView[@text='महाभंडार']","context":"","multiple":false}
2022-10-21 08:22:45:506 [WD Proxy] Got response with status 200: {"sessionId":"552b0699-7243-4f3e-83ea-9778e325ca53","value":{"ELEMENT":"00000000-0000-0454-ffff-ffff00000031","element-6066-11e4-a52e-4f735466cecf":"00000000-0000-0454-ffff-ffff00000031"}}
2022-10-21 08:22:45:507 [W3C (0862a69f)] Responding to client with driver.findElement() result: {"element-6066-11e4-a52e-4f735466cecf":"00000000-0000-0454-ffff-ffff00000031","ELEMENT":"00000000-0000-0454-ffff-ffff00000031"}
2022-10-21 08:22:45:507 [HTTP] <-- POST /wd/hub/session/0862a69f-849a-4086-a2c7-c9ddb9437112/element 200 1919 ms - 137
2022-10-21 08:22:45:507 [HTTP] 
2022-10-21 08:22:45:512 [HTTP] --> POST /wd/hub/session/0862a69f-849a-4086-a2c7-c9ddb9437112/element/00000000-0000-0454-ffff-ffff00000031/click
2022-10-21 08:22:45:513 [HTTP] {"id":"00000000-0000-0454-ffff-ffff00000031"}
2022-10-21 08:22:45:513 [W3C (0862a69f)] Calling AppiumDriver.click() with args: ["00000000-0000-0454-ffff-ffff00000031","0862a69f-849a-4086-a2c7-c9ddb9437112"]
2022-10-21 08:22:45:514 [WD Proxy] Matched '/element/00000000-0000-0454-ffff-ffff00000031/click' to command name 'click'
2022-10-21 08:22:45:514 [WD Proxy] Proxying [POST /element/00000000-0000-0454-ffff-ffff00000031/click] to [POST http://127.0.0.1:8201/wd/hub/session/552b0699-7243-4f3e-83ea-9778e325ca53/element/00000000-0000-0454-ffff-ffff00000031/click] with body: {"element":"00000000-0000-0454-ffff-ffff00000031"}
2022-10-21 08:22:45:691 [WD Proxy] Got response with status 200: {"sessionId":"552b0699-7243-4f3e-83ea-9778e325ca53","value":null}
2022-10-21 08:22:45:692 [W3C (0862a69f)] Responding to client with driver.click() result: null
2022-10-21 08:22:45:693 [HTTP] <-- POST /wd/hub/session/0862a69f-849a-4086-a2c7-c9ddb9437112/element/00000000-0000-0454-ffff-ffff00000031/click 200 180 ms - 14
2022-10-21 08:22:45:693 [HTTP] 
2022-10-21 08:22:45:698 [HTTP] --> POST /wd/hub/session/0862a69f-849a-4086-a2c7-c9ddb9437112/element
2022-10-21 08:22:45:698 [HTTP] {"using":"id","value":"com.mandir:id/menu_title"}
2022-10-21 08:22:45:700 [W3C (0862a69f)] Calling AppiumDriver.findElement() with args: ["id","com.mandir:id/menu_title","0862a69f-849a-4086-a2c7-c9ddb9437112"]
2022-10-21 08:22:45:700 [BaseDriver] Valid locator strategies for this request: xpath, id, class name, accessibility id, css selector, -android uiautomator
2022-10-21 08:22:45:700 [BaseDriver] Waiting up to 50000 ms for condition
2022-10-21 08:22:45:700 [WD Proxy] Matched '/element' to command name 'findElement'
2022-10-21 08:22:45:701 [WD Proxy] Proxying [POST /element] to [POST http://127.0.0.1:8201/wd/hub/session/552b0699-7243-4f3e-83ea-9778e325ca53/element] with body: {"strategy":"id","selector":"com.mandir:id/menu_title","context":"","multiple":false}
2022-10-21 08:22:47:286 [WD Proxy] Got response with status 200: {"sessionId":"552b0699-7243-4f3e-83ea-9778e325ca53","value":{"ELEMENT":"00000000-0000-0454-ffff-ffff00000095","element-6066-11e4-a52e-4f735466cecf":"00000000-0000-0454-ffff-ffff00000095"}}
2022-10-21 08:22:47:287 [W3C (0862a69f)] Responding to client with driver.findElement() result: {"element-6066-11e4-a52e-4f735466cecf":"00000000-0000-0454-ffff-ffff00000095","ELEMENT":"00000000-0000-0454-ffff-ffff00000095"}
2022-10-21 08:22:47:287 [HTTP] <-- POST /wd/hub/session/0862a69f-849a-4086-a2c7-c9ddb9437112/element 200 1589 ms - 137
2022-10-21 08:22:47:287 [HTTP] 
2022-10-21 08:22:47:292 [HTTP] --> POST /wd/hub/session/0862a69f-849a-4086-a2c7-c9ddb9437112/element
2022-10-21 08:22:47:292 [HTTP] {"using":"id","value":"com.mandir:id/menu_title"}
2022-10-21 08:22:47:293 [W3C (0862a69f)] Calling AppiumDriver.findElement() with args: ["id","com.mandir:id/menu_title","0862a69f-849a-4086-a2c7-c9ddb9437112"]
2022-10-21 08:22:47:293 [BaseDriver] Valid locator strategies for this request: xpath, id, class name, accessibility id, css selector, -android uiautomator
2022-10-21 08:22:47:293 [BaseDriver] Waiting up to 50000 ms for condition
2022-10-21 08:22:47:293 [WD Proxy] Matched '/element' to command name 'findElement'
2022-10-21 08:22:47:293 [WD Proxy] Proxying [POST /element] to [POST http://127.0.0.1:8201/wd/hub/session/552b0699-7243-4f3e-83ea-9778e325ca53/element] with body: {"strategy":"id","selector":"com.mandir:id/menu_title","context":"","multiple":false}
2022-10-21 08:22:47:869 [WD Proxy] Got response with status 200: {"sessionId":"552b0699-7243-4f3e-83ea-9778e325ca53","value":{"ELEMENT":"00000000-0000-0454-ffff-ffff00000095","element-6066-11e4-a52e-4f735466cecf":"00000000-0000-0454-ffff-ffff00000095"}}
2022-10-21 08:22:47:870 [W3C (0862a69f)] Responding to client with driver.findElement() result: {"element-6066-11e4-a52e-4f735466cecf":"00000000-0000-0454-ffff-ffff00000095","ELEMENT":"00000000-0000-0454-ffff-ffff00000095"}
2022-10-21 08:22:47:870 [HTTP] <-- POST /wd/hub/session/0862a69f-849a-4086-a2c7-c9ddb9437112/element 200 578 ms - 137
2022-10-21 08:22:47:870 [HTTP] 
2022-10-21 08:22:47:872 [HTTP] --> GET /wd/hub/session/0862a69f-849a-4086-a2c7-c9ddb9437112/element/00000000-0000-0454-ffff-ffff00000095/displayed
2022-10-21 08:22:47:873 [HTTP] {}
2022-10-21 08:22:47:874 [W3C (0862a69f)] Calling AppiumDriver.elementDisplayed() with args: ["00000000-0000-0454-ffff-ffff00000095","0862a69f-849a-4086-a2c7-c9ddb9437112"]
2022-10-21 08:22:47:874 [WD Proxy] Matched '/element/00000000-0000-0454-ffff-ffff00000095/attribute/displayed' to command name 'getAttribute'
2022-10-21 08:22:47:874 [WD Proxy] Proxying [GET /element/00000000-0000-0454-ffff-ffff00000095/attribute/displayed] to [GET http://127.0.0.1:8201/wd/hub/session/552b0699-7243-4f3e-83ea-9778e325ca53/element/00000000-0000-0454-ffff-ffff00000095/attribute/displayed] with no body
2022-10-21 08:22:47:887 [WD Proxy] Got response with status 200: {"sessionId":"552b0699-7243-4f3e-83ea-9778e325ca53","value":"true"}
2022-10-21 08:22:47:887 [W3C (0862a69f)] Responding to client with driver.elementDisplayed() result: true
2022-10-21 08:22:47:887 [HTTP] <-- GET /wd/hub/session/0862a69f-849a-4086-a2c7-c9ddb9437112/element/00000000-0000-0454-ffff-ffff00000095/displayed 200 15 ms - 14
2022-10-21 08:22:47:888 [HTTP] 
2022-10-21 08:22:47:892 [HTTP] --> POST /wd/hub/session/0862a69f-849a-4086-a2c7-c9ddb9437112/element
2022-10-21 08:22:47:892 [HTTP] {"using":"id","value":"com.mandir:id/menu_title"}
2022-10-21 08:22:47:892 [W3C (0862a69f)] Calling AppiumDriver.findElement() with args: ["id","com.mandir:id/menu_title","0862a69f-849a-4086-a2c7-c9ddb9437112"]
2022-10-21 08:22:47:893 [BaseDriver] Valid locator strategies for this request: xpath, id, class name, accessibility id, css selector, -android uiautomator
2022-10-21 08:22:47:893 [BaseDriver] Waiting up to 50000 ms for condition
2022-10-21 08:22:47:893 [WD Proxy] Matched '/element' to command name 'findElement'
2022-10-21 08:22:47:893 [WD Proxy] Proxying [POST /element] to [POST http://127.0.0.1:8201/wd/hub/session/552b0699-7243-4f3e-83ea-9778e325ca53/element] with body: {"strategy":"id","selector":"com.mandir:id/menu_title","context":"","multiple":false}
2022-10-21 08:22:48:165 [WD Proxy] Got response with status 200: {"sessionId":"552b0699-7243-4f3e-83ea-9778e325ca53","value":{"ELEMENT":"00000000-0000-0454-ffff-ffff00000095","element-6066-11e4-a52e-4f735466cecf":"00000000-0000-0454-ffff-ffff00000095"}}
2022-10-21 08:22:48:166 [W3C (0862a69f)] Responding to client with driver.findElement() result: {"element-6066-11e4-a52e-4f735466cecf":"00000000-0000-0454-ffff-ffff00000095","ELEMENT":"00000000-0000-0454-ffff-ffff00000095"}
2022-10-21 08:22:48:166 [HTTP] <-- POST /wd/hub/session/0862a69f-849a-4086-a2c7-c9ddb9437112/element 200 274 ms - 137
2022-10-21 08:22:48:167 [HTTP] 
2022-10-21 08:22:48:169 [HTTP] --> GET /wd/hub/session/0862a69f-849a-4086-a2c7-c9ddb9437112/element/00000000-0000-0454-ffff-ffff00000095/text
2022-10-21 08:22:48:170 [HTTP] {}
2022-10-21 08:22:48:171 [W3C (0862a69f)] Driver proxy active, passing request on via HTTP proxy
2022-10-21 08:22:48:172 [WD Proxy] Matched '/wd/hub/session/0862a69f-849a-4086-a2c7-c9ddb9437112/element/00000000-0000-0454-ffff-ffff00000095/text' to command name 'getText'
2022-10-21 08:22:48:172 [WD Proxy] Proxying [GET /wd/hub/session/0862a69f-849a-4086-a2c7-c9ddb9437112/element/00000000-0000-0454-ffff-ffff00000095/text] to [GET http://127.0.0.1:8201/wd/hub/session/552b0699-7243-4f3e-83ea-9778e325ca53/element/00000000-0000-0454-ffff-ffff00000095/text] with no body
2022-10-21 08:22:48:193 [WD Proxy] Got response with status 200: {"sessionId":"552b0699-7243-4f3e-83ea-9778e325ca53","value":"महाभंडार"}
2022-10-21 08:22:48:193 [WD Proxy] Replacing sessionId 552b0699-7243-4f3e-83ea-9778e325ca53 with 0862a69f-849a-4086-a2c7-c9ddb9437112
2022-10-21 08:22:48:194 [HTTP] <-- GET /wd/hub/session/0862a69f-849a-4086-a2c7-c9ddb9437112/element/00000000-0000-0454-ffff-ffff00000095/text 200 25 ms - 87
2022-10-21 08:22:48:194 [HTTP] 
2022-10-21 08:22:48:200 [HTTP] --> POST /wd/hub/session/0862a69f-849a-4086-a2c7-c9ddb9437112/element
2022-10-21 08:22:48:200 [HTTP] {"using":"xpath","value":"//android.widget.TextView[@text='साहित्य']"}
2022-10-21 08:22:48:200 [W3C (0862a69f)] Calling AppiumDriver.findElement() with args: ["xpath","//android.widget.TextView[@text='साहित्य']","0862a69f-849a-4086-a2c7-c9ddb9437112"]
2022-10-21 08:22:48:200 [BaseDriver] Valid locator strategies for this request: xpath, id, class name, accessibility id, css selector, -android uiautomator
2022-10-21 08:22:48:200 [BaseDriver] Waiting up to 50000 ms for condition
2022-10-21 08:22:48:200 [WD Proxy] Matched '/element' to command name 'findElement'
2022-10-21 08:22:48:201 [WD Proxy] Proxying [POST /element] to [POST http://127.0.0.1:8201/wd/hub/session/552b0699-7243-4f3e-83ea-9778e325ca53/element] with body: {"strategy":"xpath","selector":"//android.widget.TextView[@text='साहित्य']","context":"","multiple":false}
2022-10-21 08:22:48:495 [WD Proxy] Got response with status 200: {"sessionId":"552b0699-7243-4f3e-83ea-9778e325ca53","value":{"ELEMENT":"00000000-0000-0454-ffff-ffff0000018b","element-6066-11e4-a52e-4f735466cecf":"00000000-0000-0454-ffff-ffff0000018b"}}
2022-10-21 08:22:48:495 [W3C (0862a69f)] Responding to client with driver.findElement() result: {"element-6066-11e4-a52e-4f735466cecf":"00000000-0000-0454-ffff-ffff0000018b","ELEMENT":"00000000-0000-0454-ffff-ffff0000018b"}
2022-10-21 08:22:48:495 [HTTP] <-- POST /wd/hub/session/0862a69f-849a-4086-a2c7-c9ddb9437112/element 200 296 ms - 137
2022-10-21 08:22:48:496 [HTTP] 
2022-10-21 08:22:48:498 [HTTP] --> GET /wd/hub/session/0862a69f-849a-4086-a2c7-c9ddb9437112/element/00000000-0000-0454-ffff-ffff0000018b/displayed
2022-10-21 08:22:48:498 [HTTP] {}
2022-10-21 08:22:48:498 [W3C (0862a69f)] Calling AppiumDriver.elementDisplayed() with args: ["00000000-0000-0454-ffff-ffff0000018b","0862a69f-849a-4086-a2c7-c9ddb9437112"]
2022-10-21 08:22:48:499 [WD Proxy] Matched '/element/00000000-0000-0454-ffff-ffff0000018b/attribute/displayed' to command name 'getAttribute'
2022-10-21 08:22:48:499 [WD Proxy] Proxying [GET /element/00000000-0000-0454-ffff-ffff0000018b/attribute/displayed] to [GET http://127.0.0.1:8201/wd/hub/session/552b0699-7243-4f3e-83ea-9778e325ca53/element/00000000-0000-0454-ffff-ffff0000018b/attribute/displayed] with no body
2022-10-21 08:22:48:511 [WD Proxy] Got response with status 200: {"sessionId":"552b0699-7243-4f3e-83ea-9778e325ca53","value":"true"}
2022-10-21 08:22:48:511 [W3C (0862a69f)] Responding to client with driver.elementDisplayed() result: true
2022-10-21 08:22:48:512 [HTTP] <-- GET /wd/hub/session/0862a69f-849a-4086-a2c7-c9ddb9437112/element/00000000-0000-0454-ffff-ffff0000018b/displayed 200 14 ms - 14
2022-10-21 08:22:48:512 [HTTP] 
2022-10-21 08:22:48:516 [HTTP] --> POST /wd/hub/session/0862a69f-849a-4086-a2c7-c9ddb9437112/element
2022-10-21 08:22:48:516 [HTTP] {"using":"xpath","value":"//android.widget.TextView[@text='साहित्य']"}
2022-10-21 08:22:48:517 [W3C (0862a69f)] Calling AppiumDriver.findElement() with args: ["xpath","//android.widget.TextView[@text='साहित्य']","0862a69f-849a-4086-a2c7-c9ddb9437112"]
2022-10-21 08:22:48:517 [BaseDriver] Valid locator strategies for this request: xpath, id, class name, accessibility id, css selector, -android uiautomator
2022-10-21 08:22:48:517 [BaseDriver] Waiting up to 50000 ms for condition
2022-10-21 08:22:48:517 [WD Proxy] Matched '/element' to command name 'findElement'
2022-10-21 08:22:48:518 [WD Proxy] Proxying [POST /element] to [POST http://127.0.0.1:8201/wd/hub/session/552b0699-7243-4f3e-83ea-9778e325ca53/element] with body: {"strategy":"xpath","selector":"//android.widget.TextView[@text='साहित्य']","context":"","multiple":false}
2022-10-21 08:22:48:816 [WD Proxy] Got response with status 200: {"sessionId":"552b0699-7243-4f3e-83ea-9778e325ca53","value":{"ELEMENT":"00000000-0000-0454-ffff-ffff0000018b","element-6066-11e4-a52e-4f735466cecf":"00000000-0000-0454-ffff-ffff0000018b"}}
2022-10-21 08:22:48:816 [W3C (0862a69f)] Responding to client with driver.findElement() result: {"element-6066-11e4-a52e-4f735466cecf":"00000000-0000-0454-ffff-ffff0000018b","ELEMENT":"00000000-0000-0454-ffff-ffff0000018b"}
2022-10-21 08:22:48:817 [HTTP] <-- POST /wd/hub/session/0862a69f-849a-4086-a2c7-c9ddb9437112/element 200 300 ms - 137
2022-10-21 08:22:48:817 [HTTP] 
2022-10-21 08:22:48:820 [HTTP] --> GET /wd/hub/session/0862a69f-849a-4086-a2c7-c9ddb9437112/element/00000000-0000-0454-ffff-ffff0000018b/text
2022-10-21 08:22:48:820 [HTTP] {}
2022-10-21 08:22:48:820 [W3C (0862a69f)] Driver proxy active, passing request on via HTTP proxy
2022-10-21 08:22:48:821 [WD Proxy] Matched '/wd/hub/session/0862a69f-849a-4086-a2c7-c9ddb9437112/element/00000000-0000-0454-ffff-ffff0000018b/text' to command name 'getText'
2022-10-21 08:22:48:821 [WD Proxy] Proxying [GET /wd/hub/session/0862a69f-849a-4086-a2c7-c9ddb9437112/element/00000000-0000-0454-ffff-ffff0000018b/text] to [GET http://127.0.0.1:8201/wd/hub/session/552b0699-7243-4f3e-83ea-9778e325ca53/element/00000000-0000-0454-ffff-ffff0000018b/text] with no body
2022-10-21 08:22:48:829 [WD Proxy] Got response with status 200: {"sessionId":"552b0699-7243-4f3e-83ea-9778e325ca53","value":"साहित्य"}
2022-10-21 08:22:48:829 [WD Proxy] Replacing sessionId 552b0699-7243-4f3e-83ea-9778e325ca53 with 0862a69f-849a-4086-a2c7-c9ddb9437112
2022-10-21 08:22:48:830 [HTTP] <-- GET /wd/hub/session/0862a69f-849a-4086-a2c7-c9ddb9437112/element/00000000-0000-0454-ffff-ffff0000018b/text 200 10 ms - 84
2022-10-21 08:22:48:830 [HTTP] 
2022-10-21 08:22:48:837 [HTTP] --> POST /wd/hub/session/0862a69f-849a-4086-a2c7-c9ddb9437112/touch/perform
2022-10-21 08:22:48:838 [HTTP] {"actions":[{"action":"longPress","options":{"x":860,"y":1560}},{"action":"moveTo","options":{"x":918,"y":365}},{"action":"release","options":{}}]}
2022-10-21 08:22:48:840 [W3C (0862a69f)] Calling AppiumDriver.performTouch() with args: [[{"action":"longPress","options":{"x":860,"y":1560}},{"action":"moveTo","options":{"x":918,"y":365}},{"action":"release","options":{}}],"0862a69f-849a-4086-a2c7-c9ddb9437112"]
2022-10-21 08:22:48:841 [WD Proxy] Proxying [POST /touch/drag] to [POST http://127.0.0.1:8201/wd/hub/session/552b0699-7243-4f3e-83ea-9778e325ca53/touch/drag] with body: {"startX":860,"startY":1560,"endX":918,"endY":365,"steps":80}
2022-10-21 08:22:51:688 [WD Proxy] Got response with status 200: {"sessionId":"552b0699-7243-4f3e-83ea-9778e325ca53","value":null}
2022-10-21 08:22:51:688 [W3C (0862a69f)] Responding to client with driver.performTouch() result: null
2022-10-21 08:22:51:689 [HTTP] <-- POST /wd/hub/session/0862a69f-849a-4086-a2c7-c9ddb9437112/touch/perform 200 2851 ms - 14
2022-10-21 08:22:51:689 [HTTP] 
2022-10-21 08:22:51:693 [HTTP] --> POST /wd/hub/session/0862a69f-849a-4086-a2c7-c9ddb9437112/element
2022-10-21 08:22:51:693 [HTTP] {"using":"xpath","value":"//android.widget.TextView[@text='QA Test tag']/following-sibling::android.widget.ImageView"}
2022-10-21 08:22:51:694 [W3C (0862a69f)] Calling AppiumDriver.findElement() with args: ["xpath","//android.widget.TextView[@text='QA Test tag']/following-sibling::android.widget.ImageView","0862a69f-849a-4086-a2c7-c9ddb9437112"]
2022-10-21 08:22:51:694 [BaseDriver] Valid locator strategies for this request: xpath, id, class name, accessibility id, css selector, -android uiautomator
2022-10-21 08:22:51:694 [BaseDriver] Waiting up to 50000 ms for condition
2022-10-21 08:22:51:694 [WD Proxy] Matched '/element' to command name 'findElement'
2022-10-21 08:22:51:694 [WD Proxy] Proxying [POST /element] to [POST http://127.0.0.1:8201/wd/hub/session/552b0699-7243-4f3e-83ea-9778e325ca53/element] with body: {"strategy":"xpath","selector":"//android.widget.TextView[@text='QA Test tag']/following-sibling::android.widget.ImageView","context":"","multiple":false}
2022-10-21 08:22:52:660 [WD Proxy] Got response with status 200: {"sessionId":"552b0699-7243-4f3e-83ea-9778e325ca53","value":{"ELEMENT":"00000000-0000-0454-ffff-ffff00000483","element-6066-11e4-a52e-4f735466cecf":"00000000-0000-0454-ffff-ffff00000483"}}
2022-10-21 08:22:52:660 [W3C (0862a69f)] Responding to client with driver.findElement() result: {"element-6066-11e4-a52e-4f735466cecf":"00000000-0000-0454-ffff-ffff00000483","ELEMENT":"00000000-0000-0454-ffff-ffff00000483"}
2022-10-21 08:22:52:661 [HTTP] <-- POST /wd/hub/session/0862a69f-849a-4086-a2c7-c9ddb9437112/element 200 967 ms - 137
2022-10-21 08:22:52:661 [HTTP] 
2022-10-21 08:22:52:665 [HTTP] --> POST /wd/hub/session/0862a69f-849a-4086-a2c7-c9ddb9437112/element/00000000-0000-0454-ffff-ffff00000483/click
2022-10-21 08:22:52:665 [HTTP] {"id":"00000000-0000-0454-ffff-ffff00000483"}
2022-10-21 08:22:52:665 [W3C (0862a69f)] Calling AppiumDriver.click() with args: ["00000000-0000-0454-ffff-ffff00000483","0862a69f-849a-4086-a2c7-c9ddb9437112"]
2022-10-21 08:22:52:666 [WD Proxy] Matched '/element/00000000-0000-0454-ffff-ffff00000483/click' to command name 'click'
2022-10-21 08:22:52:667 [WD Proxy] Proxying [POST /element/00000000-0000-0454-ffff-ffff00000483/click] to [POST http://127.0.0.1:8201/wd/hub/session/552b0699-7243-4f3e-83ea-9778e325ca53/element/00000000-0000-0454-ffff-ffff00000483/click] with body: {"element":"00000000-0000-0454-ffff-ffff00000483"}
2022-10-21 08:22:52:704 [WD Proxy] Got response with status 200: {"sessionId":"552b0699-7243-4f3e-83ea-9778e325ca53","value":null}
2022-10-21 08:22:52:705 [W3C (0862a69f)] Responding to client with driver.click() result: null
2022-10-21 08:22:52:705 [HTTP] <-- POST /wd/hub/session/0862a69f-849a-4086-a2c7-c9ddb9437112/element/00000000-0000-0454-ffff-ffff00000483/click 200 41 ms - 14
2022-10-21 08:22:52:706 [HTTP] 
2022-10-21 08:22:52:710 [HTTP] --> POST /wd/hub/session/0862a69f-849a-4086-a2c7-c9ddb9437112/element
2022-10-21 08:22:52:711 [HTTP] {"using":"xpath","value":"//android.widget.TextView[@text='QA Test tag']/parent::android.view.ViewGroup/androidx.recyclerview.widget.RecyclerView/android.view.ViewGroup[2]"}
2022-10-21 08:22:52:711 [W3C (0862a69f)] Calling AppiumDriver.findElement() with args: ["xpath","//android.widget.TextView[@text='QA Test tag']/parent::android.view.ViewGroup/androidx.recyclerview.widget.RecyclerView/android.view.ViewGroup[2]","0862a69f-849a-4086-a2c7-c9ddb9437112"]
2022-10-21 08:22:52:712 [BaseDriver] Valid locator strategies for this request: xpath, id, class name, accessibility id, css selector, -android uiautomator
2022-10-21 08:22:52:712 [BaseDriver] Waiting up to 50000 ms for condition
2022-10-21 08:22:52:712 [WD Proxy] Matched '/element' to command name 'findElement'
2022-10-21 08:22:52:712 [WD Proxy] Proxying [POST /element] to [POST http://127.0.0.1:8201/wd/hub/session/552b0699-7243-4f3e-83ea-9778e325ca53/element] with body: {"strategy":"xpath","selector":"//android.widget.TextView[@text='QA Test tag']/parent::android.view.ViewGroup/androidx.recyclerview.widget.RecyclerView/android.view.ViewGroup[2]","context":"","multiple":false}
2022-10-21 08:22:53:596 [WD Proxy] Got response with status 200: {"sessionId":"552b0699-7243-4f3e-83ea-9778e325ca53","value":{"ELEMENT":"00000000-0000-0454-ffff-ffff000004ac","element-6066-11e4-a52e-4f735466cecf":"00000000-0000-0454-ffff-ffff000004ac"}}
2022-10-21 08:22:53:596 [W3C (0862a69f)] Responding to client with driver.findElement() result: {"element-6066-11e4-a52e-4f735466cecf":"00000000-0000-0454-ffff-ffff000004ac","ELEMENT":"00000000-0000-0454-ffff-ffff000004ac"}
2022-10-21 08:22:53:597 [HTTP] <-- POST /wd/hub/session/0862a69f-849a-4086-a2c7-c9ddb9437112/element 200 886 ms - 137
2022-10-21 08:22:53:597 [HTTP] 
2022-10-21 08:22:53:599 [HTTP] --> GET /wd/hub/session/0862a69f-849a-4086-a2c7-c9ddb9437112/element/00000000-0000-0454-ffff-ffff000004ac/displayed
2022-10-21 08:22:53:599 [HTTP] {}
2022-10-21 08:22:53:599 [W3C (0862a69f)] Calling AppiumDriver.elementDisplayed() with args: ["00000000-0000-0454-ffff-ffff000004ac","0862a69f-849a-4086-a2c7-c9ddb9437112"]
2022-10-21 08:22:53:600 [WD Proxy] Matched '/element/00000000-0000-0454-ffff-ffff000004ac/attribute/displayed' to command name 'getAttribute'
2022-10-21 08:22:53:600 [WD Proxy] Proxying [GET /element/00000000-0000-0454-ffff-ffff000004ac/attribute/displayed] to [GET http://127.0.0.1:8201/wd/hub/session/552b0699-7243-4f3e-83ea-9778e325ca53/element/00000000-0000-0454-ffff-ffff000004ac/attribute/displayed] with no body
2022-10-21 08:22:53:777 [WD Proxy] Got response with status 200: {"sessionId":"552b0699-7243-4f3e-83ea-9778e325ca53","value":"true"}
2022-10-21 08:22:53:777 [W3C (0862a69f)] Responding to client with driver.elementDisplayed() result: true
2022-10-21 08:22:53:778 [HTTP] <-- GET /wd/hub/session/0862a69f-849a-4086-a2c7-c9ddb9437112/element/00000000-0000-0454-ffff-ffff000004ac/displayed 200 179 ms - 14
2022-10-21 08:22:53:778 [HTTP] 
2022-10-21 08:22:53:782 [HTTP] --> POST /wd/hub/session/0862a69f-849a-4086-a2c7-c9ddb9437112/element
2022-10-21 08:22:53:782 [HTTP] {"using":"xpath","value":"//android.widget.TextView[@text='QA Test tag']/parent::android.view.ViewGroup/androidx.recyclerview.widget.RecyclerView/android.view.ViewGroup[2]"}
2022-10-21 08:22:53:782 [W3C (0862a69f)] Calling AppiumDriver.findElement() with args: ["xpath","//android.widget.TextView[@text='QA Test tag']/parent::android.view.ViewGroup/androidx.recyclerview.widget.RecyclerView/android.view.ViewGroup[2]","0862a69f-849a-4086-a2c7-c9ddb9437112"]
2022-10-21 08:22:53:783 [BaseDriver] Valid locator strategies for this request: xpath, id, class name, accessibility id, css selector, -android uiautomator
2022-10-21 08:22:53:783 [BaseDriver] Waiting up to 50000 ms for condition
2022-10-21 08:22:53:783 [WD Proxy] Matched '/element' to command name 'findElement'
2022-10-21 08:22:53:783 [WD Proxy] Proxying [POST /element] to [POST http://127.0.0.1:8201/wd/hub/session/552b0699-7243-4f3e-83ea-9778e325ca53/element] with body: {"strategy":"xpath","selector":"//android.widget.TextView[@text='QA Test tag']/parent::android.view.ViewGroup/androidx.recyclerview.widget.RecyclerView/android.view.ViewGroup[2]","context":"","multiple":false}
2022-10-21 08:22:54:150 [WD Proxy] Got response with status 200: {"sessionId":"552b0699-7243-4f3e-83ea-9778e325ca53","value":{"ELEMENT":"00000000-0000-0454-ffff-ffff000004ac","element-6066-11e4-a52e-4f735466cecf":"00000000-0000-0454-ffff-ffff000004ac"}}
2022-10-21 08:22:54:151 [W3C (0862a69f)] Responding to client with driver.findElement() result: {"element-6066-11e4-a52e-4f735466cecf":"00000000-0000-0454-ffff-ffff000004ac","ELEMENT":"00000000-0000-0454-ffff-ffff000004ac"}
2022-10-21 08:22:54:152 [HTTP] <-- POST /wd/hub/session/0862a69f-849a-4086-a2c7-c9ddb9437112/element 200 369 ms - 137
2022-10-21 08:22:54:152 [HTTP] 
2022-10-21 08:22:54:156 [HTTP] --> POST /wd/hub/session/0862a69f-849a-4086-a2c7-c9ddb9437112/element/00000000-0000-0454-ffff-ffff000004ac/click
2022-10-21 08:22:54:156 [HTTP] {"id":"00000000-0000-0454-ffff-ffff000004ac"}
2022-10-21 08:22:54:156 [W3C (0862a69f)] Calling AppiumDriver.click() with args: ["00000000-0000-0454-ffff-ffff000004ac","0862a69f-849a-4086-a2c7-c9ddb9437112"]
2022-10-21 08:22:54:157 [WD Proxy] Matched '/element/00000000-0000-0454-ffff-ffff000004ac/click' to command name 'click'
2022-10-21 08:22:54:157 [WD Proxy] Proxying [POST /element/00000000-0000-0454-ffff-ffff000004ac/click] to [POST http://127.0.0.1:8201/wd/hub/session/552b0699-7243-4f3e-83ea-9778e325ca53/element/00000000-0000-0454-ffff-ffff000004ac/click] with body: {"element":"00000000-0000-0454-ffff-ffff000004ac"}
2022-10-21 08:22:54:189 [WD Proxy] Got response with status 200: {"sessionId":"552b0699-7243-4f3e-83ea-9778e325ca53","value":null}
2022-10-21 08:22:54:189 [W3C (0862a69f)] Responding to client with driver.click() result: null
2022-10-21 08:22:54:189 [HTTP] <-- POST /wd/hub/session/0862a69f-849a-4086-a2c7-c9ddb9437112/element/00000000-0000-0454-ffff-ffff000004ac/click 200 34 ms - 14
2022-10-21 08:22:54:190 [HTTP] 
2022-10-21 08:22:54:194 [HTTP] --> POST /wd/hub/session/0862a69f-849a-4086-a2c7-c9ddb9437112/touch/perform
2022-10-21 08:22:54:194 [HTTP] {"actions":[{"action":"longPress","options":{"x":970,"y":1560}},{"action":"moveTo","options":{"x":970,"y":365}},{"action":"release","options":{}}]}
2022-10-21 08:22:54:196 [W3C (0862a69f)] Calling AppiumDriver.performTouch() with args: [[{"action":"longPress","options":{"x":970,"y":1560}},{"action":"moveTo","options":{"x":970,"y":365}},{"action":"release","options":{}}],"0862a69f-849a-4086-a2c7-c9ddb9437112"]
2022-10-21 08:22:54:198 [WD Proxy] Proxying [POST /touch/drag] to [POST http://127.0.0.1:8201/wd/hub/session/552b0699-7243-4f3e-83ea-9778e325ca53/touch/drag] with body: {"startX":970,"startY":1560,"endX":970,"endY":365,"steps":80}
2022-10-21 08:22:56:890 [WD Proxy] Got response with status 200: {"sessionId":"552b0699-7243-4f3e-83ea-9778e325ca53","value":null}
2022-10-21 08:22:56:890 [W3C (0862a69f)] Responding to client with driver.performTouch() result: null
2022-10-21 08:22:56:891 [HTTP] <-- POST /wd/hub/session/0862a69f-849a-4086-a2c7-c9ddb9437112/touch/perform 200 2696 ms - 14
2022-10-21 08:22:56:891 [HTTP] 
2022-10-21 08:22:56:895 [HTTP] --> POST /wd/hub/session/0862a69f-849a-4086-a2c7-c9ddb9437112/touch/perform
2022-10-21 08:22:56:895 [HTTP] {"actions":[{"action":"longPress","options":{"x":860,"y":1560}},{"action":"moveTo","options":{"x":918,"y":365}},{"action":"release","options":{}}]}
2022-10-21 08:22:56:895 [W3C (0862a69f)] Calling AppiumDriver.performTouch() with args: [[{"action":"longPress","options":{"x":860,"y":1560}},{"action":"moveTo","options":{"x":918,"y":365}},{"action":"release","options":{}}],"0862a69f-849a-4086-a2c7-c9ddb9437112"]
2022-10-21 08:22:56:897 [WD Proxy] Proxying [POST /touch/drag] to [POST http://127.0.0.1:8201/wd/hub/session/552b0699-7243-4f3e-83ea-9778e325ca53/touch/drag] with body: {"startX":860,"startY":1560,"endX":918,"endY":365,"steps":80}
2022-10-21 08:22:59:620 [WD Proxy] Got response with status 200: {"sessionId":"552b0699-7243-4f3e-83ea-9778e325ca53","value":null}
2022-10-21 08:22:59:620 [W3C (0862a69f)] Responding to client with driver.performTouch() result: null
2022-10-21 08:22:59:621 [HTTP] <-- POST /wd/hub/session/0862a69f-849a-4086-a2c7-c9ddb9437112/touch/perform 200 2726 ms - 14
2022-10-21 08:22:59:621 [HTTP] 
2022-10-21 08:22:59:625 [HTTP] --> POST /wd/hub/session/0862a69f-849a-4086-a2c7-c9ddb9437112/element
2022-10-21 08:22:59:625 [HTTP] {"using":"id","value":"com.mandir:id/profile_main_mandir"}
2022-10-21 08:22:59:625 [W3C (0862a69f)] Calling AppiumDriver.findElement() with args: ["id","com.mandir:id/profile_main_mandir","0862a69f-849a-4086-a2c7-c9ddb9437112"]
2022-10-21 08:22:59:625 [BaseDriver] Valid locator strategies for this request: xpath, id, class name, accessibility id, css selector, -android uiautomator
2022-10-21 08:22:59:625 [BaseDriver] Waiting up to 50000 ms for condition
2022-10-21 08:22:59:626 [WD Proxy] Matched '/element' to command name 'findElement'
2022-10-21 08:22:59:626 [WD Proxy] Proxying [POST /element] to [POST http://127.0.0.1:8201/wd/hub/session/552b0699-7243-4f3e-83ea-9778e325ca53/element] with body: {"strategy":"id","selector":"com.mandir:id/profile_main_mandir","context":"","multiple":false}
2022-10-21 08:23:00:559 [WD Proxy] Got response with status 200: {"sessionId":"552b0699-7243-4f3e-83ea-9778e325ca53","value":{"ELEMENT":"00000000-0000-0454-ffff-ffff00000064","element-6066-11e4-a52e-4f735466cecf":"00000000-0000-0454-ffff-ffff00000064"}}
2022-10-21 08:23:00:560 [W3C (0862a69f)] Responding to client with driver.findElement() result: {"element-6066-11e4-a52e-4f735466cecf":"00000000-0000-0454-ffff-ffff00000064","ELEMENT":"00000000-0000-0454-ffff-ffff00000064"}
2022-10-21 08:23:00:560 [HTTP] <-- POST /wd/hub/session/0862a69f-849a-4086-a2c7-c9ddb9437112/element 200 935 ms - 137
2022-10-21 08:23:00:561 [HTTP] 
2022-10-21 08:23:00:565 [HTTP] --> POST /wd/hub/session/0862a69f-849a-4086-a2c7-c9ddb9437112/element/00000000-0000-0454-ffff-ffff00000064/click
2022-10-21 08:23:00:565 [HTTP] {"id":"00000000-0000-0454-ffff-ffff00000064"}
2022-10-21 08:23:00:565 [W3C (0862a69f)] Calling AppiumDriver.click() with args: ["00000000-0000-0454-ffff-ffff00000064","0862a69f-849a-4086-a2c7-c9ddb9437112"]
2022-10-21 08:23:00:566 [WD Proxy] Matched '/element/00000000-0000-0454-ffff-ffff00000064/click' to command name 'click'
2022-10-21 08:23:00:566 [WD Proxy] Proxying [POST /element/00000000-0000-0454-ffff-ffff00000064/click] to [POST http://127.0.0.1:8201/wd/hub/session/552b0699-7243-4f3e-83ea-9778e325ca53/element/00000000-0000-0454-ffff-ffff00000064/click] with body: {"element":"00000000-0000-0454-ffff-ffff00000064"}
2022-10-21 08:23:00:607 [WD Proxy] Got response with status 200: {"sessionId":"552b0699-7243-4f3e-83ea-9778e325ca53","value":null}
2022-10-21 08:23:00:607 [W3C (0862a69f)] Responding to client with driver.click() result: null
2022-10-21 08:23:00:608 [HTTP] <-- POST /wd/hub/session/0862a69f-849a-4086-a2c7-c9ddb9437112/element/00000000-0000-0454-ffff-ffff00000064/click 200 43 ms - 14
2022-10-21 08:23:00:608 [HTTP] 
2022-10-21 08:23:10:620 [HTTP] --> POST /wd/hub/session/0862a69f-849a-4086-a2c7-c9ddb9437112/appium/device/press_keycode
2022-10-21 08:23:10:620 [HTTP] {"keycode":4}
2022-10-21 08:23:10:620 [W3C (0862a69f)] Calling AppiumDriver.pressKeyCode() with args: [4,null,null,null,null,"0862a69f-849a-4086-a2c7-c9ddb9437112"]
2022-10-21 08:23:10:621 [WD Proxy] Matched '/appium/device/press_keycode' to command name 'pressKeyCode'
2022-10-21 08:23:10:621 [WD Proxy] Proxying [POST /appium/device/press_keycode] to [POST http://127.0.0.1:8201/wd/hub/session/552b0699-7243-4f3e-83ea-9778e325ca53/appium/device/press_keycode] with body: {"keycode":4,"metastate":null,"flags":null}
2022-10-21 08:23:10:907 [WD Proxy] Got response with status 200: {"sessionId":"552b0699-7243-4f3e-83ea-9778e325ca53","value":null}
2022-10-21 08:23:10:907 [W3C (0862a69f)] Responding to client with driver.pressKeyCode() result: null
2022-10-21 08:23:10:908 [HTTP] <-- POST /wd/hub/session/0862a69f-849a-4086-a2c7-c9ddb9437112/appium/device/press_keycode 200 288 ms - 14
2022-10-21 08:23:10:908 [HTTP] 
2022-10-21 08:23:10:911 [HTTP] --> POST /wd/hub/session/0862a69f-849a-4086-a2c7-c9ddb9437112/appium/device/press_keycode
2022-10-21 08:23:10:911 [HTTP] {"keycode":4}
2022-10-21 08:23:10:912 [W3C (0862a69f)] Calling AppiumDriver.pressKeyCode() with args: [4,null,null,null,null,"0862a69f-849a-4086-a2c7-c9ddb9437112"]
2022-10-21 08:23:10:913 [WD Proxy] Matched '/appium/device/press_keycode' to command name 'pressKeyCode'
2022-10-21 08:23:10:913 [WD Proxy] Proxying [POST /appium/device/press_keycode] to [POST http://127.0.0.1:8201/wd/hub/session/552b0699-7243-4f3e-83ea-9778e325ca53/appium/device/press_keycode] with body: {"keycode":4,"metastate":null,"flags":null}
2022-10-21 08:23:11:271 [WD Proxy] Got response with status 200: {"sessionId":"552b0699-7243-4f3e-83ea-9778e325ca53","value":null}
2022-10-21 08:23:11:272 [W3C (0862a69f)] Responding to client with driver.pressKeyCode() result: null
2022-10-21 08:23:11:272 [HTTP] <-- POST /wd/hub/session/0862a69f-849a-4086-a2c7-c9ddb9437112/appium/device/press_keycode 200 361 ms - 14
2022-10-21 08:23:11:272 [HTTP] 
2022-10-21 08:23:11:280 [HTTP] --> POST /wd/hub/session/0862a69f-849a-4086-a2c7-c9ddb9437112/appium/app/close
2022-10-21 08:23:11:280 [HTTP] {}
2022-10-21 08:23:11:282 [W3C (0862a69f)] Calling AppiumDriver.closeApp() with args: ["0862a69f-849a-4086-a2c7-c9ddb9437112"]
2022-10-21 08:23:11:283 [ADB] Running 'C:\Users\User\AppData\Local\Android\Sdk\platform-tools\adb.exe -P 5037 -s emulator-5554 shell am force-stop com.mandir'
2022-10-21 08:23:11:411 [W3C (0862a69f)] Responding to client with driver.closeApp() result: null
2022-10-21 08:23:11:412 [HTTP] <-- POST /wd/hub/session/0862a69f-849a-4086-a2c7-c9ddb9437112/appium/app/close 200 132 ms - 14
2022-10-21 08:23:11:412 [HTTP] 
