2022-10-21 04:15:57:925 [Appium] Welcome to Appium v1.22.3
2022-10-21 04:15:57:927 [Appium] Non-default server args:
2022-10-21 04:15:57:928 [Appium]   address: 127.0.0.1
2022-10-21 04:15:57:929 [Appium]   port: 4561
2022-10-21 04:15:57:929 [Appium]   logFile: C:\Users\Shilpa\Documents\New_Sri_Mandir\SRI_MANDIR(Different languages)\.\ServerLogs\appiumSriMandirVerifyHora.log
2022-10-21 04:15:57:971 [Appium] Appium REST http interface listener started on 127.0.0.1:4561
2022-10-21 04:15:58:006 [HTTP] --> GET /wd/hub/status
2022-10-21 04:15:58:006 [HTTP] {}
2022-10-21 04:15:58:008 [GENERIC] Calling AppiumDriver.getStatus() with args: []
2022-10-21 04:15:58:009 [GENERIC] Responding to client with driver.getStatus() result: {"build":{"version":"1.22.3"}}
2022-10-21 04:15:58:016 [HTTP] <-- GET /wd/hub/status 200 8 ms - 68
2022-10-21 04:15:58:016 [HTTP] 
2022-10-21 04:15:58:800 [HTTP] --> POST /wd/hub/session
2022-10-21 04:15:58:801 [HTTP] {"desiredCapabilities":{"app":"./src/main/java/resources/app-debug-3.8.0.apk","noReset":true,"automationName":"UiAutomator2","autoGrantPermissions":true,"platformName":"Android","udid":"emulator-5554","platform":"ANDROID"},"capabilities":{"firstMatch":[{"appium:app":"./src/main/java/resources/app-debug-3.8.0.apk","appium:autoGrantPermissions":true,"appium:automationName":"UiAutomator2","appium:noReset":true,"platform":"ANDROID","platformName":"android","appium:udid":"emulator-5554"}]}}
2022-10-21 04:15:58:802 [W3C] Calling AppiumDriver.createSession() with args: [{"app":"./src/main/java/resources/app-debug-3.8.0.apk","noReset":true,"automationName":"UiAutomator2","autoGrantPermissions":true,"platformName":"Android","udid":"emulator-5554","platform":"ANDROID"},null,{"firstMatch":[{"appium:app":"./src/main/java/resources/app-debug-3.8.0.apk","appium:autoGrantPermissions":true,"appium:automationName":"UiAutomator2","appium:noReset":true,"platform":"ANDROID","platformName":"android","appium:udid":"emulator-5554"}]}]
2022-10-21 04:15:58:803 [BaseDriver] Event 'newSessionRequested' logged at 1666325758802 (09:45:58 GMT+0530 (India Standard Time))
2022-10-21 04:15:58:809 [BaseDriver] The following capabilities are not standard capabilities and should have an extension prefix:
2022-10-21 04:15:58:809 [BaseDriver]   platform
2022-10-21 04:16:01:830 [Appium] Appium v1.22.3 creating new AndroidUiautomator2Driver (v1.70.1) session
2022-10-21 04:16:01:834 [BaseDriver] W3C capabilities and MJSONWP desired capabilities were provided
2022-10-21 04:16:01:835 [BaseDriver] Creating session with W3C capabilities: {
2022-10-21 04:16:01:835 [BaseDriver]   "alwaysMatch": {
2022-10-21 04:16:01:835 [BaseDriver]     "appium:platform": "ANDROID",
2022-10-21 04:16:01:835 [BaseDriver]     "platformName": "android",
2022-10-21 04:16:01:836 [BaseDriver]     "appium:app": "./src/main/java/resources/app-debug-3.8.0.apk",
2022-10-21 04:16:01:836 [BaseDriver]     "appium:autoGrantPermissions": true,
2022-10-21 04:16:01:836 [BaseDriver]     "appium:automationName": "UiAutomator2",
2022-10-21 04:16:01:836 [BaseDriver]     "appium:noReset": true,
2022-10-21 04:16:01:836 [BaseDriver]     "appium:udid": "emulator-5554"
2022-10-21 04:16:01:836 [BaseDriver]   },
2022-10-21 04:16:01:837 [BaseDriver]   "firstMatch": [
2022-10-21 04:16:01:837 [BaseDriver]     {}
2022-10-21 04:16:01:837 [BaseDriver]   ]
2022-10-21 04:16:01:837 [BaseDriver] }
2022-10-21 04:16:01:851 [BaseDriver] The following capabilities were provided, but are not recognized by Appium:
2022-10-21 04:16:01:851 [BaseDriver]   platform
2022-10-21 04:16:01:852 [BaseDriver] Session created with session id: cf89eee3-e3ba-4980-a79f-cab6b77ff2e9
2022-10-21 04:16:01:857 [BaseDriver] Using local app './src/main/java/resources/app-debug-3.8.0.apk'
2022-10-21 04:16:01:857 [BaseDriver] The current application path './src/main/java/resources/app-debug-3.8.0.apk' is not absolute and has been rewritten to 'C:\Users\Shilpa\Documents\New_Sri_Mandir\SRI_MANDIR(Different languages)\src\main\java\resources\app-debug-3.8.0.apk'. Consider using absolute paths rather than relative
2022-10-21 04:16:01:858 [UiAutomator2] Checking whether app is actually present
2022-10-21 04:16:01:894 [ADB] Found 2 'build-tools' folders under 'C:\Users\Shilpa\AppData\Local\Android\Sdk' (newest first):
2022-10-21 04:16:01:895 [ADB]     C:/Users/Shilpa/AppData/Local/Android/Sdk/build-tools/33.0.0
2022-10-21 04:16:01:895 [ADB]     C:/Users/Shilpa/AppData/Local/Android/Sdk/build-tools/30.0.3
2022-10-21 04:16:01:901 [ADB] Using 'adb.exe' from 'C:\Users\Shilpa\AppData\Local\Android\Sdk\platform-tools\adb.exe'
2022-10-21 04:16:01:903 [ADB] Running 'C:\Users\Shilpa\AppData\Local\Android\Sdk\platform-tools\adb.exe -P 5037 start-server'
2022-10-21 04:16:02:092 [AndroidDriver] Retrieving device list
2022-10-21 04:16:02:093 [ADB] Trying to find a connected android device
2022-10-21 04:16:02:094 [ADB] Getting connected devices
2022-10-21 04:16:02:117 [ADB] Connected devices: [{"udid":"emulator-5554","state":"device"}]
2022-10-21 04:16:02:118 [AndroidDriver] Using device: emulator-5554
2022-10-21 04:16:02:120 [ADB] Using 'adb.exe' from 'C:\Users\Shilpa\AppData\Local\Android\Sdk\platform-tools\adb.exe'
2022-10-21 04:16:02:120 [ADB] Running 'C:\Users\Shilpa\AppData\Local\Android\Sdk\platform-tools\adb.exe -P 5037 start-server'
2022-10-21 04:16:02:141 [ADB] Setting device id to emulator-5554
2022-10-21 04:16:02:142 [ADB] Running 'C:\Users\Shilpa\AppData\Local\Android\Sdk\platform-tools\adb.exe -P 5037 -s emulator-5554 shell getprop ro.build.version.sdk'
2022-10-21 04:16:02:209 [ADB] Current device property 'ro.build.version.sdk': 31
2022-10-21 04:16:02:210 [ADB] Getting device platform version
2022-10-21 04:16:02:210 [ADB] Running 'C:\Users\Shilpa\AppData\Local\Android\Sdk\platform-tools\adb.exe -P 5037 -s emulator-5554 shell getprop ro.build.version.release'
2022-10-21 04:16:02:272 [ADB] Current device property 'ro.build.version.release': 12
2022-10-21 04:16:02:272 [ADB] Device API level: 31
2022-10-21 04:16:02:273 [UiAutomator2] Relaxing hidden api policy
2022-10-21 04:16:02:274 [ADB] Running 'C:\Users\Shilpa\AppData\Local\Android\Sdk\platform-tools\adb.exe -P 5037 -s emulator-5554 shell 'settings put global hidden_api_policy_pre_p_apps 1;settings put global hidden_api_policy_p_apps 1;settings put global hidden_api_policy 1''
2022-10-21 04:16:02:381 [AndroidDriver] Parsing package and activity from app manifest
2022-10-21 04:16:02:451 [ADB] Package name: 'com.mandir'
2022-10-21 04:16:02:451 [ADB] Main activity name: 'com.mandir.ui.activity.SplashActivity'
2022-10-21 04:16:02:451 [AndroidDriver] Parsed package and activity are: com.mandir/com.mandir.ui.activity.SplashActivity
2022-10-21 04:16:02:452 [ADB] Running 'C:\Users\Shilpa\AppData\Local\Android\Sdk\platform-tools\adb.exe -P 5037 -s emulator-5554 wait-for-device'
2022-10-21 04:16:02:476 [ADB] Running 'C:\Users\Shilpa\AppData\Local\Android\Sdk\platform-tools\adb.exe -P 5037 -s emulator-5554 shell echo ping'
2022-10-21 04:16:02:535 [AndroidDriver] Pushing settings apk to device...
2022-10-21 04:16:02:537 [ADB] Getting install status for io.appium.settings
2022-10-21 04:16:02:537 [ADB] Running 'C:\Users\Shilpa\AppData\Local\Android\Sdk\platform-tools\adb.exe -P 5037 -s emulator-5554 shell dumpsys package io.appium.settings'
2022-10-21 04:16:03:087 [ADB] 'io.appium.settings' is installed
2022-10-21 04:16:03:087 [ADB] Getting package info for 'io.appium.settings'
2022-10-21 04:16:03:087 [ADB] Running 'C:\Users\Shilpa\AppData\Local\Android\Sdk\platform-tools\adb.exe -P 5037 -s emulator-5554 shell dumpsys package io.appium.settings'
2022-10-21 04:16:03:169 [ADB] The version name of the installed 'io.appium.settings' is greater or equal to the application version name ('3.4.0' >= '3.4.0')
2022-10-21 04:16:03:170 [ADB] There is no need to install/upgrade 'C:\Users\Shilpa\AppData\Roaming\npm\node_modules\appium\node_modules\io.appium.settings\apks\settings_apk-debug.apk'
2022-10-21 04:16:03:170 [ADB] Getting IDs of all 'io.appium.settings' processes
2022-10-21 04:16:03:170 [ADB] Running 'C:\Users\Shilpa\AppData\Local\Android\Sdk\platform-tools\adb.exe -P 5037 -s emulator-5554 shell 'pgrep --help; echo $?''
2022-10-21 04:16:03:244 [ADB] Running 'C:\Users\Shilpa\AppData\Local\Android\Sdk\platform-tools\adb.exe -P 5037 -s emulator-5554 shell pgrep -f \(\[\[:blank:\]\]\|\^\)io\.appium\.settings\(\[\[:blank:\]\]\|\$\)'
2022-10-21 04:16:03:320 [AndroidDriver] io.appium.settings is already running. There is no need to reset its permissions.
2022-10-21 04:16:03:321 [Logcat] Starting logs capture with command: C:\\Users\\Shilpa\\AppData\\Local\\Android\\Sdk\\platform-tools\\adb.exe -P 5037 -s emulator-5554 logcat -v threadtime
2022-10-21 04:16:03:378 [UiAutomator2] Forwarding UiAutomator2 Server port 6790 to local port 8202
2022-10-21 04:16:03:379 [ADB] Forwarding system: 8202 to device: 6790
2022-10-21 04:16:03:379 [ADB] Running 'C:\Users\Shilpa\AppData\Local\Android\Sdk\platform-tools\adb.exe -P 5037 -s emulator-5554 forward tcp:8202 tcp:6790'
2022-10-21 04:16:03:420 [ADB] Getting install status for io.appium.uiautomator2.server
2022-10-21 04:16:03:421 [ADB] Running 'C:\Users\Shilpa\AppData\Local\Android\Sdk\platform-tools\adb.exe -P 5037 -s emulator-5554 shell dumpsys package io.appium.uiautomator2.server'
2022-10-21 04:16:03:490 [ADB] 'io.appium.uiautomator2.server' is installed
2022-10-21 04:16:03:490 [ADB] Getting package info for 'io.appium.uiautomator2.server'
2022-10-21 04:16:03:490 [ADB] Running 'C:\Users\Shilpa\AppData\Local\Android\Sdk\platform-tools\adb.exe -P 5037 -s emulator-5554 shell dumpsys package io.appium.uiautomator2.server'
2022-10-21 04:16:03:819 [ADB] The version name of the installed 'io.appium.uiautomator2.server' is greater or equal to the application version name ('4.27.0' >= '4.27.0')
2022-10-21 04:16:03:819 [UiAutomator2] io.appium.uiautomator2.server installation state: sameVersionInstalled
2022-10-21 04:16:03:820 [ADB] Checking app cert for C:\Users\Shilpa\AppData\Roaming\npm\node_modules\appium\node_modules\appium-uiautomator2-server\apks\appium-uiautomator2-server-v4.27.0.apk
2022-10-21 04:16:03:853 [ADB] Using 'apksigner.jar' from 'C:\Users\Shilpa\AppData\Local\Android\Sdk\build-tools\33.0.0\lib\apksigner.jar'
2022-10-21 04:16:03:856 [ADB] Starting apksigner: 'C:\\Program Files\\Java\\jdk1.8.0_291\\bin\\java.exe' -Xmx1024M -Xss1m -jar C:\\Users\\Shilpa\\AppData\\Local\\Android\\Sdk\\build-tools\\33.0.0\\lib\\apksigner.jar verify --print-certs C:\\Users\\Shilpa\\AppData\\Roaming\\npm\\node_modules\\appium\\node_modules\\appium-uiautomator2-server\\apks\\appium-uiautomator2-server-v4.27.0.apk
2022-10-21 04:16:04:829 [ADB] apksigner stdout: Signer #1 certificate DN: EMAILADDRESS=android@android.com, CN=Android, OU=Android, O=Android, L=Mountain View, ST=California, C=US
2022-10-21 04:16:04:829 [ADB] Signer #1 certificate SHA-256 digest: a40da80a59d170caa950cf15c18c454d47a39b26989d8b640ecd745ba71bf5dc
2022-10-21 04:16:04:829 [ADB] Signer #1 certificate SHA-1 digest: 61ed377e85d386a8dfee6b864bd85b0bfaa5af81
2022-10-21 04:16:04:830 [ADB] Signer #1 certificate MD5 digest: e89b158e4bcf988ebd09eb83f5378e87
2022-10-21 04:16:04:830 [ADB] 
2022-10-21 04:16:04:830 [ADB] sha256 hash did match for 'appium-uiautomator2-server-v4.27.0.apk'
2022-10-21 04:16:04:830 [ADB] 'C:\Users\Shilpa\AppData\Roaming\npm\node_modules\appium\node_modules\appium-uiautomator2-server\apks\appium-uiautomator2-server-v4.27.0.apk' is signed with the default certificate
2022-10-21 04:16:04:830 [ADB] Getting install status for io.appium.uiautomator2.server.test
2022-10-21 04:16:04:830 [ADB] Running 'C:\Users\Shilpa\AppData\Local\Android\Sdk\platform-tools\adb.exe -P 5037 -s emulator-5554 shell dumpsys package io.appium.uiautomator2.server.test'
2022-10-21 04:16:04:892 [ADB] 'io.appium.uiautomator2.server.test' is installed
2022-10-21 04:16:04:892 [ADB] Checking app cert for C:\Users\Shilpa\AppData\Roaming\npm\node_modules\appium\node_modules\appium-uiautomator2-server\apks\appium-uiautomator2-server-debug-androidTest.apk
2022-10-21 04:16:04:897 [ADB] Starting apksigner: 'C:\\Program Files\\Java\\jdk1.8.0_291\\bin\\java.exe' -Xmx1024M -Xss1m -jar C:\\Users\\Shilpa\\AppData\\Local\\Android\\Sdk\\build-tools\\33.0.0\\lib\\apksigner.jar verify --print-certs C:\\Users\\Shilpa\\AppData\\Roaming\\npm\\node_modules\\appium\\node_modules\\appium-uiautomator2-server\\apks\\appium-uiautomator2-server-debug-androidTest.apk
2022-10-21 04:16:05:258 [ADB] apksigner stdout: Signer #1 certificate DN: EMAILADDRESS=android@android.com, CN=Android, OU=Android, O=Android, L=Mountain View, ST=California, C=US
2022-10-21 04:16:05:258 [ADB] Signer #1 certificate SHA-256 digest: a40da80a59d170caa950cf15c18c454d47a39b26989d8b640ecd745ba71bf5dc
2022-10-21 04:16:05:258 [ADB] Signer #1 certificate SHA-1 digest: 61ed377e85d386a8dfee6b864bd85b0bfaa5af81
2022-10-21 04:16:05:258 [ADB] Signer #1 certificate MD5 digest: e89b158e4bcf988ebd09eb83f5378e87
2022-10-21 04:16:05:258 [ADB] 
2022-10-21 04:16:05:258 [ADB] sha256 hash did match for 'appium-uiautomator2-server-debug-androidTest.apk'
2022-10-21 04:16:05:259 [ADB] 'C:\Users\Shilpa\AppData\Roaming\npm\node_modules\appium\node_modules\appium-uiautomator2-server\apks\appium-uiautomator2-server-debug-androidTest.apk' is signed with the default certificate
2022-10-21 04:16:05:259 [UiAutomator2] Server packages are not going to be (re)installed
2022-10-21 04:16:05:262 [UiAutomator2] Waiting up to 30000ms for services to be available
2022-10-21 04:16:05:262 [ADB] Running 'C:\Users\Shilpa\AppData\Local\Android\Sdk\platform-tools\adb.exe -P 5037 -s emulator-5554 shell pm list instrumentation'
2022-10-21 04:16:05:309 [UiAutomator2] Instrumentation target 'io.appium.uiautomator2.server.test/androidx.test.runner.AndroidJUnitRunner' is available
2022-10-21 04:16:05:311 [ADB] Adding packages ["io.appium.settings","io.appium.uiautomator2.server","io.appium.uiautomator2.server.test"] to Doze whitelist
2022-10-21 04:16:05:312 [ADB] Got the following command chunks to execute: [["dumpsys","deviceidle","whitelist","+io.appium.settings",";","dumpsys","deviceidle","whitelist","+io.appium.uiautomator2.server",";","dumpsys","deviceidle","whitelist","+io.appium.uiautomator2.server.test",";"]]
2022-10-21 04:16:05:312 [ADB] Running 'C:\Users\Shilpa\AppData\Local\Android\Sdk\platform-tools\adb.exe -P 5037 -s emulator-5554 shell dumpsys deviceidle whitelist +io.appium.settings ; dumpsys deviceidle whitelist +io.appium.uiautomator2.server ; dumpsys deviceidle whitelist +io.appium.uiautomator2.server.test ;'
2022-10-21 04:16:05:392 [ADB] Checking app cert for C:\Users\Shilpa\Documents\New_Sri_Mandir\SRI_MANDIR(Different languages)\src\main\java\resources\app-debug-3.8.0.apk
2022-10-21 04:16:05:756 [ADB] Starting apksigner: 'C:\\Program Files\\Java\\jdk1.8.0_291\\bin\\java.exe' -Xmx1024M -Xss1m -jar C:\\Users\\Shilpa\\AppData\\Local\\Android\\Sdk\\build-tools\\33.0.0\\lib\\apksigner.jar verify --print-certs 'C:\\Users\\Shilpa\\Documents\\New_Sri_Mandir\\SRI_MANDIR(Different languages)\\src\\main\\java\\resources\\app-debug-3.8.0.apk'
2022-10-21 04:16:09:936 [ADB] apksigner stdout: Signer #1 certificate DN: C=US, O=Android, CN=Android Debug
2022-10-21 04:16:09:936 [ADB] Signer #1 certificate SHA-256 digest: ffe3f74dd4b99b12dd63d207a90d1eb840869ef6f0303daaab8485d82cc377d0
2022-10-21 04:16:09:936 [ADB] Signer #1 certificate SHA-1 digest: d61e3b86f3eece241d9e58fa90b8a2e151b8685a
2022-10-21 04:16:09:937 [ADB] Signer #1 certificate MD5 digest: c57e6882d4d2db60bf329c1ab6c9a33c
2022-10-21 04:16:09:937 [ADB] 
2022-10-21 04:16:09:937 [ADB] 'C:\Users\Shilpa\Documents\New_Sri_Mandir\SRI_MANDIR(Different languages)\src\main\java\resources\app-debug-3.8.0.apk' is signed with a non-default certificate
2022-10-21 04:16:09:938 [ADB] Getting install status for com.mandir
2022-10-21 04:16:09:938 [ADB] Running 'C:\Users\Shilpa\AppData\Local\Android\Sdk\platform-tools\adb.exe -P 5037 -s emulator-5554 shell dumpsys package com.mandir'
2022-10-21 04:16:10:003 [ADB] 'com.mandir' is installed
2022-10-21 04:16:10:003 [ADB] Getting package info for 'com.mandir'
2022-10-21 04:16:10:003 [ADB] Running 'C:\Users\Shilpa\AppData\Local\Android\Sdk\platform-tools\adb.exe -P 5037 -s emulator-5554 shell dumpsys package com.mandir'
2022-10-21 04:16:10:109 [ADB] The version name of the installed 'com.mandir' is greater or equal to the application version name ('3.7.5' >= '3.7.5')
2022-10-21 04:16:10:110 [ADB] There is no need to install/upgrade 'C:\Users\Shilpa\Documents\New_Sri_Mandir\SRI_MANDIR(Different languages)\src\main\java\resources\app-debug-3.8.0.apk'
2022-10-21 04:16:10:111 [UiAutomator2] Performing shallow cleanup of automation leftovers
2022-10-21 04:16:10:153 [UiAutomator2] The following obsolete sessions are still running: ["ea8f885e-b9e3-4e15-ab51-2fce5ceaecfe"]
2022-10-21 04:16:10:154 [UiAutomator2] Cleaning up 1 obsolete session
2022-10-21 04:16:11:186 [ADB] Running 'C:\Users\Shilpa\AppData\Local\Android\Sdk\platform-tools\adb.exe -P 5037 -s emulator-5554 shell am force-stop io.appium.uiautomator2.server.test'
2022-10-21 04:16:11:259 [UiAutomator2] Starting UIAutomator2 server 4.27.0
2022-10-21 04:16:11:259 [UiAutomator2] Using UIAutomator2 server from 'C:\Users\Shilpa\AppData\Roaming\npm\node_modules\appium\node_modules\appium-uiautomator2-server\apks\appium-uiautomator2-server-v4.27.0.apk' and test from 'C:\Users\Shilpa\AppData\Roaming\npm\node_modules\appium\node_modules\appium-uiautomator2-server\apks\appium-uiautomator2-server-debug-androidTest.apk'
2022-10-21 04:16:11:259 [UiAutomator2] Waiting up to 30000ms for UiAutomator2 to be online...
2022-10-21 04:16:11:260 [ADB] Creating ADB subprocess with args: ["-P",5037,"-s","emulator-5554","shell","am","instrument","-w","-e","disableAnalytics",true,"io.appium.uiautomator2.server.test/androidx.test.runner.AndroidJUnitRunner"]
2022-10-21 04:16:11:266 [WD Proxy] Matched '/status' to command name 'getStatus'
2022-10-21 04:16:11:268 [WD Proxy] Proxying [GET /status] to [GET http://127.0.0.1:8202/wd/hub/status] with no body
2022-10-21 04:16:11:279 [WD Proxy] socket hang up
2022-10-21 04:16:12:093 [Instrumentation] io.appium.uiautomator2.server.test.AppiumUiAutomator2Server:
2022-10-21 04:16:12:292 [WD Proxy] Matched '/status' to command name 'getStatus'
2022-10-21 04:16:12:292 [WD Proxy] Proxying [GET /status] to [GET http://127.0.0.1:8202/wd/hub/status] with no body
2022-10-21 04:16:12:304 [WD Proxy] socket hang up
2022-10-21 04:16:13:311 [WD Proxy] Matched '/status' to command name 'getStatus'
2022-10-21 04:16:13:311 [WD Proxy] Proxying [GET /status] to [GET http://127.0.0.1:8202/wd/hub/status] with no body
2022-10-21 04:16:13:320 [WD Proxy] socket hang up
2022-10-21 04:16:14:328 [WD Proxy] Matched '/status' to command name 'getStatus'
2022-10-21 04:16:14:328 [WD Proxy] Proxying [GET /status] to [GET http://127.0.0.1:8202/wd/hub/status] with no body
2022-10-21 04:16:14:478 [WD Proxy] Got response with status 200: {"sessionId":"None","value":{"message":"UiAutomator2 Server is ready to accept commands","ready":true}}
2022-10-21 04:16:14:478 [UiAutomator2] The initialization of the instrumentation process took 3219ms
2022-10-21 04:16:14:479 [WD Proxy] Matched '/session' to command name 'createSession'
2022-10-21 04:16:14:479 [WD Proxy] Proxying [POST /session] to [POST http://127.0.0.1:8202/wd/hub/session] with body: {"capabilities":{"firstMatch":[{"platform":"ANDROID","webStorageEnabled":false,"takesScreenshot":true,"javascriptEnabled":true,"databaseEnabled":false,"networkConnectionEnabled":true,"locationContextEnabled":false,"warnings":{},"desired":{"platformName":"android","platform":"ANDROID","app":"./src/main/java/resources/app-debug-3.8.0.apk","autoGrantPermissions":true,"automationName":"UiAutomator2","noReset":true,"udid":"emulator-5554"},"platformName":"android","app":"./src/main/java/resources/app-debug-3.8.0.apk","autoGrantPermissions":true,"automationName":"UiAutomator2","noReset":true,"udid":"emulator-5554","deviceName":"emulator-5554","deviceUDID":"emulator-5554","appPackage":"com.mandir"}],"alwaysMatch":{}}}
2022-10-21 04:16:14:520 [WD Proxy] Got response with status 200: {"sessionId":"75896d04-b93d-4a00-86b6-ea0a587b8dc6","value":{"capabilities":{"firstMatch":[{"platform":"ANDROID","webStorageEnabled":false,"takesScreenshot":true,"javascriptEnabled":true,"databaseEnabled":false,"networkConnectionEnabled":true,"locationContextEnabled":false,"warnings":{},"desired":{"platformName":"android","platform":"ANDROID","app":"./src/main/java/resources/app-debug-3.8.0.apk","autoGrantPermissions":true,"automationName":"UiAutomator2","noReset":true,"udid":"emulator-5554"},"platformName":"android","app":"./src/main/java/resources/app-debug-3.8.0.apk","autoGrantPermissions":true,"automationName":"UiAutomator2","noReset":true,"udid":"emulator-5554","deviceName":"emulator-5554","deviceUDID":"emulator-5554","appPackage":"com.mandir"}],"alwaysMatch":{}},"sessionId":"75896d04-b93d-4a00-86b6-ea0a587b8dc6"}}
2022-10-21 04:16:14:520 [WD Proxy] Determined the downstream protocol as 'W3C'
2022-10-21 04:16:14:539 [WD Proxy] Proxying [GET /appium/device/info] to [GET http://127.0.0.1:8202/wd/hub/session/75896d04-b93d-4a00-86b6-ea0a587b8dc6/appium/device/info] with no body
2022-10-21 04:16:14:587 [WD Proxy] Got response with status 200: {"sessionId":"75896d04-b93d-4a00-86b6-ea0a587b8dc6","value":{"androidId":"b679943b0277a210","apiVersion":"31","bluetooth":{"state":"ON"},"brand":"google","carrierName":"T-Mobile","displayDensity":420,"locale":"en_US","manufacturer":"Google","model":"sdk_gphone64_x86_64","networks":[{"capabilities":{"SSID":null,"linkDownBandwidthKbps":30000,"linkUpstreamBandwidthKbps":12000,"networkCapabilities":"NET_CAPABILITY_NOT_METERED,NET_CAPABILITY_INTERNET,NET_CAPABILITY_NOT_RESTRICTED,NET_CAPABILITY_TRUSTED,NET_CAPABILITY_NOT_VPN,NET_CAPABILITY_VALIDATED,NET_CAPABILITY_NOT_ROAMING,NET_CAPABILITY_FOREGROUND,NET_CAPABILITY_NOT_CONGESTED,NET_CAPABILITY_NOT_SUSPENDED","signalStrength":-50,"transportTypes":"TRANSPORT_WIFI"},"detailedState":"CONNECTED","extraInfo":"","isAvailable":true,"isConnected":true,"isFailover":false,"isRoaming":false,"state":"CONNECTED","subtype":-1,"subtypeName":"","type":1,"typeName":"WIFI"},{"capabilities":{"SSID":null,"linkDownBandwidthKbps":4300,"linkUpstreamBandwidthKbps":1800,"networkCapabil...
2022-10-21 04:16:14:587 [ADB] Running 'C:\Users\Shilpa\AppData\Local\Android\Sdk\platform-tools\adb.exe -P 5037 -s emulator-5554 shell dumpsys window'
2022-10-21 04:16:14:644 [AndroidDriver] Screen already unlocked, doing nothing
2022-10-21 04:16:14:645 [UiAutomator2] Starting 'com.mandir/com.mandir.ui.activity.SplashActivity and waiting for 'com.mandir/com.mandir.ui.activity.SplashActivity'
2022-10-21 04:16:14:646 [ADB] Running 'C:\Users\Shilpa\AppData\Local\Android\Sdk\platform-tools\adb.exe -P 5037 -s emulator-5554 shell am start -W -n com.mandir/com.mandir.ui.activity.SplashActivity -S -a android.intent.action.MAIN -c android.intent.category.LAUNCHER -f 0x10200000'
2022-10-21 04:16:20:443 [ADB] Waiting up to 20000ms for activity matching pkg: 'com.mandir' and activity: 'com.mandir.ui.activity.SplashActivity' to be focused
2022-10-21 04:16:20:444 [ADB] Possible activities, to be checked: 'com.mandir.ui.activity.SplashActivity', 'com.mandir.com.mandir.ui.activity.SplashActivity'
2022-10-21 04:16:20:444 [ADB] Getting focused package and activity
2022-10-21 04:16:20:445 [ADB] Running 'C:\Users\Shilpa\AppData\Local\Android\Sdk\platform-tools\adb.exe -P 5037 -s emulator-5554 shell dumpsys window displays'
2022-10-21 04:16:20:567 [ADB] Found package: 'com.mandir' and fully qualified activity name : 'com.mandir.ui.activity.SplashActivity'
2022-10-21 04:16:20:589 [WD Proxy] Proxying [GET /appium/device/pixel_ratio] to [GET http://127.0.0.1:8202/wd/hub/session/75896d04-b93d-4a00-86b6-ea0a587b8dc6/appium/device/pixel_ratio] with no body
2022-10-21 04:16:20:613 [WD Proxy] Got response with status 200: {"sessionId":"75896d04-b93d-4a00-86b6-ea0a587b8dc6","value":2.625}
2022-10-21 04:16:20:614 [WD Proxy] Matched '/appium/device/system_bars' to command name 'getSystemBars'
2022-10-21 04:16:20:616 [WD Proxy] Proxying [GET /appium/device/system_bars] to [GET http://127.0.0.1:8202/wd/hub/session/75896d04-b93d-4a00-86b6-ea0a587b8dc6/appium/device/system_bars] with no body
2022-10-21 04:16:20:679 [WD Proxy] Got response with status 200: {"sessionId":"75896d04-b93d-4a00-86b6-ea0a587b8dc6","value":{"statusBar":63}}
2022-10-21 04:16:20:680 [WD Proxy] Matched '/window/current/size' to command name 'getWindowSize'
2022-10-21 04:16:20:681 [WD Proxy] Proxying [GET /window/current/size] to [GET http://127.0.0.1:8202/wd/hub/session/75896d04-b93d-4a00-86b6-ea0a587b8dc6/window/current/size] with no body
2022-10-21 04:16:20:714 [WD Proxy] Got response with status 200: {"sessionId":"75896d04-b93d-4a00-86b6-ea0a587b8dc6","value":{"height":1794,"width":1080}}
2022-10-21 04:16:20:716 [Appium] New AndroidUiautomator2Driver session created successfully, session cf89eee3-e3ba-4980-a79f-cab6b77ff2e9 added to master session list
2022-10-21 04:16:20:718 [BaseDriver] Event 'newSessionStarted' logged at 1666325780717 (09:46:20 GMT+0530 (India Standard Time))
2022-10-21 04:16:20:718 [W3C (cf89eee3)] Cached the protocol value 'W3C' for the new session cf89eee3-e3ba-4980-a79f-cab6b77ff2e9
2022-10-21 04:16:20:720 [W3C (cf89eee3)] Responding to client with driver.createSession() result: {"capabilities":{"platform":"ANDROID","webStorageEnabled":false,"takesScreenshot":true,"javascriptEnabled":true,"databaseEnabled":false,"networkConnectionEnabled":true,"locationContextEnabled":false,"warnings":{},"desired":{"platformName":"android","platform":"ANDROID","app":"./src/main/java/resources/app-debug-3.8.0.apk","autoGrantPermissions":true,"automationName":"UiAutomator2","noReset":true,"udid":"emulator-5554"},"platformName":"android","app":"./src/main/java/resources/app-debug-3.8.0.apk","autoGrantPermissions":true,"automationName":"UiAutomator2","noReset":true,"udid":"emulator-5554","deviceName":"emulator-5554","deviceUDID":"emulator-5554","appPackage":"com.mandir","deviceApiLevel":31,"platformVersion":"12","deviceScreenSize":"1080x1920","deviceScreenDensity":420,"deviceModel":"sdk_gphone64_x86_64","deviceManufacturer":"Google","pixelRatio":2.625,"statBarHeight":63,"viewportRect":{"left":0,"top":63,"width":1080,"height":1731}}}
2022-10-21 04:16:20:727 [HTTP] <-- POST /wd/hub/session 200 21923 ms - 1012
2022-10-21 04:16:20:728 [HTTP] 
2022-10-21 04:16:20:820 [HTTP] --> GET /wd/hub/session/cf89eee3-e3ba-4980-a79f-cab6b77ff2e9
2022-10-21 04:16:20:821 [HTTP] {}
2022-10-21 04:16:20:823 [W3C (cf89eee3)] Calling AppiumDriver.getSession() with args: ["cf89eee3-e3ba-4980-a79f-cab6b77ff2e9"]
2022-10-21 04:16:20:825 [UiAutomator2] Getting session details from server to mix in
2022-10-21 04:16:20:825 [WD Proxy] Matched '/' to command name 'getSession'
2022-10-21 04:16:20:825 [WD Proxy] Proxying [GET /] to [GET http://127.0.0.1:8202/wd/hub/session/75896d04-b93d-4a00-86b6-ea0a587b8dc6] with no body
2022-10-21 04:16:20:864 [WD Proxy] Got response with status 200: {"sessionId":"75896d04-b93d-4a00-86b6-ea0a587b8dc6","value":{"lastScrollData":null}}
2022-10-21 04:16:20:866 [W3C (cf89eee3)] Responding to client with driver.getSession() result: {"platform":"ANDROID","webStorageEnabled":false,"takesScreenshot":true,"javascriptEnabled":true,"databaseEnabled":false,"networkConnectionEnabled":true,"locationContextEnabled":false,"warnings":{},"desired":{"platformName":"android","platform":"ANDROID","app":"./src/main/java/resources/app-debug-3.8.0.apk","autoGrantPermissions":true,"automationName":"UiAutomator2","noReset":true,"udid":"emulator-5554"},"platformName":"android","app":"./src/main/java/resources/app-debug-3.8.0.apk","autoGrantPermissions":true,"automationName":"UiAutomator2","noReset":true,"udid":"emulator-5554","deviceName":"emulator-5554","deviceUDID":"emulator-5554","appPackage":"com.mandir","deviceApiLevel":31,"platformVersion":"12","deviceScreenSize":"1080x1920","deviceScreenDensity":420,"deviceModel":"sdk_gphone64_x86_64","deviceManufacturer":"Google","pixelRatio":2.625,"statBarHeight":63,"viewportRect":{"left":0,"top":63,"width":1080,"height":1731},"lastScrollData":null}
2022-10-21 04:16:20:869 [HTTP] <-- GET /wd/hub/session/cf89eee3-e3ba-4980-a79f-cab6b77ff2e9 200 48 ms - 966
2022-10-21 04:16:20:870 [HTTP] 
2022-10-21 04:16:20:878 [HTTP] --> GET /wd/hub/session/cf89eee3-e3ba-4980-a79f-cab6b77ff2e9
2022-10-21 04:16:20:879 [HTTP] {}
2022-10-21 04:16:20:880 [W3C (cf89eee3)] Calling AppiumDriver.getSession() with args: ["cf89eee3-e3ba-4980-a79f-cab6b77ff2e9"]
2022-10-21 04:16:20:881 [UiAutomator2] Getting session details from server to mix in
2022-10-21 04:16:20:881 [WD Proxy] Matched '/' to command name 'getSession'
2022-10-21 04:16:20:881 [WD Proxy] Proxying [GET /] to [GET http://127.0.0.1:8202/wd/hub/session/75896d04-b93d-4a00-86b6-ea0a587b8dc6] with no body
2022-10-21 04:16:20:931 [WD Proxy] Got response with status 200: {"sessionId":"75896d04-b93d-4a00-86b6-ea0a587b8dc6","value":{"lastScrollData":null}}
2022-10-21 04:16:20:932 [W3C (cf89eee3)] Responding to client with driver.getSession() result: {"platform":"ANDROID","webStorageEnabled":false,"takesScreenshot":true,"javascriptEnabled":true,"databaseEnabled":false,"networkConnectionEnabled":true,"locationContextEnabled":false,"warnings":{},"desired":{"platformName":"android","platform":"ANDROID","app":"./src/main/java/resources/app-debug-3.8.0.apk","autoGrantPermissions":true,"automationName":"UiAutomator2","noReset":true,"udid":"emulator-5554"},"platformName":"android","app":"./src/main/java/resources/app-debug-3.8.0.apk","autoGrantPermissions":true,"automationName":"UiAutomator2","noReset":true,"udid":"emulator-5554","deviceName":"emulator-5554","deviceUDID":"emulator-5554","appPackage":"com.mandir","deviceApiLevel":31,"platformVersion":"12","deviceScreenSize":"1080x1920","deviceScreenDensity":420,"deviceModel":"sdk_gphone64_x86_64","deviceManufacturer":"Google","pixelRatio":2.625,"statBarHeight":63,"viewportRect":{"left":0,"top":63,"width":1080,"height":1731},"lastScrollData":null}
2022-10-21 04:16:20:934 [HTTP] <-- GET /wd/hub/session/cf89eee3-e3ba-4980-a79f-cab6b77ff2e9 200 55 ms - 966
2022-10-21 04:16:20:934 [HTTP] 
2022-10-21 04:16:20:952 [HTTP] --> POST /wd/hub/session/cf89eee3-e3ba-4980-a79f-cab6b77ff2e9/timeouts
2022-10-21 04:16:20:952 [HTTP] {"implicit":10000}
2022-10-21 04:16:20:957 [W3C (cf89eee3)] Calling AppiumDriver.timeouts() with args: [null,null,null,null,10000,"cf89eee3-e3ba-4980-a79f-cab6b77ff2e9"]
2022-10-21 04:16:20:958 [BaseDriver] W3C timeout argument: {"implicit":10000}}
2022-10-21 04:16:20:959 [BaseDriver] Set implicit wait to 10000ms
2022-10-21 04:16:20:960 [W3C (cf89eee3)] Responding to client with driver.timeouts() result: null
2022-10-21 04:16:20:962 [HTTP] <-- POST /wd/hub/session/cf89eee3-e3ba-4980-a79f-cab6b77ff2e9/timeouts 200 9 ms - 14
2022-10-21 04:16:20:962 [HTTP] 
2022-10-21 04:16:21:087 [HTTP] --> POST /wd/hub/session/cf89eee3-e3ba-4980-a79f-cab6b77ff2e9/element
2022-10-21 04:16:21:088 [HTTP] {"using":"xpath","value":"//android.widget.TextView[@text='महाभंडार']"}
2022-10-21 04:16:21:096 [W3C (cf89eee3)] Calling AppiumDriver.findElement() with args: ["xpath","//android.widget.TextView[@text='महाभंडार']","cf89eee3-e3ba-4980-a79f-cab6b77ff2e9"]
2022-10-21 04:16:21:097 [BaseDriver] Valid locator strategies for this request: xpath, id, class name, accessibility id, css selector, -android uiautomator
2022-10-21 04:16:21:098 [BaseDriver] Waiting up to 10000 ms for condition
2022-10-21 04:16:21:101 [WD Proxy] Matched '/element' to command name 'findElement'
2022-10-21 04:16:21:101 [WD Proxy] Proxying [POST /element] to [POST http://127.0.0.1:8202/wd/hub/session/75896d04-b93d-4a00-86b6-ea0a587b8dc6/element] with body: {"strategy":"xpath","selector":"//android.widget.TextView[@text='महाभंडार']","context":"","multiple":false}
2022-10-21 04:16:25:250 [WD Proxy] Got response with status 404: {"sessionId":"75896d04-b93d-4a00-86b6-ea0a587b8dc6","value":{"error":"no such element","message":"An element could not be located on the page using the given search parameters","stacktrace":"io.appium.uiautomator2.common.exceptions.ElementNotFoundException: An element could not be located on the page using the given search parameters\n\tat io.appium.uiautomator2.handler.FindElement.findElement(FindElement.java:90)\n\tat io.appium.uiautomator2.handler.FindElement.safeHandle(FindElement.java:67)\n\tat io.appium.uiautomator2.handler.request.SafeRequestHandler.handle(SafeRequestHandler.java:59)\n\tat io.appium.uiautomator2.server.AppiumServlet.handleRequest(AppiumServlet.java:266)\n\tat io.appium.uiautomator2.server.AppiumServlet.handleHttpRequest(AppiumServlet.java:260)\n\tat io.appium.uiautomator2.http.ServerHandler.channelRead(ServerHandler.java:68)\n\tat io.netty.channel.AbstractChannelHandlerContext.invokeChannelRead(AbstractChannelHandlerContext.java:366)\n\tat io.netty.channel.AbstractChannelHandlerCont...
2022-10-21 04:16:25:251 [W3C] Matched W3C error code 'no such element' to NoSuchElementError
2022-10-21 04:16:25:251 [BaseDriver] Waited for 4152 ms so far
2022-10-21 04:16:25:766 [WD Proxy] Matched '/element' to command name 'findElement'
2022-10-21 04:16:25:767 [WD Proxy] Proxying [POST /element] to [POST http://127.0.0.1:8202/wd/hub/session/75896d04-b93d-4a00-86b6-ea0a587b8dc6/element] with body: {"strategy":"xpath","selector":"//android.widget.TextView[@text='महाभंडार']","context":"","multiple":false}
2022-10-21 04:16:31:238 [WD Proxy] Got response with status 200: {"sessionId":"75896d04-b93d-4a00-86b6-ea0a587b8dc6","value":{"ELEMENT":"00000000-0000-002e-ffff-ffff00000031","element-6066-11e4-a52e-4f735466cecf":"00000000-0000-002e-ffff-ffff00000031"}}
2022-10-21 04:16:31:239 [W3C (cf89eee3)] Responding to client with driver.findElement() result: {"element-6066-11e4-a52e-4f735466cecf":"00000000-0000-002e-ffff-ffff00000031","ELEMENT":"00000000-0000-002e-ffff-ffff00000031"}
2022-10-21 04:16:31:241 [HTTP] <-- POST /wd/hub/session/cf89eee3-e3ba-4980-a79f-cab6b77ff2e9/element 200 10153 ms - 137
2022-10-21 04:16:31:241 [HTTP] 
2022-10-21 04:16:31:261 [HTTP] --> GET /wd/hub/session/cf89eee3-e3ba-4980-a79f-cab6b77ff2e9/element/00000000-0000-002e-ffff-ffff00000031/displayed
2022-10-21 04:16:31:261 [HTTP] {}
2022-10-21 04:16:31:266 [W3C (cf89eee3)] Calling AppiumDriver.elementDisplayed() with args: ["00000000-0000-002e-ffff-ffff00000031","cf89eee3-e3ba-4980-a79f-cab6b77ff2e9"]
2022-10-21 04:16:31:267 [WD Proxy] Matched '/element/00000000-0000-002e-ffff-ffff00000031/attribute/displayed' to command name 'getAttribute'
2022-10-21 04:16:31:268 [WD Proxy] Proxying [GET /element/00000000-0000-002e-ffff-ffff00000031/attribute/displayed] to [GET http://127.0.0.1:8202/wd/hub/session/75896d04-b93d-4a00-86b6-ea0a587b8dc6/element/00000000-0000-002e-ffff-ffff00000031/attribute/displayed] with no body
2022-10-21 04:16:31:336 [WD Proxy] Got response with status 200: {"sessionId":"75896d04-b93d-4a00-86b6-ea0a587b8dc6","value":"true"}
2022-10-21 04:16:31:337 [W3C (cf89eee3)] Responding to client with driver.elementDisplayed() result: true
2022-10-21 04:16:31:338 [HTTP] <-- GET /wd/hub/session/cf89eee3-e3ba-4980-a79f-cab6b77ff2e9/element/00000000-0000-002e-ffff-ffff00000031/displayed 200 77 ms - 14
2022-10-21 04:16:31:338 [HTTP] 
2022-10-21 04:16:31:347 [HTTP] --> POST /wd/hub/session/cf89eee3-e3ba-4980-a79f-cab6b77ff2e9/element
2022-10-21 04:16:31:347 [HTTP] {"using":"xpath","value":"//android.widget.TextView[@text='महाभंडार']"}
2022-10-21 04:16:31:348 [W3C (cf89eee3)] Calling AppiumDriver.findElement() with args: ["xpath","//android.widget.TextView[@text='महाभंडार']","cf89eee3-e3ba-4980-a79f-cab6b77ff2e9"]
2022-10-21 04:16:31:349 [BaseDriver] Valid locator strategies for this request: xpath, id, class name, accessibility id, css selector, -android uiautomator
2022-10-21 04:16:31:349 [BaseDriver] Waiting up to 10000 ms for condition
2022-10-21 04:16:31:350 [WD Proxy] Matched '/element' to command name 'findElement'
2022-10-21 04:16:31:350 [WD Proxy] Proxying [POST /element] to [POST http://127.0.0.1:8202/wd/hub/session/75896d04-b93d-4a00-86b6-ea0a587b8dc6/element] with body: {"strategy":"xpath","selector":"//android.widget.TextView[@text='महाभंडार']","context":"","multiple":false}
2022-10-21 04:16:32:789 [WD Proxy] Got response with status 200: {"sessionId":"75896d04-b93d-4a00-86b6-ea0a587b8dc6","value":{"ELEMENT":"00000000-0000-002e-ffff-ffff00000031","element-6066-11e4-a52e-4f735466cecf":"00000000-0000-002e-ffff-ffff00000031"}}
2022-10-21 04:16:32:790 [W3C (cf89eee3)] Responding to client with driver.findElement() result: {"element-6066-11e4-a52e-4f735466cecf":"00000000-0000-002e-ffff-ffff00000031","ELEMENT":"00000000-0000-002e-ffff-ffff00000031"}
2022-10-21 04:16:32:793 [HTTP] <-- POST /wd/hub/session/cf89eee3-e3ba-4980-a79f-cab6b77ff2e9/element 200 1446 ms - 137
2022-10-21 04:16:32:793 [HTTP] 
2022-10-21 04:16:32:800 [HTTP] --> POST /wd/hub/session/cf89eee3-e3ba-4980-a79f-cab6b77ff2e9/element/00000000-0000-002e-ffff-ffff00000031/click
2022-10-21 04:16:32:800 [HTTP] {"id":"00000000-0000-002e-ffff-ffff00000031"}
2022-10-21 04:16:32:802 [W3C (cf89eee3)] Calling AppiumDriver.click() with args: ["00000000-0000-002e-ffff-ffff00000031","cf89eee3-e3ba-4980-a79f-cab6b77ff2e9"]
2022-10-21 04:16:32:804 [WD Proxy] Matched '/element/00000000-0000-002e-ffff-ffff00000031/click' to command name 'click'
2022-10-21 04:16:32:805 [WD Proxy] Proxying [POST /element/00000000-0000-002e-ffff-ffff00000031/click] to [POST http://127.0.0.1:8202/wd/hub/session/75896d04-b93d-4a00-86b6-ea0a587b8dc6/element/00000000-0000-002e-ffff-ffff00000031/click] with body: {"element":"00000000-0000-002e-ffff-ffff00000031"}
2022-10-21 04:16:32:949 [WD Proxy] Got response with status 200: {"sessionId":"75896d04-b93d-4a00-86b6-ea0a587b8dc6","value":null}
2022-10-21 04:16:32:950 [W3C (cf89eee3)] Responding to client with driver.click() result: null
2022-10-21 04:16:32:952 [HTTP] <-- POST /wd/hub/session/cf89eee3-e3ba-4980-a79f-cab6b77ff2e9/element/00000000-0000-002e-ffff-ffff00000031/click 200 151 ms - 14
2022-10-21 04:16:32:952 [HTTP] 
2022-10-21 04:16:32:995 [HTTP] --> POST /wd/hub/session/cf89eee3-e3ba-4980-a79f-cab6b77ff2e9/element
2022-10-21 04:16:32:995 [HTTP] {"using":"xpath","value":"//android.widget.TextView[@text='होरा']"}
2022-10-21 04:16:32:996 [W3C (cf89eee3)] Calling AppiumDriver.findElement() with args: ["xpath","//android.widget.TextView[@text='होरा']","cf89eee3-e3ba-4980-a79f-cab6b77ff2e9"]
2022-10-21 04:16:32:996 [BaseDriver] Valid locator strategies for this request: xpath, id, class name, accessibility id, css selector, -android uiautomator
2022-10-21 04:16:32:997 [BaseDriver] Waiting up to 10000 ms for condition
2022-10-21 04:16:32:997 [WD Proxy] Matched '/element' to command name 'findElement'
2022-10-21 04:16:32:997 [WD Proxy] Proxying [POST /element] to [POST http://127.0.0.1:8202/wd/hub/session/75896d04-b93d-4a00-86b6-ea0a587b8dc6/element] with body: {"strategy":"xpath","selector":"//android.widget.TextView[@text='होरा']","context":"","multiple":false}
2022-10-21 04:16:38:705 [WD Proxy] Got response with status 404: {"sessionId":"75896d04-b93d-4a00-86b6-ea0a587b8dc6","value":{"error":"no such element","message":"An element could not be located on the page using the given search parameters","stacktrace":"io.appium.uiautomator2.common.exceptions.ElementNotFoundException: An element could not be located on the page using the given search parameters\n\tat io.appium.uiautomator2.handler.FindElement.findElement(FindElement.java:90)\n\tat io.appium.uiautomator2.handler.FindElement.safeHandle(FindElement.java:67)\n\tat io.appium.uiautomator2.handler.request.SafeRequestHandler.handle(SafeRequestHandler.java:59)\n\tat io.appium.uiautomator2.server.AppiumServlet.handleRequest(AppiumServlet.java:266)\n\tat io.appium.uiautomator2.server.AppiumServlet.handleHttpRequest(AppiumServlet.java:260)\n\tat io.appium.uiautomator2.http.ServerHandler.channelRead(ServerHandler.java:68)\n\tat io.netty.channel.AbstractChannelHandlerContext.invokeChannelRead(AbstractChannelHandlerContext.java:366)\n\tat io.netty.channel.AbstractChannelHandlerCont...
2022-10-21 04:16:38:705 [W3C] Matched W3C error code 'no such element' to NoSuchElementError
2022-10-21 04:16:38:706 [BaseDriver] Waited for 5708 ms so far
2022-10-21 04:16:39:221 [WD Proxy] Matched '/element' to command name 'findElement'
2022-10-21 04:16:39:221 [WD Proxy] Proxying [POST /element] to [POST http://127.0.0.1:8202/wd/hub/session/75896d04-b93d-4a00-86b6-ea0a587b8dc6/element] with body: {"strategy":"xpath","selector":"//android.widget.TextView[@text='होरा']","context":"","multiple":false}
2022-10-21 04:16:39:819 [WD Proxy] Got response with status 200: {"sessionId":"75896d04-b93d-4a00-86b6-ea0a587b8dc6","value":{"ELEMENT":"00000000-0000-002e-ffff-ffff00000185","element-6066-11e4-a52e-4f735466cecf":"00000000-0000-002e-ffff-ffff00000185"}}
2022-10-21 04:16:39:821 [W3C (cf89eee3)] Responding to client with driver.findElement() result: {"element-6066-11e4-a52e-4f735466cecf":"00000000-0000-002e-ffff-ffff00000185","ELEMENT":"00000000-0000-002e-ffff-ffff00000185"}
2022-10-21 04:16:39:824 [HTTP] <-- POST /wd/hub/session/cf89eee3-e3ba-4980-a79f-cab6b77ff2e9/element 200 6827 ms - 137
2022-10-21 04:16:39:824 [HTTP] 
2022-10-21 04:16:39:830 [HTTP] --> GET /wd/hub/session/cf89eee3-e3ba-4980-a79f-cab6b77ff2e9/element/00000000-0000-002e-ffff-ffff00000185/displayed
2022-10-21 04:16:39:830 [HTTP] {}
2022-10-21 04:16:39:832 [W3C (cf89eee3)] Calling AppiumDriver.elementDisplayed() with args: ["00000000-0000-002e-ffff-ffff00000185","cf89eee3-e3ba-4980-a79f-cab6b77ff2e9"]
2022-10-21 04:16:39:833 [WD Proxy] Matched '/element/00000000-0000-002e-ffff-ffff00000185/attribute/displayed' to command name 'getAttribute'
2022-10-21 04:16:39:833 [WD Proxy] Proxying [GET /element/00000000-0000-002e-ffff-ffff00000185/attribute/displayed] to [GET http://127.0.0.1:8202/wd/hub/session/75896d04-b93d-4a00-86b6-ea0a587b8dc6/element/00000000-0000-002e-ffff-ffff00000185/attribute/displayed] with no body
2022-10-21 04:16:39:878 [WD Proxy] Got response with status 200: {"sessionId":"75896d04-b93d-4a00-86b6-ea0a587b8dc6","value":"true"}
2022-10-21 04:16:39:879 [W3C (cf89eee3)] Responding to client with driver.elementDisplayed() result: true
2022-10-21 04:16:39:880 [HTTP] <-- GET /wd/hub/session/cf89eee3-e3ba-4980-a79f-cab6b77ff2e9/element/00000000-0000-002e-ffff-ffff00000185/displayed 200 51 ms - 14
2022-10-21 04:16:39:880 [HTTP] 
2022-10-21 04:16:39:887 [HTTP] --> POST /wd/hub/session/cf89eee3-e3ba-4980-a79f-cab6b77ff2e9/element
2022-10-21 04:16:39:887 [HTTP] {"using":"xpath","value":"//android.widget.TextView[@text='होरा']"}
2022-10-21 04:16:39:888 [W3C (cf89eee3)] Calling AppiumDriver.findElement() with args: ["xpath","//android.widget.TextView[@text='होरा']","cf89eee3-e3ba-4980-a79f-cab6b77ff2e9"]
2022-10-21 04:16:39:890 [BaseDriver] Valid locator strategies for this request: xpath, id, class name, accessibility id, css selector, -android uiautomator
2022-10-21 04:16:39:890 [BaseDriver] Waiting up to 10000 ms for condition
2022-10-21 04:16:39:890 [WD Proxy] Matched '/element' to command name 'findElement'
2022-10-21 04:16:39:891 [WD Proxy] Proxying [POST /element] to [POST http://127.0.0.1:8202/wd/hub/session/75896d04-b93d-4a00-86b6-ea0a587b8dc6/element] with body: {"strategy":"xpath","selector":"//android.widget.TextView[@text='होरा']","context":"","multiple":false}
2022-10-21 04:16:40:618 [WD Proxy] Got response with status 200: {"sessionId":"75896d04-b93d-4a00-86b6-ea0a587b8dc6","value":{"ELEMENT":"00000000-0000-002e-ffff-ffff00000185","element-6066-11e4-a52e-4f735466cecf":"00000000-0000-002e-ffff-ffff00000185"}}
2022-10-21 04:16:40:618 [W3C (cf89eee3)] Responding to client with driver.findElement() result: {"element-6066-11e4-a52e-4f735466cecf":"00000000-0000-002e-ffff-ffff00000185","ELEMENT":"00000000-0000-002e-ffff-ffff00000185"}
2022-10-21 04:16:40:620 [HTTP] <-- POST /wd/hub/session/cf89eee3-e3ba-4980-a79f-cab6b77ff2e9/element 200 733 ms - 137
2022-10-21 04:16:40:620 [HTTP] 
2022-10-21 04:16:40:630 [HTTP] --> POST /wd/hub/session/cf89eee3-e3ba-4980-a79f-cab6b77ff2e9/element/00000000-0000-002e-ffff-ffff00000185/click
2022-10-21 04:16:40:630 [HTTP] {"id":"00000000-0000-002e-ffff-ffff00000185"}
2022-10-21 04:16:40:631 [W3C (cf89eee3)] Calling AppiumDriver.click() with args: ["00000000-0000-002e-ffff-ffff00000185","cf89eee3-e3ba-4980-a79f-cab6b77ff2e9"]
2022-10-21 04:16:40:632 [WD Proxy] Matched '/element/00000000-0000-002e-ffff-ffff00000185/click' to command name 'click'
2022-10-21 04:16:40:632 [WD Proxy] Proxying [POST /element/00000000-0000-002e-ffff-ffff00000185/click] to [POST http://127.0.0.1:8202/wd/hub/session/75896d04-b93d-4a00-86b6-ea0a587b8dc6/element/00000000-0000-002e-ffff-ffff00000185/click] with body: {"element":"00000000-0000-002e-ffff-ffff00000185"}
2022-10-21 04:16:40:697 [WD Proxy] Got response with status 200: {"sessionId":"75896d04-b93d-4a00-86b6-ea0a587b8dc6","value":null}
2022-10-21 04:16:40:698 [W3C (cf89eee3)] Responding to client with driver.click() result: null
2022-10-21 04:16:40:699 [HTTP] <-- POST /wd/hub/session/cf89eee3-e3ba-4980-a79f-cab6b77ff2e9/element/00000000-0000-002e-ffff-ffff00000185/click 200 69 ms - 14
2022-10-21 04:16:40:699 [HTTP] 
2022-10-21 04:16:40:713 [HTTP] --> POST /wd/hub/session/cf89eee3-e3ba-4980-a79f-cab6b77ff2e9/element
2022-10-21 04:16:40:713 [HTTP] {"using":"-android uiautomator","value":"new UiScrollable(new UiSelector().scrollable(true).instance(0)).scrollIntoView(new UiSelector().textContains(\"आगे आने वाले होरा\").instance(0))"}
2022-10-21 04:16:40:714 [W3C (cf89eee3)] Calling AppiumDriver.findElement() with args: ["-android uiautomator","new UiScrollable(new UiSelector().scrollable(true).instance(0)).scrollIntoView(new UiSelector().textContains(\"आगे आने वाले होरा\").instance(0))","cf89eee3-e3ba-4980-a79f-cab6b77ff2e9"]
2022-10-21 04:16:40:714 [BaseDriver] Valid locator strategies for this request: xpath, id, class name, accessibility id, css selector, -android uiautomator
2022-10-21 04:16:40:714 [BaseDriver] Waiting up to 10000 ms for condition
2022-10-21 04:16:40:715 [WD Proxy] Matched '/element' to command name 'findElement'
2022-10-21 04:16:40:715 [WD Proxy] Proxying [POST /element] to [POST http://127.0.0.1:8202/wd/hub/session/75896d04-b93d-4a00-86b6-ea0a587b8dc6/element] with body: {"strategy":"-android uiautomator","selector":"new UiScrollable(new UiSelector().scrollable(true).instance(0)).scrollIntoView(new UiSelector().textContains(\"आगे आने वाले होरा\").instance(0))","context":"","multiple":false}
2022-10-21 04:16:51:510 [WD Proxy] Got response with status 200: {"sessionId":"75896d04-b93d-4a00-86b6-ea0a587b8dc6","value":{"ELEMENT":"00000000-0000-002e-ffff-ffff0000052c","element-6066-11e4-a52e-4f735466cecf":"00000000-0000-002e-ffff-ffff0000052c"}}
2022-10-21 04:16:51:511 [W3C (cf89eee3)] Responding to client with driver.findElement() result: {"element-6066-11e4-a52e-4f735466cecf":"00000000-0000-002e-ffff-ffff0000052c","ELEMENT":"00000000-0000-002e-ffff-ffff0000052c"}
2022-10-21 04:16:51:512 [HTTP] <-- POST /wd/hub/session/cf89eee3-e3ba-4980-a79f-cab6b77ff2e9/element 200 10799 ms - 137
2022-10-21 04:16:51:512 [HTTP] 
2022-10-21 04:16:51:518 [HTTP] --> POST /wd/hub/session/cf89eee3-e3ba-4980-a79f-cab6b77ff2e9/element
2022-10-21 04:16:51:518 [HTTP] {"using":"xpath","value":"//androidx.recyclerview.widget.RecyclerView[@resource-id='com.mandir:id/rv_hora']/child::android.widget.FrameLayout[1]"}
2022-10-21 04:16:51:519 [W3C (cf89eee3)] Calling AppiumDriver.findElement() with args: ["xpath","//androidx.recyclerview.widget.RecyclerView[@resource-id='com.mandir:id/rv_hora']/child::android.widget.FrameLayout[1]","cf89eee3-e3ba-4980-a79f-cab6b77ff2e9"]
2022-10-21 04:16:51:519 [BaseDriver] Valid locator strategies for this request: xpath, id, class name, accessibility id, css selector, -android uiautomator
2022-10-21 04:16:51:520 [BaseDriver] Waiting up to 10000 ms for condition
2022-10-21 04:16:51:522 [WD Proxy] Matched '/element' to command name 'findElement'
2022-10-21 04:16:51:522 [WD Proxy] Proxying [POST /element] to [POST http://127.0.0.1:8202/wd/hub/session/75896d04-b93d-4a00-86b6-ea0a587b8dc6/element] with body: {"strategy":"xpath","selector":"//androidx.recyclerview.widget.RecyclerView[@resource-id='com.mandir:id/rv_hora']/child::android.widget.FrameLayout[1]","context":"","multiple":false}
2022-10-21 04:16:52:252 [WD Proxy] Got response with status 200: {"sessionId":"75896d04-b93d-4a00-86b6-ea0a587b8dc6","value":{"ELEMENT":"00000000-0000-002e-ffff-ffff000009dd","element-6066-11e4-a52e-4f735466cecf":"00000000-0000-002e-ffff-ffff000009dd"}}
2022-10-21 04:16:52:252 [W3C (cf89eee3)] Responding to client with driver.findElement() result: {"element-6066-11e4-a52e-4f735466cecf":"00000000-0000-002e-ffff-ffff000009dd","ELEMENT":"00000000-0000-002e-ffff-ffff000009dd"}
2022-10-21 04:16:52:254 [HTTP] <-- POST /wd/hub/session/cf89eee3-e3ba-4980-a79f-cab6b77ff2e9/element 200 735 ms - 137
2022-10-21 04:16:52:254 [HTTP] 
2022-10-21 04:16:52:260 [HTTP] --> POST /wd/hub/session/cf89eee3-e3ba-4980-a79f-cab6b77ff2e9/element
2022-10-21 04:16:52:260 [HTTP] {"using":"xpath","value":"//androidx.recyclerview.widget.RecyclerView[@resource-id='com.mandir:id/rv_hora']/child::android.widget.FrameLayout[1]"}
2022-10-21 04:16:52:261 [W3C (cf89eee3)] Calling AppiumDriver.findElement() with args: ["xpath","//androidx.recyclerview.widget.RecyclerView[@resource-id='com.mandir:id/rv_hora']/child::android.widget.FrameLayout[1]","cf89eee3-e3ba-4980-a79f-cab6b77ff2e9"]
2022-10-21 04:16:52:261 [BaseDriver] Valid locator strategies for this request: xpath, id, class name, accessibility id, css selector, -android uiautomator
2022-10-21 04:16:52:261 [BaseDriver] Waiting up to 10000 ms for condition
2022-10-21 04:16:52:262 [WD Proxy] Matched '/element' to command name 'findElement'
2022-10-21 04:16:52:262 [WD Proxy] Proxying [POST /element] to [POST http://127.0.0.1:8202/wd/hub/session/75896d04-b93d-4a00-86b6-ea0a587b8dc6/element] with body: {"strategy":"xpath","selector":"//androidx.recyclerview.widget.RecyclerView[@resource-id='com.mandir:id/rv_hora']/child::android.widget.FrameLayout[1]","context":"","multiple":false}
2022-10-21 04:16:52:895 [WD Proxy] Got response with status 200: {"sessionId":"75896d04-b93d-4a00-86b6-ea0a587b8dc6","value":{"ELEMENT":"00000000-0000-002e-ffff-ffff000009dd","element-6066-11e4-a52e-4f735466cecf":"00000000-0000-002e-ffff-ffff000009dd"}}
2022-10-21 04:16:52:895 [W3C (cf89eee3)] Responding to client with driver.findElement() result: {"element-6066-11e4-a52e-4f735466cecf":"00000000-0000-002e-ffff-ffff000009dd","ELEMENT":"00000000-0000-002e-ffff-ffff000009dd"}
2022-10-21 04:16:52:896 [HTTP] <-- POST /wd/hub/session/cf89eee3-e3ba-4980-a79f-cab6b77ff2e9/element 200 636 ms - 137
2022-10-21 04:16:52:897 [HTTP] 
2022-10-21 04:16:52:901 [HTTP] --> GET /wd/hub/session/cf89eee3-e3ba-4980-a79f-cab6b77ff2e9/element/00000000-0000-002e-ffff-ffff000009dd/displayed
2022-10-21 04:16:52:901 [HTTP] {}
2022-10-21 04:16:52:902 [W3C (cf89eee3)] Calling AppiumDriver.elementDisplayed() with args: ["00000000-0000-002e-ffff-ffff000009dd","cf89eee3-e3ba-4980-a79f-cab6b77ff2e9"]
2022-10-21 04:16:52:903 [WD Proxy] Matched '/element/00000000-0000-002e-ffff-ffff000009dd/attribute/displayed' to command name 'getAttribute'
2022-10-21 04:16:52:903 [WD Proxy] Proxying [GET /element/00000000-0000-002e-ffff-ffff000009dd/attribute/displayed] to [GET http://127.0.0.1:8202/wd/hub/session/75896d04-b93d-4a00-86b6-ea0a587b8dc6/element/00000000-0000-002e-ffff-ffff000009dd/attribute/displayed] with no body
2022-10-21 04:16:52:934 [WD Proxy] Got response with status 200: {"sessionId":"75896d04-b93d-4a00-86b6-ea0a587b8dc6","value":"true"}
2022-10-21 04:16:52:935 [W3C (cf89eee3)] Responding to client with driver.elementDisplayed() result: true
2022-10-21 04:16:52:936 [HTTP] <-- GET /wd/hub/session/cf89eee3-e3ba-4980-a79f-cab6b77ff2e9/element/00000000-0000-002e-ffff-ffff000009dd/displayed 200 34 ms - 14
2022-10-21 04:16:52:936 [HTTP] 
2022-10-21 04:16:52:941 [HTTP] --> POST /wd/hub/session/cf89eee3-e3ba-4980-a79f-cab6b77ff2e9/element
2022-10-21 04:16:52:942 [HTTP] {"using":"xpath","value":"//androidx.recyclerview.widget.RecyclerView[@resource-id='com.mandir:id/rv_hora']/child::android.widget.FrameLayout[1]"}
2022-10-21 04:16:52:942 [W3C (cf89eee3)] Calling AppiumDriver.findElement() with args: ["xpath","//androidx.recyclerview.widget.RecyclerView[@resource-id='com.mandir:id/rv_hora']/child::android.widget.FrameLayout[1]","cf89eee3-e3ba-4980-a79f-cab6b77ff2e9"]
2022-10-21 04:16:52:943 [BaseDriver] Valid locator strategies for this request: xpath, id, class name, accessibility id, css selector, -android uiautomator
2022-10-21 04:16:52:943 [BaseDriver] Waiting up to 10000 ms for condition
2022-10-21 04:16:52:944 [WD Proxy] Matched '/element' to command name 'findElement'
2022-10-21 04:16:52:944 [WD Proxy] Proxying [POST /element] to [POST http://127.0.0.1:8202/wd/hub/session/75896d04-b93d-4a00-86b6-ea0a587b8dc6/element] with body: {"strategy":"xpath","selector":"//androidx.recyclerview.widget.RecyclerView[@resource-id='com.mandir:id/rv_hora']/child::android.widget.FrameLayout[1]","context":"","multiple":false}
2022-10-21 04:16:53:513 [WD Proxy] Got response with status 200: {"sessionId":"75896d04-b93d-4a00-86b6-ea0a587b8dc6","value":{"ELEMENT":"00000000-0000-002e-ffff-ffff000009dd","element-6066-11e4-a52e-4f735466cecf":"00000000-0000-002e-ffff-ffff000009dd"}}
2022-10-21 04:16:53:513 [W3C (cf89eee3)] Responding to client with driver.findElement() result: {"element-6066-11e4-a52e-4f735466cecf":"00000000-0000-002e-ffff-ffff000009dd","ELEMENT":"00000000-0000-002e-ffff-ffff000009dd"}
2022-10-21 04:16:53:514 [HTTP] <-- POST /wd/hub/session/cf89eee3-e3ba-4980-a79f-cab6b77ff2e9/element 200 572 ms - 137
2022-10-21 04:16:53:514 [HTTP] 
2022-10-21 04:16:53:518 [HTTP] --> GET /wd/hub/session/cf89eee3-e3ba-4980-a79f-cab6b77ff2e9/element/00000000-0000-002e-ffff-ffff000009dd/displayed
2022-10-21 04:16:53:518 [HTTP] {}
2022-10-21 04:16:53:519 [W3C (cf89eee3)] Calling AppiumDriver.elementDisplayed() with args: ["00000000-0000-002e-ffff-ffff000009dd","cf89eee3-e3ba-4980-a79f-cab6b77ff2e9"]
2022-10-21 04:16:53:520 [WD Proxy] Matched '/element/00000000-0000-002e-ffff-ffff000009dd/attribute/displayed' to command name 'getAttribute'
2022-10-21 04:16:53:520 [WD Proxy] Proxying [GET /element/00000000-0000-002e-ffff-ffff000009dd/attribute/displayed] to [GET http://127.0.0.1:8202/wd/hub/session/75896d04-b93d-4a00-86b6-ea0a587b8dc6/element/00000000-0000-002e-ffff-ffff000009dd/attribute/displayed] with no body
2022-10-21 04:16:53:546 [WD Proxy] Got response with status 200: {"sessionId":"75896d04-b93d-4a00-86b6-ea0a587b8dc6","value":"true"}
2022-10-21 04:16:53:546 [W3C (cf89eee3)] Responding to client with driver.elementDisplayed() result: true
2022-10-21 04:16:53:547 [HTTP] <-- GET /wd/hub/session/cf89eee3-e3ba-4980-a79f-cab6b77ff2e9/element/00000000-0000-002e-ffff-ffff000009dd/displayed 200 29 ms - 14
2022-10-21 04:16:53:547 [HTTP] 
2022-10-21 04:16:53:553 [HTTP] --> POST /wd/hub/session/cf89eee3-e3ba-4980-a79f-cab6b77ff2e9/element
2022-10-21 04:16:53:553 [HTTP] {"using":"xpath","value":"//androidx.recyclerview.widget.RecyclerView[@resource-id='com.mandir:id/rv_hora']/android.widget.FrameLayout[1]/android.view.ViewGroup[1]//android.widget.ImageView[@resource-id='com.mandir:id/iv_expand']"}
2022-10-21 04:16:53:554 [W3C (cf89eee3)] Calling AppiumDriver.findElement() with args: ["xpath","//androidx.recyclerview.widget.RecyclerView[@resource-id='com.mandir:id/rv_hora']/android.widget.FrameLayout[1]/android.view.ViewGroup[1]//android.widget.ImageView[@resource-id='com.mandir:id/iv_expand']","cf89eee3-e3ba-4980-a79f-cab6b77ff2e9"]
2022-10-21 04:16:53:554 [BaseDriver] Valid locator strategies for this request: xpath, id, class name, accessibility id, css selector, -android uiautomator
2022-10-21 04:16:53:554 [BaseDriver] Waiting up to 10000 ms for condition
2022-10-21 04:16:53:555 [WD Proxy] Matched '/element' to command name 'findElement'
2022-10-21 04:16:53:555 [WD Proxy] Proxying [POST /element] to [POST http://127.0.0.1:8202/wd/hub/session/75896d04-b93d-4a00-86b6-ea0a587b8dc6/element] with body: {"strategy":"xpath","selector":"//androidx.recyclerview.widget.RecyclerView[@resource-id='com.mandir:id/rv_hora']/android.widget.FrameLayout[1]/android.view.ViewGroup[1]//android.widget.ImageView[@resource-id='com.mandir:id/iv_expand']","context":"","multiple":false}
2022-10-21 04:16:54:189 [WD Proxy] Got response with status 200: {"sessionId":"75896d04-b93d-4a00-86b6-ea0a587b8dc6","value":{"ELEMENT":"00000000-0000-002e-ffff-ffff000009e2","element-6066-11e4-a52e-4f735466cecf":"00000000-0000-002e-ffff-ffff000009e2"}}
2022-10-21 04:16:54:191 [W3C (cf89eee3)] Responding to client with driver.findElement() result: {"element-6066-11e4-a52e-4f735466cecf":"00000000-0000-002e-ffff-ffff000009e2","ELEMENT":"00000000-0000-002e-ffff-ffff000009e2"}
2022-10-21 04:16:54:192 [HTTP] <-- POST /wd/hub/session/cf89eee3-e3ba-4980-a79f-cab6b77ff2e9/element 200 639 ms - 137
2022-10-21 04:16:54:192 [HTTP] 
2022-10-21 04:16:54:198 [HTTP] --> POST /wd/hub/session/cf89eee3-e3ba-4980-a79f-cab6b77ff2e9/element
2022-10-21 04:16:54:198 [HTTP] {"using":"xpath","value":"//androidx.recyclerview.widget.RecyclerView[@resource-id='com.mandir:id/rv_hora']/android.widget.FrameLayout[1]/android.view.ViewGroup[1]//android.widget.ImageView[@resource-id='com.mandir:id/iv_expand']"}
2022-10-21 04:16:54:199 [W3C (cf89eee3)] Calling AppiumDriver.findElement() with args: ["xpath","//androidx.recyclerview.widget.RecyclerView[@resource-id='com.mandir:id/rv_hora']/android.widget.FrameLayout[1]/android.view.ViewGroup[1]//android.widget.ImageView[@resource-id='com.mandir:id/iv_expand']","cf89eee3-e3ba-4980-a79f-cab6b77ff2e9"]
2022-10-21 04:16:54:199 [BaseDriver] Valid locator strategies for this request: xpath, id, class name, accessibility id, css selector, -android uiautomator
2022-10-21 04:16:54:199 [BaseDriver] Waiting up to 10000 ms for condition
2022-10-21 04:16:54:200 [WD Proxy] Matched '/element' to command name 'findElement'
2022-10-21 04:16:54:200 [WD Proxy] Proxying [POST /element] to [POST http://127.0.0.1:8202/wd/hub/session/75896d04-b93d-4a00-86b6-ea0a587b8dc6/element] with body: {"strategy":"xpath","selector":"//androidx.recyclerview.widget.RecyclerView[@resource-id='com.mandir:id/rv_hora']/android.widget.FrameLayout[1]/android.view.ViewGroup[1]//android.widget.ImageView[@resource-id='com.mandir:id/iv_expand']","context":"","multiple":false}
2022-10-21 04:16:54:576 [WD Proxy] Got response with status 200: {"sessionId":"75896d04-b93d-4a00-86b6-ea0a587b8dc6","value":{"ELEMENT":"00000000-0000-002e-ffff-ffff000009e2","element-6066-11e4-a52e-4f735466cecf":"00000000-0000-002e-ffff-ffff000009e2"}}
2022-10-21 04:16:54:577 [W3C (cf89eee3)] Responding to client with driver.findElement() result: {"element-6066-11e4-a52e-4f735466cecf":"00000000-0000-002e-ffff-ffff000009e2","ELEMENT":"00000000-0000-002e-ffff-ffff000009e2"}
2022-10-21 04:16:54:577 [HTTP] <-- POST /wd/hub/session/cf89eee3-e3ba-4980-a79f-cab6b77ff2e9/element 200 379 ms - 137
2022-10-21 04:16:54:578 [HTTP] 
2022-10-21 04:16:54:581 [HTTP] --> GET /wd/hub/session/cf89eee3-e3ba-4980-a79f-cab6b77ff2e9/element/00000000-0000-002e-ffff-ffff000009e2/displayed
2022-10-21 04:16:54:581 [HTTP] {}
2022-10-21 04:16:54:581 [W3C (cf89eee3)] Calling AppiumDriver.elementDisplayed() with args: ["00000000-0000-002e-ffff-ffff000009e2","cf89eee3-e3ba-4980-a79f-cab6b77ff2e9"]
2022-10-21 04:16:54:582 [WD Proxy] Matched '/element/00000000-0000-002e-ffff-ffff000009e2/attribute/displayed' to command name 'getAttribute'
2022-10-21 04:16:54:582 [WD Proxy] Proxying [GET /element/00000000-0000-002e-ffff-ffff000009e2/attribute/displayed] to [GET http://127.0.0.1:8202/wd/hub/session/75896d04-b93d-4a00-86b6-ea0a587b8dc6/element/00000000-0000-002e-ffff-ffff000009e2/attribute/displayed] with no body
2022-10-21 04:16:54:611 [WD Proxy] Got response with status 200: {"sessionId":"75896d04-b93d-4a00-86b6-ea0a587b8dc6","value":"true"}
2022-10-21 04:16:54:611 [W3C (cf89eee3)] Responding to client with driver.elementDisplayed() result: true
2022-10-21 04:16:54:612 [HTTP] <-- GET /wd/hub/session/cf89eee3-e3ba-4980-a79f-cab6b77ff2e9/element/00000000-0000-002e-ffff-ffff000009e2/displayed 200 31 ms - 14
2022-10-21 04:16:54:612 [HTTP] 
2022-10-21 04:16:54:617 [HTTP] --> POST /wd/hub/session/cf89eee3-e3ba-4980-a79f-cab6b77ff2e9/element
2022-10-21 04:16:54:617 [HTTP] {"using":"xpath","value":"//androidx.recyclerview.widget.RecyclerView[@resource-id='com.mandir:id/rv_hora']/android.widget.FrameLayout[1]/android.view.ViewGroup[1]//android.widget.ImageView[@resource-id='com.mandir:id/iv_expand']"}
2022-10-21 04:16:54:618 [W3C (cf89eee3)] Calling AppiumDriver.findElement() with args: ["xpath","//androidx.recyclerview.widget.RecyclerView[@resource-id='com.mandir:id/rv_hora']/android.widget.FrameLayout[1]/android.view.ViewGroup[1]//android.widget.ImageView[@resource-id='com.mandir:id/iv_expand']","cf89eee3-e3ba-4980-a79f-cab6b77ff2e9"]
2022-10-21 04:16:54:618 [BaseDriver] Valid locator strategies for this request: xpath, id, class name, accessibility id, css selector, -android uiautomator
2022-10-21 04:16:54:619 [BaseDriver] Waiting up to 10000 ms for condition
2022-10-21 04:16:54:619 [WD Proxy] Matched '/element' to command name 'findElement'
2022-10-21 04:16:54:619 [WD Proxy] Proxying [POST /element] to [POST http://127.0.0.1:8202/wd/hub/session/75896d04-b93d-4a00-86b6-ea0a587b8dc6/element] with body: {"strategy":"xpath","selector":"//androidx.recyclerview.widget.RecyclerView[@resource-id='com.mandir:id/rv_hora']/android.widget.FrameLayout[1]/android.view.ViewGroup[1]//android.widget.ImageView[@resource-id='com.mandir:id/iv_expand']","context":"","multiple":false}
2022-10-21 04:16:55:160 [WD Proxy] Got response with status 200: {"sessionId":"75896d04-b93d-4a00-86b6-ea0a587b8dc6","value":{"ELEMENT":"00000000-0000-002e-ffff-ffff000009e2","element-6066-11e4-a52e-4f735466cecf":"00000000-0000-002e-ffff-ffff000009e2"}}
2022-10-21 04:16:55:160 [W3C (cf89eee3)] Responding to client with driver.findElement() result: {"element-6066-11e4-a52e-4f735466cecf":"00000000-0000-002e-ffff-ffff000009e2","ELEMENT":"00000000-0000-002e-ffff-ffff000009e2"}
2022-10-21 04:16:55:161 [HTTP] <-- POST /wd/hub/session/cf89eee3-e3ba-4980-a79f-cab6b77ff2e9/element 200 544 ms - 137
2022-10-21 04:16:55:162 [HTTP] 
2022-10-21 04:16:55:168 [HTTP] --> POST /wd/hub/session/cf89eee3-e3ba-4980-a79f-cab6b77ff2e9/element
2022-10-21 04:16:55:169 [HTTP] {"using":"xpath","value":"//androidx.recyclerview.widget.RecyclerView[@resource-id='com.mandir:id/rv_hora']/android.widget.FrameLayout[1]/android.view.ViewGroup[1]//android.widget.ImageView[@resource-id='com.mandir:id/iv_expand']"}
2022-10-21 04:16:55:169 [W3C (cf89eee3)] Calling AppiumDriver.findElement() with args: ["xpath","//androidx.recyclerview.widget.RecyclerView[@resource-id='com.mandir:id/rv_hora']/android.widget.FrameLayout[1]/android.view.ViewGroup[1]//android.widget.ImageView[@resource-id='com.mandir:id/iv_expand']","cf89eee3-e3ba-4980-a79f-cab6b77ff2e9"]
2022-10-21 04:16:55:169 [BaseDriver] Valid locator strategies for this request: xpath, id, class name, accessibility id, css selector, -android uiautomator
2022-10-21 04:16:55:170 [BaseDriver] Waiting up to 10000 ms for condition
2022-10-21 04:16:55:170 [WD Proxy] Matched '/element' to command name 'findElement'
2022-10-21 04:16:55:170 [WD Proxy] Proxying [POST /element] to [POST http://127.0.0.1:8202/wd/hub/session/75896d04-b93d-4a00-86b6-ea0a587b8dc6/element] with body: {"strategy":"xpath","selector":"//androidx.recyclerview.widget.RecyclerView[@resource-id='com.mandir:id/rv_hora']/android.widget.FrameLayout[1]/android.view.ViewGroup[1]//android.widget.ImageView[@resource-id='com.mandir:id/iv_expand']","context":"","multiple":false}
2022-10-21 04:16:55:732 [WD Proxy] Got response with status 200: {"sessionId":"75896d04-b93d-4a00-86b6-ea0a587b8dc6","value":{"ELEMENT":"00000000-0000-002e-ffff-ffff000009e2","element-6066-11e4-a52e-4f735466cecf":"00000000-0000-002e-ffff-ffff000009e2"}}
2022-10-21 04:16:55:732 [W3C (cf89eee3)] Responding to client with driver.findElement() result: {"element-6066-11e4-a52e-4f735466cecf":"00000000-0000-002e-ffff-ffff000009e2","ELEMENT":"00000000-0000-002e-ffff-ffff000009e2"}
2022-10-21 04:16:55:734 [HTTP] <-- POST /wd/hub/session/cf89eee3-e3ba-4980-a79f-cab6b77ff2e9/element 200 565 ms - 137
2022-10-21 04:16:55:734 [HTTP] 
2022-10-21 04:16:55:740 [HTTP] --> POST /wd/hub/session/cf89eee3-e3ba-4980-a79f-cab6b77ff2e9/element/00000000-0000-002e-ffff-ffff000009e2/click
2022-10-21 04:16:55:741 [HTTP] {"id":"00000000-0000-002e-ffff-ffff000009e2"}
2022-10-21 04:16:55:741 [W3C (cf89eee3)] Calling AppiumDriver.click() with args: ["00000000-0000-002e-ffff-ffff000009e2","cf89eee3-e3ba-4980-a79f-cab6b77ff2e9"]
2022-10-21 04:16:55:742 [WD Proxy] Matched '/element/00000000-0000-002e-ffff-ffff000009e2/click' to command name 'click'
2022-10-21 04:16:55:742 [WD Proxy] Proxying [POST /element/00000000-0000-002e-ffff-ffff000009e2/click] to [POST http://127.0.0.1:8202/wd/hub/session/75896d04-b93d-4a00-86b6-ea0a587b8dc6/element/00000000-0000-002e-ffff-ffff000009e2/click] with body: {"element":"00000000-0000-002e-ffff-ffff000009e2"}
2022-10-21 04:16:55:812 [WD Proxy] Got response with status 200: {"sessionId":"75896d04-b93d-4a00-86b6-ea0a587b8dc6","value":null}
2022-10-21 04:16:55:812 [W3C (cf89eee3)] Responding to client with driver.click() result: null
2022-10-21 04:16:55:813 [HTTP] <-- POST /wd/hub/session/cf89eee3-e3ba-4980-a79f-cab6b77ff2e9/element/00000000-0000-002e-ffff-ffff000009e2/click 200 73 ms - 14
2022-10-21 04:16:55:813 [HTTP] 
2022-10-21 04:16:55:821 [HTTP] --> POST /wd/hub/session/cf89eee3-e3ba-4980-a79f-cab6b77ff2e9/element
2022-10-21 04:16:55:822 [HTTP] {"using":"xpath","value":"//androidx.recyclerview.widget.RecyclerView[@resource-id='com.mandir:id/rv_hora']//android.view.ViewGroup"}
2022-10-21 04:16:55:822 [W3C (cf89eee3)] Calling AppiumDriver.findElement() with args: ["xpath","//androidx.recyclerview.widget.RecyclerView[@resource-id='com.mandir:id/rv_hora']//android.view.ViewGroup","cf89eee3-e3ba-4980-a79f-cab6b77ff2e9"]
2022-10-21 04:16:55:822 [BaseDriver] Valid locator strategies for this request: xpath, id, class name, accessibility id, css selector, -android uiautomator
2022-10-21 04:16:55:823 [BaseDriver] Waiting up to 10000 ms for condition
2022-10-21 04:16:55:823 [WD Proxy] Matched '/element' to command name 'findElement'
2022-10-21 04:16:55:823 [WD Proxy] Proxying [POST /element] to [POST http://127.0.0.1:8202/wd/hub/session/75896d04-b93d-4a00-86b6-ea0a587b8dc6/element] with body: {"strategy":"xpath","selector":"//androidx.recyclerview.widget.RecyclerView[@resource-id='com.mandir:id/rv_hora']//android.view.ViewGroup","context":"","multiple":false}
2022-10-21 04:16:57:181 [WD Proxy] Got response with status 200: {"sessionId":"75896d04-b93d-4a00-86b6-ea0a587b8dc6","value":{"ELEMENT":"00000000-0000-002e-ffff-ffff000009de","element-6066-11e4-a52e-4f735466cecf":"00000000-0000-002e-ffff-ffff000009de"}}
2022-10-21 04:16:57:182 [W3C (cf89eee3)] Responding to client with driver.findElement() result: {"element-6066-11e4-a52e-4f735466cecf":"00000000-0000-002e-ffff-ffff000009de","ELEMENT":"00000000-0000-002e-ffff-ffff000009de"}
2022-10-21 04:16:57:183 [HTTP] <-- POST /wd/hub/session/cf89eee3-e3ba-4980-a79f-cab6b77ff2e9/element 200 1361 ms - 137
2022-10-21 04:16:57:184 [HTTP] 
2022-10-21 04:16:57:192 [HTTP] --> POST /wd/hub/session/cf89eee3-e3ba-4980-a79f-cab6b77ff2e9/element
2022-10-21 04:16:57:193 [HTTP] {"using":"xpath","value":"//androidx.recyclerview.widget.RecyclerView[@resource-id='com.mandir:id/rv_hora']//android.view.ViewGroup"}
2022-10-21 04:16:57:193 [W3C (cf89eee3)] Calling AppiumDriver.findElement() with args: ["xpath","//androidx.recyclerview.widget.RecyclerView[@resource-id='com.mandir:id/rv_hora']//android.view.ViewGroup","cf89eee3-e3ba-4980-a79f-cab6b77ff2e9"]
2022-10-21 04:16:57:194 [BaseDriver] Valid locator strategies for this request: xpath, id, class name, accessibility id, css selector, -android uiautomator
2022-10-21 04:16:57:194 [BaseDriver] Waiting up to 10000 ms for condition
2022-10-21 04:16:57:194 [WD Proxy] Matched '/element' to command name 'findElement'
2022-10-21 04:16:57:194 [WD Proxy] Proxying [POST /element] to [POST http://127.0.0.1:8202/wd/hub/session/75896d04-b93d-4a00-86b6-ea0a587b8dc6/element] with body: {"strategy":"xpath","selector":"//androidx.recyclerview.widget.RecyclerView[@resource-id='com.mandir:id/rv_hora']//android.view.ViewGroup","context":"","multiple":false}
2022-10-21 04:16:57:849 [WD Proxy] Got response with status 200: {"sessionId":"75896d04-b93d-4a00-86b6-ea0a587b8dc6","value":{"ELEMENT":"00000000-0000-002e-ffff-ffff000009de","element-6066-11e4-a52e-4f735466cecf":"00000000-0000-002e-ffff-ffff000009de"}}
2022-10-21 04:16:57:849 [W3C (cf89eee3)] Responding to client with driver.findElement() result: {"element-6066-11e4-a52e-4f735466cecf":"00000000-0000-002e-ffff-ffff000009de","ELEMENT":"00000000-0000-002e-ffff-ffff000009de"}
2022-10-21 04:16:57:850 [HTTP] <-- POST /wd/hub/session/cf89eee3-e3ba-4980-a79f-cab6b77ff2e9/element 200 658 ms - 137
2022-10-21 04:16:57:850 [HTTP] 
2022-10-21 04:16:57:855 [HTTP] --> GET /wd/hub/session/cf89eee3-e3ba-4980-a79f-cab6b77ff2e9/element/00000000-0000-002e-ffff-ffff000009de/displayed
2022-10-21 04:16:57:855 [HTTP] {}
2022-10-21 04:16:57:855 [W3C (cf89eee3)] Calling AppiumDriver.elementDisplayed() with args: ["00000000-0000-002e-ffff-ffff000009de","cf89eee3-e3ba-4980-a79f-cab6b77ff2e9"]
2022-10-21 04:16:57:856 [WD Proxy] Matched '/element/00000000-0000-002e-ffff-ffff000009de/attribute/displayed' to command name 'getAttribute'
2022-10-21 04:16:57:857 [WD Proxy] Proxying [GET /element/00000000-0000-002e-ffff-ffff000009de/attribute/displayed] to [GET http://127.0.0.1:8202/wd/hub/session/75896d04-b93d-4a00-86b6-ea0a587b8dc6/element/00000000-0000-002e-ffff-ffff000009de/attribute/displayed] with no body
2022-10-21 04:16:57:882 [WD Proxy] Got response with status 200: {"sessionId":"75896d04-b93d-4a00-86b6-ea0a587b8dc6","value":"true"}
2022-10-21 04:16:57:883 [W3C (cf89eee3)] Responding to client with driver.elementDisplayed() result: true
2022-10-21 04:16:57:884 [HTTP] <-- GET /wd/hub/session/cf89eee3-e3ba-4980-a79f-cab6b77ff2e9/element/00000000-0000-002e-ffff-ffff000009de/displayed 200 29 ms - 14
2022-10-21 04:16:57:884 [HTTP] 
2022-10-21 04:16:57:891 [HTTP] --> POST /wd/hub/session/cf89eee3-e3ba-4980-a79f-cab6b77ff2e9/element
2022-10-21 04:16:57:891 [HTTP] {"using":"xpath","value":"//androidx.recyclerview.widget.RecyclerView[@resource-id='com.mandir:id/rv_hora']//android.view.ViewGroup"}
2022-10-21 04:16:57:892 [W3C (cf89eee3)] Calling AppiumDriver.findElement() with args: ["xpath","//androidx.recyclerview.widget.RecyclerView[@resource-id='com.mandir:id/rv_hora']//android.view.ViewGroup","cf89eee3-e3ba-4980-a79f-cab6b77ff2e9"]
2022-10-21 04:16:57:893 [BaseDriver] Valid locator strategies for this request: xpath, id, class name, accessibility id, css selector, -android uiautomator
2022-10-21 04:16:57:894 [BaseDriver] Waiting up to 10000 ms for condition
2022-10-21 04:16:57:895 [WD Proxy] Matched '/element' to command name 'findElement'
2022-10-21 04:16:57:895 [WD Proxy] Proxying [POST /element] to [POST http://127.0.0.1:8202/wd/hub/session/75896d04-b93d-4a00-86b6-ea0a587b8dc6/element] with body: {"strategy":"xpath","selector":"//androidx.recyclerview.widget.RecyclerView[@resource-id='com.mandir:id/rv_hora']//android.view.ViewGroup","context":"","multiple":false}
2022-10-21 04:16:58:517 [WD Proxy] Got response with status 200: {"sessionId":"75896d04-b93d-4a00-86b6-ea0a587b8dc6","value":{"ELEMENT":"00000000-0000-002e-ffff-ffff000009de","element-6066-11e4-a52e-4f735466cecf":"00000000-0000-002e-ffff-ffff000009de"}}
2022-10-21 04:16:58:518 [W3C (cf89eee3)] Responding to client with driver.findElement() result: {"element-6066-11e4-a52e-4f735466cecf":"00000000-0000-002e-ffff-ffff000009de","ELEMENT":"00000000-0000-002e-ffff-ffff000009de"}
2022-10-21 04:16:58:522 [HTTP] <-- POST /wd/hub/session/cf89eee3-e3ba-4980-a79f-cab6b77ff2e9/element 200 628 ms - 137
2022-10-21 04:16:58:522 [HTTP] 
2022-10-21 04:16:58:525 [HTTP] --> GET /wd/hub/session/cf89eee3-e3ba-4980-a79f-cab6b77ff2e9/element/00000000-0000-002e-ffff-ffff000009de/displayed
2022-10-21 04:16:58:525 [HTTP] {}
2022-10-21 04:16:58:525 [W3C (cf89eee3)] Calling AppiumDriver.elementDisplayed() with args: ["00000000-0000-002e-ffff-ffff000009de","cf89eee3-e3ba-4980-a79f-cab6b77ff2e9"]
2022-10-21 04:16:58:526 [WD Proxy] Matched '/element/00000000-0000-002e-ffff-ffff000009de/attribute/displayed' to command name 'getAttribute'
2022-10-21 04:16:58:526 [WD Proxy] Proxying [GET /element/00000000-0000-002e-ffff-ffff000009de/attribute/displayed] to [GET http://127.0.0.1:8202/wd/hub/session/75896d04-b93d-4a00-86b6-ea0a587b8dc6/element/00000000-0000-002e-ffff-ffff000009de/attribute/displayed] with no body
2022-10-21 04:16:58:543 [WD Proxy] Got response with status 200: {"sessionId":"75896d04-b93d-4a00-86b6-ea0a587b8dc6","value":"true"}
2022-10-21 04:16:58:543 [W3C (cf89eee3)] Responding to client with driver.elementDisplayed() result: true
2022-10-21 04:16:58:544 [HTTP] <-- GET /wd/hub/session/cf89eee3-e3ba-4980-a79f-cab6b77ff2e9/element/00000000-0000-002e-ffff-ffff000009de/displayed 200 19 ms - 14
2022-10-21 04:16:58:545 [HTTP] 
2022-10-21 04:16:58:554 [HTTP] --> POST /wd/hub/session/cf89eee3-e3ba-4980-a79f-cab6b77ff2e9/element
2022-10-21 04:16:58:554 [HTTP] {"using":"-android uiautomator","value":"new UiScrollable(new UiSelector().scrollable(true)).scrollToEnd(100000)"}
2022-10-21 04:16:58:555 [W3C (cf89eee3)] Calling AppiumDriver.findElement() with args: ["-android uiautomator","new UiScrollable(new UiSelector().scrollable(true)).scrollToEnd(100000)","cf89eee3-e3ba-4980-a79f-cab6b77ff2e9"]
2022-10-21 04:16:58:555 [BaseDriver] Valid locator strategies for this request: xpath, id, class name, accessibility id, css selector, -android uiautomator
2022-10-21 04:16:58:555 [BaseDriver] Waiting up to 10000 ms for condition
2022-10-21 04:16:58:555 [WD Proxy] Matched '/element' to command name 'findElement'
2022-10-21 04:16:58:556 [WD Proxy] Proxying [POST /element] to [POST http://127.0.0.1:8202/wd/hub/session/75896d04-b93d-4a00-86b6-ea0a587b8dc6/element] with body: {"strategy":"-android uiautomator","selector":"new UiScrollable(new UiSelector().scrollable(true)).scrollToEnd(100000)","context":"","multiple":false}
2022-10-21 04:17:08:532 [WD Proxy] Got response with status 200: {"sessionId":"75896d04-b93d-4a00-86b6-ea0a587b8dc6","value":{"ELEMENT":"00000000-0000-002e-ffff-ffff00000041","element-6066-11e4-a52e-4f735466cecf":"00000000-0000-002e-ffff-ffff00000041"}}
2022-10-21 04:17:08:532 [W3C (cf89eee3)] Responding to client with driver.findElement() result: {"element-6066-11e4-a52e-4f735466cecf":"00000000-0000-002e-ffff-ffff00000041","ELEMENT":"00000000-0000-002e-ffff-ffff00000041"}
2022-10-21 04:17:08:533 [HTTP] <-- POST /wd/hub/session/cf89eee3-e3ba-4980-a79f-cab6b77ff2e9/element 200 9979 ms - 137
2022-10-21 04:17:08:533 [HTTP] 
2022-10-21 04:17:08:539 [HTTP] --> POST /wd/hub/session/cf89eee3-e3ba-4980-a79f-cab6b77ff2e9/element
2022-10-21 04:17:08:540 [HTTP] {"using":"id","value":"com.mandir:id/cta_whatsapp_share"}
2022-10-21 04:17:08:540 [W3C (cf89eee3)] Calling AppiumDriver.findElement() with args: ["id","com.mandir:id/cta_whatsapp_share","cf89eee3-e3ba-4980-a79f-cab6b77ff2e9"]
2022-10-21 04:17:08:541 [BaseDriver] Valid locator strategies for this request: xpath, id, class name, accessibility id, css selector, -android uiautomator
2022-10-21 04:17:08:541 [BaseDriver] Waiting up to 10000 ms for condition
2022-10-21 04:17:08:542 [WD Proxy] Matched '/element' to command name 'findElement'
2022-10-21 04:17:08:542 [WD Proxy] Proxying [POST /element] to [POST http://127.0.0.1:8202/wd/hub/session/75896d04-b93d-4a00-86b6-ea0a587b8dc6/element] with body: {"strategy":"id","selector":"com.mandir:id/cta_whatsapp_share","context":"","multiple":false}
2022-10-21 04:17:08:867 [WD Proxy] Got response with status 200: {"sessionId":"75896d04-b93d-4a00-86b6-ea0a587b8dc6","value":{"ELEMENT":"00000000-0000-002e-ffff-ffff00000535","element-6066-11e4-a52e-4f735466cecf":"00000000-0000-002e-ffff-ffff00000535"}}
2022-10-21 04:17:08:867 [W3C (cf89eee3)] Responding to client with driver.findElement() result: {"element-6066-11e4-a52e-4f735466cecf":"00000000-0000-002e-ffff-ffff00000535","ELEMENT":"00000000-0000-002e-ffff-ffff00000535"}
2022-10-21 04:17:08:868 [HTTP] <-- POST /wd/hub/session/cf89eee3-e3ba-4980-a79f-cab6b77ff2e9/element 200 329 ms - 137
2022-10-21 04:17:08:868 [HTTP] 
2022-10-21 04:17:08:873 [HTTP] --> POST /wd/hub/session/cf89eee3-e3ba-4980-a79f-cab6b77ff2e9/element
2022-10-21 04:17:08:873 [HTTP] {"using":"id","value":"com.mandir:id/cta_whatsapp_share"}
2022-10-21 04:17:08:874 [W3C (cf89eee3)] Calling AppiumDriver.findElement() with args: ["id","com.mandir:id/cta_whatsapp_share","cf89eee3-e3ba-4980-a79f-cab6b77ff2e9"]
2022-10-21 04:17:08:874 [BaseDriver] Valid locator strategies for this request: xpath, id, class name, accessibility id, css selector, -android uiautomator
2022-10-21 04:17:08:874 [BaseDriver] Waiting up to 10000 ms for condition
2022-10-21 04:17:08:875 [WD Proxy] Matched '/element' to command name 'findElement'
2022-10-21 04:17:08:875 [WD Proxy] Proxying [POST /element] to [POST http://127.0.0.1:8202/wd/hub/session/75896d04-b93d-4a00-86b6-ea0a587b8dc6/element] with body: {"strategy":"id","selector":"com.mandir:id/cta_whatsapp_share","context":"","multiple":false}
2022-10-21 04:17:09:226 [WD Proxy] Got response with status 200: {"sessionId":"75896d04-b93d-4a00-86b6-ea0a587b8dc6","value":{"ELEMENT":"00000000-0000-002e-ffff-ffff00000535","element-6066-11e4-a52e-4f735466cecf":"00000000-0000-002e-ffff-ffff00000535"}}
2022-10-21 04:17:09:227 [W3C (cf89eee3)] Responding to client with driver.findElement() result: {"element-6066-11e4-a52e-4f735466cecf":"00000000-0000-002e-ffff-ffff00000535","ELEMENT":"00000000-0000-002e-ffff-ffff00000535"}
2022-10-21 04:17:09:228 [HTTP] <-- POST /wd/hub/session/cf89eee3-e3ba-4980-a79f-cab6b77ff2e9/element 200 354 ms - 137
2022-10-21 04:17:09:228 [HTTP] 
2022-10-21 04:17:09:232 [HTTP] --> GET /wd/hub/session/cf89eee3-e3ba-4980-a79f-cab6b77ff2e9/element/00000000-0000-002e-ffff-ffff00000535/displayed
2022-10-21 04:17:09:232 [HTTP] {}
2022-10-21 04:17:09:233 [W3C (cf89eee3)] Calling AppiumDriver.elementDisplayed() with args: ["00000000-0000-002e-ffff-ffff00000535","cf89eee3-e3ba-4980-a79f-cab6b77ff2e9"]
2022-10-21 04:17:09:234 [WD Proxy] Matched '/element/00000000-0000-002e-ffff-ffff00000535/attribute/displayed' to command name 'getAttribute'
2022-10-21 04:17:09:234 [WD Proxy] Proxying [GET /element/00000000-0000-002e-ffff-ffff00000535/attribute/displayed] to [GET http://127.0.0.1:8202/wd/hub/session/75896d04-b93d-4a00-86b6-ea0a587b8dc6/element/00000000-0000-002e-ffff-ffff00000535/attribute/displayed] with no body
2022-10-21 04:17:09:266 [WD Proxy] Got response with status 200: {"sessionId":"75896d04-b93d-4a00-86b6-ea0a587b8dc6","value":"true"}
2022-10-21 04:17:09:267 [W3C (cf89eee3)] Responding to client with driver.elementDisplayed() result: true
2022-10-21 04:17:09:267 [HTTP] <-- GET /wd/hub/session/cf89eee3-e3ba-4980-a79f-cab6b77ff2e9/element/00000000-0000-002e-ffff-ffff00000535/displayed 200 35 ms - 14
2022-10-21 04:17:09:268 [HTTP] 
2022-10-21 04:17:09:273 [HTTP] --> POST /wd/hub/session/cf89eee3-e3ba-4980-a79f-cab6b77ff2e9/element
2022-10-21 04:17:09:273 [HTTP] {"using":"id","value":"com.mandir:id/cta_whatsapp_share"}
2022-10-21 04:17:09:274 [W3C (cf89eee3)] Calling AppiumDriver.findElement() with args: ["id","com.mandir:id/cta_whatsapp_share","cf89eee3-e3ba-4980-a79f-cab6b77ff2e9"]
2022-10-21 04:17:09:274 [BaseDriver] Valid locator strategies for this request: xpath, id, class name, accessibility id, css selector, -android uiautomator
2022-10-21 04:17:09:275 [BaseDriver] Waiting up to 10000 ms for condition
2022-10-21 04:17:09:275 [WD Proxy] Matched '/element' to command name 'findElement'
2022-10-21 04:17:09:276 [WD Proxy] Proxying [POST /element] to [POST http://127.0.0.1:8202/wd/hub/session/75896d04-b93d-4a00-86b6-ea0a587b8dc6/element] with body: {"strategy":"id","selector":"com.mandir:id/cta_whatsapp_share","context":"","multiple":false}
2022-10-21 04:17:09:722 [WD Proxy] Got response with status 200: {"sessionId":"75896d04-b93d-4a00-86b6-ea0a587b8dc6","value":{"ELEMENT":"00000000-0000-002e-ffff-ffff00000535","element-6066-11e4-a52e-4f735466cecf":"00000000-0000-002e-ffff-ffff00000535"}}
2022-10-21 04:17:09:723 [W3C (cf89eee3)] Responding to client with driver.findElement() result: {"element-6066-11e4-a52e-4f735466cecf":"00000000-0000-002e-ffff-ffff00000535","ELEMENT":"00000000-0000-002e-ffff-ffff00000535"}
2022-10-21 04:17:09:724 [HTTP] <-- POST /wd/hub/session/cf89eee3-e3ba-4980-a79f-cab6b77ff2e9/element 200 451 ms - 137
2022-10-21 04:17:09:724 [HTTP] 
2022-10-21 04:17:09:729 [HTTP] --> POST /wd/hub/session/cf89eee3-e3ba-4980-a79f-cab6b77ff2e9/element
2022-10-21 04:17:09:729 [HTTP] {"using":"id","value":"com.mandir:id/cta_whatsapp_share"}
2022-10-21 04:17:09:730 [W3C (cf89eee3)] Calling AppiumDriver.findElement() with args: ["id","com.mandir:id/cta_whatsapp_share","cf89eee3-e3ba-4980-a79f-cab6b77ff2e9"]
2022-10-21 04:17:09:730 [BaseDriver] Valid locator strategies for this request: xpath, id, class name, accessibility id, css selector, -android uiautomator
2022-10-21 04:17:09:731 [BaseDriver] Waiting up to 10000 ms for condition
2022-10-21 04:17:09:731 [WD Proxy] Matched '/element' to command name 'findElement'
2022-10-21 04:17:09:731 [WD Proxy] Proxying [POST /element] to [POST http://127.0.0.1:8202/wd/hub/session/75896d04-b93d-4a00-86b6-ea0a587b8dc6/element] with body: {"strategy":"id","selector":"com.mandir:id/cta_whatsapp_share","context":"","multiple":false}
2022-10-21 04:17:10:171 [WD Proxy] Got response with status 200: {"sessionId":"75896d04-b93d-4a00-86b6-ea0a587b8dc6","value":{"ELEMENT":"00000000-0000-002e-ffff-ffff00000535","element-6066-11e4-a52e-4f735466cecf":"00000000-0000-002e-ffff-ffff00000535"}}
2022-10-21 04:17:10:172 [W3C (cf89eee3)] Responding to client with driver.findElement() result: {"element-6066-11e4-a52e-4f735466cecf":"00000000-0000-002e-ffff-ffff00000535","ELEMENT":"00000000-0000-002e-ffff-ffff00000535"}
2022-10-21 04:17:10:172 [HTTP] <-- POST /wd/hub/session/cf89eee3-e3ba-4980-a79f-cab6b77ff2e9/element 200 443 ms - 137
2022-10-21 04:17:10:172 [HTTP] 
2022-10-21 04:17:10:178 [HTTP] --> POST /wd/hub/session/cf89eee3-e3ba-4980-a79f-cab6b77ff2e9/element/00000000-0000-002e-ffff-ffff00000535/click
2022-10-21 04:17:10:178 [HTTP] {"id":"00000000-0000-002e-ffff-ffff00000535"}
2022-10-21 04:17:10:178 [W3C (cf89eee3)] Calling AppiumDriver.click() with args: ["00000000-0000-002e-ffff-ffff00000535","cf89eee3-e3ba-4980-a79f-cab6b77ff2e9"]
2022-10-21 04:17:10:179 [WD Proxy] Matched '/element/00000000-0000-002e-ffff-ffff00000535/click' to command name 'click'
2022-10-21 04:17:10:179 [WD Proxy] Proxying [POST /element/00000000-0000-002e-ffff-ffff00000535/click] to [POST http://127.0.0.1:8202/wd/hub/session/75896d04-b93d-4a00-86b6-ea0a587b8dc6/element/00000000-0000-002e-ffff-ffff00000535/click] with body: {"element":"00000000-0000-002e-ffff-ffff00000535"}
2022-10-21 04:17:10:227 [WD Proxy] Got response with status 200: {"sessionId":"75896d04-b93d-4a00-86b6-ea0a587b8dc6","value":null}
2022-10-21 04:17:10:227 [W3C (cf89eee3)] Responding to client with driver.click() result: null
2022-10-21 04:17:10:228 [HTTP] <-- POST /wd/hub/session/cf89eee3-e3ba-4980-a79f-cab6b77ff2e9/element/00000000-0000-002e-ffff-ffff00000535/click 200 50 ms - 14
2022-10-21 04:17:10:228 [HTTP] 
2022-10-21 04:17:10:233 [HTTP] --> POST /wd/hub/session/cf89eee3-e3ba-4980-a79f-cab6b77ff2e9/element
2022-10-21 04:17:10:233 [HTTP] {"using":"id","value":"android:id/content_preview_text"}
2022-10-21 04:17:10:233 [W3C (cf89eee3)] Calling AppiumDriver.findElement() with args: ["id","android:id/content_preview_text","cf89eee3-e3ba-4980-a79f-cab6b77ff2e9"]
2022-10-21 04:17:10:234 [BaseDriver] Valid locator strategies for this request: xpath, id, class name, accessibility id, css selector, -android uiautomator
2022-10-21 04:17:10:234 [BaseDriver] Waiting up to 10000 ms for condition
2022-10-21 04:17:10:234 [WD Proxy] Matched '/element' to command name 'findElement'
2022-10-21 04:17:10:234 [WD Proxy] Proxying [POST /element] to [POST http://127.0.0.1:8202/wd/hub/session/75896d04-b93d-4a00-86b6-ea0a587b8dc6/element] with body: {"strategy":"id","selector":"android:id/content_preview_text","context":"","multiple":false}
2022-10-21 04:17:11:268 [WD Proxy] Got response with status 404: {"sessionId":"75896d04-b93d-4a00-86b6-ea0a587b8dc6","value":{"error":"no such element","message":"An element could not be located on the page using the given search parameters","stacktrace":"io.appium.uiautomator2.common.exceptions.ElementNotFoundException: An element could not be located on the page using the given search parameters\n\tat io.appium.uiautomator2.handler.FindElement.safeHandle(FindElement.java:70)\n\tat io.appium.uiautomator2.handler.request.SafeRequestHandler.handle(SafeRequestHandler.java:59)\n\tat io.appium.uiautomator2.server.AppiumServlet.handleRequest(AppiumServlet.java:266)\n\tat io.appium.uiautomator2.server.AppiumServlet.handleHttpRequest(AppiumServlet.java:260)\n\tat io.appium.uiautomator2.http.ServerHandler.channelRead(ServerHandler.java:68)\n\tat io.netty.channel.AbstractChannelHandlerContext.invokeChannelRead(AbstractChannelHandlerContext.java:366)\n\tat io.netty.channel.AbstractChannelHandlerContext.invokeChannelRead(AbstractChannelHandlerContext.java:352)\n\tat io.netty.chann...
2022-10-21 04:17:11:269 [W3C] Matched W3C error code 'no such element' to NoSuchElementError
2022-10-21 04:17:11:269 [BaseDriver] Waited for 1035 ms so far
2022-10-21 04:17:11:775 [WD Proxy] Matched '/element' to command name 'findElement'
2022-10-21 04:17:11:775 [WD Proxy] Proxying [POST /element] to [POST http://127.0.0.1:8202/wd/hub/session/75896d04-b93d-4a00-86b6-ea0a587b8dc6/element] with body: {"strategy":"id","selector":"android:id/content_preview_text","context":"","multiple":false}
2022-10-21 04:17:12:512 [WD Proxy] Got response with status 404: {"sessionId":"75896d04-b93d-4a00-86b6-ea0a587b8dc6","value":{"error":"no such element","message":"An element could not be located on the page using the given search parameters","stacktrace":"io.appium.uiautomator2.common.exceptions.ElementNotFoundException: An element could not be located on the page using the given search parameters\n\tat io.appium.uiautomator2.handler.FindElement.safeHandle(FindElement.java:70)\n\tat io.appium.uiautomator2.handler.request.SafeRequestHandler.handle(SafeRequestHandler.java:59)\n\tat io.appium.uiautomator2.server.AppiumServlet.handleRequest(AppiumServlet.java:266)\n\tat io.appium.uiautomator2.server.AppiumServlet.handleHttpRequest(AppiumServlet.java:260)\n\tat io.appium.uiautomator2.http.ServerHandler.channelRead(ServerHandler.java:68)\n\tat io.netty.channel.AbstractChannelHandlerContext.invokeChannelRead(AbstractChannelHandlerContext.java:366)\n\tat io.netty.channel.AbstractChannelHandlerContext.invokeChannelRead(AbstractChannelHandlerContext.java:352)\n\tat io.netty.chann...
2022-10-21 04:17:12:512 [W3C] Matched W3C error code 'no such element' to NoSuchElementError
2022-10-21 04:17:12:513 [BaseDriver] Waited for 2278 ms so far
2022-10-21 04:17:13:020 [WD Proxy] Matched '/element' to command name 'findElement'
2022-10-21 04:17:13:020 [WD Proxy] Proxying [POST /element] to [POST http://127.0.0.1:8202/wd/hub/session/75896d04-b93d-4a00-86b6-ea0a587b8dc6/element] with body: {"strategy":"id","selector":"android:id/content_preview_text","context":"","multiple":false}
2022-10-21 04:17:13:397 [WD Proxy] Got response with status 404: {"sessionId":"75896d04-b93d-4a00-86b6-ea0a587b8dc6","value":{"error":"no such element","message":"An element could not be located on the page using the given search parameters","stacktrace":"io.appium.uiautomator2.common.exceptions.ElementNotFoundException: An element could not be located on the page using the given search parameters\n\tat io.appium.uiautomator2.handler.FindElement.safeHandle(FindElement.java:70)\n\tat io.appium.uiautomator2.handler.request.SafeRequestHandler.handle(SafeRequestHandler.java:59)\n\tat io.appium.uiautomator2.server.AppiumServlet.handleRequest(AppiumServlet.java:266)\n\tat io.appium.uiautomator2.server.AppiumServlet.handleHttpRequest(AppiumServlet.java:260)\n\tat io.appium.uiautomator2.http.ServerHandler.channelRead(ServerHandler.java:68)\n\tat io.netty.channel.AbstractChannelHandlerContext.invokeChannelRead(AbstractChannelHandlerContext.java:366)\n\tat io.netty.channel.AbstractChannelHandlerContext.invokeChannelRead(AbstractChannelHandlerContext.java:352)\n\tat io.netty.chann...
2022-10-21 04:17:13:397 [W3C] Matched W3C error code 'no such element' to NoSuchElementError
2022-10-21 04:17:13:398 [BaseDriver] Waited for 3163 ms so far
2022-10-21 04:17:13:903 [WD Proxy] Matched '/element' to command name 'findElement'
2022-10-21 04:17:13:903 [WD Proxy] Proxying [POST /element] to [POST http://127.0.0.1:8202/wd/hub/session/75896d04-b93d-4a00-86b6-ea0a587b8dc6/element] with body: {"strategy":"id","selector":"android:id/content_preview_text","context":"","multiple":false}
2022-10-21 04:17:15:689 [WD Proxy] Got response with status 200: {"sessionId":"75896d04-b93d-4a00-86b6-ea0a587b8dc6","value":{"ELEMENT":"00000000-0000-002f-ffff-ffff000000b5","element-6066-11e4-a52e-4f735466cecf":"00000000-0000-002f-ffff-ffff000000b5"}}
2022-10-21 04:17:15:689 [W3C (cf89eee3)] Responding to client with driver.findElement() result: {"element-6066-11e4-a52e-4f735466cecf":"00000000-0000-002f-ffff-ffff000000b5","ELEMENT":"00000000-0000-002f-ffff-ffff000000b5"}
2022-10-21 04:17:15:690 [HTTP] <-- POST /wd/hub/session/cf89eee3-e3ba-4980-a79f-cab6b77ff2e9/element 200 5457 ms - 137
2022-10-21 04:17:15:690 [HTTP] 
2022-10-21 04:17:15:695 [HTTP] --> POST /wd/hub/session/cf89eee3-e3ba-4980-a79f-cab6b77ff2e9/element
2022-10-21 04:17:15:695 [HTTP] {"using":"id","value":"android:id/content_preview_text"}
2022-10-21 04:17:15:696 [W3C (cf89eee3)] Calling AppiumDriver.findElement() with args: ["id","android:id/content_preview_text","cf89eee3-e3ba-4980-a79f-cab6b77ff2e9"]
2022-10-21 04:17:15:696 [BaseDriver] Valid locator strategies for this request: xpath, id, class name, accessibility id, css selector, -android uiautomator
2022-10-21 04:17:15:696 [BaseDriver] Waiting up to 10000 ms for condition
2022-10-21 04:17:15:697 [WD Proxy] Matched '/element' to command name 'findElement'
2022-10-21 04:17:15:697 [WD Proxy] Proxying [POST /element] to [POST http://127.0.0.1:8202/wd/hub/session/75896d04-b93d-4a00-86b6-ea0a587b8dc6/element] with body: {"strategy":"id","selector":"android:id/content_preview_text","context":"","multiple":false}
2022-10-21 04:17:15:727 [WD Proxy] Got response with status 200: {"sessionId":"75896d04-b93d-4a00-86b6-ea0a587b8dc6","value":{"ELEMENT":"00000000-0000-002f-ffff-ffff000000b5","element-6066-11e4-a52e-4f735466cecf":"00000000-0000-002f-ffff-ffff000000b5"}}
2022-10-21 04:17:15:728 [W3C (cf89eee3)] Responding to client with driver.findElement() result: {"element-6066-11e4-a52e-4f735466cecf":"00000000-0000-002f-ffff-ffff000000b5","ELEMENT":"00000000-0000-002f-ffff-ffff000000b5"}
2022-10-21 04:17:15:729 [HTTP] <-- POST /wd/hub/session/cf89eee3-e3ba-4980-a79f-cab6b77ff2e9/element 200 34 ms - 137
2022-10-21 04:17:15:729 [HTTP] 
2022-10-21 04:17:15:732 [HTTP] --> GET /wd/hub/session/cf89eee3-e3ba-4980-a79f-cab6b77ff2e9/element/00000000-0000-002f-ffff-ffff000000b5/displayed
2022-10-21 04:17:15:732 [HTTP] {}
2022-10-21 04:17:15:736 [W3C (cf89eee3)] Calling AppiumDriver.elementDisplayed() with args: ["00000000-0000-002f-ffff-ffff000000b5","cf89eee3-e3ba-4980-a79f-cab6b77ff2e9"]
2022-10-21 04:17:15:736 [WD Proxy] Matched '/element/00000000-0000-002f-ffff-ffff000000b5/attribute/displayed' to command name 'getAttribute'
2022-10-21 04:17:15:736 [WD Proxy] Proxying [GET /element/00000000-0000-002f-ffff-ffff000000b5/attribute/displayed] to [GET http://127.0.0.1:8202/wd/hub/session/75896d04-b93d-4a00-86b6-ea0a587b8dc6/element/00000000-0000-002f-ffff-ffff000000b5/attribute/displayed] with no body
2022-10-21 04:17:15:754 [WD Proxy] Got response with status 200: {"sessionId":"75896d04-b93d-4a00-86b6-ea0a587b8dc6","value":"true"}
2022-10-21 04:17:15:754 [W3C (cf89eee3)] Responding to client with driver.elementDisplayed() result: true
2022-10-21 04:17:15:755 [HTTP] <-- GET /wd/hub/session/cf89eee3-e3ba-4980-a79f-cab6b77ff2e9/element/00000000-0000-002f-ffff-ffff000000b5/displayed 200 23 ms - 14
2022-10-21 04:17:15:755 [HTTP] 
2022-10-21 04:17:15:760 [HTTP] --> POST /wd/hub/session/cf89eee3-e3ba-4980-a79f-cab6b77ff2e9/element
2022-10-21 04:17:15:760 [HTTP] {"using":"id","value":"android:id/content_preview_text"}
2022-10-21 04:17:15:761 [W3C (cf89eee3)] Calling AppiumDriver.findElement() with args: ["id","android:id/content_preview_text","cf89eee3-e3ba-4980-a79f-cab6b77ff2e9"]
2022-10-21 04:17:15:761 [BaseDriver] Valid locator strategies for this request: xpath, id, class name, accessibility id, css selector, -android uiautomator
2022-10-21 04:17:15:761 [BaseDriver] Waiting up to 10000 ms for condition
2022-10-21 04:17:15:762 [WD Proxy] Matched '/element' to command name 'findElement'
2022-10-21 04:17:15:762 [WD Proxy] Proxying [POST /element] to [POST http://127.0.0.1:8202/wd/hub/session/75896d04-b93d-4a00-86b6-ea0a587b8dc6/element] with body: {"strategy":"id","selector":"android:id/content_preview_text","context":"","multiple":false}
2022-10-21 04:17:15:791 [WD Proxy] Got response with status 200: {"sessionId":"75896d04-b93d-4a00-86b6-ea0a587b8dc6","value":{"ELEMENT":"00000000-0000-002f-ffff-ffff000000b5","element-6066-11e4-a52e-4f735466cecf":"00000000-0000-002f-ffff-ffff000000b5"}}
2022-10-21 04:17:15:792 [W3C (cf89eee3)] Responding to client with driver.findElement() result: {"element-6066-11e4-a52e-4f735466cecf":"00000000-0000-002f-ffff-ffff000000b5","ELEMENT":"00000000-0000-002f-ffff-ffff000000b5"}
2022-10-21 04:17:15:793 [HTTP] <-- POST /wd/hub/session/cf89eee3-e3ba-4980-a79f-cab6b77ff2e9/element 200 32 ms - 137
2022-10-21 04:17:15:793 [HTTP] 
2022-10-21 04:17:15:798 [HTTP] --> GET /wd/hub/session/cf89eee3-e3ba-4980-a79f-cab6b77ff2e9/element/00000000-0000-002f-ffff-ffff000000b5/displayed
2022-10-21 04:17:15:798 [HTTP] {}
2022-10-21 04:17:15:799 [W3C (cf89eee3)] Calling AppiumDriver.elementDisplayed() with args: ["00000000-0000-002f-ffff-ffff000000b5","cf89eee3-e3ba-4980-a79f-cab6b77ff2e9"]
2022-10-21 04:17:15:800 [WD Proxy] Matched '/element/00000000-0000-002f-ffff-ffff000000b5/attribute/displayed' to command name 'getAttribute'
2022-10-21 04:17:15:800 [WD Proxy] Proxying [GET /element/00000000-0000-002f-ffff-ffff000000b5/attribute/displayed] to [GET http://127.0.0.1:8202/wd/hub/session/75896d04-b93d-4a00-86b6-ea0a587b8dc6/element/00000000-0000-002f-ffff-ffff000000b5/attribute/displayed] with no body
2022-10-21 04:17:15:820 [WD Proxy] Got response with status 200: {"sessionId":"75896d04-b93d-4a00-86b6-ea0a587b8dc6","value":"true"}
2022-10-21 04:17:15:821 [W3C (cf89eee3)] Responding to client with driver.elementDisplayed() result: true
2022-10-21 04:17:15:822 [HTTP] <-- GET /wd/hub/session/cf89eee3-e3ba-4980-a79f-cab6b77ff2e9/element/00000000-0000-002f-ffff-ffff000000b5/displayed 200 24 ms - 14
2022-10-21 04:17:15:822 [HTTP] 
2022-10-21 04:17:15:837 [HTTP] --> POST /wd/hub/session/cf89eee3-e3ba-4980-a79f-cab6b77ff2e9/appium/device/press_keycode
2022-10-21 04:17:15:837 [HTTP] {"keycode":4}
2022-10-21 04:17:15:842 [W3C (cf89eee3)] Calling AppiumDriver.pressKeyCode() with args: [4,null,null,null,null,"cf89eee3-e3ba-4980-a79f-cab6b77ff2e9"]
2022-10-21 04:17:15:844 [WD Proxy] Matched '/appium/device/press_keycode' to command name 'pressKeyCode'
2022-10-21 04:17:15:845 [WD Proxy] Proxying [POST /appium/device/press_keycode] to [POST http://127.0.0.1:8202/wd/hub/session/75896d04-b93d-4a00-86b6-ea0a587b8dc6/appium/device/press_keycode] with body: {"keycode":4,"metastate":null,"flags":null}
2022-10-21 04:17:16:459 [WD Proxy] Got response with status 200: {"sessionId":"75896d04-b93d-4a00-86b6-ea0a587b8dc6","value":null}
2022-10-21 04:17:16:460 [W3C (cf89eee3)] Responding to client with driver.pressKeyCode() result: null
2022-10-21 04:17:16:461 [HTTP] <-- POST /wd/hub/session/cf89eee3-e3ba-4980-a79f-cab6b77ff2e9/appium/device/press_keycode 200 624 ms - 14
2022-10-21 04:17:16:461 [HTTP] 
2022-10-21 04:17:16:471 [HTTP] --> POST /wd/hub/session/cf89eee3-e3ba-4980-a79f-cab6b77ff2e9/appium/app/close
2022-10-21 04:17:16:471 [HTTP] {}
2022-10-21 04:17:16:480 [W3C (cf89eee3)] Calling AppiumDriver.closeApp() with args: ["cf89eee3-e3ba-4980-a79f-cab6b77ff2e9"]
2022-10-21 04:17:16:481 [ADB] Running 'C:\Users\Shilpa\AppData\Local\Android\Sdk\platform-tools\adb.exe -P 5037 -s emulator-5554 shell am force-stop com.mandir'
2022-10-21 04:17:17:073 [W3C (cf89eee3)] Responding to client with driver.closeApp() result: null
2022-10-21 04:17:17:074 [HTTP] <-- POST /wd/hub/session/cf89eee3-e3ba-4980-a79f-cab6b77ff2e9/appium/app/close 200 603 ms - 14
2022-10-21 04:17:17:075 [HTTP] 
