2022-10-20 07:48:27:641 [Appium] Welcome to Appium v1.22.3
2022-10-20 07:48:27:642 [Appium] Non-default server args:
2022-10-20 07:48:27:643 [Appium]   address: 127.0.0.1
2022-10-20 07:48:27:643 [Appium]   port: 34330
2022-10-20 07:48:27:643 [Appium]   logFile: C:\Users\Shilpa\Documents\New_Sri_Mandir\SRI_MANDIR(Different languages)\.\ServerLogs\appiumSriMandirVerifySujav111.log
2022-10-20 07:48:27:672 [Appium] Appium REST http interface listener started on 127.0.0.1:34330
2022-10-20 07:48:27:889 [HTTP] --> GET /wd/hub/status
2022-10-20 07:48:27:890 [HTTP] {}
2022-10-20 07:48:27:893 [GENERIC] Calling AppiumDriver.getStatus() with args: []
2022-10-20 07:48:27:896 [GENERIC] Responding to client with driver.getStatus() result: {"build":{"version":"1.22.3"}}
2022-10-20 07:48:27:907 [HTTP] <-- GET /wd/hub/status 200 14 ms - 68
2022-10-20 07:48:27:907 [HTTP] 
2022-10-20 07:48:29:246 [HTTP] --> POST /wd/hub/session
2022-10-20 07:48:29:248 [HTTP] {"desiredCapabilities":{"app":"./src/main/java/resources/app-debug-3.8.0.apk","noReset":true,"automationName":"UiAutomator2","autoGrantPermissions":true,"platformName":"Android","udid":"emulator-5554","platform":"ANDROID"},"capabilities":{"firstMatch":[{"appium:app":"./src/main/java/resources/app-debug-3.8.0.apk","appium:autoGrantPermissions":true,"appium:automationName":"UiAutomator2","appium:noReset":true,"platform":"ANDROID","platformName":"android","appium:udid":"emulator-5554"}]}}
2022-10-20 07:48:29:251 [W3C] Calling AppiumDriver.createSession() with args: [{"app":"./src/main/java/resources/app-debug-3.8.0.apk","noReset":true,"automationName":"UiAutomator2","autoGrantPermissions":true,"platformName":"Android","udid":"emulator-5554","platform":"ANDROID"},null,{"firstMatch":[{"appium:app":"./src/main/java/resources/app-debug-3.8.0.apk","appium:autoGrantPermissions":true,"appium:automationName":"UiAutomator2","appium:noReset":true,"platform":"ANDROID","platformName":"android","appium:udid":"emulator-5554"}]}]
2022-10-20 07:48:29:255 [BaseDriver] Event 'newSessionRequested' logged at 1666252109253 (13:18:29 GMT+0530 (India Standard Time))
2022-10-20 07:48:29:268 [BaseDriver] The following capabilities are not standard capabilities and should have an extension prefix:
2022-10-20 07:48:29:269 [BaseDriver]   platform
2022-10-20 07:48:30:075 [Appium] Appium v1.22.3 creating new AndroidUiautomator2Driver (v1.70.1) session
2022-10-20 07:48:30:083 [BaseDriver] W3C capabilities and MJSONWP desired capabilities were provided
2022-10-20 07:48:30:084 [BaseDriver] Creating session with W3C capabilities: {
2022-10-20 07:48:30:084 [BaseDriver]   "alwaysMatch": {
2022-10-20 07:48:30:085 [BaseDriver]     "appium:platform": "ANDROID",
2022-10-20 07:48:30:085 [BaseDriver]     "platformName": "android",
2022-10-20 07:48:30:085 [BaseDriver]     "appium:app": "./src/main/java/resources/app-debug-3.8.0.apk",
2022-10-20 07:48:30:086 [BaseDriver]     "appium:autoGrantPermissions": true,
2022-10-20 07:48:30:086 [BaseDriver]     "appium:automationName": "UiAutomator2",
2022-10-20 07:48:30:086 [BaseDriver]     "appium:noReset": true,
2022-10-20 07:48:30:086 [BaseDriver]     "appium:udid": "emulator-5554"
2022-10-20 07:48:30:087 [BaseDriver]   },
2022-10-20 07:48:30:087 [BaseDriver]   "firstMatch": [
2022-10-20 07:48:30:087 [BaseDriver]     {}
2022-10-20 07:48:30:087 [BaseDriver]   ]
2022-10-20 07:48:30:088 [BaseDriver] }
2022-10-20 07:48:30:105 [BaseDriver] The following capabilities were provided, but are not recognized by Appium:
2022-10-20 07:48:30:105 [BaseDriver]   platform
2022-10-20 07:48:30:108 [BaseDriver] Session created with session id: 2f4aaa91-a5b8-46d5-8e9a-6d874da2574a
2022-10-20 07:48:30:115 [BaseDriver] Using local app './src/main/java/resources/app-debug-3.8.0.apk'
2022-10-20 07:48:30:115 [BaseDriver] The current application path './src/main/java/resources/app-debug-3.8.0.apk' is not absolute and has been rewritten to 'C:\Users\Shilpa\Documents\New_Sri_Mandir\SRI_MANDIR(Different languages)\src\main\java\resources\app-debug-3.8.0.apk'. Consider using absolute paths rather than relative
2022-10-20 07:48:30:116 [UiAutomator2] Checking whether app is actually present
2022-10-20 07:48:30:175 [ADB] Found 2 'build-tools' folders under 'C:\Users\Shilpa\AppData\Local\Android\Sdk' (newest first):
2022-10-20 07:48:30:176 [ADB]     C:/Users/Shilpa/AppData/Local/Android/Sdk/build-tools/33.0.0
2022-10-20 07:48:30:176 [ADB]     C:/Users/Shilpa/AppData/Local/Android/Sdk/build-tools/30.0.3
2022-10-20 07:48:30:178 [ADB] Using 'adb.exe' from 'C:\Users\Shilpa\AppData\Local\Android\Sdk\platform-tools\adb.exe'
2022-10-20 07:48:30:180 [ADB] Running 'C:\Users\Shilpa\AppData\Local\Android\Sdk\platform-tools\adb.exe -P 5037 start-server'
2022-10-20 07:48:30:239 [AndroidDriver] Retrieving device list
2022-10-20 07:48:30:241 [ADB] Trying to find a connected android device
2022-10-20 07:48:30:242 [ADB] Getting connected devices
2022-10-20 07:48:30:286 [ADB] Connected devices: [{"udid":"emulator-5554","state":"device"}]
2022-10-20 07:48:30:288 [AndroidDriver] Using device: emulator-5554
2022-10-20 07:48:30:292 [ADB] Using 'adb.exe' from 'C:\Users\Shilpa\AppData\Local\Android\Sdk\platform-tools\adb.exe'
2022-10-20 07:48:30:292 [ADB] Running 'C:\Users\Shilpa\AppData\Local\Android\Sdk\platform-tools\adb.exe -P 5037 start-server'
2022-10-20 07:48:30:337 [ADB] Setting device id to emulator-5554
2022-10-20 07:48:30:339 [ADB] Running 'C:\Users\Shilpa\AppData\Local\Android\Sdk\platform-tools\adb.exe -P 5037 -s emulator-5554 shell getprop ro.build.version.sdk'
2022-10-20 07:48:30:411 [ADB] Current device property 'ro.build.version.sdk': 31
2022-10-20 07:48:30:412 [ADB] Getting device platform version
2022-10-20 07:48:30:413 [ADB] Running 'C:\Users\Shilpa\AppData\Local\Android\Sdk\platform-tools\adb.exe -P 5037 -s emulator-5554 shell getprop ro.build.version.release'
2022-10-20 07:48:30:508 [ADB] Current device property 'ro.build.version.release': 12
2022-10-20 07:48:30:508 [ADB] Device API level: 31
2022-10-20 07:48:30:509 [UiAutomator2] Relaxing hidden api policy
2022-10-20 07:48:30:510 [ADB] Running 'C:\Users\Shilpa\AppData\Local\Android\Sdk\platform-tools\adb.exe -P 5037 -s emulator-5554 shell 'settings put global hidden_api_policy_pre_p_apps 1;settings put global hidden_api_policy_p_apps 1;settings put global hidden_api_policy 1''
2022-10-20 07:48:30:683 [AndroidDriver] Parsing package and activity from app manifest
2022-10-20 07:48:30:840 [ADB] Package name: 'com.mandir'
2022-10-20 07:48:30:840 [ADB] Main activity name: 'com.mandir.ui.activity.SplashActivity'
2022-10-20 07:48:30:841 [AndroidDriver] Parsed package and activity are: com.mandir/com.mandir.ui.activity.SplashActivity
2022-10-20 07:48:30:842 [ADB] Running 'C:\Users\Shilpa\AppData\Local\Android\Sdk\platform-tools\adb.exe -P 5037 -s emulator-5554 wait-for-device'
2022-10-20 07:48:30:885 [ADB] Running 'C:\Users\Shilpa\AppData\Local\Android\Sdk\platform-tools\adb.exe -P 5037 -s emulator-5554 shell echo ping'
2022-10-20 07:48:30:959 [AndroidDriver] Pushing settings apk to device...
2022-10-20 07:48:30:961 [ADB] Getting install status for io.appium.settings
2022-10-20 07:48:30:961 [ADB] Running 'C:\Users\Shilpa\AppData\Local\Android\Sdk\platform-tools\adb.exe -P 5037 -s emulator-5554 shell dumpsys package io.appium.settings'
2022-10-20 07:48:31:240 [ADB] 'io.appium.settings' is installed
2022-10-20 07:48:31:241 [ADB] Getting package info for 'io.appium.settings'
2022-10-20 07:48:31:242 [ADB] Running 'C:\Users\Shilpa\AppData\Local\Android\Sdk\platform-tools\adb.exe -P 5037 -s emulator-5554 shell dumpsys package io.appium.settings'
2022-10-20 07:48:31:337 [ADB] The version name of the installed 'io.appium.settings' is greater or equal to the application version name ('3.4.0' >= '3.4.0')
2022-10-20 07:48:31:338 [ADB] There is no need to install/upgrade 'C:\Users\Shilpa\AppData\Roaming\npm\node_modules\appium\node_modules\io.appium.settings\apks\settings_apk-debug.apk'
2022-10-20 07:48:31:340 [ADB] Getting IDs of all 'io.appium.settings' processes
2022-10-20 07:48:31:340 [ADB] Running 'C:\Users\Shilpa\AppData\Local\Android\Sdk\platform-tools\adb.exe -P 5037 -s emulator-5554 shell 'pgrep --help; echo $?''
2022-10-20 07:48:31:390 [ADB] Running 'C:\Users\Shilpa\AppData\Local\Android\Sdk\platform-tools\adb.exe -P 5037 -s emulator-5554 shell pgrep -f \(\[\[:blank:\]\]\|\^\)io\.appium\.settings\(\[\[:blank:\]\]\|\$\)'
2022-10-20 07:48:31:488 [AndroidDriver] io.appium.settings is already running. There is no need to reset its permissions.
2022-10-20 07:48:31:492 [Logcat] Starting logs capture with command: C:\\Users\\Shilpa\\AppData\\Local\\Android\\Sdk\\platform-tools\\adb.exe -P 5037 -s emulator-5554 logcat -v threadtime
2022-10-20 07:48:31:585 [UiAutomator2] Forwarding UiAutomator2 Server port 6790 to local port 8206
2022-10-20 07:48:31:587 [ADB] Forwarding system: 8206 to device: 6790
2022-10-20 07:48:31:588 [ADB] Running 'C:\Users\Shilpa\AppData\Local\Android\Sdk\platform-tools\adb.exe -P 5037 -s emulator-5554 forward tcp:8206 tcp:6790'
2022-10-20 07:48:31:667 [ADB] Getting install status for io.appium.uiautomator2.server
2022-10-20 07:48:31:667 [ADB] Running 'C:\Users\Shilpa\AppData\Local\Android\Sdk\platform-tools\adb.exe -P 5037 -s emulator-5554 shell dumpsys package io.appium.uiautomator2.server'
2022-10-20 07:48:31:984 [ADB] 'io.appium.uiautomator2.server' is installed
2022-10-20 07:48:31:985 [ADB] Getting package info for 'io.appium.uiautomator2.server'
2022-10-20 07:48:31:985 [ADB] Running 'C:\Users\Shilpa\AppData\Local\Android\Sdk\platform-tools\adb.exe -P 5037 -s emulator-5554 shell dumpsys package io.appium.uiautomator2.server'
2022-10-20 07:48:32:531 [ADB] The version name of the installed 'io.appium.uiautomator2.server' is greater or equal to the application version name ('4.27.0' >= '4.27.0')
2022-10-20 07:48:32:532 [UiAutomator2] io.appium.uiautomator2.server installation state: sameVersionInstalled
2022-10-20 07:48:32:533 [ADB] Checking app cert for C:\Users\Shilpa\AppData\Roaming\npm\node_modules\appium\node_modules\appium-uiautomator2-server\apks\appium-uiautomator2-server-v4.27.0.apk
2022-10-20 07:48:32:602 [ADB] Using 'apksigner.jar' from 'C:\Users\Shilpa\AppData\Local\Android\Sdk\build-tools\33.0.0\lib\apksigner.jar'
2022-10-20 07:48:32:606 [ADB] Starting apksigner: 'C:\\Program Files\\Java\\jdk1.8.0_291\\bin\\java.exe' -Xmx1024M -Xss1m -jar C:\\Users\\Shilpa\\AppData\\Local\\Android\\Sdk\\build-tools\\33.0.0\\lib\\apksigner.jar verify --print-certs C:\\Users\\Shilpa\\AppData\\Roaming\\npm\\node_modules\\appium\\node_modules\\appium-uiautomator2-server\\apks\\appium-uiautomator2-server-v4.27.0.apk
2022-10-20 07:48:33:671 [ADB] apksigner stdout: Signer #1 certificate DN: EMAILADDRESS=android@android.com, CN=Android, OU=Android, O=Android, L=Mountain View, ST=California, C=US
2022-10-20 07:48:33:672 [ADB] Signer #1 certificate SHA-256 digest: a40da80a59d170caa950cf15c18c454d47a39b26989d8b640ecd745ba71bf5dc
2022-10-20 07:48:33:672 [ADB] Signer #1 certificate SHA-1 digest: 61ed377e85d386a8dfee6b864bd85b0bfaa5af81
2022-10-20 07:48:33:672 [ADB] Signer #1 certificate MD5 digest: e89b158e4bcf988ebd09eb83f5378e87
2022-10-20 07:48:33:673 [ADB] 
2022-10-20 07:48:33:675 [ADB] sha256 hash did match for 'appium-uiautomator2-server-v4.27.0.apk'
2022-10-20 07:48:33:675 [ADB] 'C:\Users\Shilpa\AppData\Roaming\npm\node_modules\appium\node_modules\appium-uiautomator2-server\apks\appium-uiautomator2-server-v4.27.0.apk' is signed with the default certificate
2022-10-20 07:48:33:675 [ADB] Getting install status for io.appium.uiautomator2.server.test
2022-10-20 07:48:33:676 [ADB] Running 'C:\Users\Shilpa\AppData\Local\Android\Sdk\platform-tools\adb.exe -P 5037 -s emulator-5554 shell dumpsys package io.appium.uiautomator2.server.test'
2022-10-20 07:48:33:786 [ADB] 'io.appium.uiautomator2.server.test' is installed
2022-10-20 07:48:33:788 [ADB] Checking app cert for C:\Users\Shilpa\AppData\Roaming\npm\node_modules\appium\node_modules\appium-uiautomator2-server\apks\appium-uiautomator2-server-debug-androidTest.apk
2022-10-20 07:48:33:797 [ADB] Starting apksigner: 'C:\\Program Files\\Java\\jdk1.8.0_291\\bin\\java.exe' -Xmx1024M -Xss1m -jar C:\\Users\\Shilpa\\AppData\\Local\\Android\\Sdk\\build-tools\\33.0.0\\lib\\apksigner.jar verify --print-certs C:\\Users\\Shilpa\\AppData\\Roaming\\npm\\node_modules\\appium\\node_modules\\appium-uiautomator2-server\\apks\\appium-uiautomator2-server-debug-androidTest.apk
2022-10-20 07:48:34:593 [ADB] apksigner stdout: Signer #1 certificate DN: EMAILADDRESS=android@android.com, CN=Android, OU=Android, O=Android, L=Mountain View, ST=California, C=US
2022-10-20 07:48:34:594 [ADB] Signer #1 certificate SHA-256 digest: a40da80a59d170caa950cf15c18c454d47a39b26989d8b640ecd745ba71bf5dc
2022-10-20 07:48:34:594 [ADB] Signer #1 certificate SHA-1 digest: 61ed377e85d386a8dfee6b864bd85b0bfaa5af81
2022-10-20 07:48:34:595 [ADB] Signer #1 certificate MD5 digest: e89b158e4bcf988ebd09eb83f5378e87
2022-10-20 07:48:34:595 [ADB] 
2022-10-20 07:48:34:596 [ADB] sha256 hash did match for 'appium-uiautomator2-server-debug-androidTest.apk'
2022-10-20 07:48:34:596 [ADB] 'C:\Users\Shilpa\AppData\Roaming\npm\node_modules\appium\node_modules\appium-uiautomator2-server\apks\appium-uiautomator2-server-debug-androidTest.apk' is signed with the default certificate
2022-10-20 07:48:34:596 [UiAutomator2] Server packages are not going to be (re)installed
2022-10-20 07:48:34:603 [UiAutomator2] Waiting up to 30000ms for services to be available
2022-10-20 07:48:34:604 [ADB] Running 'C:\Users\Shilpa\AppData\Local\Android\Sdk\platform-tools\adb.exe -P 5037 -s emulator-5554 shell pm list instrumentation'
2022-10-20 07:48:34:718 [UiAutomator2] Instrumentation target 'io.appium.uiautomator2.server.test/androidx.test.runner.AndroidJUnitRunner' is available
2022-10-20 07:48:34:725 [ADB] Adding packages ["io.appium.settings","io.appium.uiautomator2.server","io.appium.uiautomator2.server.test"] to Doze whitelist
2022-10-20 07:48:34:726 [ADB] Got the following command chunks to execute: [["dumpsys","deviceidle","whitelist","+io.appium.settings",";","dumpsys","deviceidle","whitelist","+io.appium.uiautomator2.server",";","dumpsys","deviceidle","whitelist","+io.appium.uiautomator2.server.test",";"]]
2022-10-20 07:48:34:726 [ADB] Running 'C:\Users\Shilpa\AppData\Local\Android\Sdk\platform-tools\adb.exe -P 5037 -s emulator-5554 shell dumpsys deviceidle whitelist +io.appium.settings ; dumpsys deviceidle whitelist +io.appium.uiautomator2.server ; dumpsys deviceidle whitelist +io.appium.uiautomator2.server.test ;'
2022-10-20 07:48:34:892 [ADB] Checking app cert for C:\Users\Shilpa\Documents\New_Sri_Mandir\SRI_MANDIR(Different languages)\src\main\java\resources\app-debug-3.8.0.apk
2022-10-20 07:48:35:854 [ADB] Starting apksigner: 'C:\\Program Files\\Java\\jdk1.8.0_291\\bin\\java.exe' -Xmx1024M -Xss1m -jar C:\\Users\\Shilpa\\AppData\\Local\\Android\\Sdk\\build-tools\\33.0.0\\lib\\apksigner.jar verify --print-certs 'C:\\Users\\Shilpa\\Documents\\New_Sri_Mandir\\SRI_MANDIR(Different languages)\\src\\main\\java\\resources\\app-debug-3.8.0.apk'
2022-10-20 07:48:42:692 [ADB] apksigner stdout: Signer #1 certificate DN: C=US, O=Android, CN=Android Debug
2022-10-20 07:48:42:693 [ADB] Signer #1 certificate SHA-256 digest: ffe3f74dd4b99b12dd63d207a90d1eb840869ef6f0303daaab8485d82cc377d0
2022-10-20 07:48:42:693 [ADB] Signer #1 certificate SHA-1 digest: d61e3b86f3eece241d9e58fa90b8a2e151b8685a
2022-10-20 07:48:42:693 [ADB] Signer #1 certificate MD5 digest: c57e6882d4d2db60bf329c1ab6c9a33c
2022-10-20 07:48:42:694 [ADB] 
2022-10-20 07:48:42:694 [ADB] 'C:\Users\Shilpa\Documents\New_Sri_Mandir\SRI_MANDIR(Different languages)\src\main\java\resources\app-debug-3.8.0.apk' is signed with a non-default certificate
2022-10-20 07:48:42:696 [ADB] Getting install status for com.mandir
2022-10-20 07:48:42:696 [ADB] Running 'C:\Users\Shilpa\AppData\Local\Android\Sdk\platform-tools\adb.exe -P 5037 -s emulator-5554 shell dumpsys package com.mandir'
2022-10-20 07:48:42:796 [ADB] 'com.mandir' is installed
2022-10-20 07:48:42:797 [ADB] Getting package info for 'com.mandir'
2022-10-20 07:48:42:797 [ADB] Running 'C:\Users\Shilpa\AppData\Local\Android\Sdk\platform-tools\adb.exe -P 5037 -s emulator-5554 shell dumpsys package com.mandir'
2022-10-20 07:48:43:041 [ADB] The version name of the installed 'com.mandir' is greater or equal to the application version name ('3.7.5' >= '3.7.5')
2022-10-20 07:48:43:042 [ADB] There is no need to install/upgrade 'C:\Users\Shilpa\Documents\New_Sri_Mandir\SRI_MANDIR(Different languages)\src\main\java\resources\app-debug-3.8.0.apk'
2022-10-20 07:48:43:044 [UiAutomator2] Performing shallow cleanup of automation leftovers
2022-10-20 07:48:43:090 [UiAutomator2] The following obsolete sessions are still running: ["67537fa2-a062-48a7-aca1-25922c6ae726"]
2022-10-20 07:48:43:095 [UiAutomator2] Cleaning up 1 obsolete session
2022-10-20 07:48:44:125 [ADB] Running 'C:\Users\Shilpa\AppData\Local\Android\Sdk\platform-tools\adb.exe -P 5037 -s emulator-5554 shell am force-stop io.appium.uiautomator2.server.test'
2022-10-20 07:48:44:252 [UiAutomator2] Starting UIAutomator2 server 4.27.0
2022-10-20 07:48:44:252 [UiAutomator2] Using UIAutomator2 server from 'C:\Users\Shilpa\AppData\Roaming\npm\node_modules\appium\node_modules\appium-uiautomator2-server\apks\appium-uiautomator2-server-v4.27.0.apk' and test from 'C:\Users\Shilpa\AppData\Roaming\npm\node_modules\appium\node_modules\appium-uiautomator2-server\apks\appium-uiautomator2-server-debug-androidTest.apk'
2022-10-20 07:48:44:253 [UiAutomator2] Waiting up to 30000ms for UiAutomator2 to be online...
2022-10-20 07:48:44:254 [ADB] Creating ADB subprocess with args: ["-P",5037,"-s","emulator-5554","shell","am","instrument","-w","-e","disableAnalytics",true,"io.appium.uiautomator2.server.test/androidx.test.runner.AndroidJUnitRunner"]
2022-10-20 07:48:44:272 [WD Proxy] Matched '/status' to command name 'getStatus'
2022-10-20 07:48:44:277 [WD Proxy] Proxying [GET /status] to [GET http://127.0.0.1:8206/wd/hub/status] with no body
2022-10-20 07:48:44:298 [WD Proxy] socket hang up
2022-10-20 07:48:45:222 [Instrumentation] io.appium.uiautomator2.server.test.AppiumUiAutomator2Server:
2022-10-20 07:48:45:304 [WD Proxy] Matched '/status' to command name 'getStatus'
2022-10-20 07:48:45:306 [WD Proxy] Proxying [GET /status] to [GET http://127.0.0.1:8206/wd/hub/status] with no body
2022-10-20 07:48:45:317 [WD Proxy] socket hang up
2022-10-20 07:48:46:320 [WD Proxy] Matched '/status' to command name 'getStatus'
2022-10-20 07:48:46:322 [WD Proxy] Proxying [GET /status] to [GET http://127.0.0.1:8206/wd/hub/status] with no body
2022-10-20 07:48:46:329 [WD Proxy] socket hang up
2022-10-20 07:48:47:331 [WD Proxy] Matched '/status' to command name 'getStatus'
2022-10-20 07:48:47:332 [WD Proxy] Proxying [GET /status] to [GET http://127.0.0.1:8206/wd/hub/status] with no body
2022-10-20 07:48:47:523 [WD Proxy] Got response with status 200: {"sessionId":"None","value":{"message":"UiAutomator2 Server is ready to accept commands","ready":true}}
2022-10-20 07:48:47:525 [UiAutomator2] The initialization of the instrumentation process took 3272ms
2022-10-20 07:48:47:526 [WD Proxy] Matched '/session' to command name 'createSession'
2022-10-20 07:48:47:527 [WD Proxy] Proxying [POST /session] to [POST http://127.0.0.1:8206/wd/hub/session] with body: {"capabilities":{"firstMatch":[{"platform":"ANDROID","webStorageEnabled":false,"takesScreenshot":true,"javascriptEnabled":true,"databaseEnabled":false,"networkConnectionEnabled":true,"locationContextEnabled":false,"warnings":{},"desired":{"platformName":"android","platform":"ANDROID","app":"./src/main/java/resources/app-debug-3.8.0.apk","autoGrantPermissions":true,"automationName":"UiAutomator2","noReset":true,"udid":"emulator-5554"},"platformName":"android","app":"./src/main/java/resources/app-debug-3.8.0.apk","autoGrantPermissions":true,"automationName":"UiAutomator2","noReset":true,"udid":"emulator-5554","deviceName":"emulator-5554","deviceUDID":"emulator-5554","appPackage":"com.mandir"}],"alwaysMatch":{}}}
2022-10-20 07:48:47:580 [WD Proxy] Got response with status 200: {"sessionId":"d36de7a4-a8bc-4688-88b1-e499ac123123","value":{"capabilities":{"firstMatch":[{"platform":"ANDROID","webStorageEnabled":false,"takesScreenshot":true,"javascriptEnabled":true,"databaseEnabled":false,"networkConnectionEnabled":true,"locationContextEnabled":false,"warnings":{},"desired":{"platformName":"android","platform":"ANDROID","app":"./src/main/java/resources/app-debug-3.8.0.apk","autoGrantPermissions":true,"automationName":"UiAutomator2","noReset":true,"udid":"emulator-5554"},"platformName":"android","app":"./src/main/java/resources/app-debug-3.8.0.apk","autoGrantPermissions":true,"automationName":"UiAutomator2","noReset":true,"udid":"emulator-5554","deviceName":"emulator-5554","deviceUDID":"emulator-5554","appPackage":"com.mandir"}],"alwaysMatch":{}},"sessionId":"d36de7a4-a8bc-4688-88b1-e499ac123123"}}
2022-10-20 07:48:47:581 [WD Proxy] Determined the downstream protocol as 'W3C'
2022-10-20 07:48:47:623 [WD Proxy] Proxying [GET /appium/device/info] to [GET http://127.0.0.1:8206/wd/hub/session/d36de7a4-a8bc-4688-88b1-e499ac123123/appium/device/info] with no body
2022-10-20 07:48:47:682 [WD Proxy] Got response with status 200: {"sessionId":"d36de7a4-a8bc-4688-88b1-e499ac123123","value":{"androidId":"b679943b0277a210","apiVersion":"31","bluetooth":{"state":"ON"},"brand":"google","carrierName":"T-Mobile","displayDensity":420,"locale":"en_US","manufacturer":"Google","model":"sdk_gphone64_x86_64","networks":[{"capabilities":{"SSID":null,"linkDownBandwidthKbps":4300,"linkUpstreamBandwidthKbps":1800,"networkCapabilities":"NET_CAPABILITY_MMS,NET_CAPABILITY_SUPL,NET_CAPABILITY_DUN,NET_CAPABILITY_FOTA,NET_CAPABILITY_IMS,NET_CAPABILITY_CBS,NET_CAPABILITY_INTERNET,NET_CAPABILITY_NOT_RESTRICTED,NET_CAPABILITY_TRUSTED,NET_CAPABILITY_NOT_VPN,NET_CAPABILITY_VALIDATED,NET_CAPABILITY_NOT_ROAMING,NET_CAPABILITY_NOT_CONGESTED,NET_CAPABILITY_NOT_SUSPENDED","signalStrength":-2147483648,"transportTypes":"TRANSPORT_CELLULAR"},"detailedState":"CONNECTED","extraInfo":"epc.tmobile.com","isAvailable":true,"isConnected":true,"isFailover":false,"isRoaming":false,"state":"CONNECTED","subtype":10,"subtypeName":"HSPA","type":0,"typeName":"MOBILE"},{"capabiliti...
2022-10-20 07:48:47:684 [ADB] Running 'C:\Users\Shilpa\AppData\Local\Android\Sdk\platform-tools\adb.exe -P 5037 -s emulator-5554 shell dumpsys window'
2022-10-20 07:48:47:774 [AndroidDriver] Screen already unlocked, doing nothing
2022-10-20 07:48:47:776 [UiAutomator2] Starting 'com.mandir/com.mandir.ui.activity.SplashActivity and waiting for 'com.mandir/com.mandir.ui.activity.SplashActivity'
2022-10-20 07:48:47:778 [ADB] Running 'C:\Users\Shilpa\AppData\Local\Android\Sdk\platform-tools\adb.exe -P 5037 -s emulator-5554 shell am start -W -n com.mandir/com.mandir.ui.activity.SplashActivity -S -a android.intent.action.MAIN -c android.intent.category.LAUNCHER -f 0x10200000'
2022-10-20 07:48:52:393 [ADB] Waiting up to 20000ms for activity matching pkg: 'com.mandir' and activity: 'com.mandir.ui.activity.SplashActivity' to be focused
2022-10-20 07:48:52:393 [ADB] Possible activities, to be checked: 'com.mandir.ui.activity.SplashActivity', 'com.mandir.com.mandir.ui.activity.SplashActivity'
2022-10-20 07:48:52:393 [ADB] Getting focused package and activity
2022-10-20 07:48:52:394 [ADB] Running 'C:\Users\Shilpa\AppData\Local\Android\Sdk\platform-tools\adb.exe -P 5037 -s emulator-5554 shell dumpsys window displays'
2022-10-20 07:48:52:466 [ADB] Found package: 'com.mandir' and fully qualified activity name : 'com.mandir.ui.activity.SplashActivity'
2022-10-20 07:48:52:469 [WD Proxy] Proxying [GET /appium/device/pixel_ratio] to [GET http://127.0.0.1:8206/wd/hub/session/d36de7a4-a8bc-4688-88b1-e499ac123123/appium/device/pixel_ratio] with no body
2022-10-20 07:48:52:485 [WD Proxy] Got response with status 200: {"sessionId":"d36de7a4-a8bc-4688-88b1-e499ac123123","value":2.625}
2022-10-20 07:48:52:487 [WD Proxy] Matched '/appium/device/system_bars' to command name 'getSystemBars'
2022-10-20 07:48:52:487 [WD Proxy] Proxying [GET /appium/device/system_bars] to [GET http://127.0.0.1:8206/wd/hub/session/d36de7a4-a8bc-4688-88b1-e499ac123123/appium/device/system_bars] with no body
2022-10-20 07:48:52:499 [WD Proxy] Got response with status 200: {"sessionId":"d36de7a4-a8bc-4688-88b1-e499ac123123","value":{"statusBar":63}}
2022-10-20 07:48:52:501 [WD Proxy] Matched '/window/current/size' to command name 'getWindowSize'
2022-10-20 07:48:52:501 [WD Proxy] Proxying [GET /window/current/size] to [GET http://127.0.0.1:8206/wd/hub/session/d36de7a4-a8bc-4688-88b1-e499ac123123/window/current/size] with no body
2022-10-20 07:48:52:522 [WD Proxy] Got response with status 200: {"sessionId":"d36de7a4-a8bc-4688-88b1-e499ac123123","value":{"height":1794,"width":1080}}
2022-10-20 07:48:52:524 [Appium] New AndroidUiautomator2Driver session created successfully, session 2f4aaa91-a5b8-46d5-8e9a-6d874da2574a added to master session list
2022-10-20 07:48:52:525 [BaseDriver] Event 'newSessionStarted' logged at 1666252132525 (13:18:52 GMT+0530 (India Standard Time))
2022-10-20 07:48:52:526 [W3C (2f4aaa91)] Cached the protocol value 'W3C' for the new session 2f4aaa91-a5b8-46d5-8e9a-6d874da2574a
2022-10-20 07:48:52:527 [W3C (2f4aaa91)] Responding to client with driver.createSession() result: {"capabilities":{"platform":"ANDROID","webStorageEnabled":false,"takesScreenshot":true,"javascriptEnabled":true,"databaseEnabled":false,"networkConnectionEnabled":true,"locationContextEnabled":false,"warnings":{},"desired":{"platformName":"android","platform":"ANDROID","app":"./src/main/java/resources/app-debug-3.8.0.apk","autoGrantPermissions":true,"automationName":"UiAutomator2","noReset":true,"udid":"emulator-5554"},"platformName":"android","app":"./src/main/java/resources/app-debug-3.8.0.apk","autoGrantPermissions":true,"automationName":"UiAutomator2","noReset":true,"udid":"emulator-5554","deviceName":"emulator-5554","deviceUDID":"emulator-5554","appPackage":"com.mandir","deviceApiLevel":31,"platformVersion":"12","deviceScreenSize":"1080x1920","deviceScreenDensity":420,"deviceModel":"sdk_gphone64_x86_64","deviceManufacturer":"Google","pixelRatio":2.625,"statBarHeight":63,"viewportRect":{"left":0,"top":63,"width":1080,"height":1731}}}
2022-10-20 07:48:52:532 [HTTP] <-- POST /wd/hub/session 200 23285 ms - 1012
2022-10-20 07:48:52:533 [HTTP] 
2022-10-20 07:48:52:624 [HTTP] --> GET /wd/hub/session/2f4aaa91-a5b8-46d5-8e9a-6d874da2574a
2022-10-20 07:48:52:624 [HTTP] {}
2022-10-20 07:48:52:629 [W3C (2f4aaa91)] Calling AppiumDriver.getSession() with args: ["2f4aaa91-a5b8-46d5-8e9a-6d874da2574a"]
2022-10-20 07:48:52:631 [UiAutomator2] Getting session details from server to mix in
2022-10-20 07:48:52:631 [WD Proxy] Matched '/' to command name 'getSession'
2022-10-20 07:48:52:632 [WD Proxy] Proxying [GET /] to [GET http://127.0.0.1:8206/wd/hub/session/d36de7a4-a8bc-4688-88b1-e499ac123123] with no body
2022-10-20 07:48:52:650 [WD Proxy] Got response with status 200: {"sessionId":"d36de7a4-a8bc-4688-88b1-e499ac123123","value":{"lastScrollData":null}}
2022-10-20 07:48:52:652 [W3C (2f4aaa91)] Responding to client with driver.getSession() result: {"platform":"ANDROID","webStorageEnabled":false,"takesScreenshot":true,"javascriptEnabled":true,"databaseEnabled":false,"networkConnectionEnabled":true,"locationContextEnabled":false,"warnings":{},"desired":{"platformName":"android","platform":"ANDROID","app":"./src/main/java/resources/app-debug-3.8.0.apk","autoGrantPermissions":true,"automationName":"UiAutomator2","noReset":true,"udid":"emulator-5554"},"platformName":"android","app":"./src/main/java/resources/app-debug-3.8.0.apk","autoGrantPermissions":true,"automationName":"UiAutomator2","noReset":true,"udid":"emulator-5554","deviceName":"emulator-5554","deviceUDID":"emulator-5554","appPackage":"com.mandir","deviceApiLevel":31,"platformVersion":"12","deviceScreenSize":"1080x1920","deviceScreenDensity":420,"deviceModel":"sdk_gphone64_x86_64","deviceManufacturer":"Google","pixelRatio":2.625,"statBarHeight":63,"viewportRect":{"left":0,"top":63,"width":1080,"height":1731},"lastScrollData":null}
2022-10-20 07:48:52:656 [HTTP] <-- GET /wd/hub/session/2f4aaa91-a5b8-46d5-8e9a-6d874da2574a 200 30 ms - 966
2022-10-20 07:48:52:657 [HTTP] 
2022-10-20 07:48:52:668 [HTTP] --> GET /wd/hub/session/2f4aaa91-a5b8-46d5-8e9a-6d874da2574a
2022-10-20 07:48:52:668 [HTTP] {}
2022-10-20 07:48:52:670 [W3C (2f4aaa91)] Calling AppiumDriver.getSession() with args: ["2f4aaa91-a5b8-46d5-8e9a-6d874da2574a"]
2022-10-20 07:48:52:670 [UiAutomator2] Getting session details from server to mix in
2022-10-20 07:48:52:671 [WD Proxy] Matched '/' to command name 'getSession'
2022-10-20 07:48:52:671 [WD Proxy] Proxying [GET /] to [GET http://127.0.0.1:8206/wd/hub/session/d36de7a4-a8bc-4688-88b1-e499ac123123] with no body
2022-10-20 07:48:52:686 [WD Proxy] Got response with status 200: {"sessionId":"d36de7a4-a8bc-4688-88b1-e499ac123123","value":{"lastScrollData":null}}
2022-10-20 07:48:52:687 [W3C (2f4aaa91)] Responding to client with driver.getSession() result: {"platform":"ANDROID","webStorageEnabled":false,"takesScreenshot":true,"javascriptEnabled":true,"databaseEnabled":false,"networkConnectionEnabled":true,"locationContextEnabled":false,"warnings":{},"desired":{"platformName":"android","platform":"ANDROID","app":"./src/main/java/resources/app-debug-3.8.0.apk","autoGrantPermissions":true,"automationName":"UiAutomator2","noReset":true,"udid":"emulator-5554"},"platformName":"android","app":"./src/main/java/resources/app-debug-3.8.0.apk","autoGrantPermissions":true,"automationName":"UiAutomator2","noReset":true,"udid":"emulator-5554","deviceName":"emulator-5554","deviceUDID":"emulator-5554","appPackage":"com.mandir","deviceApiLevel":31,"platformVersion":"12","deviceScreenSize":"1080x1920","deviceScreenDensity":420,"deviceModel":"sdk_gphone64_x86_64","deviceManufacturer":"Google","pixelRatio":2.625,"statBarHeight":63,"viewportRect":{"left":0,"top":63,"width":1080,"height":1731},"lastScrollData":null}
2022-10-20 07:48:52:689 [HTTP] <-- GET /wd/hub/session/2f4aaa91-a5b8-46d5-8e9a-6d874da2574a 200 20 ms - 966
2022-10-20 07:48:52:689 [HTTP] 
2022-10-20 07:48:52:709 [HTTP] --> POST /wd/hub/session/2f4aaa91-a5b8-46d5-8e9a-6d874da2574a/timeouts
2022-10-20 07:48:52:709 [HTTP] {"implicit":10000}
2022-10-20 07:48:52:715 [W3C (2f4aaa91)] Calling AppiumDriver.timeouts() with args: [null,null,null,null,10000,"2f4aaa91-a5b8-46d5-8e9a-6d874da2574a"]
2022-10-20 07:48:52:717 [BaseDriver] W3C timeout argument: {"implicit":10000}}
2022-10-20 07:48:52:718 [BaseDriver] Set implicit wait to 10000ms
2022-10-20 07:48:52:719 [W3C (2f4aaa91)] Responding to client with driver.timeouts() result: null
2022-10-20 07:48:52:721 [HTTP] <-- POST /wd/hub/session/2f4aaa91-a5b8-46d5-8e9a-6d874da2574a/timeouts 200 12 ms - 14
2022-10-20 07:48:52:721 [HTTP] 
2022-10-20 07:48:52:814 [HTTP] --> POST /wd/hub/session/2f4aaa91-a5b8-46d5-8e9a-6d874da2574a/element
2022-10-20 07:48:52:815 [HTTP] {"using":"xpath","value":"//android.widget.TextView[@text='महाभंडार']"}
2022-10-20 07:48:52:824 [W3C (2f4aaa91)] Calling AppiumDriver.findElement() with args: ["xpath","//android.widget.TextView[@text='महाभंडार']","2f4aaa91-a5b8-46d5-8e9a-6d874da2574a"]
2022-10-20 07:48:52:825 [BaseDriver] Valid locator strategies for this request: xpath, id, class name, accessibility id, css selector, -android uiautomator
2022-10-20 07:48:52:826 [BaseDriver] Waiting up to 10000 ms for condition
2022-10-20 07:48:52:827 [WD Proxy] Matched '/element' to command name 'findElement'
2022-10-20 07:48:52:827 [WD Proxy] Proxying [POST /element] to [POST http://127.0.0.1:8206/wd/hub/session/d36de7a4-a8bc-4688-88b1-e499ac123123/element] with body: {"strategy":"xpath","selector":"//android.widget.TextView[@text='महाभंडार']","context":"","multiple":false}
2022-10-20 07:48:56:676 [WD Proxy] Got response with status 404: {"sessionId":"d36de7a4-a8bc-4688-88b1-e499ac123123","value":{"error":"no such element","message":"An element could not be located on the page using the given search parameters","stacktrace":"io.appium.uiautomator2.common.exceptions.ElementNotFoundException: An element could not be located on the page using the given search parameters\n\tat io.appium.uiautomator2.handler.FindElement.findElement(FindElement.java:90)\n\tat io.appium.uiautomator2.handler.FindElement.safeHandle(FindElement.java:67)\n\tat io.appium.uiautomator2.handler.request.SafeRequestHandler.handle(SafeRequestHandler.java:59)\n\tat io.appium.uiautomator2.server.AppiumServlet.handleRequest(AppiumServlet.java:266)\n\tat io.appium.uiautomator2.server.AppiumServlet.handleHttpRequest(AppiumServlet.java:260)\n\tat io.appium.uiautomator2.http.ServerHandler.channelRead(ServerHandler.java:68)\n\tat io.netty.channel.AbstractChannelHandlerContext.invokeChannelRead(AbstractChannelHandlerContext.java:366)\n\tat io.netty.channel.AbstractChannelHandlerCont...
2022-10-20 07:48:56:677 [W3C] Matched W3C error code 'no such element' to NoSuchElementError
2022-10-20 07:48:56:678 [BaseDriver] Waited for 3851 ms so far
2022-10-20 07:48:57:179 [WD Proxy] Matched '/element' to command name 'findElement'
2022-10-20 07:48:57:180 [WD Proxy] Proxying [POST /element] to [POST http://127.0.0.1:8206/wd/hub/session/d36de7a4-a8bc-4688-88b1-e499ac123123/element] with body: {"strategy":"xpath","selector":"//android.widget.TextView[@text='महाभंडार']","context":"","multiple":false}
2022-10-20 07:49:00:902 [WD Proxy] Got response with status 200: {"sessionId":"d36de7a4-a8bc-4688-88b1-e499ac123123","value":{"ELEMENT":"00000000-0000-0080-ffff-ffff00000031","element-6066-11e4-a52e-4f735466cecf":"00000000-0000-0080-ffff-ffff00000031"}}
2022-10-20 07:49:00:903 [W3C (2f4aaa91)] Responding to client with driver.findElement() result: {"element-6066-11e4-a52e-4f735466cecf":"00000000-0000-0080-ffff-ffff00000031","ELEMENT":"00000000-0000-0080-ffff-ffff00000031"}
2022-10-20 07:49:00:905 [HTTP] <-- POST /wd/hub/session/2f4aaa91-a5b8-46d5-8e9a-6d874da2574a/element 200 8090 ms - 137
2022-10-20 07:49:00:905 [HTTP] 
2022-10-20 07:49:00:939 [HTTP] --> GET /wd/hub/session/2f4aaa91-a5b8-46d5-8e9a-6d874da2574a/element/00000000-0000-0080-ffff-ffff00000031/displayed
2022-10-20 07:49:00:939 [HTTP] {}
2022-10-20 07:49:00:943 [W3C (2f4aaa91)] Calling AppiumDriver.elementDisplayed() with args: ["00000000-0000-0080-ffff-ffff00000031","2f4aaa91-a5b8-46d5-8e9a-6d874da2574a"]
2022-10-20 07:49:00:945 [WD Proxy] Matched '/element/00000000-0000-0080-ffff-ffff00000031/attribute/displayed' to command name 'getAttribute'
2022-10-20 07:49:00:946 [WD Proxy] Proxying [GET /element/00000000-0000-0080-ffff-ffff00000031/attribute/displayed] to [GET http://127.0.0.1:8206/wd/hub/session/d36de7a4-a8bc-4688-88b1-e499ac123123/element/00000000-0000-0080-ffff-ffff00000031/attribute/displayed] with no body
2022-10-20 07:49:01:100 [WD Proxy] Got response with status 200: {"sessionId":"d36de7a4-a8bc-4688-88b1-e499ac123123","value":"true"}
2022-10-20 07:49:01:102 [W3C (2f4aaa91)] Responding to client with driver.elementDisplayed() result: true
2022-10-20 07:49:01:105 [HTTP] <-- GET /wd/hub/session/2f4aaa91-a5b8-46d5-8e9a-6d874da2574a/element/00000000-0000-0080-ffff-ffff00000031/displayed 200 165 ms - 14
2022-10-20 07:49:01:105 [HTTP] 
2022-10-20 07:49:01:115 [HTTP] --> POST /wd/hub/session/2f4aaa91-a5b8-46d5-8e9a-6d874da2574a/element
2022-10-20 07:49:01:115 [HTTP] {"using":"xpath","value":"//android.widget.TextView[@text='महाभंडार']"}
2022-10-20 07:49:01:117 [W3C (2f4aaa91)] Calling AppiumDriver.findElement() with args: ["xpath","//android.widget.TextView[@text='महाभंडार']","2f4aaa91-a5b8-46d5-8e9a-6d874da2574a"]
2022-10-20 07:49:01:119 [BaseDriver] Valid locator strategies for this request: xpath, id, class name, accessibility id, css selector, -android uiautomator
2022-10-20 07:49:01:120 [BaseDriver] Waiting up to 10000 ms for condition
2022-10-20 07:49:01:120 [WD Proxy] Matched '/element' to command name 'findElement'
2022-10-20 07:49:01:121 [WD Proxy] Proxying [POST /element] to [POST http://127.0.0.1:8206/wd/hub/session/d36de7a4-a8bc-4688-88b1-e499ac123123/element] with body: {"strategy":"xpath","selector":"//android.widget.TextView[@text='महाभंडार']","context":"","multiple":false}
2022-10-20 07:49:03:272 [WD Proxy] Got response with status 200: {"sessionId":"d36de7a4-a8bc-4688-88b1-e499ac123123","value":{"ELEMENT":"00000000-0000-0080-ffff-ffff00000031","element-6066-11e4-a52e-4f735466cecf":"00000000-0000-0080-ffff-ffff00000031"}}
2022-10-20 07:49:03:273 [W3C (2f4aaa91)] Responding to client with driver.findElement() result: {"element-6066-11e4-a52e-4f735466cecf":"00000000-0000-0080-ffff-ffff00000031","ELEMENT":"00000000-0000-0080-ffff-ffff00000031"}
2022-10-20 07:49:03:275 [HTTP] <-- POST /wd/hub/session/2f4aaa91-a5b8-46d5-8e9a-6d874da2574a/element 200 2160 ms - 137
2022-10-20 07:49:03:275 [HTTP] 
2022-10-20 07:49:03:285 [HTTP] --> POST /wd/hub/session/2f4aaa91-a5b8-46d5-8e9a-6d874da2574a/element/00000000-0000-0080-ffff-ffff00000031/click
2022-10-20 07:49:03:285 [HTTP] {"id":"00000000-0000-0080-ffff-ffff00000031"}
2022-10-20 07:49:03:287 [W3C (2f4aaa91)] Calling AppiumDriver.click() with args: ["00000000-0000-0080-ffff-ffff00000031","2f4aaa91-a5b8-46d5-8e9a-6d874da2574a"]
2022-10-20 07:49:03:288 [WD Proxy] Matched '/element/00000000-0000-0080-ffff-ffff00000031/click' to command name 'click'
2022-10-20 07:49:03:289 [WD Proxy] Proxying [POST /element/00000000-0000-0080-ffff-ffff00000031/click] to [POST http://127.0.0.1:8206/wd/hub/session/d36de7a4-a8bc-4688-88b1-e499ac123123/element/00000000-0000-0080-ffff-ffff00000031/click] with body: {"element":"00000000-0000-0080-ffff-ffff00000031"}
2022-10-20 07:49:03:342 [WD Proxy] Got response with status 200: {"sessionId":"d36de7a4-a8bc-4688-88b1-e499ac123123","value":null}
2022-10-20 07:49:03:343 [W3C (2f4aaa91)] Responding to client with driver.click() result: null
2022-10-20 07:49:03:344 [HTTP] <-- POST /wd/hub/session/2f4aaa91-a5b8-46d5-8e9a-6d874da2574a/element/00000000-0000-0080-ffff-ffff00000031/click 200 59 ms - 14
2022-10-20 07:49:03:345 [HTTP] 
2022-10-20 07:49:08:381 [HTTP] --> POST /wd/hub/session/2f4aaa91-a5b8-46d5-8e9a-6d874da2574a/touch/perform
2022-10-20 07:49:08:381 [HTTP] {"actions":[{"action":"longPress","options":{"x":540,"y":222}},{"action":"moveTo","options":{"x":241,"y":222}},{"action":"release","options":{}}]}
2022-10-20 07:49:08:390 [W3C (2f4aaa91)] Calling AppiumDriver.performTouch() with args: [[{"action":"longPress","options":{"x":540,"y":222}},{"action":"moveTo","options":{"x":241,"y":222}},{"action":"release","options":{}}],"2f4aaa91-a5b8-46d5-8e9a-6d874da2574a"]
2022-10-20 07:49:08:395 [WD Proxy] Proxying [POST /touch/drag] to [POST http://127.0.0.1:8206/wd/hub/session/d36de7a4-a8bc-4688-88b1-e499ac123123/touch/drag] with body: {"startX":540,"startY":222,"endX":241,"endY":222,"steps":80}
2022-10-20 07:49:11:442 [WD Proxy] Got response with status 200: {"sessionId":"d36de7a4-a8bc-4688-88b1-e499ac123123","value":null}
2022-10-20 07:49:11:443 [W3C (2f4aaa91)] Responding to client with driver.performTouch() result: null
2022-10-20 07:49:11:445 [HTTP] <-- POST /wd/hub/session/2f4aaa91-a5b8-46d5-8e9a-6d874da2574a/touch/perform 200 3064 ms - 14
2022-10-20 07:49:11:446 [HTTP] 
2022-10-20 07:49:11:467 [HTTP] --> POST /wd/hub/session/2f4aaa91-a5b8-46d5-8e9a-6d874da2574a/element
2022-10-20 07:49:11:467 [HTTP] {"using":"xpath","value":"//android.widget.TextView[@text='सुझाव']"}
2022-10-20 07:49:11:468 [W3C (2f4aaa91)] Calling AppiumDriver.findElement() with args: ["xpath","//android.widget.TextView[@text='सुझाव']","2f4aaa91-a5b8-46d5-8e9a-6d874da2574a"]
2022-10-20 07:49:11:468 [BaseDriver] Valid locator strategies for this request: xpath, id, class name, accessibility id, css selector, -android uiautomator
2022-10-20 07:49:11:469 [BaseDriver] Waiting up to 10000 ms for condition
2022-10-20 07:49:11:471 [WD Proxy] Matched '/element' to command name 'findElement'
2022-10-20 07:49:11:472 [WD Proxy] Proxying [POST /element] to [POST http://127.0.0.1:8206/wd/hub/session/d36de7a4-a8bc-4688-88b1-e499ac123123/element] with body: {"strategy":"xpath","selector":"//android.widget.TextView[@text='सुझाव']","context":"","multiple":false}
2022-10-20 07:49:12:436 [WD Proxy] Got response with status 200: {"sessionId":"d36de7a4-a8bc-4688-88b1-e499ac123123","value":{"ELEMENT":"00000000-0000-0080-ffff-ffff00000197","element-6066-11e4-a52e-4f735466cecf":"00000000-0000-0080-ffff-ffff00000197"}}
2022-10-20 07:49:12:436 [W3C (2f4aaa91)] Responding to client with driver.findElement() result: {"element-6066-11e4-a52e-4f735466cecf":"00000000-0000-0080-ffff-ffff00000197","ELEMENT":"00000000-0000-0080-ffff-ffff00000197"}
2022-10-20 07:49:12:438 [HTTP] <-- POST /wd/hub/session/2f4aaa91-a5b8-46d5-8e9a-6d874da2574a/element 200 972 ms - 137
2022-10-20 07:49:12:439 [HTTP] 
2022-10-20 07:49:12:444 [HTTP] --> GET /wd/hub/session/2f4aaa91-a5b8-46d5-8e9a-6d874da2574a/element/00000000-0000-0080-ffff-ffff00000197/displayed
2022-10-20 07:49:12:445 [HTTP] {}
2022-10-20 07:49:12:446 [W3C (2f4aaa91)] Calling AppiumDriver.elementDisplayed() with args: ["00000000-0000-0080-ffff-ffff00000197","2f4aaa91-a5b8-46d5-8e9a-6d874da2574a"]
2022-10-20 07:49:12:447 [WD Proxy] Matched '/element/00000000-0000-0080-ffff-ffff00000197/attribute/displayed' to command name 'getAttribute'
2022-10-20 07:49:12:447 [WD Proxy] Proxying [GET /element/00000000-0000-0080-ffff-ffff00000197/attribute/displayed] to [GET http://127.0.0.1:8206/wd/hub/session/d36de7a4-a8bc-4688-88b1-e499ac123123/element/00000000-0000-0080-ffff-ffff00000197/attribute/displayed] with no body
2022-10-20 07:49:12:461 [WD Proxy] Got response with status 200: {"sessionId":"d36de7a4-a8bc-4688-88b1-e499ac123123","value":"true"}
2022-10-20 07:49:12:462 [W3C (2f4aaa91)] Responding to client with driver.elementDisplayed() result: true
2022-10-20 07:49:12:464 [HTTP] <-- GET /wd/hub/session/2f4aaa91-a5b8-46d5-8e9a-6d874da2574a/element/00000000-0000-0080-ffff-ffff00000197/displayed 200 19 ms - 14
2022-10-20 07:49:12:464 [HTTP] 
2022-10-20 07:49:12:478 [HTTP] --> POST /wd/hub/session/2f4aaa91-a5b8-46d5-8e9a-6d874da2574a/element
2022-10-20 07:49:12:478 [HTTP] {"using":"xpath","value":"//android.widget.TextView[@text='सुझाव']"}
2022-10-20 07:49:12:479 [W3C (2f4aaa91)] Calling AppiumDriver.findElement() with args: ["xpath","//android.widget.TextView[@text='सुझाव']","2f4aaa91-a5b8-46d5-8e9a-6d874da2574a"]
2022-10-20 07:49:12:480 [BaseDriver] Valid locator strategies for this request: xpath, id, class name, accessibility id, css selector, -android uiautomator
2022-10-20 07:49:12:480 [BaseDriver] Waiting up to 10000 ms for condition
2022-10-20 07:49:12:481 [WD Proxy] Matched '/element' to command name 'findElement'
2022-10-20 07:49:12:481 [WD Proxy] Proxying [POST /element] to [POST http://127.0.0.1:8206/wd/hub/session/d36de7a4-a8bc-4688-88b1-e499ac123123/element] with body: {"strategy":"xpath","selector":"//android.widget.TextView[@text='सुझाव']","context":"","multiple":false}
2022-10-20 07:49:12:823 [WD Proxy] Got response with status 200: {"sessionId":"d36de7a4-a8bc-4688-88b1-e499ac123123","value":{"ELEMENT":"00000000-0000-0080-ffff-ffff00000197","element-6066-11e4-a52e-4f735466cecf":"00000000-0000-0080-ffff-ffff00000197"}}
2022-10-20 07:49:12:823 [W3C (2f4aaa91)] Responding to client with driver.findElement() result: {"element-6066-11e4-a52e-4f735466cecf":"00000000-0000-0080-ffff-ffff00000197","ELEMENT":"00000000-0000-0080-ffff-ffff00000197"}
2022-10-20 07:49:12:825 [HTTP] <-- POST /wd/hub/session/2f4aaa91-a5b8-46d5-8e9a-6d874da2574a/element 200 347 ms - 137
2022-10-20 07:49:12:825 [HTTP] 
2022-10-20 07:49:12:832 [HTTP] --> POST /wd/hub/session/2f4aaa91-a5b8-46d5-8e9a-6d874da2574a/element/00000000-0000-0080-ffff-ffff00000197/click
2022-10-20 07:49:12:833 [HTTP] {"id":"00000000-0000-0080-ffff-ffff00000197"}
2022-10-20 07:49:12:833 [W3C (2f4aaa91)] Calling AppiumDriver.click() with args: ["00000000-0000-0080-ffff-ffff00000197","2f4aaa91-a5b8-46d5-8e9a-6d874da2574a"]
2022-10-20 07:49:12:834 [WD Proxy] Matched '/element/00000000-0000-0080-ffff-ffff00000197/click' to command name 'click'
2022-10-20 07:49:12:834 [WD Proxy] Proxying [POST /element/00000000-0000-0080-ffff-ffff00000197/click] to [POST http://127.0.0.1:8206/wd/hub/session/d36de7a4-a8bc-4688-88b1-e499ac123123/element/00000000-0000-0080-ffff-ffff00000197/click] with body: {"element":"00000000-0000-0080-ffff-ffff00000197"}
2022-10-20 07:49:14:755 [WD Proxy] Got response with status 200: {"sessionId":"d36de7a4-a8bc-4688-88b1-e499ac123123","value":null}
2022-10-20 07:49:14:756 [W3C (2f4aaa91)] Responding to client with driver.click() result: null
2022-10-20 07:49:14:757 [HTTP] <-- POST /wd/hub/session/2f4aaa91-a5b8-46d5-8e9a-6d874da2574a/element/00000000-0000-0080-ffff-ffff00000197/click 200 1924 ms - 14
2022-10-20 07:49:14:757 [HTTP] 
2022-10-20 07:49:14:765 [HTTP] --> POST /wd/hub/session/2f4aaa91-a5b8-46d5-8e9a-6d874da2574a/element
2022-10-20 07:49:14:766 [HTTP] {"using":"xpath","value":"//android.widget.TextView[@text='सुझाव']"}
2022-10-20 07:49:14:766 [W3C (2f4aaa91)] Calling AppiumDriver.findElement() with args: ["xpath","//android.widget.TextView[@text='सुझाव']","2f4aaa91-a5b8-46d5-8e9a-6d874da2574a"]
2022-10-20 07:49:14:767 [BaseDriver] Valid locator strategies for this request: xpath, id, class name, accessibility id, css selector, -android uiautomator
2022-10-20 07:49:14:767 [BaseDriver] Waiting up to 10000 ms for condition
2022-10-20 07:49:14:768 [WD Proxy] Matched '/element' to command name 'findElement'
2022-10-20 07:49:14:768 [WD Proxy] Proxying [POST /element] to [POST http://127.0.0.1:8206/wd/hub/session/d36de7a4-a8bc-4688-88b1-e499ac123123/element] with body: {"strategy":"xpath","selector":"//android.widget.TextView[@text='सुझाव']","context":"","multiple":false}
2022-10-20 07:49:15:008 [WD Proxy] Got response with status 200: {"sessionId":"d36de7a4-a8bc-4688-88b1-e499ac123123","value":{"ELEMENT":"00000000-0000-0080-ffff-ffff00000197","element-6066-11e4-a52e-4f735466cecf":"00000000-0000-0080-ffff-ffff00000197"}}
2022-10-20 07:49:15:009 [W3C (2f4aaa91)] Responding to client with driver.findElement() result: {"element-6066-11e4-a52e-4f735466cecf":"00000000-0000-0080-ffff-ffff00000197","ELEMENT":"00000000-0000-0080-ffff-ffff00000197"}
2022-10-20 07:49:15:009 [HTTP] <-- POST /wd/hub/session/2f4aaa91-a5b8-46d5-8e9a-6d874da2574a/element 200 244 ms - 137
2022-10-20 07:49:15:010 [HTTP] 
2022-10-20 07:49:15:018 [HTTP] --> GET /wd/hub/session/2f4aaa91-a5b8-46d5-8e9a-6d874da2574a/element/00000000-0000-0080-ffff-ffff00000197/displayed
2022-10-20 07:49:15:018 [HTTP] {}
2022-10-20 07:49:15:019 [W3C (2f4aaa91)] Calling AppiumDriver.elementDisplayed() with args: ["00000000-0000-0080-ffff-ffff00000197","2f4aaa91-a5b8-46d5-8e9a-6d874da2574a"]
2022-10-20 07:49:15:022 [WD Proxy] Matched '/element/00000000-0000-0080-ffff-ffff00000197/attribute/displayed' to command name 'getAttribute'
2022-10-20 07:49:15:023 [WD Proxy] Proxying [GET /element/00000000-0000-0080-ffff-ffff00000197/attribute/displayed] to [GET http://127.0.0.1:8206/wd/hub/session/d36de7a4-a8bc-4688-88b1-e499ac123123/element/00000000-0000-0080-ffff-ffff00000197/attribute/displayed] with no body
2022-10-20 07:49:15:037 [WD Proxy] Got response with status 200: {"sessionId":"d36de7a4-a8bc-4688-88b1-e499ac123123","value":"true"}
2022-10-20 07:49:15:038 [W3C (2f4aaa91)] Responding to client with driver.elementDisplayed() result: true
2022-10-20 07:49:15:040 [HTTP] <-- GET /wd/hub/session/2f4aaa91-a5b8-46d5-8e9a-6d874da2574a/element/00000000-0000-0080-ffff-ffff00000197/displayed 200 21 ms - 14
2022-10-20 07:49:15:040 [HTTP] 
2022-10-20 07:49:15:053 [HTTP] --> POST /wd/hub/session/2f4aaa91-a5b8-46d5-8e9a-6d874da2574a/element
2022-10-20 07:49:15:053 [HTTP] {"using":"xpath","value":"//android.widget.TextView[@text='सुझाव']"}
2022-10-20 07:49:15:055 [W3C (2f4aaa91)] Calling AppiumDriver.findElement() with args: ["xpath","//android.widget.TextView[@text='सुझाव']","2f4aaa91-a5b8-46d5-8e9a-6d874da2574a"]
2022-10-20 07:49:15:055 [BaseDriver] Valid locator strategies for this request: xpath, id, class name, accessibility id, css selector, -android uiautomator
2022-10-20 07:49:15:056 [BaseDriver] Waiting up to 10000 ms for condition
2022-10-20 07:49:15:057 [WD Proxy] Matched '/element' to command name 'findElement'
2022-10-20 07:49:15:057 [WD Proxy] Proxying [POST /element] to [POST http://127.0.0.1:8206/wd/hub/session/d36de7a4-a8bc-4688-88b1-e499ac123123/element] with body: {"strategy":"xpath","selector":"//android.widget.TextView[@text='सुझाव']","context":"","multiple":false}
2022-10-20 07:49:15:353 [WD Proxy] Got response with status 200: {"sessionId":"d36de7a4-a8bc-4688-88b1-e499ac123123","value":{"ELEMENT":"00000000-0000-0080-ffff-ffff00000197","element-6066-11e4-a52e-4f735466cecf":"00000000-0000-0080-ffff-ffff00000197"}}
2022-10-20 07:49:15:354 [W3C (2f4aaa91)] Responding to client with driver.findElement() result: {"element-6066-11e4-a52e-4f735466cecf":"00000000-0000-0080-ffff-ffff00000197","ELEMENT":"00000000-0000-0080-ffff-ffff00000197"}
2022-10-20 07:49:15:356 [HTTP] <-- POST /wd/hub/session/2f4aaa91-a5b8-46d5-8e9a-6d874da2574a/element 200 303 ms - 137
2022-10-20 07:49:15:356 [HTTP] 
2022-10-20 07:49:15:361 [HTTP] --> GET /wd/hub/session/2f4aaa91-a5b8-46d5-8e9a-6d874da2574a/element/00000000-0000-0080-ffff-ffff00000197/text
2022-10-20 07:49:15:361 [HTTP] {}
2022-10-20 07:49:15:364 [W3C (2f4aaa91)] Driver proxy active, passing request on via HTTP proxy
2022-10-20 07:49:15:366 [WD Proxy] Matched '/wd/hub/session/2f4aaa91-a5b8-46d5-8e9a-6d874da2574a/element/00000000-0000-0080-ffff-ffff00000197/text' to command name 'getText'
2022-10-20 07:49:15:366 [WD Proxy] Proxying [GET /wd/hub/session/2f4aaa91-a5b8-46d5-8e9a-6d874da2574a/element/00000000-0000-0080-ffff-ffff00000197/text] to [GET http://127.0.0.1:8206/wd/hub/session/d36de7a4-a8bc-4688-88b1-e499ac123123/element/00000000-0000-0080-ffff-ffff00000197/text] with no body
2022-10-20 07:49:15:383 [WD Proxy] Got response with status 200: {"sessionId":"d36de7a4-a8bc-4688-88b1-e499ac123123","value":"सुझाव"}
2022-10-20 07:49:15:384 [WD Proxy] Replacing sessionId d36de7a4-a8bc-4688-88b1-e499ac123123 with 2f4aaa91-a5b8-46d5-8e9a-6d874da2574a
2022-10-20 07:49:15:387 [HTTP] <-- GET /wd/hub/session/2f4aaa91-a5b8-46d5-8e9a-6d874da2574a/element/00000000-0000-0080-ffff-ffff00000197/text 200 24 ms - 78
2022-10-20 07:49:15:387 [HTTP] 
2022-10-20 07:49:15:406 [HTTP] --> POST /wd/hub/session/2f4aaa91-a5b8-46d5-8e9a-6d874da2574a/element
2022-10-20 07:49:15:406 [HTTP] {"using":"xpath","value":"//androidx.recyclerview.widget.RecyclerView[@resource-id='com.mandir:id/rv_mb_cards']//android.widget.TextView[@text='साहित्य\n']"}
2022-10-20 07:49:15:408 [W3C (2f4aaa91)] Calling AppiumDriver.findElement() with args: ["xpath","//androidx.recyclerview.widget.RecyclerView[@resource-id='com.mandir:id/rv_mb_cards']//android.widget.TextView[@text='साहित्य\n']","2f4aaa91-a5b8-46d5-8e9a-6d874da2574a"]
2022-10-20 07:49:15:410 [BaseDriver] Valid locator strategies for this request: xpath, id, class name, accessibility id, css selector, -android uiautomator
2022-10-20 07:49:15:411 [BaseDriver] Waiting up to 10000 ms for condition
2022-10-20 07:49:15:412 [WD Proxy] Matched '/element' to command name 'findElement'
2022-10-20 07:49:15:413 [WD Proxy] Proxying [POST /element] to [POST http://127.0.0.1:8206/wd/hub/session/d36de7a4-a8bc-4688-88b1-e499ac123123/element] with body: {"strategy":"xpath","selector":"//androidx.recyclerview.widget.RecyclerView[@resource-id='com.mandir:id/rv_mb_cards']//android.widget.TextView[@text='साहित्य\n']","context":"","multiple":false}
2022-10-20 07:49:15:691 [WD Proxy] Got response with status 404: {"sessionId":"d36de7a4-a8bc-4688-88b1-e499ac123123","value":{"error":"no such element","message":"An element could not be located on the page using the given search parameters","stacktrace":"io.appium.uiautomator2.common.exceptions.ElementNotFoundException: An element could not be located on the page using the given search parameters\n\tat io.appium.uiautomator2.handler.FindElement.findElement(FindElement.java:90)\n\tat io.appium.uiautomator2.handler.FindElement.safeHandle(FindElement.java:67)\n\tat io.appium.uiautomator2.handler.request.SafeRequestHandler.handle(SafeRequestHandler.java:59)\n\tat io.appium.uiautomator2.server.AppiumServlet.handleRequest(AppiumServlet.java:266)\n\tat io.appium.uiautomator2.server.AppiumServlet.handleHttpRequest(AppiumServlet.java:260)\n\tat io.appium.uiautomator2.http.ServerHandler.channelRead(ServerHandler.java:68)\n\tat io.netty.channel.AbstractChannelHandlerContext.invokeChannelRead(AbstractChannelHandlerContext.java:366)\n\tat io.netty.channel.AbstractChannelHandlerCont...
2022-10-20 07:49:15:692 [W3C] Matched W3C error code 'no such element' to NoSuchElementError
2022-10-20 07:49:15:693 [BaseDriver] Waited for 281 ms so far
2022-10-20 07:49:16:197 [WD Proxy] Matched '/element' to command name 'findElement'
2022-10-20 07:49:16:198 [WD Proxy] Proxying [POST /element] to [POST http://127.0.0.1:8206/wd/hub/session/d36de7a4-a8bc-4688-88b1-e499ac123123/element] with body: {"strategy":"xpath","selector":"//androidx.recyclerview.widget.RecyclerView[@resource-id='com.mandir:id/rv_mb_cards']//android.widget.TextView[@text='साहित्य\n']","context":"","multiple":false}
2022-10-20 07:49:16:451 [WD Proxy] Got response with status 404: {"sessionId":"d36de7a4-a8bc-4688-88b1-e499ac123123","value":{"error":"no such element","message":"An element could not be located on the page using the given search parameters","stacktrace":"io.appium.uiautomator2.common.exceptions.ElementNotFoundException: An element could not be located on the page using the given search parameters\n\tat io.appium.uiautomator2.handler.FindElement.findElement(FindElement.java:90)\n\tat io.appium.uiautomator2.handler.FindElement.safeHandle(FindElement.java:67)\n\tat io.appium.uiautomator2.handler.request.SafeRequestHandler.handle(SafeRequestHandler.java:59)\n\tat io.appium.uiautomator2.server.AppiumServlet.handleRequest(AppiumServlet.java:266)\n\tat io.appium.uiautomator2.server.AppiumServlet.handleHttpRequest(AppiumServlet.java:260)\n\tat io.appium.uiautomator2.http.ServerHandler.channelRead(ServerHandler.java:68)\n\tat io.netty.channel.AbstractChannelHandlerContext.invokeChannelRead(AbstractChannelHandlerContext.java:366)\n\tat io.netty.channel.AbstractChannelHandlerCont...
2022-10-20 07:49:16:452 [W3C] Matched W3C error code 'no such element' to NoSuchElementError
2022-10-20 07:49:16:453 [BaseDriver] Waited for 1042 ms so far
2022-10-20 07:49:16:961 [WD Proxy] Matched '/element' to command name 'findElement'
2022-10-20 07:49:16:962 [WD Proxy] Proxying [POST /element] to [POST http://127.0.0.1:8206/wd/hub/session/d36de7a4-a8bc-4688-88b1-e499ac123123/element] with body: {"strategy":"xpath","selector":"//androidx.recyclerview.widget.RecyclerView[@resource-id='com.mandir:id/rv_mb_cards']//android.widget.TextView[@text='साहित्य\n']","context":"","multiple":false}
2022-10-20 07:49:17:139 [WD Proxy] Got response with status 404: {"sessionId":"d36de7a4-a8bc-4688-88b1-e499ac123123","value":{"error":"no such element","message":"An element could not be located on the page using the given search parameters","stacktrace":"io.appium.uiautomator2.common.exceptions.ElementNotFoundException: An element could not be located on the page using the given search parameters\n\tat io.appium.uiautomator2.handler.FindElement.findElement(FindElement.java:90)\n\tat io.appium.uiautomator2.handler.FindElement.safeHandle(FindElement.java:67)\n\tat io.appium.uiautomator2.handler.request.SafeRequestHandler.handle(SafeRequestHandler.java:59)\n\tat io.appium.uiautomator2.server.AppiumServlet.handleRequest(AppiumServlet.java:266)\n\tat io.appium.uiautomator2.server.AppiumServlet.handleHttpRequest(AppiumServlet.java:260)\n\tat io.appium.uiautomator2.http.ServerHandler.channelRead(ServerHandler.java:68)\n\tat io.netty.channel.AbstractChannelHandlerContext.invokeChannelRead(AbstractChannelHandlerContext.java:366)\n\tat io.netty.channel.AbstractChannelHandlerCont...
2022-10-20 07:49:17:140 [W3C] Matched W3C error code 'no such element' to NoSuchElementError
2022-10-20 07:49:17:141 [BaseDriver] Waited for 1729 ms so far
2022-10-20 07:49:17:646 [WD Proxy] Matched '/element' to command name 'findElement'
2022-10-20 07:49:17:647 [WD Proxy] Proxying [POST /element] to [POST http://127.0.0.1:8206/wd/hub/session/d36de7a4-a8bc-4688-88b1-e499ac123123/element] with body: {"strategy":"xpath","selector":"//androidx.recyclerview.widget.RecyclerView[@resource-id='com.mandir:id/rv_mb_cards']//android.widget.TextView[@text='साहित्य\n']","context":"","multiple":false}
2022-10-20 07:49:17:824 [WD Proxy] Got response with status 404: {"sessionId":"d36de7a4-a8bc-4688-88b1-e499ac123123","value":{"error":"no such element","message":"An element could not be located on the page using the given search parameters","stacktrace":"io.appium.uiautomator2.common.exceptions.ElementNotFoundException: An element could not be located on the page using the given search parameters\n\tat io.appium.uiautomator2.handler.FindElement.findElement(FindElement.java:90)\n\tat io.appium.uiautomator2.handler.FindElement.safeHandle(FindElement.java:67)\n\tat io.appium.uiautomator2.handler.request.SafeRequestHandler.handle(SafeRequestHandler.java:59)\n\tat io.appium.uiautomator2.server.AppiumServlet.handleRequest(AppiumServlet.java:266)\n\tat io.appium.uiautomator2.server.AppiumServlet.handleHttpRequest(AppiumServlet.java:260)\n\tat io.appium.uiautomator2.http.ServerHandler.channelRead(ServerHandler.java:68)\n\tat io.netty.channel.AbstractChannelHandlerContext.invokeChannelRead(AbstractChannelHandlerContext.java:366)\n\tat io.netty.channel.AbstractChannelHandlerCont...
2022-10-20 07:49:17:825 [W3C] Matched W3C error code 'no such element' to NoSuchElementError
2022-10-20 07:49:17:825 [BaseDriver] Waited for 2414 ms so far
2022-10-20 07:49:18:329 [WD Proxy] Matched '/element' to command name 'findElement'
2022-10-20 07:49:18:329 [WD Proxy] Proxying [POST /element] to [POST http://127.0.0.1:8206/wd/hub/session/d36de7a4-a8bc-4688-88b1-e499ac123123/element] with body: {"strategy":"xpath","selector":"//androidx.recyclerview.widget.RecyclerView[@resource-id='com.mandir:id/rv_mb_cards']//android.widget.TextView[@text='साहित्य\n']","context":"","multiple":false}
2022-10-20 07:49:18:616 [WD Proxy] Got response with status 404: {"sessionId":"d36de7a4-a8bc-4688-88b1-e499ac123123","value":{"error":"no such element","message":"An element could not be located on the page using the given search parameters","stacktrace":"io.appium.uiautomator2.common.exceptions.ElementNotFoundException: An element could not be located on the page using the given search parameters\n\tat io.appium.uiautomator2.handler.FindElement.findElement(FindElement.java:90)\n\tat io.appium.uiautomator2.handler.FindElement.safeHandle(FindElement.java:67)\n\tat io.appium.uiautomator2.handler.request.SafeRequestHandler.handle(SafeRequestHandler.java:59)\n\tat io.appium.uiautomator2.server.AppiumServlet.handleRequest(AppiumServlet.java:266)\n\tat io.appium.uiautomator2.server.AppiumServlet.handleHttpRequest(AppiumServlet.java:260)\n\tat io.appium.uiautomator2.http.ServerHandler.channelRead(ServerHandler.java:68)\n\tat io.netty.channel.AbstractChannelHandlerContext.invokeChannelRead(AbstractChannelHandlerContext.java:366)\n\tat io.netty.channel.AbstractChannelHandlerCont...
2022-10-20 07:49:18:617 [W3C] Matched W3C error code 'no such element' to NoSuchElementError
2022-10-20 07:49:18:617 [BaseDriver] Waited for 3206 ms so far
2022-10-20 07:49:19:120 [WD Proxy] Matched '/element' to command name 'findElement'
2022-10-20 07:49:19:121 [WD Proxy] Proxying [POST /element] to [POST http://127.0.0.1:8206/wd/hub/session/d36de7a4-a8bc-4688-88b1-e499ac123123/element] with body: {"strategy":"xpath","selector":"//androidx.recyclerview.widget.RecyclerView[@resource-id='com.mandir:id/rv_mb_cards']//android.widget.TextView[@text='साहित्य\n']","context":"","multiple":false}
2022-10-20 07:49:19:386 [WD Proxy] Got response with status 404: {"sessionId":"d36de7a4-a8bc-4688-88b1-e499ac123123","value":{"error":"no such element","message":"An element could not be located on the page using the given search parameters","stacktrace":"io.appium.uiautomator2.common.exceptions.ElementNotFoundException: An element could not be located on the page using the given search parameters\n\tat io.appium.uiautomator2.handler.FindElement.findElement(FindElement.java:90)\n\tat io.appium.uiautomator2.handler.FindElement.safeHandle(FindElement.java:67)\n\tat io.appium.uiautomator2.handler.request.SafeRequestHandler.handle(SafeRequestHandler.java:59)\n\tat io.appium.uiautomator2.server.AppiumServlet.handleRequest(AppiumServlet.java:266)\n\tat io.appium.uiautomator2.server.AppiumServlet.handleHttpRequest(AppiumServlet.java:260)\n\tat io.appium.uiautomator2.http.ServerHandler.channelRead(ServerHandler.java:68)\n\tat io.netty.channel.AbstractChannelHandlerContext.invokeChannelRead(AbstractChannelHandlerContext.java:366)\n\tat io.netty.channel.AbstractChannelHandlerCont...
2022-10-20 07:49:19:387 [W3C] Matched W3C error code 'no such element' to NoSuchElementError
2022-10-20 07:49:19:388 [BaseDriver] Waited for 3976 ms so far
2022-10-20 07:49:19:894 [WD Proxy] Matched '/element' to command name 'findElement'
2022-10-20 07:49:19:895 [WD Proxy] Proxying [POST /element] to [POST http://127.0.0.1:8206/wd/hub/session/d36de7a4-a8bc-4688-88b1-e499ac123123/element] with body: {"strategy":"xpath","selector":"//androidx.recyclerview.widget.RecyclerView[@resource-id='com.mandir:id/rv_mb_cards']//android.widget.TextView[@text='साहित्य\n']","context":"","multiple":false}
2022-10-20 07:49:20:080 [WD Proxy] Got response with status 404: {"sessionId":"d36de7a4-a8bc-4688-88b1-e499ac123123","value":{"error":"no such element","message":"An element could not be located on the page using the given search parameters","stacktrace":"io.appium.uiautomator2.common.exceptions.ElementNotFoundException: An element could not be located on the page using the given search parameters\n\tat io.appium.uiautomator2.handler.FindElement.findElement(FindElement.java:90)\n\tat io.appium.uiautomator2.handler.FindElement.safeHandle(FindElement.java:67)\n\tat io.appium.uiautomator2.handler.request.SafeRequestHandler.handle(SafeRequestHandler.java:59)\n\tat io.appium.uiautomator2.server.AppiumServlet.handleRequest(AppiumServlet.java:266)\n\tat io.appium.uiautomator2.server.AppiumServlet.handleHttpRequest(AppiumServlet.java:260)\n\tat io.appium.uiautomator2.http.ServerHandler.channelRead(ServerHandler.java:68)\n\tat io.netty.channel.AbstractChannelHandlerContext.invokeChannelRead(AbstractChannelHandlerContext.java:366)\n\tat io.netty.channel.AbstractChannelHandlerCont...
2022-10-20 07:49:20:081 [W3C] Matched W3C error code 'no such element' to NoSuchElementError
2022-10-20 07:49:20:082 [BaseDriver] Waited for 4670 ms so far
2022-10-20 07:49:20:595 [WD Proxy] Matched '/element' to command name 'findElement'
2022-10-20 07:49:20:596 [WD Proxy] Proxying [POST /element] to [POST http://127.0.0.1:8206/wd/hub/session/d36de7a4-a8bc-4688-88b1-e499ac123123/element] with body: {"strategy":"xpath","selector":"//androidx.recyclerview.widget.RecyclerView[@resource-id='com.mandir:id/rv_mb_cards']//android.widget.TextView[@text='साहित्य\n']","context":"","multiple":false}
2022-10-20 07:49:20:870 [WD Proxy] Got response with status 404: {"sessionId":"d36de7a4-a8bc-4688-88b1-e499ac123123","value":{"error":"no such element","message":"An element could not be located on the page using the given search parameters","stacktrace":"io.appium.uiautomator2.common.exceptions.ElementNotFoundException: An element could not be located on the page using the given search parameters\n\tat io.appium.uiautomator2.handler.FindElement.findElement(FindElement.java:90)\n\tat io.appium.uiautomator2.handler.FindElement.safeHandle(FindElement.java:67)\n\tat io.appium.uiautomator2.handler.request.SafeRequestHandler.handle(SafeRequestHandler.java:59)\n\tat io.appium.uiautomator2.server.AppiumServlet.handleRequest(AppiumServlet.java:266)\n\tat io.appium.uiautomator2.server.AppiumServlet.handleHttpRequest(AppiumServlet.java:260)\n\tat io.appium.uiautomator2.http.ServerHandler.channelRead(ServerHandler.java:68)\n\tat io.netty.channel.AbstractChannelHandlerContext.invokeChannelRead(AbstractChannelHandlerContext.java:366)\n\tat io.netty.channel.AbstractChannelHandlerCont...
2022-10-20 07:49:20:871 [W3C] Matched W3C error code 'no such element' to NoSuchElementError
2022-10-20 07:49:20:871 [BaseDriver] Waited for 5460 ms so far
2022-10-20 07:49:21:388 [WD Proxy] Matched '/element' to command name 'findElement'
2022-10-20 07:49:21:388 [WD Proxy] Proxying [POST /element] to [POST http://127.0.0.1:8206/wd/hub/session/d36de7a4-a8bc-4688-88b1-e499ac123123/element] with body: {"strategy":"xpath","selector":"//androidx.recyclerview.widget.RecyclerView[@resource-id='com.mandir:id/rv_mb_cards']//android.widget.TextView[@text='साहित्य\n']","context":"","multiple":false}
2022-10-20 07:49:21:590 [WD Proxy] Got response with status 404: {"sessionId":"d36de7a4-a8bc-4688-88b1-e499ac123123","value":{"error":"no such element","message":"An element could not be located on the page using the given search parameters","stacktrace":"io.appium.uiautomator2.common.exceptions.ElementNotFoundException: An element could not be located on the page using the given search parameters\n\tat io.appium.uiautomator2.handler.FindElement.findElement(FindElement.java:90)\n\tat io.appium.uiautomator2.handler.FindElement.safeHandle(FindElement.java:67)\n\tat io.appium.uiautomator2.handler.request.SafeRequestHandler.handle(SafeRequestHandler.java:59)\n\tat io.appium.uiautomator2.server.AppiumServlet.handleRequest(AppiumServlet.java:266)\n\tat io.appium.uiautomator2.server.AppiumServlet.handleHttpRequest(AppiumServlet.java:260)\n\tat io.appium.uiautomator2.http.ServerHandler.channelRead(ServerHandler.java:68)\n\tat io.netty.channel.AbstractChannelHandlerContext.invokeChannelRead(AbstractChannelHandlerContext.java:366)\n\tat io.netty.channel.AbstractChannelHandlerCont...
2022-10-20 07:49:21:592 [W3C] Matched W3C error code 'no such element' to NoSuchElementError
2022-10-20 07:49:21:592 [BaseDriver] Waited for 6181 ms so far
2022-10-20 07:49:22:105 [WD Proxy] Matched '/element' to command name 'findElement'
2022-10-20 07:49:22:105 [WD Proxy] Proxying [POST /element] to [POST http://127.0.0.1:8206/wd/hub/session/d36de7a4-a8bc-4688-88b1-e499ac123123/element] with body: {"strategy":"xpath","selector":"//androidx.recyclerview.widget.RecyclerView[@resource-id='com.mandir:id/rv_mb_cards']//android.widget.TextView[@text='साहित्य\n']","context":"","multiple":false}
2022-10-20 07:49:22:286 [WD Proxy] Got response with status 404: {"sessionId":"d36de7a4-a8bc-4688-88b1-e499ac123123","value":{"error":"no such element","message":"An element could not be located on the page using the given search parameters","stacktrace":"io.appium.uiautomator2.common.exceptions.ElementNotFoundException: An element could not be located on the page using the given search parameters\n\tat io.appium.uiautomator2.handler.FindElement.findElement(FindElement.java:90)\n\tat io.appium.uiautomator2.handler.FindElement.safeHandle(FindElement.java:67)\n\tat io.appium.uiautomator2.handler.request.SafeRequestHandler.handle(SafeRequestHandler.java:59)\n\tat io.appium.uiautomator2.server.AppiumServlet.handleRequest(AppiumServlet.java:266)\n\tat io.appium.uiautomator2.server.AppiumServlet.handleHttpRequest(AppiumServlet.java:260)\n\tat io.appium.uiautomator2.http.ServerHandler.channelRead(ServerHandler.java:68)\n\tat io.netty.channel.AbstractChannelHandlerContext.invokeChannelRead(AbstractChannelHandlerContext.java:366)\n\tat io.netty.channel.AbstractChannelHandlerCont...
2022-10-20 07:49:22:287 [W3C] Matched W3C error code 'no such element' to NoSuchElementError
2022-10-20 07:49:22:288 [BaseDriver] Waited for 6876 ms so far
2022-10-20 07:49:22:789 [WD Proxy] Matched '/element' to command name 'findElement'
2022-10-20 07:49:22:790 [WD Proxy] Proxying [POST /element] to [POST http://127.0.0.1:8206/wd/hub/session/d36de7a4-a8bc-4688-88b1-e499ac123123/element] with body: {"strategy":"xpath","selector":"//androidx.recyclerview.widget.RecyclerView[@resource-id='com.mandir:id/rv_mb_cards']//android.widget.TextView[@text='साहित्य\n']","context":"","multiple":false}
2022-10-20 07:49:22:962 [WD Proxy] Got response with status 404: {"sessionId":"d36de7a4-a8bc-4688-88b1-e499ac123123","value":{"error":"no such element","message":"An element could not be located on the page using the given search parameters","stacktrace":"io.appium.uiautomator2.common.exceptions.ElementNotFoundException: An element could not be located on the page using the given search parameters\n\tat io.appium.uiautomator2.handler.FindElement.findElement(FindElement.java:90)\n\tat io.appium.uiautomator2.handler.FindElement.safeHandle(FindElement.java:67)\n\tat io.appium.uiautomator2.handler.request.SafeRequestHandler.handle(SafeRequestHandler.java:59)\n\tat io.appium.uiautomator2.server.AppiumServlet.handleRequest(AppiumServlet.java:266)\n\tat io.appium.uiautomator2.server.AppiumServlet.handleHttpRequest(AppiumServlet.java:260)\n\tat io.appium.uiautomator2.http.ServerHandler.channelRead(ServerHandler.java:68)\n\tat io.netty.channel.AbstractChannelHandlerContext.invokeChannelRead(AbstractChannelHandlerContext.java:366)\n\tat io.netty.channel.AbstractChannelHandlerCont...
2022-10-20 07:49:22:964 [W3C] Matched W3C error code 'no such element' to NoSuchElementError
2022-10-20 07:49:22:964 [BaseDriver] Waited for 7553 ms so far
2022-10-20 07:49:23:473 [WD Proxy] Matched '/element' to command name 'findElement'
2022-10-20 07:49:23:473 [WD Proxy] Proxying [POST /element] to [POST http://127.0.0.1:8206/wd/hub/session/d36de7a4-a8bc-4688-88b1-e499ac123123/element] with body: {"strategy":"xpath","selector":"//androidx.recyclerview.widget.RecyclerView[@resource-id='com.mandir:id/rv_mb_cards']//android.widget.TextView[@text='साहित्य\n']","context":"","multiple":false}
2022-10-20 07:49:23:729 [WD Proxy] Got response with status 404: {"sessionId":"d36de7a4-a8bc-4688-88b1-e499ac123123","value":{"error":"no such element","message":"An element could not be located on the page using the given search parameters","stacktrace":"io.appium.uiautomator2.common.exceptions.ElementNotFoundException: An element could not be located on the page using the given search parameters\n\tat io.appium.uiautomator2.handler.FindElement.findElement(FindElement.java:90)\n\tat io.appium.uiautomator2.handler.FindElement.safeHandle(FindElement.java:67)\n\tat io.appium.uiautomator2.handler.request.SafeRequestHandler.handle(SafeRequestHandler.java:59)\n\tat io.appium.uiautomator2.server.AppiumServlet.handleRequest(AppiumServlet.java:266)\n\tat io.appium.uiautomator2.server.AppiumServlet.handleHttpRequest(AppiumServlet.java:260)\n\tat io.appium.uiautomator2.http.ServerHandler.channelRead(ServerHandler.java:68)\n\tat io.netty.channel.AbstractChannelHandlerContext.invokeChannelRead(AbstractChannelHandlerContext.java:366)\n\tat io.netty.channel.AbstractChannelHandlerCont...
2022-10-20 07:49:23:730 [W3C] Matched W3C error code 'no such element' to NoSuchElementError
2022-10-20 07:49:23:730 [BaseDriver] Waited for 8319 ms so far
2022-10-20 07:49:24:233 [WD Proxy] Matched '/element' to command name 'findElement'
2022-10-20 07:49:24:233 [WD Proxy] Proxying [POST /element] to [POST http://127.0.0.1:8206/wd/hub/session/d36de7a4-a8bc-4688-88b1-e499ac123123/element] with body: {"strategy":"xpath","selector":"//androidx.recyclerview.widget.RecyclerView[@resource-id='com.mandir:id/rv_mb_cards']//android.widget.TextView[@text='साहित्य\n']","context":"","multiple":false}
2022-10-20 07:49:24:474 [WD Proxy] Got response with status 404: {"sessionId":"d36de7a4-a8bc-4688-88b1-e499ac123123","value":{"error":"no such element","message":"An element could not be located on the page using the given search parameters","stacktrace":"io.appium.uiautomator2.common.exceptions.ElementNotFoundException: An element could not be located on the page using the given search parameters\n\tat io.appium.uiautomator2.handler.FindElement.findElement(FindElement.java:90)\n\tat io.appium.uiautomator2.handler.FindElement.safeHandle(FindElement.java:67)\n\tat io.appium.uiautomator2.handler.request.SafeRequestHandler.handle(SafeRequestHandler.java:59)\n\tat io.appium.uiautomator2.server.AppiumServlet.handleRequest(AppiumServlet.java:266)\n\tat io.appium.uiautomator2.server.AppiumServlet.handleHttpRequest(AppiumServlet.java:260)\n\tat io.appium.uiautomator2.http.ServerHandler.channelRead(ServerHandler.java:68)\n\tat io.netty.channel.AbstractChannelHandlerContext.invokeChannelRead(AbstractChannelHandlerContext.java:366)\n\tat io.netty.channel.AbstractChannelHandlerCont...
2022-10-20 07:49:24:474 [W3C] Matched W3C error code 'no such element' to NoSuchElementError
2022-10-20 07:49:24:474 [BaseDriver] Waited for 9063 ms so far
2022-10-20 07:49:24:978 [WD Proxy] Matched '/element' to command name 'findElement'
2022-10-20 07:49:24:978 [WD Proxy] Proxying [POST /element] to [POST http://127.0.0.1:8206/wd/hub/session/d36de7a4-a8bc-4688-88b1-e499ac123123/element] with body: {"strategy":"xpath","selector":"//androidx.recyclerview.widget.RecyclerView[@resource-id='com.mandir:id/rv_mb_cards']//android.widget.TextView[@text='साहित्य\n']","context":"","multiple":false}
2022-10-20 07:49:25:306 [WD Proxy] Got response with status 404: {"sessionId":"d36de7a4-a8bc-4688-88b1-e499ac123123","value":{"error":"no such element","message":"An element could not be located on the page using the given search parameters","stacktrace":"io.appium.uiautomator2.common.exceptions.ElementNotFoundException: An element could not be located on the page using the given search parameters\n\tat io.appium.uiautomator2.handler.FindElement.findElement(FindElement.java:90)\n\tat io.appium.uiautomator2.handler.FindElement.safeHandle(FindElement.java:67)\n\tat io.appium.uiautomator2.handler.request.SafeRequestHandler.handle(SafeRequestHandler.java:59)\n\tat io.appium.uiautomator2.server.AppiumServlet.handleRequest(AppiumServlet.java:266)\n\tat io.appium.uiautomator2.server.AppiumServlet.handleHttpRequest(AppiumServlet.java:260)\n\tat io.appium.uiautomator2.http.ServerHandler.channelRead(ServerHandler.java:68)\n\tat io.netty.channel.AbstractChannelHandlerContext.invokeChannelRead(AbstractChannelHandlerContext.java:366)\n\tat io.netty.channel.AbstractChannelHandlerCont...
2022-10-20 07:49:25:307 [W3C] Matched W3C error code 'no such element' to NoSuchElementError
2022-10-20 07:49:25:308 [BaseDriver] Waited for 9896 ms so far
2022-10-20 07:49:25:426 [WD Proxy] Matched '/element' to command name 'findElement'
2022-10-20 07:49:25:427 [WD Proxy] Proxying [POST /element] to [POST http://127.0.0.1:8206/wd/hub/session/d36de7a4-a8bc-4688-88b1-e499ac123123/element] with body: {"strategy":"xpath","selector":"//androidx.recyclerview.widget.RecyclerView[@resource-id='com.mandir:id/rv_mb_cards']//android.widget.TextView[@text='साहित्य\n']","context":"","multiple":false}
2022-10-20 07:49:25:651 [WD Proxy] Got response with status 404: {"sessionId":"d36de7a4-a8bc-4688-88b1-e499ac123123","value":{"error":"no such element","message":"An element could not be located on the page using the given search parameters","stacktrace":"io.appium.uiautomator2.common.exceptions.ElementNotFoundException: An element could not be located on the page using the given search parameters\n\tat io.appium.uiautomator2.handler.FindElement.findElement(FindElement.java:90)\n\tat io.appium.uiautomator2.handler.FindElement.safeHandle(FindElement.java:67)\n\tat io.appium.uiautomator2.handler.request.SafeRequestHandler.handle(SafeRequestHandler.java:59)\n\tat io.appium.uiautomator2.server.AppiumServlet.handleRequest(AppiumServlet.java:266)\n\tat io.appium.uiautomator2.server.AppiumServlet.handleHttpRequest(AppiumServlet.java:260)\n\tat io.appium.uiautomator2.http.ServerHandler.channelRead(ServerHandler.java:68)\n\tat io.netty.channel.AbstractChannelHandlerContext.invokeChannelRead(AbstractChannelHandlerContext.java:366)\n\tat io.netty.channel.AbstractChannelHandlerCont...
2022-10-20 07:49:25:653 [W3C] Matched W3C error code 'no such element' to NoSuchElementError
2022-10-20 07:49:25:683 [W3C (2f4aaa91)] Encountered internal error running command: NoSuchElementError: An element could not be located on the page using the given search parameters.
2022-10-20 07:49:25:684 [W3C (2f4aaa91)]     at AndroidUiautomator2Driver.findElOrEls (C:\Users\Shilpa\AppData\Roaming\npm\node_modules\appium\node_modules\appium-android-driver\lib\commands\find.js:75:11)
2022-10-20 07:49:25:684 [W3C (2f4aaa91)]     at runMicrotasks (<anonymous>)
2022-10-20 07:49:25:684 [W3C (2f4aaa91)]     at processTicksAndRejections (node:internal/process/task_queues:96:5)
2022-10-20 07:49:25:684 [W3C (2f4aaa91)]     at AndroidUiautomator2Driver.findElOrElsWithProcessing (C:\Users\Shilpa\AppData\Roaming\npm\node_modules\appium\node_modules\appium-base-driver\lib\basedriver\commands\find.js:33:12)
2022-10-20 07:49:25:684 [W3C (2f4aaa91)]     at AndroidUiautomator2Driver.findElement (C:\Users\Shilpa\AppData\Roaming\npm\node_modules\appium\node_modules\appium-base-driver\lib\basedriver\commands\find.js:53:10)
2022-10-20 07:49:25:685 [HTTP] <-- POST /wd/hub/session/2f4aaa91-a5b8-46d5-8e9a-6d874da2574a/element 404 10279 ms - 919
2022-10-20 07:49:25:685 [HTTP] 
2022-10-20 07:49:25:703 [HTTP] --> GET /wd/hub/session/2f4aaa91-a5b8-46d5-8e9a-6d874da2574a/screenshot
2022-10-20 07:49:25:703 [HTTP] {}
2022-10-20 07:49:25:704 [W3C (2f4aaa91)] Calling AppiumDriver.getScreenshot() with args: ["2f4aaa91-a5b8-46d5-8e9a-6d874da2574a"]
2022-10-20 07:49:25:705 [WD Proxy] Matched '/screenshot' to command name 'getScreenshot'
2022-10-20 07:49:25:705 [WD Proxy] Proxying [GET /screenshot] to [GET http://127.0.0.1:8206/wd/hub/session/d36de7a4-a8bc-4688-88b1-e499ac123123/screenshot] with no body
2022-10-20 07:49:26:110 [WD Proxy] Got response with status 200: {"sessionId":"d36de7a4-a8bc-4688-88b1-e499ac123123","value":"iVBORw0KGgoAAAANSUhEUgAABDgAAAeACAYAAAArYecKAAAAAXNSR0IArs4c6QAAAARzQklUCAgI\nCHwIZIgAACAASURBVHic7N15nGRVfT7+59ylbu3V6+wLMww7DMMysojsIEbEESLEiBpMgv6iQVFR\nEyRRE/ONIm4JalRUBDdEBZ2wObIvBhwYZtgGmGH2rae7q7vWu//+qO7qqq6lt1tdfauf9+vVL6bv\nvXXvoaq6u85zz/kc4bquCyIiIiIiIiIiH5Oa3QAiIiIiIiIioqliwEFEREREREREvseAg4iIiIiI\niIh8jwEHEREREREREfkeAw4iIiIiIiIi8j0GHERERERERETkeww4iIiIiIiIiMj3GHAQERERERER\nke8x4CAiIiIiIiIi32PAQURERERERES+x4CDiIiIiIiIiHyPAQcRERERERER+R4DDiIiIiIiIiLy\nPQYcREREREREROR7DDiIiIiIiIiIyPcYcBARERERERGR7zHgICIiIiIiIiLfY8BBRERERERERL7H\ngIOIiIiIiIiIfI8BBxERERERERH5HgMOIiIiIiIiIvI9BhxERERERERE5HsMOIiIiIiIiIjI9xhw\nEBEREREREZHvMeAgIiIiIiIiIt9jwEFEREREREREvseAg4iIiIiIiIh8jwEHEREREREREfkeAw4i\nIiIiIiIi8j0GHERERERERETkeww4iIiIiIiIiMj3lGY3gIiIiIiIiGg8LMsufJk2LMuCYzuwbQeu\n68JxXLhwAbfZraxDAAICkiQghIAsS5BkCYqiQFFlKErhiyZHuK47k19+IiIiIiIimqUs04auGzAM\nC6ZhwradZjep4WRZghpQEQgo0LQAFJWBx3gx4CAiIiIiIqIZwzJt5HI68jkdlmU3uzlNpygygiEN\noZDGsGMMDDiIiIiIiIio6bLZ...
2022-10-20 07:49:26:112 [W3C (2f4aaa91)] Responding to client with driver.getScreenshot() result: "iVBORw0KGgoAAAANSUhEUgAABDgAAAeACAYAAAArYecKAAAAAXNSR0IArs4c6QAAAARzQklUCAgI\nCHwIZIgAACAASURBVHic7N15nGRVfT7+59ylbu3V6+wLMww7DMMysojsIEbEESLEiBpMgv6iQVFR\nEyRRE/ONIm4JalRUBDdEBZ2wObIvBhwYZtgGmGH2rae7q7vWu//+qO7qqq6lt1tdfauf9+vVL6bv\nvXXvoaq6u85zz/kc4bquCyIiIiIiIiIiH5Oa3QAiIiIiIiIioqliwEFEREREREREvseAg4iIiIiI\niIh8jwEHEREREREREfkeAw4iIiIiIiIi8j0GHERERERERETkeww4iIiIiIiIiMj3GHAQERERERER\nke8x4CAiIiIiIiIi32PAQURERERERES+x4CDiIiIiIiIiHyPAQcRERERERER+R4DDiIiIiIiIiLy\nPQYcREREREREROR7DDiIiIiIiIiIyPcYcBARERERERGR7zHgICIiIiIiIiLfY8BBRERERERERL7H\ngIOIiIiIiIiIfI8BBxERERERERH5HgMOIiIiIiIiIvI9BhxERERERERE5HsMOIiIiIiIiIjI9xhw\nEBEREREREZHvMeAgIiIiIiIiIt9jwEFEREREREREvseAg4iIiIiIiIh8jwEHEREREREREfkeAw4i\nIiIiIiIi8j0GHERERERERETkeww4iIiIiIiIiMj3lGY3gIiIiIiIiGg8LMsufJk2LMuCYzuwbQeu\n68JxXLhwAbfZraxDAAICkiQghIAsS5BkCYqiQFFlKErhiyZHuK47k19+IiIiIiIimqUs04auGzAM\nC6ZhwradZjep4WRZghpQEQgo0LQAFJWBx3gx4CAiIiIiIqIZwzJt5HI68jkdlmU3uzlNpygygiEN\noZDGsGMMDDiIiIiIiIio6bLZPHJZHYZu1jxGCIFAQIGiKlAUGbIsQZZlCGlk2sdMV5xO47iwbRu2\n7QxNu7...
2022-10-20 07:49:26:117 [HTTP] <-- GET /wd/hub/session/2f4aaa91-a5b8-46d5-8e9a-6d874da2574a/screenshot 200 413 ms - 409590
2022-10-20 07:49:26:117 [HTTP] 
2022-10-20 07:49:26:163 [HTTP] --> POST /wd/hub/session/2f4aaa91-a5b8-46d5-8e9a-6d874da2574a/appium/app/close
2022-10-20 07:49:26:163 [HTTP] {}
2022-10-20 07:49:26:168 [W3C (2f4aaa91)] Calling AppiumDriver.closeApp() with args: ["2f4aaa91-a5b8-46d5-8e9a-6d874da2574a"]
2022-10-20 07:49:26:169 [ADB] Running 'C:\Users\Shilpa\AppData\Local\Android\Sdk\platform-tools\adb.exe -P 5037 -s emulator-5554 shell am force-stop com.mandir'
2022-10-20 07:49:26:341 [W3C (2f4aaa91)] Responding to client with driver.closeApp() result: null
2022-10-20 07:49:26:342 [HTTP] <-- POST /wd/hub/session/2f4aaa91-a5b8-46d5-8e9a-6d874da2574a/appium/app/close 200 179 ms - 14
2022-10-20 07:49:26:342 [HTTP] 
