2022-10-14 11:51:39:390 [Appium] Welcome to Appium v1.22.3
2022-10-14 11:51:39:391 [Appium] Non-default server args:
2022-10-14 11:51:39:392 [Appium]   address: 127.0.0.1
2022-10-14 11:51:39:392 [Appium]   port: 10475
2022-10-14 11:51:39:392 [Appium]   logFile: C:\Users\Shilpa\Documents\New_Sri_Mandir\SRI_MANDIR(Different languages)\.\ServerLogs\appiumSriMandirSMPK_TC_2070_VerifyThatUserIsGettingNavigatedToPunyaMudraSectionOnClickingThePunyaMudraTutorialButton.log
2022-10-14 11:51:39:422 [Appium] Appium REST http interface listener started on 127.0.0.1:10475
2022-10-14 11:51:39:631 [HTTP] --> GET /wd/hub/status
2022-10-14 11:51:39:631 [HTTP] {}
2022-10-14 11:51:39:632 [GENERIC] Calling AppiumDriver.getStatus() with args: []
2022-10-14 11:51:39:633 [GENERIC] Responding to client with driver.getStatus() result: {"build":{"version":"1.22.3"}}
2022-10-14 11:51:39:638 [HTTP] <-- GET /wd/hub/status 200 5 ms - 68
2022-10-14 11:51:39:638 [HTTP] 
2022-10-14 11:51:40:027 [HTTP] --> POST /wd/hub/session
2022-10-14 11:51:40:028 [HTTP] {"desiredCapabilities":{"app":"./src/main/java/resources/app-debug-3.7.5.apk","noReset":true,"automationName":"UiAutomator2","autoGrantPermissions":true,"platformName":"Android","udid":"emulator-5554","platform":"ANDROID"},"capabilities":{"firstMatch":[{"appium:app":"./src/main/java/resources/app-debug-3.7.5.apk","appium:autoGrantPermissions":true,"appium:automationName":"UiAutomator2","appium:noReset":true,"platform":"ANDROID","platformName":"android","appium:udid":"emulator-5554"}]}}
2022-10-14 11:51:40:028 [W3C] Calling AppiumDriver.createSession() with args: [{"app":"./src/main/java/resources/app-debug-3.7.5.apk","noReset":true,"automationName":"UiAutomator2","autoGrantPermissions":true,"platformName":"Android","udid":"emulator-5554","platform":"ANDROID"},null,{"firstMatch":[{"appium:app":"./src/main/java/resources/app-debug-3.7.5.apk","appium:autoGrantPermissions":true,"appium:automationName":"UiAutomator2","appium:noReset":true,"platform":"ANDROID","platformName":"android","appium:udid":"emulator-5554"}]}]
2022-10-14 11:51:40:029 [BaseDriver] Event 'newSessionRequested' logged at 1665748300028 (17:21:40 GMT+0530 (India Standard Time))
2022-10-14 11:51:40:032 [BaseDriver] The following capabilities are not standard capabilities and should have an extension prefix:
2022-10-14 11:51:40:032 [BaseDriver]   platform
2022-10-14 11:51:40:299 [Appium] Appium v1.22.3 creating new AndroidUiautomator2Driver (v1.70.1) session
2022-10-14 11:51:40:302 [BaseDriver] W3C capabilities and MJSONWP desired capabilities were provided
2022-10-14 11:51:40:302 [BaseDriver] Creating session with W3C capabilities: {
2022-10-14 11:51:40:302 [BaseDriver]   "alwaysMatch": {
2022-10-14 11:51:40:302 [BaseDriver]     "appium:platform": "ANDROID",
2022-10-14 11:51:40:302 [BaseDriver]     "platformName": "android",
2022-10-14 11:51:40:303 [BaseDriver]     "appium:app": "./src/main/java/resources/app-debug-3.7.5.apk",
2022-10-14 11:51:40:303 [BaseDriver]     "appium:autoGrantPermissions": true,
2022-10-14 11:51:40:303 [BaseDriver]     "appium:automationName": "UiAutomator2",
2022-10-14 11:51:40:303 [BaseDriver]     "appium:noReset": true,
2022-10-14 11:51:40:303 [BaseDriver]     "appium:udid": "emulator-5554"
2022-10-14 11:51:40:303 [BaseDriver]   },
2022-10-14 11:51:40:303 [BaseDriver]   "firstMatch": [
2022-10-14 11:51:40:303 [BaseDriver]     {}
2022-10-14 11:51:40:303 [BaseDriver]   ]
2022-10-14 11:51:40:303 [BaseDriver] }
2022-10-14 11:51:40:309 [BaseDriver] The following capabilities were provided, but are not recognized by Appium:
2022-10-14 11:51:40:309 [BaseDriver]   platform
2022-10-14 11:51:40:310 [BaseDriver] Session created with session id: 7c312bd2-2690-4b28-a7e9-859766cff76c
2022-10-14 11:51:40:312 [BaseDriver] Using local app './src/main/java/resources/app-debug-3.7.5.apk'
2022-10-14 11:51:40:313 [BaseDriver] The current application path './src/main/java/resources/app-debug-3.7.5.apk' is not absolute and has been rewritten to 'C:\Users\Shilpa\Documents\New_Sri_Mandir\SRI_MANDIR(Different languages)\src\main\java\resources\app-debug-3.7.5.apk'. Consider using absolute paths rather than relative
2022-10-14 11:51:40:313 [UiAutomator2] Checking whether app is actually present
2022-10-14 11:51:40:346 [ADB] Found 2 'build-tools' folders under 'C:\Users\Shilpa\AppData\Local\Android\Sdk' (newest first):
2022-10-14 11:51:40:346 [ADB]     C:/Users/Shilpa/AppData/Local/Android/Sdk/build-tools/33.0.0
2022-10-14 11:51:40:347 [ADB]     C:/Users/Shilpa/AppData/Local/Android/Sdk/build-tools/30.0.3
2022-10-14 11:51:40:348 [ADB] Using 'adb.exe' from 'C:\Users\Shilpa\AppData\Local\Android\Sdk\platform-tools\adb.exe'
2022-10-14 11:51:40:349 [ADB] Running 'C:\Users\Shilpa\AppData\Local\Android\Sdk\platform-tools\adb.exe -P 5037 start-server'
2022-10-14 11:51:40:384 [AndroidDriver] Retrieving device list
2022-10-14 11:51:40:384 [ADB] Trying to find a connected android device
2022-10-14 11:51:40:385 [ADB] Getting connected devices
2022-10-14 11:51:40:410 [ADB] Connected devices: [{"udid":"emulator-5554","state":"device"}]
2022-10-14 11:51:40:410 [AndroidDriver] Using device: emulator-5554
2022-10-14 11:51:40:412 [ADB] Using 'adb.exe' from 'C:\Users\Shilpa\AppData\Local\Android\Sdk\platform-tools\adb.exe'
2022-10-14 11:51:40:412 [ADB] Running 'C:\Users\Shilpa\AppData\Local\Android\Sdk\platform-tools\adb.exe -P 5037 start-server'
2022-10-14 11:51:40:434 [ADB] Setting device id to emulator-5554
2022-10-14 11:51:40:434 [ADB] Running 'C:\Users\Shilpa\AppData\Local\Android\Sdk\platform-tools\adb.exe -P 5037 -s emulator-5554 shell getprop ro.build.version.sdk'
2022-10-14 11:51:40:490 [ADB] Current device property 'ro.build.version.sdk': 31
2022-10-14 11:51:40:490 [ADB] Getting device platform version
2022-10-14 11:51:40:491 [ADB] Running 'C:\Users\Shilpa\AppData\Local\Android\Sdk\platform-tools\adb.exe -P 5037 -s emulator-5554 shell getprop ro.build.version.release'
2022-10-14 11:51:40:552 [ADB] Current device property 'ro.build.version.release': 12
2022-10-14 11:51:40:552 [ADB] Device API level: 31
2022-10-14 11:51:40:552 [UiAutomator2] Relaxing hidden api policy
2022-10-14 11:51:40:552 [ADB] Running 'C:\Users\Shilpa\AppData\Local\Android\Sdk\platform-tools\adb.exe -P 5037 -s emulator-5554 shell 'settings put global hidden_api_policy_pre_p_apps 1;settings put global hidden_api_policy_p_apps 1;settings put global hidden_api_policy 1''
2022-10-14 11:51:40:662 [AndroidDriver] Parsing package and activity from app manifest
2022-10-14 11:51:40:702 [ADB] Package name: 'com.mandir'
2022-10-14 11:51:40:702 [ADB] Main activity name: 'com.mandir.ui.activity.SplashActivity'
2022-10-14 11:51:40:702 [AndroidDriver] Parsed package and activity are: com.mandir/com.mandir.ui.activity.SplashActivity
2022-10-14 11:51:40:703 [ADB] Running 'C:\Users\Shilpa\AppData\Local\Android\Sdk\platform-tools\adb.exe -P 5037 -s emulator-5554 wait-for-device'
2022-10-14 11:51:40:725 [ADB] Running 'C:\Users\Shilpa\AppData\Local\Android\Sdk\platform-tools\adb.exe -P 5037 -s emulator-5554 shell echo ping'
2022-10-14 11:51:40:770 [AndroidDriver] Pushing settings apk to device...
2022-10-14 11:51:40:770 [ADB] Getting install status for io.appium.settings
2022-10-14 11:51:40:771 [ADB] Running 'C:\Users\Shilpa\AppData\Local\Android\Sdk\platform-tools\adb.exe -P 5037 -s emulator-5554 shell dumpsys package io.appium.settings'
2022-10-14 11:51:41:392 [ADB] 'io.appium.settings' is installed
2022-10-14 11:51:41:393 [ADB] Getting package info for 'io.appium.settings'
2022-10-14 11:51:41:393 [ADB] Running 'C:\Users\Shilpa\AppData\Local\Android\Sdk\platform-tools\adb.exe -P 5037 -s emulator-5554 shell dumpsys package io.appium.settings'
2022-10-14 11:51:41:441 [ADB] The version name of the installed 'io.appium.settings' is greater or equal to the application version name ('3.4.0' >= '3.4.0')
2022-10-14 11:51:41:442 [ADB] There is no need to install/upgrade 'C:\Users\Shilpa\AppData\Roaming\npm\node_modules\appium\node_modules\io.appium.settings\apks\settings_apk-debug.apk'
2022-10-14 11:51:41:442 [ADB] Getting IDs of all 'io.appium.settings' processes
2022-10-14 11:51:41:442 [ADB] Running 'C:\Users\Shilpa\AppData\Local\Android\Sdk\platform-tools\adb.exe -P 5037 -s emulator-5554 shell 'pgrep --help; echo $?''
2022-10-14 11:51:41:515 [ADB] Running 'C:\Users\Shilpa\AppData\Local\Android\Sdk\platform-tools\adb.exe -P 5037 -s emulator-5554 shell pgrep -f \(\[\[:blank:\]\]\|\^\)io\.appium\.settings\(\[\[:blank:\]\]\|\$\)'
2022-10-14 11:51:41:590 [AndroidDriver] io.appium.settings is already running. There is no need to reset its permissions.
2022-10-14 11:51:41:591 [Logcat] Starting logs capture with command: C:\\Users\\Shilpa\\AppData\\Local\\Android\\Sdk\\platform-tools\\adb.exe -P 5037 -s emulator-5554 logcat -v threadtime
2022-10-14 11:51:41:643 [UiAutomator2] Forwarding UiAutomator2 Server port 6790 to local port 8203
2022-10-14 11:51:41:644 [ADB] Forwarding system: 8203 to device: 6790
2022-10-14 11:51:41:645 [ADB] Running 'C:\Users\Shilpa\AppData\Local\Android\Sdk\platform-tools\adb.exe -P 5037 -s emulator-5554 forward tcp:8203 tcp:6790'
2022-10-14 11:51:41:677 [ADB] Getting install status for io.appium.uiautomator2.server
2022-10-14 11:51:41:678 [ADB] Running 'C:\Users\Shilpa\AppData\Local\Android\Sdk\platform-tools\adb.exe -P 5037 -s emulator-5554 shell dumpsys package io.appium.uiautomator2.server'
2022-10-14 11:51:41:805 [ADB] 'io.appium.uiautomator2.server' is installed
2022-10-14 11:51:41:805 [ADB] Getting package info for 'io.appium.uiautomator2.server'
2022-10-14 11:51:41:805 [ADB] Running 'C:\Users\Shilpa\AppData\Local\Android\Sdk\platform-tools\adb.exe -P 5037 -s emulator-5554 shell dumpsys package io.appium.uiautomator2.server'
2022-10-14 11:51:42:151 [ADB] The version name of the installed 'io.appium.uiautomator2.server' is greater or equal to the application version name ('4.27.0' >= '4.27.0')
2022-10-14 11:51:42:152 [UiAutomator2] io.appium.uiautomator2.server installation state: sameVersionInstalled
2022-10-14 11:51:42:152 [ADB] Checking app cert for C:\Users\Shilpa\AppData\Roaming\npm\node_modules\appium\node_modules\appium-uiautomator2-server\apks\appium-uiautomator2-server-v4.27.0.apk
2022-10-14 11:51:42:187 [ADB] Using 'apksigner.jar' from 'C:\Users\Shilpa\AppData\Local\Android\Sdk\build-tools\33.0.0\lib\apksigner.jar'
2022-10-14 11:51:42:188 [ADB] Starting apksigner: 'C:\\Program Files\\Java\\jdk1.8.0_291\\bin\\java.exe' -Xmx1024M -Xss1m -jar C:\\Users\\Shilpa\\AppData\\Local\\Android\\Sdk\\build-tools\\33.0.0\\lib\\apksigner.jar verify --print-certs C:\\Users\\Shilpa\\AppData\\Roaming\\npm\\node_modules\\appium\\node_modules\\appium-uiautomator2-server\\apks\\appium-uiautomator2-server-v4.27.0.apk
2022-10-14 11:51:43:371 [ADB] apksigner stdout: Signer #1 certificate DN: EMAILADDRESS=android@android.com, CN=Android, OU=Android, O=Android, L=Mountain View, ST=California, C=US
2022-10-14 11:51:43:372 [ADB] Signer #1 certificate SHA-256 digest: a40da80a59d170caa950cf15c18c454d47a39b26989d8b640ecd745ba71bf5dc
2022-10-14 11:51:43:372 [ADB] Signer #1 certificate SHA-1 digest: 61ed377e85d386a8dfee6b864bd85b0bfaa5af81
2022-10-14 11:51:43:372 [ADB] Signer #1 certificate MD5 digest: e89b158e4bcf988ebd09eb83f5378e87
2022-10-14 11:51:43:372 [ADB] 
2022-10-14 11:51:43:372 [ADB] sha256 hash did match for 'appium-uiautomator2-server-v4.27.0.apk'
2022-10-14 11:51:43:372 [ADB] 'C:\Users\Shilpa\AppData\Roaming\npm\node_modules\appium\node_modules\appium-uiautomator2-server\apks\appium-uiautomator2-server-v4.27.0.apk' is signed with the default certificate
2022-10-14 11:51:43:373 [ADB] Getting install status for io.appium.uiautomator2.server.test
2022-10-14 11:51:43:373 [ADB] Running 'C:\Users\Shilpa\AppData\Local\Android\Sdk\platform-tools\adb.exe -P 5037 -s emulator-5554 shell dumpsys package io.appium.uiautomator2.server.test'
2022-10-14 11:51:43:448 [ADB] 'io.appium.uiautomator2.server.test' is installed
2022-10-14 11:51:43:448 [ADB] Checking app cert for C:\Users\Shilpa\AppData\Roaming\npm\node_modules\appium\node_modules\appium-uiautomator2-server\apks\appium-uiautomator2-server-debug-androidTest.apk
2022-10-14 11:51:43:452 [ADB] Starting apksigner: 'C:\\Program Files\\Java\\jdk1.8.0_291\\bin\\java.exe' -Xmx1024M -Xss1m -jar C:\\Users\\Shilpa\\AppData\\Local\\Android\\Sdk\\build-tools\\33.0.0\\lib\\apksigner.jar verify --print-certs C:\\Users\\Shilpa\\AppData\\Roaming\\npm\\node_modules\\appium\\node_modules\\appium-uiautomator2-server\\apks\\appium-uiautomator2-server-debug-androidTest.apk
2022-10-14 11:51:43:872 [ADB] apksigner stdout: Signer #1 certificate DN: EMAILADDRESS=android@android.com, CN=Android, OU=Android, O=Android, L=Mountain View, ST=California, C=US
2022-10-14 11:51:43:872 [ADB] Signer #1 certificate SHA-256 digest: a40da80a59d170caa950cf15c18c454d47a39b26989d8b640ecd745ba71bf5dc
2022-10-14 11:51:43:872 [ADB] Signer #1 certificate SHA-1 digest: 61ed377e85d386a8dfee6b864bd85b0bfaa5af81
2022-10-14 11:51:43:872 [ADB] Signer #1 certificate MD5 digest: e89b158e4bcf988ebd09eb83f5378e87
2022-10-14 11:51:43:872 [ADB] 
2022-10-14 11:51:43:872 [ADB] sha256 hash did match for 'appium-uiautomator2-server-debug-androidTest.apk'
2022-10-14 11:51:43:873 [ADB] 'C:\Users\Shilpa\AppData\Roaming\npm\node_modules\appium\node_modules\appium-uiautomator2-server\apks\appium-uiautomator2-server-debug-androidTest.apk' is signed with the default certificate
2022-10-14 11:51:43:873 [UiAutomator2] Server packages are not going to be (re)installed
2022-10-14 11:51:43:875 [UiAutomator2] Waiting up to 30000ms for services to be available
2022-10-14 11:51:43:876 [ADB] Running 'C:\Users\Shilpa\AppData\Local\Android\Sdk\platform-tools\adb.exe -P 5037 -s emulator-5554 shell pm list instrumentation'
2022-10-14 11:51:43:942 [UiAutomator2] Instrumentation target 'io.appium.uiautomator2.server.test/androidx.test.runner.AndroidJUnitRunner' is available
2022-10-14 11:51:43:944 [ADB] Adding packages ["io.appium.settings","io.appium.uiautomator2.server","io.appium.uiautomator2.server.test"] to Doze whitelist
2022-10-14 11:51:43:944 [ADB] Got the following command chunks to execute: [["dumpsys","deviceidle","whitelist","+io.appium.settings",";","dumpsys","deviceidle","whitelist","+io.appium.uiautomator2.server",";","dumpsys","deviceidle","whitelist","+io.appium.uiautomator2.server.test",";"]]
2022-10-14 11:51:43:944 [ADB] Running 'C:\Users\Shilpa\AppData\Local\Android\Sdk\platform-tools\adb.exe -P 5037 -s emulator-5554 shell dumpsys deviceidle whitelist +io.appium.settings ; dumpsys deviceidle whitelist +io.appium.uiautomator2.server ; dumpsys deviceidle whitelist +io.appium.uiautomator2.server.test ;'
2022-10-14 11:51:44:020 [ADB] Checking app cert for C:\Users\Shilpa\Documents\New_Sri_Mandir\SRI_MANDIR(Different languages)\src\main\java\resources\app-debug-3.7.5.apk
2022-10-14 11:51:44:242 [ADB] Starting apksigner: 'C:\\Program Files\\Java\\jdk1.8.0_291\\bin\\java.exe' -Xmx1024M -Xss1m -jar C:\\Users\\Shilpa\\AppData\\Local\\Android\\Sdk\\build-tools\\33.0.0\\lib\\apksigner.jar verify --print-certs 'C:\\Users\\Shilpa\\Documents\\New_Sri_Mandir\\SRI_MANDIR(Different languages)\\src\\main\\java\\resources\\app-debug-3.7.5.apk'
2022-10-14 11:51:47:954 [ADB] apksigner stdout: Signer #1 certificate DN: C=US, O=Android, CN=Android Debug
2022-10-14 11:51:47:954 [ADB] Signer #1 certificate SHA-256 digest: 468f8d0eca3bb01d2f428ec8b54a99b3813d746f45499a1b98320fb67de13b88
2022-10-14 11:51:47:954 [ADB] Signer #1 certificate SHA-1 digest: 6af3fb8b6c2faff18497cde281bcb0971856f899
2022-10-14 11:51:47:954 [ADB] Signer #1 certificate MD5 digest: 80c2152efe8fbaf12745baabbb4c6045
2022-10-14 11:51:47:954 [ADB] 
2022-10-14 11:51:47:954 [ADB] 'C:\Users\Shilpa\Documents\New_Sri_Mandir\SRI_MANDIR(Different languages)\src\main\java\resources\app-debug-3.7.5.apk' is signed with a non-default certificate
2022-10-14 11:51:47:955 [ADB] Getting install status for com.mandir
2022-10-14 11:51:47:955 [ADB] Running 'C:\Users\Shilpa\AppData\Local\Android\Sdk\platform-tools\adb.exe -P 5037 -s emulator-5554 shell dumpsys package com.mandir'
2022-10-14 11:51:48:096 [ADB] 'com.mandir' is installed
2022-10-14 11:51:48:096 [ADB] Getting package info for 'com.mandir'
2022-10-14 11:51:48:097 [ADB] Running 'C:\Users\Shilpa\AppData\Local\Android\Sdk\platform-tools\adb.exe -P 5037 -s emulator-5554 shell dumpsys package com.mandir'
2022-10-14 11:51:48:194 [ADB] The version name of the installed 'com.mandir' is greater or equal to the application version name ('3.7.5' >= '3.7.5')
2022-10-14 11:51:48:195 [ADB] There is no need to install/upgrade 'C:\Users\Shilpa\Documents\New_Sri_Mandir\SRI_MANDIR(Different languages)\src\main\java\resources\app-debug-3.7.5.apk'
2022-10-14 11:51:48:195 [UiAutomator2] Performing shallow cleanup of automation leftovers
2022-10-14 11:51:48:220 [UiAutomator2] The following obsolete sessions are still running: ["8f649d41-5511-4457-ad99-f08754251473"]
2022-10-14 11:51:48:222 [UiAutomator2] Cleaning up 1 obsolete session
2022-10-14 11:51:49:248 [ADB] Running 'C:\Users\Shilpa\AppData\Local\Android\Sdk\platform-tools\adb.exe -P 5037 -s emulator-5554 shell am force-stop io.appium.uiautomator2.server.test'
2022-10-14 11:51:49:312 [UiAutomator2] Starting UIAutomator2 server 4.27.0
2022-10-14 11:51:49:312 [UiAutomator2] Using UIAutomator2 server from 'C:\Users\Shilpa\AppData\Roaming\npm\node_modules\appium\node_modules\appium-uiautomator2-server\apks\appium-uiautomator2-server-v4.27.0.apk' and test from 'C:\Users\Shilpa\AppData\Roaming\npm\node_modules\appium\node_modules\appium-uiautomator2-server\apks\appium-uiautomator2-server-debug-androidTest.apk'
2022-10-14 11:51:49:312 [UiAutomator2] Waiting up to 30000ms for UiAutomator2 to be online...
2022-10-14 11:51:49:312 [ADB] Creating ADB subprocess with args: ["-P",5037,"-s","emulator-5554","shell","am","instrument","-w","-e","disableAnalytics",true,"io.appium.uiautomator2.server.test/androidx.test.runner.AndroidJUnitRunner"]
2022-10-14 11:51:49:319 [WD Proxy] Matched '/status' to command name 'getStatus'
2022-10-14 11:51:49:320 [WD Proxy] Proxying [GET /status] to [GET http://127.0.0.1:8203/wd/hub/status] with no body
2022-10-14 11:51:49:331 [WD Proxy] socket hang up
2022-10-14 11:51:50:340 [WD Proxy] Matched '/status' to command name 'getStatus'
2022-10-14 11:51:50:340 [WD Proxy] Proxying [GET /status] to [GET http://127.0.0.1:8203/wd/hub/status] with no body
2022-10-14 11:51:50:350 [WD Proxy] socket hang up
2022-10-14 11:51:50:467 [Instrumentation] io.appium.uiautomator2.server.test.AppiumUiAutomator2Server:
2022-10-14 11:51:51:364 [WD Proxy] Matched '/status' to command name 'getStatus'
2022-10-14 11:51:51:364 [WD Proxy] Proxying [GET /status] to [GET http://127.0.0.1:8203/wd/hub/status] with no body
2022-10-14 11:51:51:373 [WD Proxy] socket hang up
2022-10-14 11:51:52:383 [WD Proxy] Matched '/status' to command name 'getStatus'
2022-10-14 11:51:52:383 [WD Proxy] Proxying [GET /status] to [GET http://127.0.0.1:8203/wd/hub/status] with no body
2022-10-14 11:51:52:647 [WD Proxy] Got response with status 200: {"sessionId":"None","value":{"message":"UiAutomator2 Server is ready to accept commands","ready":true}}
2022-10-14 11:51:52:647 [UiAutomator2] The initialization of the instrumentation process took 3335ms
2022-10-14 11:51:52:648 [WD Proxy] Matched '/session' to command name 'createSession'
2022-10-14 11:51:52:648 [WD Proxy] Proxying [POST /session] to [POST http://127.0.0.1:8203/wd/hub/session] with body: {"capabilities":{"firstMatch":[{"platform":"ANDROID","webStorageEnabled":false,"takesScreenshot":true,"javascriptEnabled":true,"databaseEnabled":false,"networkConnectionEnabled":true,"locationContextEnabled":false,"warnings":{},"desired":{"platformName":"android","platform":"ANDROID","app":"./src/main/java/resources/app-debug-3.7.5.apk","autoGrantPermissions":true,"automationName":"UiAutomator2","noReset":true,"udid":"emulator-5554"},"platformName":"android","app":"./src/main/java/resources/app-debug-3.7.5.apk","autoGrantPermissions":true,"automationName":"UiAutomator2","noReset":true,"udid":"emulator-5554","deviceName":"emulator-5554","deviceUDID":"emulator-5554","appPackage":"com.mandir"}],"alwaysMatch":{}}}
2022-10-14 11:51:52:716 [WD Proxy] Got response with status 200: {"sessionId":"9ef7ea6f-46b3-4bac-a4d8-b4d1ffb71a7d","value":{"capabilities":{"firstMatch":[{"platform":"ANDROID","webStorageEnabled":false,"takesScreenshot":true,"javascriptEnabled":true,"databaseEnabled":false,"networkConnectionEnabled":true,"locationContextEnabled":false,"warnings":{},"desired":{"platformName":"android","platform":"ANDROID","app":"./src/main/java/resources/app-debug-3.7.5.apk","autoGrantPermissions":true,"automationName":"UiAutomator2","noReset":true,"udid":"emulator-5554"},"platformName":"android","app":"./src/main/java/resources/app-debug-3.7.5.apk","autoGrantPermissions":true,"automationName":"UiAutomator2","noReset":true,"udid":"emulator-5554","deviceName":"emulator-5554","deviceUDID":"emulator-5554","appPackage":"com.mandir"}],"alwaysMatch":{}},"sessionId":"9ef7ea6f-46b3-4bac-a4d8-b4d1ffb71a7d"}}
2022-10-14 11:51:52:717 [WD Proxy] Determined the downstream protocol as 'W3C'
2022-10-14 11:51:52:731 [WD Proxy] Proxying [GET /appium/device/info] to [GET http://127.0.0.1:8203/wd/hub/session/9ef7ea6f-46b3-4bac-a4d8-b4d1ffb71a7d/appium/device/info] with no body
2022-10-14 11:51:52:790 [WD Proxy] Got response with status 200: {"sessionId":"9ef7ea6f-46b3-4bac-a4d8-b4d1ffb71a7d","value":{"androidId":"3904ad1126ed39dd","apiVersion":"31","bluetooth":{"state":"ON"},"brand":"google","carrierName":"T-Mobile","displayDensity":440,"locale":"en_US","manufacturer":"Google","model":"sdk_gphone64_x86_64","networks":[{"capabilities":{"SSID":null,"linkDownBandwidthKbps":30000,"linkUpstreamBandwidthKbps":12000,"networkCapabilities":"NET_CAPABILITY_NOT_METERED,NET_CAPABILITY_INTERNET,NET_CAPABILITY_NOT_RESTRICTED,NET_CAPABILITY_TRUSTED,NET_CAPABILITY_NOT_VPN,NET_CAPABILITY_VALIDATED,NET_CAPABILITY_NOT_ROAMING,NET_CAPABILITY_FOREGROUND,NET_CAPABILITY_NOT_CONGESTED,NET_CAPABILITY_NOT_SUSPENDED","signalStrength":-50,"transportTypes":"TRANSPORT_WIFI"},"detailedState":"CONNECTED","extraInfo":"","isAvailable":true,"isConnected":true,"isFailover":false,"isRoaming":false,"state":"CONNECTED","subtype":-1,"subtypeName":"","type":1,"typeName":"WIFI"},{"capabilities":{"SSID":null,"linkDownBandwidthKbps":4300,"linkUpstreamBandwidthKbps":1800,"networkCapabil...
2022-10-14 11:51:52:791 [ADB] Running 'C:\Users\Shilpa\AppData\Local\Android\Sdk\platform-tools\adb.exe -P 5037 -s emulator-5554 shell dumpsys window'
2022-10-14 11:51:52:927 [AndroidDriver] Screen already unlocked, doing nothing
2022-10-14 11:51:52:928 [UiAutomator2] Starting 'com.mandir/com.mandir.ui.activity.SplashActivity and waiting for 'com.mandir/com.mandir.ui.activity.SplashActivity'
2022-10-14 11:51:52:930 [ADB] Running 'C:\Users\Shilpa\AppData\Local\Android\Sdk\platform-tools\adb.exe -P 5037 -s emulator-5554 shell am start -W -n com.mandir/com.mandir.ui.activity.SplashActivity -S -a android.intent.action.MAIN -c android.intent.category.LAUNCHER -f 0x10200000'
2022-10-14 11:51:59:814 [ADB] Waiting up to 20000ms for activity matching pkg: 'com.mandir' and activity: 'com.mandir.ui.activity.SplashActivity' to be focused
2022-10-14 11:51:59:815 [ADB] Possible activities, to be checked: 'com.mandir.ui.activity.SplashActivity', 'com.mandir.com.mandir.ui.activity.SplashActivity'
2022-10-14 11:51:59:816 [ADB] Getting focused package and activity
2022-10-14 11:51:59:816 [ADB] Running 'C:\Users\Shilpa\AppData\Local\Android\Sdk\platform-tools\adb.exe -P 5037 -s emulator-5554 shell dumpsys window displays'
2022-10-14 11:51:59:915 [ADB] Found package: 'com.mandir' and fully qualified activity name : 'com.mandir.ui.activity.SplashActivity'
2022-10-14 11:51:59:917 [WD Proxy] Proxying [GET /appium/device/pixel_ratio] to [GET http://127.0.0.1:8203/wd/hub/session/9ef7ea6f-46b3-4bac-a4d8-b4d1ffb71a7d/appium/device/pixel_ratio] with no body
2022-10-14 11:51:59:934 [WD Proxy] Got response with status 200: {"sessionId":"9ef7ea6f-46b3-4bac-a4d8-b4d1ffb71a7d","value":2.75}
2022-10-14 11:51:59:937 [WD Proxy] Matched '/appium/device/system_bars' to command name 'getSystemBars'
2022-10-14 11:51:59:937 [WD Proxy] Proxying [GET /appium/device/system_bars] to [GET http://127.0.0.1:8203/wd/hub/session/9ef7ea6f-46b3-4bac-a4d8-b4d1ffb71a7d/appium/device/system_bars] with no body
2022-10-14 11:51:59:951 [WD Proxy] Got response with status 200: {"sessionId":"9ef7ea6f-46b3-4bac-a4d8-b4d1ffb71a7d","value":{"statusBar":66}}
2022-10-14 11:51:59:952 [WD Proxy] Matched '/window/current/size' to command name 'getWindowSize'
2022-10-14 11:51:59:953 [WD Proxy] Proxying [GET /window/current/size] to [GET http://127.0.0.1:8203/wd/hub/session/9ef7ea6f-46b3-4bac-a4d8-b4d1ffb71a7d/window/current/size] with no body
2022-10-14 11:51:59:965 [WD Proxy] Got response with status 200: {"sessionId":"9ef7ea6f-46b3-4bac-a4d8-b4d1ffb71a7d","value":{"height":2148,"width":1080}}
2022-10-14 11:51:59:966 [Appium] New AndroidUiautomator2Driver session created successfully, session 7c312bd2-2690-4b28-a7e9-859766cff76c added to master session list
2022-10-14 11:51:59:967 [BaseDriver] Event 'newSessionStarted' logged at 1665748319967 (17:21:59 GMT+0530 (India Standard Time))
2022-10-14 11:51:59:968 [W3C (7c312bd2)] Cached the protocol value 'W3C' for the new session 7c312bd2-2690-4b28-a7e9-859766cff76c
2022-10-14 11:51:59:969 [W3C (7c312bd2)] Responding to client with driver.createSession() result: {"capabilities":{"platform":"ANDROID","webStorageEnabled":false,"takesScreenshot":true,"javascriptEnabled":true,"databaseEnabled":false,"networkConnectionEnabled":true,"locationContextEnabled":false,"warnings":{},"desired":{"platformName":"android","platform":"ANDROID","app":"./src/main/java/resources/app-debug-3.7.5.apk","autoGrantPermissions":true,"automationName":"UiAutomator2","noReset":true,"udid":"emulator-5554"},"platformName":"android","app":"./src/main/java/resources/app-debug-3.7.5.apk","autoGrantPermissions":true,"automationName":"UiAutomator2","noReset":true,"udid":"emulator-5554","deviceName":"emulator-5554","deviceUDID":"emulator-5554","appPackage":"com.mandir","deviceApiLevel":31,"platformVersion":"12","deviceScreenSize":"1080x2280","deviceScreenDensity":440,"deviceModel":"sdk_gphone64_x86_64","deviceManufacturer":"Google","pixelRatio":2.75,"statBarHeight":66,"viewportRect":{"left":0,"top":66,"width":1080,"height":2082}}}
2022-10-14 11:51:59:975 [HTTP] <-- POST /wd/hub/session 200 19945 ms - 1011
2022-10-14 11:51:59:976 [HTTP] 
2022-10-14 11:52:00:075 [HTTP] --> GET /wd/hub/session/7c312bd2-2690-4b28-a7e9-859766cff76c
2022-10-14 11:52:00:075 [HTTP] {}
2022-10-14 11:52:00:078 [W3C (7c312bd2)] Calling AppiumDriver.getSession() with args: ["7c312bd2-2690-4b28-a7e9-859766cff76c"]
2022-10-14 11:52:00:080 [UiAutomator2] Getting session details from server to mix in
2022-10-14 11:52:00:080 [WD Proxy] Matched '/' to command name 'getSession'
2022-10-14 11:52:00:080 [WD Proxy] Proxying [GET /] to [GET http://127.0.0.1:8203/wd/hub/session/9ef7ea6f-46b3-4bac-a4d8-b4d1ffb71a7d] with no body
2022-10-14 11:52:00:107 [WD Proxy] Got response with status 200: {"sessionId":"9ef7ea6f-46b3-4bac-a4d8-b4d1ffb71a7d","value":{"lastScrollData":null}}
2022-10-14 11:52:00:108 [W3C (7c312bd2)] Responding to client with driver.getSession() result: {"platform":"ANDROID","webStorageEnabled":false,"takesScreenshot":true,"javascriptEnabled":true,"databaseEnabled":false,"networkConnectionEnabled":true,"locationContextEnabled":false,"warnings":{},"desired":{"platformName":"android","platform":"ANDROID","app":"./src/main/java/resources/app-debug-3.7.5.apk","autoGrantPermissions":true,"automationName":"UiAutomator2","noReset":true,"udid":"emulator-5554"},"platformName":"android","app":"./src/main/java/resources/app-debug-3.7.5.apk","autoGrantPermissions":true,"automationName":"UiAutomator2","noReset":true,"udid":"emulator-5554","deviceName":"emulator-5554","deviceUDID":"emulator-5554","appPackage":"com.mandir","deviceApiLevel":31,"platformVersion":"12","deviceScreenSize":"1080x2280","deviceScreenDensity":440,"deviceModel":"sdk_gphone64_x86_64","deviceManufacturer":"Google","pixelRatio":2.75,"statBarHeight":66,"viewportRect":{"left":0,"top":66,"width":1080,"height":2082},"lastScrollData":null}
2022-10-14 11:52:00:110 [HTTP] <-- GET /wd/hub/session/7c312bd2-2690-4b28-a7e9-859766cff76c 200 35 ms - 965
2022-10-14 11:52:00:111 [HTTP] 
2022-10-14 11:52:00:121 [HTTP] --> GET /wd/hub/session/7c312bd2-2690-4b28-a7e9-859766cff76c
2022-10-14 11:52:00:121 [HTTP] {}
2022-10-14 11:52:00:123 [W3C (7c312bd2)] Calling AppiumDriver.getSession() with args: ["7c312bd2-2690-4b28-a7e9-859766cff76c"]
2022-10-14 11:52:00:123 [UiAutomator2] Getting session details from server to mix in
2022-10-14 11:52:00:124 [WD Proxy] Matched '/' to command name 'getSession'
2022-10-14 11:52:00:124 [WD Proxy] Proxying [GET /] to [GET http://127.0.0.1:8203/wd/hub/session/9ef7ea6f-46b3-4bac-a4d8-b4d1ffb71a7d] with no body
2022-10-14 11:52:00:156 [WD Proxy] Got response with status 200: {"sessionId":"9ef7ea6f-46b3-4bac-a4d8-b4d1ffb71a7d","value":{"lastScrollData":null}}
2022-10-14 11:52:00:157 [W3C (7c312bd2)] Responding to client with driver.getSession() result: {"platform":"ANDROID","webStorageEnabled":false,"takesScreenshot":true,"javascriptEnabled":true,"databaseEnabled":false,"networkConnectionEnabled":true,"locationContextEnabled":false,"warnings":{},"desired":{"platformName":"android","platform":"ANDROID","app":"./src/main/java/resources/app-debug-3.7.5.apk","autoGrantPermissions":true,"automationName":"UiAutomator2","noReset":true,"udid":"emulator-5554"},"platformName":"android","app":"./src/main/java/resources/app-debug-3.7.5.apk","autoGrantPermissions":true,"automationName":"UiAutomator2","noReset":true,"udid":"emulator-5554","deviceName":"emulator-5554","deviceUDID":"emulator-5554","appPackage":"com.mandir","deviceApiLevel":31,"platformVersion":"12","deviceScreenSize":"1080x2280","deviceScreenDensity":440,"deviceModel":"sdk_gphone64_x86_64","deviceManufacturer":"Google","pixelRatio":2.75,"statBarHeight":66,"viewportRect":{"left":0,"top":66,"width":1080,"height":2082},"lastScrollData":null}
2022-10-14 11:52:00:158 [HTTP] <-- GET /wd/hub/session/7c312bd2-2690-4b28-a7e9-859766cff76c 200 37 ms - 965
2022-10-14 11:52:00:158 [HTTP] 
2022-10-14 11:52:00:176 [HTTP] --> POST /wd/hub/session/7c312bd2-2690-4b28-a7e9-859766cff76c/timeouts
2022-10-14 11:52:00:176 [HTTP] {"implicit":50000}
2022-10-14 11:52:00:179 [W3C (7c312bd2)] Calling AppiumDriver.timeouts() with args: [null,null,null,null,50000,"7c312bd2-2690-4b28-a7e9-859766cff76c"]
2022-10-14 11:52:00:180 [BaseDriver] W3C timeout argument: {"implicit":50000}}
2022-10-14 11:52:00:181 [BaseDriver] Set implicit wait to 50000ms
2022-10-14 11:52:00:182 [W3C (7c312bd2)] Responding to client with driver.timeouts() result: null
2022-10-14 11:52:00:183 [HTTP] <-- POST /wd/hub/session/7c312bd2-2690-4b28-a7e9-859766cff76c/timeouts 200 7 ms - 14
2022-10-14 11:52:00:183 [HTTP] 
2022-10-14 11:52:00:252 [HTTP] --> POST /wd/hub/session/7c312bd2-2690-4b28-a7e9-859766cff76c/element
2022-10-14 11:52:00:253 [HTTP] {"using":"id","value":"com.mandir:id/iv_flower"}
2022-10-14 11:52:00:261 [W3C (7c312bd2)] Calling AppiumDriver.findElement() with args: ["id","com.mandir:id/iv_flower","7c312bd2-2690-4b28-a7e9-859766cff76c"]
2022-10-14 11:52:00:262 [BaseDriver] Valid locator strategies for this request: xpath, id, class name, accessibility id, css selector, -android uiautomator
2022-10-14 11:52:00:262 [BaseDriver] Waiting up to 50000 ms for condition
2022-10-14 11:52:00:264 [WD Proxy] Matched '/element' to command name 'findElement'
2022-10-14 11:52:00:264 [WD Proxy] Proxying [POST /element] to [POST http://127.0.0.1:8203/wd/hub/session/9ef7ea6f-46b3-4bac-a4d8-b4d1ffb71a7d/element] with body: {"strategy":"id","selector":"com.mandir:id/iv_flower","context":"","multiple":false}
2022-10-14 11:52:05:377 [WD Proxy] Got response with status 404: {"sessionId":"9ef7ea6f-46b3-4bac-a4d8-b4d1ffb71a7d","value":{"error":"no such element","message":"An element could not be located on the page using the given search parameters","stacktrace":"io.appium.uiautomator2.common.exceptions.ElementNotFoundException: An element could not be located on the page using the given search parameters\n\tat io.appium.uiautomator2.handler.FindElement.safeHandle(FindElement.java:70)\n\tat io.appium.uiautomator2.handler.request.SafeRequestHandler.handle(SafeRequestHandler.java:59)\n\tat io.appium.uiautomator2.server.AppiumServlet.handleRequest(AppiumServlet.java:266)\n\tat io.appium.uiautomator2.server.AppiumServlet.handleHttpRequest(AppiumServlet.java:260)\n\tat io.appium.uiautomator2.http.ServerHandler.channelRead(ServerHandler.java:68)\n\tat io.netty.channel.AbstractChannelHandlerContext.invokeChannelRead(AbstractChannelHandlerContext.java:366)\n\tat io.netty.channel.AbstractChannelHandlerContext.invokeChannelRead(AbstractChannelHandlerContext.java:352)\n\tat io.netty.chann...
2022-10-14 11:52:05:378 [W3C] Matched W3C error code 'no such element' to NoSuchElementError
2022-10-14 11:52:05:378 [BaseDriver] Waited for 5116 ms so far
2022-10-14 11:52:05:879 [WD Proxy] Matched '/element' to command name 'findElement'
2022-10-14 11:52:05:880 [WD Proxy] Proxying [POST /element] to [POST http://127.0.0.1:8203/wd/hub/session/9ef7ea6f-46b3-4bac-a4d8-b4d1ffb71a7d/element] with body: {"strategy":"id","selector":"com.mandir:id/iv_flower","context":"","multiple":false}
2022-10-14 11:52:10:350 [WD Proxy] Got response with status 200: {"sessionId":"9ef7ea6f-46b3-4bac-a4d8-b4d1ffb71a7d","value":{"ELEMENT":"00000000-0000-0058-ffff-ffff00000051","element-6066-11e4-a52e-4f735466cecf":"00000000-0000-0058-ffff-ffff00000051"}}
2022-10-14 11:52:10:351 [W3C (7c312bd2)] Responding to client with driver.findElement() result: {"element-6066-11e4-a52e-4f735466cecf":"00000000-0000-0058-ffff-ffff00000051","ELEMENT":"00000000-0000-0058-ffff-ffff00000051"}
2022-10-14 11:52:10:353 [HTTP] <-- POST /wd/hub/session/7c312bd2-2690-4b28-a7e9-859766cff76c/element 200 10100 ms - 137
2022-10-14 11:52:10:353 [HTTP] 
2022-10-14 11:52:10:376 [HTTP] --> POST /wd/hub/session/7c312bd2-2690-4b28-a7e9-859766cff76c/element
2022-10-14 11:52:10:377 [HTTP] {"using":"id","value":"com.mandir:id/iv_flower"}
2022-10-14 11:52:10:379 [W3C (7c312bd2)] Calling AppiumDriver.findElement() with args: ["id","com.mandir:id/iv_flower","7c312bd2-2690-4b28-a7e9-859766cff76c"]
2022-10-14 11:52:10:380 [BaseDriver] Valid locator strategies for this request: xpath, id, class name, accessibility id, css selector, -android uiautomator
2022-10-14 11:52:10:380 [BaseDriver] Waiting up to 50000 ms for condition
2022-10-14 11:52:10:381 [WD Proxy] Matched '/element' to command name 'findElement'
2022-10-14 11:52:10:381 [WD Proxy] Proxying [POST /element] to [POST http://127.0.0.1:8203/wd/hub/session/9ef7ea6f-46b3-4bac-a4d8-b4d1ffb71a7d/element] with body: {"strategy":"id","selector":"com.mandir:id/iv_flower","context":"","multiple":false}
2022-10-14 11:52:12:619 [WD Proxy] Got response with status 200: {"sessionId":"9ef7ea6f-46b3-4bac-a4d8-b4d1ffb71a7d","value":{"ELEMENT":"00000000-0000-0058-ffff-ffff00000051","element-6066-11e4-a52e-4f735466cecf":"00000000-0000-0058-ffff-ffff00000051"}}
2022-10-14 11:52:12:620 [W3C (7c312bd2)] Responding to client with driver.findElement() result: {"element-6066-11e4-a52e-4f735466cecf":"00000000-0000-0058-ffff-ffff00000051","ELEMENT":"00000000-0000-0058-ffff-ffff00000051"}
2022-10-14 11:52:12:621 [HTTP] <-- POST /wd/hub/session/7c312bd2-2690-4b28-a7e9-859766cff76c/element 200 2244 ms - 137
2022-10-14 11:52:12:621 [HTTP] 
2022-10-14 11:52:12:627 [HTTP] --> GET /wd/hub/session/7c312bd2-2690-4b28-a7e9-859766cff76c/element/00000000-0000-0058-ffff-ffff00000051/displayed
2022-10-14 11:52:12:627 [HTTP] {}
2022-10-14 11:52:12:631 [W3C (7c312bd2)] Calling AppiumDriver.elementDisplayed() with args: ["00000000-0000-0058-ffff-ffff00000051","7c312bd2-2690-4b28-a7e9-859766cff76c"]
2022-10-14 11:52:12:633 [WD Proxy] Matched '/element/00000000-0000-0058-ffff-ffff00000051/attribute/displayed' to command name 'getAttribute'
2022-10-14 11:52:12:633 [WD Proxy] Proxying [GET /element/00000000-0000-0058-ffff-ffff00000051/attribute/displayed] to [GET http://127.0.0.1:8203/wd/hub/session/9ef7ea6f-46b3-4bac-a4d8-b4d1ffb71a7d/element/00000000-0000-0058-ffff-ffff00000051/attribute/displayed] with no body
2022-10-14 11:52:12:670 [WD Proxy] Got response with status 200: {"sessionId":"9ef7ea6f-46b3-4bac-a4d8-b4d1ffb71a7d","value":"true"}
2022-10-14 11:52:12:671 [W3C (7c312bd2)] Responding to client with driver.elementDisplayed() result: true
2022-10-14 11:52:12:673 [HTTP] <-- GET /wd/hub/session/7c312bd2-2690-4b28-a7e9-859766cff76c/element/00000000-0000-0058-ffff-ffff00000051/displayed 200 45 ms - 14
2022-10-14 11:52:12:673 [HTTP] 
2022-10-14 11:52:12:678 [HTTP] --> POST /wd/hub/session/7c312bd2-2690-4b28-a7e9-859766cff76c/element
2022-10-14 11:52:12:678 [HTTP] {"using":"id","value":"com.mandir:id/iv_flower"}
2022-10-14 11:52:12:679 [W3C (7c312bd2)] Calling AppiumDriver.findElement() with args: ["id","com.mandir:id/iv_flower","7c312bd2-2690-4b28-a7e9-859766cff76c"]
2022-10-14 11:52:12:680 [BaseDriver] Valid locator strategies for this request: xpath, id, class name, accessibility id, css selector, -android uiautomator
2022-10-14 11:52:12:680 [BaseDriver] Waiting up to 50000 ms for condition
2022-10-14 11:52:12:680 [WD Proxy] Matched '/element' to command name 'findElement'
2022-10-14 11:52:12:680 [WD Proxy] Proxying [POST /element] to [POST http://127.0.0.1:8203/wd/hub/session/9ef7ea6f-46b3-4bac-a4d8-b4d1ffb71a7d/element] with body: {"strategy":"id","selector":"com.mandir:id/iv_flower","context":"","multiple":false}
2022-10-14 11:52:12:861 [WD Proxy] Got response with status 200: {"sessionId":"9ef7ea6f-46b3-4bac-a4d8-b4d1ffb71a7d","value":{"ELEMENT":"00000000-0000-0058-ffff-ffff00000051","element-6066-11e4-a52e-4f735466cecf":"00000000-0000-0058-ffff-ffff00000051"}}
2022-10-14 11:52:12:862 [W3C (7c312bd2)] Responding to client with driver.findElement() result: {"element-6066-11e4-a52e-4f735466cecf":"00000000-0000-0058-ffff-ffff00000051","ELEMENT":"00000000-0000-0058-ffff-ffff00000051"}
2022-10-14 11:52:12:863 [HTTP] <-- POST /wd/hub/session/7c312bd2-2690-4b28-a7e9-859766cff76c/element 200 185 ms - 137
2022-10-14 11:52:12:863 [HTTP] 
2022-10-14 11:52:12:870 [HTTP] --> POST /wd/hub/session/7c312bd2-2690-4b28-a7e9-859766cff76c/element
2022-10-14 11:52:12:871 [HTTP] {"using":"id","value":"com.mandir:id/iv_flower"}
2022-10-14 11:52:12:872 [W3C (7c312bd2)] Calling AppiumDriver.findElement() with args: ["id","com.mandir:id/iv_flower","7c312bd2-2690-4b28-a7e9-859766cff76c"]
2022-10-14 11:52:12:873 [BaseDriver] Valid locator strategies for this request: xpath, id, class name, accessibility id, css selector, -android uiautomator
2022-10-14 11:52:12:873 [BaseDriver] Waiting up to 50000 ms for condition
2022-10-14 11:52:12:874 [WD Proxy] Matched '/element' to command name 'findElement'
2022-10-14 11:52:12:874 [WD Proxy] Proxying [POST /element] to [POST http://127.0.0.1:8203/wd/hub/session/9ef7ea6f-46b3-4bac-a4d8-b4d1ffb71a7d/element] with body: {"strategy":"id","selector":"com.mandir:id/iv_flower","context":"","multiple":false}
2022-10-14 11:52:13:098 [WD Proxy] Got response with status 200: {"sessionId":"9ef7ea6f-46b3-4bac-a4d8-b4d1ffb71a7d","value":{"ELEMENT":"00000000-0000-0058-ffff-ffff00000051","element-6066-11e4-a52e-4f735466cecf":"00000000-0000-0058-ffff-ffff00000051"}}
2022-10-14 11:52:13:099 [W3C (7c312bd2)] Responding to client with driver.findElement() result: {"element-6066-11e4-a52e-4f735466cecf":"00000000-0000-0058-ffff-ffff00000051","ELEMENT":"00000000-0000-0058-ffff-ffff00000051"}
2022-10-14 11:52:13:101 [HTTP] <-- POST /wd/hub/session/7c312bd2-2690-4b28-a7e9-859766cff76c/element 200 229 ms - 137
2022-10-14 11:52:13:101 [HTTP] 
2022-10-14 11:52:13:108 [HTTP] --> POST /wd/hub/session/7c312bd2-2690-4b28-a7e9-859766cff76c/element/00000000-0000-0058-ffff-ffff00000051/click
2022-10-14 11:52:13:108 [HTTP] {"id":"00000000-0000-0058-ffff-ffff00000051"}
2022-10-14 11:52:13:109 [W3C (7c312bd2)] Calling AppiumDriver.click() with args: ["00000000-0000-0058-ffff-ffff00000051","7c312bd2-2690-4b28-a7e9-859766cff76c"]
2022-10-14 11:52:13:110 [WD Proxy] Matched '/element/00000000-0000-0058-ffff-ffff00000051/click' to command name 'click'
2022-10-14 11:52:13:110 [WD Proxy] Proxying [POST /element/00000000-0000-0058-ffff-ffff00000051/click] to [POST http://127.0.0.1:8203/wd/hub/session/9ef7ea6f-46b3-4bac-a4d8-b4d1ffb71a7d/element/00000000-0000-0058-ffff-ffff00000051/click] with body: {"element":"00000000-0000-0058-ffff-ffff00000051"}
2022-10-14 11:52:13:543 [WD Proxy] Got response with status 200: {"sessionId":"9ef7ea6f-46b3-4bac-a4d8-b4d1ffb71a7d","value":null}
2022-10-14 11:52:13:544 [W3C (7c312bd2)] Responding to client with driver.click() result: null
2022-10-14 11:52:13:545 [HTTP] <-- POST /wd/hub/session/7c312bd2-2690-4b28-a7e9-859766cff76c/element/00000000-0000-0058-ffff-ffff00000051/click 200 437 ms - 14
2022-10-14 11:52:13:545 [HTTP] 
2022-10-14 11:52:13:550 [HTTP] --> POST /wd/hub/session/7c312bd2-2690-4b28-a7e9-859766cff76c/element
2022-10-14 11:52:13:550 [HTTP] {"using":"xpath","value":"//androidx.recyclerview.widget.RecyclerView[@resource-id='com.mandir:id/rv_offerings']/child::android.widget.RelativeLayout[3]"}
2022-10-14 11:52:13:551 [W3C (7c312bd2)] Calling AppiumDriver.findElement() with args: ["xpath","//androidx.recyclerview.widget.RecyclerView[@resource-id='com.mandir:id/rv_offerings']/child::android.widget.RelativeLayout[3]","7c312bd2-2690-4b28-a7e9-859766cff76c"]
2022-10-14 11:52:13:551 [BaseDriver] Valid locator strategies for this request: xpath, id, class name, accessibility id, css selector, -android uiautomator
2022-10-14 11:52:13:551 [BaseDriver] Waiting up to 50000 ms for condition
2022-10-14 11:52:13:552 [WD Proxy] Matched '/element' to command name 'findElement'
2022-10-14 11:52:13:552 [WD Proxy] Proxying [POST /element] to [POST http://127.0.0.1:8203/wd/hub/session/9ef7ea6f-46b3-4bac-a4d8-b4d1ffb71a7d/element] with body: {"strategy":"xpath","selector":"//androidx.recyclerview.widget.RecyclerView[@resource-id='com.mandir:id/rv_offerings']/child::android.widget.RelativeLayout[3]","context":"","multiple":false}
2022-10-14 11:52:16:093 [WD Proxy] Got response with status 200: {"sessionId":"9ef7ea6f-46b3-4bac-a4d8-b4d1ffb71a7d","value":{"ELEMENT":"00000000-0000-0059-ffff-ffff0000018f","element-6066-11e4-a52e-4f735466cecf":"00000000-0000-0059-ffff-ffff0000018f"}}
2022-10-14 11:52:16:093 [W3C (7c312bd2)] Responding to client with driver.findElement() result: {"element-6066-11e4-a52e-4f735466cecf":"00000000-0000-0059-ffff-ffff0000018f","ELEMENT":"00000000-0000-0059-ffff-ffff0000018f"}
2022-10-14 11:52:16:094 [HTTP] <-- POST /wd/hub/session/7c312bd2-2690-4b28-a7e9-859766cff76c/element 200 2544 ms - 137
2022-10-14 11:52:16:094 [HTTP] 
2022-10-14 11:52:16:100 [HTTP] --> POST /wd/hub/session/7c312bd2-2690-4b28-a7e9-859766cff76c/element
2022-10-14 11:52:16:100 [HTTP] {"using":"xpath","value":"//androidx.recyclerview.widget.RecyclerView[@resource-id='com.mandir:id/rv_offerings']/child::android.widget.RelativeLayout[3]"}
2022-10-14 11:52:16:101 [W3C (7c312bd2)] Calling AppiumDriver.findElement() with args: ["xpath","//androidx.recyclerview.widget.RecyclerView[@resource-id='com.mandir:id/rv_offerings']/child::android.widget.RelativeLayout[3]","7c312bd2-2690-4b28-a7e9-859766cff76c"]
2022-10-14 11:52:16:101 [BaseDriver] Valid locator strategies for this request: xpath, id, class name, accessibility id, css selector, -android uiautomator
2022-10-14 11:52:16:101 [BaseDriver] Waiting up to 50000 ms for condition
2022-10-14 11:52:16:102 [WD Proxy] Matched '/element' to command name 'findElement'
2022-10-14 11:52:16:102 [WD Proxy] Proxying [POST /element] to [POST http://127.0.0.1:8203/wd/hub/session/9ef7ea6f-46b3-4bac-a4d8-b4d1ffb71a7d/element] with body: {"strategy":"xpath","selector":"//androidx.recyclerview.widget.RecyclerView[@resource-id='com.mandir:id/rv_offerings']/child::android.widget.RelativeLayout[3]","context":"","multiple":false}
2022-10-14 11:52:16:820 [WD Proxy] Got response with status 200: {"sessionId":"9ef7ea6f-46b3-4bac-a4d8-b4d1ffb71a7d","value":{"ELEMENT":"00000000-0000-0059-ffff-ffff0000018f","element-6066-11e4-a52e-4f735466cecf":"00000000-0000-0059-ffff-ffff0000018f"}}
2022-10-14 11:52:16:821 [W3C (7c312bd2)] Responding to client with driver.findElement() result: {"element-6066-11e4-a52e-4f735466cecf":"00000000-0000-0059-ffff-ffff0000018f","ELEMENT":"00000000-0000-0059-ffff-ffff0000018f"}
2022-10-14 11:52:16:823 [HTTP] <-- POST /wd/hub/session/7c312bd2-2690-4b28-a7e9-859766cff76c/element 200 722 ms - 137
2022-10-14 11:52:16:823 [HTTP] 
2022-10-14 11:52:16:827 [HTTP] --> GET /wd/hub/session/7c312bd2-2690-4b28-a7e9-859766cff76c/element/00000000-0000-0059-ffff-ffff0000018f/displayed
2022-10-14 11:52:16:827 [HTTP] {}
2022-10-14 11:52:16:829 [W3C (7c312bd2)] Calling AppiumDriver.elementDisplayed() with args: ["00000000-0000-0059-ffff-ffff0000018f","7c312bd2-2690-4b28-a7e9-859766cff76c"]
2022-10-14 11:52:16:829 [WD Proxy] Matched '/element/00000000-0000-0059-ffff-ffff0000018f/attribute/displayed' to command name 'getAttribute'
2022-10-14 11:52:16:829 [WD Proxy] Proxying [GET /element/00000000-0000-0059-ffff-ffff0000018f/attribute/displayed] to [GET http://127.0.0.1:8203/wd/hub/session/9ef7ea6f-46b3-4bac-a4d8-b4d1ffb71a7d/element/00000000-0000-0059-ffff-ffff0000018f/attribute/displayed] with no body
2022-10-14 11:52:16:971 [WD Proxy] Got response with status 200: {"sessionId":"9ef7ea6f-46b3-4bac-a4d8-b4d1ffb71a7d","value":"true"}
2022-10-14 11:52:16:972 [W3C (7c312bd2)] Responding to client with driver.elementDisplayed() result: true
2022-10-14 11:52:16:973 [HTTP] <-- GET /wd/hub/session/7c312bd2-2690-4b28-a7e9-859766cff76c/element/00000000-0000-0059-ffff-ffff0000018f/displayed 200 146 ms - 14
2022-10-14 11:52:16:973 [HTTP] 
2022-10-14 11:52:16:979 [HTTP] --> POST /wd/hub/session/7c312bd2-2690-4b28-a7e9-859766cff76c/element
2022-10-14 11:52:16:979 [HTTP] {"using":"xpath","value":"//androidx.recyclerview.widget.RecyclerView[@resource-id='com.mandir:id/rv_offerings']/child::android.widget.RelativeLayout[3]"}
2022-10-14 11:52:16:980 [W3C (7c312bd2)] Calling AppiumDriver.findElement() with args: ["xpath","//androidx.recyclerview.widget.RecyclerView[@resource-id='com.mandir:id/rv_offerings']/child::android.widget.RelativeLayout[3]","7c312bd2-2690-4b28-a7e9-859766cff76c"]
2022-10-14 11:52:16:980 [BaseDriver] Valid locator strategies for this request: xpath, id, class name, accessibility id, css selector, -android uiautomator
2022-10-14 11:52:16:980 [BaseDriver] Waiting up to 50000 ms for condition
2022-10-14 11:52:16:981 [WD Proxy] Matched '/element' to command name 'findElement'
2022-10-14 11:52:16:981 [WD Proxy] Proxying [POST /element] to [POST http://127.0.0.1:8203/wd/hub/session/9ef7ea6f-46b3-4bac-a4d8-b4d1ffb71a7d/element] with body: {"strategy":"xpath","selector":"//androidx.recyclerview.widget.RecyclerView[@resource-id='com.mandir:id/rv_offerings']/child::android.widget.RelativeLayout[3]","context":"","multiple":false}
2022-10-14 11:52:17:510 [WD Proxy] Got response with status 200: {"sessionId":"9ef7ea6f-46b3-4bac-a4d8-b4d1ffb71a7d","value":{"ELEMENT":"00000000-0000-0059-ffff-ffff0000018f","element-6066-11e4-a52e-4f735466cecf":"00000000-0000-0059-ffff-ffff0000018f"}}
2022-10-14 11:52:17:510 [W3C (7c312bd2)] Responding to client with driver.findElement() result: {"element-6066-11e4-a52e-4f735466cecf":"00000000-0000-0059-ffff-ffff0000018f","ELEMENT":"00000000-0000-0059-ffff-ffff0000018f"}
2022-10-14 11:52:17:511 [HTTP] <-- POST /wd/hub/session/7c312bd2-2690-4b28-a7e9-859766cff76c/element 200 532 ms - 137
2022-10-14 11:52:17:511 [HTTP] 
2022-10-14 11:52:17:519 [HTTP] --> POST /wd/hub/session/7c312bd2-2690-4b28-a7e9-859766cff76c/element
2022-10-14 11:52:17:519 [HTTP] {"using":"xpath","value":"//androidx.recyclerview.widget.RecyclerView[@resource-id='com.mandir:id/rv_offerings']/child::android.widget.RelativeLayout[3]"}
2022-10-14 11:52:17:520 [W3C (7c312bd2)] Calling AppiumDriver.findElement() with args: ["xpath","//androidx.recyclerview.widget.RecyclerView[@resource-id='com.mandir:id/rv_offerings']/child::android.widget.RelativeLayout[3]","7c312bd2-2690-4b28-a7e9-859766cff76c"]
2022-10-14 11:52:17:520 [BaseDriver] Valid locator strategies for this request: xpath, id, class name, accessibility id, css selector, -android uiautomator
2022-10-14 11:52:17:520 [BaseDriver] Waiting up to 50000 ms for condition
2022-10-14 11:52:17:521 [WD Proxy] Matched '/element' to command name 'findElement'
2022-10-14 11:52:17:521 [WD Proxy] Proxying [POST /element] to [POST http://127.0.0.1:8203/wd/hub/session/9ef7ea6f-46b3-4bac-a4d8-b4d1ffb71a7d/element] with body: {"strategy":"xpath","selector":"//androidx.recyclerview.widget.RecyclerView[@resource-id='com.mandir:id/rv_offerings']/child::android.widget.RelativeLayout[3]","context":"","multiple":false}
2022-10-14 11:52:18:129 [WD Proxy] Got response with status 200: {"sessionId":"9ef7ea6f-46b3-4bac-a4d8-b4d1ffb71a7d","value":{"ELEMENT":"00000000-0000-0059-ffff-ffff0000018f","element-6066-11e4-a52e-4f735466cecf":"00000000-0000-0059-ffff-ffff0000018f"}}
2022-10-14 11:52:18:130 [W3C (7c312bd2)] Responding to client with driver.findElement() result: {"element-6066-11e4-a52e-4f735466cecf":"00000000-0000-0059-ffff-ffff0000018f","ELEMENT":"00000000-0000-0059-ffff-ffff0000018f"}
2022-10-14 11:52:18:131 [HTTP] <-- POST /wd/hub/session/7c312bd2-2690-4b28-a7e9-859766cff76c/element 200 612 ms - 137
2022-10-14 11:52:18:132 [HTTP] 
2022-10-14 11:52:18:139 [HTTP] --> POST /wd/hub/session/7c312bd2-2690-4b28-a7e9-859766cff76c/element/00000000-0000-0059-ffff-ffff0000018f/click
2022-10-14 11:52:18:139 [HTTP] {"id":"00000000-0000-0059-ffff-ffff0000018f"}
2022-10-14 11:52:18:140 [W3C (7c312bd2)] Calling AppiumDriver.click() with args: ["00000000-0000-0059-ffff-ffff0000018f","7c312bd2-2690-4b28-a7e9-859766cff76c"]
2022-10-14 11:52:18:140 [WD Proxy] Matched '/element/00000000-0000-0059-ffff-ffff0000018f/click' to command name 'click'
2022-10-14 11:52:18:141 [WD Proxy] Proxying [POST /element/00000000-0000-0059-ffff-ffff0000018f/click] to [POST http://127.0.0.1:8203/wd/hub/session/9ef7ea6f-46b3-4bac-a4d8-b4d1ffb71a7d/element/00000000-0000-0059-ffff-ffff0000018f/click] with body: {"element":"00000000-0000-0059-ffff-ffff0000018f"}
2022-10-14 11:52:18:274 [WD Proxy] Got response with status 200: {"sessionId":"9ef7ea6f-46b3-4bac-a4d8-b4d1ffb71a7d","value":null}
2022-10-14 11:52:18:275 [W3C (7c312bd2)] Responding to client with driver.click() result: null
2022-10-14 11:52:18:276 [HTTP] <-- POST /wd/hub/session/7c312bd2-2690-4b28-a7e9-859766cff76c/element/00000000-0000-0059-ffff-ffff0000018f/click 200 137 ms - 14
2022-10-14 11:52:18:276 [HTTP] 
2022-10-14 11:52:18:281 [HTTP] --> POST /wd/hub/session/7c312bd2-2690-4b28-a7e9-859766cff76c/element
2022-10-14 11:52:18:281 [HTTP] {"using":"id","value":"com.mandir:id/bt_purchase_flower"}
2022-10-14 11:52:18:282 [W3C (7c312bd2)] Calling AppiumDriver.findElement() with args: ["id","com.mandir:id/bt_purchase_flower","7c312bd2-2690-4b28-a7e9-859766cff76c"]
2022-10-14 11:52:18:282 [BaseDriver] Valid locator strategies for this request: xpath, id, class name, accessibility id, css selector, -android uiautomator
2022-10-14 11:52:18:282 [BaseDriver] Waiting up to 50000 ms for condition
2022-10-14 11:52:18:283 [WD Proxy] Matched '/element' to command name 'findElement'
2022-10-14 11:52:18:283 [WD Proxy] Proxying [POST /element] to [POST http://127.0.0.1:8203/wd/hub/session/9ef7ea6f-46b3-4bac-a4d8-b4d1ffb71a7d/element] with body: {"strategy":"id","selector":"com.mandir:id/bt_purchase_flower","context":"","multiple":false}
2022-10-14 11:52:19:039 [WD Proxy] Got response with status 200: {"sessionId":"9ef7ea6f-46b3-4bac-a4d8-b4d1ffb71a7d","value":{"ELEMENT":"00000000-0000-0059-ffff-ffff00000165","element-6066-11e4-a52e-4f735466cecf":"00000000-0000-0059-ffff-ffff00000165"}}
2022-10-14 11:52:19:039 [W3C (7c312bd2)] Responding to client with driver.findElement() result: {"element-6066-11e4-a52e-4f735466cecf":"00000000-0000-0059-ffff-ffff00000165","ELEMENT":"00000000-0000-0059-ffff-ffff00000165"}
2022-10-14 11:52:19:041 [HTTP] <-- POST /wd/hub/session/7c312bd2-2690-4b28-a7e9-859766cff76c/element 200 759 ms - 137
2022-10-14 11:52:19:041 [HTTP] 
2022-10-14 11:52:19:048 [HTTP] --> POST /wd/hub/session/7c312bd2-2690-4b28-a7e9-859766cff76c/element
2022-10-14 11:52:19:048 [HTTP] {"using":"id","value":"com.mandir:id/bt_purchase_flower"}
2022-10-14 11:52:19:050 [W3C (7c312bd2)] Calling AppiumDriver.findElement() with args: ["id","com.mandir:id/bt_purchase_flower","7c312bd2-2690-4b28-a7e9-859766cff76c"]
2022-10-14 11:52:19:050 [BaseDriver] Valid locator strategies for this request: xpath, id, class name, accessibility id, css selector, -android uiautomator
2022-10-14 11:52:19:051 [BaseDriver] Waiting up to 50000 ms for condition
2022-10-14 11:52:19:051 [WD Proxy] Matched '/element' to command name 'findElement'
2022-10-14 11:52:19:051 [WD Proxy] Proxying [POST /element] to [POST http://127.0.0.1:8203/wd/hub/session/9ef7ea6f-46b3-4bac-a4d8-b4d1ffb71a7d/element] with body: {"strategy":"id","selector":"com.mandir:id/bt_purchase_flower","context":"","multiple":false}
2022-10-14 11:52:19:494 [WD Proxy] Got response with status 200: {"sessionId":"9ef7ea6f-46b3-4bac-a4d8-b4d1ffb71a7d","value":{"ELEMENT":"00000000-0000-0059-ffff-ffff00000165","element-6066-11e4-a52e-4f735466cecf":"00000000-0000-0059-ffff-ffff00000165"}}
2022-10-14 11:52:19:494 [W3C (7c312bd2)] Responding to client with driver.findElement() result: {"element-6066-11e4-a52e-4f735466cecf":"00000000-0000-0059-ffff-ffff00000165","ELEMENT":"00000000-0000-0059-ffff-ffff00000165"}
2022-10-14 11:52:19:495 [HTTP] <-- POST /wd/hub/session/7c312bd2-2690-4b28-a7e9-859766cff76c/element 200 447 ms - 137
2022-10-14 11:52:19:495 [HTTP] 
2022-10-14 11:52:19:499 [HTTP] --> GET /wd/hub/session/7c312bd2-2690-4b28-a7e9-859766cff76c/element/00000000-0000-0059-ffff-ffff00000165/displayed
2022-10-14 11:52:19:499 [HTTP] {}
2022-10-14 11:52:19:500 [W3C (7c312bd2)] Calling AppiumDriver.elementDisplayed() with args: ["00000000-0000-0059-ffff-ffff00000165","7c312bd2-2690-4b28-a7e9-859766cff76c"]
2022-10-14 11:52:19:500 [WD Proxy] Matched '/element/00000000-0000-0059-ffff-ffff00000165/attribute/displayed' to command name 'getAttribute'
2022-10-14 11:52:19:501 [WD Proxy] Proxying [GET /element/00000000-0000-0059-ffff-ffff00000165/attribute/displayed] to [GET http://127.0.0.1:8203/wd/hub/session/9ef7ea6f-46b3-4bac-a4d8-b4d1ffb71a7d/element/00000000-0000-0059-ffff-ffff00000165/attribute/displayed] with no body
2022-10-14 11:52:19:590 [WD Proxy] Got response with status 200: {"sessionId":"9ef7ea6f-46b3-4bac-a4d8-b4d1ffb71a7d","value":"true"}
2022-10-14 11:52:19:590 [W3C (7c312bd2)] Responding to client with driver.elementDisplayed() result: true
2022-10-14 11:52:19:591 [HTTP] <-- GET /wd/hub/session/7c312bd2-2690-4b28-a7e9-859766cff76c/element/00000000-0000-0059-ffff-ffff00000165/displayed 200 92 ms - 14
2022-10-14 11:52:19:591 [HTTP] 
2022-10-14 11:52:19:595 [HTTP] --> POST /wd/hub/session/7c312bd2-2690-4b28-a7e9-859766cff76c/element
2022-10-14 11:52:19:596 [HTTP] {"using":"id","value":"com.mandir:id/bt_purchase_flower"}
2022-10-14 11:52:19:596 [W3C (7c312bd2)] Calling AppiumDriver.findElement() with args: ["id","com.mandir:id/bt_purchase_flower","7c312bd2-2690-4b28-a7e9-859766cff76c"]
2022-10-14 11:52:19:596 [BaseDriver] Valid locator strategies for this request: xpath, id, class name, accessibility id, css selector, -android uiautomator
2022-10-14 11:52:19:596 [BaseDriver] Waiting up to 50000 ms for condition
2022-10-14 11:52:19:597 [WD Proxy] Matched '/element' to command name 'findElement'
2022-10-14 11:52:19:597 [WD Proxy] Proxying [POST /element] to [POST http://127.0.0.1:8203/wd/hub/session/9ef7ea6f-46b3-4bac-a4d8-b4d1ffb71a7d/element] with body: {"strategy":"id","selector":"com.mandir:id/bt_purchase_flower","context":"","multiple":false}
2022-10-14 11:52:20:405 [WD Proxy] Got response with status 200: {"sessionId":"9ef7ea6f-46b3-4bac-a4d8-b4d1ffb71a7d","value":{"ELEMENT":"00000000-0000-0059-ffff-ffff00000165","element-6066-11e4-a52e-4f735466cecf":"00000000-0000-0059-ffff-ffff00000165"}}
2022-10-14 11:52:20:406 [W3C (7c312bd2)] Responding to client with driver.findElement() result: {"element-6066-11e4-a52e-4f735466cecf":"00000000-0000-0059-ffff-ffff00000165","ELEMENT":"00000000-0000-0059-ffff-ffff00000165"}
2022-10-14 11:52:20:406 [HTTP] <-- POST /wd/hub/session/7c312bd2-2690-4b28-a7e9-859766cff76c/element 200 811 ms - 137
2022-10-14 11:52:20:406 [HTTP] 
2022-10-14 11:52:20:412 [HTTP] --> POST /wd/hub/session/7c312bd2-2690-4b28-a7e9-859766cff76c/element
2022-10-14 11:52:20:412 [HTTP] {"using":"id","value":"com.mandir:id/bt_purchase_flower"}
2022-10-14 11:52:20:412 [W3C (7c312bd2)] Calling AppiumDriver.findElement() with args: ["id","com.mandir:id/bt_purchase_flower","7c312bd2-2690-4b28-a7e9-859766cff76c"]
2022-10-14 11:52:20:412 [BaseDriver] Valid locator strategies for this request: xpath, id, class name, accessibility id, css selector, -android uiautomator
2022-10-14 11:52:20:413 [BaseDriver] Waiting up to 50000 ms for condition
2022-10-14 11:52:20:414 [WD Proxy] Matched '/element' to command name 'findElement'
2022-10-14 11:52:20:414 [WD Proxy] Proxying [POST /element] to [POST http://127.0.0.1:8203/wd/hub/session/9ef7ea6f-46b3-4bac-a4d8-b4d1ffb71a7d/element] with body: {"strategy":"id","selector":"com.mandir:id/bt_purchase_flower","context":"","multiple":false}
2022-10-14 11:52:20:947 [WD Proxy] Got response with status 200: {"sessionId":"9ef7ea6f-46b3-4bac-a4d8-b4d1ffb71a7d","value":{"ELEMENT":"00000000-0000-0059-ffff-ffff00000165","element-6066-11e4-a52e-4f735466cecf":"00000000-0000-0059-ffff-ffff00000165"}}
2022-10-14 11:52:20:947 [W3C (7c312bd2)] Responding to client with driver.findElement() result: {"element-6066-11e4-a52e-4f735466cecf":"00000000-0000-0059-ffff-ffff00000165","ELEMENT":"00000000-0000-0059-ffff-ffff00000165"}
2022-10-14 11:52:20:948 [HTTP] <-- POST /wd/hub/session/7c312bd2-2690-4b28-a7e9-859766cff76c/element 200 536 ms - 137
2022-10-14 11:52:20:948 [HTTP] 
2022-10-14 11:52:20:954 [HTTP] --> POST /wd/hub/session/7c312bd2-2690-4b28-a7e9-859766cff76c/element/00000000-0000-0059-ffff-ffff00000165/click
2022-10-14 11:52:20:955 [HTTP] {"id":"00000000-0000-0059-ffff-ffff00000165"}
2022-10-14 11:52:20:955 [W3C (7c312bd2)] Calling AppiumDriver.click() with args: ["00000000-0000-0059-ffff-ffff00000165","7c312bd2-2690-4b28-a7e9-859766cff76c"]
2022-10-14 11:52:20:956 [WD Proxy] Matched '/element/00000000-0000-0059-ffff-ffff00000165/click' to command name 'click'
2022-10-14 11:52:20:956 [WD Proxy] Proxying [POST /element/00000000-0000-0059-ffff-ffff00000165/click] to [POST http://127.0.0.1:8203/wd/hub/session/9ef7ea6f-46b3-4bac-a4d8-b4d1ffb71a7d/element/00000000-0000-0059-ffff-ffff00000165/click] with body: {"element":"00000000-0000-0059-ffff-ffff00000165"}
2022-10-14 11:52:21:129 [WD Proxy] Got response with status 200: {"sessionId":"9ef7ea6f-46b3-4bac-a4d8-b4d1ffb71a7d","value":null}
2022-10-14 11:52:21:130 [W3C (7c312bd2)] Responding to client with driver.click() result: null
2022-10-14 11:52:21:131 [HTTP] <-- POST /wd/hub/session/7c312bd2-2690-4b28-a7e9-859766cff76c/element/00000000-0000-0059-ffff-ffff00000165/click 200 176 ms - 14
2022-10-14 11:52:21:131 [HTTP] 
2022-10-14 11:52:21:158 [HTTP] --> POST /wd/hub/session/7c312bd2-2690-4b28-a7e9-859766cff76c/element
2022-10-14 11:52:21:159 [HTTP] {"using":"xpath","value":"//android.widget.TextView[@text='  ']"}
2022-10-14 11:52:21:159 [W3C (7c312bd2)] Calling AppiumDriver.findElement() with args: ["xpath","//android.widget.TextView[@text='  ']","7c312bd2-2690-4b28-a7e9-859766cff76c"]
2022-10-14 11:52:21:160 [BaseDriver] Valid locator strategies for this request: xpath, id, class name, accessibility id, css selector, -android uiautomator
2022-10-14 11:52:21:160 [BaseDriver] Waiting up to 50000 ms for condition
2022-10-14 11:52:21:161 [WD Proxy] Matched '/element' to command name 'findElement'
2022-10-14 11:52:21:161 [WD Proxy] Proxying [POST /element] to [POST http://127.0.0.1:8203/wd/hub/session/9ef7ea6f-46b3-4bac-a4d8-b4d1ffb71a7d/element] with body: {"strategy":"xpath","selector":"//android.widget.TextView[@text='  ']","context":"","multiple":false}
2022-10-14 11:52:21:928 [WD Proxy] Got response with status 404: {"sessionId":"9ef7ea6f-46b3-4bac-a4d8-b4d1ffb71a7d","value":{"error":"no such element","message":"An element could not be located on the page using the given search parameters","stacktrace":"io.appium.uiautomator2.common.exceptions.ElementNotFoundException: An element could not be located on the page using the given search parameters\n\tat io.appium.uiautomator2.handler.FindElement.findElement(FindElement.java:90)\n\tat io.appium.uiautomator2.handler.FindElement.safeHandle(FindElement.java:67)\n\tat io.appium.uiautomator2.handler.request.SafeRequestHandler.handle(SafeRequestHandler.java:59)\n\tat io.appium.uiautomator2.server.AppiumServlet.handleRequest(AppiumServlet.java:266)\n\tat io.appium.uiautomator2.server.AppiumServlet.handleHttpRequest(AppiumServlet.java:260)\n\tat io.appium.uiautomator2.http.ServerHandler.channelRead(ServerHandler.java:68)\n\tat io.netty.channel.AbstractChannelHandlerContext.invokeChannelRead(AbstractChannelHandlerContext.java:366)\n\tat io.netty.channel.AbstractChannelHandlerCont...
2022-10-14 11:52:21:928 [W3C] Matched W3C error code 'no such element' to NoSuchElementError
2022-10-14 11:52:21:928 [BaseDriver] Waited for 768 ms so far
2022-10-14 11:52:22:437 [WD Proxy] Matched '/element' to command name 'findElement'
2022-10-14 11:52:22:437 [WD Proxy] Proxying [POST /element] to [POST http://127.0.0.1:8203/wd/hub/session/9ef7ea6f-46b3-4bac-a4d8-b4d1ffb71a7d/element] with body: {"strategy":"xpath","selector":"//android.widget.TextView[@text='  ']","context":"","multiple":false}
2022-10-14 11:52:22:645 [WD Proxy] Got response with status 404: {"sessionId":"9ef7ea6f-46b3-4bac-a4d8-b4d1ffb71a7d","value":{"error":"no such element","message":"An element could not be located on the page using the given search parameters","stacktrace":"io.appium.uiautomator2.common.exceptions.ElementNotFoundException: An element could not be located on the page using the given search parameters\n\tat io.appium.uiautomator2.handler.FindElement.findElement(FindElement.java:90)\n\tat io.appium.uiautomator2.handler.FindElement.safeHandle(FindElement.java:67)\n\tat io.appium.uiautomator2.handler.request.SafeRequestHandler.handle(SafeRequestHandler.java:59)\n\tat io.appium.uiautomator2.server.AppiumServlet.handleRequest(AppiumServlet.java:266)\n\tat io.appium.uiautomator2.server.AppiumServlet.handleHttpRequest(AppiumServlet.java:260)\n\tat io.appium.uiautomator2.http.ServerHandler.channelRead(ServerHandler.java:68)\n\tat io.netty.channel.AbstractChannelHandlerContext.invokeChannelRead(AbstractChannelHandlerContext.java:366)\n\tat io.netty.channel.AbstractChannelHandlerCont...
2022-10-14 11:52:22:645 [W3C] Matched W3C error code 'no such element' to NoSuchElementError
2022-10-14 11:52:22:646 [BaseDriver] Waited for 1486 ms so far
2022-10-14 11:52:23:151 [WD Proxy] Matched '/element' to command name 'findElement'
2022-10-14 11:52:23:151 [WD Proxy] Proxying [POST /element] to [POST http://127.0.0.1:8203/wd/hub/session/9ef7ea6f-46b3-4bac-a4d8-b4d1ffb71a7d/element] with body: {"strategy":"xpath","selector":"//android.widget.TextView[@text='  ']","context":"","multiple":false}
2022-10-14 11:52:23:295 [WD Proxy] Got response with status 404: {"sessionId":"9ef7ea6f-46b3-4bac-a4d8-b4d1ffb71a7d","value":{"error":"no such element","message":"An element could not be located on the page using the given search parameters","stacktrace":"io.appium.uiautomator2.common.exceptions.ElementNotFoundException: An element could not be located on the page using the given search parameters\n\tat io.appium.uiautomator2.handler.FindElement.findElement(FindElement.java:90)\n\tat io.appium.uiautomator2.handler.FindElement.safeHandle(FindElement.java:67)\n\tat io.appium.uiautomator2.handler.request.SafeRequestHandler.handle(SafeRequestHandler.java:59)\n\tat io.appium.uiautomator2.server.AppiumServlet.handleRequest(AppiumServlet.java:266)\n\tat io.appium.uiautomator2.server.AppiumServlet.handleHttpRequest(AppiumServlet.java:260)\n\tat io.appium.uiautomator2.http.ServerHandler.channelRead(ServerHandler.java:68)\n\tat io.netty.channel.AbstractChannelHandlerContext.invokeChannelRead(AbstractChannelHandlerContext.java:366)\n\tat io.netty.channel.AbstractChannelHandlerCont...
2022-10-14 11:52:23:296 [W3C] Matched W3C error code 'no such element' to NoSuchElementError
2022-10-14 11:52:23:296 [BaseDriver] Waited for 2136 ms so far
2022-10-14 11:52:23:802 [WD Proxy] Matched '/element' to command name 'findElement'
2022-10-14 11:52:23:802 [WD Proxy] Proxying [POST /element] to [POST http://127.0.0.1:8203/wd/hub/session/9ef7ea6f-46b3-4bac-a4d8-b4d1ffb71a7d/element] with body: {"strategy":"xpath","selector":"//android.widget.TextView[@text='  ']","context":"","multiple":false}
2022-10-14 11:52:24:347 [WD Proxy] Got response with status 404: {"sessionId":"9ef7ea6f-46b3-4bac-a4d8-b4d1ffb71a7d","value":{"error":"no such element","message":"An element could not be located on the page using the given search parameters","stacktrace":"io.appium.uiautomator2.common.exceptions.ElementNotFoundException: An element could not be located on the page using the given search parameters\n\tat io.appium.uiautomator2.handler.FindElement.findElement(FindElement.java:90)\n\tat io.appium.uiautomator2.handler.FindElement.safeHandle(FindElement.java:67)\n\tat io.appium.uiautomator2.handler.request.SafeRequestHandler.handle(SafeRequestHandler.java:59)\n\tat io.appium.uiautomator2.server.AppiumServlet.handleRequest(AppiumServlet.java:266)\n\tat io.appium.uiautomator2.server.AppiumServlet.handleHttpRequest(AppiumServlet.java:260)\n\tat io.appium.uiautomator2.http.ServerHandler.channelRead(ServerHandler.java:68)\n\tat io.netty.channel.AbstractChannelHandlerContext.invokeChannelRead(AbstractChannelHandlerContext.java:366)\n\tat io.netty.channel.AbstractChannelHandlerCont...
2022-10-14 11:52:24:347 [W3C] Matched W3C error code 'no such element' to NoSuchElementError
2022-10-14 11:52:24:348 [BaseDriver] Waited for 3188 ms so far
2022-10-14 11:52:24:860 [WD Proxy] Matched '/element' to command name 'findElement'
2022-10-14 11:52:24:860 [WD Proxy] Proxying [POST /element] to [POST http://127.0.0.1:8203/wd/hub/session/9ef7ea6f-46b3-4bac-a4d8-b4d1ffb71a7d/element] with body: {"strategy":"xpath","selector":"//android.widget.TextView[@text='  ']","context":"","multiple":false}
2022-10-14 11:52:25:799 [WD Proxy] Got response with status 200: {"sessionId":"9ef7ea6f-46b3-4bac-a4d8-b4d1ffb71a7d","value":{"ELEMENT":"00000000-0000-0058-0000-001a0000019e","element-6066-11e4-a52e-4f735466cecf":"00000000-0000-0058-0000-001a0000019e"}}
2022-10-14 11:52:25:799 [W3C (7c312bd2)] Responding to client with driver.findElement() result: {"element-6066-11e4-a52e-4f735466cecf":"00000000-0000-0058-0000-001a0000019e","ELEMENT":"00000000-0000-0058-0000-001a0000019e"}
2022-10-14 11:52:25:800 [HTTP] <-- POST /wd/hub/session/7c312bd2-2690-4b28-a7e9-859766cff76c/element 200 4642 ms - 137
2022-10-14 11:52:25:800 [HTTP] 
2022-10-14 11:52:25:804 [HTTP] --> GET /wd/hub/session/7c312bd2-2690-4b28-a7e9-859766cff76c/element/00000000-0000-0058-0000-001a0000019e/displayed
2022-10-14 11:52:25:804 [HTTP] {}
2022-10-14 11:52:25:805 [W3C (7c312bd2)] Calling AppiumDriver.elementDisplayed() with args: ["00000000-0000-0058-0000-001a0000019e","7c312bd2-2690-4b28-a7e9-859766cff76c"]
2022-10-14 11:52:25:806 [WD Proxy] Matched '/element/00000000-0000-0058-0000-001a0000019e/attribute/displayed' to command name 'getAttribute'
2022-10-14 11:52:25:806 [WD Proxy] Proxying [GET /element/00000000-0000-0058-0000-001a0000019e/attribute/displayed] to [GET http://127.0.0.1:8203/wd/hub/session/9ef7ea6f-46b3-4bac-a4d8-b4d1ffb71a7d/element/00000000-0000-0058-0000-001a0000019e/attribute/displayed] with no body
2022-10-14 11:52:25:819 [WD Proxy] Got response with status 200: {"sessionId":"9ef7ea6f-46b3-4bac-a4d8-b4d1ffb71a7d","value":"true"}
2022-10-14 11:52:25:820 [W3C (7c312bd2)] Responding to client with driver.elementDisplayed() result: true
2022-10-14 11:52:25:820 [HTTP] <-- GET /wd/hub/session/7c312bd2-2690-4b28-a7e9-859766cff76c/element/00000000-0000-0058-0000-001a0000019e/displayed 200 16 ms - 14
2022-10-14 11:52:25:820 [HTTP] 
2022-10-14 11:52:25:826 [HTTP] --> POST /wd/hub/session/7c312bd2-2690-4b28-a7e9-859766cff76c/element
2022-10-14 11:52:25:826 [HTTP] {"using":"xpath","value":"//android.widget.TextView[@text='  ']"}
2022-10-14 11:52:25:827 [W3C (7c312bd2)] Calling AppiumDriver.findElement() with args: ["xpath","//android.widget.TextView[@text='  ']","7c312bd2-2690-4b28-a7e9-859766cff76c"]
2022-10-14 11:52:25:827 [BaseDriver] Valid locator strategies for this request: xpath, id, class name, accessibility id, css selector, -android uiautomator
2022-10-14 11:52:25:827 [BaseDriver] Waiting up to 50000 ms for condition
2022-10-14 11:52:25:827 [WD Proxy] Matched '/element' to command name 'findElement'
2022-10-14 11:52:25:828 [WD Proxy] Proxying [POST /element] to [POST http://127.0.0.1:8203/wd/hub/session/9ef7ea6f-46b3-4bac-a4d8-b4d1ffb71a7d/element] with body: {"strategy":"xpath","selector":"//android.widget.TextView[@text='  ']","context":"","multiple":false}
2022-10-14 11:52:25:959 [WD Proxy] Got response with status 200: {"sessionId":"9ef7ea6f-46b3-4bac-a4d8-b4d1ffb71a7d","value":{"ELEMENT":"00000000-0000-0058-0000-001a0000019e","element-6066-11e4-a52e-4f735466cecf":"00000000-0000-0058-0000-001a0000019e"}}
2022-10-14 11:52:25:960 [W3C (7c312bd2)] Responding to client with driver.findElement() result: {"element-6066-11e4-a52e-4f735466cecf":"00000000-0000-0058-0000-001a0000019e","ELEMENT":"00000000-0000-0058-0000-001a0000019e"}
2022-10-14 11:52:25:960 [HTTP] <-- POST /wd/hub/session/7c312bd2-2690-4b28-a7e9-859766cff76c/element 200 134 ms - 137
2022-10-14 11:52:25:961 [HTTP] 
2022-10-14 11:52:25:964 [HTTP] --> GET /wd/hub/session/7c312bd2-2690-4b28-a7e9-859766cff76c/element/00000000-0000-0058-0000-001a0000019e/text
2022-10-14 11:52:25:964 [HTTP] {}
2022-10-14 11:52:25:966 [W3C (7c312bd2)] Driver proxy active, passing request on via HTTP proxy
2022-10-14 11:52:25:968 [WD Proxy] Matched '/wd/hub/session/7c312bd2-2690-4b28-a7e9-859766cff76c/element/00000000-0000-0058-0000-001a0000019e/text' to command name 'getText'
2022-10-14 11:52:25:968 [WD Proxy] Proxying [GET /wd/hub/session/7c312bd2-2690-4b28-a7e9-859766cff76c/element/00000000-0000-0058-0000-001a0000019e/text] to [GET http://127.0.0.1:8203/wd/hub/session/9ef7ea6f-46b3-4bac-a4d8-b4d1ffb71a7d/element/00000000-0000-0058-0000-001a0000019e/text] with no body
2022-10-14 11:52:25:985 [WD Proxy] Got response with status 200: {"sessionId":"9ef7ea6f-46b3-4bac-a4d8-b4d1ffb71a7d","value":"  "}
2022-10-14 11:52:25:985 [WD Proxy] Replacing sessionId 9ef7ea6f-46b3-4bac-a4d8-b4d1ffb71a7d with 7c312bd2-2690-4b28-a7e9-859766cff76c
2022-10-14 11:52:25:986 [HTTP] <-- GET /wd/hub/session/7c312bd2-2690-4b28-a7e9-859766cff76c/element/00000000-0000-0058-0000-001a0000019e/text 200 22 ms - 116
2022-10-14 11:52:25:986 [HTTP] 
2022-10-14 11:52:25:994 [HTTP] --> POST /wd/hub/session/7c312bd2-2690-4b28-a7e9-859766cff76c/element
2022-10-14 11:52:25:994 [HTTP] {"using":"id","value":"com.mandir:id/iv_close"}
2022-10-14 11:52:25:994 [W3C (7c312bd2)] Calling AppiumDriver.findElement() with args: ["id","com.mandir:id/iv_close","7c312bd2-2690-4b28-a7e9-859766cff76c"]
2022-10-14 11:52:25:995 [BaseDriver] Valid locator strategies for this request: xpath, id, class name, accessibility id, css selector, -android uiautomator
2022-10-14 11:52:25:996 [BaseDriver] Waiting up to 50000 ms for condition
2022-10-14 11:52:25:996 [WD Proxy] Matched '/element' to command name 'findElement'
2022-10-14 11:52:25:996 [WD Proxy] Proxying [POST /element] to [POST http://127.0.0.1:8203/wd/hub/session/9ef7ea6f-46b3-4bac-a4d8-b4d1ffb71a7d/element] with body: {"strategy":"id","selector":"com.mandir:id/iv_close","context":"","multiple":false}
2022-10-14 11:52:26:050 [WD Proxy] Got response with status 200: {"sessionId":"9ef7ea6f-46b3-4bac-a4d8-b4d1ffb71a7d","value":{"ELEMENT":"00000000-0000-0058-ffff-ffff0000019f","element-6066-11e4-a52e-4f735466cecf":"00000000-0000-0058-ffff-ffff0000019f"}}
2022-10-14 11:52:26:050 [W3C (7c312bd2)] Responding to client with driver.findElement() result: {"element-6066-11e4-a52e-4f735466cecf":"00000000-0000-0058-ffff-ffff0000019f","ELEMENT":"00000000-0000-0058-ffff-ffff0000019f"}
2022-10-14 11:52:26:051 [HTTP] <-- POST /wd/hub/session/7c312bd2-2690-4b28-a7e9-859766cff76c/element 200 57 ms - 137
2022-10-14 11:52:26:051 [HTTP] 
2022-10-14 11:52:26:056 [HTTP] --> POST /wd/hub/session/7c312bd2-2690-4b28-a7e9-859766cff76c/element
2022-10-14 11:52:26:056 [HTTP] {"using":"id","value":"com.mandir:id/iv_close"}
2022-10-14 11:52:26:057 [W3C (7c312bd2)] Calling AppiumDriver.findElement() with args: ["id","com.mandir:id/iv_close","7c312bd2-2690-4b28-a7e9-859766cff76c"]
2022-10-14 11:52:26:057 [BaseDriver] Valid locator strategies for this request: xpath, id, class name, accessibility id, css selector, -android uiautomator
2022-10-14 11:52:26:057 [BaseDriver] Waiting up to 50000 ms for condition
2022-10-14 11:52:26:058 [WD Proxy] Matched '/element' to command name 'findElement'
2022-10-14 11:52:26:058 [WD Proxy] Proxying [POST /element] to [POST http://127.0.0.1:8203/wd/hub/session/9ef7ea6f-46b3-4bac-a4d8-b4d1ffb71a7d/element] with body: {"strategy":"id","selector":"com.mandir:id/iv_close","context":"","multiple":false}
2022-10-14 11:52:26:102 [WD Proxy] Got response with status 200: {"sessionId":"9ef7ea6f-46b3-4bac-a4d8-b4d1ffb71a7d","value":{"ELEMENT":"00000000-0000-0058-ffff-ffff0000019f","element-6066-11e4-a52e-4f735466cecf":"00000000-0000-0058-ffff-ffff0000019f"}}
2022-10-14 11:52:26:103 [W3C (7c312bd2)] Responding to client with driver.findElement() result: {"element-6066-11e4-a52e-4f735466cecf":"00000000-0000-0058-ffff-ffff0000019f","ELEMENT":"00000000-0000-0058-ffff-ffff0000019f"}
2022-10-14 11:52:26:104 [HTTP] <-- POST /wd/hub/session/7c312bd2-2690-4b28-a7e9-859766cff76c/element 200 47 ms - 137
2022-10-14 11:52:26:104 [HTTP] 
2022-10-14 11:52:26:108 [HTTP] --> GET /wd/hub/session/7c312bd2-2690-4b28-a7e9-859766cff76c/element/00000000-0000-0058-ffff-ffff0000019f/displayed
2022-10-14 11:52:26:108 [HTTP] {}
2022-10-14 11:52:26:108 [W3C (7c312bd2)] Calling AppiumDriver.elementDisplayed() with args: ["00000000-0000-0058-ffff-ffff0000019f","7c312bd2-2690-4b28-a7e9-859766cff76c"]
2022-10-14 11:52:26:109 [WD Proxy] Matched '/element/00000000-0000-0058-ffff-ffff0000019f/attribute/displayed' to command name 'getAttribute'
2022-10-14 11:52:26:110 [WD Proxy] Proxying [GET /element/00000000-0000-0058-ffff-ffff0000019f/attribute/displayed] to [GET http://127.0.0.1:8203/wd/hub/session/9ef7ea6f-46b3-4bac-a4d8-b4d1ffb71a7d/element/00000000-0000-0058-ffff-ffff0000019f/attribute/displayed] with no body
2022-10-14 11:52:26:122 [WD Proxy] Got response with status 200: {"sessionId":"9ef7ea6f-46b3-4bac-a4d8-b4d1ffb71a7d","value":"true"}
2022-10-14 11:52:26:123 [W3C (7c312bd2)] Responding to client with driver.elementDisplayed() result: true
2022-10-14 11:52:26:123 [HTTP] <-- GET /wd/hub/session/7c312bd2-2690-4b28-a7e9-859766cff76c/element/00000000-0000-0058-ffff-ffff0000019f/displayed 200 16 ms - 14
2022-10-14 11:52:26:123 [HTTP] 
2022-10-14 11:52:26:129 [HTTP] --> POST /wd/hub/session/7c312bd2-2690-4b28-a7e9-859766cff76c/element
2022-10-14 11:52:26:129 [HTTP] {"using":"id","value":"com.mandir:id/iv_close"}
2022-10-14 11:52:26:129 [W3C (7c312bd2)] Calling AppiumDriver.findElement() with args: ["id","com.mandir:id/iv_close","7c312bd2-2690-4b28-a7e9-859766cff76c"]
2022-10-14 11:52:26:130 [BaseDriver] Valid locator strategies for this request: xpath, id, class name, accessibility id, css selector, -android uiautomator
2022-10-14 11:52:26:130 [BaseDriver] Waiting up to 50000 ms for condition
2022-10-14 11:52:26:131 [WD Proxy] Matched '/element' to command name 'findElement'
2022-10-14 11:52:26:131 [WD Proxy] Proxying [POST /element] to [POST http://127.0.0.1:8203/wd/hub/session/9ef7ea6f-46b3-4bac-a4d8-b4d1ffb71a7d/element] with body: {"strategy":"id","selector":"com.mandir:id/iv_close","context":"","multiple":false}
2022-10-14 11:52:26:191 [WD Proxy] Got response with status 200: {"sessionId":"9ef7ea6f-46b3-4bac-a4d8-b4d1ffb71a7d","value":{"ELEMENT":"00000000-0000-0058-ffff-ffff0000019f","element-6066-11e4-a52e-4f735466cecf":"00000000-0000-0058-ffff-ffff0000019f"}}
2022-10-14 11:52:26:191 [W3C (7c312bd2)] Responding to client with driver.findElement() result: {"element-6066-11e4-a52e-4f735466cecf":"00000000-0000-0058-ffff-ffff0000019f","ELEMENT":"00000000-0000-0058-ffff-ffff0000019f"}
2022-10-14 11:52:26:192 [HTTP] <-- POST /wd/hub/session/7c312bd2-2690-4b28-a7e9-859766cff76c/element 200 63 ms - 137
2022-10-14 11:52:26:192 [HTTP] 
2022-10-14 11:52:26:198 [HTTP] --> POST /wd/hub/session/7c312bd2-2690-4b28-a7e9-859766cff76c/element
2022-10-14 11:52:26:199 [HTTP] {"using":"id","value":"com.mandir:id/iv_close"}
2022-10-14 11:52:26:199 [W3C (7c312bd2)] Calling AppiumDriver.findElement() with args: ["id","com.mandir:id/iv_close","7c312bd2-2690-4b28-a7e9-859766cff76c"]
2022-10-14 11:52:26:200 [BaseDriver] Valid locator strategies for this request: xpath, id, class name, accessibility id, css selector, -android uiautomator
2022-10-14 11:52:26:200 [BaseDriver] Waiting up to 50000 ms for condition
2022-10-14 11:52:26:200 [WD Proxy] Matched '/element' to command name 'findElement'
2022-10-14 11:52:26:200 [WD Proxy] Proxying [POST /element] to [POST http://127.0.0.1:8203/wd/hub/session/9ef7ea6f-46b3-4bac-a4d8-b4d1ffb71a7d/element] with body: {"strategy":"id","selector":"com.mandir:id/iv_close","context":"","multiple":false}
2022-10-14 11:52:26:256 [WD Proxy] Got response with status 200: {"sessionId":"9ef7ea6f-46b3-4bac-a4d8-b4d1ffb71a7d","value":{"ELEMENT":"00000000-0000-0058-ffff-ffff0000019f","element-6066-11e4-a52e-4f735466cecf":"00000000-0000-0058-ffff-ffff0000019f"}}
2022-10-14 11:52:26:257 [W3C (7c312bd2)] Responding to client with driver.findElement() result: {"element-6066-11e4-a52e-4f735466cecf":"00000000-0000-0058-ffff-ffff0000019f","ELEMENT":"00000000-0000-0058-ffff-ffff0000019f"}
2022-10-14 11:52:26:257 [HTTP] <-- POST /wd/hub/session/7c312bd2-2690-4b28-a7e9-859766cff76c/element 200 59 ms - 137
2022-10-14 11:52:26:257 [HTTP] 
2022-10-14 11:52:26:262 [HTTP] --> POST /wd/hub/session/7c312bd2-2690-4b28-a7e9-859766cff76c/element/00000000-0000-0058-ffff-ffff0000019f/click
2022-10-14 11:52:26:262 [HTTP] {"id":"00000000-0000-0058-ffff-ffff0000019f"}
2022-10-14 11:52:26:263 [W3C (7c312bd2)] Calling AppiumDriver.click() with args: ["00000000-0000-0058-ffff-ffff0000019f","7c312bd2-2690-4b28-a7e9-859766cff76c"]
2022-10-14 11:52:26:263 [WD Proxy] Matched '/element/00000000-0000-0058-ffff-ffff0000019f/click' to command name 'click'
2022-10-14 11:52:26:263 [WD Proxy] Proxying [POST /element/00000000-0000-0058-ffff-ffff0000019f/click] to [POST http://127.0.0.1:8203/wd/hub/session/9ef7ea6f-46b3-4bac-a4d8-b4d1ffb71a7d/element/00000000-0000-0058-ffff-ffff0000019f/click] with body: {"element":"00000000-0000-0058-ffff-ffff0000019f"}
2022-10-14 11:52:27:733 [WD Proxy] Got response with status 200: {"sessionId":"9ef7ea6f-46b3-4bac-a4d8-b4d1ffb71a7d","value":null}
2022-10-14 11:52:27:733 [W3C (7c312bd2)] Responding to client with driver.click() result: null
2022-10-14 11:52:27:734 [HTTP] <-- POST /wd/hub/session/7c312bd2-2690-4b28-a7e9-859766cff76c/element/00000000-0000-0058-ffff-ffff0000019f/click 200 1472 ms - 14
2022-10-14 11:52:27:734 [HTTP] 
2022-10-14 11:52:27:739 [HTTP] --> POST /wd/hub/session/7c312bd2-2690-4b28-a7e9-859766cff76c/element
2022-10-14 11:52:27:740 [HTTP] {"using":"id","value":"com.mandir:id/nav_view"}
2022-10-14 11:52:27:741 [W3C (7c312bd2)] Calling AppiumDriver.findElement() with args: ["id","com.mandir:id/nav_view","7c312bd2-2690-4b28-a7e9-859766cff76c"]
2022-10-14 11:52:27:742 [BaseDriver] Valid locator strategies for this request: xpath, id, class name, accessibility id, css selector, -android uiautomator
2022-10-14 11:52:27:742 [BaseDriver] Waiting up to 50000 ms for condition
2022-10-14 11:52:27:743 [WD Proxy] Matched '/element' to command name 'findElement'
2022-10-14 11:52:27:743 [WD Proxy] Proxying [POST /element] to [POST http://127.0.0.1:8203/wd/hub/session/9ef7ea6f-46b3-4bac-a4d8-b4d1ffb71a7d/element] with body: {"strategy":"id","selector":"com.mandir:id/nav_view","context":"","multiple":false}
2022-10-14 11:52:29:980 [WD Proxy] Got response with status 200: {"sessionId":"9ef7ea6f-46b3-4bac-a4d8-b4d1ffb71a7d","value":{"ELEMENT":"00000000-0000-0058-ffff-ffff00000015","element-6066-11e4-a52e-4f735466cecf":"00000000-0000-0058-ffff-ffff00000015"}}
2022-10-14 11:52:29:981 [W3C (7c312bd2)] Responding to client with driver.findElement() result: {"element-6066-11e4-a52e-4f735466cecf":"00000000-0000-0058-ffff-ffff00000015","ELEMENT":"00000000-0000-0058-ffff-ffff00000015"}
2022-10-14 11:52:29:982 [HTTP] <-- POST /wd/hub/session/7c312bd2-2690-4b28-a7e9-859766cff76c/element 200 2242 ms - 137
2022-10-14 11:52:29:982 [HTTP] 
2022-10-14 11:52:29:987 [HTTP] --> POST /wd/hub/session/7c312bd2-2690-4b28-a7e9-859766cff76c/element
2022-10-14 11:52:29:987 [HTTP] {"using":"id","value":"com.mandir:id/nav_view"}
2022-10-14 11:52:29:988 [W3C (7c312bd2)] Calling AppiumDriver.findElement() with args: ["id","com.mandir:id/nav_view","7c312bd2-2690-4b28-a7e9-859766cff76c"]
2022-10-14 11:52:29:988 [BaseDriver] Valid locator strategies for this request: xpath, id, class name, accessibility id, css selector, -android uiautomator
2022-10-14 11:52:29:988 [BaseDriver] Waiting up to 50000 ms for condition
2022-10-14 11:52:29:989 [WD Proxy] Matched '/element' to command name 'findElement'
2022-10-14 11:52:29:989 [WD Proxy] Proxying [POST /element] to [POST http://127.0.0.1:8203/wd/hub/session/9ef7ea6f-46b3-4bac-a4d8-b4d1ffb71a7d/element] with body: {"strategy":"id","selector":"com.mandir:id/nav_view","context":"","multiple":false}
2022-10-14 11:52:32:199 [WD Proxy] Got response with status 200: {"sessionId":"9ef7ea6f-46b3-4bac-a4d8-b4d1ffb71a7d","value":{"ELEMENT":"00000000-0000-0058-ffff-ffff00000015","element-6066-11e4-a52e-4f735466cecf":"00000000-0000-0058-ffff-ffff00000015"}}
2022-10-14 11:52:32:199 [W3C (7c312bd2)] Responding to client with driver.findElement() result: {"element-6066-11e4-a52e-4f735466cecf":"00000000-0000-0058-ffff-ffff00000015","ELEMENT":"00000000-0000-0058-ffff-ffff00000015"}
2022-10-14 11:52:32:200 [HTTP] <-- POST /wd/hub/session/7c312bd2-2690-4b28-a7e9-859766cff76c/element 200 2212 ms - 137
2022-10-14 11:52:32:200 [HTTP] 
2022-10-14 11:52:32:203 [HTTP] --> GET /wd/hub/session/7c312bd2-2690-4b28-a7e9-859766cff76c/element/00000000-0000-0058-ffff-ffff00000015/displayed
2022-10-14 11:52:32:204 [HTTP] {}
2022-10-14 11:52:32:205 [W3C (7c312bd2)] Calling AppiumDriver.elementDisplayed() with args: ["00000000-0000-0058-ffff-ffff00000015","7c312bd2-2690-4b28-a7e9-859766cff76c"]
2022-10-14 11:52:32:207 [WD Proxy] Matched '/element/00000000-0000-0058-ffff-ffff00000015/attribute/displayed' to command name 'getAttribute'
2022-10-14 11:52:32:207 [WD Proxy] Proxying [GET /element/00000000-0000-0058-ffff-ffff00000015/attribute/displayed] to [GET http://127.0.0.1:8203/wd/hub/session/9ef7ea6f-46b3-4bac-a4d8-b4d1ffb71a7d/element/00000000-0000-0058-ffff-ffff00000015/attribute/displayed] with no body
2022-10-14 11:52:32:331 [WD Proxy] Got response with status 200: {"sessionId":"9ef7ea6f-46b3-4bac-a4d8-b4d1ffb71a7d","value":"true"}
2022-10-14 11:52:32:331 [W3C (7c312bd2)] Responding to client with driver.elementDisplayed() result: true
2022-10-14 11:52:32:332 [HTTP] <-- GET /wd/hub/session/7c312bd2-2690-4b28-a7e9-859766cff76c/element/00000000-0000-0058-ffff-ffff00000015/displayed 200 129 ms - 14
2022-10-14 11:52:32:333 [HTTP] 
2022-10-14 11:52:32:339 [HTTP] --> POST /wd/hub/session/7c312bd2-2690-4b28-a7e9-859766cff76c/element
2022-10-14 11:52:32:340 [HTTP] {"using":"id","value":"com.mandir:id/nav_view"}
2022-10-14 11:52:32:340 [W3C (7c312bd2)] Calling AppiumDriver.findElement() with args: ["id","com.mandir:id/nav_view","7c312bd2-2690-4b28-a7e9-859766cff76c"]
2022-10-14 11:52:32:340 [BaseDriver] Valid locator strategies for this request: xpath, id, class name, accessibility id, css selector, -android uiautomator
2022-10-14 11:52:32:341 [BaseDriver] Waiting up to 50000 ms for condition
2022-10-14 11:52:32:341 [WD Proxy] Matched '/element' to command name 'findElement'
2022-10-14 11:52:32:341 [WD Proxy] Proxying [POST /element] to [POST http://127.0.0.1:8203/wd/hub/session/9ef7ea6f-46b3-4bac-a4d8-b4d1ffb71a7d/element] with body: {"strategy":"id","selector":"com.mandir:id/nav_view","context":"","multiple":false}
2022-10-14 11:52:33:762 [WD Proxy] Got response with status 200: {"sessionId":"9ef7ea6f-46b3-4bac-a4d8-b4d1ffb71a7d","value":{"ELEMENT":"00000000-0000-0058-ffff-ffff00000015","element-6066-11e4-a52e-4f735466cecf":"00000000-0000-0058-ffff-ffff00000015"}}
2022-10-14 11:52:33:763 [W3C (7c312bd2)] Responding to client with driver.findElement() result: {"element-6066-11e4-a52e-4f735466cecf":"00000000-0000-0058-ffff-ffff00000015","ELEMENT":"00000000-0000-0058-ffff-ffff00000015"}
2022-10-14 11:52:33:763 [HTTP] <-- POST /wd/hub/session/7c312bd2-2690-4b28-a7e9-859766cff76c/element 200 1424 ms - 137
2022-10-14 11:52:33:763 [HTTP] 
2022-10-14 11:52:33:767 [HTTP] --> GET /wd/hub/session/7c312bd2-2690-4b28-a7e9-859766cff76c/element/00000000-0000-0058-ffff-ffff00000015/displayed
2022-10-14 11:52:33:767 [HTTP] {}
2022-10-14 11:52:33:767 [W3C (7c312bd2)] Calling AppiumDriver.elementDisplayed() with args: ["00000000-0000-0058-ffff-ffff00000015","7c312bd2-2690-4b28-a7e9-859766cff76c"]
2022-10-14 11:52:33:768 [WD Proxy] Matched '/element/00000000-0000-0058-ffff-ffff00000015/attribute/displayed' to command name 'getAttribute'
2022-10-14 11:52:33:768 [WD Proxy] Proxying [GET /element/00000000-0000-0058-ffff-ffff00000015/attribute/displayed] to [GET http://127.0.0.1:8203/wd/hub/session/9ef7ea6f-46b3-4bac-a4d8-b4d1ffb71a7d/element/00000000-0000-0058-ffff-ffff00000015/attribute/displayed] with no body
2022-10-14 11:52:33:785 [WD Proxy] Got response with status 200: {"sessionId":"9ef7ea6f-46b3-4bac-a4d8-b4d1ffb71a7d","value":"true"}
2022-10-14 11:52:33:786 [W3C (7c312bd2)] Responding to client with driver.elementDisplayed() result: true
2022-10-14 11:52:33:786 [HTTP] <-- GET /wd/hub/session/7c312bd2-2690-4b28-a7e9-859766cff76c/element/00000000-0000-0058-ffff-ffff00000015/displayed 200 19 ms - 14
2022-10-14 11:52:33:786 [HTTP] 
2022-10-14 11:52:33:794 [HTTP] --> POST /wd/hub/session/7c312bd2-2690-4b28-a7e9-859766cff76c/appium/app/close
2022-10-14 11:52:33:794 [HTTP] {}
2022-10-14 11:52:33:807 [W3C (7c312bd2)] Calling AppiumDriver.closeApp() with args: ["7c312bd2-2690-4b28-a7e9-859766cff76c"]
2022-10-14 11:52:33:808 [ADB] Running 'C:\Users\Shilpa\AppData\Local\Android\Sdk\platform-tools\adb.exe -P 5037 -s emulator-5554 shell am force-stop com.mandir'
2022-10-14 11:52:34:024 [W3C (7c312bd2)] Responding to client with driver.closeApp() result: null
2022-10-14 11:52:34:025 [HTTP] <-- POST /wd/hub/session/7c312bd2-2690-4b28-a7e9-859766cff76c/appium/app/close 200 231 ms - 14
2022-10-14 11:52:34:025 [HTTP] 
