2022-10-21 08:08:51:324 [Appium] Welcome to Appium v1.22.3
2022-10-21 08:08:51:325 [Appium] Non-default server args:
2022-10-21 08:08:51:326 [Appium]   address: 127.0.0.1
2022-10-21 08:08:51:326 [Appium]   port: 25384
2022-10-21 08:08:51:326 [Appium]   logFile: C:\Users\Shilpa\Documents\New_Sri_Mandir\SRI_MANDIR(Different languages)\.\ServerLogs\appiumSriMandirVerifySujav9.log
2022-10-21 08:08:51:359 [Appium] Appium REST http interface listener started on 127.0.0.1:25384
2022-10-21 08:08:51:535 [HTTP] --> GET /wd/hub/status
2022-10-21 08:08:51:535 [HTTP] {}
2022-10-21 08:08:51:537 [GENERIC] Calling AppiumDriver.getStatus() with args: []
2022-10-21 08:08:51:538 [GENERIC] Responding to client with driver.getStatus() result: {"build":{"version":"1.22.3"}}
2022-10-21 08:08:51:543 [HTTP] <-- GET /wd/hub/status 200 6 ms - 68
2022-10-21 08:08:51:543 [HTTP] 
2022-10-21 08:08:52:640 [HTTP] --> POST /wd/hub/session
2022-10-21 08:08:52:641 [HTTP] {"desiredCapabilities":{"app":"./src/main/java/resources/app-debug-3.8.0.apk","noReset":true,"automationName":"UiAutomator2","autoGrantPermissions":true,"platformName":"Android","udid":"emulator-5554","platform":"ANDROID"},"capabilities":{"firstMatch":[{"appium:app":"./src/main/java/resources/app-debug-3.8.0.apk","appium:autoGrantPermissions":true,"appium:automationName":"UiAutomator2","appium:noReset":true,"platform":"ANDROID","platformName":"android","appium:udid":"emulator-5554"}]}}
2022-10-21 08:08:52:642 [W3C] Calling AppiumDriver.createSession() with args: [{"app":"./src/main/java/resources/app-debug-3.8.0.apk","noReset":true,"automationName":"UiAutomator2","autoGrantPermissions":true,"platformName":"Android","udid":"emulator-5554","platform":"ANDROID"},null,{"firstMatch":[{"appium:app":"./src/main/java/resources/app-debug-3.8.0.apk","appium:autoGrantPermissions":true,"appium:automationName":"UiAutomator2","appium:noReset":true,"platform":"ANDROID","platformName":"android","appium:udid":"emulator-5554"}]}]
2022-10-21 08:08:52:643 [BaseDriver] Event 'newSessionRequested' logged at 1666339732642 (13:38:52 GMT+0530 (India Standard Time))
2022-10-21 08:08:52:649 [BaseDriver] The following capabilities are not standard capabilities and should have an extension prefix:
2022-10-21 08:08:52:649 [BaseDriver]   platform
2022-10-21 08:08:52:960 [Appium] Appium v1.22.3 creating new AndroidUiautomator2Driver (v1.70.1) session
2022-10-21 08:08:52:967 [BaseDriver] W3C capabilities and MJSONWP desired capabilities were provided
2022-10-21 08:08:52:968 [BaseDriver] Creating session with W3C capabilities: {
2022-10-21 08:08:52:969 [BaseDriver]   "alwaysMatch": {
2022-10-21 08:08:52:969 [BaseDriver]     "appium:platform": "ANDROID",
2022-10-21 08:08:52:969 [BaseDriver]     "platformName": "android",
2022-10-21 08:08:52:969 [BaseDriver]     "appium:app": "./src/main/java/resources/app-debug-3.8.0.apk",
2022-10-21 08:08:52:970 [BaseDriver]     "appium:autoGrantPermissions": true,
2022-10-21 08:08:52:970 [BaseDriver]     "appium:automationName": "UiAutomator2",
2022-10-21 08:08:52:970 [BaseDriver]     "appium:noReset": true,
2022-10-21 08:08:52:970 [BaseDriver]     "appium:udid": "emulator-5554"
2022-10-21 08:08:52:971 [BaseDriver]   },
2022-10-21 08:08:52:971 [BaseDriver]   "firstMatch": [
2022-10-21 08:08:52:971 [BaseDriver]     {}
2022-10-21 08:08:52:971 [BaseDriver]   ]
2022-10-21 08:08:52:972 [BaseDriver] }
2022-10-21 08:08:52:989 [BaseDriver] The following capabilities were provided, but are not recognized by Appium:
2022-10-21 08:08:52:989 [BaseDriver]   platform
2022-10-21 08:08:52:992 [BaseDriver] Session created with session id: b806f491-30c2-4a6c-8ad8-f52c2f6d9d71
2022-10-21 08:08:52:999 [BaseDriver] Using local app './src/main/java/resources/app-debug-3.8.0.apk'
2022-10-21 08:08:52:999 [BaseDriver] The current application path './src/main/java/resources/app-debug-3.8.0.apk' is not absolute and has been rewritten to 'C:\Users\Shilpa\Documents\New_Sri_Mandir\SRI_MANDIR(Different languages)\src\main\java\resources\app-debug-3.8.0.apk'. Consider using absolute paths rather than relative
2022-10-21 08:08:53:000 [UiAutomator2] Checking whether app is actually present
2022-10-21 08:08:53:070 [ADB] Found 2 'build-tools' folders under 'C:\Users\Shilpa\AppData\Local\Android\Sdk' (newest first):
2022-10-21 08:08:53:070 [ADB]     C:/Users/Shilpa/AppData/Local/Android/Sdk/build-tools/33.0.0
2022-10-21 08:08:53:070 [ADB]     C:/Users/Shilpa/AppData/Local/Android/Sdk/build-tools/30.0.3
2022-10-21 08:08:53:072 [ADB] Using 'adb.exe' from 'C:\Users\Shilpa\AppData\Local\Android\Sdk\platform-tools\adb.exe'
2022-10-21 08:08:53:073 [ADB] Running 'C:\Users\Shilpa\AppData\Local\Android\Sdk\platform-tools\adb.exe -P 5037 start-server'
2022-10-21 08:08:53:126 [AndroidDriver] Retrieving device list
2022-10-21 08:08:53:127 [ADB] Trying to find a connected android device
2022-10-21 08:08:53:128 [ADB] Getting connected devices
2022-10-21 08:08:53:174 [ADB] Connected devices: [{"udid":"emulator-5554","state":"device"}]
2022-10-21 08:08:53:175 [AndroidDriver] Using device: emulator-5554
2022-10-21 08:08:53:180 [ADB] Using 'adb.exe' from 'C:\Users\Shilpa\AppData\Local\Android\Sdk\platform-tools\adb.exe'
2022-10-21 08:08:53:180 [ADB] Running 'C:\Users\Shilpa\AppData\Local\Android\Sdk\platform-tools\adb.exe -P 5037 start-server'
2022-10-21 08:08:53:225 [ADB] Setting device id to emulator-5554
2022-10-21 08:08:53:227 [ADB] Running 'C:\Users\Shilpa\AppData\Local\Android\Sdk\platform-tools\adb.exe -P 5037 -s emulator-5554 shell getprop ro.build.version.sdk'
2022-10-21 08:08:53:280 [ADB] Current device property 'ro.build.version.sdk': 31
2022-10-21 08:08:53:281 [ADB] Getting device platform version
2022-10-21 08:08:53:282 [ADB] Running 'C:\Users\Shilpa\AppData\Local\Android\Sdk\platform-tools\adb.exe -P 5037 -s emulator-5554 shell getprop ro.build.version.release'
2022-10-21 08:08:53:364 [ADB] Current device property 'ro.build.version.release': 12
2022-10-21 08:08:53:365 [ADB] Device API level: 31
2022-10-21 08:08:53:365 [UiAutomator2] Relaxing hidden api policy
2022-10-21 08:08:53:367 [ADB] Running 'C:\Users\Shilpa\AppData\Local\Android\Sdk\platform-tools\adb.exe -P 5037 -s emulator-5554 shell 'settings put global hidden_api_policy_pre_p_apps 1;settings put global hidden_api_policy_p_apps 1;settings put global hidden_api_policy 1''
2022-10-21 08:08:53:521 [AndroidDriver] Parsing package and activity from app manifest
2022-10-21 08:08:53:641 [ADB] Package name: 'com.mandir'
2022-10-21 08:08:53:641 [ADB] Main activity name: 'com.mandir.ui.activity.SplashActivity'
2022-10-21 08:08:53:642 [AndroidDriver] Parsed package and activity are: com.mandir/com.mandir.ui.activity.SplashActivity
2022-10-21 08:08:53:644 [ADB] Running 'C:\Users\Shilpa\AppData\Local\Android\Sdk\platform-tools\adb.exe -P 5037 -s emulator-5554 wait-for-device'
2022-10-21 08:08:53:678 [ADB] Running 'C:\Users\Shilpa\AppData\Local\Android\Sdk\platform-tools\adb.exe -P 5037 -s emulator-5554 shell echo ping'
2022-10-21 08:08:53:738 [AndroidDriver] Pushing settings apk to device...
2022-10-21 08:08:53:741 [ADB] Getting install status for io.appium.settings
2022-10-21 08:08:53:741 [ADB] Running 'C:\Users\Shilpa\AppData\Local\Android\Sdk\platform-tools\adb.exe -P 5037 -s emulator-5554 shell dumpsys package io.appium.settings'
2022-10-21 08:08:54:586 [ADB] 'io.appium.settings' is installed
2022-10-21 08:08:54:587 [ADB] Getting package info for 'io.appium.settings'
2022-10-21 08:08:54:588 [ADB] Running 'C:\Users\Shilpa\AppData\Local\Android\Sdk\platform-tools\adb.exe -P 5037 -s emulator-5554 shell dumpsys package io.appium.settings'
2022-10-21 08:08:54:714 [ADB] The version name of the installed 'io.appium.settings' is greater or equal to the application version name ('3.4.0' >= '3.4.0')
2022-10-21 08:08:54:715 [ADB] There is no need to install/upgrade 'C:\Users\Shilpa\AppData\Roaming\npm\node_modules\appium\node_modules\io.appium.settings\apks\settings_apk-debug.apk'
2022-10-21 08:08:54:717 [ADB] Getting IDs of all 'io.appium.settings' processes
2022-10-21 08:08:54:718 [ADB] Running 'C:\Users\Shilpa\AppData\Local\Android\Sdk\platform-tools\adb.exe -P 5037 -s emulator-5554 shell 'pgrep --help; echo $?''
2022-10-21 08:08:54:803 [ADB] Running 'C:\Users\Shilpa\AppData\Local\Android\Sdk\platform-tools\adb.exe -P 5037 -s emulator-5554 shell pgrep -f \(\[\[:blank:\]\]\|\^\)io\.appium\.settings\(\[\[:blank:\]\]\|\$\)'
2022-10-21 08:08:54:922 [AndroidDriver] io.appium.settings is already running. There is no need to reset its permissions.
2022-10-21 08:08:54:925 [Logcat] Starting logs capture with command: C:\\Users\\Shilpa\\AppData\\Local\\Android\\Sdk\\platform-tools\\adb.exe -P 5037 -s emulator-5554 logcat -v threadtime
2022-10-21 08:08:55:002 [UiAutomator2] Forwarding UiAutomator2 Server port 6790 to local port 8207
2022-10-21 08:08:55:003 [ADB] Forwarding system: 8207 to device: 6790
2022-10-21 08:08:55:004 [ADB] Running 'C:\Users\Shilpa\AppData\Local\Android\Sdk\platform-tools\adb.exe -P 5037 -s emulator-5554 forward tcp:8207 tcp:6790'
2022-10-21 08:08:55:039 [ADB] Getting install status for io.appium.uiautomator2.server
2022-10-21 08:08:55:039 [ADB] Running 'C:\Users\Shilpa\AppData\Local\Android\Sdk\platform-tools\adb.exe -P 5037 -s emulator-5554 shell dumpsys package io.appium.uiautomator2.server'
2022-10-21 08:08:55:162 [ADB] 'io.appium.uiautomator2.server' is installed
2022-10-21 08:08:55:163 [ADB] Getting package info for 'io.appium.uiautomator2.server'
2022-10-21 08:08:55:163 [ADB] Running 'C:\Users\Shilpa\AppData\Local\Android\Sdk\platform-tools\adb.exe -P 5037 -s emulator-5554 shell dumpsys package io.appium.uiautomator2.server'
2022-10-21 08:08:55:649 [ADB] The version name of the installed 'io.appium.uiautomator2.server' is greater or equal to the application version name ('4.27.0' >= '4.27.0')
2022-10-21 08:08:55:649 [UiAutomator2] io.appium.uiautomator2.server installation state: sameVersionInstalled
2022-10-21 08:08:55:650 [ADB] Checking app cert for C:\Users\Shilpa\AppData\Roaming\npm\node_modules\appium\node_modules\appium-uiautomator2-server\apks\appium-uiautomator2-server-v4.27.0.apk
2022-10-21 08:08:55:701 [ADB] Using 'apksigner.jar' from 'C:\Users\Shilpa\AppData\Local\Android\Sdk\build-tools\33.0.0\lib\apksigner.jar'
2022-10-21 08:08:55:707 [ADB] Starting apksigner: 'C:\\Program Files\\Java\\jdk1.8.0_291\\bin\\java.exe' -Xmx1024M -Xss1m -jar C:\\Users\\Shilpa\\AppData\\Local\\Android\\Sdk\\build-tools\\33.0.0\\lib\\apksigner.jar verify --print-certs C:\\Users\\Shilpa\\AppData\\Roaming\\npm\\node_modules\\appium\\node_modules\\appium-uiautomator2-server\\apks\\appium-uiautomator2-server-v4.27.0.apk
2022-10-21 08:08:56:810 [ADB] apksigner stdout: Signer #1 certificate DN: EMAILADDRESS=android@android.com, CN=Android, OU=Android, O=Android, L=Mountain View, ST=California, C=US
2022-10-21 08:08:56:810 [ADB] Signer #1 certificate SHA-256 digest: a40da80a59d170caa950cf15c18c454d47a39b26989d8b640ecd745ba71bf5dc
2022-10-21 08:08:56:811 [ADB] Signer #1 certificate SHA-1 digest: 61ed377e85d386a8dfee6b864bd85b0bfaa5af81
2022-10-21 08:08:56:811 [ADB] Signer #1 certificate MD5 digest: e89b158e4bcf988ebd09eb83f5378e87
2022-10-21 08:08:56:811 [ADB] 
2022-10-21 08:08:56:813 [ADB] sha256 hash did match for 'appium-uiautomator2-server-v4.27.0.apk'
2022-10-21 08:08:56:813 [ADB] 'C:\Users\Shilpa\AppData\Roaming\npm\node_modules\appium\node_modules\appium-uiautomator2-server\apks\appium-uiautomator2-server-v4.27.0.apk' is signed with the default certificate
2022-10-21 08:08:56:814 [ADB] Getting install status for io.appium.uiautomator2.server.test
2022-10-21 08:08:56:814 [ADB] Running 'C:\Users\Shilpa\AppData\Local\Android\Sdk\platform-tools\adb.exe -P 5037 -s emulator-5554 shell dumpsys package io.appium.uiautomator2.server.test'
2022-10-21 08:08:56:914 [ADB] 'io.appium.uiautomator2.server.test' is installed
2022-10-21 08:08:56:914 [ADB] Checking app cert for C:\Users\Shilpa\AppData\Roaming\npm\node_modules\appium\node_modules\appium-uiautomator2-server\apks\appium-uiautomator2-server-debug-androidTest.apk
2022-10-21 08:08:56:921 [ADB] Starting apksigner: 'C:\\Program Files\\Java\\jdk1.8.0_291\\bin\\java.exe' -Xmx1024M -Xss1m -jar C:\\Users\\Shilpa\\AppData\\Local\\Android\\Sdk\\build-tools\\33.0.0\\lib\\apksigner.jar verify --print-certs C:\\Users\\Shilpa\\AppData\\Roaming\\npm\\node_modules\\appium\\node_modules\\appium-uiautomator2-server\\apks\\appium-uiautomator2-server-debug-androidTest.apk
2022-10-21 08:08:57:346 [ADB] apksigner stdout: Signer #1 certificate DN: EMAILADDRESS=android@android.com, CN=Android, OU=Android, O=Android, L=Mountain View, ST=California, C=US
2022-10-21 08:08:57:346 [ADB] Signer #1 certificate SHA-256 digest: a40da80a59d170caa950cf15c18c454d47a39b26989d8b640ecd745ba71bf5dc
2022-10-21 08:08:57:346 [ADB] Signer #1 certificate SHA-1 digest: 61ed377e85d386a8dfee6b864bd85b0bfaa5af81
2022-10-21 08:08:57:346 [ADB] Signer #1 certificate MD5 digest: e89b158e4bcf988ebd09eb83f5378e87
2022-10-21 08:08:57:347 [ADB] 
2022-10-21 08:08:57:347 [ADB] sha256 hash did match for 'appium-uiautomator2-server-debug-androidTest.apk'
2022-10-21 08:08:57:347 [ADB] 'C:\Users\Shilpa\AppData\Roaming\npm\node_modules\appium\node_modules\appium-uiautomator2-server\apks\appium-uiautomator2-server-debug-androidTest.apk' is signed with the default certificate
2022-10-21 08:08:57:348 [UiAutomator2] Server packages are not going to be (re)installed
2022-10-21 08:08:57:353 [UiAutomator2] Waiting up to 30000ms for services to be available
2022-10-21 08:08:57:354 [ADB] Running 'C:\Users\Shilpa\AppData\Local\Android\Sdk\platform-tools\adb.exe -P 5037 -s emulator-5554 shell pm list instrumentation'
2022-10-21 08:08:57:419 [UiAutomator2] Instrumentation target 'io.appium.uiautomator2.server.test/androidx.test.runner.AndroidJUnitRunner' is available
2022-10-21 08:08:57:426 [ADB] Adding packages ["io.appium.settings","io.appium.uiautomator2.server","io.appium.uiautomator2.server.test"] to Doze whitelist
2022-10-21 08:08:57:427 [ADB] Got the following command chunks to execute: [["dumpsys","deviceidle","whitelist","+io.appium.settings",";","dumpsys","deviceidle","whitelist","+io.appium.uiautomator2.server",";","dumpsys","deviceidle","whitelist","+io.appium.uiautomator2.server.test",";"]]
2022-10-21 08:08:57:427 [ADB] Running 'C:\Users\Shilpa\AppData\Local\Android\Sdk\platform-tools\adb.exe -P 5037 -s emulator-5554 shell dumpsys deviceidle whitelist +io.appium.settings ; dumpsys deviceidle whitelist +io.appium.uiautomator2.server ; dumpsys deviceidle whitelist +io.appium.uiautomator2.server.test ;'
2022-10-21 08:08:57:557 [ADB] Checking app cert for C:\Users\Shilpa\Documents\New_Sri_Mandir\SRI_MANDIR(Different languages)\src\main\java\resources\app-debug-3.8.0.apk
2022-10-21 08:08:58:090 [ADB] Starting apksigner: 'C:\\Program Files\\Java\\jdk1.8.0_291\\bin\\java.exe' -Xmx1024M -Xss1m -jar C:\\Users\\Shilpa\\AppData\\Local\\Android\\Sdk\\build-tools\\33.0.0\\lib\\apksigner.jar verify --print-certs 'C:\\Users\\Shilpa\\Documents\\New_Sri_Mandir\\SRI_MANDIR(Different languages)\\src\\main\\java\\resources\\app-debug-3.8.0.apk'
2022-10-21 08:09:04:163 [ADB] apksigner stdout: Signer #1 certificate DN: C=US, O=Android, CN=Android Debug
2022-10-21 08:09:04:163 [ADB] Signer #1 certificate SHA-256 digest: ffe3f74dd4b99b12dd63d207a90d1eb840869ef6f0303daaab8485d82cc377d0
2022-10-21 08:09:04:163 [ADB] Signer #1 certificate SHA-1 digest: d61e3b86f3eece241d9e58fa90b8a2e151b8685a
2022-10-21 08:09:04:164 [ADB] Signer #1 certificate MD5 digest: c57e6882d4d2db60bf329c1ab6c9a33c
2022-10-21 08:09:04:164 [ADB] 
2022-10-21 08:09:04:164 [ADB] 'C:\Users\Shilpa\Documents\New_Sri_Mandir\SRI_MANDIR(Different languages)\src\main\java\resources\app-debug-3.8.0.apk' is signed with a non-default certificate
2022-10-21 08:09:04:166 [ADB] Getting install status for com.mandir
2022-10-21 08:09:04:166 [ADB] Running 'C:\Users\Shilpa\AppData\Local\Android\Sdk\platform-tools\adb.exe -P 5037 -s emulator-5554 shell dumpsys package com.mandir'
2022-10-21 08:09:04:292 [ADB] 'com.mandir' is installed
2022-10-21 08:09:04:292 [ADB] Getting package info for 'com.mandir'
2022-10-21 08:09:04:292 [ADB] Running 'C:\Users\Shilpa\AppData\Local\Android\Sdk\platform-tools\adb.exe -P 5037 -s emulator-5554 shell dumpsys package com.mandir'
2022-10-21 08:09:04:416 [ADB] The version name of the installed 'com.mandir' is greater or equal to the application version name ('3.7.5' >= '3.7.5')
2022-10-21 08:09:04:417 [ADB] There is no need to install/upgrade 'C:\Users\Shilpa\Documents\New_Sri_Mandir\SRI_MANDIR(Different languages)\src\main\java\resources\app-debug-3.8.0.apk'
2022-10-21 08:09:04:419 [UiAutomator2] Performing shallow cleanup of automation leftovers
2022-10-21 08:09:04:490 [UiAutomator2] The following obsolete sessions are still running: ["94a67418-bb9c-4145-a31b-300735af73a5"]
2022-10-21 08:09:04:493 [UiAutomator2] Cleaning up 1 obsolete session
2022-10-21 08:09:05:547 [ADB] Running 'C:\Users\Shilpa\AppData\Local\Android\Sdk\platform-tools\adb.exe -P 5037 -s emulator-5554 shell am force-stop io.appium.uiautomator2.server.test'
2022-10-21 08:09:05:642 [UiAutomator2] Starting UIAutomator2 server 4.27.0
2022-10-21 08:09:05:642 [UiAutomator2] Using UIAutomator2 server from 'C:\Users\Shilpa\AppData\Roaming\npm\node_modules\appium\node_modules\appium-uiautomator2-server\apks\appium-uiautomator2-server-v4.27.0.apk' and test from 'C:\Users\Shilpa\AppData\Roaming\npm\node_modules\appium\node_modules\appium-uiautomator2-server\apks\appium-uiautomator2-server-debug-androidTest.apk'
2022-10-21 08:09:05:642 [UiAutomator2] Waiting up to 30000ms for UiAutomator2 to be online...
2022-10-21 08:09:05:644 [ADB] Creating ADB subprocess with args: ["-P",5037,"-s","emulator-5554","shell","am","instrument","-w","-e","disableAnalytics",true,"io.appium.uiautomator2.server.test/androidx.test.runner.AndroidJUnitRunner"]
2022-10-21 08:09:05:654 [WD Proxy] Matched '/status' to command name 'getStatus'
2022-10-21 08:09:05:657 [WD Proxy] Proxying [GET /status] to [GET http://127.0.0.1:8207/wd/hub/status] with no body
2022-10-21 08:09:05:679 [WD Proxy] socket hang up
2022-10-21 08:09:06:696 [WD Proxy] Matched '/status' to command name 'getStatus'
2022-10-21 08:09:06:697 [WD Proxy] Proxying [GET /status] to [GET http://127.0.0.1:8207/wd/hub/status] with no body
2022-10-21 08:09:06:708 [WD Proxy] socket hang up
2022-10-21 08:09:06:777 [Instrumentation] io.appium.uiautomator2.server.test.AppiumUiAutomator2Server:
2022-10-21 08:09:07:722 [WD Proxy] Matched '/status' to command name 'getStatus'
2022-10-21 08:09:07:723 [WD Proxy] Proxying [GET /status] to [GET http://127.0.0.1:8207/wd/hub/status] with no body
2022-10-21 08:09:07:749 [WD Proxy] socket hang up
2022-10-21 08:09:08:761 [WD Proxy] Matched '/status' to command name 'getStatus'
2022-10-21 08:09:08:762 [WD Proxy] Proxying [GET /status] to [GET http://127.0.0.1:8207/wd/hub/status] with no body
2022-10-21 08:09:09:177 [WD Proxy] Got response with status 200: {"sessionId":"None","value":{"message":"UiAutomator2 Server is ready to accept commands","ready":true}}
2022-10-21 08:09:09:179 [UiAutomator2] The initialization of the instrumentation process took 3536ms
2022-10-21 08:09:09:180 [WD Proxy] Matched '/session' to command name 'createSession'
2022-10-21 08:09:09:181 [WD Proxy] Proxying [POST /session] to [POST http://127.0.0.1:8207/wd/hub/session] with body: {"capabilities":{"firstMatch":[{"platform":"ANDROID","webStorageEnabled":false,"takesScreenshot":true,"javascriptEnabled":true,"databaseEnabled":false,"networkConnectionEnabled":true,"locationContextEnabled":false,"warnings":{},"desired":{"platformName":"android","platform":"ANDROID","app":"./src/main/java/resources/app-debug-3.8.0.apk","autoGrantPermissions":true,"automationName":"UiAutomator2","noReset":true,"udid":"emulator-5554"},"platformName":"android","app":"./src/main/java/resources/app-debug-3.8.0.apk","autoGrantPermissions":true,"automationName":"UiAutomator2","noReset":true,"udid":"emulator-5554","deviceName":"emulator-5554","deviceUDID":"emulator-5554","appPackage":"com.mandir"}],"alwaysMatch":{}}}
2022-10-21 08:09:09:282 [WD Proxy] Got response with status 200: {"sessionId":"a182bf69-1dc8-410f-953a-9cdce5cbee76","value":{"capabilities":{"firstMatch":[{"platform":"ANDROID","webStorageEnabled":false,"takesScreenshot":true,"javascriptEnabled":true,"databaseEnabled":false,"networkConnectionEnabled":true,"locationContextEnabled":false,"warnings":{},"desired":{"platformName":"android","platform":"ANDROID","app":"./src/main/java/resources/app-debug-3.8.0.apk","autoGrantPermissions":true,"automationName":"UiAutomator2","noReset":true,"udid":"emulator-5554"},"platformName":"android","app":"./src/main/java/resources/app-debug-3.8.0.apk","autoGrantPermissions":true,"automationName":"UiAutomator2","noReset":true,"udid":"emulator-5554","deviceName":"emulator-5554","deviceUDID":"emulator-5554","appPackage":"com.mandir"}],"alwaysMatch":{}},"sessionId":"a182bf69-1dc8-410f-953a-9cdce5cbee76"}}
2022-10-21 08:09:09:284 [WD Proxy] Determined the downstream protocol as 'W3C'
2022-10-21 08:09:09:322 [WD Proxy] Proxying [GET /appium/device/info] to [GET http://127.0.0.1:8207/wd/hub/session/a182bf69-1dc8-410f-953a-9cdce5cbee76/appium/device/info] with no body
2022-10-21 08:09:09:418 [WD Proxy] Got response with status 200: {"sessionId":"a182bf69-1dc8-410f-953a-9cdce5cbee76","value":{"androidId":"b679943b0277a210","apiVersion":"31","bluetooth":{"state":"ON"},"brand":"google","carrierName":"T-Mobile","displayDensity":420,"locale":"en_US","manufacturer":"Google","model":"sdk_gphone64_x86_64","networks":[{"capabilities":{"SSID":null,"linkDownBandwidthKbps":4300,"linkUpstreamBandwidthKbps":1800,"networkCapabilities":"NET_CAPABILITY_MMS,NET_CAPABILITY_SUPL,NET_CAPABILITY_DUN,NET_CAPABILITY_FOTA,NET_CAPABILITY_IMS,NET_CAPABILITY_CBS,NET_CAPABILITY_INTERNET,NET_CAPABILITY_NOT_RESTRICTED,NET_CAPABILITY_TRUSTED,NET_CAPABILITY_NOT_VPN,NET_CAPABILITY_VALIDATED,NET_CAPABILITY_NOT_ROAMING,NET_CAPABILITY_NOT_CONGESTED,NET_CAPABILITY_NOT_SUSPENDED","signalStrength":-2147483648,"transportTypes":"TRANSPORT_CELLULAR"},"detailedState":"CONNECTED","extraInfo":"epc.tmobile.com","isAvailable":true,"isConnected":true,"isFailover":false,"isRoaming":false,"state":"CONNECTED","subtype":10,"subtypeName":"HSPA","type":0,"typeName":"MOBILE"},{"capabiliti...
2022-10-21 08:09:09:420 [ADB] Running 'C:\Users\Shilpa\AppData\Local\Android\Sdk\platform-tools\adb.exe -P 5037 -s emulator-5554 shell dumpsys window'
2022-10-21 08:09:09:522 [AndroidDriver] Screen already unlocked, doing nothing
2022-10-21 08:09:09:523 [UiAutomator2] Starting 'com.mandir/com.mandir.ui.activity.SplashActivity and waiting for 'com.mandir/com.mandir.ui.activity.SplashActivity'
2022-10-21 08:09:09:526 [ADB] Running 'C:\Users\Shilpa\AppData\Local\Android\Sdk\platform-tools\adb.exe -P 5037 -s emulator-5554 shell am start -W -n com.mandir/com.mandir.ui.activity.SplashActivity -S -a android.intent.action.MAIN -c android.intent.category.LAUNCHER -f 0x10200000'
2022-10-21 08:09:18:424 [ADB] Waiting up to 20000ms for activity matching pkg: 'com.mandir' and activity: 'com.mandir.ui.activity.SplashActivity' to be focused
2022-10-21 08:09:18:425 [ADB] Possible activities, to be checked: 'com.mandir.ui.activity.SplashActivity', 'com.mandir.com.mandir.ui.activity.SplashActivity'
2022-10-21 08:09:18:427 [ADB] Getting focused package and activity
2022-10-21 08:09:18:427 [ADB] Running 'C:\Users\Shilpa\AppData\Local\Android\Sdk\platform-tools\adb.exe -P 5037 -s emulator-5554 shell dumpsys window displays'
2022-10-21 08:09:18:548 [ADB] Found package: 'com.mandir' and fully qualified activity name : 'com.mandir.ui.activity.SplashActivity'
2022-10-21 08:09:18:551 [WD Proxy] Proxying [GET /appium/device/pixel_ratio] to [GET http://127.0.0.1:8207/wd/hub/session/a182bf69-1dc8-410f-953a-9cdce5cbee76/appium/device/pixel_ratio] with no body
2022-10-21 08:09:18:587 [WD Proxy] Got response with status 200: {"sessionId":"a182bf69-1dc8-410f-953a-9cdce5cbee76","value":2.625}
2022-10-21 08:09:18:590 [WD Proxy] Matched '/appium/device/system_bars' to command name 'getSystemBars'
2022-10-21 08:09:18:590 [WD Proxy] Proxying [GET /appium/device/system_bars] to [GET http://127.0.0.1:8207/wd/hub/session/a182bf69-1dc8-410f-953a-9cdce5cbee76/appium/device/system_bars] with no body
2022-10-21 08:09:18:791 [WD Proxy] Got response with status 200: {"sessionId":"a182bf69-1dc8-410f-953a-9cdce5cbee76","value":{"statusBar":63}}
2022-10-21 08:09:18:793 [WD Proxy] Matched '/window/current/size' to command name 'getWindowSize'
2022-10-21 08:09:18:794 [WD Proxy] Proxying [GET /window/current/size] to [GET http://127.0.0.1:8207/wd/hub/session/a182bf69-1dc8-410f-953a-9cdce5cbee76/window/current/size] with no body
2022-10-21 08:09:18:823 [WD Proxy] Got response with status 200: {"sessionId":"a182bf69-1dc8-410f-953a-9cdce5cbee76","value":{"height":1794,"width":1080}}
2022-10-21 08:09:18:824 [Appium] New AndroidUiautomator2Driver session created successfully, session b806f491-30c2-4a6c-8ad8-f52c2f6d9d71 added to master session list
2022-10-21 08:09:18:825 [BaseDriver] Event 'newSessionStarted' logged at 1666339758825 (13:39:18 GMT+0530 (India Standard Time))
2022-10-21 08:09:18:826 [W3C (b806f491)] Cached the protocol value 'W3C' for the new session b806f491-30c2-4a6c-8ad8-f52c2f6d9d71
2022-10-21 08:09:18:827 [W3C (b806f491)] Responding to client with driver.createSession() result: {"capabilities":{"platform":"ANDROID","webStorageEnabled":false,"takesScreenshot":true,"javascriptEnabled":true,"databaseEnabled":false,"networkConnectionEnabled":true,"locationContextEnabled":false,"warnings":{},"desired":{"platformName":"android","platform":"ANDROID","app":"./src/main/java/resources/app-debug-3.8.0.apk","autoGrantPermissions":true,"automationName":"UiAutomator2","noReset":true,"udid":"emulator-5554"},"platformName":"android","app":"./src/main/java/resources/app-debug-3.8.0.apk","autoGrantPermissions":true,"automationName":"UiAutomator2","noReset":true,"udid":"emulator-5554","deviceName":"emulator-5554","deviceUDID":"emulator-5554","appPackage":"com.mandir","deviceApiLevel":31,"platformVersion":"12","deviceScreenSize":"1080x1920","deviceScreenDensity":420,"deviceModel":"sdk_gphone64_x86_64","deviceManufacturer":"Google","pixelRatio":2.625,"statBarHeight":63,"viewportRect":{"left":0,"top":63,"width":1080,"height":1731}}}
2022-10-21 08:09:18:829 [HTTP] <-- POST /wd/hub/session 200 26188 ms - 1012
2022-10-21 08:09:18:829 [HTTP] 
2022-10-21 08:09:18:925 [HTTP] --> GET /wd/hub/session/b806f491-30c2-4a6c-8ad8-f52c2f6d9d71
2022-10-21 08:09:18:926 [HTTP] {}
2022-10-21 08:09:18:931 [W3C (b806f491)] Calling AppiumDriver.getSession() with args: ["b806f491-30c2-4a6c-8ad8-f52c2f6d9d71"]
2022-10-21 08:09:18:933 [UiAutomator2] Getting session details from server to mix in
2022-10-21 08:09:18:934 [WD Proxy] Matched '/' to command name 'getSession'
2022-10-21 08:09:18:934 [WD Proxy] Proxying [GET /] to [GET http://127.0.0.1:8207/wd/hub/session/a182bf69-1dc8-410f-953a-9cdce5cbee76] with no body
2022-10-21 08:09:18:977 [WD Proxy] Got response with status 200: {"sessionId":"a182bf69-1dc8-410f-953a-9cdce5cbee76","value":{"lastScrollData":null}}
2022-10-21 08:09:18:978 [W3C (b806f491)] Responding to client with driver.getSession() result: {"platform":"ANDROID","webStorageEnabled":false,"takesScreenshot":true,"javascriptEnabled":true,"databaseEnabled":false,"networkConnectionEnabled":true,"locationContextEnabled":false,"warnings":{},"desired":{"platformName":"android","platform":"ANDROID","app":"./src/main/java/resources/app-debug-3.8.0.apk","autoGrantPermissions":true,"automationName":"UiAutomator2","noReset":true,"udid":"emulator-5554"},"platformName":"android","app":"./src/main/java/resources/app-debug-3.8.0.apk","autoGrantPermissions":true,"automationName":"UiAutomator2","noReset":true,"udid":"emulator-5554","deviceName":"emulator-5554","deviceUDID":"emulator-5554","appPackage":"com.mandir","deviceApiLevel":31,"platformVersion":"12","deviceScreenSize":"1080x1920","deviceScreenDensity":420,"deviceModel":"sdk_gphone64_x86_64","deviceManufacturer":"Google","pixelRatio":2.625,"statBarHeight":63,"viewportRect":{"left":0,"top":63,"width":1080,"height":1731},"lastScrollData":null}
2022-10-21 08:09:18:981 [HTTP] <-- GET /wd/hub/session/b806f491-30c2-4a6c-8ad8-f52c2f6d9d71 200 55 ms - 966
2022-10-21 08:09:18:981 [HTTP] 
2022-10-21 08:09:18:992 [HTTP] --> GET /wd/hub/session/b806f491-30c2-4a6c-8ad8-f52c2f6d9d71
2022-10-21 08:09:18:993 [HTTP] {}
2022-10-21 08:09:18:995 [W3C (b806f491)] Calling AppiumDriver.getSession() with args: ["b806f491-30c2-4a6c-8ad8-f52c2f6d9d71"]
2022-10-21 08:09:18:996 [UiAutomator2] Getting session details from server to mix in
2022-10-21 08:09:18:997 [WD Proxy] Matched '/' to command name 'getSession'
2022-10-21 08:09:18:998 [WD Proxy] Proxying [GET /] to [GET http://127.0.0.1:8207/wd/hub/session/a182bf69-1dc8-410f-953a-9cdce5cbee76] with no body
2022-10-21 08:09:19:065 [WD Proxy] Got response with status 200: {"sessionId":"a182bf69-1dc8-410f-953a-9cdce5cbee76","value":{"lastScrollData":null}}
2022-10-21 08:09:19:067 [W3C (b806f491)] Responding to client with driver.getSession() result: {"platform":"ANDROID","webStorageEnabled":false,"takesScreenshot":true,"javascriptEnabled":true,"databaseEnabled":false,"networkConnectionEnabled":true,"locationContextEnabled":false,"warnings":{},"desired":{"platformName":"android","platform":"ANDROID","app":"./src/main/java/resources/app-debug-3.8.0.apk","autoGrantPermissions":true,"automationName":"UiAutomator2","noReset":true,"udid":"emulator-5554"},"platformName":"android","app":"./src/main/java/resources/app-debug-3.8.0.apk","autoGrantPermissions":true,"automationName":"UiAutomator2","noReset":true,"udid":"emulator-5554","deviceName":"emulator-5554","deviceUDID":"emulator-5554","appPackage":"com.mandir","deviceApiLevel":31,"platformVersion":"12","deviceScreenSize":"1080x1920","deviceScreenDensity":420,"deviceModel":"sdk_gphone64_x86_64","deviceManufacturer":"Google","pixelRatio":2.625,"statBarHeight":63,"viewportRect":{"left":0,"top":63,"width":1080,"height":1731},"lastScrollData":null}
2022-10-21 08:09:19:070 [HTTP] <-- GET /wd/hub/session/b806f491-30c2-4a6c-8ad8-f52c2f6d9d71 200 76 ms - 966
2022-10-21 08:09:19:070 [HTTP] 
2022-10-21 08:09:19:087 [HTTP] --> POST /wd/hub/session/b806f491-30c2-4a6c-8ad8-f52c2f6d9d71/timeouts
2022-10-21 08:09:19:087 [HTTP] {"implicit":10000}
2022-10-21 08:09:19:089 [W3C (b806f491)] Calling AppiumDriver.timeouts() with args: [null,null,null,null,10000,"b806f491-30c2-4a6c-8ad8-f52c2f6d9d71"]
2022-10-21 08:09:19:090 [BaseDriver] W3C timeout argument: {"implicit":10000}}
2022-10-21 08:09:19:091 [BaseDriver] Set implicit wait to 10000ms
2022-10-21 08:09:19:091 [W3C (b806f491)] Responding to client with driver.timeouts() result: null
2022-10-21 08:09:19:092 [HTTP] <-- POST /wd/hub/session/b806f491-30c2-4a6c-8ad8-f52c2f6d9d71/timeouts 200 5 ms - 14
2022-10-21 08:09:19:092 [HTTP] 
2022-10-21 08:09:19:183 [HTTP] --> POST /wd/hub/session/b806f491-30c2-4a6c-8ad8-f52c2f6d9d71/element
2022-10-21 08:09:19:183 [HTTP] {"using":"xpath","value":"//android.widget.TextView[@text='महाभंडार']"}
2022-10-21 08:09:19:187 [W3C (b806f491)] Calling AppiumDriver.findElement() with args: ["xpath","//android.widget.TextView[@text='महाभंडार']","b806f491-30c2-4a6c-8ad8-f52c2f6d9d71"]
2022-10-21 08:09:19:188 [BaseDriver] Valid locator strategies for this request: xpath, id, class name, accessibility id, css selector, -android uiautomator
2022-10-21 08:09:19:189 [BaseDriver] Waiting up to 10000 ms for condition
2022-10-21 08:09:19:190 [WD Proxy] Matched '/element' to command name 'findElement'
2022-10-21 08:09:19:190 [WD Proxy] Proxying [POST /element] to [POST http://127.0.0.1:8207/wd/hub/session/a182bf69-1dc8-410f-953a-9cdce5cbee76/element] with body: {"strategy":"xpath","selector":"//android.widget.TextView[@text='महाभंडार']","context":"","multiple":false}
2022-10-21 08:09:26:051 [WD Proxy] Got response with status 404: {"sessionId":"a182bf69-1dc8-410f-953a-9cdce5cbee76","value":{"error":"no such element","message":"An element could not be located on the page using the given search parameters","stacktrace":"io.appium.uiautomator2.common.exceptions.ElementNotFoundException: An element could not be located on the page using the given search parameters\n\tat io.appium.uiautomator2.handler.FindElement.findElement(FindElement.java:90)\n\tat io.appium.uiautomator2.handler.FindElement.safeHandle(FindElement.java:67)\n\tat io.appium.uiautomator2.handler.request.SafeRequestHandler.handle(SafeRequestHandler.java:59)\n\tat io.appium.uiautomator2.server.AppiumServlet.handleRequest(AppiumServlet.java:266)\n\tat io.appium.uiautomator2.server.AppiumServlet.handleHttpRequest(AppiumServlet.java:260)\n\tat io.appium.uiautomator2.http.ServerHandler.channelRead(ServerHandler.java:68)\n\tat io.netty.channel.AbstractChannelHandlerContext.invokeChannelRead(AbstractChannelHandlerContext.java:366)\n\tat io.netty.channel.AbstractChannelHandlerCont...
2022-10-21 08:09:26:053 [W3C] Matched W3C error code 'no such element' to NoSuchElementError
2022-10-21 08:09:26:054 [BaseDriver] Waited for 6865 ms so far
2022-10-21 08:09:26:568 [WD Proxy] Matched '/element' to command name 'findElement'
2022-10-21 08:09:26:569 [WD Proxy] Proxying [POST /element] to [POST http://127.0.0.1:8207/wd/hub/session/a182bf69-1dc8-410f-953a-9cdce5cbee76/element] with body: {"strategy":"xpath","selector":"//android.widget.TextView[@text='महाभंडार']","context":"","multiple":false}
2022-10-21 08:09:34:861 [WD Proxy] Got response with status 200: {"sessionId":"a182bf69-1dc8-410f-953a-9cdce5cbee76","value":{"ELEMENT":"00000000-0000-008b-ffff-ffff00000031","element-6066-11e4-a52e-4f735466cecf":"00000000-0000-008b-ffff-ffff00000031"}}
2022-10-21 08:09:34:864 [W3C (b806f491)] Responding to client with driver.findElement() result: {"element-6066-11e4-a52e-4f735466cecf":"00000000-0000-008b-ffff-ffff00000031","ELEMENT":"00000000-0000-008b-ffff-ffff00000031"}
2022-10-21 08:09:34:865 [HTTP] <-- POST /wd/hub/session/b806f491-30c2-4a6c-8ad8-f52c2f6d9d71/element 200 15682 ms - 137
2022-10-21 08:09:34:866 [HTTP] 
2022-10-21 08:09:34:894 [HTTP] --> GET /wd/hub/session/b806f491-30c2-4a6c-8ad8-f52c2f6d9d71/element/00000000-0000-008b-ffff-ffff00000031/displayed
2022-10-21 08:09:34:894 [HTTP] {}
2022-10-21 08:09:34:900 [W3C (b806f491)] Calling AppiumDriver.elementDisplayed() with args: ["00000000-0000-008b-ffff-ffff00000031","b806f491-30c2-4a6c-8ad8-f52c2f6d9d71"]
2022-10-21 08:09:34:902 [WD Proxy] Matched '/element/00000000-0000-008b-ffff-ffff00000031/attribute/displayed' to command name 'getAttribute'
2022-10-21 08:09:34:902 [WD Proxy] Proxying [GET /element/00000000-0000-008b-ffff-ffff00000031/attribute/displayed] to [GET http://127.0.0.1:8207/wd/hub/session/a182bf69-1dc8-410f-953a-9cdce5cbee76/element/00000000-0000-008b-ffff-ffff00000031/attribute/displayed] with no body
2022-10-21 08:09:35:034 [WD Proxy] Got response with status 200: {"sessionId":"a182bf69-1dc8-410f-953a-9cdce5cbee76","value":"true"}
2022-10-21 08:09:35:035 [W3C (b806f491)] Responding to client with driver.elementDisplayed() result: true
2022-10-21 08:09:35:037 [HTTP] <-- GET /wd/hub/session/b806f491-30c2-4a6c-8ad8-f52c2f6d9d71/element/00000000-0000-008b-ffff-ffff00000031/displayed 200 143 ms - 14
2022-10-21 08:09:35:038 [HTTP] 
2022-10-21 08:09:35:047 [HTTP] --> POST /wd/hub/session/b806f491-30c2-4a6c-8ad8-f52c2f6d9d71/element
2022-10-21 08:09:35:047 [HTTP] {"using":"xpath","value":"//android.widget.TextView[@text='महाभंडार']"}
2022-10-21 08:09:35:048 [W3C (b806f491)] Calling AppiumDriver.findElement() with args: ["xpath","//android.widget.TextView[@text='महाभंडार']","b806f491-30c2-4a6c-8ad8-f52c2f6d9d71"]
2022-10-21 08:09:35:049 [BaseDriver] Valid locator strategies for this request: xpath, id, class name, accessibility id, css selector, -android uiautomator
2022-10-21 08:09:35:049 [BaseDriver] Waiting up to 10000 ms for condition
2022-10-21 08:09:35:049 [WD Proxy] Matched '/element' to command name 'findElement'
2022-10-21 08:09:35:050 [WD Proxy] Proxying [POST /element] to [POST http://127.0.0.1:8207/wd/hub/session/a182bf69-1dc8-410f-953a-9cdce5cbee76/element] with body: {"strategy":"xpath","selector":"//android.widget.TextView[@text='महाभंडार']","context":"","multiple":false}
2022-10-21 08:09:36:336 [WD Proxy] Got response with status 200: {"sessionId":"a182bf69-1dc8-410f-953a-9cdce5cbee76","value":{"ELEMENT":"00000000-0000-008b-ffff-ffff00000031","element-6066-11e4-a52e-4f735466cecf":"00000000-0000-008b-ffff-ffff00000031"}}
2022-10-21 08:09:36:337 [W3C (b806f491)] Responding to client with driver.findElement() result: {"element-6066-11e4-a52e-4f735466cecf":"00000000-0000-008b-ffff-ffff00000031","ELEMENT":"00000000-0000-008b-ffff-ffff00000031"}
2022-10-21 08:09:36:338 [HTTP] <-- POST /wd/hub/session/b806f491-30c2-4a6c-8ad8-f52c2f6d9d71/element 200 1291 ms - 137
2022-10-21 08:09:36:339 [HTTP] 
2022-10-21 08:09:36:354 [HTTP] --> POST /wd/hub/session/b806f491-30c2-4a6c-8ad8-f52c2f6d9d71/element/00000000-0000-008b-ffff-ffff00000031/click
2022-10-21 08:09:36:355 [HTTP] {"id":"00000000-0000-008b-ffff-ffff00000031"}
2022-10-21 08:09:36:356 [W3C (b806f491)] Calling AppiumDriver.click() with args: ["00000000-0000-008b-ffff-ffff00000031","b806f491-30c2-4a6c-8ad8-f52c2f6d9d71"]
2022-10-21 08:09:36:357 [WD Proxy] Matched '/element/00000000-0000-008b-ffff-ffff00000031/click' to command name 'click'
2022-10-21 08:09:36:358 [WD Proxy] Proxying [POST /element/00000000-0000-008b-ffff-ffff00000031/click] to [POST http://127.0.0.1:8207/wd/hub/session/a182bf69-1dc8-410f-953a-9cdce5cbee76/element/00000000-0000-008b-ffff-ffff00000031/click] with body: {"element":"00000000-0000-008b-ffff-ffff00000031"}
2022-10-21 08:09:36:568 [WD Proxy] Got response with status 200: {"sessionId":"a182bf69-1dc8-410f-953a-9cdce5cbee76","value":null}
2022-10-21 08:09:36:570 [W3C (b806f491)] Responding to client with driver.click() result: null
2022-10-21 08:09:36:572 [HTTP] <-- POST /wd/hub/session/b806f491-30c2-4a6c-8ad8-f52c2f6d9d71/element/00000000-0000-008b-ffff-ffff00000031/click 200 218 ms - 14
2022-10-21 08:09:36:573 [HTTP] 
2022-10-21 08:09:41:592 [HTTP] --> POST /wd/hub/session/b806f491-30c2-4a6c-8ad8-f52c2f6d9d71/touch/perform
2022-10-21 08:09:41:593 [HTTP] {"actions":[{"action":"longPress","options":{"x":540,"y":222}},{"action":"moveTo","options":{"x":241,"y":222}},{"action":"release","options":{}}]}
2022-10-21 08:09:41:602 [W3C (b806f491)] Calling AppiumDriver.performTouch() with args: [[{"action":"longPress","options":{"x":540,"y":222}},{"action":"moveTo","options":{"x":241,"y":222}},{"action":"release","options":{}}],"b806f491-30c2-4a6c-8ad8-f52c2f6d9d71"]
2022-10-21 08:09:41:607 [WD Proxy] Proxying [POST /touch/drag] to [POST http://127.0.0.1:8207/wd/hub/session/a182bf69-1dc8-410f-953a-9cdce5cbee76/touch/drag] with body: {"startX":540,"startY":222,"endX":241,"endY":222,"steps":80}
2022-10-21 08:09:46:740 [WD Proxy] Got response with status 200: {"sessionId":"a182bf69-1dc8-410f-953a-9cdce5cbee76","value":null}
2022-10-21 08:09:46:741 [W3C (b806f491)] Responding to client with driver.performTouch() result: null
2022-10-21 08:09:46:745 [HTTP] <-- POST /wd/hub/session/b806f491-30c2-4a6c-8ad8-f52c2f6d9d71/touch/perform 200 5151 ms - 14
2022-10-21 08:09:46:746 [HTTP] 
2022-10-21 08:09:46:755 [HTTP] --> POST /wd/hub/session/b806f491-30c2-4a6c-8ad8-f52c2f6d9d71/element
2022-10-21 08:09:46:755 [HTTP] {"using":"xpath","value":"//android.widget.TextView[@text='सुझाव']"}
2022-10-21 08:09:46:756 [W3C (b806f491)] Calling AppiumDriver.findElement() with args: ["xpath","//android.widget.TextView[@text='सुझाव']","b806f491-30c2-4a6c-8ad8-f52c2f6d9d71"]
2022-10-21 08:09:46:757 [BaseDriver] Valid locator strategies for this request: xpath, id, class name, accessibility id, css selector, -android uiautomator
2022-10-21 08:09:46:758 [BaseDriver] Waiting up to 10000 ms for condition
2022-10-21 08:09:46:759 [WD Proxy] Matched '/element' to command name 'findElement'
2022-10-21 08:09:46:759 [WD Proxy] Proxying [POST /element] to [POST http://127.0.0.1:8207/wd/hub/session/a182bf69-1dc8-410f-953a-9cdce5cbee76/element] with body: {"strategy":"xpath","selector":"//android.widget.TextView[@text='सुझाव']","context":"","multiple":false}
2022-10-21 08:09:48:474 [WD Proxy] Got response with status 200: {"sessionId":"a182bf69-1dc8-410f-953a-9cdce5cbee76","value":{"ELEMENT":"00000000-0000-008b-ffff-ffff00000197","element-6066-11e4-a52e-4f735466cecf":"00000000-0000-008b-ffff-ffff00000197"}}
2022-10-21 08:09:48:474 [W3C (b806f491)] Responding to client with driver.findElement() result: {"element-6066-11e4-a52e-4f735466cecf":"00000000-0000-008b-ffff-ffff00000197","ELEMENT":"00000000-0000-008b-ffff-ffff00000197"}
2022-10-21 08:09:48:476 [HTTP] <-- POST /wd/hub/session/b806f491-30c2-4a6c-8ad8-f52c2f6d9d71/element 200 1720 ms - 137
2022-10-21 08:09:48:477 [HTTP] 
2022-10-21 08:09:48:484 [HTTP] --> GET /wd/hub/session/b806f491-30c2-4a6c-8ad8-f52c2f6d9d71/element/00000000-0000-008b-ffff-ffff00000197/displayed
2022-10-21 08:09:48:484 [HTTP] {}
2022-10-21 08:09:48:485 [W3C (b806f491)] Calling AppiumDriver.elementDisplayed() with args: ["00000000-0000-008b-ffff-ffff00000197","b806f491-30c2-4a6c-8ad8-f52c2f6d9d71"]
2022-10-21 08:09:48:486 [WD Proxy] Matched '/element/00000000-0000-008b-ffff-ffff00000197/attribute/displayed' to command name 'getAttribute'
2022-10-21 08:09:48:486 [WD Proxy] Proxying [GET /element/00000000-0000-008b-ffff-ffff00000197/attribute/displayed] to [GET http://127.0.0.1:8207/wd/hub/session/a182bf69-1dc8-410f-953a-9cdce5cbee76/element/00000000-0000-008b-ffff-ffff00000197/attribute/displayed] with no body
2022-10-21 08:09:48:527 [WD Proxy] Got response with status 200: {"sessionId":"a182bf69-1dc8-410f-953a-9cdce5cbee76","value":"true"}
2022-10-21 08:09:48:528 [W3C (b806f491)] Responding to client with driver.elementDisplayed() result: true
2022-10-21 08:09:48:529 [HTTP] <-- GET /wd/hub/session/b806f491-30c2-4a6c-8ad8-f52c2f6d9d71/element/00000000-0000-008b-ffff-ffff00000197/displayed 200 45 ms - 14
2022-10-21 08:09:48:530 [HTTP] 
2022-10-21 08:09:48:538 [HTTP] --> POST /wd/hub/session/b806f491-30c2-4a6c-8ad8-f52c2f6d9d71/element
2022-10-21 08:09:48:544 [HTTP] {"using":"xpath","value":"//android.widget.TextView[@text='सुझाव']"}
2022-10-21 08:09:48:545 [W3C (b806f491)] Calling AppiumDriver.findElement() with args: ["xpath","//android.widget.TextView[@text='सुझाव']","b806f491-30c2-4a6c-8ad8-f52c2f6d9d71"]
2022-10-21 08:09:48:546 [BaseDriver] Valid locator strategies for this request: xpath, id, class name, accessibility id, css selector, -android uiautomator
2022-10-21 08:09:48:547 [BaseDriver] Waiting up to 10000 ms for condition
2022-10-21 08:09:48:548 [WD Proxy] Matched '/element' to command name 'findElement'
2022-10-21 08:09:48:548 [WD Proxy] Proxying [POST /element] to [POST http://127.0.0.1:8207/wd/hub/session/a182bf69-1dc8-410f-953a-9cdce5cbee76/element] with body: {"strategy":"xpath","selector":"//android.widget.TextView[@text='सुझाव']","context":"","multiple":false}
2022-10-21 08:09:49:838 [WD Proxy] Got response with status 200: {"sessionId":"a182bf69-1dc8-410f-953a-9cdce5cbee76","value":{"ELEMENT":"00000000-0000-008b-ffff-ffff00000197","element-6066-11e4-a52e-4f735466cecf":"00000000-0000-008b-ffff-ffff00000197"}}
2022-10-21 08:09:49:838 [W3C (b806f491)] Responding to client with driver.findElement() result: {"element-6066-11e4-a52e-4f735466cecf":"00000000-0000-008b-ffff-ffff00000197","ELEMENT":"00000000-0000-008b-ffff-ffff00000197"}
2022-10-21 08:09:49:840 [HTTP] <-- POST /wd/hub/session/b806f491-30c2-4a6c-8ad8-f52c2f6d9d71/element 200 1301 ms - 137
2022-10-21 08:09:49:840 [HTTP] 
2022-10-21 08:09:49:847 [HTTP] --> POST /wd/hub/session/b806f491-30c2-4a6c-8ad8-f52c2f6d9d71/element/00000000-0000-008b-ffff-ffff00000197/click
2022-10-21 08:09:49:847 [HTTP] {"id":"00000000-0000-008b-ffff-ffff00000197"}
2022-10-21 08:09:49:847 [W3C (b806f491)] Calling AppiumDriver.click() with args: ["00000000-0000-008b-ffff-ffff00000197","b806f491-30c2-4a6c-8ad8-f52c2f6d9d71"]
2022-10-21 08:09:49:848 [WD Proxy] Matched '/element/00000000-0000-008b-ffff-ffff00000197/click' to command name 'click'
2022-10-21 08:09:49:849 [WD Proxy] Proxying [POST /element/00000000-0000-008b-ffff-ffff00000197/click] to [POST http://127.0.0.1:8207/wd/hub/session/a182bf69-1dc8-410f-953a-9cdce5cbee76/element/00000000-0000-008b-ffff-ffff00000197/click] with body: {"element":"00000000-0000-008b-ffff-ffff00000197"}
2022-10-21 08:09:52:535 [WD Proxy] Got response with status 200: {"sessionId":"a182bf69-1dc8-410f-953a-9cdce5cbee76","value":null}
2022-10-21 08:09:52:535 [W3C (b806f491)] Responding to client with driver.click() result: null
2022-10-21 08:09:52:537 [HTTP] <-- POST /wd/hub/session/b806f491-30c2-4a6c-8ad8-f52c2f6d9d71/element/00000000-0000-008b-ffff-ffff00000197/click 200 2689 ms - 14
2022-10-21 08:09:52:537 [HTTP] 
2022-10-21 08:09:52:549 [HTTP] --> POST /wd/hub/session/b806f491-30c2-4a6c-8ad8-f52c2f6d9d71/element
2022-10-21 08:09:52:550 [HTTP] {"using":"xpath","value":"//android.widget.TextView[@text='सुझाव']"}
2022-10-21 08:09:52:551 [W3C (b806f491)] Calling AppiumDriver.findElement() with args: ["xpath","//android.widget.TextView[@text='सुझाव']","b806f491-30c2-4a6c-8ad8-f52c2f6d9d71"]
2022-10-21 08:09:52:552 [BaseDriver] Valid locator strategies for this request: xpath, id, class name, accessibility id, css selector, -android uiautomator
2022-10-21 08:09:52:552 [BaseDriver] Waiting up to 10000 ms for condition
2022-10-21 08:09:52:553 [WD Proxy] Matched '/element' to command name 'findElement'
2022-10-21 08:09:52:553 [WD Proxy] Proxying [POST /element] to [POST http://127.0.0.1:8207/wd/hub/session/a182bf69-1dc8-410f-953a-9cdce5cbee76/element] with body: {"strategy":"xpath","selector":"//android.widget.TextView[@text='सुझाव']","context":"","multiple":false}
2022-10-21 08:09:53:683 [WD Proxy] Got response with status 200: {"sessionId":"a182bf69-1dc8-410f-953a-9cdce5cbee76","value":{"ELEMENT":"00000000-0000-008b-ffff-ffff00000197","element-6066-11e4-a52e-4f735466cecf":"00000000-0000-008b-ffff-ffff00000197"}}
2022-10-21 08:09:53:683 [W3C (b806f491)] Responding to client with driver.findElement() result: {"element-6066-11e4-a52e-4f735466cecf":"00000000-0000-008b-ffff-ffff00000197","ELEMENT":"00000000-0000-008b-ffff-ffff00000197"}
2022-10-21 08:09:53:684 [HTTP] <-- POST /wd/hub/session/b806f491-30c2-4a6c-8ad8-f52c2f6d9d71/element 200 1136 ms - 137
2022-10-21 08:09:53:684 [HTTP] 
2022-10-21 08:09:53:690 [HTTP] --> GET /wd/hub/session/b806f491-30c2-4a6c-8ad8-f52c2f6d9d71/element/00000000-0000-008b-ffff-ffff00000197/displayed
2022-10-21 08:09:53:690 [HTTP] {}
2022-10-21 08:09:53:691 [W3C (b806f491)] Calling AppiumDriver.elementDisplayed() with args: ["00000000-0000-008b-ffff-ffff00000197","b806f491-30c2-4a6c-8ad8-f52c2f6d9d71"]
2022-10-21 08:09:53:692 [WD Proxy] Matched '/element/00000000-0000-008b-ffff-ffff00000197/attribute/displayed' to command name 'getAttribute'
2022-10-21 08:09:53:692 [WD Proxy] Proxying [GET /element/00000000-0000-008b-ffff-ffff00000197/attribute/displayed] to [GET http://127.0.0.1:8207/wd/hub/session/a182bf69-1dc8-410f-953a-9cdce5cbee76/element/00000000-0000-008b-ffff-ffff00000197/attribute/displayed] with no body
2022-10-21 08:09:53:742 [WD Proxy] Got response with status 200: {"sessionId":"a182bf69-1dc8-410f-953a-9cdce5cbee76","value":"true"}
2022-10-21 08:09:53:743 [W3C (b806f491)] Responding to client with driver.elementDisplayed() result: true
2022-10-21 08:09:53:745 [HTTP] <-- GET /wd/hub/session/b806f491-30c2-4a6c-8ad8-f52c2f6d9d71/element/00000000-0000-008b-ffff-ffff00000197/displayed 200 54 ms - 14
2022-10-21 08:09:53:745 [HTTP] 
2022-10-21 08:09:53:754 [HTTP] --> POST /wd/hub/session/b806f491-30c2-4a6c-8ad8-f52c2f6d9d71/element
2022-10-21 08:09:53:754 [HTTP] {"using":"xpath","value":"//android.widget.TextView[@text='सुझाव']"}
2022-10-21 08:09:53:755 [W3C (b806f491)] Calling AppiumDriver.findElement() with args: ["xpath","//android.widget.TextView[@text='सुझाव']","b806f491-30c2-4a6c-8ad8-f52c2f6d9d71"]
2022-10-21 08:09:53:757 [BaseDriver] Valid locator strategies for this request: xpath, id, class name, accessibility id, css selector, -android uiautomator
2022-10-21 08:09:53:757 [BaseDriver] Waiting up to 10000 ms for condition
2022-10-21 08:09:53:758 [WD Proxy] Matched '/element' to command name 'findElement'
2022-10-21 08:09:53:759 [WD Proxy] Proxying [POST /element] to [POST http://127.0.0.1:8207/wd/hub/session/a182bf69-1dc8-410f-953a-9cdce5cbee76/element] with body: {"strategy":"xpath","selector":"//android.widget.TextView[@text='सुझाव']","context":"","multiple":false}
2022-10-21 08:09:54:804 [WD Proxy] Got response with status 200: {"sessionId":"a182bf69-1dc8-410f-953a-9cdce5cbee76","value":{"ELEMENT":"00000000-0000-008b-ffff-ffff00000197","element-6066-11e4-a52e-4f735466cecf":"00000000-0000-008b-ffff-ffff00000197"}}
2022-10-21 08:09:54:805 [W3C (b806f491)] Responding to client with driver.findElement() result: {"element-6066-11e4-a52e-4f735466cecf":"00000000-0000-008b-ffff-ffff00000197","ELEMENT":"00000000-0000-008b-ffff-ffff00000197"}
2022-10-21 08:09:54:806 [HTTP] <-- POST /wd/hub/session/b806f491-30c2-4a6c-8ad8-f52c2f6d9d71/element 200 1052 ms - 137
2022-10-21 08:09:54:806 [HTTP] 
2022-10-21 08:09:54:811 [HTTP] --> GET /wd/hub/session/b806f491-30c2-4a6c-8ad8-f52c2f6d9d71/element/00000000-0000-008b-ffff-ffff00000197/text
2022-10-21 08:09:54:811 [HTTP] {}
2022-10-21 08:09:54:814 [W3C (b806f491)] Driver proxy active, passing request on via HTTP proxy
2022-10-21 08:09:54:815 [WD Proxy] Matched '/wd/hub/session/b806f491-30c2-4a6c-8ad8-f52c2f6d9d71/element/00000000-0000-008b-ffff-ffff00000197/text' to command name 'getText'
2022-10-21 08:09:54:815 [WD Proxy] Proxying [GET /wd/hub/session/b806f491-30c2-4a6c-8ad8-f52c2f6d9d71/element/00000000-0000-008b-ffff-ffff00000197/text] to [GET http://127.0.0.1:8207/wd/hub/session/a182bf69-1dc8-410f-953a-9cdce5cbee76/element/00000000-0000-008b-ffff-ffff00000197/text] with no body
2022-10-21 08:09:54:845 [WD Proxy] Got response with status 200: {"sessionId":"a182bf69-1dc8-410f-953a-9cdce5cbee76","value":"सुझाव"}
2022-10-21 08:09:54:846 [WD Proxy] Replacing sessionId a182bf69-1dc8-410f-953a-9cdce5cbee76 with b806f491-30c2-4a6c-8ad8-f52c2f6d9d71
2022-10-21 08:09:54:849 [HTTP] <-- GET /wd/hub/session/b806f491-30c2-4a6c-8ad8-f52c2f6d9d71/element/00000000-0000-008b-ffff-ffff00000197/text 200 37 ms - 78
2022-10-21 08:09:54:849 [HTTP] 
2022-10-21 08:09:54:869 [HTTP] --> POST /wd/hub/session/b806f491-30c2-4a6c-8ad8-f52c2f6d9d71/element
2022-10-21 08:09:54:869 [HTTP] {"using":"xpath","value":"//androidx.recyclerview.widget.RecyclerView[@resource-id='com.mandir:id/rv_mb_cards']//android.widget.TextView[@text='सुविचार']"}
2022-10-21 08:09:54:870 [W3C (b806f491)] Calling AppiumDriver.findElement() with args: ["xpath","//androidx.recyclerview.widget.RecyclerView[@resource-id='com.mandir:id/rv_mb_cards']//android.widget.TextView[@text='सुविचार']","b806f491-30c2-4a6c-8ad8-f52c2f6d9d71"]
2022-10-21 08:09:54:871 [BaseDriver] Valid locator strategies for this request: xpath, id, class name, accessibility id, css selector, -android uiautomator
2022-10-21 08:09:54:871 [BaseDriver] Waiting up to 10000 ms for condition
2022-10-21 08:09:54:872 [WD Proxy] Matched '/element' to command name 'findElement'
2022-10-21 08:09:54:872 [WD Proxy] Proxying [POST /element] to [POST http://127.0.0.1:8207/wd/hub/session/a182bf69-1dc8-410f-953a-9cdce5cbee76/element] with body: {"strategy":"xpath","selector":"//androidx.recyclerview.widget.RecyclerView[@resource-id='com.mandir:id/rv_mb_cards']//android.widget.TextView[@text='सुविचार']","context":"","multiple":false}
2022-10-21 08:09:55:801 [WD Proxy] Got response with status 200: {"sessionId":"a182bf69-1dc8-410f-953a-9cdce5cbee76","value":{"ELEMENT":"00000000-0000-008b-ffff-ffff000004dc","element-6066-11e4-a52e-4f735466cecf":"00000000-0000-008b-ffff-ffff000004dc"}}
2022-10-21 08:09:55:802 [W3C (b806f491)] Responding to client with driver.findElement() result: {"element-6066-11e4-a52e-4f735466cecf":"00000000-0000-008b-ffff-ffff000004dc","ELEMENT":"00000000-0000-008b-ffff-ffff000004dc"}
2022-10-21 08:09:55:804 [HTTP] <-- POST /wd/hub/session/b806f491-30c2-4a6c-8ad8-f52c2f6d9d71/element 200 934 ms - 137
2022-10-21 08:09:55:804 [HTTP] 
2022-10-21 08:09:55:812 [HTTP] --> GET /wd/hub/session/b806f491-30c2-4a6c-8ad8-f52c2f6d9d71/element/00000000-0000-008b-ffff-ffff000004dc/displayed
2022-10-21 08:09:55:812 [HTTP] {}
2022-10-21 08:09:55:813 [W3C (b806f491)] Calling AppiumDriver.elementDisplayed() with args: ["00000000-0000-008b-ffff-ffff000004dc","b806f491-30c2-4a6c-8ad8-f52c2f6d9d71"]
2022-10-21 08:09:55:814 [WD Proxy] Matched '/element/00000000-0000-008b-ffff-ffff000004dc/attribute/displayed' to command name 'getAttribute'
2022-10-21 08:09:55:814 [WD Proxy] Proxying [GET /element/00000000-0000-008b-ffff-ffff000004dc/attribute/displayed] to [GET http://127.0.0.1:8207/wd/hub/session/a182bf69-1dc8-410f-953a-9cdce5cbee76/element/00000000-0000-008b-ffff-ffff000004dc/attribute/displayed] with no body
2022-10-21 08:09:55:851 [WD Proxy] Got response with status 200: {"sessionId":"a182bf69-1dc8-410f-953a-9cdce5cbee76","value":"true"}
2022-10-21 08:09:55:852 [W3C (b806f491)] Responding to client with driver.elementDisplayed() result: true
2022-10-21 08:09:55:854 [HTTP] <-- GET /wd/hub/session/b806f491-30c2-4a6c-8ad8-f52c2f6d9d71/element/00000000-0000-008b-ffff-ffff000004dc/displayed 200 42 ms - 14
2022-10-21 08:09:55:854 [HTTP] 
2022-10-21 08:09:55:862 [HTTP] --> POST /wd/hub/session/b806f491-30c2-4a6c-8ad8-f52c2f6d9d71/element
2022-10-21 08:09:55:862 [HTTP] {"using":"xpath","value":"//androidx.recyclerview.widget.RecyclerView[@resource-id='com.mandir:id/rv_mb_cards']//android.widget.TextView[@text='सुविचार']"}
2022-10-21 08:09:55:863 [W3C (b806f491)] Calling AppiumDriver.findElement() with args: ["xpath","//androidx.recyclerview.widget.RecyclerView[@resource-id='com.mandir:id/rv_mb_cards']//android.widget.TextView[@text='सुविचार']","b806f491-30c2-4a6c-8ad8-f52c2f6d9d71"]
2022-10-21 08:09:55:863 [BaseDriver] Valid locator strategies for this request: xpath, id, class name, accessibility id, css selector, -android uiautomator
2022-10-21 08:09:55:863 [BaseDriver] Waiting up to 10000 ms for condition
2022-10-21 08:09:55:864 [WD Proxy] Matched '/element' to command name 'findElement'
2022-10-21 08:09:55:864 [WD Proxy] Proxying [POST /element] to [POST http://127.0.0.1:8207/wd/hub/session/a182bf69-1dc8-410f-953a-9cdce5cbee76/element] with body: {"strategy":"xpath","selector":"//androidx.recyclerview.widget.RecyclerView[@resource-id='com.mandir:id/rv_mb_cards']//android.widget.TextView[@text='सुविचार']","context":"","multiple":false}
2022-10-21 08:09:56:420 [WD Proxy] Got response with status 200: {"sessionId":"a182bf69-1dc8-410f-953a-9cdce5cbee76","value":{"ELEMENT":"00000000-0000-008b-ffff-ffff000004dc","element-6066-11e4-a52e-4f735466cecf":"00000000-0000-008b-ffff-ffff000004dc"}}
2022-10-21 08:09:56:421 [W3C (b806f491)] Responding to client with driver.findElement() result: {"element-6066-11e4-a52e-4f735466cecf":"00000000-0000-008b-ffff-ffff000004dc","ELEMENT":"00000000-0000-008b-ffff-ffff000004dc"}
2022-10-21 08:09:56:422 [HTTP] <-- POST /wd/hub/session/b806f491-30c2-4a6c-8ad8-f52c2f6d9d71/element 200 560 ms - 137
2022-10-21 08:09:56:422 [HTTP] 
2022-10-21 08:09:56:429 [HTTP] --> POST /wd/hub/session/b806f491-30c2-4a6c-8ad8-f52c2f6d9d71/element/00000000-0000-008b-ffff-ffff000004dc/click
2022-10-21 08:09:56:429 [HTTP] {"id":"00000000-0000-008b-ffff-ffff000004dc"}
2022-10-21 08:09:56:429 [W3C (b806f491)] Calling AppiumDriver.click() with args: ["00000000-0000-008b-ffff-ffff000004dc","b806f491-30c2-4a6c-8ad8-f52c2f6d9d71"]
2022-10-21 08:09:56:430 [WD Proxy] Matched '/element/00000000-0000-008b-ffff-ffff000004dc/click' to command name 'click'
2022-10-21 08:09:56:431 [WD Proxy] Proxying [POST /element/00000000-0000-008b-ffff-ffff000004dc/click] to [POST http://127.0.0.1:8207/wd/hub/session/a182bf69-1dc8-410f-953a-9cdce5cbee76/element/00000000-0000-008b-ffff-ffff000004dc/click] with body: {"element":"00000000-0000-008b-ffff-ffff000004dc"}
2022-10-21 08:09:56:533 [WD Proxy] Got response with status 200: {"sessionId":"a182bf69-1dc8-410f-953a-9cdce5cbee76","value":null}
2022-10-21 08:09:56:533 [W3C (b806f491)] Responding to client with driver.click() result: null
2022-10-21 08:09:56:534 [HTTP] <-- POST /wd/hub/session/b806f491-30c2-4a6c-8ad8-f52c2f6d9d71/element/00000000-0000-008b-ffff-ffff000004dc/click 200 105 ms - 14
2022-10-21 08:09:56:535 [HTTP] 
2022-10-21 08:09:56:545 [HTTP] --> POST /wd/hub/session/b806f491-30c2-4a6c-8ad8-f52c2f6d9d71/element
2022-10-21 08:09:56:546 [HTTP] {"using":"xpath","value":"//android.widget.TextView[@text='सुविचार']"}
2022-10-21 08:09:56:548 [W3C (b806f491)] Calling AppiumDriver.findElement() with args: ["xpath","//android.widget.TextView[@text='सुविचार']","b806f491-30c2-4a6c-8ad8-f52c2f6d9d71"]
2022-10-21 08:09:56:548 [BaseDriver] Valid locator strategies for this request: xpath, id, class name, accessibility id, css selector, -android uiautomator
2022-10-21 08:09:56:549 [BaseDriver] Waiting up to 10000 ms for condition
2022-10-21 08:09:56:550 [WD Proxy] Matched '/element' to command name 'findElement'
2022-10-21 08:09:56:551 [WD Proxy] Proxying [POST /element] to [POST http://127.0.0.1:8207/wd/hub/session/a182bf69-1dc8-410f-953a-9cdce5cbee76/element] with body: {"strategy":"xpath","selector":"//android.widget.TextView[@text='सुविचार']","context":"","multiple":false}
2022-10-21 08:09:59:868 [WD Proxy] Got response with status 200: {"sessionId":"a182bf69-1dc8-410f-953a-9cdce5cbee76","value":{"ELEMENT":"00000000-0000-008b-ffff-ffff0000018e","element-6066-11e4-a52e-4f735466cecf":"00000000-0000-008b-ffff-ffff0000018e"}}
2022-10-21 08:09:59:869 [W3C (b806f491)] Responding to client with driver.findElement() result: {"element-6066-11e4-a52e-4f735466cecf":"00000000-0000-008b-ffff-ffff0000018e","ELEMENT":"00000000-0000-008b-ffff-ffff0000018e"}
2022-10-21 08:09:59:871 [HTTP] <-- POST /wd/hub/session/b806f491-30c2-4a6c-8ad8-f52c2f6d9d71/element 200 3325 ms - 137
2022-10-21 08:09:59:871 [HTTP] 
2022-10-21 08:09:59:875 [HTTP] --> GET /wd/hub/session/b806f491-30c2-4a6c-8ad8-f52c2f6d9d71/element/00000000-0000-008b-ffff-ffff0000018e/displayed
2022-10-21 08:09:59:876 [HTTP] {}
2022-10-21 08:09:59:876 [W3C (b806f491)] Calling AppiumDriver.elementDisplayed() with args: ["00000000-0000-008b-ffff-ffff0000018e","b806f491-30c2-4a6c-8ad8-f52c2f6d9d71"]
2022-10-21 08:09:59:877 [WD Proxy] Matched '/element/00000000-0000-008b-ffff-ffff0000018e/attribute/displayed' to command name 'getAttribute'
2022-10-21 08:09:59:877 [WD Proxy] Proxying [GET /element/00000000-0000-008b-ffff-ffff0000018e/attribute/displayed] to [GET http://127.0.0.1:8207/wd/hub/session/a182bf69-1dc8-410f-953a-9cdce5cbee76/element/00000000-0000-008b-ffff-ffff0000018e/attribute/displayed] with no body
2022-10-21 08:09:59:924 [WD Proxy] Got response with status 200: {"sessionId":"a182bf69-1dc8-410f-953a-9cdce5cbee76","value":"true"}
2022-10-21 08:09:59:925 [W3C (b806f491)] Responding to client with driver.elementDisplayed() result: true
2022-10-21 08:09:59:926 [HTTP] <-- GET /wd/hub/session/b806f491-30c2-4a6c-8ad8-f52c2f6d9d71/element/00000000-0000-008b-ffff-ffff0000018e/displayed 200 50 ms - 14
2022-10-21 08:09:59:927 [HTTP] 
2022-10-21 08:09:59:936 [HTTP] --> POST /wd/hub/session/b806f491-30c2-4a6c-8ad8-f52c2f6d9d71/element
2022-10-21 08:09:59:936 [HTTP] {"using":"xpath","value":"//android.widget.TextView[@text='सुविचार']"}
2022-10-21 08:09:59:937 [W3C (b806f491)] Calling AppiumDriver.findElement() with args: ["xpath","//android.widget.TextView[@text='सुविचार']","b806f491-30c2-4a6c-8ad8-f52c2f6d9d71"]
2022-10-21 08:09:59:938 [BaseDriver] Valid locator strategies for this request: xpath, id, class name, accessibility id, css selector, -android uiautomator
2022-10-21 08:09:59:938 [BaseDriver] Waiting up to 10000 ms for condition
2022-10-21 08:09:59:941 [WD Proxy] Matched '/element' to command name 'findElement'
2022-10-21 08:09:59:941 [WD Proxy] Proxying [POST /element] to [POST http://127.0.0.1:8207/wd/hub/session/a182bf69-1dc8-410f-953a-9cdce5cbee76/element] with body: {"strategy":"xpath","selector":"//android.widget.TextView[@text='सुविचार']","context":"","multiple":false}
2022-10-21 08:10:00:873 [WD Proxy] Got response with status 200: {"sessionId":"a182bf69-1dc8-410f-953a-9cdce5cbee76","value":{"ELEMENT":"00000000-0000-008b-ffff-ffff0000018e","element-6066-11e4-a52e-4f735466cecf":"00000000-0000-008b-ffff-ffff0000018e"}}
2022-10-21 08:10:00:874 [W3C (b806f491)] Responding to client with driver.findElement() result: {"element-6066-11e4-a52e-4f735466cecf":"00000000-0000-008b-ffff-ffff0000018e","ELEMENT":"00000000-0000-008b-ffff-ffff0000018e"}
2022-10-21 08:10:00:875 [HTTP] <-- POST /wd/hub/session/b806f491-30c2-4a6c-8ad8-f52c2f6d9d71/element 200 939 ms - 137
2022-10-21 08:10:00:875 [HTTP] 
2022-10-21 08:10:00:880 [HTTP] --> GET /wd/hub/session/b806f491-30c2-4a6c-8ad8-f52c2f6d9d71/element/00000000-0000-008b-ffff-ffff0000018e/text
2022-10-21 08:10:00:880 [HTTP] {}
2022-10-21 08:10:00:882 [W3C (b806f491)] Driver proxy active, passing request on via HTTP proxy
2022-10-21 08:10:00:884 [WD Proxy] Matched '/wd/hub/session/b806f491-30c2-4a6c-8ad8-f52c2f6d9d71/element/00000000-0000-008b-ffff-ffff0000018e/text' to command name 'getText'
2022-10-21 08:10:00:884 [WD Proxy] Proxying [GET /wd/hub/session/b806f491-30c2-4a6c-8ad8-f52c2f6d9d71/element/00000000-0000-008b-ffff-ffff0000018e/text] to [GET http://127.0.0.1:8207/wd/hub/session/a182bf69-1dc8-410f-953a-9cdce5cbee76/element/00000000-0000-008b-ffff-ffff0000018e/text] with no body
2022-10-21 08:10:00:924 [WD Proxy] Got response with status 200: {"sessionId":"a182bf69-1dc8-410f-953a-9cdce5cbee76","value":"सुविचार"}
2022-10-21 08:10:00:924 [WD Proxy] Replacing sessionId a182bf69-1dc8-410f-953a-9cdce5cbee76 with b806f491-30c2-4a6c-8ad8-f52c2f6d9d71
2022-10-21 08:10:00:926 [HTTP] <-- GET /wd/hub/session/b806f491-30c2-4a6c-8ad8-f52c2f6d9d71/element/00000000-0000-008b-ffff-ffff0000018e/text 200 46 ms - 84
2022-10-21 08:10:00:926 [HTTP] 
2022-10-21 08:10:00:938 [HTTP] --> GET /wd/hub/session/b806f491-30c2-4a6c-8ad8-f52c2f6d9d71/screenshot
2022-10-21 08:10:00:938 [HTTP] {}
2022-10-21 08:10:00:938 [W3C (b806f491)] Calling AppiumDriver.getScreenshot() with args: ["b806f491-30c2-4a6c-8ad8-f52c2f6d9d71"]
2022-10-21 08:10:00:939 [WD Proxy] Matched '/screenshot' to command name 'getScreenshot'
2022-10-21 08:10:00:939 [WD Proxy] Proxying [GET /screenshot] to [GET http://127.0.0.1:8207/wd/hub/session/a182bf69-1dc8-410f-953a-9cdce5cbee76/screenshot] with no body
2022-10-21 08:10:01:542 [WD Proxy] Got response with status 200: {"sessionId":"a182bf69-1dc8-410f-953a-9cdce5cbee76","value":"iVBORw0KGgoAAAANSUhEUgAABDgAAAeACAYAAAArYecKAAAAAXNSR0IArs4c6QAAAARzQklUCAgI\nCHwIZIgAACAASURBVHic7N13mGRVnT7w99xQt2JXh+mZYQLDDEOGYQgjQTLI4oqIoLCuGHBX8Le4\nCMZdkV3zrouYVsyoCIoiKuhIcsjJBQcmkIcZJqdO1V3x1g3n90dNV1d1he6uru7qW/V+nmcemRuP\nVdXTdd57zvcIKaUEEREREREREZGHKY1uABERERERERHRZDHgICIiIiIiIiLPY8BBRERERERERJ7H\ngIOIiIiIiIiIPI8BBxERERERERF5HgMOIiIiIiIiIvI8BhxERERERERE5HkMOIiIiIiIiIjI8xhw\nEBEREREREZHnMeAgIiIiIiIiIs9jwEFEREREREREnseAg4iIiIiIiIg8jwEHEREREREREXkeAw4i\nIiIiIiIi8jwGHERERERERETkeQw4iIiIiIiIiMjzGHAQERERERERkecx4CAiIiIiIiIiz2PAQURE\nRERERESex4CDiIiIiIiIiDyPAQcREREREREReR4DDiIiIiIiIiLyPAYcREREREREROR5DDiIiIiI\niIiIyPMYcBARERERERGR5zHgICIiIiIiIiLPY8BBRERERERERJ7HgIOIiIiIiIiIPI8BBxERERER\nERF5HgMOIiIiIiIiIvI8BhxERERERERE5HlaoxtARERERERENB627eT+WA5s24bruHAcF1JKuK6E\nhARko1tZhQAEBBRFQAgBVVWgqAo0TYOmq9C03B+qjZBSzuS3n4iIiIiIiFqUbTkwzSyyWRtW1oLj\nuI1u0pRTVQW6T4fPp8EwfNB0Bh7jxYCDiIiIiIiIZgzbcpBOm8ikTdi20+jmNJymqfAHDAQCBsOO\nMTDgICIiIiIiooZLpTJIp0xk...
2022-10-21 08:10:01:545 [W3C (b806f491)] Responding to client with driver.getScreenshot() result: "iVBORw0KGgoAAAANSUhEUgAABDgAAAeACAYAAAArYecKAAAAAXNSR0IArs4c6QAAAARzQklUCAgI\nCHwIZIgAACAASURBVHic7N13mGRVnT7w99xQt2JXh+mZYQLDDEOGYQgjQTLI4oqIoLCuGHBX8Le4\nCMZdkV3zrouYVsyoCIoiKuhIcsjJBQcmkIcZJqdO1V3x1g3n90dNV1d1he6uru7qW/V+nmcemRuP\nVdXTdd57zvcIKaUEEREREREREZGHKY1uABERERERERHRZDHgICIiIiIiIiLPY8BBRERERERERJ7H\ngIOIiIiIiIiIPI8BBxERERERERF5HgMOIiIiIiIiIvI8BhxERERERERE5HkMOIiIiIiIiIjI8xhw\nEBEREREREZHnMeAgIiIiIiIiIs9jwEFEREREREREnseAg4iIiIiIiIg8jwEHEREREREREXkeAw4i\nIiIiIiIi8jwGHERERERERETkeQw4iIiIiIiIiMjzGHAQERERERERkecx4CAiIiIiIiIiz2PAQURE\nRERERESex4CDiIiIiIiIiDyPAQcREREREREReR4DDiIiIiIiIiLyPAYcREREREREROR5DDiIiIiI\niIiIyPMYcBARERERERGR5zHgICIiIiIiIiLPY8BBRERERERERJ7HgIOIiIiIiIiIPI8BBxERERER\nERF5HgMOIiIiIiIiIvI8BhxERERERERE5HlaoxtARERERERENB627eT+WA5s24bruHAcF1JKuK6E\nhARko1tZhQAEBBRFQAgBVVWgqAo0TYOmq9C03B+qjZBSzuS3n4iIiIiIiFqUbTkwzSyyWRtW1oLj\nuI1u0pRTVQW6T4fPp8EwfNB0Bh7jxYCDiIiIiIiIZgzbcpBOm8ikTdi20+jmNJymqfAHDAQCBsOO\nMTDgICIiIiIiooZLpTJIp0xkTaviMUII+HwaNF2DpqlQVQWqqkIoI9M+Zrr8dBpXwnEcOI67b9qN\njWzWRr...
2022-10-21 08:10:01:550 [HTTP] <-- GET /wd/hub/session/b806f491-30c2-4a6c-8ad8-f52c2f6d9d71/screenshot 200 610 ms - 263176
2022-10-21 08:10:01:550 [HTTP] 
2022-10-21 08:10:01:601 [HTTP] --> POST /wd/hub/session/b806f491-30c2-4a6c-8ad8-f52c2f6d9d71/appium/app/close
2022-10-21 08:10:01:602 [HTTP] {}
2022-10-21 08:10:01:608 [W3C (b806f491)] Calling AppiumDriver.closeApp() with args: ["b806f491-30c2-4a6c-8ad8-f52c2f6d9d71"]
2022-10-21 08:10:01:609 [ADB] Running 'C:\Users\Shilpa\AppData\Local\Android\Sdk\platform-tools\adb.exe -P 5037 -s emulator-5554 shell am force-stop com.mandir'
2022-10-21 08:10:01:991 [W3C (b806f491)] Responding to client with driver.closeApp() result: null
2022-10-21 08:10:01:992 [HTTP] <-- POST /wd/hub/session/b806f491-30c2-4a6c-8ad8-f52c2f6d9d71/appium/app/close 200 390 ms - 14
2022-10-21 08:10:01:992 [HTTP] 
