2022-10-21 08:21:16:879 [Appium] Welcome to Appium v1.22.3
2022-10-21 08:21:16:880 [Appium] Non-default server args:
2022-10-21 08:21:16:881 [Appium]   address: 127.0.0.1
2022-10-21 08:21:16:881 [Appium]   port: 2381
2022-10-21 08:21:16:881 [Appium]   logFile: C:\Users\Shilpa\Documents\New_Sri_Mandir\SRI_MANDIR(Different languages)\.\ServerLogs\appiumSriMandirVerifyHoraTabKalAajandHoraKyaBannerAnukulPratikul1.log
2022-10-21 08:21:16:911 [Appium] Appium REST http interface listener started on 127.0.0.1:2381
2022-10-21 08:21:17:129 [HTTP] --> GET /wd/hub/status
2022-10-21 08:21:17:129 [HTTP] {}
2022-10-21 08:21:17:131 [GENERIC] Calling AppiumDriver.getStatus() with args: []
2022-10-21 08:21:17:132 [GENERIC] Responding to client with driver.getStatus() result: {"build":{"version":"1.22.3"}}
2022-10-21 08:21:17:137 [HTTP] <-- GET /wd/hub/status 200 6 ms - 68
2022-10-21 08:21:17:138 [HTTP] 
2022-10-21 08:21:17:558 [HTTP] --> POST /wd/hub/session
2022-10-21 08:21:17:559 [HTTP] {"desiredCapabilities":{"app":"./src/main/java/resources/app-debug-3.8.0.apk","noReset":true,"automationName":"UiAutomator2","autoGrantPermissions":true,"platformName":"Android","udid":"emulator-5554","platform":"ANDROID"},"capabilities":{"firstMatch":[{"appium:app":"./src/main/java/resources/app-debug-3.8.0.apk","appium:autoGrantPermissions":true,"appium:automationName":"UiAutomator2","appium:noReset":true,"platform":"ANDROID","platformName":"android","appium:udid":"emulator-5554"}]}}
2022-10-21 08:21:17:559 [W3C] Calling AppiumDriver.createSession() with args: [{"app":"./src/main/java/resources/app-debug-3.8.0.apk","noReset":true,"automationName":"UiAutomator2","autoGrantPermissions":true,"platformName":"Android","udid":"emulator-5554","platform":"ANDROID"},null,{"firstMatch":[{"appium:app":"./src/main/java/resources/app-debug-3.8.0.apk","appium:autoGrantPermissions":true,"appium:automationName":"UiAutomator2","appium:noReset":true,"platform":"ANDROID","platformName":"android","appium:udid":"emulator-5554"}]}]
2022-10-21 08:21:17:560 [BaseDriver] Event 'newSessionRequested' logged at 1666340477560 (13:51:17 GMT+0530 (India Standard Time))
2022-10-21 08:21:17:562 [BaseDriver] The following capabilities are not standard capabilities and should have an extension prefix:
2022-10-21 08:21:17:562 [BaseDriver]   platform
2022-10-21 08:21:17:804 [Appium] Appium v1.22.3 creating new AndroidUiautomator2Driver (v1.70.1) session
2022-10-21 08:21:17:809 [BaseDriver] W3C capabilities and MJSONWP desired capabilities were provided
2022-10-21 08:21:17:810 [BaseDriver] Creating session with W3C capabilities: {
2022-10-21 08:21:17:810 [BaseDriver]   "alwaysMatch": {
2022-10-21 08:21:17:810 [BaseDriver]     "appium:platform": "ANDROID",
2022-10-21 08:21:17:810 [BaseDriver]     "platformName": "android",
2022-10-21 08:21:17:810 [BaseDriver]     "appium:app": "./src/main/java/resources/app-debug-3.8.0.apk",
2022-10-21 08:21:17:810 [BaseDriver]     "appium:autoGrantPermissions": true,
2022-10-21 08:21:17:811 [BaseDriver]     "appium:automationName": "UiAutomator2",
2022-10-21 08:21:17:811 [BaseDriver]     "appium:noReset": true,
2022-10-21 08:21:17:811 [BaseDriver]     "appium:udid": "emulator-5554"
2022-10-21 08:21:17:811 [BaseDriver]   },
2022-10-21 08:21:17:811 [BaseDriver]   "firstMatch": [
2022-10-21 08:21:17:811 [BaseDriver]     {}
2022-10-21 08:21:17:811 [BaseDriver]   ]
2022-10-21 08:21:17:812 [BaseDriver] }
2022-10-21 08:21:17:822 [BaseDriver] The following capabilities were provided, but are not recognized by Appium:
2022-10-21 08:21:17:822 [BaseDriver]   platform
2022-10-21 08:21:17:824 [BaseDriver] Session created with session id: 1f332bdc-8c51-46eb-813d-2839b2d68073
2022-10-21 08:21:17:829 [BaseDriver] Using local app './src/main/java/resources/app-debug-3.8.0.apk'
2022-10-21 08:21:17:830 [BaseDriver] The current application path './src/main/java/resources/app-debug-3.8.0.apk' is not absolute and has been rewritten to 'C:\Users\Shilpa\Documents\New_Sri_Mandir\SRI_MANDIR(Different languages)\src\main\java\resources\app-debug-3.8.0.apk'. Consider using absolute paths rather than relative
2022-10-21 08:21:17:830 [UiAutomator2] Checking whether app is actually present
2022-10-21 08:21:17:881 [ADB] Found 2 'build-tools' folders under 'C:\Users\Shilpa\AppData\Local\Android\Sdk' (newest first):
2022-10-21 08:21:17:881 [ADB]     C:/Users/Shilpa/AppData/Local/Android/Sdk/build-tools/33.0.0
2022-10-21 08:21:17:881 [ADB]     C:/Users/Shilpa/AppData/Local/Android/Sdk/build-tools/30.0.3
2022-10-21 08:21:17:891 [ADB] Using 'adb.exe' from 'C:\Users\Shilpa\AppData\Local\Android\Sdk\platform-tools\adb.exe'
2022-10-21 08:21:17:897 [ADB] Running 'C:\Users\Shilpa\AppData\Local\Android\Sdk\platform-tools\adb.exe -P 5037 start-server'
2022-10-21 08:21:17:941 [AndroidDriver] Retrieving device list
2022-10-21 08:21:17:941 [ADB] Trying to find a connected android device
2022-10-21 08:21:17:942 [ADB] Getting connected devices
2022-10-21 08:21:17:981 [ADB] Connected devices: [{"udid":"emulator-5554","state":"device"}]
2022-10-21 08:21:17:981 [AndroidDriver] Using device: emulator-5554
2022-10-21 08:21:17:985 [ADB] Using 'adb.exe' from 'C:\Users\Shilpa\AppData\Local\Android\Sdk\platform-tools\adb.exe'
2022-10-21 08:21:17:985 [ADB] Running 'C:\Users\Shilpa\AppData\Local\Android\Sdk\platform-tools\adb.exe -P 5037 start-server'
2022-10-21 08:21:18:027 [ADB] Setting device id to emulator-5554
2022-10-21 08:21:18:029 [ADB] Running 'C:\Users\Shilpa\AppData\Local\Android\Sdk\platform-tools\adb.exe -P 5037 -s emulator-5554 shell getprop ro.build.version.sdk'
2022-10-21 08:21:18:074 [ADB] Current device property 'ro.build.version.sdk': 31
2022-10-21 08:21:18:074 [ADB] Getting device platform version
2022-10-21 08:21:18:074 [ADB] Running 'C:\Users\Shilpa\AppData\Local\Android\Sdk\platform-tools\adb.exe -P 5037 -s emulator-5554 shell getprop ro.build.version.release'
2022-10-21 08:21:18:112 [ADB] Current device property 'ro.build.version.release': 12
2022-10-21 08:21:18:113 [ADB] Device API level: 31
2022-10-21 08:21:18:113 [UiAutomator2] Relaxing hidden api policy
2022-10-21 08:21:18:113 [ADB] Running 'C:\Users\Shilpa\AppData\Local\Android\Sdk\platform-tools\adb.exe -P 5037 -s emulator-5554 shell 'settings put global hidden_api_policy_pre_p_apps 1;settings put global hidden_api_policy_p_apps 1;settings put global hidden_api_policy 1''
2022-10-21 08:21:18:327 [AndroidDriver] Parsing package and activity from app manifest
2022-10-21 08:21:18:361 [ADB] Package name: 'com.mandir'
2022-10-21 08:21:18:361 [ADB] Main activity name: 'com.mandir.ui.activity.SplashActivity'
2022-10-21 08:21:18:361 [AndroidDriver] Parsed package and activity are: com.mandir/com.mandir.ui.activity.SplashActivity
2022-10-21 08:21:18:361 [ADB] Running 'C:\Users\Shilpa\AppData\Local\Android\Sdk\platform-tools\adb.exe -P 5037 -s emulator-5554 wait-for-device'
2022-10-21 08:21:18:386 [ADB] Running 'C:\Users\Shilpa\AppData\Local\Android\Sdk\platform-tools\adb.exe -P 5037 -s emulator-5554 shell echo ping'
2022-10-21 08:21:18:428 [AndroidDriver] Pushing settings apk to device...
2022-10-21 08:21:18:429 [ADB] Getting install status for io.appium.settings
2022-10-21 08:21:18:429 [ADB] Running 'C:\Users\Shilpa\AppData\Local\Android\Sdk\platform-tools\adb.exe -P 5037 -s emulator-5554 shell dumpsys package io.appium.settings'
2022-10-21 08:21:19:101 [ADB] 'io.appium.settings' is installed
2022-10-21 08:21:19:102 [ADB] Getting package info for 'io.appium.settings'
2022-10-21 08:21:19:102 [ADB] Running 'C:\Users\Shilpa\AppData\Local\Android\Sdk\platform-tools\adb.exe -P 5037 -s emulator-5554 shell dumpsys package io.appium.settings'
2022-10-21 08:21:19:188 [ADB] The version name of the installed 'io.appium.settings' is greater or equal to the application version name ('3.4.0' >= '3.4.0')
2022-10-21 08:21:19:189 [ADB] There is no need to install/upgrade 'C:\Users\Shilpa\AppData\Roaming\npm\node_modules\appium\node_modules\io.appium.settings\apks\settings_apk-debug.apk'
2022-10-21 08:21:19:189 [ADB] Getting IDs of all 'io.appium.settings' processes
2022-10-21 08:21:19:189 [ADB] Running 'C:\Users\Shilpa\AppData\Local\Android\Sdk\platform-tools\adb.exe -P 5037 -s emulator-5554 shell 'pgrep --help; echo $?''
2022-10-21 08:21:19:286 [ADB] Running 'C:\Users\Shilpa\AppData\Local\Android\Sdk\platform-tools\adb.exe -P 5037 -s emulator-5554 shell pgrep -f \(\[\[:blank:\]\]\|\^\)io\.appium\.settings\(\[\[:blank:\]\]\|\$\)'
2022-10-21 08:21:19:394 [AndroidDriver] io.appium.settings is already running. There is no need to reset its permissions.
2022-10-21 08:21:19:395 [Logcat] Starting logs capture with command: C:\\Users\\Shilpa\\AppData\\Local\\Android\\Sdk\\platform-tools\\adb.exe -P 5037 -s emulator-5554 logcat -v threadtime
2022-10-21 08:21:19:466 [UiAutomator2] Forwarding UiAutomator2 Server port 6790 to local port 8208
2022-10-21 08:21:19:467 [ADB] Forwarding system: 8208 to device: 6790
2022-10-21 08:21:19:467 [ADB] Running 'C:\Users\Shilpa\AppData\Local\Android\Sdk\platform-tools\adb.exe -P 5037 -s emulator-5554 forward tcp:8208 tcp:6790'
2022-10-21 08:21:19:502 [ADB] Getting install status for io.appium.uiautomator2.server
2022-10-21 08:21:19:502 [ADB] Running 'C:\Users\Shilpa\AppData\Local\Android\Sdk\platform-tools\adb.exe -P 5037 -s emulator-5554 shell dumpsys package io.appium.uiautomator2.server'
2022-10-21 08:21:19:658 [ADB] 'io.appium.uiautomator2.server' is installed
2022-10-21 08:21:19:659 [ADB] Getting package info for 'io.appium.uiautomator2.server'
2022-10-21 08:21:19:659 [ADB] Running 'C:\Users\Shilpa\AppData\Local\Android\Sdk\platform-tools\adb.exe -P 5037 -s emulator-5554 shell dumpsys package io.appium.uiautomator2.server'
2022-10-21 08:21:19:912 [ADB] The version name of the installed 'io.appium.uiautomator2.server' is greater or equal to the application version name ('4.27.0' >= '4.27.0')
2022-10-21 08:21:19:912 [UiAutomator2] io.appium.uiautomator2.server installation state: sameVersionInstalled
2022-10-21 08:21:19:913 [ADB] Checking app cert for C:\Users\Shilpa\AppData\Roaming\npm\node_modules\appium\node_modules\appium-uiautomator2-server\apks\appium-uiautomator2-server-v4.27.0.apk
2022-10-21 08:21:19:936 [ADB] Using 'apksigner.jar' from 'C:\Users\Shilpa\AppData\Local\Android\Sdk\build-tools\33.0.0\lib\apksigner.jar'
2022-10-21 08:21:19:937 [ADB] Starting apksigner: 'C:\\Program Files\\Java\\jdk1.8.0_291\\bin\\java.exe' -Xmx1024M -Xss1m -jar C:\\Users\\Shilpa\\AppData\\Local\\Android\\Sdk\\build-tools\\33.0.0\\lib\\apksigner.jar verify --print-certs C:\\Users\\Shilpa\\AppData\\Roaming\\npm\\node_modules\\appium\\node_modules\\appium-uiautomator2-server\\apks\\appium-uiautomator2-server-v4.27.0.apk
2022-10-21 08:21:21:100 [ADB] apksigner stdout: Signer #1 certificate DN: EMAILADDRESS=android@android.com, CN=Android, OU=Android, O=Android, L=Mountain View, ST=California, C=US
2022-10-21 08:21:21:101 [ADB] Signer #1 certificate SHA-256 digest: a40da80a59d170caa950cf15c18c454d47a39b26989d8b640ecd745ba71bf5dc
2022-10-21 08:21:21:101 [ADB] Signer #1 certificate SHA-1 digest: 61ed377e85d386a8dfee6b864bd85b0bfaa5af81
2022-10-21 08:21:21:101 [ADB] Signer #1 certificate MD5 digest: e89b158e4bcf988ebd09eb83f5378e87
2022-10-21 08:21:21:101 [ADB] 
2022-10-21 08:21:21:102 [ADB] sha256 hash did match for 'appium-uiautomator2-server-v4.27.0.apk'
2022-10-21 08:21:21:103 [ADB] 'C:\Users\Shilpa\AppData\Roaming\npm\node_modules\appium\node_modules\appium-uiautomator2-server\apks\appium-uiautomator2-server-v4.27.0.apk' is signed with the default certificate
2022-10-21 08:21:21:103 [ADB] Getting install status for io.appium.uiautomator2.server.test
2022-10-21 08:21:21:103 [ADB] Running 'C:\Users\Shilpa\AppData\Local\Android\Sdk\platform-tools\adb.exe -P 5037 -s emulator-5554 shell dumpsys package io.appium.uiautomator2.server.test'
2022-10-21 08:21:21:320 [ADB] 'io.appium.uiautomator2.server.test' is installed
2022-10-21 08:21:21:321 [ADB] Checking app cert for C:\Users\Shilpa\AppData\Roaming\npm\node_modules\appium\node_modules\appium-uiautomator2-server\apks\appium-uiautomator2-server-debug-androidTest.apk
2022-10-21 08:21:21:328 [ADB] Starting apksigner: 'C:\\Program Files\\Java\\jdk1.8.0_291\\bin\\java.exe' -Xmx1024M -Xss1m -jar C:\\Users\\Shilpa\\AppData\\Local\\Android\\Sdk\\build-tools\\33.0.0\\lib\\apksigner.jar verify --print-certs C:\\Users\\Shilpa\\AppData\\Roaming\\npm\\node_modules\\appium\\node_modules\\appium-uiautomator2-server\\apks\\appium-uiautomator2-server-debug-androidTest.apk
2022-10-21 08:21:21:848 [ADB] apksigner stdout: Signer #1 certificate DN: EMAILADDRESS=android@android.com, CN=Android, OU=Android, O=Android, L=Mountain View, ST=California, C=US
2022-10-21 08:21:21:848 [ADB] Signer #1 certificate SHA-256 digest: a40da80a59d170caa950cf15c18c454d47a39b26989d8b640ecd745ba71bf5dc
2022-10-21 08:21:21:848 [ADB] Signer #1 certificate SHA-1 digest: 61ed377e85d386a8dfee6b864bd85b0bfaa5af81
2022-10-21 08:21:21:848 [ADB] Signer #1 certificate MD5 digest: e89b158e4bcf988ebd09eb83f5378e87
2022-10-21 08:21:21:848 [ADB] 
2022-10-21 08:21:21:848 [ADB] sha256 hash did match for 'appium-uiautomator2-server-debug-androidTest.apk'
2022-10-21 08:21:21:848 [ADB] 'C:\Users\Shilpa\AppData\Roaming\npm\node_modules\appium\node_modules\appium-uiautomator2-server\apks\appium-uiautomator2-server-debug-androidTest.apk' is signed with the default certificate
2022-10-21 08:21:21:849 [UiAutomator2] Server packages are not going to be (re)installed
2022-10-21 08:21:21:852 [UiAutomator2] Waiting up to 30000ms for services to be available
2022-10-21 08:21:21:853 [ADB] Running 'C:\Users\Shilpa\AppData\Local\Android\Sdk\platform-tools\adb.exe -P 5037 -s emulator-5554 shell pm list instrumentation'
2022-10-21 08:21:21:946 [UiAutomator2] Instrumentation target 'io.appium.uiautomator2.server.test/androidx.test.runner.AndroidJUnitRunner' is available
2022-10-21 08:21:21:950 [ADB] Adding packages ["io.appium.settings","io.appium.uiautomator2.server","io.appium.uiautomator2.server.test"] to Doze whitelist
2022-10-21 08:21:21:950 [ADB] Got the following command chunks to execute: [["dumpsys","deviceidle","whitelist","+io.appium.settings",";","dumpsys","deviceidle","whitelist","+io.appium.uiautomator2.server",";","dumpsys","deviceidle","whitelist","+io.appium.uiautomator2.server.test",";"]]
2022-10-21 08:21:21:950 [ADB] Running 'C:\Users\Shilpa\AppData\Local\Android\Sdk\platform-tools\adb.exe -P 5037 -s emulator-5554 shell dumpsys deviceidle whitelist +io.appium.settings ; dumpsys deviceidle whitelist +io.appium.uiautomator2.server ; dumpsys deviceidle whitelist +io.appium.uiautomator2.server.test ;'
2022-10-21 08:21:22:120 [ADB] Checking app cert for C:\Users\Shilpa\Documents\New_Sri_Mandir\SRI_MANDIR(Different languages)\src\main\java\resources\app-debug-3.8.0.apk
2022-10-21 08:21:22:426 [ADB] Starting apksigner: 'C:\\Program Files\\Java\\jdk1.8.0_291\\bin\\java.exe' -Xmx1024M -Xss1m -jar C:\\Users\\Shilpa\\AppData\\Local\\Android\\Sdk\\build-tools\\33.0.0\\lib\\apksigner.jar verify --print-certs 'C:\\Users\\Shilpa\\Documents\\New_Sri_Mandir\\SRI_MANDIR(Different languages)\\src\\main\\java\\resources\\app-debug-3.8.0.apk'
2022-10-21 08:21:26:667 [ADB] apksigner stdout: Signer #1 certificate DN: C=US, O=Android, CN=Android Debug
2022-10-21 08:21:26:667 [ADB] Signer #1 certificate SHA-256 digest: ffe3f74dd4b99b12dd63d207a90d1eb840869ef6f0303daaab8485d82cc377d0
2022-10-21 08:21:26:667 [ADB] Signer #1 certificate SHA-1 digest: d61e3b86f3eece241d9e58fa90b8a2e151b8685a
2022-10-21 08:21:26:667 [ADB] Signer #1 certificate MD5 digest: c57e6882d4d2db60bf329c1ab6c9a33c
2022-10-21 08:21:26:668 [ADB] 
2022-10-21 08:21:26:668 [ADB] 'C:\Users\Shilpa\Documents\New_Sri_Mandir\SRI_MANDIR(Different languages)\src\main\java\resources\app-debug-3.8.0.apk' is signed with a non-default certificate
2022-10-21 08:21:26:668 [ADB] Getting install status for com.mandir
2022-10-21 08:21:26:668 [ADB] Running 'C:\Users\Shilpa\AppData\Local\Android\Sdk\platform-tools\adb.exe -P 5037 -s emulator-5554 shell dumpsys package com.mandir'
2022-10-21 08:21:26:805 [ADB] 'com.mandir' is installed
2022-10-21 08:21:26:806 [ADB] Getting package info for 'com.mandir'
2022-10-21 08:21:26:806 [ADB] Running 'C:\Users\Shilpa\AppData\Local\Android\Sdk\platform-tools\adb.exe -P 5037 -s emulator-5554 shell dumpsys package com.mandir'
2022-10-21 08:21:26:883 [ADB] The version name of the installed 'com.mandir' is greater or equal to the application version name ('3.7.5' >= '3.7.5')
2022-10-21 08:21:26:883 [ADB] There is no need to install/upgrade 'C:\Users\Shilpa\Documents\New_Sri_Mandir\SRI_MANDIR(Different languages)\src\main\java\resources\app-debug-3.8.0.apk'
2022-10-21 08:21:26:884 [UiAutomator2] Performing shallow cleanup of automation leftovers
2022-10-21 08:21:26:901 [UiAutomator2] No obsolete sessions have been detected (socket hang up)
2022-10-21 08:21:26:902 [ADB] Running 'C:\Users\Shilpa\AppData\Local\Android\Sdk\platform-tools\adb.exe -P 5037 -s emulator-5554 shell am force-stop io.appium.uiautomator2.server.test'
2022-10-21 08:21:27:020 [UiAutomator2] Starting UIAutomator2 server 4.27.0
2022-10-21 08:21:27:020 [UiAutomator2] Using UIAutomator2 server from 'C:\Users\Shilpa\AppData\Roaming\npm\node_modules\appium\node_modules\appium-uiautomator2-server\apks\appium-uiautomator2-server-v4.27.0.apk' and test from 'C:\Users\Shilpa\AppData\Roaming\npm\node_modules\appium\node_modules\appium-uiautomator2-server\apks\appium-uiautomator2-server-debug-androidTest.apk'
2022-10-21 08:21:27:020 [UiAutomator2] Waiting up to 30000ms for UiAutomator2 to be online...
2022-10-21 08:21:27:021 [ADB] Creating ADB subprocess with args: ["-P",5037,"-s","emulator-5554","shell","am","instrument","-w","-e","disableAnalytics",true,"io.appium.uiautomator2.server.test/androidx.test.runner.AndroidJUnitRunner"]
2022-10-21 08:21:27:034 [WD Proxy] Matched '/status' to command name 'getStatus'
2022-10-21 08:21:27:036 [WD Proxy] Proxying [GET /status] to [GET http://127.0.0.1:8208/wd/hub/status] with no body
2022-10-21 08:21:27:050 [WD Proxy] socket hang up
2022-10-21 08:21:28:067 [WD Proxy] Matched '/status' to command name 'getStatus'
2022-10-21 08:21:28:067 [WD Proxy] Proxying [GET /status] to [GET http://127.0.0.1:8208/wd/hub/status] with no body
2022-10-21 08:21:28:078 [WD Proxy] socket hang up
2022-10-21 08:21:28:295 [Instrumentation] io.appium.uiautomator2.server.test.AppiumUiAutomator2Server:
2022-10-21 08:21:29:087 [WD Proxy] Matched '/status' to command name 'getStatus'
2022-10-21 08:21:29:087 [WD Proxy] Proxying [GET /status] to [GET http://127.0.0.1:8208/wd/hub/status] with no body
2022-10-21 08:21:29:170 [WD Proxy] socket hang up
2022-10-21 08:21:30:172 [WD Proxy] Matched '/status' to command name 'getStatus'
2022-10-21 08:21:30:173 [WD Proxy] Proxying [GET /status] to [GET http://127.0.0.1:8208/wd/hub/status] with no body
2022-10-21 08:21:30:446 [WD Proxy] Got response with status 200: {"sessionId":"None","value":{"message":"UiAutomator2 Server is ready to accept commands","ready":true}}
2022-10-21 08:21:30:447 [UiAutomator2] The initialization of the instrumentation process took 3426ms
2022-10-21 08:21:30:447 [WD Proxy] Matched '/session' to command name 'createSession'
2022-10-21 08:21:30:447 [WD Proxy] Proxying [POST /session] to [POST http://127.0.0.1:8208/wd/hub/session] with body: {"capabilities":{"firstMatch":[{"platform":"ANDROID","webStorageEnabled":false,"takesScreenshot":true,"javascriptEnabled":true,"databaseEnabled":false,"networkConnectionEnabled":true,"locationContextEnabled":false,"warnings":{},"desired":{"platformName":"android","platform":"ANDROID","app":"./src/main/java/resources/app-debug-3.8.0.apk","autoGrantPermissions":true,"automationName":"UiAutomator2","noReset":true,"udid":"emulator-5554"},"platformName":"android","app":"./src/main/java/resources/app-debug-3.8.0.apk","autoGrantPermissions":true,"automationName":"UiAutomator2","noReset":true,"udid":"emulator-5554","deviceName":"emulator-5554","deviceUDID":"emulator-5554","appPackage":"com.mandir"}],"alwaysMatch":{}}}
2022-10-21 08:21:30:529 [WD Proxy] Got response with status 200: {"sessionId":"3266c282-11ca-4010-835e-cd79552b54fa","value":{"capabilities":{"firstMatch":[{"platform":"ANDROID","webStorageEnabled":false,"takesScreenshot":true,"javascriptEnabled":true,"databaseEnabled":false,"networkConnectionEnabled":true,"locationContextEnabled":false,"warnings":{},"desired":{"platformName":"android","platform":"ANDROID","app":"./src/main/java/resources/app-debug-3.8.0.apk","autoGrantPermissions":true,"automationName":"UiAutomator2","noReset":true,"udid":"emulator-5554"},"platformName":"android","app":"./src/main/java/resources/app-debug-3.8.0.apk","autoGrantPermissions":true,"automationName":"UiAutomator2","noReset":true,"udid":"emulator-5554","deviceName":"emulator-5554","deviceUDID":"emulator-5554","appPackage":"com.mandir"}],"alwaysMatch":{}},"sessionId":"3266c282-11ca-4010-835e-cd79552b54fa"}}
2022-10-21 08:21:30:529 [WD Proxy] Determined the downstream protocol as 'W3C'
2022-10-21 08:21:30:541 [WD Proxy] Proxying [GET /appium/device/info] to [GET http://127.0.0.1:8208/wd/hub/session/3266c282-11ca-4010-835e-cd79552b54fa/appium/device/info] with no body
2022-10-21 08:21:30:594 [WD Proxy] Got response with status 200: {"sessionId":"3266c282-11ca-4010-835e-cd79552b54fa","value":{"androidId":"b679943b0277a210","apiVersion":"31","bluetooth":{"state":"ON"},"brand":"google","carrierName":"T-Mobile","displayDensity":420,"locale":"en_US","manufacturer":"Google","model":"sdk_gphone64_x86_64","networks":[{"capabilities":{"SSID":null,"linkDownBandwidthKbps":4300,"linkUpstreamBandwidthKbps":1800,"networkCapabilities":"NET_CAPABILITY_MMS,NET_CAPABILITY_SUPL,NET_CAPABILITY_DUN,NET_CAPABILITY_FOTA,NET_CAPABILITY_IMS,NET_CAPABILITY_CBS,NET_CAPABILITY_INTERNET,NET_CAPABILITY_NOT_RESTRICTED,NET_CAPABILITY_TRUSTED,NET_CAPABILITY_NOT_VPN,NET_CAPABILITY_VALIDATED,NET_CAPABILITY_NOT_ROAMING,NET_CAPABILITY_NOT_CONGESTED,NET_CAPABILITY_NOT_SUSPENDED","signalStrength":-2147483648,"transportTypes":"TRANSPORT_CELLULAR"},"detailedState":"CONNECTED","extraInfo":"epc.tmobile.com","isAvailable":true,"isConnected":true,"isFailover":false,"isRoaming":false,"state":"CONNECTED","subtype":10,"subtypeName":"HSPA","type":0,"typeName":"MOBILE"},{"capabiliti...
2022-10-21 08:21:30:594 [ADB] Running 'C:\Users\Shilpa\AppData\Local\Android\Sdk\platform-tools\adb.exe -P 5037 -s emulator-5554 shell dumpsys window'
2022-10-21 08:21:30:655 [AndroidDriver] Screen already unlocked, doing nothing
2022-10-21 08:21:30:656 [UiAutomator2] Starting 'com.mandir/com.mandir.ui.activity.SplashActivity and waiting for 'com.mandir/com.mandir.ui.activity.SplashActivity'
2022-10-21 08:21:30:656 [ADB] Running 'C:\Users\Shilpa\AppData\Local\Android\Sdk\platform-tools\adb.exe -P 5037 -s emulator-5554 shell am start -W -n com.mandir/com.mandir.ui.activity.SplashActivity -S -a android.intent.action.MAIN -c android.intent.category.LAUNCHER -f 0x10200000'
2022-10-21 08:21:41:430 [ADB] Waiting up to 20000ms for activity matching pkg: 'com.mandir' and activity: 'com.mandir.ui.activity.SplashActivity' to be focused
2022-10-21 08:21:41:431 [ADB] Possible activities, to be checked: 'com.mandir.ui.activity.SplashActivity', 'com.mandir.com.mandir.ui.activity.SplashActivity'
2022-10-21 08:21:41:432 [ADB] Getting focused package and activity
2022-10-21 08:21:41:432 [ADB] Running 'C:\Users\Shilpa\AppData\Local\Android\Sdk\platform-tools\adb.exe -P 5037 -s emulator-5554 shell dumpsys window displays'
2022-10-21 08:21:41:560 [ADB] Found package: 'com.mandir' and fully qualified activity name : 'com.mandir.v2.main.MainActivity'
2022-10-21 08:21:41:560 [ADB] Incorrect package and activity. Retrying.
2022-10-21 08:21:42:063 [ADB] Getting focused package and activity
2022-10-21 08:21:42:064 [ADB] Running 'C:\Users\Shilpa\AppData\Local\Android\Sdk\platform-tools\adb.exe -P 5037 -s emulator-5554 shell dumpsys window displays'
2022-10-21 08:21:42:131 [ADB] Found package: 'com.mandir' and fully qualified activity name : 'com.mandir.v2.main.MainActivity'
2022-10-21 08:21:42:131 [ADB] Incorrect package and activity. Retrying.
2022-10-21 08:21:42:638 [ADB] Getting focused package and activity
2022-10-21 08:21:42:639 [ADB] Running 'C:\Users\Shilpa\AppData\Local\Android\Sdk\platform-tools\adb.exe -P 5037 -s emulator-5554 shell dumpsys window displays'
2022-10-21 08:21:42:749 [ADB] Found package: 'com.mandir' and fully qualified activity name : 'com.mandir.v2.main.MainActivity'
2022-10-21 08:21:42:749 [ADB] Incorrect package and activity. Retrying.
2022-10-21 08:21:43:253 [ADB] Getting focused package and activity
2022-10-21 08:21:43:254 [ADB] Running 'C:\Users\Shilpa\AppData\Local\Android\Sdk\platform-tools\adb.exe -P 5037 -s emulator-5554 shell dumpsys window displays'
2022-10-21 08:21:43:336 [ADB] Found package: 'com.mandir' and fully qualified activity name : 'com.mandir.v2.main.MainActivity'
2022-10-21 08:21:43:337 [ADB] Incorrect package and activity. Retrying.
2022-10-21 08:21:43:847 [ADB] Getting focused package and activity
2022-10-21 08:21:43:848 [ADB] Running 'C:\Users\Shilpa\AppData\Local\Android\Sdk\platform-tools\adb.exe -P 5037 -s emulator-5554 shell dumpsys window displays'
2022-10-21 08:21:43:911 [ADB] Found package: 'com.mandir' and fully qualified activity name : 'com.mandir.v2.main.MainActivity'
2022-10-21 08:21:43:912 [ADB] Incorrect package and activity. Retrying.
2022-10-21 08:21:44:420 [ADB] Getting focused package and activity
2022-10-21 08:21:44:420 [ADB] Running 'C:\Users\Shilpa\AppData\Local\Android\Sdk\platform-tools\adb.exe -P 5037 -s emulator-5554 shell dumpsys window displays'
2022-10-21 08:21:44:511 [ADB] Found package: 'com.mandir' and fully qualified activity name : 'com.mandir.v2.main.MainActivity'
2022-10-21 08:21:44:511 [ADB] Incorrect package and activity. Retrying.
2022-10-21 08:21:45:026 [ADB] Getting focused package and activity
2022-10-21 08:21:45:026 [ADB] Running 'C:\Users\Shilpa\AppData\Local\Android\Sdk\platform-tools\adb.exe -P 5037 -s emulator-5554 shell dumpsys window displays'
2022-10-21 08:21:45:122 [ADB] Found package: 'com.mandir' and fully qualified activity name : 'com.mandir.v2.main.MainActivity'
2022-10-21 08:21:45:123 [ADB] Incorrect package and activity. Retrying.
2022-10-21 08:21:45:624 [ADB] Getting focused package and activity
2022-10-21 08:21:45:624 [ADB] Running 'C:\Users\Shilpa\AppData\Local\Android\Sdk\platform-tools\adb.exe -P 5037 -s emulator-5554 shell dumpsys window displays'
2022-10-21 08:21:45:706 [ADB] Found package: 'com.mandir' and fully qualified activity name : 'com.mandir.v2.main.MainActivity'
2022-10-21 08:21:45:706 [ADB] Incorrect package and activity. Retrying.
2022-10-21 08:21:46:207 [ADB] Getting focused package and activity
2022-10-21 08:21:46:207 [ADB] Running 'C:\Users\Shilpa\AppData\Local\Android\Sdk\platform-tools\adb.exe -P 5037 -s emulator-5554 shell dumpsys window displays'
2022-10-21 08:21:46:302 [ADB] Found package: 'com.mandir' and fully qualified activity name : 'com.mandir.v2.main.MainActivity'
2022-10-21 08:21:46:302 [ADB] Incorrect package and activity. Retrying.
2022-10-21 08:21:46:810 [ADB] Getting focused package and activity
2022-10-21 08:21:46:811 [ADB] Running 'C:\Users\Shilpa\AppData\Local\Android\Sdk\platform-tools\adb.exe -P 5037 -s emulator-5554 shell dumpsys window displays'
2022-10-21 08:21:46:906 [ADB] Found package: 'com.mandir' and fully qualified activity name : 'com.mandir.v2.main.MainActivity'
2022-10-21 08:21:46:906 [ADB] Incorrect package and activity. Retrying.
2022-10-21 08:21:47:415 [ADB] Getting focused package and activity
2022-10-21 08:21:47:415 [ADB] Running 'C:\Users\Shilpa\AppData\Local\Android\Sdk\platform-tools\adb.exe -P 5037 -s emulator-5554 shell dumpsys window displays'
2022-10-21 08:21:47:523 [ADB] Found package: 'com.mandir' and fully qualified activity name : 'com.mandir.v2.main.MainActivity'
2022-10-21 08:21:47:523 [ADB] Incorrect package and activity. Retrying.
2022-10-21 08:21:48:029 [ADB] Getting focused package and activity
2022-10-21 08:21:48:029 [ADB] Running 'C:\Users\Shilpa\AppData\Local\Android\Sdk\platform-tools\adb.exe -P 5037 -s emulator-5554 shell dumpsys window displays'
2022-10-21 08:21:48:208 [ADB] Found package: 'com.mandir' and fully qualified activity name : 'com.mandir.v2.main.MainActivity'
2022-10-21 08:21:48:209 [ADB] Incorrect package and activity. Retrying.
2022-10-21 08:21:48:712 [ADB] Getting focused package and activity
2022-10-21 08:21:48:713 [ADB] Running 'C:\Users\Shilpa\AppData\Local\Android\Sdk\platform-tools\adb.exe -P 5037 -s emulator-5554 shell dumpsys window displays'
2022-10-21 08:21:48:812 [ADB] Found package: 'com.mandir' and fully qualified activity name : 'com.mandir.v2.main.MainActivity'
2022-10-21 08:21:48:814 [ADB] Incorrect package and activity. Retrying.
2022-10-21 08:21:49:316 [ADB] Getting focused package and activity
2022-10-21 08:21:49:316 [ADB] Running 'C:\Users\Shilpa\AppData\Local\Android\Sdk\platform-tools\adb.exe -P 5037 -s emulator-5554 shell dumpsys window displays'
2022-10-21 08:21:49:420 [ADB] Found package: 'com.mandir' and fully qualified activity name : 'com.mandir.v2.main.MainActivity'
2022-10-21 08:21:49:420 [ADB] Incorrect package and activity. Retrying.
2022-10-21 08:21:49:926 [ADB] Getting focused package and activity
2022-10-21 08:21:49:926 [ADB] Running 'C:\Users\Shilpa\AppData\Local\Android\Sdk\platform-tools\adb.exe -P 5037 -s emulator-5554 shell dumpsys window displays'
2022-10-21 08:21:50:021 [ADB] Found package: 'com.mandir' and fully qualified activity name : 'com.mandir.v2.main.MainActivity'
2022-10-21 08:21:50:022 [ADB] Incorrect package and activity. Retrying.
2022-10-21 08:21:50:531 [ADB] Getting focused package and activity
2022-10-21 08:21:50:531 [ADB] Running 'C:\Users\Shilpa\AppData\Local\Android\Sdk\platform-tools\adb.exe -P 5037 -s emulator-5554 shell dumpsys window displays'
2022-10-21 08:21:50:656 [ADB] Found package: 'com.mandir' and fully qualified activity name : 'com.mandir.v2.main.MainActivity'
2022-10-21 08:21:50:657 [ADB] Incorrect package and activity. Retrying.
2022-10-21 08:21:51:170 [ADB] Getting focused package and activity
2022-10-21 08:21:51:170 [ADB] Running 'C:\Users\Shilpa\AppData\Local\Android\Sdk\platform-tools\adb.exe -P 5037 -s emulator-5554 shell dumpsys window displays'
2022-10-21 08:21:51:256 [ADB] Found package: 'com.mandir' and fully qualified activity name : 'com.mandir.v2.main.MainActivity'
2022-10-21 08:21:51:257 [ADB] Incorrect package and activity. Retrying.
2022-10-21 08:21:51:772 [ADB] Getting focused package and activity
2022-10-21 08:21:51:772 [ADB] Running 'C:\Users\Shilpa\AppData\Local\Android\Sdk\platform-tools\adb.exe -P 5037 -s emulator-5554 shell dumpsys window displays'
2022-10-21 08:21:51:855 [ADB] Found package: 'com.mandir' and fully qualified activity name : 'com.mandir.v2.main.MainActivity'
2022-10-21 08:21:51:855 [ADB] Incorrect package and activity. Retrying.
2022-10-21 08:21:52:357 [ADB] Getting focused package and activity
2022-10-21 08:21:52:357 [ADB] Running 'C:\Users\Shilpa\AppData\Local\Android\Sdk\platform-tools\adb.exe -P 5037 -s emulator-5554 shell dumpsys window displays'
2022-10-21 08:21:52:442 [ADB] Found package: 'com.mandir' and fully qualified activity name : 'com.mandir.v2.main.MainActivity'
2022-10-21 08:21:52:442 [ADB] Incorrect package and activity. Retrying.
2022-10-21 08:21:52:952 [ADB] Getting focused package and activity
2022-10-21 08:21:52:952 [ADB] Running 'C:\Users\Shilpa\AppData\Local\Android\Sdk\platform-tools\adb.exe -P 5037 -s emulator-5554 shell dumpsys window displays'
2022-10-21 08:21:53:092 [ADB] Found package: 'com.mandir' and fully qualified activity name : 'com.mandir.v2.main.MainActivity'
2022-10-21 08:21:53:093 [ADB] Incorrect package and activity. Retrying.
2022-10-21 08:21:53:604 [ADB] Getting focused package and activity
2022-10-21 08:21:53:604 [ADB] Running 'C:\Users\Shilpa\AppData\Local\Android\Sdk\platform-tools\adb.exe -P 5037 -s emulator-5554 shell dumpsys window displays'
2022-10-21 08:21:53:715 [ADB] Found package: 'com.mandir' and fully qualified activity name : 'com.mandir.v2.main.MainActivity'
2022-10-21 08:21:53:715 [ADB] Incorrect package and activity. Retrying.
2022-10-21 08:21:54:228 [ADB] Getting focused package and activity
2022-10-21 08:21:54:228 [ADB] Running 'C:\Users\Shilpa\AppData\Local\Android\Sdk\platform-tools\adb.exe -P 5037 -s emulator-5554 shell dumpsys window displays'
2022-10-21 08:21:54:317 [ADB] Found package: 'com.mandir' and fully qualified activity name : 'com.mandir.v2.main.MainActivity'
2022-10-21 08:21:54:318 [ADB] Incorrect package and activity. Retrying.
2022-10-21 08:21:54:820 [ADB] Getting focused package and activity
2022-10-21 08:21:54:820 [ADB] Running 'C:\Users\Shilpa\AppData\Local\Android\Sdk\platform-tools\adb.exe -P 5037 -s emulator-5554 shell dumpsys window displays'
2022-10-21 08:21:54:916 [ADB] Found package: 'com.mandir' and fully qualified activity name : 'com.mandir.v2.main.MainActivity'
2022-10-21 08:21:54:917 [ADB] Incorrect package and activity. Retrying.
2022-10-21 08:21:55:429 [ADB] Getting focused package and activity
2022-10-21 08:21:55:429 [ADB] Running 'C:\Users\Shilpa\AppData\Local\Android\Sdk\platform-tools\adb.exe -P 5037 -s emulator-5554 shell dumpsys window displays'
2022-10-21 08:21:55:526 [ADB] Found package: 'com.mandir' and fully qualified activity name : 'com.mandir.v2.main.MainActivity'
2022-10-21 08:21:55:526 [ADB] Incorrect package and activity. Retrying.
2022-10-21 08:21:56:034 [ADB] Getting focused package and activity
2022-10-21 08:21:56:035 [ADB] Running 'C:\Users\Shilpa\AppData\Local\Android\Sdk\platform-tools\adb.exe -P 5037 -s emulator-5554 shell dumpsys window displays'
2022-10-21 08:21:56:147 [ADB] Found package: 'com.mandir' and fully qualified activity name : 'com.mandir.v2.main.MainActivity'
2022-10-21 08:21:56:147 [ADB] Incorrect package and activity. Retrying.
2022-10-21 08:21:56:654 [ADB] Getting focused package and activity
2022-10-21 08:21:56:654 [ADB] Running 'C:\Users\Shilpa\AppData\Local\Android\Sdk\platform-tools\adb.exe -P 5037 -s emulator-5554 shell dumpsys window displays'
2022-10-21 08:21:56:764 [ADB] Found package: 'com.mandir' and fully qualified activity name : 'com.mandir.v2.main.MainActivity'
2022-10-21 08:21:56:764 [ADB] Incorrect package and activity. Retrying.
2022-10-21 08:21:57:270 [ADB] Getting focused package and activity
2022-10-21 08:21:57:271 [ADB] Running 'C:\Users\Shilpa\AppData\Local\Android\Sdk\platform-tools\adb.exe -P 5037 -s emulator-5554 shell dumpsys window displays'
2022-10-21 08:21:57:364 [ADB] Found package: 'com.mandir' and fully qualified activity name : 'com.mandir.v2.main.MainActivity'
2022-10-21 08:21:57:365 [ADB] Incorrect package and activity. Retrying.
2022-10-21 08:21:57:874 [ADB] Getting focused package and activity
2022-10-21 08:21:57:874 [ADB] Running 'C:\Users\Shilpa\AppData\Local\Android\Sdk\platform-tools\adb.exe -P 5037 -s emulator-5554 shell dumpsys window displays'
2022-10-21 08:21:57:972 [ADB] Found package: 'com.mandir' and fully qualified activity name : 'com.mandir.v2.main.MainActivity'
2022-10-21 08:21:57:972 [ADB] Incorrect package and activity. Retrying.
2022-10-21 08:21:58:478 [ADB] Getting focused package and activity
2022-10-21 08:21:58:479 [ADB] Running 'C:\Users\Shilpa\AppData\Local\Android\Sdk\platform-tools\adb.exe -P 5037 -s emulator-5554 shell dumpsys window displays'
2022-10-21 08:21:58:588 [ADB] Found package: 'com.mandir' and fully qualified activity name : 'com.mandir.v2.main.MainActivity'
2022-10-21 08:21:58:589 [ADB] Incorrect package and activity. Retrying.
2022-10-21 08:21:59:100 [ADB] Getting focused package and activity
2022-10-21 08:21:59:100 [ADB] Running 'C:\Users\Shilpa\AppData\Local\Android\Sdk\platform-tools\adb.exe -P 5037 -s emulator-5554 shell dumpsys window displays'
2022-10-21 08:21:59:197 [ADB] Found package: 'com.mandir' and fully qualified activity name : 'com.mandir.v2.main.MainActivity'
2022-10-21 08:21:59:197 [ADB] Incorrect package and activity. Retrying.
2022-10-21 08:21:59:702 [ADB] Getting focused package and activity
2022-10-21 08:21:59:703 [ADB] Running 'C:\Users\Shilpa\AppData\Local\Android\Sdk\platform-tools\adb.exe -P 5037 -s emulator-5554 shell dumpsys window displays'
2022-10-21 08:21:59:798 [ADB] Found package: 'com.mandir' and fully qualified activity name : 'com.mandir.v2.main.MainActivity'
2022-10-21 08:21:59:798 [ADB] Incorrect package and activity. Retrying.
2022-10-21 08:22:00:308 [ADB] Getting focused package and activity
2022-10-21 08:22:00:309 [ADB] Running 'C:\Users\Shilpa\AppData\Local\Android\Sdk\platform-tools\adb.exe -P 5037 -s emulator-5554 shell dumpsys window displays'
2022-10-21 08:22:00:418 [ADB] Found package: 'com.mandir' and fully qualified activity name : 'com.mandir.v2.main.MainActivity'
2022-10-21 08:22:00:418 [ADB] Incorrect package and activity. Retrying.
2022-10-21 08:22:00:933 [ADB] Getting focused package and activity
2022-10-21 08:22:00:934 [ADB] Running 'C:\Users\Shilpa\AppData\Local\Android\Sdk\platform-tools\adb.exe -P 5037 -s emulator-5554 shell dumpsys window displays'
2022-10-21 08:22:01:061 [ADB] Found package: 'com.mandir' and fully qualified activity name : 'com.mandir.v2.main.MainActivity'
2022-10-21 08:22:01:061 [ADB] Incorrect package and activity. Retrying.
2022-10-21 08:22:01:446 [ADB] Getting focused package and activity
2022-10-21 08:22:01:446 [ADB] Running 'C:\Users\Shilpa\AppData\Local\Android\Sdk\platform-tools\adb.exe -P 5037 -s emulator-5554 shell dumpsys window displays'
2022-10-21 08:22:01:534 [ADB] Found package: 'com.mandir' and fully qualified activity name : 'com.mandir.v2.main.MainActivity'
2022-10-21 08:22:01:534 [ADB] Incorrect package and activity. Retrying.
2022-10-21 08:22:01:535 [UiAutomator2] Deleting UiAutomator2 session
2022-10-21 08:22:01:536 [UiAutomator2] Deleting UiAutomator2 server session
2022-10-21 08:22:01:537 [WD Proxy] Matched '/' to command name 'deleteSession'
2022-10-21 08:22:01:537 [WD Proxy] Proxying [DELETE /] to [DELETE http://127.0.0.1:8208/wd/hub/session/3266c282-11ca-4010-835e-cd79552b54fa] with no body
2022-10-21 08:22:01:574 [WD Proxy] Got response with status 200: {"sessionId":"3266c282-11ca-4010-835e-cd79552b54fa","value":null}
2022-10-21 08:22:01:575 [ADB] Running 'C:\Users\Shilpa\AppData\Local\Android\Sdk\platform-tools\adb.exe -P 5037 -s emulator-5554 shell am force-stop com.mandir'
2022-10-21 08:22:01:747 [Instrumentation] .
2022-10-21 08:22:01:943 [Logcat] Stopping logcat capture
2022-10-21 08:22:01:959 [ADB] Removing forwarded port socket connection: 8208 
2022-10-21 08:22:01:959 [ADB] Running 'C:\Users\Shilpa\AppData\Local\Android\Sdk\platform-tools\adb.exe -P 5037 -s emulator-5554 forward --remove tcp:8208'
2022-10-21 08:22:01:990 [UiAutomator2] Restoring hidden api policy to the device default configuration
2022-10-21 08:22:01:991 [ADB] Running 'C:\Users\Shilpa\AppData\Local\Android\Sdk\platform-tools\adb.exe -P 5037 -s emulator-5554 shell 'settings delete global hidden_api_policy_pre_p_apps;settings delete global hidden_api_policy_p_apps;settings delete global hidden_api_policy''
2022-10-21 08:22:02:102 [Instrumentation] Time: 33.48
2022-10-21 08:22:02:102 [Instrumentation] 
2022-10-21 08:22:02:102 [Instrumentation] OK (1 test)
2022-10-21 08:22:02:188 [Instrumentation] The process has exited with code 0
2022-10-21 08:22:02:329 [BaseDriver] Event 'newSessionStarted' logged at 1666340522328 (13:52:02 GMT+0530 (India Standard Time))
2022-10-21 08:22:02:430 [W3C] Encountered internal error running command: Error: Cannot start the 'com.mandir' application. Visit https://github.com/appium/appium/blob/master/docs/en/writing-running-appium/android/activity-startup.md for troubleshooting. Original error: 'com.mandir.ui.activity.SplashActivity' or 'com.mandir.com.mandir.ui.activity.SplashActivity' never started. Visit https://github.com/appium/appium/blob/master/docs/en/writing-running-appium/android/activity-startup.md for troubleshooting
2022-10-21 08:22:02:430 [W3C]     at ADB.startApp (C:\Users\Shilpa\AppData\Roaming\npm\node_modules\appium\node_modules\appium-adb\lib\tools\apk-utils.js:179:11)
2022-10-21 08:22:02:430 [W3C]     at AndroidUiautomator2Driver.ensureAppStarts (C:\Users\Shilpa\AppData\Roaming\npm\node_modules\appium\node_modules\appium-uiautomator2-driver\lib\driver.js:564:7)
2022-10-21 08:22:02:430 [W3C]     at AndroidUiautomator2Driver.startUiAutomator2Session (C:\Users\Shilpa\AppData\Roaming\npm\node_modules\appium\node_modules\appium-uiautomator2-driver\lib\driver.js:431:7)
2022-10-21 08:22:02:431 [W3C]     at AndroidUiautomator2Driver.createSession (C:\Users\Shilpa\AppData\Roaming\npm\node_modules\appium\node_modules\appium-uiautomator2-driver\lib\driver.js:229:7)
2022-10-21 08:22:02:431 [W3C]     at AppiumDriver.createSession (C:\Users\Shilpa\AppData\Roaming\npm\node_modules\appium\lib\appium.js:387:35)
2022-10-21 08:22:02:453 [HTTP] <-- POST /wd/hub/session 500 44890 ms - 1419
2022-10-21 08:22:02:453 [HTTP] 
