2022-09-29 18:17:36:389 [Appium] Welcome to Appium v1.22.3
2022-09-29 18:17:36:390 [Appium] Non-default server args:
2022-09-29 18:17:36:390 [Appium]   address: 127.0.0.1
2022-09-29 18:17:36:390 [Appium]   port: 27475
2022-09-29 18:17:36:390 [Appium]   logFile: C:\Users\Santhruptha\git\repository3\SRI_MANDIR\.\ServerLogs\appiumSriMandircompareImageOfSamrGodInMandirPage.log
2022-09-29 18:17:36:424 [Appium] Appium REST http interface listener started on 127.0.0.1:27475
2022-09-29 18:17:36:611 [HTTP] --> GET /wd/hub/status
2022-09-29 18:17:36:612 [HTTP] {}
2022-09-29 18:17:36:613 [GENERIC] Calling AppiumDriver.getStatus() with args: []
2022-09-29 18:17:36:614 [GENERIC] Responding to client with driver.getStatus() result: {"build":{"version":"1.22.3"}}
2022-09-29 18:17:36:625 [HTTP] <-- GET /wd/hub/status 200 9 ms - 68
2022-09-29 18:17:36:625 [HTTP] 
2022-09-29 18:17:37:302 [HTTP] --> POST /wd/hub/session
2022-09-29 18:17:37:302 [HTTP] {"desiredCapabilities":{"app":"./src/main/java/resources/app-debug-permission-check-fix.apk","noReset":true,"automationName":"UiAutomator2","autoGrantPermissions":true,"platformName":"Android","udid":"emulator-5554","platform":"ANDROID"},"capabilities":{"firstMatch":[{"appium:app":"./src/main/java/resources/app-debug-permission-check-fix.apk","appium:autoGrantPermissions":true,"appium:automationName":"UiAutomator2","appium:noReset":true,"platform":"ANDROID","platformName":"android","appium:udid":"emulator-5554"}]}}
2022-09-29 18:17:37:303 [W3C] Calling AppiumDriver.createSession() with args: [{"app":"./src/main/java/resources/app-debug-permission-check-fix.apk","noReset":true,"automationName":"UiAutomator2","autoGrantPermissions":true,"platformName":"Android","udid":"emulator-5554","platform":"ANDROID"},null,{"firstMatch":[{"appium:app":"./src/main/java/resources/app-debug-permission-check-fix.apk","appium:autoGrantPermissions":true,"appium:automationName":"UiAutomator2","appium:noReset":true,"platform":"ANDROID","platformName":"android","appium:udid":"emulator-5554"}]}]
2022-09-29 18:17:37:308 [BaseDriver] Event 'newSessionRequested' logged at 1664475457303 (23:47:37 GMT+0530 (India Standard Time))
2022-09-29 18:17:37:310 [BaseDriver] The following capabilities are not standard capabilities and should have an extension prefix:
2022-09-29 18:17:37:311 [BaseDriver]   platform
2022-09-29 18:17:37:619 [Appium] Appium v1.22.3 creating new AndroidUiautomator2Driver (v1.70.1) session
2022-09-29 18:17:37:621 [BaseDriver] W3C capabilities and MJSONWP desired capabilities were provided
2022-09-29 18:17:37:622 [BaseDriver] Creating session with W3C capabilities: {
2022-09-29 18:17:37:622 [BaseDriver]   "alwaysMatch": {
2022-09-29 18:17:37:622 [BaseDriver]     "appium:platform": "ANDROID",
2022-09-29 18:17:37:622 [BaseDriver]     "platformName": "android",
2022-09-29 18:17:37:622 [BaseDriver]     "appium:app": "./src/main/java/resources/app-debug-permission-check-fix.apk",
2022-09-29 18:17:37:622 [BaseDriver]     "appium:autoGrantPermissions": true,
2022-09-29 18:17:37:622 [BaseDriver]     "appium:automationName": "UiAutomator2",
2022-09-29 18:17:37:622 [BaseDriver]     "appium:noReset": true,
2022-09-29 18:17:37:622 [BaseDriver]     "appium:udid": "emulator-5554"
2022-09-29 18:17:37:622 [BaseDriver]   },
2022-09-29 18:17:37:623 [BaseDriver]   "firstMatch": [
2022-09-29 18:17:37:623 [BaseDriver]     {}
2022-09-29 18:17:37:623 [BaseDriver]   ]
2022-09-29 18:17:37:623 [BaseDriver] }
2022-09-29 18:17:37:627 [BaseDriver] The following capabilities were provided, but are not recognized by Appium:
2022-09-29 18:17:37:627 [BaseDriver]   platform
2022-09-29 18:17:37:630 [BaseDriver] Session created with session id: d2875aff-34c2-4ef3-8928-f02ee76c3471
2022-09-29 18:17:37:632 [BaseDriver] Using local app './src/main/java/resources/app-debug-permission-check-fix.apk'
2022-09-29 18:17:37:632 [BaseDriver] The current application path './src/main/java/resources/app-debug-permission-check-fix.apk' is not absolute and has been rewritten to 'C:\Users\Santhruptha\git\repository3\SRI_MANDIR\src\main\java\resources\app-debug-permission-check-fix.apk'. Consider using absolute paths rather than relative
2022-09-29 18:17:37:632 [UiAutomator2] Checking whether app is actually present
2022-09-29 18:17:37:674 [ADB] Found 2 'build-tools' folders under 'C:\Users\Santhruptha\AppData\Local\Android\Sdk' (newest first):
2022-09-29 18:17:37:674 [ADB]     C:/Users/Santhruptha/AppData/Local/Android/Sdk/build-tools/33.0.0
2022-09-29 18:17:37:674 [ADB]     C:/Users/Santhruptha/AppData/Local/Android/Sdk/build-tools/30.0.3
2022-09-29 18:17:37:675 [ADB] Using 'adb.exe' from 'C:\Users\Santhruptha\AppData\Local\Android\Sdk\platform-tools\adb.exe'
2022-09-29 18:17:37:676 [ADB] Running 'C:\Users\Santhruptha\AppData\Local\Android\Sdk\platform-tools\adb.exe -P 5037 start-server'
2022-09-29 18:17:37:709 [AndroidDriver] Retrieving device list
2022-09-29 18:17:37:709 [ADB] Trying to find a connected android device
2022-09-29 18:17:37:710 [ADB] Getting connected devices
2022-09-29 18:17:37:735 [ADB] Connected devices: [{"udid":"emulator-5554","state":"device"}]
2022-09-29 18:17:37:736 [AndroidDriver] Using device: emulator-5554
2022-09-29 18:17:37:737 [ADB] Using 'adb.exe' from 'C:\Users\Santhruptha\AppData\Local\Android\Sdk\platform-tools\adb.exe'
2022-09-29 18:17:37:737 [ADB] Running 'C:\Users\Santhruptha\AppData\Local\Android\Sdk\platform-tools\adb.exe -P 5037 start-server'
2022-09-29 18:17:37:763 [ADB] Setting device id to emulator-5554
2022-09-29 18:17:37:763 [ADB] Running 'C:\Users\Santhruptha\AppData\Local\Android\Sdk\platform-tools\adb.exe -P 5037 -s emulator-5554 shell getprop ro.build.version.sdk'
2022-09-29 18:17:37:795 [ADB] Current device property 'ro.build.version.sdk': 31
2022-09-29 18:17:37:795 [ADB] Getting device platform version
2022-09-29 18:17:37:795 [ADB] Running 'C:\Users\Santhruptha\AppData\Local\Android\Sdk\platform-tools\adb.exe -P 5037 -s emulator-5554 shell getprop ro.build.version.release'
2022-09-29 18:17:37:825 [ADB] Current device property 'ro.build.version.release': 12
2022-09-29 18:17:37:825 [ADB] Device API level: 31
2022-09-29 18:17:37:825 [UiAutomator2] Relaxing hidden api policy
2022-09-29 18:17:37:825 [ADB] Running 'C:\Users\Santhruptha\AppData\Local\Android\Sdk\platform-tools\adb.exe -P 5037 -s emulator-5554 shell 'settings put global hidden_api_policy_pre_p_apps 1;settings put global hidden_api_policy_p_apps 1;settings put global hidden_api_policy 1''
2022-09-29 18:17:37:898 [AndroidDriver] Parsing package and activity from app manifest
2022-09-29 18:17:37:934 [ADB] Package name: 'com.mandir'
2022-09-29 18:17:37:934 [ADB] Main activity name: 'com.mandir.ui.activity.SplashActivity'
2022-09-29 18:17:37:934 [AndroidDriver] Parsed package and activity are: com.mandir/com.mandir.ui.activity.SplashActivity
2022-09-29 18:17:37:934 [ADB] Running 'C:\Users\Santhruptha\AppData\Local\Android\Sdk\platform-tools\adb.exe -P 5037 -s emulator-5554 wait-for-device'
2022-09-29 18:17:37:960 [ADB] Running 'C:\Users\Santhruptha\AppData\Local\Android\Sdk\platform-tools\adb.exe -P 5037 -s emulator-5554 shell echo ping'
2022-09-29 18:17:37:987 [AndroidDriver] Pushing settings apk to device...
2022-09-29 18:17:37:988 [ADB] Getting install status for io.appium.settings
2022-09-29 18:17:37:988 [ADB] Running 'C:\Users\Santhruptha\AppData\Local\Android\Sdk\platform-tools\adb.exe -P 5037 -s emulator-5554 shell dumpsys package io.appium.settings'
2022-09-29 18:17:38:029 [ADB] 'io.appium.settings' is installed
2022-09-29 18:17:38:030 [ADB] Getting package info for 'io.appium.settings'
2022-09-29 18:17:38:030 [ADB] Running 'C:\Users\Santhruptha\AppData\Local\Android\Sdk\platform-tools\adb.exe -P 5037 -s emulator-5554 shell dumpsys package io.appium.settings'
2022-09-29 18:17:38:069 [ADB] The version name of the installed 'io.appium.settings' is greater or equal to the application version name ('3.4.0' >= '3.4.0')
2022-09-29 18:17:38:070 [ADB] There is no need to install/upgrade 'C:\Users\Santhruptha\AppData\Roaming\npm\node_modules\appium\node_modules\io.appium.settings\apks\settings_apk-debug.apk'
2022-09-29 18:17:38:070 [ADB] Getting IDs of all 'io.appium.settings' processes
2022-09-29 18:17:38:070 [ADB] Running 'C:\Users\Santhruptha\AppData\Local\Android\Sdk\platform-tools\adb.exe -P 5037 -s emulator-5554 shell 'pgrep --help; echo $?''
2022-09-29 18:17:38:107 [ADB] Running 'C:\Users\Santhruptha\AppData\Local\Android\Sdk\platform-tools\adb.exe -P 5037 -s emulator-5554 shell pgrep -f \(\[\[:blank:\]\]\|\^\)io\.appium\.settings\(\[\[:blank:\]\]\|\$\)'
2022-09-29 18:17:38:239 [AndroidDriver] io.appium.settings is already running. There is no need to reset its permissions.
2022-09-29 18:17:38:240 [Logcat] Starting logs capture with command: C:\\Users\\Santhruptha\\AppData\\Local\\Android\\Sdk\\platform-tools\\adb.exe -P 5037 -s emulator-5554 logcat -v threadtime
2022-09-29 18:17:38:298 [UiAutomator2] Forwarding UiAutomator2 Server port 6790 to local port 8207
2022-09-29 18:17:38:299 [ADB] Forwarding system: 8207 to device: 6790
2022-09-29 18:17:38:299 [ADB] Running 'C:\Users\Santhruptha\AppData\Local\Android\Sdk\platform-tools\adb.exe -P 5037 -s emulator-5554 forward tcp:8207 tcp:6790'
2022-09-29 18:17:38:337 [ADB] Getting install status for io.appium.uiautomator2.server
2022-09-29 18:17:38:337 [ADB] Running 'C:\Users\Santhruptha\AppData\Local\Android\Sdk\platform-tools\adb.exe -P 5037 -s emulator-5554 shell dumpsys package io.appium.uiautomator2.server'
2022-09-29 18:17:38:394 [ADB] 'io.appium.uiautomator2.server' is installed
2022-09-29 18:17:38:394 [ADB] Getting package info for 'io.appium.uiautomator2.server'
2022-09-29 18:17:38:395 [ADB] Running 'C:\Users\Santhruptha\AppData\Local\Android\Sdk\platform-tools\adb.exe -P 5037 -s emulator-5554 shell dumpsys package io.appium.uiautomator2.server'
2022-09-29 18:17:38:682 [ADB] The version name of the installed 'io.appium.uiautomator2.server' is greater or equal to the application version name ('4.27.0' >= '4.27.0')
2022-09-29 18:17:38:682 [UiAutomator2] io.appium.uiautomator2.server installation state: sameVersionInstalled
2022-09-29 18:17:38:683 [ADB] Checking app cert for C:\Users\Santhruptha\AppData\Roaming\npm\node_modules\appium\node_modules\appium-uiautomator2-server\apks\appium-uiautomator2-server-v4.27.0.apk
2022-09-29 18:17:38:716 [ADB] Using 'apksigner.jar' from 'C:\Users\Santhruptha\AppData\Local\Android\Sdk\build-tools\33.0.0\lib\apksigner.jar'
2022-09-29 18:17:38:718 [ADB] Starting apksigner: 'C:\\Program Files\\Java\\jdk-15.0.1\\bin\\java.exe' -Xmx1024M -Xss1m -jar C:\\Users\\Santhruptha\\AppData\\Local\\Android\\Sdk\\build-tools\\33.0.0\\lib\\apksigner.jar verify --print-certs C:\\Users\\Santhruptha\\AppData\\Roaming\\npm\\node_modules\\appium\\node_modules\\appium-uiautomator2-server\\apks\\appium-uiautomator2-server-v4.27.0.apk
2022-09-29 18:17:39:268 [ADB] apksigner stdout: Signer #1 certificate DN: EMAILADDRESS=android@android.com, CN=Android, OU=Android, O=Android, L=Mountain View, ST=California, C=US
2022-09-29 18:17:39:268 [ADB] Signer #1 certificate SHA-256 digest: a40da80a59d170caa950cf15c18c454d47a39b26989d8b640ecd745ba71bf5dc
2022-09-29 18:17:39:269 [ADB] Signer #1 certificate SHA-1 digest: 61ed377e85d386a8dfee6b864bd85b0bfaa5af81
2022-09-29 18:17:39:269 [ADB] Signer #1 certificate MD5 digest: e89b158e4bcf988ebd09eb83f5378e87
2022-09-29 18:17:39:269 [ADB] 
2022-09-29 18:17:39:269 [ADB] sha256 hash did match for 'appium-uiautomator2-server-v4.27.0.apk'
2022-09-29 18:17:39:269 [ADB] 'C:\Users\Santhruptha\AppData\Roaming\npm\node_modules\appium\node_modules\appium-uiautomator2-server\apks\appium-uiautomator2-server-v4.27.0.apk' is signed with the default certificate
2022-09-29 18:17:39:269 [ADB] Getting install status for io.appium.uiautomator2.server.test
2022-09-29 18:17:39:270 [ADB] Running 'C:\Users\Santhruptha\AppData\Local\Android\Sdk\platform-tools\adb.exe -P 5037 -s emulator-5554 shell dumpsys package io.appium.uiautomator2.server.test'
2022-09-29 18:17:39:315 [ADB] 'io.appium.uiautomator2.server.test' is installed
2022-09-29 18:17:39:315 [ADB] Checking app cert for C:\Users\Santhruptha\AppData\Roaming\npm\node_modules\appium\node_modules\appium-uiautomator2-server\apks\appium-uiautomator2-server-debug-androidTest.apk
2022-09-29 18:17:39:319 [ADB] Starting apksigner: 'C:\\Program Files\\Java\\jdk-15.0.1\\bin\\java.exe' -Xmx1024M -Xss1m -jar C:\\Users\\Santhruptha\\AppData\\Local\\Android\\Sdk\\build-tools\\33.0.0\\lib\\apksigner.jar verify --print-certs C:\\Users\\Santhruptha\\AppData\\Roaming\\npm\\node_modules\\appium\\node_modules\\appium-uiautomator2-server\\apks\\appium-uiautomator2-server-debug-androidTest.apk
2022-09-29 18:17:39:590 [ADB] apksigner stdout: Signer #1 certificate DN: EMAILADDRESS=android@android.com, CN=Android, OU=Android, O=Android, L=Mountain View, ST=California, C=US
2022-09-29 18:17:39:590 [ADB] Signer #1 certificate SHA-256 digest: a40da80a59d170caa950cf15c18c454d47a39b26989d8b640ecd745ba71bf5dc
2022-09-29 18:17:39:591 [ADB] Signer #1 certificate SHA-1 digest: 61ed377e85d386a8dfee6b864bd85b0bfaa5af81
2022-09-29 18:17:39:591 [ADB] Signer #1 certificate MD5 digest: e89b158e4bcf988ebd09eb83f5378e87
2022-09-29 18:17:39:591 [ADB] 
2022-09-29 18:17:39:591 [ADB] sha256 hash did match for 'appium-uiautomator2-server-debug-androidTest.apk'
2022-09-29 18:17:39:591 [ADB] 'C:\Users\Santhruptha\AppData\Roaming\npm\node_modules\appium\node_modules\appium-uiautomator2-server\apks\appium-uiautomator2-server-debug-androidTest.apk' is signed with the default certificate
2022-09-29 18:17:39:591 [UiAutomator2] Server packages are not going to be (re)installed
2022-09-29 18:17:39:594 [UiAutomator2] Waiting up to 30000ms for services to be available
2022-09-29 18:17:39:594 [ADB] Running 'C:\Users\Santhruptha\AppData\Local\Android\Sdk\platform-tools\adb.exe -P 5037 -s emulator-5554 shell pm list instrumentation'
2022-09-29 18:17:39:636 [UiAutomator2] Instrumentation target 'io.appium.uiautomator2.server.test/androidx.test.runner.AndroidJUnitRunner' is available
2022-09-29 18:17:39:637 [ADB] Adding packages ["io.appium.settings","io.appium.uiautomator2.server","io.appium.uiautomator2.server.test"] to Doze whitelist
2022-09-29 18:17:39:638 [ADB] Got the following command chunks to execute: [["dumpsys","deviceidle","whitelist","+io.appium.settings",";","dumpsys","deviceidle","whitelist","+io.appium.uiautomator2.server",";","dumpsys","deviceidle","whitelist","+io.appium.uiautomator2.server.test",";"]]
2022-09-29 18:17:39:638 [ADB] Running 'C:\Users\Santhruptha\AppData\Local\Android\Sdk\platform-tools\adb.exe -P 5037 -s emulator-5554 shell dumpsys deviceidle whitelist +io.appium.settings ; dumpsys deviceidle whitelist +io.appium.uiautomator2.server ; dumpsys deviceidle whitelist +io.appium.uiautomator2.server.test ;'
2022-09-29 18:17:39:693 [ADB] Checking app cert for C:\Users\Santhruptha\git\repository3\SRI_MANDIR\src\main\java\resources\app-debug-permission-check-fix.apk
2022-09-29 18:17:40:057 [ADB] Starting apksigner: 'C:\\Program Files\\Java\\jdk-15.0.1\\bin\\java.exe' -Xmx1024M -Xss1m -jar C:\\Users\\Santhruptha\\AppData\\Local\\Android\\Sdk\\build-tools\\33.0.0\\lib\\apksigner.jar verify --print-certs C:\\Users\\Santhruptha\\git\\repository3\\SRI_MANDIR\\src\\main\\java\\resources\\app-debug-permission-check-fix.apk
2022-09-29 18:17:41:549 [ADB] apksigner stdout: Signer #1 certificate DN: C=US, O=Android, CN=Android Debug
2022-09-29 18:17:41:549 [ADB] Signer #1 certificate SHA-256 digest: 1a88fb209dc13dd8a94e09e7c568bd6110effe1af1ae807363423660bdedd431
2022-09-29 18:17:41:549 [ADB] Signer #1 certificate SHA-1 digest: 364149b76ce7a237255b7822dc1fb6a16a07e53a
2022-09-29 18:17:41:549 [ADB] Signer #1 certificate MD5 digest: b398560dcfa1e9442e1bca121f0438ce
2022-09-29 18:17:41:549 [ADB] 
2022-09-29 18:17:41:549 [ADB] 'C:\Users\Santhruptha\git\repository3\SRI_MANDIR\src\main\java\resources\app-debug-permission-check-fix.apk' is signed with a non-default certificate
2022-09-29 18:17:41:550 [ADB] Getting install status for com.mandir
2022-09-29 18:17:41:550 [ADB] Running 'C:\Users\Santhruptha\AppData\Local\Android\Sdk\platform-tools\adb.exe -P 5037 -s emulator-5554 shell dumpsys package com.mandir'
2022-09-29 18:17:41:647 [ADB] 'com.mandir' is installed
2022-09-29 18:17:41:647 [ADB] Getting package info for 'com.mandir'
2022-09-29 18:17:41:648 [ADB] Running 'C:\Users\Santhruptha\AppData\Local\Android\Sdk\platform-tools\adb.exe -P 5037 -s emulator-5554 shell dumpsys package com.mandir'
2022-09-29 18:17:41:709 [ADB] The version name of the installed 'com.mandir' is greater or equal to the application version name ('3.7.1' >= '3.7.1')
2022-09-29 18:17:41:709 [ADB] There is no need to install/upgrade 'C:\Users\Santhruptha\git\repository3\SRI_MANDIR\src\main\java\resources\app-debug-permission-check-fix.apk'
2022-09-29 18:17:41:710 [UiAutomator2] Performing shallow cleanup of automation leftovers
2022-09-29 18:17:41:756 [UiAutomator2] The following obsolete sessions are still running: ["19be3648-a258-429e-865b-d8703339ac30"]
2022-09-29 18:17:41:758 [UiAutomator2] Cleaning up 1 obsolete session
2022-09-29 18:17:42:793 [ADB] Running 'C:\Users\Santhruptha\AppData\Local\Android\Sdk\platform-tools\adb.exe -P 5037 -s emulator-5554 shell am force-stop io.appium.uiautomator2.server.test'
2022-09-29 18:17:42:850 [UiAutomator2] Starting UIAutomator2 server 4.27.0
2022-09-29 18:17:42:850 [UiAutomator2] Using UIAutomator2 server from 'C:\Users\Santhruptha\AppData\Roaming\npm\node_modules\appium\node_modules\appium-uiautomator2-server\apks\appium-uiautomator2-server-v4.27.0.apk' and test from 'C:\Users\Santhruptha\AppData\Roaming\npm\node_modules\appium\node_modules\appium-uiautomator2-server\apks\appium-uiautomator2-server-debug-androidTest.apk'
2022-09-29 18:17:42:850 [UiAutomator2] Waiting up to 30000ms for UiAutomator2 to be online...
2022-09-29 18:17:42:850 [ADB] Creating ADB subprocess with args: ["-P",5037,"-s","emulator-5554","shell","am","instrument","-w","-e","disableAnalytics",true,"io.appium.uiautomator2.server.test/androidx.test.runner.AndroidJUnitRunner"]
2022-09-29 18:17:42:857 [WD Proxy] Matched '/status' to command name 'getStatus'
2022-09-29 18:17:42:858 [WD Proxy] Proxying [GET /status] to [GET http://127.0.0.1:8207/wd/hub/status] with no body
2022-09-29 18:17:42:868 [WD Proxy] socket hang up
2022-09-29 18:17:43:885 [WD Proxy] Matched '/status' to command name 'getStatus'
2022-09-29 18:17:43:886 [WD Proxy] Proxying [GET /status] to [GET http://127.0.0.1:8207/wd/hub/status] with no body
2022-09-29 18:17:43:890 [WD Proxy] socket hang up
2022-09-29 18:17:44:898 [WD Proxy] Matched '/status' to command name 'getStatus'
2022-09-29 18:17:44:898 [WD Proxy] Proxying [GET /status] to [GET http://127.0.0.1:8207/wd/hub/status] with no body
2022-09-29 18:17:44:903 [WD Proxy] socket hang up
2022-09-29 18:17:44:989 [Instrumentation] io.appium.uiautomator2.server.test.AppiumUiAutomator2Server:
2022-09-29 18:17:45:909 [WD Proxy] Matched '/status' to command name 'getStatus'
2022-09-29 18:17:45:910 [WD Proxy] Proxying [GET /status] to [GET http://127.0.0.1:8207/wd/hub/status] with no body
2022-09-29 18:17:45:915 [WD Proxy] socket hang up
2022-09-29 18:17:46:919 [WD Proxy] Matched '/status' to command name 'getStatus'
2022-09-29 18:17:46:920 [WD Proxy] Proxying [GET /status] to [GET http://127.0.0.1:8207/wd/hub/status] with no body
2022-09-29 18:17:46:954 [WD Proxy] Got response with status 200: {"sessionId":"None","value":{"message":"UiAutomator2 Server is ready to accept commands","ready":true}}
2022-09-29 18:17:46:954 [UiAutomator2] The initialization of the instrumentation process took 4105ms
2022-09-29 18:17:46:955 [WD Proxy] Matched '/session' to command name 'createSession'
2022-09-29 18:17:46:955 [WD Proxy] Proxying [POST /session] to [POST http://127.0.0.1:8207/wd/hub/session] with body: {"capabilities":{"firstMatch":[{"platform":"ANDROID","webStorageEnabled":false,"takesScreenshot":true,"javascriptEnabled":true,"databaseEnabled":false,"networkConnectionEnabled":true,"locationContextEnabled":false,"warnings":{},"desired":{"platformName":"android","platform":"ANDROID","app":"./src/main/java/resources/app-debug-permission-check-fix.apk","autoGrantPermissions":true,"automationName":"UiAutomator2","noReset":true,"udid":"emulator-5554"},"platformName":"android","app":"./src/main/java/resources/app-debug-permission-check-fix.apk","autoGrantPermissions":true,"automationName":"UiAutomator2","noReset":true,"udid":"emulator-5554","deviceName":"emulator-5554","deviceUDID":"emulator-5554","appPackage":"com.mandir"}],"alwaysMatch":{}}}
2022-09-29 18:17:46:971 [WD Proxy] Got response with status 200: {"sessionId":"92e390b7-206d-4a04-85e3-0df2c6973f8a","value":{"capabilities":{"firstMatch":[{"platform":"ANDROID","webStorageEnabled":false,"takesScreenshot":true,"javascriptEnabled":true,"databaseEnabled":false,"networkConnectionEnabled":true,"locationContextEnabled":false,"warnings":{},"desired":{"platformName":"android","platform":"ANDROID","app":"./src/main/java/resources/app-debug-permission-check-fix.apk","autoGrantPermissions":true,"automationName":"UiAutomator2","noReset":true,"udid":"emulator-5554"},"platformName":"android","app":"./src/main/java/resources/app-debug-permission-check-fix.apk","autoGrantPermissions":true,"automationName":"UiAutomator2","noReset":true,"udid":"emulator-5554","deviceName":"emulator-5554","deviceUDID":"emulator-5554","appPackage":"com.mandir"}],"alwaysMatch":{}},"sessionId":"92e390b7-206d-4a04-85e3-0df2c6973f8a"}}
2022-09-29 18:17:46:971 [WD Proxy] Determined the downstream protocol as 'W3C'
2022-09-29 18:17:46:981 [WD Proxy] Proxying [GET /appium/device/info] to [GET http://127.0.0.1:8207/wd/hub/session/92e390b7-206d-4a04-85e3-0df2c6973f8a/appium/device/info] with no body
2022-09-29 18:17:47:031 [WD Proxy] Got response with status 200: {"sessionId":"92e390b7-206d-4a04-85e3-0df2c6973f8a","value":{"androidId":"552f43563f2b4976","apiVersion":"31","bluetooth":{"state":"ON"},"brand":"google","carrierName":"T-Mobile","displayDensity":420,"locale":"en_US","manufacturer":"Google","model":"sdk_gphone64_x86_64","networks":[{"capabilities":{"SSID":null,"linkDownBandwidthKbps":30000,"linkUpstreamBandwidthKbps":12000,"networkCapabilities":"NET_CAPABILITY_NOT_METERED,NET_CAPABILITY_INTERNET,NET_CAPABILITY_NOT_RESTRICTED,NET_CAPABILITY_TRUSTED,NET_CAPABILITY_NOT_VPN,NET_CAPABILITY_VALIDATED,NET_CAPABILITY_NOT_ROAMING,NET_CAPABILITY_FOREGROUND,NET_CAPABILITY_NOT_CONGESTED,NET_CAPABILITY_NOT_SUSPENDED","signalStrength":-50,"transportTypes":"TRANSPORT_WIFI"},"detailedState":"CONNECTED","extraInfo":"","isAvailable":true,"isConnected":true,"isFailover":false,"isRoaming":false,"state":"CONNECTED","subtype":-1,"subtypeName":"","type":1,"typeName":"WIFI"},{"capabilities":{"SSID":null,"linkDownBandwidthKbps":4300,"linkUpstreamBandwidthKbps":1800,"networkCapabil...
2022-09-29 18:17:47:032 [ADB] Running 'C:\Users\Santhruptha\AppData\Local\Android\Sdk\platform-tools\adb.exe -P 5037 -s emulator-5554 shell dumpsys window'
2022-09-29 18:17:47:098 [AndroidDriver] Screen already unlocked, doing nothing
2022-09-29 18:17:47:098 [UiAutomator2] Starting 'com.mandir/com.mandir.ui.activity.SplashActivity and waiting for 'com.mandir/com.mandir.ui.activity.SplashActivity'
2022-09-29 18:17:47:099 [ADB] Running 'C:\Users\Santhruptha\AppData\Local\Android\Sdk\platform-tools\adb.exe -P 5037 -s emulator-5554 shell am start -W -n com.mandir/com.mandir.ui.activity.SplashActivity -S -a android.intent.action.MAIN -c android.intent.category.LAUNCHER -f 0x10200000'
2022-09-29 18:17:51:345 [ADB] Waiting up to 20000ms for activity matching pkg: 'com.mandir' and activity: 'com.mandir.ui.activity.SplashActivity' to be focused
2022-09-29 18:17:51:346 [ADB] Possible activities, to be checked: 'com.mandir.ui.activity.SplashActivity', 'com.mandir.com.mandir.ui.activity.SplashActivity'
2022-09-29 18:17:51:347 [ADB] Getting focused package and activity
2022-09-29 18:17:51:347 [ADB] Running 'C:\Users\Santhruptha\AppData\Local\Android\Sdk\platform-tools\adb.exe -P 5037 -s emulator-5554 shell dumpsys window displays'
2022-09-29 18:17:51:499 [ADB] Found package: 'com.mandir' and fully qualified activity name : 'com.mandir.ui.activity.SplashActivity'
2022-09-29 18:17:51:502 [WD Proxy] Proxying [GET /appium/device/pixel_ratio] to [GET http://127.0.0.1:8207/wd/hub/session/92e390b7-206d-4a04-85e3-0df2c6973f8a/appium/device/pixel_ratio] with no body
2022-09-29 18:17:51:518 [WD Proxy] Got response with status 200: {"sessionId":"92e390b7-206d-4a04-85e3-0df2c6973f8a","value":2.625}
2022-09-29 18:17:51:519 [WD Proxy] Matched '/appium/device/system_bars' to command name 'getSystemBars'
2022-09-29 18:17:51:519 [WD Proxy] Proxying [GET /appium/device/system_bars] to [GET http://127.0.0.1:8207/wd/hub/session/92e390b7-206d-4a04-85e3-0df2c6973f8a/appium/device/system_bars] with no body
2022-09-29 18:17:51:543 [WD Proxy] Got response with status 200: {"sessionId":"92e390b7-206d-4a04-85e3-0df2c6973f8a","value":{"statusBar":63}}
2022-09-29 18:17:51:544 [WD Proxy] Matched '/window/current/size' to command name 'getWindowSize'
2022-09-29 18:17:51:544 [WD Proxy] Proxying [GET /window/current/size] to [GET http://127.0.0.1:8207/wd/hub/session/92e390b7-206d-4a04-85e3-0df2c6973f8a/window/current/size] with no body
2022-09-29 18:17:51:557 [WD Proxy] Got response with status 200: {"sessionId":"92e390b7-206d-4a04-85e3-0df2c6973f8a","value":{"height":1794,"width":1080}}
2022-09-29 18:17:51:559 [Appium] New AndroidUiautomator2Driver session created successfully, session d2875aff-34c2-4ef3-8928-f02ee76c3471 added to master session list
2022-09-29 18:17:51:560 [BaseDriver] Event 'newSessionStarted' logged at 1664475471560 (23:47:51 GMT+0530 (India Standard Time))
2022-09-29 18:17:51:560 [W3C (d2875aff)] Cached the protocol value 'W3C' for the new session d2875aff-34c2-4ef3-8928-f02ee76c3471
2022-09-29 18:17:51:561 [W3C (d2875aff)] Responding to client with driver.createSession() result: {"capabilities":{"platform":"ANDROID","webStorageEnabled":false,"takesScreenshot":true,"javascriptEnabled":true,"databaseEnabled":false,"networkConnectionEnabled":true,"locationContextEnabled":false,"warnings":{},"desired":{"platformName":"android","platform":"ANDROID","app":"./src/main/java/resources/app-debug-permission-check-fix.apk","autoGrantPermissions":true,"automationName":"UiAutomator2","noReset":true,"udid":"emulator-5554"},"platformName":"android","app":"./src/main/java/resources/app-debug-permission-check-fix.apk","autoGrantPermissions":true,"automationName":"UiAutomator2","noReset":true,"udid":"emulator-5554","deviceName":"emulator-5554","deviceUDID":"emulator-5554","appPackage":"com.mandir","deviceApiLevel":31,"platformVersion":"12","deviceScreenSize":"1080x1920","deviceScreenDensity":420,"deviceModel":"sdk_gphone64_x86_64","deviceManufacturer":"Google","pixelRatio":2.625,"statBarHeight":63,"viewportRect":{"left":0,"top":63,"width":1080,"height":1731}}}
2022-09-29 18:17:51:563 [HTTP] <-- POST /wd/hub/session 200 14260 ms - 1042
2022-09-29 18:17:51:563 [HTTP] 
2022-09-29 18:17:51:664 [HTTP] --> GET /wd/hub/session/d2875aff-34c2-4ef3-8928-f02ee76c3471
2022-09-29 18:17:51:664 [HTTP] {}
2022-09-29 18:17:51:666 [W3C (d2875aff)] Calling AppiumDriver.getSession() with args: ["d2875aff-34c2-4ef3-8928-f02ee76c3471"]
2022-09-29 18:17:51:666 [UiAutomator2] Getting session details from server to mix in
2022-09-29 18:17:51:667 [WD Proxy] Matched '/' to command name 'getSession'
2022-09-29 18:17:51:667 [WD Proxy] Proxying [GET /] to [GET http://127.0.0.1:8207/wd/hub/session/92e390b7-206d-4a04-85e3-0df2c6973f8a] with no body
2022-09-29 18:17:51:677 [WD Proxy] Got response with status 200: {"sessionId":"92e390b7-206d-4a04-85e3-0df2c6973f8a","value":{"lastScrollData":null}}
2022-09-29 18:17:51:678 [W3C (d2875aff)] Responding to client with driver.getSession() result: {"platform":"ANDROID","webStorageEnabled":false,"takesScreenshot":true,"javascriptEnabled":true,"databaseEnabled":false,"networkConnectionEnabled":true,"locationContextEnabled":false,"warnings":{},"desired":{"platformName":"android","platform":"ANDROID","app":"./src/main/java/resources/app-debug-permission-check-fix.apk","autoGrantPermissions":true,"automationName":"UiAutomator2","noReset":true,"udid":"emulator-5554"},"platformName":"android","app":"./src/main/java/resources/app-debug-permission-check-fix.apk","autoGrantPermissions":true,"automationName":"UiAutomator2","noReset":true,"udid":"emulator-5554","deviceName":"emulator-5554","deviceUDID":"emulator-5554","appPackage":"com.mandir","deviceApiLevel":31,"platformVersion":"12","deviceScreenSize":"1080x1920","deviceScreenDensity":420,"deviceModel":"sdk_gphone64_x86_64","deviceManufacturer":"Google","pixelRatio":2.625,"statBarHeight":63,"viewportRect":{"left":0,"top":63,"width":1080,"height":1731},"lastScrollData":null}
2022-09-29 18:17:51:680 [HTTP] <-- GET /wd/hub/session/d2875aff-34c2-4ef3-8928-f02ee76c3471 200 15 ms - 996
2022-09-29 18:17:51:680 [HTTP] 
2022-09-29 18:17:51:687 [HTTP] --> GET /wd/hub/session/d2875aff-34c2-4ef3-8928-f02ee76c3471
2022-09-29 18:17:51:687 [HTTP] {}
2022-09-29 18:17:51:688 [W3C (d2875aff)] Calling AppiumDriver.getSession() with args: ["d2875aff-34c2-4ef3-8928-f02ee76c3471"]
2022-09-29 18:17:51:689 [UiAutomator2] Getting session details from server to mix in
2022-09-29 18:17:51:690 [WD Proxy] Matched '/' to command name 'getSession'
2022-09-29 18:17:51:690 [WD Proxy] Proxying [GET /] to [GET http://127.0.0.1:8207/wd/hub/session/92e390b7-206d-4a04-85e3-0df2c6973f8a] with no body
2022-09-29 18:17:51:698 [WD Proxy] Got response with status 200: {"sessionId":"92e390b7-206d-4a04-85e3-0df2c6973f8a","value":{"lastScrollData":null}}
2022-09-29 18:17:51:699 [W3C (d2875aff)] Responding to client with driver.getSession() result: {"platform":"ANDROID","webStorageEnabled":false,"takesScreenshot":true,"javascriptEnabled":true,"databaseEnabled":false,"networkConnectionEnabled":true,"locationContextEnabled":false,"warnings":{},"desired":{"platformName":"android","platform":"ANDROID","app":"./src/main/java/resources/app-debug-permission-check-fix.apk","autoGrantPermissions":true,"automationName":"UiAutomator2","noReset":true,"udid":"emulator-5554"},"platformName":"android","app":"./src/main/java/resources/app-debug-permission-check-fix.apk","autoGrantPermissions":true,"automationName":"UiAutomator2","noReset":true,"udid":"emulator-5554","deviceName":"emulator-5554","deviceUDID":"emulator-5554","appPackage":"com.mandir","deviceApiLevel":31,"platformVersion":"12","deviceScreenSize":"1080x1920","deviceScreenDensity":420,"deviceModel":"sdk_gphone64_x86_64","deviceManufacturer":"Google","pixelRatio":2.625,"statBarHeight":63,"viewportRect":{"left":0,"top":63,"width":1080,"height":1731},"lastScrollData":null}
2022-09-29 18:17:51:700 [HTTP] <-- GET /wd/hub/session/d2875aff-34c2-4ef3-8928-f02ee76c3471 200 13 ms - 996
2022-09-29 18:17:51:700 [HTTP] 
2022-09-29 18:17:51:712 [HTTP] --> POST /wd/hub/session/d2875aff-34c2-4ef3-8928-f02ee76c3471/timeouts
2022-09-29 18:17:51:712 [HTTP] {"implicit":50000}
2022-09-29 18:17:51:713 [W3C (d2875aff)] Calling AppiumDriver.timeouts() with args: [null,null,null,null,50000,"d2875aff-34c2-4ef3-8928-f02ee76c3471"]
2022-09-29 18:17:51:714 [BaseDriver] W3C timeout argument: {"implicit":50000}}
2022-09-29 18:17:51:714 [BaseDriver] Set implicit wait to 50000ms
2022-09-29 18:17:51:715 [W3C (d2875aff)] Responding to client with driver.timeouts() result: null
2022-09-29 18:17:51:716 [HTTP] <-- POST /wd/hub/session/d2875aff-34c2-4ef3-8928-f02ee76c3471/timeouts 200 4 ms - 14
2022-09-29 18:17:51:716 [HTTP] 
2022-09-29 18:17:52:089 [HTTP] --> POST /wd/hub/session/d2875aff-34c2-4ef3-8928-f02ee76c3471/element
2022-09-29 18:17:52:089 [HTTP] {"using":"xpath","value":"//android.widget.ImageView[@resource-id='com.mandir:id/iv_gods']"}
2022-09-29 18:17:52:092 [W3C (d2875aff)] Calling AppiumDriver.findElement() with args: ["xpath","//android.widget.ImageView[@resource-id='com.mandir:id/iv_gods']","d2875aff-34c2-4ef3-8928-f02ee76c3471"]
2022-09-29 18:17:52:093 [BaseDriver] Valid locator strategies for this request: xpath, id, class name, accessibility id, css selector, -android uiautomator
2022-09-29 18:17:52:093 [BaseDriver] Waiting up to 50000 ms for condition
2022-09-29 18:17:52:096 [WD Proxy] Matched '/element' to command name 'findElement'
2022-09-29 18:17:52:096 [WD Proxy] Proxying [POST /element] to [POST http://127.0.0.1:8207/wd/hub/session/92e390b7-206d-4a04-85e3-0df2c6973f8a/element] with body: {"strategy":"xpath","selector":"//android.widget.ImageView[@resource-id='com.mandir:id/iv_gods']","context":"","multiple":false}
2022-09-29 18:17:56:541 [WD Proxy] Got response with status 404: {"sessionId":"92e390b7-206d-4a04-85e3-0df2c6973f8a","value":{"error":"no such element","message":"An element could not be located on the page using the given search parameters","stacktrace":"io.appium.uiautomator2.common.exceptions.ElementNotFoundException: An element could not be located on the page using the given search parameters\n\tat io.appium.uiautomator2.handler.FindElement.findElement(FindElement.java:90)\n\tat io.appium.uiautomator2.handler.FindElement.safeHandle(FindElement.java:67)\n\tat io.appium.uiautomator2.handler.request.SafeRequestHandler.handle(SafeRequestHandler.java:59)\n\tat io.appium.uiautomator2.server.AppiumServlet.handleRequest(AppiumServlet.java:266)\n\tat io.appium.uiautomator2.server.AppiumServlet.handleHttpRequest(AppiumServlet.java:260)\n\tat io.appium.uiautomator2.http.ServerHandler.channelRead(ServerHandler.java:68)\n\tat io.netty.channel.AbstractChannelHandlerContext.invokeChannelRead(AbstractChannelHandlerContext.java:366)\n\tat io.netty.channel.AbstractChannelHandlerCont...
2022-09-29 18:17:56:542 [W3C] Matched W3C error code 'no such element' to NoSuchElementError
2022-09-29 18:17:56:543 [BaseDriver] Waited for 4450 ms so far
2022-09-29 18:17:57:046 [WD Proxy] Matched '/element' to command name 'findElement'
2022-09-29 18:17:57:046 [WD Proxy] Proxying [POST /element] to [POST http://127.0.0.1:8207/wd/hub/session/92e390b7-206d-4a04-85e3-0df2c6973f8a/element] with body: {"strategy":"xpath","selector":"//android.widget.ImageView[@resource-id='com.mandir:id/iv_gods']","context":"","multiple":false}
2022-09-29 18:17:59:865 [WD Proxy] Got response with status 200: {"sessionId":"92e390b7-206d-4a04-85e3-0df2c6973f8a","value":{"ELEMENT":"00000000-0000-005e-ffff-ffff0000012e","element-6066-11e4-a52e-4f735466cecf":"00000000-0000-005e-ffff-ffff0000012e"}}
2022-09-29 18:17:59:866 [W3C (d2875aff)] Responding to client with driver.findElement() result: {"element-6066-11e4-a52e-4f735466cecf":"00000000-0000-005e-ffff-ffff0000012e","ELEMENT":"00000000-0000-005e-ffff-ffff0000012e"}
2022-09-29 18:17:59:868 [HTTP] <-- POST /wd/hub/session/d2875aff-34c2-4ef3-8928-f02ee76c3471/element 200 7778 ms - 137
2022-09-29 18:17:59:868 [HTTP] 
2022-09-29 18:17:59:904 [HTTP] --> POST /wd/hub/session/d2875aff-34c2-4ef3-8928-f02ee76c3471/element
2022-09-29 18:17:59:904 [HTTP] {"using":"xpath","value":"//android.widget.ImageView[@resource-id='com.mandir:id/iv_gods']"}
2022-09-29 18:17:59:907 [W3C (d2875aff)] Calling AppiumDriver.findElement() with args: ["xpath","//android.widget.ImageView[@resource-id='com.mandir:id/iv_gods']","d2875aff-34c2-4ef3-8928-f02ee76c3471"]
2022-09-29 18:17:59:908 [BaseDriver] Valid locator strategies for this request: xpath, id, class name, accessibility id, css selector, -android uiautomator
2022-09-29 18:17:59:908 [BaseDriver] Waiting up to 50000 ms for condition
2022-09-29 18:17:59:908 [WD Proxy] Matched '/element' to command name 'findElement'
2022-09-29 18:17:59:909 [WD Proxy] Proxying [POST /element] to [POST http://127.0.0.1:8207/wd/hub/session/92e390b7-206d-4a04-85e3-0df2c6973f8a/element] with body: {"strategy":"xpath","selector":"//android.widget.ImageView[@resource-id='com.mandir:id/iv_gods']","context":"","multiple":false}
2022-09-29 18:18:01:316 [WD Proxy] Got response with status 200: {"sessionId":"92e390b7-206d-4a04-85e3-0df2c6973f8a","value":{"ELEMENT":"00000000-0000-005e-ffff-ffff0000012e","element-6066-11e4-a52e-4f735466cecf":"00000000-0000-005e-ffff-ffff0000012e"}}
2022-09-29 18:18:01:317 [W3C (d2875aff)] Responding to client with driver.findElement() result: {"element-6066-11e4-a52e-4f735466cecf":"00000000-0000-005e-ffff-ffff0000012e","ELEMENT":"00000000-0000-005e-ffff-ffff0000012e"}
2022-09-29 18:18:01:318 [HTTP] <-- POST /wd/hub/session/d2875aff-34c2-4ef3-8928-f02ee76c3471/element 200 1414 ms - 137
2022-09-29 18:18:01:318 [HTTP] 
2022-09-29 18:18:01:325 [HTTP] --> GET /wd/hub/session/d2875aff-34c2-4ef3-8928-f02ee76c3471/element/00000000-0000-005e-ffff-ffff0000012e/displayed
2022-09-29 18:18:01:325 [HTTP] {}
2022-09-29 18:18:01:328 [W3C (d2875aff)] Calling AppiumDriver.elementDisplayed() with args: ["00000000-0000-005e-ffff-ffff0000012e","d2875aff-34c2-4ef3-8928-f02ee76c3471"]
2022-09-29 18:18:01:329 [WD Proxy] Matched '/element/00000000-0000-005e-ffff-ffff0000012e/attribute/displayed' to command name 'getAttribute'
2022-09-29 18:18:01:329 [WD Proxy] Proxying [GET /element/00000000-0000-005e-ffff-ffff0000012e/attribute/displayed] to [GET http://127.0.0.1:8207/wd/hub/session/92e390b7-206d-4a04-85e3-0df2c6973f8a/element/00000000-0000-005e-ffff-ffff0000012e/attribute/displayed] with no body
2022-09-29 18:18:01:479 [WD Proxy] Got response with status 200: {"sessionId":"92e390b7-206d-4a04-85e3-0df2c6973f8a","value":"true"}
2022-09-29 18:18:01:480 [W3C (d2875aff)] Responding to client with driver.elementDisplayed() result: true
2022-09-29 18:18:01:482 [HTTP] <-- GET /wd/hub/session/d2875aff-34c2-4ef3-8928-f02ee76c3471/element/00000000-0000-005e-ffff-ffff0000012e/displayed 200 156 ms - 14
2022-09-29 18:18:01:482 [HTTP] 
2022-09-29 18:18:01:486 [HTTP] --> GET /wd/hub/session/d2875aff-34c2-4ef3-8928-f02ee76c3471/screenshot
2022-09-29 18:18:01:486 [HTTP] {}
2022-09-29 18:18:01:488 [W3C (d2875aff)] Calling AppiumDriver.getScreenshot() with args: ["d2875aff-34c2-4ef3-8928-f02ee76c3471"]
2022-09-29 18:18:01:490 [WD Proxy] Matched '/screenshot' to command name 'getScreenshot'
2022-09-29 18:18:01:490 [WD Proxy] Proxying [GET /screenshot] to [GET http://127.0.0.1:8207/wd/hub/session/92e390b7-206d-4a04-85e3-0df2c6973f8a/screenshot] with no body
2022-09-29 18:18:04:417 [WD Proxy] Got response with status 200: {"sessionId":"92e390b7-206d-4a04-85e3-0df2c6973f8a","value":"iVBORw0KGgoAAAANSUhEUgAABDgAAAeACAYAAAArYecKAAAAAXNSR0IArs4c6QAAAARzQklUCAgI\nCHwIZIgAACAASURBVHic7L15lCTZVeb5e8/MfHcPjzX3vTIra5VUUkkICRAIsUNLMICgxTAwgmY7\nMOqBoYcB+gjoOaiHAdGHRS32rVvQcCSBEFs3lEYqLbUrqyorq7Jyi1wiMvbw3c3N7M0fHpHp4enm\nbmZu5u4RGd85Velh9vZ33333ffeambjwBzHFoCA8pmtvkdd87enD6Flr3W3lCeFSjVu94s4ie2Xz\n2/VtB4H3jvcrF14wiDray/cjp26y3Wu8/Ahde7leytlFE/2O1Wb+MMa5vYyg+tDLWuyUvluaXuMU\nRZ1+94VO6b3MS6/0bvf9XO+xx3RN45Y+bPjVUW5pepXdTbcNejza2xW2deW3P37K81Km33XZK6+f\n/P3W36vMwVnCdwfa11/r9U10s/+GMR9+jfBu6bvpn6D2mhd42RvCzhvSXCnXPzaaEeF+5cV08JPH\nNWE3HT4IW9uv7RCWHdmpjKCcgMe8usfiB4tROkS5TGbrQrtDF/tQzm57QM8mqWgXeygI2xgZ9f5G\njVa56iVjbvd2xz9a+BmjoAdot7ztCMtAHJahGUTeuq2LQfWjtQ1e6/TS5mEY/UEOvH7QrtPc6h3U\nITQM54rfuQ+KbvIQpXEctOywDOOw+7ZLbISPfvXeTkC7nA7CfvIznp3sDj9tjICY6lr9EOzPUImN\n1mtuBfu1H8NcP73KimJP9qrPA/ZV+s+yDaAYvuJ0mbQg559WqFv/26boh7EbBITL76jrCpLWr/b1\nO6aDHItdeMeoz4sfT3lY7d/OUUbDJmTc4KX+sKIIBuEh7GZUhhFdMAz42ReCltcNo+Jld8N20wU7\nAWGR7sOYO7+kRBRtHASB2C1y...
2022-09-29 18:18:04:436 [W3C (d2875aff)] Responding to client with driver.getScreenshot() result: "iVBORw0KGgoAAAANSUhEUgAABDgAAAeACAYAAAArYecKAAAAAXNSR0IArs4c6QAAAARzQklUCAgI\nCHwIZIgAACAASURBVHic7L15lCTZVeb5e8/MfHcPjzX3vTIra5VUUkkICRAIsUNLMICgxTAwgmY7\nMOqBoYcB+gjoOaiHAdGHRS32rVvQcCSBEFs3lEYqLbUrqyorq7Jyi1wiMvbw3c3N7M0fHpHp4enm\nbmZu5u4RGd85Velh9vZ33333ffeambjwBzHFoCA8pmtvkdd87enD6Flr3W3lCeFSjVu94s4ie2Xz\n2/VtB4H3jvcrF14wiDray/cjp26y3Wu8/Ahde7leytlFE/2O1Wb+MMa5vYyg+tDLWuyUvluaXuMU\nRZ1+94VO6b3MS6/0bvf9XO+xx3RN45Y+bPjVUW5pepXdTbcNejza2xW2deW3P37K81Km33XZK6+f\n/P3W36vMwVnCdwfa11/r9U10s/+GMR9+jfBu6bvpn6D2mhd42RvCzhvSXCnXPzaaEeF+5cV08JPH\nNWE3HT4IW9uv7RCWHdmpjKCcgMe8usfiB4tROkS5TGbrQrtDF/tQzm57QM8mqWgXeygI2xgZ9f5G\njVa56iVjbvd2xz9a+BmjoAdot7ztCMtAHJahGUTeuq2LQfWjtQ1e6/TS5mEY/UEOvH7QrtPc6h3U\nITQM54rfuQ+KbvIQpXEctOywDOOw+7ZLbISPfvXeTkC7nA7CfvIznp3sDj9tjICY6lr9EOzPUImN\n1mtuBfu1H8NcP73KimJP9qrPA/ZV+s+yDaAYvuJ0mbQg559WqFv/26boh7EbBITL76jrCpLWr/b1\nO6aDHItdeMeoz4sfT3lY7d/OUUbDJmTc4KX+sKIIBuEh7GZUhhFdMAz42ReCltcNo+Jld8N20wU7\nAWGR7sOYO7+kRBRtHASB2C1yIGhdYY9Fq17ejuRGv5WPku7qRvwHdUT1k8dj/uARHH7DtkYFncJt\nekUadP...
2022-09-29 18:18:04:473 [HTTP] <-- GET /wd/hub/session/d2875aff-34c2-4ef3-8928-f02ee76c3471/screenshot 200 2980 ms - 3552810
2022-09-29 18:18:04:473 [HTTP] 
2022-09-29 18:18:08:353 [HTTP] --> POST /wd/hub/session/d2875aff-34c2-4ef3-8928-f02ee76c3471/appium/app/close
2022-09-29 18:18:08:353 [HTTP] {}
2022-09-29 18:18:08:362 [W3C (d2875aff)] Calling AppiumDriver.closeApp() with args: ["d2875aff-34c2-4ef3-8928-f02ee76c3471"]
2022-09-29 18:18:08:364 [ADB] Running 'C:\Users\Santhruptha\AppData\Local\Android\Sdk\platform-tools\adb.exe -P 5037 -s emulator-5554 shell am force-stop com.mandir'
2022-09-29 18:18:09:856 [W3C (d2875aff)] Responding to client with driver.closeApp() result: null
2022-09-29 18:18:09:858 [HTTP] <-- POST /wd/hub/session/d2875aff-34c2-4ef3-8928-f02ee76c3471/appium/app/close 200 1505 ms - 14
2022-09-29 18:18:09:858 [HTTP] 
