2022-10-13 05:21:39:287 [Appium] Welcome to Appium v1.22.3
2022-10-13 05:21:39:289 [Appium] Non-default server args:
2022-10-13 05:21:39:290 [Appium]   address: 127.0.0.1
2022-10-13 05:21:39:290 [Appium]   port: 21998
2022-10-13 05:21:39:290 [Appium]   logFile: C:\Users\Shilpa\Documents\New_Sri_Mandir\SRI_MANDIR(Different languages)1\.\ServerLogs\appiumSriMandirSMPK_TC_2067_verifyThatUserIsNavigatedToAajKiSujaavScreenonclickingAajtabFromtheBottomNavigationBar.log
2022-10-13 05:21:39:329 [Appium] Appium REST http interface listener started on 127.0.0.1:21998
2022-10-13 05:21:39:382 [HTTP] --> GET /wd/hub/status
2022-10-13 05:21:39:383 [HTTP] {}
2022-10-13 05:21:39:386 [GENERIC] Calling AppiumDriver.getStatus() with args: []
2022-10-13 05:21:39:388 [GENERIC] Responding to client with driver.getStatus() result: {"build":{"version":"1.22.3"}}
2022-10-13 05:21:39:395 [HTTP] <-- GET /wd/hub/status 200 10 ms - 68
2022-10-13 05:21:39:396 [HTTP] 
2022-10-13 05:21:39:998 [HTTP] --> POST /wd/hub/session
2022-10-13 05:21:39:999 [HTTP] {"desiredCapabilities":{"app":"./src/main/java/resources/app-debug-3.7.5.apk","noReset":true,"automationName":"UiAutomator2","autoGrantPermissions":true,"platformName":"Android","udid":"emulator-5554","platform":"ANDROID"},"capabilities":{"firstMatch":[{"appium:app":"./src/main/java/resources/app-debug-3.7.5.apk","appium:autoGrantPermissions":true,"appium:automationName":"UiAutomator2","appium:noReset":true,"platform":"ANDROID","platformName":"android","appium:udid":"emulator-5554"}]}}
2022-10-13 05:21:40:000 [W3C] Calling AppiumDriver.createSession() with args: [{"app":"./src/main/java/resources/app-debug-3.7.5.apk","noReset":true,"automationName":"UiAutomator2","autoGrantPermissions":true,"platformName":"Android","udid":"emulator-5554","platform":"ANDROID"},null,{"firstMatch":[{"appium:app":"./src/main/java/resources/app-debug-3.7.5.apk","appium:autoGrantPermissions":true,"appium:automationName":"UiAutomator2","appium:noReset":true,"platform":"ANDROID","platformName":"android","appium:udid":"emulator-5554"}]}]
2022-10-13 05:21:40:002 [BaseDriver] Event 'newSessionRequested' logged at 1665638500001 (10:51:40 GMT+0530 (India Standard Time))
2022-10-13 05:21:40:006 [BaseDriver] The following capabilities are not standard capabilities and should have an extension prefix:
2022-10-13 05:21:40:006 [BaseDriver]   platform
2022-10-13 05:21:40:327 [Appium] Appium v1.22.3 creating new AndroidUiautomator2Driver (v1.70.1) session
2022-10-13 05:21:40:330 [BaseDriver] W3C capabilities and MJSONWP desired capabilities were provided
2022-10-13 05:21:40:330 [BaseDriver] Creating session with W3C capabilities: {
2022-10-13 05:21:40:330 [BaseDriver]   "alwaysMatch": {
2022-10-13 05:21:40:330 [BaseDriver]     "appium:platform": "ANDROID",
2022-10-13 05:21:40:330 [BaseDriver]     "platformName": "android",
2022-10-13 05:21:40:330 [BaseDriver]     "appium:app": "./src/main/java/resources/app-debug-3.7.5.apk",
2022-10-13 05:21:40:330 [BaseDriver]     "appium:autoGrantPermissions": true,
2022-10-13 05:21:40:331 [BaseDriver]     "appium:automationName": "UiAutomator2",
2022-10-13 05:21:40:331 [BaseDriver]     "appium:noReset": true,
2022-10-13 05:21:40:331 [BaseDriver]     "appium:udid": "emulator-5554"
2022-10-13 05:21:40:331 [BaseDriver]   },
2022-10-13 05:21:40:331 [BaseDriver]   "firstMatch": [
2022-10-13 05:21:40:331 [BaseDriver]     {}
2022-10-13 05:21:40:331 [BaseDriver]   ]
2022-10-13 05:21:40:332 [BaseDriver] }
2022-10-13 05:21:40:341 [BaseDriver] The following capabilities were provided, but are not recognized by Appium:
2022-10-13 05:21:40:342 [BaseDriver]   platform
2022-10-13 05:21:40:343 [BaseDriver] Session created with session id: 1c00cf94-f745-4066-b26f-4ab71bd7643d
2022-10-13 05:21:40:347 [BaseDriver] Using local app './src/main/java/resources/app-debug-3.7.5.apk'
2022-10-13 05:21:40:347 [BaseDriver] The current application path './src/main/java/resources/app-debug-3.7.5.apk' is not absolute and has been rewritten to 'C:\Users\Shilpa\Documents\New_Sri_Mandir\SRI_MANDIR(Different languages)1\src\main\java\resources\app-debug-3.7.5.apk'. Consider using absolute paths rather than relative
2022-10-13 05:21:40:348 [UiAutomator2] Checking whether app is actually present
2022-10-13 05:21:40:385 [ADB] Found 2 'build-tools' folders under 'C:\Users\Shilpa\AppData\Local\Android\Sdk' (newest first):
2022-10-13 05:21:40:385 [ADB]     C:/Users/Shilpa/AppData/Local/Android/Sdk/build-tools/33.0.0
2022-10-13 05:21:40:385 [ADB]     C:/Users/Shilpa/AppData/Local/Android/Sdk/build-tools/30.0.3
2022-10-13 05:21:40:386 [ADB] Using 'adb.exe' from 'C:\Users\Shilpa\AppData\Local\Android\Sdk\platform-tools\adb.exe'
2022-10-13 05:21:40:388 [ADB] Running 'C:\Users\Shilpa\AppData\Local\Android\Sdk\platform-tools\adb.exe -P 5037 start-server'
2022-10-13 05:21:40:421 [AndroidDriver] Retrieving device list
2022-10-13 05:21:40:422 [ADB] Trying to find a connected android device
2022-10-13 05:21:40:422 [ADB] Getting connected devices
2022-10-13 05:21:40:448 [ADB] Connected devices: [{"udid":"emulator-5554","state":"device"}]
2022-10-13 05:21:40:448 [AndroidDriver] Using device: emulator-5554
2022-10-13 05:21:40:451 [ADB] Using 'adb.exe' from 'C:\Users\Shilpa\AppData\Local\Android\Sdk\platform-tools\adb.exe'
2022-10-13 05:21:40:452 [ADB] Running 'C:\Users\Shilpa\AppData\Local\Android\Sdk\platform-tools\adb.exe -P 5037 start-server'
2022-10-13 05:21:40:482 [ADB] Setting device id to emulator-5554
2022-10-13 05:21:40:483 [ADB] Running 'C:\Users\Shilpa\AppData\Local\Android\Sdk\platform-tools\adb.exe -P 5037 -s emulator-5554 shell getprop ro.build.version.sdk'
2022-10-13 05:21:40:596 [ADB] Current device property 'ro.build.version.sdk': 31
2022-10-13 05:21:40:596 [ADB] Getting device platform version
2022-10-13 05:21:40:596 [ADB] Running 'C:\Users\Shilpa\AppData\Local\Android\Sdk\platform-tools\adb.exe -P 5037 -s emulator-5554 shell getprop ro.build.version.release'
2022-10-13 05:21:40:659 [ADB] Current device property 'ro.build.version.release': 12
2022-10-13 05:21:40:660 [ADB] Device API level: 31
2022-10-13 05:21:40:660 [UiAutomator2] Relaxing hidden api policy
2022-10-13 05:21:40:660 [ADB] Running 'C:\Users\Shilpa\AppData\Local\Android\Sdk\platform-tools\adb.exe -P 5037 -s emulator-5554 shell 'settings put global hidden_api_policy_pre_p_apps 1;settings put global hidden_api_policy_p_apps 1;settings put global hidden_api_policy 1''
2022-10-13 05:21:40:844 [AndroidDriver] Parsing package and activity from app manifest
2022-10-13 05:21:40:896 [ADB] Package name: 'com.mandir'
2022-10-13 05:21:40:897 [ADB] Main activity name: 'com.mandir.ui.activity.SplashActivity'
2022-10-13 05:21:40:897 [AndroidDriver] Parsed package and activity are: com.mandir/com.mandir.ui.activity.SplashActivity
2022-10-13 05:21:40:897 [ADB] Running 'C:\Users\Shilpa\AppData\Local\Android\Sdk\platform-tools\adb.exe -P 5037 -s emulator-5554 wait-for-device'
2022-10-13 05:21:40:923 [ADB] Running 'C:\Users\Shilpa\AppData\Local\Android\Sdk\platform-tools\adb.exe -P 5037 -s emulator-5554 shell echo ping'
2022-10-13 05:21:40:961 [AndroidDriver] Pushing settings apk to device...
2022-10-13 05:21:40:962 [ADB] Getting install status for io.appium.settings
2022-10-13 05:21:40:962 [ADB] Running 'C:\Users\Shilpa\AppData\Local\Android\Sdk\platform-tools\adb.exe -P 5037 -s emulator-5554 shell dumpsys package io.appium.settings'
2022-10-13 05:21:41:592 [ADB] 'io.appium.settings' is installed
2022-10-13 05:21:41:593 [ADB] Getting package info for 'io.appium.settings'
2022-10-13 05:21:41:593 [ADB] Running 'C:\Users\Shilpa\AppData\Local\Android\Sdk\platform-tools\adb.exe -P 5037 -s emulator-5554 shell dumpsys package io.appium.settings'
2022-10-13 05:21:41:685 [ADB] The version name of the installed 'io.appium.settings' is greater or equal to the application version name ('3.4.0' >= '3.4.0')
2022-10-13 05:21:41:686 [ADB] There is no need to install/upgrade 'C:\Users\Shilpa\AppData\Roaming\npm\node_modules\appium\node_modules\io.appium.settings\apks\settings_apk-debug.apk'
2022-10-13 05:21:41:687 [ADB] Getting IDs of all 'io.appium.settings' processes
2022-10-13 05:21:41:688 [ADB] Running 'C:\Users\Shilpa\AppData\Local\Android\Sdk\platform-tools\adb.exe -P 5037 -s emulator-5554 shell 'pgrep --help; echo $?''
2022-10-13 05:21:41:777 [ADB] Running 'C:\Users\Shilpa\AppData\Local\Android\Sdk\platform-tools\adb.exe -P 5037 -s emulator-5554 shell pgrep -f \(\[\[:blank:\]\]\|\^\)io\.appium\.settings\(\[\[:blank:\]\]\|\$\)'
2022-10-13 05:21:41:882 [AndroidDriver] io.appium.settings is already running. There is no need to reset its permissions.
2022-10-13 05:21:41:884 [Logcat] Starting logs capture with command: C:\\Users\\Shilpa\\AppData\\Local\\Android\\Sdk\\platform-tools\\adb.exe -P 5037 -s emulator-5554 logcat -v threadtime
2022-10-13 05:21:41:951 [UiAutomator2] Forwarding UiAutomator2 Server port 6790 to local port 8202
2022-10-13 05:21:41:953 [ADB] Forwarding system: 8202 to device: 6790
2022-10-13 05:21:41:954 [ADB] Running 'C:\Users\Shilpa\AppData\Local\Android\Sdk\platform-tools\adb.exe -P 5037 -s emulator-5554 forward tcp:8202 tcp:6790'
2022-10-13 05:21:41:995 [ADB] Getting install status for io.appium.uiautomator2.server
2022-10-13 05:21:41:995 [ADB] Running 'C:\Users\Shilpa\AppData\Local\Android\Sdk\platform-tools\adb.exe -P 5037 -s emulator-5554 shell dumpsys package io.appium.uiautomator2.server'
2022-10-13 05:21:42:234 [ADB] 'io.appium.uiautomator2.server' is installed
2022-10-13 05:21:42:234 [ADB] Getting package info for 'io.appium.uiautomator2.server'
2022-10-13 05:21:42:234 [ADB] Running 'C:\Users\Shilpa\AppData\Local\Android\Sdk\platform-tools\adb.exe -P 5037 -s emulator-5554 shell dumpsys package io.appium.uiautomator2.server'
2022-10-13 05:21:42:525 [ADB] The version name of the installed 'io.appium.uiautomator2.server' is greater or equal to the application version name ('4.27.0' >= '4.27.0')
2022-10-13 05:21:42:525 [UiAutomator2] io.appium.uiautomator2.server installation state: sameVersionInstalled
2022-10-13 05:21:42:526 [ADB] Checking app cert for C:\Users\Shilpa\AppData\Roaming\npm\node_modules\appium\node_modules\appium-uiautomator2-server\apks\appium-uiautomator2-server-v4.27.0.apk
2022-10-13 05:21:42:561 [ADB] Using 'apksigner.jar' from 'C:\Users\Shilpa\AppData\Local\Android\Sdk\build-tools\33.0.0\lib\apksigner.jar'
2022-10-13 05:21:42:562 [ADB] Starting apksigner: 'C:\\Program Files\\Java\\jdk1.8.0_291\\bin\\java.exe' -Xmx1024M -Xss1m -jar C:\\Users\\Shilpa\\AppData\\Local\\Android\\Sdk\\build-tools\\33.0.0\\lib\\apksigner.jar verify --print-certs C:\\Users\\Shilpa\\AppData\\Roaming\\npm\\node_modules\\appium\\node_modules\\appium-uiautomator2-server\\apks\\appium-uiautomator2-server-v4.27.0.apk
2022-10-13 05:21:43:776 [ADB] apksigner stdout: Signer #1 certificate DN: EMAILADDRESS=android@android.com, CN=Android, OU=Android, O=Android, L=Mountain View, ST=California, C=US
2022-10-13 05:21:43:776 [ADB] Signer #1 certificate SHA-256 digest: a40da80a59d170caa950cf15c18c454d47a39b26989d8b640ecd745ba71bf5dc
2022-10-13 05:21:43:777 [ADB] Signer #1 certificate SHA-1 digest: 61ed377e85d386a8dfee6b864bd85b0bfaa5af81
2022-10-13 05:21:43:777 [ADB] Signer #1 certificate MD5 digest: e89b158e4bcf988ebd09eb83f5378e87
2022-10-13 05:21:43:777 [ADB] 
2022-10-13 05:21:43:778 [ADB] sha256 hash did match for 'appium-uiautomator2-server-v4.27.0.apk'
2022-10-13 05:21:43:778 [ADB] 'C:\Users\Shilpa\AppData\Roaming\npm\node_modules\appium\node_modules\appium-uiautomator2-server\apks\appium-uiautomator2-server-v4.27.0.apk' is signed with the default certificate
2022-10-13 05:21:43:778 [ADB] Getting install status for io.appium.uiautomator2.server.test
2022-10-13 05:21:43:778 [ADB] Running 'C:\Users\Shilpa\AppData\Local\Android\Sdk\platform-tools\adb.exe -P 5037 -s emulator-5554 shell dumpsys package io.appium.uiautomator2.server.test'
2022-10-13 05:21:43:879 [ADB] 'io.appium.uiautomator2.server.test' is installed
2022-10-13 05:21:43:879 [ADB] Checking app cert for C:\Users\Shilpa\AppData\Roaming\npm\node_modules\appium\node_modules\appium-uiautomator2-server\apks\appium-uiautomator2-server-debug-androidTest.apk
2022-10-13 05:21:43:884 [ADB] Starting apksigner: 'C:\\Program Files\\Java\\jdk1.8.0_291\\bin\\java.exe' -Xmx1024M -Xss1m -jar C:\\Users\\Shilpa\\AppData\\Local\\Android\\Sdk\\build-tools\\33.0.0\\lib\\apksigner.jar verify --print-certs C:\\Users\\Shilpa\\AppData\\Roaming\\npm\\node_modules\\appium\\node_modules\\appium-uiautomator2-server\\apks\\appium-uiautomator2-server-debug-androidTest.apk
2022-10-13 05:21:44:362 [ADB] apksigner stdout: Signer #1 certificate DN: EMAILADDRESS=android@android.com, CN=Android, OU=Android, O=Android, L=Mountain View, ST=California, C=US
2022-10-13 05:21:44:363 [ADB] Signer #1 certificate SHA-256 digest: a40da80a59d170caa950cf15c18c454d47a39b26989d8b640ecd745ba71bf5dc
2022-10-13 05:21:44:363 [ADB] Signer #1 certificate SHA-1 digest: 61ed377e85d386a8dfee6b864bd85b0bfaa5af81
2022-10-13 05:21:44:363 [ADB] Signer #1 certificate MD5 digest: e89b158e4bcf988ebd09eb83f5378e87
2022-10-13 05:21:44:363 [ADB] 
2022-10-13 05:21:44:364 [ADB] sha256 hash did match for 'appium-uiautomator2-server-debug-androidTest.apk'
2022-10-13 05:21:44:364 [ADB] 'C:\Users\Shilpa\AppData\Roaming\npm\node_modules\appium\node_modules\appium-uiautomator2-server\apks\appium-uiautomator2-server-debug-androidTest.apk' is signed with the default certificate
2022-10-13 05:21:44:364 [UiAutomator2] Server packages are not going to be (re)installed
2022-10-13 05:21:44:369 [UiAutomator2] Waiting up to 30000ms for services to be available
2022-10-13 05:21:44:370 [ADB] Running 'C:\Users\Shilpa\AppData\Local\Android\Sdk\platform-tools\adb.exe -P 5037 -s emulator-5554 shell pm list instrumentation'
2022-10-13 05:21:44:463 [UiAutomator2] Instrumentation target 'io.appium.uiautomator2.server.test/androidx.test.runner.AndroidJUnitRunner' is available
2022-10-13 05:21:44:467 [ADB] Adding packages ["io.appium.settings","io.appium.uiautomator2.server","io.appium.uiautomator2.server.test"] to Doze whitelist
2022-10-13 05:21:44:468 [ADB] Got the following command chunks to execute: [["dumpsys","deviceidle","whitelist","+io.appium.settings",";","dumpsys","deviceidle","whitelist","+io.appium.uiautomator2.server",";","dumpsys","deviceidle","whitelist","+io.appium.uiautomator2.server.test",";"]]
2022-10-13 05:21:44:469 [ADB] Running 'C:\Users\Shilpa\AppData\Local\Android\Sdk\platform-tools\adb.exe -P 5037 -s emulator-5554 shell dumpsys deviceidle whitelist +io.appium.settings ; dumpsys deviceidle whitelist +io.appium.uiautomator2.server ; dumpsys deviceidle whitelist +io.appium.uiautomator2.server.test ;'
2022-10-13 05:21:44:640 [ADB] Checking app cert for C:\Users\Shilpa\Documents\New_Sri_Mandir\SRI_MANDIR(Different languages)1\src\main\java\resources\app-debug-3.7.5.apk
2022-10-13 05:21:45:168 [ADB] Starting apksigner: 'C:\\Program Files\\Java\\jdk1.8.0_291\\bin\\java.exe' -Xmx1024M -Xss1m -jar C:\\Users\\Shilpa\\AppData\\Local\\Android\\Sdk\\build-tools\\33.0.0\\lib\\apksigner.jar verify --print-certs 'C:\\Users\\Shilpa\\Documents\\New_Sri_Mandir\\SRI_MANDIR(Different languages)1\\src\\main\\java\\resources\\app-debug-3.7.5.apk'
2022-10-13 05:21:50:369 [ADB] apksigner stdout: Signer #1 certificate DN: C=US, O=Android, CN=Android Debug
2022-10-13 05:21:50:369 [ADB] Signer #1 certificate SHA-256 digest: 468f8d0eca3bb01d2f428ec8b54a99b3813d746f45499a1b98320fb67de13b88
2022-10-13 05:21:50:369 [ADB] Signer #1 certificate SHA-1 digest: 6af3fb8b6c2faff18497cde281bcb0971856f899
2022-10-13 05:21:50:369 [ADB] Signer #1 certificate MD5 digest: 80c2152efe8fbaf12745baabbb4c6045
2022-10-13 05:21:50:369 [ADB] 
2022-10-13 05:21:50:369 [ADB] 'C:\Users\Shilpa\Documents\New_Sri_Mandir\SRI_MANDIR(Different languages)1\src\main\java\resources\app-debug-3.7.5.apk' is signed with a non-default certificate
2022-10-13 05:21:50:370 [ADB] Getting install status for com.mandir
2022-10-13 05:21:50:370 [ADB] Running 'C:\Users\Shilpa\AppData\Local\Android\Sdk\platform-tools\adb.exe -P 5037 -s emulator-5554 shell dumpsys package com.mandir'
2022-10-13 05:21:50:762 [ADB] 'com.mandir' is installed
2022-10-13 05:21:50:762 [ADB] Getting package info for 'com.mandir'
2022-10-13 05:21:50:763 [ADB] Running 'C:\Users\Shilpa\AppData\Local\Android\Sdk\platform-tools\adb.exe -P 5037 -s emulator-5554 shell dumpsys package com.mandir'
2022-10-13 05:21:51:012 [ADB] The version name of the installed 'com.mandir' is greater or equal to the application version name ('3.7.5' >= '3.7.5')
2022-10-13 05:21:51:012 [ADB] There is no need to install/upgrade 'C:\Users\Shilpa\Documents\New_Sri_Mandir\SRI_MANDIR(Different languages)1\src\main\java\resources\app-debug-3.7.5.apk'
2022-10-13 05:21:51:014 [UiAutomator2] Performing shallow cleanup of automation leftovers
2022-10-13 05:21:51:149 [UiAutomator2] The following obsolete sessions are still running: ["cd70ef2e-2205-4dee-b709-3b3d8f8ae778"]
2022-10-13 05:21:51:153 [UiAutomator2] Cleaning up 1 obsolete session
2022-10-13 05:21:52:214 [ADB] Running 'C:\Users\Shilpa\AppData\Local\Android\Sdk\platform-tools\adb.exe -P 5037 -s emulator-5554 shell am force-stop io.appium.uiautomator2.server.test'
2022-10-13 05:21:52:331 [UiAutomator2] Starting UIAutomator2 server 4.27.0
2022-10-13 05:21:52:331 [UiAutomator2] Using UIAutomator2 server from 'C:\Users\Shilpa\AppData\Roaming\npm\node_modules\appium\node_modules\appium-uiautomator2-server\apks\appium-uiautomator2-server-v4.27.0.apk' and test from 'C:\Users\Shilpa\AppData\Roaming\npm\node_modules\appium\node_modules\appium-uiautomator2-server\apks\appium-uiautomator2-server-debug-androidTest.apk'
2022-10-13 05:21:52:331 [UiAutomator2] Waiting up to 30000ms for UiAutomator2 to be online...
2022-10-13 05:21:52:332 [ADB] Creating ADB subprocess with args: ["-P",5037,"-s","emulator-5554","shell","am","instrument","-w","-e","disableAnalytics",true,"io.appium.uiautomator2.server.test/androidx.test.runner.AndroidJUnitRunner"]
2022-10-13 05:21:52:342 [WD Proxy] Matched '/status' to command name 'getStatus'
2022-10-13 05:21:52:344 [WD Proxy] Proxying [GET /status] to [GET http://127.0.0.1:8202/wd/hub/status] with no body
2022-10-13 05:21:52:364 [WD Proxy] socket hang up
2022-10-13 05:21:53:377 [WD Proxy] Matched '/status' to command name 'getStatus'
2022-10-13 05:21:53:377 [WD Proxy] Proxying [GET /status] to [GET http://127.0.0.1:8202/wd/hub/status] with no body
2022-10-13 05:21:53:384 [WD Proxy] socket hang up
2022-10-13 05:21:54:386 [WD Proxy] Matched '/status' to command name 'getStatus'
2022-10-13 05:21:54:387 [WD Proxy] Proxying [GET /status] to [GET http://127.0.0.1:8202/wd/hub/status] with no body
2022-10-13 05:21:54:393 [WD Proxy] socket hang up
2022-10-13 05:21:55:259 [Instrumentation] io.appium.uiautomator2.server.test.AppiumUiAutomator2Server:
2022-10-13 05:21:55:402 [WD Proxy] Matched '/status' to command name 'getStatus'
2022-10-13 05:21:55:403 [WD Proxy] Proxying [GET /status] to [GET http://127.0.0.1:8202/wd/hub/status] with no body
2022-10-13 05:21:55:414 [WD Proxy] socket hang up
2022-10-13 05:21:56:416 [WD Proxy] Matched '/status' to command name 'getStatus'
2022-10-13 05:21:56:417 [WD Proxy] Proxying [GET /status] to [GET http://127.0.0.1:8202/wd/hub/status] with no body
2022-10-13 05:21:56:432 [WD Proxy] socket hang up
2022-10-13 05:21:57:443 [WD Proxy] Matched '/status' to command name 'getStatus'
2022-10-13 05:21:57:444 [WD Proxy] Proxying [GET /status] to [GET http://127.0.0.1:8202/wd/hub/status] with no body
2022-10-13 05:21:57:683 [WD Proxy] Got response with status 200: {"sessionId":"None","value":{"message":"UiAutomator2 Server is ready to accept commands","ready":true}}
2022-10-13 05:21:57:684 [UiAutomator2] The initialization of the instrumentation process took 5353ms
2022-10-13 05:21:57:685 [WD Proxy] Matched '/session' to command name 'createSession'
2022-10-13 05:21:57:687 [WD Proxy] Proxying [POST /session] to [POST http://127.0.0.1:8202/wd/hub/session] with body: {"capabilities":{"firstMatch":[{"platform":"ANDROID","webStorageEnabled":false,"takesScreenshot":true,"javascriptEnabled":true,"databaseEnabled":false,"networkConnectionEnabled":true,"locationContextEnabled":false,"warnings":{},"desired":{"platformName":"android","platform":"ANDROID","app":"./src/main/java/resources/app-debug-3.7.5.apk","autoGrantPermissions":true,"automationName":"UiAutomator2","noReset":true,"udid":"emulator-5554"},"platformName":"android","app":"./src/main/java/resources/app-debug-3.7.5.apk","autoGrantPermissions":true,"automationName":"UiAutomator2","noReset":true,"udid":"emulator-5554","deviceName":"emulator-5554","deviceUDID":"emulator-5554","appPackage":"com.mandir"}],"alwaysMatch":{}}}
2022-10-13 05:21:57:761 [WD Proxy] Got response with status 200: {"sessionId":"806c069f-3023-4ce5-82df-4455f25db7e7","value":{"capabilities":{"firstMatch":[{"platform":"ANDROID","webStorageEnabled":false,"takesScreenshot":true,"javascriptEnabled":true,"databaseEnabled":false,"networkConnectionEnabled":true,"locationContextEnabled":false,"warnings":{},"desired":{"platformName":"android","platform":"ANDROID","app":"./src/main/java/resources/app-debug-3.7.5.apk","autoGrantPermissions":true,"automationName":"UiAutomator2","noReset":true,"udid":"emulator-5554"},"platformName":"android","app":"./src/main/java/resources/app-debug-3.7.5.apk","autoGrantPermissions":true,"automationName":"UiAutomator2","noReset":true,"udid":"emulator-5554","deviceName":"emulator-5554","deviceUDID":"emulator-5554","appPackage":"com.mandir"}],"alwaysMatch":{}},"sessionId":"806c069f-3023-4ce5-82df-4455f25db7e7"}}
2022-10-13 05:21:57:762 [WD Proxy] Determined the downstream protocol as 'W3C'
2022-10-13 05:21:57:784 [WD Proxy] Proxying [GET /appium/device/info] to [GET http://127.0.0.1:8202/wd/hub/session/806c069f-3023-4ce5-82df-4455f25db7e7/appium/device/info] with no body
2022-10-13 05:21:57:846 [WD Proxy] Got response with status 200: {"sessionId":"806c069f-3023-4ce5-82df-4455f25db7e7","value":{"androidId":"3904ad1126ed39dd","apiVersion":"31","bluetooth":{"state":"ON"},"brand":"google","carrierName":"T-Mobile","displayDensity":440,"locale":"en_US","manufacturer":"Google","model":"sdk_gphone64_x86_64","networks":[{"capabilities":{"SSID":null,"linkDownBandwidthKbps":30000,"linkUpstreamBandwidthKbps":12000,"networkCapabilities":"NET_CAPABILITY_NOT_METERED,NET_CAPABILITY_INTERNET,NET_CAPABILITY_NOT_RESTRICTED,NET_CAPABILITY_TRUSTED,NET_CAPABILITY_NOT_VPN,NET_CAPABILITY_VALIDATED,NET_CAPABILITY_NOT_ROAMING,NET_CAPABILITY_FOREGROUND,NET_CAPABILITY_NOT_CONGESTED,NET_CAPABILITY_NOT_SUSPENDED","signalStrength":-50,"transportTypes":"TRANSPORT_WIFI"},"detailedState":"CONNECTED","extraInfo":"","isAvailable":true,"isConnected":true,"isFailover":false,"isRoaming":false,"state":"CONNECTED","subtype":-1,"subtypeName":"","type":1,"typeName":"WIFI"},{"capabilities":{"SSID":null,"linkDownBandwidthKbps":4300,"linkUpstreamBandwidthKbps":1800,"networkCapabil...
2022-10-13 05:21:57:847 [ADB] Running 'C:\Users\Shilpa\AppData\Local\Android\Sdk\platform-tools\adb.exe -P 5037 -s emulator-5554 shell dumpsys window'
2022-10-13 05:21:57:989 [AndroidDriver] Screen already unlocked, doing nothing
2022-10-13 05:21:57:991 [UiAutomator2] Starting 'com.mandir/com.mandir.ui.activity.SplashActivity and waiting for 'com.mandir/com.mandir.ui.activity.SplashActivity'
2022-10-13 05:21:57:994 [ADB] Running 'C:\Users\Shilpa\AppData\Local\Android\Sdk\platform-tools\adb.exe -P 5037 -s emulator-5554 shell am start -W -n com.mandir/com.mandir.ui.activity.SplashActivity -S -a android.intent.action.MAIN -c android.intent.category.LAUNCHER -f 0x10200000'
2022-10-13 05:22:02:039 [ADB] Waiting up to 20000ms for activity matching pkg: 'com.mandir' and activity: 'com.mandir.ui.activity.SplashActivity' to be focused
2022-10-13 05:22:02:040 [ADB] Possible activities, to be checked: 'com.mandir.ui.activity.SplashActivity', 'com.mandir.com.mandir.ui.activity.SplashActivity'
2022-10-13 05:22:02:041 [ADB] Getting focused package and activity
2022-10-13 05:22:02:041 [ADB] Running 'C:\Users\Shilpa\AppData\Local\Android\Sdk\platform-tools\adb.exe -P 5037 -s emulator-5554 shell dumpsys window displays'
2022-10-13 05:22:02:161 [ADB] Found package: 'com.mandir' and fully qualified activity name : 'com.mandir.ui.activity.SplashActivity'
2022-10-13 05:22:02:165 [WD Proxy] Proxying [GET /appium/device/pixel_ratio] to [GET http://127.0.0.1:8202/wd/hub/session/806c069f-3023-4ce5-82df-4455f25db7e7/appium/device/pixel_ratio] with no body
2022-10-13 05:22:02:183 [WD Proxy] Got response with status 200: {"sessionId":"806c069f-3023-4ce5-82df-4455f25db7e7","value":2.75}
2022-10-13 05:22:02:185 [WD Proxy] Matched '/appium/device/system_bars' to command name 'getSystemBars'
2022-10-13 05:22:02:186 [WD Proxy] Proxying [GET /appium/device/system_bars] to [GET http://127.0.0.1:8202/wd/hub/session/806c069f-3023-4ce5-82df-4455f25db7e7/appium/device/system_bars] with no body
2022-10-13 05:22:02:196 [WD Proxy] Got response with status 200: {"sessionId":"806c069f-3023-4ce5-82df-4455f25db7e7","value":{"statusBar":66}}
2022-10-13 05:22:02:197 [WD Proxy] Matched '/window/current/size' to command name 'getWindowSize'
2022-10-13 05:22:02:197 [WD Proxy] Proxying [GET /window/current/size] to [GET http://127.0.0.1:8202/wd/hub/session/806c069f-3023-4ce5-82df-4455f25db7e7/window/current/size] with no body
2022-10-13 05:22:02:218 [WD Proxy] Got response with status 200: {"sessionId":"806c069f-3023-4ce5-82df-4455f25db7e7","value":{"height":2148,"width":1080}}
2022-10-13 05:22:02:220 [Appium] New AndroidUiautomator2Driver session created successfully, session 1c00cf94-f745-4066-b26f-4ab71bd7643d added to master session list
2022-10-13 05:22:02:221 [BaseDriver] Event 'newSessionStarted' logged at 1665638522220 (10:52:02 GMT+0530 (India Standard Time))
2022-10-13 05:22:02:221 [W3C (1c00cf94)] Cached the protocol value 'W3C' for the new session 1c00cf94-f745-4066-b26f-4ab71bd7643d
2022-10-13 05:22:02:222 [W3C (1c00cf94)] Responding to client with driver.createSession() result: {"capabilities":{"platform":"ANDROID","webStorageEnabled":false,"takesScreenshot":true,"javascriptEnabled":true,"databaseEnabled":false,"networkConnectionEnabled":true,"locationContextEnabled":false,"warnings":{},"desired":{"platformName":"android","platform":"ANDROID","app":"./src/main/java/resources/app-debug-3.7.5.apk","autoGrantPermissions":true,"automationName":"UiAutomator2","noReset":true,"udid":"emulator-5554"},"platformName":"android","app":"./src/main/java/resources/app-debug-3.7.5.apk","autoGrantPermissions":true,"automationName":"UiAutomator2","noReset":true,"udid":"emulator-5554","deviceName":"emulator-5554","deviceUDID":"emulator-5554","appPackage":"com.mandir","deviceApiLevel":31,"platformVersion":"12","deviceScreenSize":"1080x2280","deviceScreenDensity":440,"deviceModel":"sdk_gphone64_x86_64","deviceManufacturer":"Google","pixelRatio":2.75,"statBarHeight":66,"viewportRect":{"left":0,"top":66,"width":1080,"height":2082}}}
2022-10-13 05:22:02:226 [HTTP] <-- POST /wd/hub/session 200 22226 ms - 1011
2022-10-13 05:22:02:226 [HTTP] 
2022-10-13 05:22:02:318 [HTTP] --> GET /wd/hub/session/1c00cf94-f745-4066-b26f-4ab71bd7643d
2022-10-13 05:22:02:318 [HTTP] {}
2022-10-13 05:22:02:322 [W3C (1c00cf94)] Calling AppiumDriver.getSession() with args: ["1c00cf94-f745-4066-b26f-4ab71bd7643d"]
2022-10-13 05:22:02:324 [UiAutomator2] Getting session details from server to mix in
2022-10-13 05:22:02:325 [WD Proxy] Matched '/' to command name 'getSession'
2022-10-13 05:22:02:328 [WD Proxy] Proxying [GET /] to [GET http://127.0.0.1:8202/wd/hub/session/806c069f-3023-4ce5-82df-4455f25db7e7] with no body
2022-10-13 05:22:02:342 [WD Proxy] Got response with status 200: {"sessionId":"806c069f-3023-4ce5-82df-4455f25db7e7","value":{"lastScrollData":null}}
2022-10-13 05:22:02:342 [W3C (1c00cf94)] Responding to client with driver.getSession() result: {"platform":"ANDROID","webStorageEnabled":false,"takesScreenshot":true,"javascriptEnabled":true,"databaseEnabled":false,"networkConnectionEnabled":true,"locationContextEnabled":false,"warnings":{},"desired":{"platformName":"android","platform":"ANDROID","app":"./src/main/java/resources/app-debug-3.7.5.apk","autoGrantPermissions":true,"automationName":"UiAutomator2","noReset":true,"udid":"emulator-5554"},"platformName":"android","app":"./src/main/java/resources/app-debug-3.7.5.apk","autoGrantPermissions":true,"automationName":"UiAutomator2","noReset":true,"udid":"emulator-5554","deviceName":"emulator-5554","deviceUDID":"emulator-5554","appPackage":"com.mandir","deviceApiLevel":31,"platformVersion":"12","deviceScreenSize":"1080x2280","deviceScreenDensity":440,"deviceModel":"sdk_gphone64_x86_64","deviceManufacturer":"Google","pixelRatio":2.75,"statBarHeight":66,"viewportRect":{"left":0,"top":66,"width":1080,"height":2082},"lastScrollData":null}
2022-10-13 05:22:02:345 [HTTP] <-- GET /wd/hub/session/1c00cf94-f745-4066-b26f-4ab71bd7643d 200 26 ms - 965
2022-10-13 05:22:02:345 [HTTP] 
2022-10-13 05:22:02:355 [HTTP] --> GET /wd/hub/session/1c00cf94-f745-4066-b26f-4ab71bd7643d
2022-10-13 05:22:02:355 [HTTP] {}
2022-10-13 05:22:02:356 [W3C (1c00cf94)] Calling AppiumDriver.getSession() with args: ["1c00cf94-f745-4066-b26f-4ab71bd7643d"]
2022-10-13 05:22:02:356 [UiAutomator2] Getting session details from server to mix in
2022-10-13 05:22:02:357 [WD Proxy] Matched '/' to command name 'getSession'
2022-10-13 05:22:02:357 [WD Proxy] Proxying [GET /] to [GET http://127.0.0.1:8202/wd/hub/session/806c069f-3023-4ce5-82df-4455f25db7e7] with no body
2022-10-13 05:22:02:366 [WD Proxy] Got response with status 200: {"sessionId":"806c069f-3023-4ce5-82df-4455f25db7e7","value":{"lastScrollData":null}}
2022-10-13 05:22:02:367 [W3C (1c00cf94)] Responding to client with driver.getSession() result: {"platform":"ANDROID","webStorageEnabled":false,"takesScreenshot":true,"javascriptEnabled":true,"databaseEnabled":false,"networkConnectionEnabled":true,"locationContextEnabled":false,"warnings":{},"desired":{"platformName":"android","platform":"ANDROID","app":"./src/main/java/resources/app-debug-3.7.5.apk","autoGrantPermissions":true,"automationName":"UiAutomator2","noReset":true,"udid":"emulator-5554"},"platformName":"android","app":"./src/main/java/resources/app-debug-3.7.5.apk","autoGrantPermissions":true,"automationName":"UiAutomator2","noReset":true,"udid":"emulator-5554","deviceName":"emulator-5554","deviceUDID":"emulator-5554","appPackage":"com.mandir","deviceApiLevel":31,"platformVersion":"12","deviceScreenSize":"1080x2280","deviceScreenDensity":440,"deviceModel":"sdk_gphone64_x86_64","deviceManufacturer":"Google","pixelRatio":2.75,"statBarHeight":66,"viewportRect":{"left":0,"top":66,"width":1080,"height":2082},"lastScrollData":null}
2022-10-13 05:22:02:368 [HTTP] <-- GET /wd/hub/session/1c00cf94-f745-4066-b26f-4ab71bd7643d 200 12 ms - 965
2022-10-13 05:22:02:368 [HTTP] 
2022-10-13 05:22:02:384 [HTTP] --> POST /wd/hub/session/1c00cf94-f745-4066-b26f-4ab71bd7643d/timeouts
2022-10-13 05:22:02:385 [HTTP] {"implicit":50000}
2022-10-13 05:22:02:387 [W3C (1c00cf94)] Calling AppiumDriver.timeouts() with args: [null,null,null,null,50000,"1c00cf94-f745-4066-b26f-4ab71bd7643d"]
2022-10-13 05:22:02:388 [BaseDriver] W3C timeout argument: {"implicit":50000}}
2022-10-13 05:22:02:388 [BaseDriver] Set implicit wait to 50000ms
2022-10-13 05:22:02:389 [W3C (1c00cf94)] Responding to client with driver.timeouts() result: null
2022-10-13 05:22:02:390 [HTTP] <-- POST /wd/hub/session/1c00cf94-f745-4066-b26f-4ab71bd7643d/timeouts 200 6 ms - 14
2022-10-13 05:22:02:391 [HTTP] 
2022-10-13 05:22:02:488 [HTTP] --> POST /wd/hub/session/1c00cf94-f745-4066-b26f-4ab71bd7643d/element
2022-10-13 05:22:02:488 [HTTP] {"using":"xpath","value":"//android.widget.TextView[@text='आज']"}
2022-10-13 05:22:02:495 [W3C (1c00cf94)] Calling AppiumDriver.findElement() with args: ["xpath","//android.widget.TextView[@text='आज']","1c00cf94-f745-4066-b26f-4ab71bd7643d"]
2022-10-13 05:22:02:497 [BaseDriver] Valid locator strategies for this request: xpath, id, class name, accessibility id, css selector, -android uiautomator
2022-10-13 05:22:02:500 [BaseDriver] Waiting up to 50000 ms for condition
2022-10-13 05:22:02:503 [WD Proxy] Matched '/element' to command name 'findElement'
2022-10-13 05:22:02:504 [WD Proxy] Proxying [POST /element] to [POST http://127.0.0.1:8202/wd/hub/session/806c069f-3023-4ce5-82df-4455f25db7e7/element] with body: {"strategy":"xpath","selector":"//android.widget.TextView[@text='आज']","context":"","multiple":false}
2022-10-13 05:22:05:206 [WD Proxy] Got response with status 404: {"sessionId":"806c069f-3023-4ce5-82df-4455f25db7e7","value":{"error":"no such element","message":"An element could not be located on the page using the given search parameters","stacktrace":"io.appium.uiautomator2.common.exceptions.ElementNotFoundException: An element could not be located on the page using the given search parameters\n\tat io.appium.uiautomator2.handler.FindElement.findElement(FindElement.java:90)\n\tat io.appium.uiautomator2.handler.FindElement.safeHandle(FindElement.java:67)\n\tat io.appium.uiautomator2.handler.request.SafeRequestHandler.handle(SafeRequestHandler.java:59)\n\tat io.appium.uiautomator2.server.AppiumServlet.handleRequest(AppiumServlet.java:266)\n\tat io.appium.uiautomator2.server.AppiumServlet.handleHttpRequest(AppiumServlet.java:260)\n\tat io.appium.uiautomator2.http.ServerHandler.channelRead(ServerHandler.java:68)\n\tat io.netty.channel.AbstractChannelHandlerContext.invokeChannelRead(AbstractChannelHandlerContext.java:366)\n\tat io.netty.channel.AbstractChannelHandlerCont...
2022-10-13 05:22:05:208 [W3C] Matched W3C error code 'no such element' to NoSuchElementError
2022-10-13 05:22:05:209 [BaseDriver] Waited for 2708 ms so far
2022-10-13 05:22:05:724 [WD Proxy] Matched '/element' to command name 'findElement'
2022-10-13 05:22:05:724 [WD Proxy] Proxying [POST /element] to [POST http://127.0.0.1:8202/wd/hub/session/806c069f-3023-4ce5-82df-4455f25db7e7/element] with body: {"strategy":"xpath","selector":"//android.widget.TextView[@text='आज']","context":"","multiple":false}
2022-10-13 05:22:09:275 [WD Proxy] Got response with status 200: {"sessionId":"806c069f-3023-4ce5-82df-4455f25db7e7","value":{"ELEMENT":"00000000-0000-0021-ffff-ffff0000001c","element-6066-11e4-a52e-4f735466cecf":"00000000-0000-0021-ffff-ffff0000001c"}}
2022-10-13 05:22:09:276 [W3C (1c00cf94)] Responding to client with driver.findElement() result: {"element-6066-11e4-a52e-4f735466cecf":"00000000-0000-0021-ffff-ffff0000001c","ELEMENT":"00000000-0000-0021-ffff-ffff0000001c"}
2022-10-13 05:22:09:277 [HTTP] <-- POST /wd/hub/session/1c00cf94-f745-4066-b26f-4ab71bd7643d/element 200 6789 ms - 137
2022-10-13 05:22:09:278 [HTTP] 
2022-10-13 05:22:09:302 [HTTP] --> GET /wd/hub/session/1c00cf94-f745-4066-b26f-4ab71bd7643d/element/00000000-0000-0021-ffff-ffff0000001c/displayed
2022-10-13 05:22:09:302 [HTTP] {}
2022-10-13 05:22:09:305 [W3C (1c00cf94)] Calling AppiumDriver.elementDisplayed() with args: ["00000000-0000-0021-ffff-ffff0000001c","1c00cf94-f745-4066-b26f-4ab71bd7643d"]
2022-10-13 05:22:09:306 [WD Proxy] Matched '/element/00000000-0000-0021-ffff-ffff0000001c/attribute/displayed' to command name 'getAttribute'
2022-10-13 05:22:09:306 [WD Proxy] Proxying [GET /element/00000000-0000-0021-ffff-ffff0000001c/attribute/displayed] to [GET http://127.0.0.1:8202/wd/hub/session/806c069f-3023-4ce5-82df-4455f25db7e7/element/00000000-0000-0021-ffff-ffff0000001c/attribute/displayed] with no body
2022-10-13 05:22:14:043 [WD Proxy] Got response with status 200: {"sessionId":"806c069f-3023-4ce5-82df-4455f25db7e7","value":"true"}
2022-10-13 05:22:14:045 [W3C (1c00cf94)] Responding to client with driver.elementDisplayed() result: true
2022-10-13 05:22:14:048 [HTTP] <-- GET /wd/hub/session/1c00cf94-f745-4066-b26f-4ab71bd7643d/element/00000000-0000-0021-ffff-ffff0000001c/displayed 200 4745 ms - 14
2022-10-13 05:22:14:048 [HTTP] 
2022-10-13 05:22:14:056 [HTTP] --> POST /wd/hub/session/1c00cf94-f745-4066-b26f-4ab71bd7643d/element
2022-10-13 05:22:14:056 [HTTP] {"using":"xpath","value":"//android.widget.TextView[@text='आज']"}
2022-10-13 05:22:14:058 [W3C (1c00cf94)] Calling AppiumDriver.findElement() with args: ["xpath","//android.widget.TextView[@text='आज']","1c00cf94-f745-4066-b26f-4ab71bd7643d"]
2022-10-13 05:22:14:058 [BaseDriver] Valid locator strategies for this request: xpath, id, class name, accessibility id, css selector, -android uiautomator
2022-10-13 05:22:14:059 [BaseDriver] Waiting up to 50000 ms for condition
2022-10-13 05:22:14:060 [WD Proxy] Matched '/element' to command name 'findElement'
2022-10-13 05:22:14:060 [WD Proxy] Proxying [POST /element] to [POST http://127.0.0.1:8202/wd/hub/session/806c069f-3023-4ce5-82df-4455f25db7e7/element] with body: {"strategy":"xpath","selector":"//android.widget.TextView[@text='आज']","context":"","multiple":false}
2022-10-13 05:22:15:047 [WD Proxy] Got response with status 200: {"sessionId":"806c069f-3023-4ce5-82df-4455f25db7e7","value":{"ELEMENT":"00000000-0000-0021-ffff-ffff0000001c","element-6066-11e4-a52e-4f735466cecf":"00000000-0000-0021-ffff-ffff0000001c"}}
2022-10-13 05:22:15:048 [W3C (1c00cf94)] Responding to client with driver.findElement() result: {"element-6066-11e4-a52e-4f735466cecf":"00000000-0000-0021-ffff-ffff0000001c","ELEMENT":"00000000-0000-0021-ffff-ffff0000001c"}
2022-10-13 05:22:15:050 [HTTP] <-- POST /wd/hub/session/1c00cf94-f745-4066-b26f-4ab71bd7643d/element 200 993 ms - 137
2022-10-13 05:22:15:050 [HTTP] 
2022-10-13 05:22:15:063 [HTTP] --> POST /wd/hub/session/1c00cf94-f745-4066-b26f-4ab71bd7643d/element/00000000-0000-0021-ffff-ffff0000001c/click
2022-10-13 05:22:15:063 [HTTP] {"id":"00000000-0000-0021-ffff-ffff0000001c"}
2022-10-13 05:22:15:066 [W3C (1c00cf94)] Calling AppiumDriver.click() with args: ["00000000-0000-0021-ffff-ffff0000001c","1c00cf94-f745-4066-b26f-4ab71bd7643d"]
2022-10-13 05:22:15:067 [WD Proxy] Matched '/element/00000000-0000-0021-ffff-ffff0000001c/click' to command name 'click'
2022-10-13 05:22:15:068 [WD Proxy] Proxying [POST /element/00000000-0000-0021-ffff-ffff0000001c/click] to [POST http://127.0.0.1:8202/wd/hub/session/806c069f-3023-4ce5-82df-4455f25db7e7/element/00000000-0000-0021-ffff-ffff0000001c/click] with body: {"element":"00000000-0000-0021-ffff-ffff0000001c"}
2022-10-13 05:22:15:275 [WD Proxy] Got response with status 200: {"sessionId":"806c069f-3023-4ce5-82df-4455f25db7e7","value":null}
2022-10-13 05:22:15:275 [W3C (1c00cf94)] Responding to client with driver.click() result: null
2022-10-13 05:22:15:276 [HTTP] <-- POST /wd/hub/session/1c00cf94-f745-4066-b26f-4ab71bd7643d/element/00000000-0000-0021-ffff-ffff0000001c/click 200 213 ms - 14
2022-10-13 05:22:15:277 [HTTP] 
2022-10-13 05:22:15:287 [HTTP] --> POST /wd/hub/session/1c00cf94-f745-4066-b26f-4ab71bd7643d/element
2022-10-13 05:22:15:287 [HTTP] {"using":"xpath","value":"//android.widget.TextView[@text='आज के सुझाव']"}
2022-10-13 05:22:15:287 [W3C (1c00cf94)] Calling AppiumDriver.findElement() with args: ["xpath","//android.widget.TextView[@text='आज के सुझाव']","1c00cf94-f745-4066-b26f-4ab71bd7643d"]
2022-10-13 05:22:15:288 [BaseDriver] Valid locator strategies for this request: xpath, id, class name, accessibility id, css selector, -android uiautomator
2022-10-13 05:22:15:288 [BaseDriver] Waiting up to 50000 ms for condition
2022-10-13 05:22:15:288 [WD Proxy] Matched '/element' to command name 'findElement'
2022-10-13 05:22:15:289 [WD Proxy] Proxying [POST /element] to [POST http://127.0.0.1:8202/wd/hub/session/806c069f-3023-4ce5-82df-4455f25db7e7/element] with body: {"strategy":"xpath","selector":"//android.widget.TextView[@text='आज के सुझाव']","context":"","multiple":false}
2022-10-13 05:22:18:384 [WD Proxy] Got response with status 200: {"sessionId":"806c069f-3023-4ce5-82df-4455f25db7e7","value":{"ELEMENT":"00000000-0000-0021-ffff-ffff00000095","element-6066-11e4-a52e-4f735466cecf":"00000000-0000-0021-ffff-ffff00000095"}}
2022-10-13 05:22:18:385 [W3C (1c00cf94)] Responding to client with driver.findElement() result: {"element-6066-11e4-a52e-4f735466cecf":"00000000-0000-0021-ffff-ffff00000095","ELEMENT":"00000000-0000-0021-ffff-ffff00000095"}
2022-10-13 05:22:18:387 [HTTP] <-- POST /wd/hub/session/1c00cf94-f745-4066-b26f-4ab71bd7643d/element 200 3099 ms - 137
2022-10-13 05:22:18:387 [HTTP] 
2022-10-13 05:22:18:392 [HTTP] --> GET /wd/hub/session/1c00cf94-f745-4066-b26f-4ab71bd7643d/element/00000000-0000-0021-ffff-ffff00000095/displayed
2022-10-13 05:22:18:393 [HTTP] {}
2022-10-13 05:22:18:397 [W3C (1c00cf94)] Calling AppiumDriver.elementDisplayed() with args: ["00000000-0000-0021-ffff-ffff00000095","1c00cf94-f745-4066-b26f-4ab71bd7643d"]
2022-10-13 05:22:18:399 [WD Proxy] Matched '/element/00000000-0000-0021-ffff-ffff00000095/attribute/displayed' to command name 'getAttribute'
2022-10-13 05:22:18:399 [WD Proxy] Proxying [GET /element/00000000-0000-0021-ffff-ffff00000095/attribute/displayed] to [GET http://127.0.0.1:8202/wd/hub/session/806c069f-3023-4ce5-82df-4455f25db7e7/element/00000000-0000-0021-ffff-ffff00000095/attribute/displayed] with no body
2022-10-13 05:22:18:515 [WD Proxy] Got response with status 200: {"sessionId":"806c069f-3023-4ce5-82df-4455f25db7e7","value":"true"}
2022-10-13 05:22:18:517 [W3C (1c00cf94)] Responding to client with driver.elementDisplayed() result: true
2022-10-13 05:22:18:520 [HTTP] <-- GET /wd/hub/session/1c00cf94-f745-4066-b26f-4ab71bd7643d/element/00000000-0000-0021-ffff-ffff00000095/displayed 200 127 ms - 14
2022-10-13 05:22:18:521 [HTTP] 
2022-10-13 05:22:18:527 [HTTP] --> POST /wd/hub/session/1c00cf94-f745-4066-b26f-4ab71bd7643d/element
2022-10-13 05:22:18:527 [HTTP] {"using":"xpath","value":"//android.widget.TextView[@text='आज के सुझाव']"}
2022-10-13 05:22:18:528 [W3C (1c00cf94)] Calling AppiumDriver.findElement() with args: ["xpath","//android.widget.TextView[@text='आज के सुझाव']","1c00cf94-f745-4066-b26f-4ab71bd7643d"]
2022-10-13 05:22:18:530 [BaseDriver] Valid locator strategies for this request: xpath, id, class name, accessibility id, css selector, -android uiautomator
2022-10-13 05:22:18:530 [BaseDriver] Waiting up to 50000 ms for condition
2022-10-13 05:22:18:531 [WD Proxy] Matched '/element' to command name 'findElement'
2022-10-13 05:22:18:531 [WD Proxy] Proxying [POST /element] to [POST http://127.0.0.1:8202/wd/hub/session/806c069f-3023-4ce5-82df-4455f25db7e7/element] with body: {"strategy":"xpath","selector":"//android.widget.TextView[@text='आज के सुझाव']","context":"","multiple":false}
2022-10-13 05:22:20:878 [WD Proxy] Got response with status 200: {"sessionId":"806c069f-3023-4ce5-82df-4455f25db7e7","value":{"ELEMENT":"00000000-0000-0021-ffff-ffff00000095","element-6066-11e4-a52e-4f735466cecf":"00000000-0000-0021-ffff-ffff00000095"}}
2022-10-13 05:22:20:879 [W3C (1c00cf94)] Responding to client with driver.findElement() result: {"element-6066-11e4-a52e-4f735466cecf":"00000000-0000-0021-ffff-ffff00000095","ELEMENT":"00000000-0000-0021-ffff-ffff00000095"}
2022-10-13 05:22:20:881 [HTTP] <-- POST /wd/hub/session/1c00cf94-f745-4066-b26f-4ab71bd7643d/element 200 2353 ms - 137
2022-10-13 05:22:20:881 [HTTP] 
2022-10-13 05:22:20:885 [HTTP] --> GET /wd/hub/session/1c00cf94-f745-4066-b26f-4ab71bd7643d/element/00000000-0000-0021-ffff-ffff00000095/text
2022-10-13 05:22:20:885 [HTTP] {}
2022-10-13 05:22:20:887 [W3C (1c00cf94)] Driver proxy active, passing request on via HTTP proxy
2022-10-13 05:22:20:889 [WD Proxy] Matched '/wd/hub/session/1c00cf94-f745-4066-b26f-4ab71bd7643d/element/00000000-0000-0021-ffff-ffff00000095/text' to command name 'getText'
2022-10-13 05:22:20:889 [WD Proxy] Proxying [GET /wd/hub/session/1c00cf94-f745-4066-b26f-4ab71bd7643d/element/00000000-0000-0021-ffff-ffff00000095/text] to [GET http://127.0.0.1:8202/wd/hub/session/806c069f-3023-4ce5-82df-4455f25db7e7/element/00000000-0000-0021-ffff-ffff00000095/text] with no body
2022-10-13 05:22:20:964 [WD Proxy] Got response with status 200: {"sessionId":"806c069f-3023-4ce5-82df-4455f25db7e7","value":"आज के सुझाव"}
2022-10-13 05:22:20:964 [WD Proxy] Replacing sessionId 806c069f-3023-4ce5-82df-4455f25db7e7 with 1c00cf94-f745-4066-b26f-4ab71bd7643d
2022-10-13 05:22:20:966 [HTTP] <-- GET /wd/hub/session/1c00cf94-f745-4066-b26f-4ab71bd7643d/element/00000000-0000-0021-ffff-ffff00000095/text 200 81 ms - 92
2022-10-13 05:22:20:966 [HTTP] 
2022-10-13 05:22:20:982 [HTTP] --> POST /wd/hub/session/1c00cf94-f745-4066-b26f-4ab71bd7643d/appium/app/close
2022-10-13 05:22:20:985 [HTTP] {}
2022-10-13 05:22:20:993 [W3C (1c00cf94)] Calling AppiumDriver.closeApp() with args: ["1c00cf94-f745-4066-b26f-4ab71bd7643d"]
2022-10-13 05:22:20:993 [ADB] Running 'C:\Users\Shilpa\AppData\Local\Android\Sdk\platform-tools\adb.exe -P 5037 -s emulator-5554 shell am force-stop com.mandir'
2022-10-13 05:22:21:302 [W3C (1c00cf94)] Responding to client with driver.closeApp() result: null
2022-10-13 05:22:21:303 [HTTP] <-- POST /wd/hub/session/1c00cf94-f745-4066-b26f-4ab71bd7643d/appium/app/close 200 322 ms - 14
2022-10-13 05:22:21:303 [HTTP] 
