2022-10-13 11:04:23:783 [Appium] Welcome to Appium v1.22.3
2022-10-13 11:04:23:785 [Appium] Non-default server args:
2022-10-13 11:04:23:785 [Appium]   address: 127.0.0.1
2022-10-13 11:04:23:786 [Appium]   port: 3853
2022-10-13 11:04:23:786 [Appium]   logFile: C:\Users\Shilpa\Documents\New_Sri_Mandir\SRI_MANDIR(Different languages)1\.\ServerLogs\appiumSriMandirSMPK_TC_3080_VerifyThatUserCanSlideOverTheFlowerCorousel.log
2022-10-13 11:04:23:829 [Appium] Appium REST http interface listener started on 127.0.0.1:3853
2022-10-13 11:04:24:124 [HTTP] --> GET /wd/hub/status
2022-10-13 11:04:24:125 [HTTP] {}
2022-10-13 11:04:24:127 [GENERIC] Calling AppiumDriver.getStatus() with args: []
2022-10-13 11:04:24:128 [GENERIC] Responding to client with driver.getStatus() result: {"build":{"version":"1.22.3"}}
2022-10-13 11:04:24:136 [HTTP] <-- GET /wd/hub/status 200 9 ms - 68
2022-10-13 11:04:24:137 [HTTP] 
2022-10-13 11:04:24:754 [HTTP] --> POST /wd/hub/session
2022-10-13 11:04:24:755 [HTTP] {"desiredCapabilities":{"app":"./src/main/java/resources/app-debug-3.7.5.apk","noReset":true,"automationName":"UiAutomator2","autoGrantPermissions":true,"platformName":"Android","udid":"emulator-5554","platform":"ANDROID"},"capabilities":{"firstMatch":[{"appium:app":"./src/main/java/resources/app-debug-3.7.5.apk","appium:autoGrantPermissions":true,"appium:automationName":"UiAutomator2","appium:noReset":true,"platform":"ANDROID","platformName":"android","appium:udid":"emulator-5554"}]}}
2022-10-13 11:04:24:756 [W3C] Calling AppiumDriver.createSession() with args: [{"app":"./src/main/java/resources/app-debug-3.7.5.apk","noReset":true,"automationName":"UiAutomator2","autoGrantPermissions":true,"platformName":"Android","udid":"emulator-5554","platform":"ANDROID"},null,{"firstMatch":[{"appium:app":"./src/main/java/resources/app-debug-3.7.5.apk","appium:autoGrantPermissions":true,"appium:automationName":"UiAutomator2","appium:noReset":true,"platform":"ANDROID","platformName":"android","appium:udid":"emulator-5554"}]}]
2022-10-13 11:04:24:761 [BaseDriver] Event 'newSessionRequested' logged at 1665659064756 (16:34:24 GMT+0530 (India Standard Time))
2022-10-13 11:04:24:765 [BaseDriver] The following capabilities are not standard capabilities and should have an extension prefix:
2022-10-13 11:04:24:766 [BaseDriver]   platform
2022-10-13 11:04:25:121 [Appium] Appium v1.22.3 creating new AndroidUiautomator2Driver (v1.70.1) session
2022-10-13 11:04:25:123 [BaseDriver] W3C capabilities and MJSONWP desired capabilities were provided
2022-10-13 11:04:25:124 [BaseDriver] Creating session with W3C capabilities: {
2022-10-13 11:04:25:124 [BaseDriver]   "alwaysMatch": {
2022-10-13 11:04:25:124 [BaseDriver]     "appium:platform": "ANDROID",
2022-10-13 11:04:25:124 [BaseDriver]     "platformName": "android",
2022-10-13 11:04:25:124 [BaseDriver]     "appium:app": "./src/main/java/resources/app-debug-3.7.5.apk",
2022-10-13 11:04:25:124 [BaseDriver]     "appium:autoGrantPermissions": true,
2022-10-13 11:04:25:124 [BaseDriver]     "appium:automationName": "UiAutomator2",
2022-10-13 11:04:25:124 [BaseDriver]     "appium:noReset": true,
2022-10-13 11:04:25:125 [BaseDriver]     "appium:udid": "emulator-5554"
2022-10-13 11:04:25:125 [BaseDriver]   },
2022-10-13 11:04:25:125 [BaseDriver]   "firstMatch": [
2022-10-13 11:04:25:125 [BaseDriver]     {}
2022-10-13 11:04:25:125 [BaseDriver]   ]
2022-10-13 11:04:25:125 [BaseDriver] }
2022-10-13 11:04:25:131 [BaseDriver] The following capabilities were provided, but are not recognized by Appium:
2022-10-13 11:04:25:132 [BaseDriver]   platform
2022-10-13 11:04:25:134 [BaseDriver] Session created with session id: a857b71b-a968-4944-98b1-cad3afe064c1
2022-10-13 11:04:25:140 [BaseDriver] Using local app './src/main/java/resources/app-debug-3.7.5.apk'
2022-10-13 11:04:25:140 [BaseDriver] The current application path './src/main/java/resources/app-debug-3.7.5.apk' is not absolute and has been rewritten to 'C:\Users\Shilpa\Documents\New_Sri_Mandir\SRI_MANDIR(Different languages)1\src\main\java\resources\app-debug-3.7.5.apk'. Consider using absolute paths rather than relative
2022-10-13 11:04:25:140 [UiAutomator2] Checking whether app is actually present
2022-10-13 11:04:25:184 [ADB] Found 2 'build-tools' folders under 'C:\Users\Shilpa\AppData\Local\Android\Sdk' (newest first):
2022-10-13 11:04:25:184 [ADB]     C:/Users/Shilpa/AppData/Local/Android/Sdk/build-tools/33.0.0
2022-10-13 11:04:25:184 [ADB]     C:/Users/Shilpa/AppData/Local/Android/Sdk/build-tools/30.0.3
2022-10-13 11:04:25:185 [ADB] Using 'adb.exe' from 'C:\Users\Shilpa\AppData\Local\Android\Sdk\platform-tools\adb.exe'
2022-10-13 11:04:25:186 [ADB] Running 'C:\Users\Shilpa\AppData\Local\Android\Sdk\platform-tools\adb.exe -P 5037 start-server'
2022-10-13 11:04:25:229 [AndroidDriver] Retrieving device list
2022-10-13 11:04:25:229 [ADB] Trying to find a connected android device
2022-10-13 11:04:25:230 [ADB] Getting connected devices
2022-10-13 11:04:25:258 [ADB] Connected devices: [{"udid":"emulator-5554","state":"device"}]
2022-10-13 11:04:25:258 [AndroidDriver] Using device: emulator-5554
2022-10-13 11:04:25:260 [ADB] Using 'adb.exe' from 'C:\Users\Shilpa\AppData\Local\Android\Sdk\platform-tools\adb.exe'
2022-10-13 11:04:25:260 [ADB] Running 'C:\Users\Shilpa\AppData\Local\Android\Sdk\platform-tools\adb.exe -P 5037 start-server'
2022-10-13 11:04:25:287 [ADB] Setting device id to emulator-5554
2022-10-13 11:04:25:288 [ADB] Running 'C:\Users\Shilpa\AppData\Local\Android\Sdk\platform-tools\adb.exe -P 5037 -s emulator-5554 shell getprop ro.build.version.sdk'
2022-10-13 11:04:25:363 [ADB] Current device property 'ro.build.version.sdk': 31
2022-10-13 11:04:25:363 [ADB] Getting device platform version
2022-10-13 11:04:25:363 [ADB] Running 'C:\Users\Shilpa\AppData\Local\Android\Sdk\platform-tools\adb.exe -P 5037 -s emulator-5554 shell getprop ro.build.version.release'
2022-10-13 11:04:25:415 [ADB] Current device property 'ro.build.version.release': 12
2022-10-13 11:04:25:415 [ADB] Device API level: 31
2022-10-13 11:04:25:415 [UiAutomator2] Relaxing hidden api policy
2022-10-13 11:04:25:415 [ADB] Running 'C:\Users\Shilpa\AppData\Local\Android\Sdk\platform-tools\adb.exe -P 5037 -s emulator-5554 shell 'settings put global hidden_api_policy_pre_p_apps 1;settings put global hidden_api_policy_p_apps 1;settings put global hidden_api_policy 1''
2022-10-13 11:04:25:542 [AndroidDriver] Parsing package and activity from app manifest
2022-10-13 11:04:25:585 [ADB] Package name: 'com.mandir'
2022-10-13 11:04:25:585 [ADB] Main activity name: 'com.mandir.ui.activity.SplashActivity'
2022-10-13 11:04:25:585 [AndroidDriver] Parsed package and activity are: com.mandir/com.mandir.ui.activity.SplashActivity
2022-10-13 11:04:25:585 [ADB] Running 'C:\Users\Shilpa\AppData\Local\Android\Sdk\platform-tools\adb.exe -P 5037 -s emulator-5554 wait-for-device'
2022-10-13 11:04:25:609 [ADB] Running 'C:\Users\Shilpa\AppData\Local\Android\Sdk\platform-tools\adb.exe -P 5037 -s emulator-5554 shell echo ping'
2022-10-13 11:04:25:663 [AndroidDriver] Pushing settings apk to device...
2022-10-13 11:04:25:664 [ADB] Getting install status for io.appium.settings
2022-10-13 11:04:25:664 [ADB] Running 'C:\Users\Shilpa\AppData\Local\Android\Sdk\platform-tools\adb.exe -P 5037 -s emulator-5554 shell dumpsys package io.appium.settings'
2022-10-13 11:04:26:129 [ADB] 'io.appium.settings' is installed
2022-10-13 11:04:26:129 [ADB] Getting package info for 'io.appium.settings'
2022-10-13 11:04:26:129 [ADB] Running 'C:\Users\Shilpa\AppData\Local\Android\Sdk\platform-tools\adb.exe -P 5037 -s emulator-5554 shell dumpsys package io.appium.settings'
2022-10-13 11:04:26:190 [ADB] The version name of the installed 'io.appium.settings' is greater or equal to the application version name ('3.4.0' >= '3.4.0')
2022-10-13 11:04:26:192 [ADB] There is no need to install/upgrade 'C:\Users\Shilpa\AppData\Roaming\npm\node_modules\appium\node_modules\io.appium.settings\apks\settings_apk-debug.apk'
2022-10-13 11:04:26:192 [ADB] Getting IDs of all 'io.appium.settings' processes
2022-10-13 11:04:26:193 [ADB] Running 'C:\Users\Shilpa\AppData\Local\Android\Sdk\platform-tools\adb.exe -P 5037 -s emulator-5554 shell 'pgrep --help; echo $?''
2022-10-13 11:04:26:254 [ADB] Running 'C:\Users\Shilpa\AppData\Local\Android\Sdk\platform-tools\adb.exe -P 5037 -s emulator-5554 shell pgrep -f \(\[\[:blank:\]\]\|\^\)io\.appium\.settings\(\[\[:blank:\]\]\|\$\)'
2022-10-13 11:04:26:376 [AndroidDriver] io.appium.settings is already running. There is no need to reset its permissions.
2022-10-13 11:04:26:378 [Logcat] Starting logs capture with command: C:\\Users\\Shilpa\\AppData\\Local\\Android\\Sdk\\platform-tools\\adb.exe -P 5037 -s emulator-5554 logcat -v threadtime
2022-10-13 11:04:26:434 [UiAutomator2] Forwarding UiAutomator2 Server port 6790 to local port 8205
2022-10-13 11:04:26:435 [ADB] Forwarding system: 8205 to device: 6790
2022-10-13 11:04:26:436 [ADB] Running 'C:\Users\Shilpa\AppData\Local\Android\Sdk\platform-tools\adb.exe -P 5037 -s emulator-5554 forward tcp:8205 tcp:6790'
2022-10-13 11:04:26:467 [ADB] Getting install status for io.appium.uiautomator2.server
2022-10-13 11:04:26:468 [ADB] Running 'C:\Users\Shilpa\AppData\Local\Android\Sdk\platform-tools\adb.exe -P 5037 -s emulator-5554 shell dumpsys package io.appium.uiautomator2.server'
2022-10-13 11:04:26:639 [ADB] 'io.appium.uiautomator2.server' is installed
2022-10-13 11:04:26:639 [ADB] Getting package info for 'io.appium.uiautomator2.server'
2022-10-13 11:04:26:639 [ADB] Running 'C:\Users\Shilpa\AppData\Local\Android\Sdk\platform-tools\adb.exe -P 5037 -s emulator-5554 shell dumpsys package io.appium.uiautomator2.server'
2022-10-13 11:04:26:985 [ADB] The version name of the installed 'io.appium.uiautomator2.server' is greater or equal to the application version name ('4.27.0' >= '4.27.0')
2022-10-13 11:04:26:986 [UiAutomator2] io.appium.uiautomator2.server installation state: sameVersionInstalled
2022-10-13 11:04:26:986 [ADB] Checking app cert for C:\Users\Shilpa\AppData\Roaming\npm\node_modules\appium\node_modules\appium-uiautomator2-server\apks\appium-uiautomator2-server-v4.27.0.apk
2022-10-13 11:04:27:025 [ADB] Using 'apksigner.jar' from 'C:\Users\Shilpa\AppData\Local\Android\Sdk\build-tools\33.0.0\lib\apksigner.jar'
2022-10-13 11:04:27:027 [ADB] Starting apksigner: 'C:\\Program Files\\Java\\jdk1.8.0_291\\bin\\java.exe' -Xmx1024M -Xss1m -jar C:\\Users\\Shilpa\\AppData\\Local\\Android\\Sdk\\build-tools\\33.0.0\\lib\\apksigner.jar verify --print-certs C:\\Users\\Shilpa\\AppData\\Roaming\\npm\\node_modules\\appium\\node_modules\\appium-uiautomator2-server\\apks\\appium-uiautomator2-server-v4.27.0.apk
2022-10-13 11:04:28:405 [ADB] apksigner stdout: Signer #1 certificate DN: EMAILADDRESS=android@android.com, CN=Android, OU=Android, O=Android, L=Mountain View, ST=California, C=US
2022-10-13 11:04:28:405 [ADB] Signer #1 certificate SHA-256 digest: a40da80a59d170caa950cf15c18c454d47a39b26989d8b640ecd745ba71bf5dc
2022-10-13 11:04:28:405 [ADB] Signer #1 certificate SHA-1 digest: 61ed377e85d386a8dfee6b864bd85b0bfaa5af81
2022-10-13 11:04:28:405 [ADB] Signer #1 certificate MD5 digest: e89b158e4bcf988ebd09eb83f5378e87
2022-10-13 11:04:28:405 [ADB] 
2022-10-13 11:04:28:406 [ADB] sha256 hash did match for 'appium-uiautomator2-server-v4.27.0.apk'
2022-10-13 11:04:28:406 [ADB] 'C:\Users\Shilpa\AppData\Roaming\npm\node_modules\appium\node_modules\appium-uiautomator2-server\apks\appium-uiautomator2-server-v4.27.0.apk' is signed with the default certificate
2022-10-13 11:04:28:406 [ADB] Getting install status for io.appium.uiautomator2.server.test
2022-10-13 11:04:28:406 [ADB] Running 'C:\Users\Shilpa\AppData\Local\Android\Sdk\platform-tools\adb.exe -P 5037 -s emulator-5554 shell dumpsys package io.appium.uiautomator2.server.test'
2022-10-13 11:04:28:475 [ADB] 'io.appium.uiautomator2.server.test' is installed
2022-10-13 11:04:28:475 [ADB] Checking app cert for C:\Users\Shilpa\AppData\Roaming\npm\node_modules\appium\node_modules\appium-uiautomator2-server\apks\appium-uiautomator2-server-debug-androidTest.apk
2022-10-13 11:04:28:478 [ADB] Starting apksigner: 'C:\\Program Files\\Java\\jdk1.8.0_291\\bin\\java.exe' -Xmx1024M -Xss1m -jar C:\\Users\\Shilpa\\AppData\\Local\\Android\\Sdk\\build-tools\\33.0.0\\lib\\apksigner.jar verify --print-certs C:\\Users\\Shilpa\\AppData\\Roaming\\npm\\node_modules\\appium\\node_modules\\appium-uiautomator2-server\\apks\\appium-uiautomator2-server-debug-androidTest.apk
2022-10-13 11:04:28:979 [ADB] apksigner stdout: Signer #1 certificate DN: EMAILADDRESS=android@android.com, CN=Android, OU=Android, O=Android, L=Mountain View, ST=California, C=US
2022-10-13 11:04:28:979 [ADB] Signer #1 certificate SHA-256 digest: a40da80a59d170caa950cf15c18c454d47a39b26989d8b640ecd745ba71bf5dc
2022-10-13 11:04:28:979 [ADB] Signer #1 certificate SHA-1 digest: 61ed377e85d386a8dfee6b864bd85b0bfaa5af81
2022-10-13 11:04:28:979 [ADB] Signer #1 certificate MD5 digest: e89b158e4bcf988ebd09eb83f5378e87
2022-10-13 11:04:28:979 [ADB] 
2022-10-13 11:04:28:980 [ADB] sha256 hash did match for 'appium-uiautomator2-server-debug-androidTest.apk'
2022-10-13 11:04:28:980 [ADB] 'C:\Users\Shilpa\AppData\Roaming\npm\node_modules\appium\node_modules\appium-uiautomator2-server\apks\appium-uiautomator2-server-debug-androidTest.apk' is signed with the default certificate
2022-10-13 11:04:28:980 [UiAutomator2] Server packages are not going to be (re)installed
2022-10-13 11:04:28:982 [UiAutomator2] Waiting up to 30000ms for services to be available
2022-10-13 11:04:28:983 [ADB] Running 'C:\Users\Shilpa\AppData\Local\Android\Sdk\platform-tools\adb.exe -P 5037 -s emulator-5554 shell pm list instrumentation'
2022-10-13 11:04:29:043 [UiAutomator2] Instrumentation target 'io.appium.uiautomator2.server.test/androidx.test.runner.AndroidJUnitRunner' is available
2022-10-13 11:04:29:047 [ADB] Adding packages ["io.appium.settings","io.appium.uiautomator2.server","io.appium.uiautomator2.server.test"] to Doze whitelist
2022-10-13 11:04:29:047 [ADB] Got the following command chunks to execute: [["dumpsys","deviceidle","whitelist","+io.appium.settings",";","dumpsys","deviceidle","whitelist","+io.appium.uiautomator2.server",";","dumpsys","deviceidle","whitelist","+io.appium.uiautomator2.server.test",";"]]
2022-10-13 11:04:29:047 [ADB] Running 'C:\Users\Shilpa\AppData\Local\Android\Sdk\platform-tools\adb.exe -P 5037 -s emulator-5554 shell dumpsys deviceidle whitelist +io.appium.settings ; dumpsys deviceidle whitelist +io.appium.uiautomator2.server ; dumpsys deviceidle whitelist +io.appium.uiautomator2.server.test ;'
2022-10-13 11:04:29:140 [ADB] Checking app cert for C:\Users\Shilpa\Documents\New_Sri_Mandir\SRI_MANDIR(Different languages)1\src\main\java\resources\app-debug-3.7.5.apk
2022-10-13 11:04:29:453 [ADB] Starting apksigner: 'C:\\Program Files\\Java\\jdk1.8.0_291\\bin\\java.exe' -Xmx1024M -Xss1m -jar C:\\Users\\Shilpa\\AppData\\Local\\Android\\Sdk\\build-tools\\33.0.0\\lib\\apksigner.jar verify --print-certs 'C:\\Users\\Shilpa\\Documents\\New_Sri_Mandir\\SRI_MANDIR(Different languages)1\\src\\main\\java\\resources\\app-debug-3.7.5.apk'
2022-10-13 11:04:33:923 [ADB] apksigner stdout: Signer #1 certificate DN: C=US, O=Android, CN=Android Debug
2022-10-13 11:04:33:924 [ADB] Signer #1 certificate SHA-256 digest: 468f8d0eca3bb01d2f428ec8b54a99b3813d746f45499a1b98320fb67de13b88
2022-10-13 11:04:33:924 [ADB] Signer #1 certificate SHA-1 digest: 6af3fb8b6c2faff18497cde281bcb0971856f899
2022-10-13 11:04:33:924 [ADB] Signer #1 certificate MD5 digest: 80c2152efe8fbaf12745baabbb4c6045
2022-10-13 11:04:33:924 [ADB] 
2022-10-13 11:04:33:924 [ADB] 'C:\Users\Shilpa\Documents\New_Sri_Mandir\SRI_MANDIR(Different languages)1\src\main\java\resources\app-debug-3.7.5.apk' is signed with a non-default certificate
2022-10-13 11:04:33:925 [ADB] Getting install status for com.mandir
2022-10-13 11:04:33:925 [ADB] Running 'C:\Users\Shilpa\AppData\Local\Android\Sdk\platform-tools\adb.exe -P 5037 -s emulator-5554 shell dumpsys package com.mandir'
2022-10-13 11:04:34:069 [ADB] 'com.mandir' is installed
2022-10-13 11:04:34:069 [ADB] Getting package info for 'com.mandir'
2022-10-13 11:04:34:069 [ADB] Running 'C:\Users\Shilpa\AppData\Local\Android\Sdk\platform-tools\adb.exe -P 5037 -s emulator-5554 shell dumpsys package com.mandir'
2022-10-13 11:04:34:162 [ADB] The version name of the installed 'com.mandir' is greater or equal to the application version name ('3.7.5' >= '3.7.5')
2022-10-13 11:04:34:163 [ADB] There is no need to install/upgrade 'C:\Users\Shilpa\Documents\New_Sri_Mandir\SRI_MANDIR(Different languages)1\src\main\java\resources\app-debug-3.7.5.apk'
2022-10-13 11:04:34:163 [UiAutomator2] Performing shallow cleanup of automation leftovers
2022-10-13 11:04:34:189 [UiAutomator2] The following obsolete sessions are still running: ["b11967ad-3af5-4c36-85d2-8e80587ad016"]
2022-10-13 11:04:34:192 [UiAutomator2] Cleaning up 1 obsolete session
2022-10-13 11:04:35:228 [ADB] Running 'C:\Users\Shilpa\AppData\Local\Android\Sdk\platform-tools\adb.exe -P 5037 -s emulator-5554 shell am force-stop io.appium.uiautomator2.server.test'
2022-10-13 11:04:35:335 [UiAutomator2] Starting UIAutomator2 server 4.27.0
2022-10-13 11:04:35:335 [UiAutomator2] Using UIAutomator2 server from 'C:\Users\Shilpa\AppData\Roaming\npm\node_modules\appium\node_modules\appium-uiautomator2-server\apks\appium-uiautomator2-server-v4.27.0.apk' and test from 'C:\Users\Shilpa\AppData\Roaming\npm\node_modules\appium\node_modules\appium-uiautomator2-server\apks\appium-uiautomator2-server-debug-androidTest.apk'
2022-10-13 11:04:35:335 [UiAutomator2] Waiting up to 30000ms for UiAutomator2 to be online...
2022-10-13 11:04:35:336 [ADB] Creating ADB subprocess with args: ["-P",5037,"-s","emulator-5554","shell","am","instrument","-w","-e","disableAnalytics",true,"io.appium.uiautomator2.server.test/androidx.test.runner.AndroidJUnitRunner"]
2022-10-13 11:04:35:343 [WD Proxy] Matched '/status' to command name 'getStatus'
2022-10-13 11:04:35:345 [WD Proxy] Proxying [GET /status] to [GET http://127.0.0.1:8205/wd/hub/status] with no body
2022-10-13 11:04:35:358 [WD Proxy] socket hang up
2022-10-13 11:04:36:218 [Instrumentation] io.appium.uiautomator2.server.test.AppiumUiAutomator2Server:
2022-10-13 11:04:36:370 [WD Proxy] Matched '/status' to command name 'getStatus'
2022-10-13 11:04:36:370 [WD Proxy] Proxying [GET /status] to [GET http://127.0.0.1:8205/wd/hub/status] with no body
2022-10-13 11:04:36:377 [WD Proxy] socket hang up
2022-10-13 11:04:37:382 [WD Proxy] Matched '/status' to command name 'getStatus'
2022-10-13 11:04:37:382 [WD Proxy] Proxying [GET /status] to [GET http://127.0.0.1:8205/wd/hub/status] with no body
2022-10-13 11:04:37:389 [WD Proxy] socket hang up
2022-10-13 11:04:38:392 [WD Proxy] Matched '/status' to command name 'getStatus'
2022-10-13 11:04:38:393 [WD Proxy] Proxying [GET /status] to [GET http://127.0.0.1:8205/wd/hub/status] with no body
2022-10-13 11:04:38:544 [WD Proxy] Got response with status 200: {"sessionId":"None","value":{"message":"UiAutomator2 Server is ready to accept commands","ready":true}}
2022-10-13 11:04:38:544 [UiAutomator2] The initialization of the instrumentation process took 3209ms
2022-10-13 11:04:38:545 [WD Proxy] Matched '/session' to command name 'createSession'
2022-10-13 11:04:38:545 [WD Proxy] Proxying [POST /session] to [POST http://127.0.0.1:8205/wd/hub/session] with body: {"capabilities":{"firstMatch":[{"platform":"ANDROID","webStorageEnabled":false,"takesScreenshot":true,"javascriptEnabled":true,"databaseEnabled":false,"networkConnectionEnabled":true,"locationContextEnabled":false,"warnings":{},"desired":{"platformName":"android","platform":"ANDROID","app":"./src/main/java/resources/app-debug-3.7.5.apk","autoGrantPermissions":true,"automationName":"UiAutomator2","noReset":true,"udid":"emulator-5554"},"platformName":"android","app":"./src/main/java/resources/app-debug-3.7.5.apk","autoGrantPermissions":true,"automationName":"UiAutomator2","noReset":true,"udid":"emulator-5554","deviceName":"emulator-5554","deviceUDID":"emulator-5554","appPackage":"com.mandir"}],"alwaysMatch":{}}}
2022-10-13 11:04:38:580 [WD Proxy] Got response with status 200: {"sessionId":"dff0ef0f-0e44-4a3f-97b4-36953f2e2325","value":{"capabilities":{"firstMatch":[{"platform":"ANDROID","webStorageEnabled":false,"takesScreenshot":true,"javascriptEnabled":true,"databaseEnabled":false,"networkConnectionEnabled":true,"locationContextEnabled":false,"warnings":{},"desired":{"platformName":"android","platform":"ANDROID","app":"./src/main/java/resources/app-debug-3.7.5.apk","autoGrantPermissions":true,"automationName":"UiAutomator2","noReset":true,"udid":"emulator-5554"},"platformName":"android","app":"./src/main/java/resources/app-debug-3.7.5.apk","autoGrantPermissions":true,"automationName":"UiAutomator2","noReset":true,"udid":"emulator-5554","deviceName":"emulator-5554","deviceUDID":"emulator-5554","appPackage":"com.mandir"}],"alwaysMatch":{}},"sessionId":"dff0ef0f-0e44-4a3f-97b4-36953f2e2325"}}
2022-10-13 11:04:38:581 [WD Proxy] Determined the downstream protocol as 'W3C'
2022-10-13 11:04:38:597 [WD Proxy] Proxying [GET /appium/device/info] to [GET http://127.0.0.1:8205/wd/hub/session/dff0ef0f-0e44-4a3f-97b4-36953f2e2325/appium/device/info] with no body
2022-10-13 11:04:38:642 [WD Proxy] Got response with status 200: {"sessionId":"dff0ef0f-0e44-4a3f-97b4-36953f2e2325","value":{"androidId":"3904ad1126ed39dd","apiVersion":"31","bluetooth":{"state":"ON"},"brand":"google","carrierName":"T-Mobile","displayDensity":440,"locale":"en_US","manufacturer":"Google","model":"sdk_gphone64_x86_64","networks":[{"capabilities":{"SSID":null,"linkDownBandwidthKbps":30000,"linkUpstreamBandwidthKbps":12000,"networkCapabilities":"NET_CAPABILITY_NOT_METERED,NET_CAPABILITY_INTERNET,NET_CAPABILITY_NOT_RESTRICTED,NET_CAPABILITY_TRUSTED,NET_CAPABILITY_NOT_VPN,NET_CAPABILITY_VALIDATED,NET_CAPABILITY_NOT_ROAMING,NET_CAPABILITY_FOREGROUND,NET_CAPABILITY_NOT_CONGESTED,NET_CAPABILITY_NOT_SUSPENDED","signalStrength":-50,"transportTypes":"TRANSPORT_WIFI"},"detailedState":"CONNECTED","extraInfo":"","isAvailable":true,"isConnected":true,"isFailover":false,"isRoaming":false,"state":"CONNECTED","subtype":-1,"subtypeName":"","type":1,"typeName":"WIFI"},{"capabilities":{"SSID":null,"linkDownBandwidthKbps":4300,"linkUpstreamBandwidthKbps":1800,"networkCapabil...
2022-10-13 11:04:38:643 [ADB] Running 'C:\Users\Shilpa\AppData\Local\Android\Sdk\platform-tools\adb.exe -P 5037 -s emulator-5554 shell dumpsys window'
2022-10-13 11:04:38:720 [AndroidDriver] Screen already unlocked, doing nothing
2022-10-13 11:04:38:720 [UiAutomator2] Starting 'com.mandir/com.mandir.ui.activity.SplashActivity and waiting for 'com.mandir/com.mandir.ui.activity.SplashActivity'
2022-10-13 11:04:38:721 [ADB] Running 'C:\Users\Shilpa\AppData\Local\Android\Sdk\platform-tools\adb.exe -P 5037 -s emulator-5554 shell am start -W -n com.mandir/com.mandir.ui.activity.SplashActivity -S -a android.intent.action.MAIN -c android.intent.category.LAUNCHER -f 0x10200000'
2022-10-13 11:04:42:634 [ADB] Waiting up to 20000ms for activity matching pkg: 'com.mandir' and activity: 'com.mandir.ui.activity.SplashActivity' to be focused
2022-10-13 11:04:42:634 [ADB] Possible activities, to be checked: 'com.mandir.ui.activity.SplashActivity', 'com.mandir.com.mandir.ui.activity.SplashActivity'
2022-10-13 11:04:42:635 [ADB] Getting focused package and activity
2022-10-13 11:04:42:635 [ADB] Running 'C:\Users\Shilpa\AppData\Local\Android\Sdk\platform-tools\adb.exe -P 5037 -s emulator-5554 shell dumpsys window displays'
2022-10-13 11:04:42:740 [ADB] Found package: 'com.mandir' and fully qualified activity name : 'com.mandir.ui.activity.SplashActivity'
2022-10-13 11:04:42:766 [WD Proxy] Proxying [GET /appium/device/pixel_ratio] to [GET http://127.0.0.1:8205/wd/hub/session/dff0ef0f-0e44-4a3f-97b4-36953f2e2325/appium/device/pixel_ratio] with no body
2022-10-13 11:04:42:821 [WD Proxy] Got response with status 200: {"sessionId":"dff0ef0f-0e44-4a3f-97b4-36953f2e2325","value":2.75}
2022-10-13 11:04:42:823 [WD Proxy] Matched '/appium/device/system_bars' to command name 'getSystemBars'
2022-10-13 11:04:42:823 [WD Proxy] Proxying [GET /appium/device/system_bars] to [GET http://127.0.0.1:8205/wd/hub/session/dff0ef0f-0e44-4a3f-97b4-36953f2e2325/appium/device/system_bars] with no body
2022-10-13 11:04:42:838 [WD Proxy] Got response with status 200: {"sessionId":"dff0ef0f-0e44-4a3f-97b4-36953f2e2325","value":{"statusBar":66}}
2022-10-13 11:04:42:839 [WD Proxy] Matched '/window/current/size' to command name 'getWindowSize'
2022-10-13 11:04:42:839 [WD Proxy] Proxying [GET /window/current/size] to [GET http://127.0.0.1:8205/wd/hub/session/dff0ef0f-0e44-4a3f-97b4-36953f2e2325/window/current/size] with no body
2022-10-13 11:04:42:866 [WD Proxy] Got response with status 200: {"sessionId":"dff0ef0f-0e44-4a3f-97b4-36953f2e2325","value":{"height":2148,"width":1080}}
2022-10-13 11:04:42:868 [Appium] New AndroidUiautomator2Driver session created successfully, session a857b71b-a968-4944-98b1-cad3afe064c1 added to master session list
2022-10-13 11:04:42:868 [BaseDriver] Event 'newSessionStarted' logged at 1665659082868 (16:34:42 GMT+0530 (India Standard Time))
2022-10-13 11:04:42:869 [W3C (a857b71b)] Cached the protocol value 'W3C' for the new session a857b71b-a968-4944-98b1-cad3afe064c1
2022-10-13 11:04:42:869 [W3C (a857b71b)] Responding to client with driver.createSession() result: {"capabilities":{"platform":"ANDROID","webStorageEnabled":false,"takesScreenshot":true,"javascriptEnabled":true,"databaseEnabled":false,"networkConnectionEnabled":true,"locationContextEnabled":false,"warnings":{},"desired":{"platformName":"android","platform":"ANDROID","app":"./src/main/java/resources/app-debug-3.7.5.apk","autoGrantPermissions":true,"automationName":"UiAutomator2","noReset":true,"udid":"emulator-5554"},"platformName":"android","app":"./src/main/java/resources/app-debug-3.7.5.apk","autoGrantPermissions":true,"automationName":"UiAutomator2","noReset":true,"udid":"emulator-5554","deviceName":"emulator-5554","deviceUDID":"emulator-5554","appPackage":"com.mandir","deviceApiLevel":31,"platformVersion":"12","deviceScreenSize":"1080x2280","deviceScreenDensity":440,"deviceModel":"sdk_gphone64_x86_64","deviceManufacturer":"Google","pixelRatio":2.75,"statBarHeight":66,"viewportRect":{"left":0,"top":66,"width":1080,"height":2082}}}
2022-10-13 11:04:42:871 [HTTP] <-- POST /wd/hub/session 200 18116 ms - 1011
2022-10-13 11:04:42:872 [HTTP] 
2022-10-13 11:04:42:974 [HTTP] --> GET /wd/hub/session/a857b71b-a968-4944-98b1-cad3afe064c1
2022-10-13 11:04:42:974 [HTTP] {}
2022-10-13 11:04:42:976 [W3C (a857b71b)] Calling AppiumDriver.getSession() with args: ["a857b71b-a968-4944-98b1-cad3afe064c1"]
2022-10-13 11:04:42:976 [UiAutomator2] Getting session details from server to mix in
2022-10-13 11:04:42:977 [WD Proxy] Matched '/' to command name 'getSession'
2022-10-13 11:04:42:977 [WD Proxy] Proxying [GET /] to [GET http://127.0.0.1:8205/wd/hub/session/dff0ef0f-0e44-4a3f-97b4-36953f2e2325] with no body
2022-10-13 11:04:43:013 [WD Proxy] Got response with status 200: {"sessionId":"dff0ef0f-0e44-4a3f-97b4-36953f2e2325","value":{"lastScrollData":null}}
2022-10-13 11:04:43:014 [W3C (a857b71b)] Responding to client with driver.getSession() result: {"platform":"ANDROID","webStorageEnabled":false,"takesScreenshot":true,"javascriptEnabled":true,"databaseEnabled":false,"networkConnectionEnabled":true,"locationContextEnabled":false,"warnings":{},"desired":{"platformName":"android","platform":"ANDROID","app":"./src/main/java/resources/app-debug-3.7.5.apk","autoGrantPermissions":true,"automationName":"UiAutomator2","noReset":true,"udid":"emulator-5554"},"platformName":"android","app":"./src/main/java/resources/app-debug-3.7.5.apk","autoGrantPermissions":true,"automationName":"UiAutomator2","noReset":true,"udid":"emulator-5554","deviceName":"emulator-5554","deviceUDID":"emulator-5554","appPackage":"com.mandir","deviceApiLevel":31,"platformVersion":"12","deviceScreenSize":"1080x2280","deviceScreenDensity":440,"deviceModel":"sdk_gphone64_x86_64","deviceManufacturer":"Google","pixelRatio":2.75,"statBarHeight":66,"viewportRect":{"left":0,"top":66,"width":1080,"height":2082},"lastScrollData":null}
2022-10-13 11:04:43:017 [HTTP] <-- GET /wd/hub/session/a857b71b-a968-4944-98b1-cad3afe064c1 200 41 ms - 965
2022-10-13 11:04:43:017 [HTTP] 
2022-10-13 11:04:43:026 [HTTP] --> GET /wd/hub/session/a857b71b-a968-4944-98b1-cad3afe064c1
2022-10-13 11:04:43:026 [HTTP] {}
2022-10-13 11:04:43:028 [W3C (a857b71b)] Calling AppiumDriver.getSession() with args: ["a857b71b-a968-4944-98b1-cad3afe064c1"]
2022-10-13 11:04:43:029 [UiAutomator2] Getting session details from server to mix in
2022-10-13 11:04:43:030 [WD Proxy] Matched '/' to command name 'getSession'
2022-10-13 11:04:43:030 [WD Proxy] Proxying [GET /] to [GET http://127.0.0.1:8205/wd/hub/session/dff0ef0f-0e44-4a3f-97b4-36953f2e2325] with no body
2022-10-13 11:04:43:042 [WD Proxy] Got response with status 200: {"sessionId":"dff0ef0f-0e44-4a3f-97b4-36953f2e2325","value":{"lastScrollData":null}}
2022-10-13 11:04:43:043 [W3C (a857b71b)] Responding to client with driver.getSession() result: {"platform":"ANDROID","webStorageEnabled":false,"takesScreenshot":true,"javascriptEnabled":true,"databaseEnabled":false,"networkConnectionEnabled":true,"locationContextEnabled":false,"warnings":{},"desired":{"platformName":"android","platform":"ANDROID","app":"./src/main/java/resources/app-debug-3.7.5.apk","autoGrantPermissions":true,"automationName":"UiAutomator2","noReset":true,"udid":"emulator-5554"},"platformName":"android","app":"./src/main/java/resources/app-debug-3.7.5.apk","autoGrantPermissions":true,"automationName":"UiAutomator2","noReset":true,"udid":"emulator-5554","deviceName":"emulator-5554","deviceUDID":"emulator-5554","appPackage":"com.mandir","deviceApiLevel":31,"platformVersion":"12","deviceScreenSize":"1080x2280","deviceScreenDensity":440,"deviceModel":"sdk_gphone64_x86_64","deviceManufacturer":"Google","pixelRatio":2.75,"statBarHeight":66,"viewportRect":{"left":0,"top":66,"width":1080,"height":2082},"lastScrollData":null}
2022-10-13 11:04:43:044 [HTTP] <-- GET /wd/hub/session/a857b71b-a968-4944-98b1-cad3afe064c1 200 18 ms - 965
2022-10-13 11:04:43:044 [HTTP] 
2022-10-13 11:04:43:060 [HTTP] --> POST /wd/hub/session/a857b71b-a968-4944-98b1-cad3afe064c1/timeouts
2022-10-13 11:04:43:060 [HTTP] {"implicit":50000}
2022-10-13 11:04:43:063 [W3C (a857b71b)] Calling AppiumDriver.timeouts() with args: [null,null,null,null,50000,"a857b71b-a968-4944-98b1-cad3afe064c1"]
2022-10-13 11:04:43:064 [BaseDriver] W3C timeout argument: {"implicit":50000}}
2022-10-13 11:04:43:065 [BaseDriver] Set implicit wait to 50000ms
2022-10-13 11:04:43:065 [W3C (a857b71b)] Responding to client with driver.timeouts() result: null
2022-10-13 11:04:43:066 [HTTP] <-- POST /wd/hub/session/a857b71b-a968-4944-98b1-cad3afe064c1/timeouts 200 6 ms - 14
2022-10-13 11:04:43:067 [HTTP] 
2022-10-13 11:04:43:149 [HTTP] --> POST /wd/hub/session/a857b71b-a968-4944-98b1-cad3afe064c1/element
2022-10-13 11:04:43:149 [HTTP] {"using":"id","value":"com.mandir:id/iv_flower"}
2022-10-13 11:04:43:157 [W3C (a857b71b)] Calling AppiumDriver.findElement() with args: ["id","com.mandir:id/iv_flower","a857b71b-a968-4944-98b1-cad3afe064c1"]
2022-10-13 11:04:43:158 [BaseDriver] Valid locator strategies for this request: xpath, id, class name, accessibility id, css selector, -android uiautomator
2022-10-13 11:04:43:159 [BaseDriver] Waiting up to 50000 ms for condition
2022-10-13 11:04:43:163 [WD Proxy] Matched '/element' to command name 'findElement'
2022-10-13 11:04:43:163 [WD Proxy] Proxying [POST /element] to [POST http://127.0.0.1:8205/wd/hub/session/dff0ef0f-0e44-4a3f-97b4-36953f2e2325/element] with body: {"strategy":"id","selector":"com.mandir:id/iv_flower","context":"","multiple":false}
2022-10-13 11:04:44:790 [WD Proxy] Got response with status 404: {"sessionId":"dff0ef0f-0e44-4a3f-97b4-36953f2e2325","value":{"error":"no such element","message":"An element could not be located on the page using the given search parameters","stacktrace":"io.appium.uiautomator2.common.exceptions.ElementNotFoundException: An element could not be located on the page using the given search parameters\n\tat io.appium.uiautomator2.handler.FindElement.safeHandle(FindElement.java:70)\n\tat io.appium.uiautomator2.handler.request.SafeRequestHandler.handle(SafeRequestHandler.java:59)\n\tat io.appium.uiautomator2.server.AppiumServlet.handleRequest(AppiumServlet.java:266)\n\tat io.appium.uiautomator2.server.AppiumServlet.handleHttpRequest(AppiumServlet.java:260)\n\tat io.appium.uiautomator2.http.ServerHandler.channelRead(ServerHandler.java:68)\n\tat io.netty.channel.AbstractChannelHandlerContext.invokeChannelRead(AbstractChannelHandlerContext.java:366)\n\tat io.netty.channel.AbstractChannelHandlerContext.invokeChannelRead(AbstractChannelHandlerContext.java:352)\n\tat io.netty.chann...
2022-10-13 11:04:44:791 [W3C] Matched W3C error code 'no such element' to NoSuchElementError
2022-10-13 11:04:44:791 [BaseDriver] Waited for 1632 ms so far
2022-10-13 11:04:45:307 [WD Proxy] Matched '/element' to command name 'findElement'
2022-10-13 11:04:45:307 [WD Proxy] Proxying [POST /element] to [POST http://127.0.0.1:8205/wd/hub/session/dff0ef0f-0e44-4a3f-97b4-36953f2e2325/element] with body: {"strategy":"id","selector":"com.mandir:id/iv_flower","context":"","multiple":false}
2022-10-13 11:04:47:348 [WD Proxy] Got response with status 404: {"sessionId":"dff0ef0f-0e44-4a3f-97b4-36953f2e2325","value":{"error":"no such element","message":"An element could not be located on the page using the given search parameters","stacktrace":"io.appium.uiautomator2.common.exceptions.ElementNotFoundException: An element could not be located on the page using the given search parameters\n\tat io.appium.uiautomator2.handler.FindElement.safeHandle(FindElement.java:70)\n\tat io.appium.uiautomator2.handler.request.SafeRequestHandler.handle(SafeRequestHandler.java:59)\n\tat io.appium.uiautomator2.server.AppiumServlet.handleRequest(AppiumServlet.java:266)\n\tat io.appium.uiautomator2.server.AppiumServlet.handleHttpRequest(AppiumServlet.java:260)\n\tat io.appium.uiautomator2.http.ServerHandler.channelRead(ServerHandler.java:68)\n\tat io.netty.channel.AbstractChannelHandlerContext.invokeChannelRead(AbstractChannelHandlerContext.java:366)\n\tat io.netty.channel.AbstractChannelHandlerContext.invokeChannelRead(AbstractChannelHandlerContext.java:352)\n\tat io.netty.chann...
2022-10-13 11:04:47:349 [W3C] Matched W3C error code 'no such element' to NoSuchElementError
2022-10-13 11:04:47:349 [BaseDriver] Waited for 4190 ms so far
2022-10-13 11:04:47:854 [WD Proxy] Matched '/element' to command name 'findElement'
2022-10-13 11:04:47:855 [WD Proxy] Proxying [POST /element] to [POST http://127.0.0.1:8205/wd/hub/session/dff0ef0f-0e44-4a3f-97b4-36953f2e2325/element] with body: {"strategy":"id","selector":"com.mandir:id/iv_flower","context":"","multiple":false}
2022-10-13 11:04:47:935 [WD Proxy] Got response with status 404: {"sessionId":"dff0ef0f-0e44-4a3f-97b4-36953f2e2325","value":{"error":"no such element","message":"An element could not be located on the page using the given search parameters","stacktrace":"io.appium.uiautomator2.common.exceptions.ElementNotFoundException: An element could not be located on the page using the given search parameters\n\tat io.appium.uiautomator2.handler.FindElement.safeHandle(FindElement.java:70)\n\tat io.appium.uiautomator2.handler.request.SafeRequestHandler.handle(SafeRequestHandler.java:59)\n\tat io.appium.uiautomator2.server.AppiumServlet.handleRequest(AppiumServlet.java:266)\n\tat io.appium.uiautomator2.server.AppiumServlet.handleHttpRequest(AppiumServlet.java:260)\n\tat io.appium.uiautomator2.http.ServerHandler.channelRead(ServerHandler.java:68)\n\tat io.netty.channel.AbstractChannelHandlerContext.invokeChannelRead(AbstractChannelHandlerContext.java:366)\n\tat io.netty.channel.AbstractChannelHandlerContext.invokeChannelRead(AbstractChannelHandlerContext.java:352)\n\tat io.netty.chann...
2022-10-13 11:04:47:935 [W3C] Matched W3C error code 'no such element' to NoSuchElementError
2022-10-13 11:04:47:936 [BaseDriver] Waited for 4777 ms so far
2022-10-13 11:04:48:441 [WD Proxy] Matched '/element' to command name 'findElement'
2022-10-13 11:04:48:441 [WD Proxy] Proxying [POST /element] to [POST http://127.0.0.1:8205/wd/hub/session/dff0ef0f-0e44-4a3f-97b4-36953f2e2325/element] with body: {"strategy":"id","selector":"com.mandir:id/iv_flower","context":"","multiple":false}
2022-10-13 11:04:51:462 [WD Proxy] Got response with status 404: {"sessionId":"dff0ef0f-0e44-4a3f-97b4-36953f2e2325","value":{"error":"no such element","message":"An element could not be located on the page using the given search parameters","stacktrace":"io.appium.uiautomator2.common.exceptions.ElementNotFoundException: An element could not be located on the page using the given search parameters\n\tat io.appium.uiautomator2.handler.FindElement.safeHandle(FindElement.java:70)\n\tat io.appium.uiautomator2.handler.request.SafeRequestHandler.handle(SafeRequestHandler.java:59)\n\tat io.appium.uiautomator2.server.AppiumServlet.handleRequest(AppiumServlet.java:266)\n\tat io.appium.uiautomator2.server.AppiumServlet.handleHttpRequest(AppiumServlet.java:260)\n\tat io.appium.uiautomator2.http.ServerHandler.channelRead(ServerHandler.java:68)\n\tat io.netty.channel.AbstractChannelHandlerContext.invokeChannelRead(AbstractChannelHandlerContext.java:366)\n\tat io.netty.channel.AbstractChannelHandlerContext.invokeChannelRead(AbstractChannelHandlerContext.java:352)\n\tat io.netty.chann...
2022-10-13 11:04:51:462 [W3C] Matched W3C error code 'no such element' to NoSuchElementError
2022-10-13 11:04:51:463 [BaseDriver] Waited for 8303 ms so far
2022-10-13 11:04:51:964 [WD Proxy] Matched '/element' to command name 'findElement'
2022-10-13 11:04:51:964 [WD Proxy] Proxying [POST /element] to [POST http://127.0.0.1:8205/wd/hub/session/dff0ef0f-0e44-4a3f-97b4-36953f2e2325/element] with body: {"strategy":"id","selector":"com.mandir:id/iv_flower","context":"","multiple":false}
2022-10-13 11:04:54:488 [WD Proxy] Got response with status 200: {"sessionId":"dff0ef0f-0e44-4a3f-97b4-36953f2e2325","value":{"ELEMENT":"00000000-0000-006a-ffff-ffff000001a1","element-6066-11e4-a52e-4f735466cecf":"00000000-0000-006a-ffff-ffff000001a1"}}
2022-10-13 11:04:54:490 [W3C (a857b71b)] Responding to client with driver.findElement() result: {"element-6066-11e4-a52e-4f735466cecf":"00000000-0000-006a-ffff-ffff000001a1","ELEMENT":"00000000-0000-006a-ffff-ffff000001a1"}
2022-10-13 11:04:54:491 [HTTP] <-- POST /wd/hub/session/a857b71b-a968-4944-98b1-cad3afe064c1/element 200 11341 ms - 137
2022-10-13 11:04:54:491 [HTTP] 
2022-10-13 11:04:54:515 [HTTP] --> POST /wd/hub/session/a857b71b-a968-4944-98b1-cad3afe064c1/element
2022-10-13 11:04:54:515 [HTTP] {"using":"id","value":"com.mandir:id/iv_flower"}
2022-10-13 11:04:54:519 [W3C (a857b71b)] Calling AppiumDriver.findElement() with args: ["id","com.mandir:id/iv_flower","a857b71b-a968-4944-98b1-cad3afe064c1"]
2022-10-13 11:04:54:521 [BaseDriver] Valid locator strategies for this request: xpath, id, class name, accessibility id, css selector, -android uiautomator
2022-10-13 11:04:54:521 [BaseDriver] Waiting up to 50000 ms for condition
2022-10-13 11:04:54:522 [WD Proxy] Matched '/element' to command name 'findElement'
2022-10-13 11:04:54:522 [WD Proxy] Proxying [POST /element] to [POST http://127.0.0.1:8205/wd/hub/session/dff0ef0f-0e44-4a3f-97b4-36953f2e2325/element] with body: {"strategy":"id","selector":"com.mandir:id/iv_flower","context":"","multiple":false}
2022-10-13 11:05:05:856 [WD Proxy] Got response with status 200: {"sessionId":"dff0ef0f-0e44-4a3f-97b4-36953f2e2325","value":{"ELEMENT":"00000000-0000-006a-ffff-ffff000001a1","element-6066-11e4-a52e-4f735466cecf":"00000000-0000-006a-ffff-ffff000001a1"}}
2022-10-13 11:05:05:856 [W3C (a857b71b)] Responding to client with driver.findElement() result: {"element-6066-11e4-a52e-4f735466cecf":"00000000-0000-006a-ffff-ffff000001a1","ELEMENT":"00000000-0000-006a-ffff-ffff000001a1"}
2022-10-13 11:05:05:857 [HTTP] <-- POST /wd/hub/session/a857b71b-a968-4944-98b1-cad3afe064c1/element 200 11342 ms - 137
2022-10-13 11:05:05:857 [HTTP] 
2022-10-13 11:05:05:863 [HTTP] --> GET /wd/hub/session/a857b71b-a968-4944-98b1-cad3afe064c1/element/00000000-0000-006a-ffff-ffff000001a1/displayed
2022-10-13 11:05:05:864 [HTTP] {}
2022-10-13 11:05:05:867 [W3C (a857b71b)] Calling AppiumDriver.elementDisplayed() with args: ["00000000-0000-006a-ffff-ffff000001a1","a857b71b-a968-4944-98b1-cad3afe064c1"]
2022-10-13 11:05:05:868 [WD Proxy] Matched '/element/00000000-0000-006a-ffff-ffff000001a1/attribute/displayed' to command name 'getAttribute'
2022-10-13 11:05:05:869 [WD Proxy] Proxying [GET /element/00000000-0000-006a-ffff-ffff000001a1/attribute/displayed] to [GET http://127.0.0.1:8205/wd/hub/session/dff0ef0f-0e44-4a3f-97b4-36953f2e2325/element/00000000-0000-006a-ffff-ffff000001a1/attribute/displayed] with no body
2022-10-13 11:05:26:044 [WD Proxy] Got response with status 200: {"sessionId":"dff0ef0f-0e44-4a3f-97b4-36953f2e2325","value":"true"}
2022-10-13 11:05:26:045 [W3C (a857b71b)] Responding to client with driver.elementDisplayed() result: true
2022-10-13 11:05:26:047 [HTTP] <-- GET /wd/hub/session/a857b71b-a968-4944-98b1-cad3afe064c1/element/00000000-0000-006a-ffff-ffff000001a1/displayed 200 20183 ms - 14
2022-10-13 11:05:26:047 [HTTP] 
2022-10-13 11:05:26:053 [HTTP] --> POST /wd/hub/session/a857b71b-a968-4944-98b1-cad3afe064c1/element
2022-10-13 11:05:26:054 [HTTP] {"using":"id","value":"com.mandir:id/iv_flower"}
2022-10-13 11:05:26:056 [W3C (a857b71b)] Calling AppiumDriver.findElement() with args: ["id","com.mandir:id/iv_flower","a857b71b-a968-4944-98b1-cad3afe064c1"]
2022-10-13 11:05:26:056 [BaseDriver] Valid locator strategies for this request: xpath, id, class name, accessibility id, css selector, -android uiautomator
2022-10-13 11:05:26:056 [BaseDriver] Waiting up to 50000 ms for condition
2022-10-13 11:05:26:057 [WD Proxy] Matched '/element' to command name 'findElement'
2022-10-13 11:05:26:057 [WD Proxy] Proxying [POST /element] to [POST http://127.0.0.1:8205/wd/hub/session/dff0ef0f-0e44-4a3f-97b4-36953f2e2325/element] with body: {"strategy":"id","selector":"com.mandir:id/iv_flower","context":"","multiple":false}
2022-10-13 11:05:36:192 [WD Proxy] Got response with status 200: {"sessionId":"dff0ef0f-0e44-4a3f-97b4-36953f2e2325","value":{"ELEMENT":"00000000-0000-006a-ffff-ffff000001a1","element-6066-11e4-a52e-4f735466cecf":"00000000-0000-006a-ffff-ffff000001a1"}}
2022-10-13 11:05:36:193 [W3C (a857b71b)] Responding to client with driver.findElement() result: {"element-6066-11e4-a52e-4f735466cecf":"00000000-0000-006a-ffff-ffff000001a1","ELEMENT":"00000000-0000-006a-ffff-ffff000001a1"}
2022-10-13 11:05:36:194 [HTTP] <-- POST /wd/hub/session/a857b71b-a968-4944-98b1-cad3afe064c1/element 200 10141 ms - 137
2022-10-13 11:05:36:194 [HTTP] 
2022-10-13 11:05:36:200 [HTTP] --> POST /wd/hub/session/a857b71b-a968-4944-98b1-cad3afe064c1/element
2022-10-13 11:05:36:200 [HTTP] {"using":"id","value":"com.mandir:id/iv_flower"}
2022-10-13 11:05:36:201 [W3C (a857b71b)] Calling AppiumDriver.findElement() with args: ["id","com.mandir:id/iv_flower","a857b71b-a968-4944-98b1-cad3afe064c1"]
2022-10-13 11:05:36:201 [BaseDriver] Valid locator strategies for this request: xpath, id, class name, accessibility id, css selector, -android uiautomator
2022-10-13 11:05:36:201 [BaseDriver] Waiting up to 50000 ms for condition
2022-10-13 11:05:36:202 [WD Proxy] Matched '/element' to command name 'findElement'
2022-10-13 11:05:36:202 [WD Proxy] Proxying [POST /element] to [POST http://127.0.0.1:8205/wd/hub/session/dff0ef0f-0e44-4a3f-97b4-36953f2e2325/element] with body: {"strategy":"id","selector":"com.mandir:id/iv_flower","context":"","multiple":false}
2022-10-13 11:05:46:359 [WD Proxy] Got response with status 200: {"sessionId":"dff0ef0f-0e44-4a3f-97b4-36953f2e2325","value":{"ELEMENT":"00000000-0000-006a-ffff-ffff000001a1","element-6066-11e4-a52e-4f735466cecf":"00000000-0000-006a-ffff-ffff000001a1"}}
2022-10-13 11:05:46:359 [W3C (a857b71b)] Responding to client with driver.findElement() result: {"element-6066-11e4-a52e-4f735466cecf":"00000000-0000-006a-ffff-ffff000001a1","ELEMENT":"00000000-0000-006a-ffff-ffff000001a1"}
2022-10-13 11:05:46:360 [HTTP] <-- POST /wd/hub/session/a857b71b-a968-4944-98b1-cad3afe064c1/element 200 10160 ms - 137
2022-10-13 11:05:46:360 [HTTP] 
2022-10-13 11:05:46:365 [HTTP] --> POST /wd/hub/session/a857b71b-a968-4944-98b1-cad3afe064c1/element/00000000-0000-006a-ffff-ffff000001a1/click
2022-10-13 11:05:46:365 [HTTP] {"id":"00000000-0000-006a-ffff-ffff000001a1"}
2022-10-13 11:05:46:366 [W3C (a857b71b)] Calling AppiumDriver.click() with args: ["00000000-0000-006a-ffff-ffff000001a1","a857b71b-a968-4944-98b1-cad3afe064c1"]
2022-10-13 11:05:46:366 [WD Proxy] Matched '/element/00000000-0000-006a-ffff-ffff000001a1/click' to command name 'click'
2022-10-13 11:05:46:366 [WD Proxy] Proxying [POST /element/00000000-0000-006a-ffff-ffff000001a1/click] to [POST http://127.0.0.1:8205/wd/hub/session/dff0ef0f-0e44-4a3f-97b4-36953f2e2325/element/00000000-0000-006a-ffff-ffff000001a1/click] with body: {"element":"00000000-0000-006a-ffff-ffff000001a1"}
2022-10-13 11:06:07:881 [WD Proxy] Got response with status 200: {"sessionId":"dff0ef0f-0e44-4a3f-97b4-36953f2e2325","value":null}
2022-10-13 11:06:07:882 [W3C (a857b71b)] Responding to client with driver.click() result: null
2022-10-13 11:06:07:883 [HTTP] <-- POST /wd/hub/session/a857b71b-a968-4944-98b1-cad3afe064c1/element/00000000-0000-006a-ffff-ffff000001a1/click 200 21517 ms - 14
2022-10-13 11:06:07:883 [HTTP] 
2022-10-13 11:06:17:908 [HTTP] --> POST /wd/hub/session/a857b71b-a968-4944-98b1-cad3afe064c1/touch/perform
2022-10-13 11:06:17:908 [HTTP] {"actions":[{"action":"longPress","options":{"x":944,"y":1892}},{"action":"moveTo","options":{"x":264,"y":1892}},{"action":"release","options":{}}]}
2022-10-13 11:06:17:913 [W3C (a857b71b)] Calling AppiumDriver.performTouch() with args: [[{"action":"longPress","options":{"x":944,"y":1892}},{"action":"moveTo","options":{"x":264,"y":1892}},{"action":"release","options":{}}],"a857b71b-a968-4944-98b1-cad3afe064c1"]
2022-10-13 11:06:17:915 [WD Proxy] Proxying [POST /touch/drag] to [POST http://127.0.0.1:8205/wd/hub/session/dff0ef0f-0e44-4a3f-97b4-36953f2e2325/touch/drag] with body: {"startX":944,"startY":1892,"endX":264,"endY":1892,"steps":80}
2022-10-13 11:06:20:755 [WD Proxy] Got response with status 200: {"sessionId":"dff0ef0f-0e44-4a3f-97b4-36953f2e2325","value":null}
2022-10-13 11:06:20:756 [W3C (a857b71b)] Responding to client with driver.performTouch() result: null
2022-10-13 11:06:20:757 [HTTP] <-- POST /wd/hub/session/a857b71b-a968-4944-98b1-cad3afe064c1/touch/perform 200 2849 ms - 14
2022-10-13 11:06:20:757 [HTTP] 
2022-10-13 11:06:20:765 [HTTP] --> POST /wd/hub/session/a857b71b-a968-4944-98b1-cad3afe064c1/touch/perform
2022-10-13 11:06:20:766 [HTTP] {"actions":[{"action":"longPress","options":{"x":108,"y":1892}},{"action":"moveTo","options":{"x":980,"y":1892}},{"action":"release","options":{}}]}
2022-10-13 11:06:20:768 [W3C (a857b71b)] Calling AppiumDriver.performTouch() with args: [[{"action":"longPress","options":{"x":108,"y":1892}},{"action":"moveTo","options":{"x":980,"y":1892}},{"action":"release","options":{}}],"a857b71b-a968-4944-98b1-cad3afe064c1"]
2022-10-13 11:06:20:770 [WD Proxy] Proxying [POST /touch/drag] to [POST http://127.0.0.1:8205/wd/hub/session/dff0ef0f-0e44-4a3f-97b4-36953f2e2325/touch/drag] with body: {"startX":108,"startY":1892,"endX":980,"endY":1892,"steps":80}
2022-10-13 11:06:23:663 [WD Proxy] Got response with status 200: {"sessionId":"dff0ef0f-0e44-4a3f-97b4-36953f2e2325","value":null}
2022-10-13 11:06:23:664 [W3C (a857b71b)] Responding to client with driver.performTouch() result: null
2022-10-13 11:06:23:665 [HTTP] <-- POST /wd/hub/session/a857b71b-a968-4944-98b1-cad3afe064c1/touch/perform 200 2899 ms - 14
2022-10-13 11:06:23:665 [HTTP] 
2022-10-13 11:06:23:677 [HTTP] --> POST /wd/hub/session/a857b71b-a968-4944-98b1-cad3afe064c1/appium/app/close
2022-10-13 11:06:23:678 [HTTP] {}
2022-10-13 11:06:23:683 [W3C (a857b71b)] Calling AppiumDriver.closeApp() with args: ["a857b71b-a968-4944-98b1-cad3afe064c1"]
2022-10-13 11:06:23:684 [ADB] Running 'C:\Users\Shilpa\AppData\Local\Android\Sdk\platform-tools\adb.exe -P 5037 -s emulator-5554 shell am force-stop com.mandir'
2022-10-13 11:06:23:892 [W3C (a857b71b)] Responding to client with driver.closeApp() result: null
2022-10-13 11:06:23:893 [HTTP] <-- POST /wd/hub/session/a857b71b-a968-4944-98b1-cad3afe064c1/appium/app/close 200 215 ms - 14
2022-10-13 11:06:23:894 [HTTP] 
