2022-10-18 07:40:26:254 [Appium] Welcome to Appium v1.22.3
2022-10-18 07:40:26:255 [Appium] Non-default server args:
2022-10-18 07:40:26:256 [Appium]   address: 127.0.0.1
2022-10-18 07:40:26:256 [Appium]   port: 3901
2022-10-18 07:40:26:256 [Appium]   logFile: C:\Users\Shilpa\Documents\New_Sri_Mandir\SRI_MANDIR(Different languages)\.\ServerLogs\appiumSriMandirVerifythatHoraTabDisplayedInTheMahabandarPage1.log
2022-10-18 07:40:26:282 [Appium] Appium REST http interface listener started on 127.0.0.1:3901
2022-10-18 07:40:26:535 [HTTP] --> GET /wd/hub/status
2022-10-18 07:40:26:535 [HTTP] {}
2022-10-18 07:40:26:537 [GENERIC] Calling AppiumDriver.getStatus() with args: []
2022-10-18 07:40:26:539 [GENERIC] Responding to client with driver.getStatus() result: {"build":{"version":"1.22.3"}}
2022-10-18 07:40:26:545 [HTTP] <-- GET /wd/hub/status 200 7 ms - 68
2022-10-18 07:40:26:546 [HTTP] 
2022-10-18 07:40:27:785 [HTTP] --> POST /wd/hub/session
2022-10-18 07:40:27:786 [HTTP] {"desiredCapabilities":{"app":"./src/main/java/resources/app-debug-3.7.5.apk","noReset":true,"automationName":"UiAutomator2","autoGrantPermissions":true,"platformName":"Android","udid":"emulator-5554","platform":"ANDROID"},"capabilities":{"firstMatch":[{"appium:app":"./src/main/java/resources/app-debug-3.7.5.apk","appium:autoGrantPermissions":true,"appium:automationName":"UiAutomator2","appium:noReset":true,"platform":"ANDROID","platformName":"android","appium:udid":"emulator-5554"}]}}
2022-10-18 07:40:27:787 [W3C] Calling AppiumDriver.createSession() with args: [{"app":"./src/main/java/resources/app-debug-3.7.5.apk","noReset":true,"automationName":"UiAutomator2","autoGrantPermissions":true,"platformName":"Android","udid":"emulator-5554","platform":"ANDROID"},null,{"firstMatch":[{"appium:app":"./src/main/java/resources/app-debug-3.7.5.apk","appium:autoGrantPermissions":true,"appium:automationName":"UiAutomator2","appium:noReset":true,"platform":"ANDROID","platformName":"android","appium:udid":"emulator-5554"}]}]
2022-10-18 07:40:27:788 [BaseDriver] Event 'newSessionRequested' logged at 1666078827787 (13:10:27 GMT+0530 (India Standard Time))
2022-10-18 07:40:27:793 [BaseDriver] The following capabilities are not standard capabilities and should have an extension prefix:
2022-10-18 07:40:27:793 [BaseDriver]   platform
2022-10-18 07:40:28:528 [Appium] Appium v1.22.3 creating new AndroidUiautomator2Driver (v1.70.1) session
2022-10-18 07:40:28:536 [BaseDriver] W3C capabilities and MJSONWP desired capabilities were provided
2022-10-18 07:40:28:537 [BaseDriver] Creating session with W3C capabilities: {
2022-10-18 07:40:28:537 [BaseDriver]   "alwaysMatch": {
2022-10-18 07:40:28:537 [BaseDriver]     "appium:platform": "ANDROID",
2022-10-18 07:40:28:538 [BaseDriver]     "platformName": "android",
2022-10-18 07:40:28:538 [BaseDriver]     "appium:app": "./src/main/java/resources/app-debug-3.7.5.apk",
2022-10-18 07:40:28:538 [BaseDriver]     "appium:autoGrantPermissions": true,
2022-10-18 07:40:28:539 [BaseDriver]     "appium:automationName": "UiAutomator2",
2022-10-18 07:40:28:539 [BaseDriver]     "appium:noReset": true,
2022-10-18 07:40:28:539 [BaseDriver]     "appium:udid": "emulator-5554"
2022-10-18 07:40:28:539 [BaseDriver]   },
2022-10-18 07:40:28:540 [BaseDriver]   "firstMatch": [
2022-10-18 07:40:28:540 [BaseDriver]     {}
2022-10-18 07:40:28:541 [BaseDriver]   ]
2022-10-18 07:40:28:541 [BaseDriver] }
2022-10-18 07:40:28:560 [BaseDriver] The following capabilities were provided, but are not recognized by Appium:
2022-10-18 07:40:28:560 [BaseDriver]   platform
2022-10-18 07:40:28:563 [BaseDriver] Session created with session id: c8c9e5fb-24bc-4cd2-a910-7ab6a251e135
2022-10-18 07:40:28:570 [BaseDriver] Using local app './src/main/java/resources/app-debug-3.7.5.apk'
2022-10-18 07:40:28:571 [BaseDriver] The current application path './src/main/java/resources/app-debug-3.7.5.apk' is not absolute and has been rewritten to 'C:\Users\Shilpa\Documents\New_Sri_Mandir\SRI_MANDIR(Different languages)\src\main\java\resources\app-debug-3.7.5.apk'. Consider using absolute paths rather than relative
2022-10-18 07:40:28:571 [UiAutomator2] Checking whether app is actually present
2022-10-18 07:40:28:634 [ADB] Found 2 'build-tools' folders under 'C:\Users\Shilpa\AppData\Local\Android\Sdk' (newest first):
2022-10-18 07:40:28:635 [ADB]     C:/Users/Shilpa/AppData/Local/Android/Sdk/build-tools/33.0.0
2022-10-18 07:40:28:635 [ADB]     C:/Users/Shilpa/AppData/Local/Android/Sdk/build-tools/30.0.3
2022-10-18 07:40:28:637 [ADB] Using 'adb.exe' from 'C:\Users\Shilpa\AppData\Local\Android\Sdk\platform-tools\adb.exe'
2022-10-18 07:40:28:639 [ADB] Running 'C:\Users\Shilpa\AppData\Local\Android\Sdk\platform-tools\adb.exe -P 5037 start-server'
2022-10-18 07:40:28:693 [AndroidDriver] Retrieving device list
2022-10-18 07:40:28:694 [ADB] Trying to find a connected android device
2022-10-18 07:40:28:696 [ADB] Getting connected devices
2022-10-18 07:40:28:731 [ADB] Connected devices: [{"udid":"emulator-5554","state":"device"}]
2022-10-18 07:40:28:733 [AndroidDriver] Using device: emulator-5554
2022-10-18 07:40:28:737 [ADB] Using 'adb.exe' from 'C:\Users\Shilpa\AppData\Local\Android\Sdk\platform-tools\adb.exe'
2022-10-18 07:40:28:738 [ADB] Running 'C:\Users\Shilpa\AppData\Local\Android\Sdk\platform-tools\adb.exe -P 5037 start-server'
2022-10-18 07:40:28:781 [ADB] Setting device id to emulator-5554
2022-10-18 07:40:28:783 [ADB] Running 'C:\Users\Shilpa\AppData\Local\Android\Sdk\platform-tools\adb.exe -P 5037 -s emulator-5554 shell getprop ro.build.version.sdk'
2022-10-18 07:40:28:868 [ADB] Current device property 'ro.build.version.sdk': 31
2022-10-18 07:40:28:869 [ADB] Getting device platform version
2022-10-18 07:40:28:869 [ADB] Running 'C:\Users\Shilpa\AppData\Local\Android\Sdk\platform-tools\adb.exe -P 5037 -s emulator-5554 shell getprop ro.build.version.release'
2022-10-18 07:40:28:977 [ADB] Current device property 'ro.build.version.release': 12
2022-10-18 07:40:28:977 [ADB] Device API level: 31
2022-10-18 07:40:28:977 [UiAutomator2] Relaxing hidden api policy
2022-10-18 07:40:28:979 [ADB] Running 'C:\Users\Shilpa\AppData\Local\Android\Sdk\platform-tools\adb.exe -P 5037 -s emulator-5554 shell 'settings put global hidden_api_policy_pre_p_apps 1;settings put global hidden_api_policy_p_apps 1;settings put global hidden_api_policy 1''
2022-10-18 07:40:29:197 [AndroidDriver] Parsing package and activity from app manifest
2022-10-18 07:40:29:332 [ADB] Package name: 'com.mandir'
2022-10-18 07:40:29:333 [ADB] Main activity name: 'com.mandir.ui.activity.SplashActivity'
2022-10-18 07:40:29:333 [AndroidDriver] Parsed package and activity are: com.mandir/com.mandir.ui.activity.SplashActivity
2022-10-18 07:40:29:335 [ADB] Running 'C:\Users\Shilpa\AppData\Local\Android\Sdk\platform-tools\adb.exe -P 5037 -s emulator-5554 wait-for-device'
2022-10-18 07:40:29:373 [ADB] Running 'C:\Users\Shilpa\AppData\Local\Android\Sdk\platform-tools\adb.exe -P 5037 -s emulator-5554 shell echo ping'
2022-10-18 07:40:29:426 [AndroidDriver] Pushing settings apk to device...
2022-10-18 07:40:29:428 [ADB] Getting install status for io.appium.settings
2022-10-18 07:40:29:429 [ADB] Running 'C:\Users\Shilpa\AppData\Local\Android\Sdk\platform-tools\adb.exe -P 5037 -s emulator-5554 shell dumpsys package io.appium.settings'
2022-10-18 07:40:29:537 [ADB] 'io.appium.settings' is installed
2022-10-18 07:40:29:538 [ADB] Getting package info for 'io.appium.settings'
2022-10-18 07:40:29:538 [ADB] Running 'C:\Users\Shilpa\AppData\Local\Android\Sdk\platform-tools\adb.exe -P 5037 -s emulator-5554 shell dumpsys package io.appium.settings'
2022-10-18 07:40:29:682 [ADB] The version name of the installed 'io.appium.settings' is greater or equal to the application version name ('3.4.0' >= '3.4.0')
2022-10-18 07:40:29:683 [ADB] There is no need to install/upgrade 'C:\Users\Shilpa\AppData\Roaming\npm\node_modules\appium\node_modules\io.appium.settings\apks\settings_apk-debug.apk'
2022-10-18 07:40:29:684 [ADB] Getting IDs of all 'io.appium.settings' processes
2022-10-18 07:40:29:685 [ADB] Running 'C:\Users\Shilpa\AppData\Local\Android\Sdk\platform-tools\adb.exe -P 5037 -s emulator-5554 shell 'pgrep --help; echo $?''
2022-10-18 07:40:29:784 [ADB] Running 'C:\Users\Shilpa\AppData\Local\Android\Sdk\platform-tools\adb.exe -P 5037 -s emulator-5554 shell pgrep -f \(\[\[:blank:\]\]\|\^\)io\.appium\.settings\(\[\[:blank:\]\]\|\$\)'
2022-10-18 07:40:29:944 [AndroidDriver] io.appium.settings is already running. There is no need to reset its permissions.
2022-10-18 07:40:29:946 [Logcat] Starting logs capture with command: C:\\Users\\Shilpa\\AppData\\Local\\Android\\Sdk\\platform-tools\\adb.exe -P 5037 -s emulator-5554 logcat -v threadtime
2022-10-18 07:40:30:045 [UiAutomator2] Forwarding UiAutomator2 Server port 6790 to local port 8210
2022-10-18 07:40:30:047 [ADB] Forwarding system: 8210 to device: 6790
2022-10-18 07:40:30:048 [ADB] Running 'C:\Users\Shilpa\AppData\Local\Android\Sdk\platform-tools\adb.exe -P 5037 -s emulator-5554 forward tcp:8210 tcp:6790'
2022-10-18 07:40:30:092 [ADB] Getting install status for io.appium.uiautomator2.server
2022-10-18 07:40:30:092 [ADB] Running 'C:\Users\Shilpa\AppData\Local\Android\Sdk\platform-tools\adb.exe -P 5037 -s emulator-5554 shell dumpsys package io.appium.uiautomator2.server'
2022-10-18 07:40:30:221 [ADB] 'io.appium.uiautomator2.server' is installed
2022-10-18 07:40:30:221 [ADB] Getting package info for 'io.appium.uiautomator2.server'
2022-10-18 07:40:30:221 [ADB] Running 'C:\Users\Shilpa\AppData\Local\Android\Sdk\platform-tools\adb.exe -P 5037 -s emulator-5554 shell dumpsys package io.appium.uiautomator2.server'
2022-10-18 07:40:30:861 [ADB] The version name of the installed 'io.appium.uiautomator2.server' is greater or equal to the application version name ('4.27.0' >= '4.27.0')
2022-10-18 07:40:30:861 [UiAutomator2] io.appium.uiautomator2.server installation state: sameVersionInstalled
2022-10-18 07:40:30:862 [ADB] Checking app cert for C:\Users\Shilpa\AppData\Roaming\npm\node_modules\appium\node_modules\appium-uiautomator2-server\apks\appium-uiautomator2-server-v4.27.0.apk
2022-10-18 07:40:30:919 [ADB] Using 'apksigner.jar' from 'C:\Users\Shilpa\AppData\Local\Android\Sdk\build-tools\33.0.0\lib\apksigner.jar'
2022-10-18 07:40:30:922 [ADB] Starting apksigner: 'C:\\Program Files\\Java\\jdk1.8.0_291\\bin\\java.exe' -Xmx1024M -Xss1m -jar C:\\Users\\Shilpa\\AppData\\Local\\Android\\Sdk\\build-tools\\33.0.0\\lib\\apksigner.jar verify --print-certs C:\\Users\\Shilpa\\AppData\\Roaming\\npm\\node_modules\\appium\\node_modules\\appium-uiautomator2-server\\apks\\appium-uiautomator2-server-v4.27.0.apk
2022-10-18 07:40:32:231 [ADB] apksigner stdout: Signer #1 certificate DN: EMAILADDRESS=android@android.com, CN=Android, OU=Android, O=Android, L=Mountain View, ST=California, C=US
2022-10-18 07:40:32:232 [ADB] Signer #1 certificate SHA-256 digest: a40da80a59d170caa950cf15c18c454d47a39b26989d8b640ecd745ba71bf5dc
2022-10-18 07:40:32:232 [ADB] Signer #1 certificate SHA-1 digest: 61ed377e85d386a8dfee6b864bd85b0bfaa5af81
2022-10-18 07:40:32:232 [ADB] Signer #1 certificate MD5 digest: e89b158e4bcf988ebd09eb83f5378e87
2022-10-18 07:40:32:232 [ADB] 
2022-10-18 07:40:32:233 [ADB] sha256 hash did match for 'appium-uiautomator2-server-v4.27.0.apk'
2022-10-18 07:40:32:234 [ADB] 'C:\Users\Shilpa\AppData\Roaming\npm\node_modules\appium\node_modules\appium-uiautomator2-server\apks\appium-uiautomator2-server-v4.27.0.apk' is signed with the default certificate
2022-10-18 07:40:32:234 [ADB] Getting install status for io.appium.uiautomator2.server.test
2022-10-18 07:40:32:235 [ADB] Running 'C:\Users\Shilpa\AppData\Local\Android\Sdk\platform-tools\adb.exe -P 5037 -s emulator-5554 shell dumpsys package io.appium.uiautomator2.server.test'
2022-10-18 07:40:32:328 [ADB] 'io.appium.uiautomator2.server.test' is installed
2022-10-18 07:40:32:329 [ADB] Checking app cert for C:\Users\Shilpa\AppData\Roaming\npm\node_modules\appium\node_modules\appium-uiautomator2-server\apks\appium-uiautomator2-server-debug-androidTest.apk
2022-10-18 07:40:32:336 [ADB] Starting apksigner: 'C:\\Program Files\\Java\\jdk1.8.0_291\\bin\\java.exe' -Xmx1024M -Xss1m -jar C:\\Users\\Shilpa\\AppData\\Local\\Android\\Sdk\\build-tools\\33.0.0\\lib\\apksigner.jar verify --print-certs C:\\Users\\Shilpa\\AppData\\Roaming\\npm\\node_modules\\appium\\node_modules\\appium-uiautomator2-server\\apks\\appium-uiautomator2-server-debug-androidTest.apk
2022-10-18 07:40:32:812 [ADB] apksigner stdout: Signer #1 certificate DN: EMAILADDRESS=android@android.com, CN=Android, OU=Android, O=Android, L=Mountain View, ST=California, C=US
2022-10-18 07:40:32:812 [ADB] Signer #1 certificate SHA-256 digest: a40da80a59d170caa950cf15c18c454d47a39b26989d8b640ecd745ba71bf5dc
2022-10-18 07:40:32:813 [ADB] Signer #1 certificate SHA-1 digest: 61ed377e85d386a8dfee6b864bd85b0bfaa5af81
2022-10-18 07:40:32:813 [ADB] Signer #1 certificate MD5 digest: e89b158e4bcf988ebd09eb83f5378e87
2022-10-18 07:40:32:814 [ADB] 
2022-10-18 07:40:32:814 [ADB] sha256 hash did match for 'appium-uiautomator2-server-debug-androidTest.apk'
2022-10-18 07:40:32:814 [ADB] 'C:\Users\Shilpa\AppData\Roaming\npm\node_modules\appium\node_modules\appium-uiautomator2-server\apks\appium-uiautomator2-server-debug-androidTest.apk' is signed with the default certificate
2022-10-18 07:40:32:815 [UiAutomator2] Server packages are not going to be (re)installed
2022-10-18 07:40:32:821 [UiAutomator2] Waiting up to 30000ms for services to be available
2022-10-18 07:40:32:822 [ADB] Running 'C:\Users\Shilpa\AppData\Local\Android\Sdk\platform-tools\adb.exe -P 5037 -s emulator-5554 shell pm list instrumentation'
2022-10-18 07:40:32:897 [UiAutomator2] Instrumentation target 'io.appium.uiautomator2.server.test/androidx.test.runner.AndroidJUnitRunner' is available
2022-10-18 07:40:32:904 [ADB] Adding packages ["io.appium.settings","io.appium.uiautomator2.server","io.appium.uiautomator2.server.test"] to Doze whitelist
2022-10-18 07:40:32:905 [ADB] Got the following command chunks to execute: [["dumpsys","deviceidle","whitelist","+io.appium.settings",";","dumpsys","deviceidle","whitelist","+io.appium.uiautomator2.server",";","dumpsys","deviceidle","whitelist","+io.appium.uiautomator2.server.test",";"]]
2022-10-18 07:40:32:905 [ADB] Running 'C:\Users\Shilpa\AppData\Local\Android\Sdk\platform-tools\adb.exe -P 5037 -s emulator-5554 shell dumpsys deviceidle whitelist +io.appium.settings ; dumpsys deviceidle whitelist +io.appium.uiautomator2.server ; dumpsys deviceidle whitelist +io.appium.uiautomator2.server.test ;'
2022-10-18 07:40:33:020 [ADB] Checking app cert for C:\Users\Shilpa\Documents\New_Sri_Mandir\SRI_MANDIR(Different languages)\src\main\java\resources\app-debug-3.7.5.apk
2022-10-18 07:40:33:755 [ADB] Starting apksigner: 'C:\\Program Files\\Java\\jdk1.8.0_291\\bin\\java.exe' -Xmx1024M -Xss1m -jar C:\\Users\\Shilpa\\AppData\\Local\\Android\\Sdk\\build-tools\\33.0.0\\lib\\apksigner.jar verify --print-certs 'C:\\Users\\Shilpa\\Documents\\New_Sri_Mandir\\SRI_MANDIR(Different languages)\\src\\main\\java\\resources\\app-debug-3.7.5.apk'
2022-10-18 07:40:40:595 [ADB] apksigner stdout: Signer #1 certificate DN: C=US, O=Android, CN=Android Debug
2022-10-18 07:40:40:596 [ADB] Signer #1 certificate SHA-256 digest: 468f8d0eca3bb01d2f428ec8b54a99b3813d746f45499a1b98320fb67de13b88
2022-10-18 07:40:40:596 [ADB] Signer #1 certificate SHA-1 digest: 6af3fb8b6c2faff18497cde281bcb0971856f899
2022-10-18 07:40:40:596 [ADB] Signer #1 certificate MD5 digest: 80c2152efe8fbaf12745baabbb4c6045
2022-10-18 07:40:40:596 [ADB] 
2022-10-18 07:40:40:597 [ADB] 'C:\Users\Shilpa\Documents\New_Sri_Mandir\SRI_MANDIR(Different languages)\src\main\java\resources\app-debug-3.7.5.apk' is signed with a non-default certificate
2022-10-18 07:40:40:598 [ADB] Getting install status for com.mandir
2022-10-18 07:40:40:598 [ADB] Running 'C:\Users\Shilpa\AppData\Local\Android\Sdk\platform-tools\adb.exe -P 5037 -s emulator-5554 shell dumpsys package com.mandir'
2022-10-18 07:40:40:672 [ADB] 'com.mandir' is installed
2022-10-18 07:40:40:673 [ADB] Getting package info for 'com.mandir'
2022-10-18 07:40:40:673 [ADB] Running 'C:\Users\Shilpa\AppData\Local\Android\Sdk\platform-tools\adb.exe -P 5037 -s emulator-5554 shell dumpsys package com.mandir'
2022-10-18 07:40:40:873 [ADB] The version name of the installed 'com.mandir' is greater or equal to the application version name ('3.7.5' >= '3.7.5')
2022-10-18 07:40:40:873 [ADB] There is no need to install/upgrade 'C:\Users\Shilpa\Documents\New_Sri_Mandir\SRI_MANDIR(Different languages)\src\main\java\resources\app-debug-3.7.5.apk'
2022-10-18 07:40:40:876 [UiAutomator2] Performing shallow cleanup of automation leftovers
2022-10-18 07:40:40:912 [UiAutomator2] No obsolete sessions have been detected (socket hang up)
2022-10-18 07:40:40:913 [ADB] Running 'C:\Users\Shilpa\AppData\Local\Android\Sdk\platform-tools\adb.exe -P 5037 -s emulator-5554 shell am force-stop io.appium.uiautomator2.server.test'
2022-10-18 07:40:41:048 [UiAutomator2] Starting UIAutomator2 server 4.27.0
2022-10-18 07:40:41:048 [UiAutomator2] Using UIAutomator2 server from 'C:\Users\Shilpa\AppData\Roaming\npm\node_modules\appium\node_modules\appium-uiautomator2-server\apks\appium-uiautomator2-server-v4.27.0.apk' and test from 'C:\Users\Shilpa\AppData\Roaming\npm\node_modules\appium\node_modules\appium-uiautomator2-server\apks\appium-uiautomator2-server-debug-androidTest.apk'
2022-10-18 07:40:41:049 [UiAutomator2] Waiting up to 30000ms for UiAutomator2 to be online...
2022-10-18 07:40:41:050 [ADB] Creating ADB subprocess with args: ["-P",5037,"-s","emulator-5554","shell","am","instrument","-w","-e","disableAnalytics",true,"io.appium.uiautomator2.server.test/androidx.test.runner.AndroidJUnitRunner"]
2022-10-18 07:40:41:066 [WD Proxy] Matched '/status' to command name 'getStatus'
2022-10-18 07:40:41:071 [WD Proxy] Proxying [GET /status] to [GET http://127.0.0.1:8210/wd/hub/status] with no body
2022-10-18 07:40:41:090 [WD Proxy] socket hang up
2022-10-18 07:40:42:094 [WD Proxy] Matched '/status' to command name 'getStatus'
2022-10-18 07:40:42:095 [WD Proxy] Proxying [GET /status] to [GET http://127.0.0.1:8210/wd/hub/status] with no body
2022-10-18 07:40:42:108 [WD Proxy] socket hang up
2022-10-18 07:40:42:324 [Instrumentation] io.appium.uiautomator2.server.test.AppiumUiAutomator2Server:
2022-10-18 07:40:43:121 [WD Proxy] Matched '/status' to command name 'getStatus'
2022-10-18 07:40:43:124 [WD Proxy] Proxying [GET /status] to [GET http://127.0.0.1:8210/wd/hub/status] with no body
2022-10-18 07:40:43:142 [WD Proxy] socket hang up
2022-10-18 07:40:44:160 [WD Proxy] Matched '/status' to command name 'getStatus'
2022-10-18 07:40:44:161 [WD Proxy] Proxying [GET /status] to [GET http://127.0.0.1:8210/wd/hub/status] with no body
2022-10-18 07:40:44:382 [WD Proxy] Got response with status 200: {"sessionId":"None","value":{"message":"UiAutomator2 Server is ready to accept commands","ready":true}}
2022-10-18 07:40:44:383 [UiAutomator2] The initialization of the instrumentation process took 3335ms
2022-10-18 07:40:44:384 [WD Proxy] Matched '/session' to command name 'createSession'
2022-10-18 07:40:44:385 [WD Proxy] Proxying [POST /session] to [POST http://127.0.0.1:8210/wd/hub/session] with body: {"capabilities":{"firstMatch":[{"platform":"ANDROID","webStorageEnabled":false,"takesScreenshot":true,"javascriptEnabled":true,"databaseEnabled":false,"networkConnectionEnabled":true,"locationContextEnabled":false,"warnings":{},"desired":{"platformName":"android","platform":"ANDROID","app":"./src/main/java/resources/app-debug-3.7.5.apk","autoGrantPermissions":true,"automationName":"UiAutomator2","noReset":true,"udid":"emulator-5554"},"platformName":"android","app":"./src/main/java/resources/app-debug-3.7.5.apk","autoGrantPermissions":true,"automationName":"UiAutomator2","noReset":true,"udid":"emulator-5554","deviceName":"emulator-5554","deviceUDID":"emulator-5554","appPackage":"com.mandir"}],"alwaysMatch":{}}}
2022-10-18 07:40:44:466 [WD Proxy] Got response with status 200: {"sessionId":"d2c017c6-75fa-4667-95a2-96959c4b1aae","value":{"capabilities":{"firstMatch":[{"platform":"ANDROID","webStorageEnabled":false,"takesScreenshot":true,"javascriptEnabled":true,"databaseEnabled":false,"networkConnectionEnabled":true,"locationContextEnabled":false,"warnings":{},"desired":{"platformName":"android","platform":"ANDROID","app":"./src/main/java/resources/app-debug-3.7.5.apk","autoGrantPermissions":true,"automationName":"UiAutomator2","noReset":true,"udid":"emulator-5554"},"platformName":"android","app":"./src/main/java/resources/app-debug-3.7.5.apk","autoGrantPermissions":true,"automationName":"UiAutomator2","noReset":true,"udid":"emulator-5554","deviceName":"emulator-5554","deviceUDID":"emulator-5554","appPackage":"com.mandir"}],"alwaysMatch":{}},"sessionId":"d2c017c6-75fa-4667-95a2-96959c4b1aae"}}
2022-10-18 07:40:44:468 [WD Proxy] Determined the downstream protocol as 'W3C'
2022-10-18 07:40:44:504 [WD Proxy] Proxying [GET /appium/device/info] to [GET http://127.0.0.1:8210/wd/hub/session/d2c017c6-75fa-4667-95a2-96959c4b1aae/appium/device/info] with no body
2022-10-18 07:40:44:573 [WD Proxy] Got response with status 200: {"sessionId":"d2c017c6-75fa-4667-95a2-96959c4b1aae","value":{"androidId":"b679943b0277a210","apiVersion":"31","bluetooth":{"state":"ON"},"brand":"google","carrierName":"T-Mobile","displayDensity":420,"locale":"en_US","manufacturer":"Google","model":"sdk_gphone64_x86_64","networks":[{"capabilities":{"SSID":null,"linkDownBandwidthKbps":30000,"linkUpstreamBandwidthKbps":12000,"networkCapabilities":"NET_CAPABILITY_NOT_METERED,NET_CAPABILITY_INTERNET,NET_CAPABILITY_NOT_RESTRICTED,NET_CAPABILITY_TRUSTED,NET_CAPABILITY_NOT_VPN,NET_CAPABILITY_VALIDATED,NET_CAPABILITY_NOT_ROAMING,NET_CAPABILITY_FOREGROUND,NET_CAPABILITY_NOT_CONGESTED,NET_CAPABILITY_NOT_SUSPENDED","signalStrength":-50,"transportTypes":"TRANSPORT_WIFI"},"detailedState":"CONNECTED","extraInfo":"","isAvailable":true,"isConnected":true,"isFailover":false,"isRoaming":false,"state":"CONNECTED","subtype":-1,"subtypeName":"","type":1,"typeName":"WIFI"},{"capabilities":{"SSID":null,"linkDownBandwidthKbps":4300,"linkUpstreamBandwidthKbps":1800,"networkCapabil...
2022-10-18 07:40:44:575 [ADB] Running 'C:\Users\Shilpa\AppData\Local\Android\Sdk\platform-tools\adb.exe -P 5037 -s emulator-5554 shell dumpsys window'
2022-10-18 07:40:44:660 [AndroidDriver] Screen already unlocked, doing nothing
2022-10-18 07:40:44:662 [UiAutomator2] Starting 'com.mandir/com.mandir.ui.activity.SplashActivity and waiting for 'com.mandir/com.mandir.ui.activity.SplashActivity'
2022-10-18 07:40:44:664 [ADB] Running 'C:\Users\Shilpa\AppData\Local\Android\Sdk\platform-tools\adb.exe -P 5037 -s emulator-5554 shell am start -W -n com.mandir/com.mandir.ui.activity.SplashActivity -S -a android.intent.action.MAIN -c android.intent.category.LAUNCHER -f 0x10200000'
2022-10-18 07:40:50:748 [ADB] Waiting up to 20000ms for activity matching pkg: 'com.mandir' and activity: 'com.mandir.ui.activity.SplashActivity' to be focused
2022-10-18 07:40:50:749 [ADB] Possible activities, to be checked: 'com.mandir.ui.activity.SplashActivity', 'com.mandir.com.mandir.ui.activity.SplashActivity'
2022-10-18 07:40:50:750 [ADB] Getting focused package and activity
2022-10-18 07:40:50:751 [ADB] Running 'C:\Users\Shilpa\AppData\Local\Android\Sdk\platform-tools\adb.exe -P 5037 -s emulator-5554 shell dumpsys window displays'
2022-10-18 07:40:50:899 [ADB] Found package: 'com.mandir' and fully qualified activity name : 'com.mandir.ui.activity.SplashActivity'
2022-10-18 07:40:50:904 [WD Proxy] Proxying [GET /appium/device/pixel_ratio] to [GET http://127.0.0.1:8210/wd/hub/session/d2c017c6-75fa-4667-95a2-96959c4b1aae/appium/device/pixel_ratio] with no body
2022-10-18 07:40:50:929 [WD Proxy] Got response with status 200: {"sessionId":"d2c017c6-75fa-4667-95a2-96959c4b1aae","value":2.625}
2022-10-18 07:40:50:931 [WD Proxy] Matched '/appium/device/system_bars' to command name 'getSystemBars'
2022-10-18 07:40:50:931 [WD Proxy] Proxying [GET /appium/device/system_bars] to [GET http://127.0.0.1:8210/wd/hub/session/d2c017c6-75fa-4667-95a2-96959c4b1aae/appium/device/system_bars] with no body
2022-10-18 07:40:50:958 [WD Proxy] Got response with status 200: {"sessionId":"d2c017c6-75fa-4667-95a2-96959c4b1aae","value":{"statusBar":63}}
2022-10-18 07:40:50:959 [WD Proxy] Matched '/window/current/size' to command name 'getWindowSize'
2022-10-18 07:40:50:960 [WD Proxy] Proxying [GET /window/current/size] to [GET http://127.0.0.1:8210/wd/hub/session/d2c017c6-75fa-4667-95a2-96959c4b1aae/window/current/size] with no body
2022-10-18 07:40:50:979 [WD Proxy] Got response with status 200: {"sessionId":"d2c017c6-75fa-4667-95a2-96959c4b1aae","value":{"height":1794,"width":1080}}
2022-10-18 07:40:50:980 [Appium] New AndroidUiautomator2Driver session created successfully, session c8c9e5fb-24bc-4cd2-a910-7ab6a251e135 added to master session list
2022-10-18 07:40:50:981 [BaseDriver] Event 'newSessionStarted' logged at 1666078850981 (13:10:50 GMT+0530 (India Standard Time))
2022-10-18 07:40:50:982 [W3C (c8c9e5fb)] Cached the protocol value 'W3C' for the new session c8c9e5fb-24bc-4cd2-a910-7ab6a251e135
2022-10-18 07:40:50:983 [W3C (c8c9e5fb)] Responding to client with driver.createSession() result: {"capabilities":{"platform":"ANDROID","webStorageEnabled":false,"takesScreenshot":true,"javascriptEnabled":true,"databaseEnabled":false,"networkConnectionEnabled":true,"locationContextEnabled":false,"warnings":{},"desired":{"platformName":"android","platform":"ANDROID","app":"./src/main/java/resources/app-debug-3.7.5.apk","autoGrantPermissions":true,"automationName":"UiAutomator2","noReset":true,"udid":"emulator-5554"},"platformName":"android","app":"./src/main/java/resources/app-debug-3.7.5.apk","autoGrantPermissions":true,"automationName":"UiAutomator2","noReset":true,"udid":"emulator-5554","deviceName":"emulator-5554","deviceUDID":"emulator-5554","appPackage":"com.mandir","deviceApiLevel":31,"platformVersion":"12","deviceScreenSize":"1080x1920","deviceScreenDensity":420,"deviceModel":"sdk_gphone64_x86_64","deviceManufacturer":"Google","pixelRatio":2.625,"statBarHeight":63,"viewportRect":{"left":0,"top":63,"width":1080,"height":1731}}}
2022-10-18 07:40:50:985 [HTTP] <-- POST /wd/hub/session 200 23199 ms - 1012
2022-10-18 07:40:50:985 [HTTP] 
2022-10-18 07:40:51:085 [HTTP] --> GET /wd/hub/session/c8c9e5fb-24bc-4cd2-a910-7ab6a251e135
2022-10-18 07:40:51:086 [HTTP] {}
2022-10-18 07:40:51:090 [W3C (c8c9e5fb)] Calling AppiumDriver.getSession() with args: ["c8c9e5fb-24bc-4cd2-a910-7ab6a251e135"]
2022-10-18 07:40:51:093 [UiAutomator2] Getting session details from server to mix in
2022-10-18 07:40:51:093 [WD Proxy] Matched '/' to command name 'getSession'
2022-10-18 07:40:51:094 [WD Proxy] Proxying [GET /] to [GET http://127.0.0.1:8210/wd/hub/session/d2c017c6-75fa-4667-95a2-96959c4b1aae] with no body
2022-10-18 07:40:51:111 [WD Proxy] Got response with status 200: {"sessionId":"d2c017c6-75fa-4667-95a2-96959c4b1aae","value":{"lastScrollData":null}}
2022-10-18 07:40:51:112 [W3C (c8c9e5fb)] Responding to client with driver.getSession() result: {"platform":"ANDROID","webStorageEnabled":false,"takesScreenshot":true,"javascriptEnabled":true,"databaseEnabled":false,"networkConnectionEnabled":true,"locationContextEnabled":false,"warnings":{},"desired":{"platformName":"android","platform":"ANDROID","app":"./src/main/java/resources/app-debug-3.7.5.apk","autoGrantPermissions":true,"automationName":"UiAutomator2","noReset":true,"udid":"emulator-5554"},"platformName":"android","app":"./src/main/java/resources/app-debug-3.7.5.apk","autoGrantPermissions":true,"automationName":"UiAutomator2","noReset":true,"udid":"emulator-5554","deviceName":"emulator-5554","deviceUDID":"emulator-5554","appPackage":"com.mandir","deviceApiLevel":31,"platformVersion":"12","deviceScreenSize":"1080x1920","deviceScreenDensity":420,"deviceModel":"sdk_gphone64_x86_64","deviceManufacturer":"Google","pixelRatio":2.625,"statBarHeight":63,"viewportRect":{"left":0,"top":63,"width":1080,"height":1731},"lastScrollData":null}
2022-10-18 07:40:51:114 [HTTP] <-- GET /wd/hub/session/c8c9e5fb-24bc-4cd2-a910-7ab6a251e135 200 28 ms - 966
2022-10-18 07:40:51:114 [HTTP] 
2022-10-18 07:40:51:126 [HTTP] --> GET /wd/hub/session/c8c9e5fb-24bc-4cd2-a910-7ab6a251e135
2022-10-18 07:40:51:126 [HTTP] {}
2022-10-18 07:40:51:127 [W3C (c8c9e5fb)] Calling AppiumDriver.getSession() with args: ["c8c9e5fb-24bc-4cd2-a910-7ab6a251e135"]
2022-10-18 07:40:51:128 [UiAutomator2] Getting session details from server to mix in
2022-10-18 07:40:51:129 [WD Proxy] Matched '/' to command name 'getSession'
2022-10-18 07:40:51:129 [WD Proxy] Proxying [GET /] to [GET http://127.0.0.1:8210/wd/hub/session/d2c017c6-75fa-4667-95a2-96959c4b1aae] with no body
2022-10-18 07:40:51:158 [WD Proxy] Got response with status 200: {"sessionId":"d2c017c6-75fa-4667-95a2-96959c4b1aae","value":{"lastScrollData":null}}
2022-10-18 07:40:51:159 [W3C (c8c9e5fb)] Responding to client with driver.getSession() result: {"platform":"ANDROID","webStorageEnabled":false,"takesScreenshot":true,"javascriptEnabled":true,"databaseEnabled":false,"networkConnectionEnabled":true,"locationContextEnabled":false,"warnings":{},"desired":{"platformName":"android","platform":"ANDROID","app":"./src/main/java/resources/app-debug-3.7.5.apk","autoGrantPermissions":true,"automationName":"UiAutomator2","noReset":true,"udid":"emulator-5554"},"platformName":"android","app":"./src/main/java/resources/app-debug-3.7.5.apk","autoGrantPermissions":true,"automationName":"UiAutomator2","noReset":true,"udid":"emulator-5554","deviceName":"emulator-5554","deviceUDID":"emulator-5554","appPackage":"com.mandir","deviceApiLevel":31,"platformVersion":"12","deviceScreenSize":"1080x1920","deviceScreenDensity":420,"deviceModel":"sdk_gphone64_x86_64","deviceManufacturer":"Google","pixelRatio":2.625,"statBarHeight":63,"viewportRect":{"left":0,"top":63,"width":1080,"height":1731},"lastScrollData":null}
2022-10-18 07:40:51:160 [HTTP] <-- GET /wd/hub/session/c8c9e5fb-24bc-4cd2-a910-7ab6a251e135 200 34 ms - 966
2022-10-18 07:40:51:161 [HTTP] 
2022-10-18 07:40:51:173 [HTTP] --> POST /wd/hub/session/c8c9e5fb-24bc-4cd2-a910-7ab6a251e135/timeouts
2022-10-18 07:40:51:173 [HTTP] {"implicit":10000}
2022-10-18 07:40:51:175 [W3C (c8c9e5fb)] Calling AppiumDriver.timeouts() with args: [null,null,null,null,10000,"c8c9e5fb-24bc-4cd2-a910-7ab6a251e135"]
2022-10-18 07:40:51:176 [BaseDriver] W3C timeout argument: {"implicit":10000}}
2022-10-18 07:40:51:177 [BaseDriver] Set implicit wait to 10000ms
2022-10-18 07:40:51:178 [W3C (c8c9e5fb)] Responding to client with driver.timeouts() result: null
2022-10-18 07:40:51:180 [HTTP] <-- POST /wd/hub/session/c8c9e5fb-24bc-4cd2-a910-7ab6a251e135/timeouts 200 6 ms - 14
2022-10-18 07:40:51:180 [HTTP] 
2022-10-18 07:40:51:278 [HTTP] --> POST /wd/hub/session/c8c9e5fb-24bc-4cd2-a910-7ab6a251e135/element
2022-10-18 07:40:51:279 [HTTP] {"using":"xpath","value":"//android.widget.TextView[@text='महाभंडार']"}
2022-10-18 07:40:51:285 [W3C (c8c9e5fb)] Calling AppiumDriver.findElement() with args: ["xpath","//android.widget.TextView[@text='महाभंडार']","c8c9e5fb-24bc-4cd2-a910-7ab6a251e135"]
2022-10-18 07:40:51:287 [BaseDriver] Valid locator strategies for this request: xpath, id, class name, accessibility id, css selector, -android uiautomator
2022-10-18 07:40:51:288 [BaseDriver] Waiting up to 10000 ms for condition
2022-10-18 07:40:51:290 [WD Proxy] Matched '/element' to command name 'findElement'
2022-10-18 07:40:51:290 [WD Proxy] Proxying [POST /element] to [POST http://127.0.0.1:8210/wd/hub/session/d2c017c6-75fa-4667-95a2-96959c4b1aae/element] with body: {"strategy":"xpath","selector":"//android.widget.TextView[@text='महाभंडार']","context":"","multiple":false}
2022-10-18 07:40:52:570 [WD Proxy] Got response with status 404: {"sessionId":"d2c017c6-75fa-4667-95a2-96959c4b1aae","value":{"error":"no such element","message":"An element could not be located on the page using the given search parameters","stacktrace":"io.appium.uiautomator2.common.exceptions.ElementNotFoundException: An element could not be located on the page using the given search parameters\n\tat io.appium.uiautomator2.handler.FindElement.findElement(FindElement.java:90)\n\tat io.appium.uiautomator2.handler.FindElement.safeHandle(FindElement.java:67)\n\tat io.appium.uiautomator2.handler.request.SafeRequestHandler.handle(SafeRequestHandler.java:59)\n\tat io.appium.uiautomator2.server.AppiumServlet.handleRequest(AppiumServlet.java:266)\n\tat io.appium.uiautomator2.server.AppiumServlet.handleHttpRequest(AppiumServlet.java:260)\n\tat io.appium.uiautomator2.http.ServerHandler.channelRead(ServerHandler.java:68)\n\tat io.netty.channel.AbstractChannelHandlerContext.invokeChannelRead(AbstractChannelHandlerContext.java:366)\n\tat io.netty.channel.AbstractChannelHandlerCont...
2022-10-18 07:40:52:571 [W3C] Matched W3C error code 'no such element' to NoSuchElementError
2022-10-18 07:40:52:571 [BaseDriver] Waited for 1283 ms so far
2022-10-18 07:40:53:076 [WD Proxy] Matched '/element' to command name 'findElement'
2022-10-18 07:40:53:077 [WD Proxy] Proxying [POST /element] to [POST http://127.0.0.1:8210/wd/hub/session/d2c017c6-75fa-4667-95a2-96959c4b1aae/element] with body: {"strategy":"xpath","selector":"//android.widget.TextView[@text='महाभंडार']","context":"","multiple":false}
2022-10-18 07:40:53:583 [WD Proxy] Got response with status 404: {"sessionId":"d2c017c6-75fa-4667-95a2-96959c4b1aae","value":{"error":"no such element","message":"An element could not be located on the page using the given search parameters","stacktrace":"io.appium.uiautomator2.common.exceptions.ElementNotFoundException: An element could not be located on the page using the given search parameters\n\tat io.appium.uiautomator2.handler.FindElement.findElement(FindElement.java:90)\n\tat io.appium.uiautomator2.handler.FindElement.safeHandle(FindElement.java:67)\n\tat io.appium.uiautomator2.handler.request.SafeRequestHandler.handle(SafeRequestHandler.java:59)\n\tat io.appium.uiautomator2.server.AppiumServlet.handleRequest(AppiumServlet.java:266)\n\tat io.appium.uiautomator2.server.AppiumServlet.handleHttpRequest(AppiumServlet.java:260)\n\tat io.appium.uiautomator2.http.ServerHandler.channelRead(ServerHandler.java:68)\n\tat io.netty.channel.AbstractChannelHandlerContext.invokeChannelRead(AbstractChannelHandlerContext.java:366)\n\tat io.netty.channel.AbstractChannelHandlerCont...
2022-10-18 07:40:53:583 [W3C] Matched W3C error code 'no such element' to NoSuchElementError
2022-10-18 07:40:53:584 [BaseDriver] Waited for 2296 ms so far
2022-10-18 07:40:54:087 [WD Proxy] Matched '/element' to command name 'findElement'
2022-10-18 07:40:54:089 [WD Proxy] Proxying [POST /element] to [POST http://127.0.0.1:8210/wd/hub/session/d2c017c6-75fa-4667-95a2-96959c4b1aae/element] with body: {"strategy":"xpath","selector":"//android.widget.TextView[@text='महाभंडार']","context":"","multiple":false}
2022-10-18 07:41:02:604 [WD Proxy] Got response with status 404: {"sessionId":"d2c017c6-75fa-4667-95a2-96959c4b1aae","value":{"error":"no such element","message":"An element could not be located on the page using the given search parameters","stacktrace":"io.appium.uiautomator2.common.exceptions.ElementNotFoundException: An element could not be located on the page using the given search parameters\n\tat io.appium.uiautomator2.handler.FindElement.findElement(FindElement.java:90)\n\tat io.appium.uiautomator2.handler.FindElement.safeHandle(FindElement.java:67)\n\tat io.appium.uiautomator2.handler.request.SafeRequestHandler.handle(SafeRequestHandler.java:59)\n\tat io.appium.uiautomator2.server.AppiumServlet.handleRequest(AppiumServlet.java:266)\n\tat io.appium.uiautomator2.server.AppiumServlet.handleHttpRequest(AppiumServlet.java:260)\n\tat io.appium.uiautomator2.http.ServerHandler.channelRead(ServerHandler.java:68)\n\tat io.netty.channel.AbstractChannelHandlerContext.invokeChannelRead(AbstractChannelHandlerContext.java:366)\n\tat io.netty.channel.AbstractChannelHandlerCont...
2022-10-18 07:41:02:605 [W3C] Matched W3C error code 'no such element' to NoSuchElementError
2022-10-18 07:41:02:652 [W3C (c8c9e5fb)] Encountered internal error running command: NoSuchElementError: An element could not be located on the page using the given search parameters.
2022-10-18 07:41:02:653 [W3C (c8c9e5fb)]     at AndroidUiautomator2Driver.findElOrEls (C:\Users\Shilpa\AppData\Roaming\npm\node_modules\appium\node_modules\appium-android-driver\lib\commands\find.js:75:11)
2022-10-18 07:41:02:653 [W3C (c8c9e5fb)]     at processTicksAndRejections (node:internal/process/task_queues:96:5)
2022-10-18 07:41:02:653 [W3C (c8c9e5fb)]     at AndroidUiautomator2Driver.findElOrElsWithProcessing (C:\Users\Shilpa\AppData\Roaming\npm\node_modules\appium\node_modules\appium-base-driver\lib\basedriver\commands\find.js:33:12)
2022-10-18 07:41:02:653 [W3C (c8c9e5fb)]     at AndroidUiautomator2Driver.findElement (C:\Users\Shilpa\AppData\Roaming\npm\node_modules\appium\node_modules\appium-base-driver\lib\basedriver\commands\find.js:53:10)
2022-10-18 07:41:02:655 [HTTP] <-- POST /wd/hub/session/c8c9e5fb-24bc-4cd2-a910-7ab6a251e135/element 404 11376 ms - 883
2022-10-18 07:41:02:655 [HTTP] 
2022-10-18 07:41:02:688 [HTTP] --> GET /wd/hub/session/c8c9e5fb-24bc-4cd2-a910-7ab6a251e135/screenshot
2022-10-18 07:41:02:688 [HTTP] {}
2022-10-18 07:41:02:690 [W3C (c8c9e5fb)] Calling AppiumDriver.getScreenshot() with args: ["c8c9e5fb-24bc-4cd2-a910-7ab6a251e135"]
2022-10-18 07:41:02:691 [WD Proxy] Matched '/screenshot' to command name 'getScreenshot'
2022-10-18 07:41:02:692 [WD Proxy] Proxying [GET /screenshot] to [GET http://127.0.0.1:8210/wd/hub/session/d2c017c6-75fa-4667-95a2-96959c4b1aae/screenshot] with no body
2022-10-18 07:41:03:397 [WD Proxy] Got response with status 200: {"sessionId":"d2c017c6-75fa-4667-95a2-96959c4b1aae","value":"iVBORw0KGgoAAAANSUhEUgAABDgAAAeACAYAAAArYecKAAAAAXNSR0IArs4c6QAAAARzQklUCAgI\nCHwIZIgAACAASURBVHic7L1Xs+RGku/59wBSHFGSqimbzWGrmWb3js3d+zwv94Ov2dqa7ez0HdEz\n04I9TU12scgqljgnFRC+DwAykUiICCAg039mp+qcTCAiEAjlHu4e9I+/VoypQfH/Lp6MUr9n0yPk\nU5Rv0fWCIAiuyY43dcfDvHGrLC0X428bedqWK+96kzG86vqi720+N5ljTJ6zzTnJZL40nVPL7iub\nh7uuj2y5XK+ubJ/HJj2TNG37ZdW9Nvc3zb8qzemthAVhvOT1x7HKUCZzu+Acv+8CDJ46yoo2FjZZ\nsos3QRDGRZOFtcm9rsagPibhuuNb2djb1XOky2Cap0mZu5hXyvLPo+kclH4mk82ELubVvHxNqfPu\n61LWHtpaGzRZd7iojzbWPSJkCMLwGaO8kze2uBrD+lgPjAzVdwFagdH/i+9yZ0wQhPOBCn4fCn0p\nRBKGWCdl9K2QKcIkf1dWBFXvrA1rBZP8+34HVeSVu0n7t723775exdjGAkEQItLj8rn1Y5M5Uajk\n/Cw48kwy65g9lu2c5O1INWHoiyxBEE6p0rA3sdwo+qypuXgedcpp6h5QZXGRp8wxud50d6ONRYRN\nfdkoN2zfw1iF9iJMrVzyfi/7zCbfqvndZZvrSsGUpeq5kn7myuy6jjuWSV+XHU5BaJ+2rcnPVdCv\nK4MKe85PwVFmgmqzOJHGJQhCGS7M7LOL9CqT9C4X9SaCkM29eWVPL55MBT7XdVF3gTU0AatKadL2\nItUmr7p110RpaJJnUfs2eR6XNHVNsVFOmChymrTzuhZMVe5bQ+p7gjBVxqaA6NqtrywficfRKuen\n4GhKEyVIUUCvsQ0QgiDY04XA...
2022-10-18 07:41:03:405 [W3C (c8c9e5fb)] Responding to client with driver.getScreenshot() result: "iVBORw0KGgoAAAANSUhEUgAABDgAAAeACAYAAAArYecKAAAAAXNSR0IArs4c6QAAAARzQklUCAgI\nCHwIZIgAACAASURBVHic7L1Xs+RGku/59wBSHFGSqimbzWGrmWb3js3d+zwv94Ov2dqa7ez0HdEz\n04I9TU12scgqljgnFRC+DwAykUiICCAg039mp+qcTCAiEAjlHu4e9I+/VoypQfH/Lp6MUr9n0yPk\nU5Rv0fWCIAiuyY43dcfDvHGrLC0X428bedqWK+96kzG86vqi720+N5ljTJ6zzTnJZL40nVPL7iub\nh7uuj2y5XK+ubJ/HJj2TNG37ZdW9Nvc3zb8qzemthAVhvOT1x7HKUCZzu+Acv+8CDJ46yoo2FjZZ\nsos3QRDGRZOFtcm9rsagPibhuuNb2djb1XOky2Cap0mZu5hXyvLPo+kclH4mk82ELubVvHxNqfPu\n61LWHtpaGzRZd7iojzbWPSJkCMLwGaO8kze2uBrD+lgPjAzVdwFagdH/i+9yZ0wQhPOBCn4fCn0p\nRBKGWCdl9K2QKcIkf1dWBFXvrA1rBZP8+34HVeSVu0n7t723775exdjGAkEQItLj8rn1Y5M5Uajk\n/Cw48kwy65g9lu2c5O1INWHoiyxBEE6p0rA3sdwo+qypuXgedcpp6h5QZXGRp8wxud50d6ONRYRN\nfdkoN2zfw1iF9iJMrVzyfi/7zCbfqvndZZvrSsGUpeq5kn7myuy6jjuWSV+XHU5BaJ+2rcnPVdCv\nK4MKe85PwVFmgmqzOJHGJQhCGS7M7LOL9CqT9C4X9SaCkM29eWVPL55MBT7XdVF3gTU0AatKadL2\nItUmr7p110RpaJJnUfs2eR6XNHVNsVFOmChymrTzuhZMVe5bQ+p7gjBVxqaA6NqtrywficfRKuen\n4GhKEyVIUUCvsQ0QgiDY04XAZjo+mQpnthYopkEwbSwU2qiDrrCxorC1OukixoMryoTPMteRLt+l\nayG9zT...
2022-10-18 07:41:03:413 [HTTP] <-- GET /wd/hub/session/c8c9e5fb-24bc-4cd2-a910-7ab6a251e135/screenshot 200 724 ms - 542302
2022-10-18 07:41:03:413 [HTTP] 
2022-10-18 07:41:03:492 [HTTP] --> POST /wd/hub/session/c8c9e5fb-24bc-4cd2-a910-7ab6a251e135/appium/app/close
2022-10-18 07:41:03:492 [HTTP] {}
2022-10-18 07:41:03:504 [W3C (c8c9e5fb)] Calling AppiumDriver.closeApp() with args: ["c8c9e5fb-24bc-4cd2-a910-7ab6a251e135"]
2022-10-18 07:41:03:505 [ADB] Running 'C:\Users\Shilpa\AppData\Local\Android\Sdk\platform-tools\adb.exe -P 5037 -s emulator-5554 shell am force-stop com.mandir'
2022-10-18 07:41:03:829 [W3C (c8c9e5fb)] Responding to client with driver.closeApp() result: null
2022-10-18 07:41:03:831 [HTTP] <-- POST /wd/hub/session/c8c9e5fb-24bc-4cd2-a910-7ab6a251e135/appium/app/close 200 339 ms - 14
2022-10-18 07:41:03:831 [HTTP] 
