2022-09-29 18:02:59:336 [Appium] Welcome to Appium v1.22.3
2022-09-29 18:02:59:337 [Appium] Non-default server args:
2022-09-29 18:02:59:338 [Appium]   address: 127.0.0.1
2022-09-29 18:02:59:339 [Appium]   port: 12335
2022-09-29 18:02:59:339 [Appium]   logFile: C:\Users\Santhruptha\git\repository3\SRI_MANDIR\.\ServerLogs\appiumSriMandircompareImageOfGodInMandirPage.log
2022-09-29 18:02:59:379 [Appium] Appium REST http interface listener started on 127.0.0.1:12335
2022-09-29 18:02:59:677 [HTTP] --> GET /wd/hub/status
2022-09-29 18:02:59:677 [HTTP] {}
2022-09-29 18:02:59:679 [GENERIC] Calling AppiumDriver.getStatus() with args: []
2022-09-29 18:02:59:680 [GENERIC] Responding to client with driver.getStatus() result: {"build":{"version":"1.22.3"}}
2022-09-29 18:02:59:688 [HTTP] <-- GET /wd/hub/status 200 8 ms - 68
2022-09-29 18:02:59:689 [HTTP] 
2022-09-29 18:03:00:759 [HTTP] --> POST /wd/hub/session
2022-09-29 18:03:00:760 [HTTP] {"desiredCapabilities":{"app":"./src/main/java/resources/app-debug-permission-check-fix.apk","noReset":true,"automationName":"UiAutomator2","autoGrantPermissions":true,"platformName":"Android","udid":"emulator-5554","platform":"ANDROID"},"capabilities":{"firstMatch":[{"appium:app":"./src/main/java/resources/app-debug-permission-check-fix.apk","appium:autoGrantPermissions":true,"appium:automationName":"UiAutomator2","appium:noReset":true,"platform":"ANDROID","platformName":"android","appium:udid":"emulator-5554"}]}}
2022-09-29 18:03:00:760 [W3C] Calling AppiumDriver.createSession() with args: [{"app":"./src/main/java/resources/app-debug-permission-check-fix.apk","noReset":true,"automationName":"UiAutomator2","autoGrantPermissions":true,"platformName":"Android","udid":"emulator-5554","platform":"ANDROID"},null,{"firstMatch":[{"appium:app":"./src/main/java/resources/app-debug-permission-check-fix.apk","appium:autoGrantPermissions":true,"appium:automationName":"UiAutomator2","appium:noReset":true,"platform":"ANDROID","platformName":"android","appium:udid":"emulator-5554"}]}]
2022-09-29 18:03:00:769 [BaseDriver] Event 'newSessionRequested' logged at 1664474580761 (23:33:00 GMT+0530 (India Standard Time))
2022-09-29 18:03:00:772 [BaseDriver] The following capabilities are not standard capabilities and should have an extension prefix:
2022-09-29 18:03:00:772 [BaseDriver]   platform
2022-09-29 18:03:01:164 [Appium] Appium v1.22.3 creating new AndroidUiautomator2Driver (v1.70.1) session
2022-09-29 18:03:01:167 [BaseDriver] W3C capabilities and MJSONWP desired capabilities were provided
2022-09-29 18:03:01:168 [BaseDriver] Creating session with W3C capabilities: {
2022-09-29 18:03:01:168 [BaseDriver]   "alwaysMatch": {
2022-09-29 18:03:01:168 [BaseDriver]     "appium:platform": "ANDROID",
2022-09-29 18:03:01:168 [BaseDriver]     "platformName": "android",
2022-09-29 18:03:01:168 [BaseDriver]     "appium:app": "./src/main/java/resources/app-debug-permission-check-fix.apk",
2022-09-29 18:03:01:168 [BaseDriver]     "appium:autoGrantPermissions": true,
2022-09-29 18:03:01:169 [BaseDriver]     "appium:automationName": "UiAutomator2",
2022-09-29 18:03:01:169 [BaseDriver]     "appium:noReset": true,
2022-09-29 18:03:01:169 [BaseDriver]     "appium:udid": "emulator-5554"
2022-09-29 18:03:01:169 [BaseDriver]   },
2022-09-29 18:03:01:169 [BaseDriver]   "firstMatch": [
2022-09-29 18:03:01:169 [BaseDriver]     {}
2022-09-29 18:03:01:169 [BaseDriver]   ]
2022-09-29 18:03:01:169 [BaseDriver] }
2022-09-29 18:03:01:176 [BaseDriver] The following capabilities were provided, but are not recognized by Appium:
2022-09-29 18:03:01:176 [BaseDriver]   platform
2022-09-29 18:03:01:178 [BaseDriver] Session created with session id: 63493f40-bfc8-43d6-9c98-1f981516d10a
2022-09-29 18:03:01:180 [BaseDriver] Using local app './src/main/java/resources/app-debug-permission-check-fix.apk'
2022-09-29 18:03:01:180 [BaseDriver] The current application path './src/main/java/resources/app-debug-permission-check-fix.apk' is not absolute and has been rewritten to 'C:\Users\Santhruptha\git\repository3\SRI_MANDIR\src\main\java\resources\app-debug-permission-check-fix.apk'. Consider using absolute paths rather than relative
2022-09-29 18:03:01:181 [UiAutomator2] Checking whether app is actually present
2022-09-29 18:03:01:223 [ADB] Found 2 'build-tools' folders under 'C:\Users\Santhruptha\AppData\Local\Android\Sdk' (newest first):
2022-09-29 18:03:01:223 [ADB]     C:/Users/Santhruptha/AppData/Local/Android/Sdk/build-tools/33.0.0
2022-09-29 18:03:01:224 [ADB]     C:/Users/Santhruptha/AppData/Local/Android/Sdk/build-tools/30.0.3
2022-09-29 18:03:01:224 [ADB] Using 'adb.exe' from 'C:\Users\Santhruptha\AppData\Local\Android\Sdk\platform-tools\adb.exe'
2022-09-29 18:03:01:225 [ADB] Running 'C:\Users\Santhruptha\AppData\Local\Android\Sdk\platform-tools\adb.exe -P 5037 start-server'
2022-09-29 18:03:01:261 [AndroidDriver] Retrieving device list
2022-09-29 18:03:01:262 [ADB] Trying to find a connected android device
2022-09-29 18:03:01:263 [ADB] Getting connected devices
2022-09-29 18:03:01:285 [ADB] Connected devices: [{"udid":"emulator-5554","state":"device"}]
2022-09-29 18:03:01:286 [AndroidDriver] Using device: emulator-5554
2022-09-29 18:03:01:287 [ADB] Using 'adb.exe' from 'C:\Users\Santhruptha\AppData\Local\Android\Sdk\platform-tools\adb.exe'
2022-09-29 18:03:01:287 [ADB] Running 'C:\Users\Santhruptha\AppData\Local\Android\Sdk\platform-tools\adb.exe -P 5037 start-server'
2022-09-29 18:03:01:309 [ADB] Setting device id to emulator-5554
2022-09-29 18:03:01:310 [ADB] Running 'C:\Users\Santhruptha\AppData\Local\Android\Sdk\platform-tools\adb.exe -P 5037 -s emulator-5554 shell getprop ro.build.version.sdk'
2022-09-29 18:03:01:381 [ADB] Current device property 'ro.build.version.sdk': 31
2022-09-29 18:03:01:381 [ADB] Getting device platform version
2022-09-29 18:03:01:382 [ADB] Running 'C:\Users\Santhruptha\AppData\Local\Android\Sdk\platform-tools\adb.exe -P 5037 -s emulator-5554 shell getprop ro.build.version.release'
2022-09-29 18:03:01:421 [ADB] Current device property 'ro.build.version.release': 12
2022-09-29 18:03:01:421 [ADB] Device API level: 31
2022-09-29 18:03:01:421 [UiAutomator2] Relaxing hidden api policy
2022-09-29 18:03:01:422 [ADB] Running 'C:\Users\Santhruptha\AppData\Local\Android\Sdk\platform-tools\adb.exe -P 5037 -s emulator-5554 shell 'settings put global hidden_api_policy_pre_p_apps 1;settings put global hidden_api_policy_p_apps 1;settings put global hidden_api_policy 1''
2022-09-29 18:03:01:645 [AndroidDriver] Parsing package and activity from app manifest
2022-09-29 18:03:01:691 [ADB] Package name: 'com.mandir'
2022-09-29 18:03:01:691 [ADB] Main activity name: 'com.mandir.ui.activity.SplashActivity'
2022-09-29 18:03:01:691 [AndroidDriver] Parsed package and activity are: com.mandir/com.mandir.ui.activity.SplashActivity
2022-09-29 18:03:01:692 [ADB] Running 'C:\Users\Santhruptha\AppData\Local\Android\Sdk\platform-tools\adb.exe -P 5037 -s emulator-5554 wait-for-device'
2022-09-29 18:03:01:726 [ADB] Running 'C:\Users\Santhruptha\AppData\Local\Android\Sdk\platform-tools\adb.exe -P 5037 -s emulator-5554 shell echo ping'
2022-09-29 18:03:01:759 [AndroidDriver] Pushing settings apk to device...
2022-09-29 18:03:01:760 [ADB] Getting install status for io.appium.settings
2022-09-29 18:03:01:760 [ADB] Running 'C:\Users\Santhruptha\AppData\Local\Android\Sdk\platform-tools\adb.exe -P 5037 -s emulator-5554 shell dumpsys package io.appium.settings'
2022-09-29 18:03:01:817 [ADB] 'io.appium.settings' is installed
2022-09-29 18:03:01:817 [ADB] Getting package info for 'io.appium.settings'
2022-09-29 18:03:01:817 [ADB] Running 'C:\Users\Santhruptha\AppData\Local\Android\Sdk\platform-tools\adb.exe -P 5037 -s emulator-5554 shell dumpsys package io.appium.settings'
2022-09-29 18:03:01:870 [ADB] The version name of the installed 'io.appium.settings' is greater or equal to the application version name ('3.4.0' >= '3.4.0')
2022-09-29 18:03:01:870 [ADB] There is no need to install/upgrade 'C:\Users\Santhruptha\AppData\Roaming\npm\node_modules\appium\node_modules\io.appium.settings\apks\settings_apk-debug.apk'
2022-09-29 18:03:01:871 [ADB] Getting IDs of all 'io.appium.settings' processes
2022-09-29 18:03:01:871 [ADB] Running 'C:\Users\Santhruptha\AppData\Local\Android\Sdk\platform-tools\adb.exe -P 5037 -s emulator-5554 shell 'pgrep --help; echo $?''
2022-09-29 18:03:01:972 [ADB] Running 'C:\Users\Santhruptha\AppData\Local\Android\Sdk\platform-tools\adb.exe -P 5037 -s emulator-5554 shell pgrep -f \(\[\[:blank:\]\]\|\^\)io\.appium\.settings\(\[\[:blank:\]\]\|\$\)'
2022-09-29 18:03:02:199 [AndroidDriver] io.appium.settings is already running. There is no need to reset its permissions.
2022-09-29 18:03:02:200 [Logcat] Starting logs capture with command: C:\\Users\\Santhruptha\\AppData\\Local\\Android\\Sdk\\platform-tools\\adb.exe -P 5037 -s emulator-5554 logcat -v threadtime
2022-09-29 18:03:02:289 [UiAutomator2] Forwarding UiAutomator2 Server port 6790 to local port 8203
2022-09-29 18:03:02:290 [ADB] Forwarding system: 8203 to device: 6790
2022-09-29 18:03:02:290 [ADB] Running 'C:\Users\Santhruptha\AppData\Local\Android\Sdk\platform-tools\adb.exe -P 5037 -s emulator-5554 forward tcp:8203 tcp:6790'
2022-09-29 18:03:02:334 [ADB] Getting install status for io.appium.uiautomator2.server
2022-09-29 18:03:02:334 [ADB] Running 'C:\Users\Santhruptha\AppData\Local\Android\Sdk\platform-tools\adb.exe -P 5037 -s emulator-5554 shell dumpsys package io.appium.uiautomator2.server'
2022-09-29 18:03:02:487 [ADB] 'io.appium.uiautomator2.server' is installed
2022-09-29 18:03:02:487 [ADB] Getting package info for 'io.appium.uiautomator2.server'
2022-09-29 18:03:02:487 [ADB] Running 'C:\Users\Santhruptha\AppData\Local\Android\Sdk\platform-tools\adb.exe -P 5037 -s emulator-5554 shell dumpsys package io.appium.uiautomator2.server'
2022-09-29 18:03:02:943 [ADB] The version name of the installed 'io.appium.uiautomator2.server' is greater or equal to the application version name ('4.27.0' >= '4.27.0')
2022-09-29 18:03:02:944 [UiAutomator2] io.appium.uiautomator2.server installation state: sameVersionInstalled
2022-09-29 18:03:02:944 [ADB] Checking app cert for C:\Users\Santhruptha\AppData\Roaming\npm\node_modules\appium\node_modules\appium-uiautomator2-server\apks\appium-uiautomator2-server-v4.27.0.apk
2022-09-29 18:03:03:017 [ADB] Using 'apksigner.jar' from 'C:\Users\Santhruptha\AppData\Local\Android\Sdk\build-tools\33.0.0\lib\apksigner.jar'
2022-09-29 18:03:03:020 [ADB] Starting apksigner: 'C:\\Program Files\\Java\\jdk-15.0.1\\bin\\java.exe' -Xmx1024M -Xss1m -jar C:\\Users\\Santhruptha\\AppData\\Local\\Android\\Sdk\\build-tools\\33.0.0\\lib\\apksigner.jar verify --print-certs C:\\Users\\Santhruptha\\AppData\\Roaming\\npm\\node_modules\\appium\\node_modules\\appium-uiautomator2-server\\apks\\appium-uiautomator2-server-v4.27.0.apk
2022-09-29 18:03:04:163 [ADB] apksigner stdout: Signer #1 certificate DN: EMAILADDRESS=android@android.com, CN=Android, OU=Android, O=Android, L=Mountain View, ST=California, C=US
2022-09-29 18:03:04:163 [ADB] Signer #1 certificate SHA-256 digest: a40da80a59d170caa950cf15c18c454d47a39b26989d8b640ecd745ba71bf5dc
2022-09-29 18:03:04:164 [ADB] Signer #1 certificate SHA-1 digest: 61ed377e85d386a8dfee6b864bd85b0bfaa5af81
2022-09-29 18:03:04:164 [ADB] Signer #1 certificate MD5 digest: e89b158e4bcf988ebd09eb83f5378e87
2022-09-29 18:03:04:164 [ADB] 
2022-09-29 18:03:04:164 [ADB] sha256 hash did match for 'appium-uiautomator2-server-v4.27.0.apk'
2022-09-29 18:03:04:164 [ADB] 'C:\Users\Santhruptha\AppData\Roaming\npm\node_modules\appium\node_modules\appium-uiautomator2-server\apks\appium-uiautomator2-server-v4.27.0.apk' is signed with the default certificate
2022-09-29 18:03:04:164 [ADB] Getting install status for io.appium.uiautomator2.server.test
2022-09-29 18:03:04:164 [ADB] Running 'C:\Users\Santhruptha\AppData\Local\Android\Sdk\platform-tools\adb.exe -P 5037 -s emulator-5554 shell dumpsys package io.appium.uiautomator2.server.test'
2022-09-29 18:03:04:226 [ADB] 'io.appium.uiautomator2.server.test' is installed
2022-09-29 18:03:04:226 [ADB] Checking app cert for C:\Users\Santhruptha\AppData\Roaming\npm\node_modules\appium\node_modules\appium-uiautomator2-server\apks\appium-uiautomator2-server-debug-androidTest.apk
2022-09-29 18:03:04:230 [ADB] Starting apksigner: 'C:\\Program Files\\Java\\jdk-15.0.1\\bin\\java.exe' -Xmx1024M -Xss1m -jar C:\\Users\\Santhruptha\\AppData\\Local\\Android\\Sdk\\build-tools\\33.0.0\\lib\\apksigner.jar verify --print-certs C:\\Users\\Santhruptha\\AppData\\Roaming\\npm\\node_modules\\appium\\node_modules\\appium-uiautomator2-server\\apks\\appium-uiautomator2-server-debug-androidTest.apk
2022-09-29 18:03:04:575 [ADB] apksigner stdout: Signer #1 certificate DN: EMAILADDRESS=android@android.com, CN=Android, OU=Android, O=Android, L=Mountain View, ST=California, C=US
2022-09-29 18:03:04:575 [ADB] Signer #1 certificate SHA-256 digest: a40da80a59d170caa950cf15c18c454d47a39b26989d8b640ecd745ba71bf5dc
2022-09-29 18:03:04:575 [ADB] Signer #1 certificate SHA-1 digest: 61ed377e85d386a8dfee6b864bd85b0bfaa5af81
2022-09-29 18:03:04:575 [ADB] Signer #1 certificate MD5 digest: e89b158e4bcf988ebd09eb83f5378e87
2022-09-29 18:03:04:575 [ADB] 
2022-09-29 18:03:04:575 [ADB] sha256 hash did match for 'appium-uiautomator2-server-debug-androidTest.apk'
2022-09-29 18:03:04:575 [ADB] 'C:\Users\Santhruptha\AppData\Roaming\npm\node_modules\appium\node_modules\appium-uiautomator2-server\apks\appium-uiautomator2-server-debug-androidTest.apk' is signed with the default certificate
2022-09-29 18:03:04:575 [UiAutomator2] Server packages are not going to be (re)installed
2022-09-29 18:03:04:578 [UiAutomator2] Waiting up to 30000ms for services to be available
2022-09-29 18:03:04:579 [ADB] Running 'C:\Users\Santhruptha\AppData\Local\Android\Sdk\platform-tools\adb.exe -P 5037 -s emulator-5554 shell pm list instrumentation'
2022-09-29 18:03:04:633 [UiAutomator2] Instrumentation target 'io.appium.uiautomator2.server.test/androidx.test.runner.AndroidJUnitRunner' is available
2022-09-29 18:03:04:636 [ADB] Adding packages ["io.appium.settings","io.appium.uiautomator2.server","io.appium.uiautomator2.server.test"] to Doze whitelist
2022-09-29 18:03:04:636 [ADB] Got the following command chunks to execute: [["dumpsys","deviceidle","whitelist","+io.appium.settings",";","dumpsys","deviceidle","whitelist","+io.appium.uiautomator2.server",";","dumpsys","deviceidle","whitelist","+io.appium.uiautomator2.server.test",";"]]
2022-09-29 18:03:04:636 [ADB] Running 'C:\Users\Santhruptha\AppData\Local\Android\Sdk\platform-tools\adb.exe -P 5037 -s emulator-5554 shell dumpsys deviceidle whitelist +io.appium.settings ; dumpsys deviceidle whitelist +io.appium.uiautomator2.server ; dumpsys deviceidle whitelist +io.appium.uiautomator2.server.test ;'
2022-09-29 18:03:04:700 [ADB] Checking app cert for C:\Users\Santhruptha\git\repository3\SRI_MANDIR\src\main\java\resources\app-debug-permission-check-fix.apk
2022-09-29 18:03:05:045 [ADB] Starting apksigner: 'C:\\Program Files\\Java\\jdk-15.0.1\\bin\\java.exe' -Xmx1024M -Xss1m -jar C:\\Users\\Santhruptha\\AppData\\Local\\Android\\Sdk\\build-tools\\33.0.0\\lib\\apksigner.jar verify --print-certs C:\\Users\\Santhruptha\\git\\repository3\\SRI_MANDIR\\src\\main\\java\\resources\\app-debug-permission-check-fix.apk
2022-09-29 18:03:07:024 [ADB] apksigner stdout: Signer #1 certificate DN: C=US, O=Android, CN=Android Debug
2022-09-29 18:03:07:024 [ADB] Signer #1 certificate SHA-256 digest: 1a88fb209dc13dd8a94e09e7c568bd6110effe1af1ae807363423660bdedd431
2022-09-29 18:03:07:024 [ADB] Signer #1 certificate SHA-1 digest: 364149b76ce7a237255b7822dc1fb6a16a07e53a
2022-09-29 18:03:07:024 [ADB] Signer #1 certificate MD5 digest: b398560dcfa1e9442e1bca121f0438ce
2022-09-29 18:03:07:024 [ADB] 
2022-09-29 18:03:07:025 [ADB] 'C:\Users\Santhruptha\git\repository3\SRI_MANDIR\src\main\java\resources\app-debug-permission-check-fix.apk' is signed with a non-default certificate
2022-09-29 18:03:07:026 [ADB] Getting install status for com.mandir
2022-09-29 18:03:07:026 [ADB] Running 'C:\Users\Santhruptha\AppData\Local\Android\Sdk\platform-tools\adb.exe -P 5037 -s emulator-5554 shell dumpsys package com.mandir'
2022-09-29 18:03:07:149 [ADB] 'com.mandir' is installed
2022-09-29 18:03:07:149 [ADB] Getting package info for 'com.mandir'
2022-09-29 18:03:07:150 [ADB] Running 'C:\Users\Santhruptha\AppData\Local\Android\Sdk\platform-tools\adb.exe -P 5037 -s emulator-5554 shell dumpsys package com.mandir'
2022-09-29 18:03:07:230 [ADB] The version name of the installed 'com.mandir' is greater or equal to the application version name ('3.7.1' >= '3.7.1')
2022-09-29 18:03:07:230 [ADB] There is no need to install/upgrade 'C:\Users\Santhruptha\git\repository3\SRI_MANDIR\src\main\java\resources\app-debug-permission-check-fix.apk'
2022-09-29 18:03:07:231 [UiAutomator2] Performing shallow cleanup of automation leftovers
2022-09-29 18:03:07:315 [UiAutomator2] The following obsolete sessions are still running: ["bc434aea-e6fb-4604-b4b5-9e81dfa6fae5"]
2022-09-29 18:03:07:318 [UiAutomator2] Cleaning up 1 obsolete session
2022-09-29 18:03:08:370 [ADB] Running 'C:\Users\Santhruptha\AppData\Local\Android\Sdk\platform-tools\adb.exe -P 5037 -s emulator-5554 shell am force-stop io.appium.uiautomator2.server.test'
2022-09-29 18:03:08:492 [UiAutomator2] Starting UIAutomator2 server 4.27.0
2022-09-29 18:03:08:492 [UiAutomator2] Using UIAutomator2 server from 'C:\Users\Santhruptha\AppData\Roaming\npm\node_modules\appium\node_modules\appium-uiautomator2-server\apks\appium-uiautomator2-server-v4.27.0.apk' and test from 'C:\Users\Santhruptha\AppData\Roaming\npm\node_modules\appium\node_modules\appium-uiautomator2-server\apks\appium-uiautomator2-server-debug-androidTest.apk'
2022-09-29 18:03:08:492 [UiAutomator2] Waiting up to 30000ms for UiAutomator2 to be online...
2022-09-29 18:03:08:493 [ADB] Creating ADB subprocess with args: ["-P",5037,"-s","emulator-5554","shell","am","instrument","-w","-e","disableAnalytics",true,"io.appium.uiautomator2.server.test/androidx.test.runner.AndroidJUnitRunner"]
2022-09-29 18:03:08:502 [WD Proxy] Matched '/status' to command name 'getStatus'
2022-09-29 18:03:08:503 [WD Proxy] Proxying [GET /status] to [GET http://127.0.0.1:8203/wd/hub/status] with no body
2022-09-29 18:03:08:518 [WD Proxy] socket hang up
2022-09-29 18:03:09:525 [WD Proxy] Matched '/status' to command name 'getStatus'
2022-09-29 18:03:09:525 [WD Proxy] Proxying [GET /status] to [GET http://127.0.0.1:8203/wd/hub/status] with no body
2022-09-29 18:03:09:529 [WD Proxy] socket hang up
2022-09-29 18:03:10:535 [WD Proxy] Matched '/status' to command name 'getStatus'
2022-09-29 18:03:10:535 [WD Proxy] Proxying [GET /status] to [GET http://127.0.0.1:8203/wd/hub/status] with no body
2022-09-29 18:03:10:541 [WD Proxy] socket hang up
2022-09-29 18:03:11:557 [WD Proxy] Matched '/status' to command name 'getStatus'
2022-09-29 18:03:11:558 [WD Proxy] Proxying [GET /status] to [GET http://127.0.0.1:8203/wd/hub/status] with no body
2022-09-29 18:03:11:564 [WD Proxy] socket hang up
2022-09-29 18:03:12:572 [WD Proxy] Matched '/status' to command name 'getStatus'
2022-09-29 18:03:12:572 [WD Proxy] Proxying [GET /status] to [GET http://127.0.0.1:8203/wd/hub/status] with no body
2022-09-29 18:03:12:577 [WD Proxy] socket hang up
2022-09-29 18:03:13:561 [Instrumentation] io.appium.uiautomator2.server.test.AppiumUiAutomator2Server:
2022-09-29 18:03:13:581 [WD Proxy] Matched '/status' to command name 'getStatus'
2022-09-29 18:03:13:581 [WD Proxy] Proxying [GET /status] to [GET http://127.0.0.1:8203/wd/hub/status] with no body
2022-09-29 18:03:13:587 [WD Proxy] socket hang up
2022-09-29 18:03:14:592 [WD Proxy] Matched '/status' to command name 'getStatus'
2022-09-29 18:03:14:592 [WD Proxy] Proxying [GET /status] to [GET http://127.0.0.1:8203/wd/hub/status] with no body
2022-09-29 18:03:14:597 [WD Proxy] socket hang up
2022-09-29 18:03:15:606 [WD Proxy] Matched '/status' to command name 'getStatus'
2022-09-29 18:03:15:607 [WD Proxy] Proxying [GET /status] to [GET http://127.0.0.1:8203/wd/hub/status] with no body
2022-09-29 18:03:15:671 [WD Proxy] Got response with status 200: {"sessionId":"None","value":{"message":"UiAutomator2 Server is ready to accept commands","ready":true}}
2022-09-29 18:03:15:671 [UiAutomator2] The initialization of the instrumentation process took 7179ms
2022-09-29 18:03:15:671 [WD Proxy] Matched '/session' to command name 'createSession'
2022-09-29 18:03:15:672 [WD Proxy] Proxying [POST /session] to [POST http://127.0.0.1:8203/wd/hub/session] with body: {"capabilities":{"firstMatch":[{"platform":"ANDROID","webStorageEnabled":false,"takesScreenshot":true,"javascriptEnabled":true,"databaseEnabled":false,"networkConnectionEnabled":true,"locationContextEnabled":false,"warnings":{},"desired":{"platformName":"android","platform":"ANDROID","app":"./src/main/java/resources/app-debug-permission-check-fix.apk","autoGrantPermissions":true,"automationName":"UiAutomator2","noReset":true,"udid":"emulator-5554"},"platformName":"android","app":"./src/main/java/resources/app-debug-permission-check-fix.apk","autoGrantPermissions":true,"automationName":"UiAutomator2","noReset":true,"udid":"emulator-5554","deviceName":"emulator-5554","deviceUDID":"emulator-5554","appPackage":"com.mandir"}],"alwaysMatch":{}}}
2022-09-29 18:03:15:700 [WD Proxy] Got response with status 200: {"sessionId":"18fac15b-a0a1-4a17-942d-cb9c393b0653","value":{"capabilities":{"firstMatch":[{"platform":"ANDROID","webStorageEnabled":false,"takesScreenshot":true,"javascriptEnabled":true,"databaseEnabled":false,"networkConnectionEnabled":true,"locationContextEnabled":false,"warnings":{},"desired":{"platformName":"android","platform":"ANDROID","app":"./src/main/java/resources/app-debug-permission-check-fix.apk","autoGrantPermissions":true,"automationName":"UiAutomator2","noReset":true,"udid":"emulator-5554"},"platformName":"android","app":"./src/main/java/resources/app-debug-permission-check-fix.apk","autoGrantPermissions":true,"automationName":"UiAutomator2","noReset":true,"udid":"emulator-5554","deviceName":"emulator-5554","deviceUDID":"emulator-5554","appPackage":"com.mandir"}],"alwaysMatch":{}},"sessionId":"18fac15b-a0a1-4a17-942d-cb9c393b0653"}}
2022-09-29 18:03:15:700 [WD Proxy] Determined the downstream protocol as 'W3C'
2022-09-29 18:03:15:714 [WD Proxy] Proxying [GET /appium/device/info] to [GET http://127.0.0.1:8203/wd/hub/session/18fac15b-a0a1-4a17-942d-cb9c393b0653/appium/device/info] with no body
2022-09-29 18:03:15:800 [WD Proxy] Got response with status 200: {"sessionId":"18fac15b-a0a1-4a17-942d-cb9c393b0653","value":{"androidId":"552f43563f2b4976","apiVersion":"31","bluetooth":{"state":"ON"},"brand":"google","carrierName":"T-Mobile","displayDensity":420,"locale":"en_US","manufacturer":"Google","model":"sdk_gphone64_x86_64","networks":[{"capabilities":{"SSID":null,"linkDownBandwidthKbps":30000,"linkUpstreamBandwidthKbps":12000,"networkCapabilities":"NET_CAPABILITY_NOT_METERED,NET_CAPABILITY_INTERNET,NET_CAPABILITY_NOT_RESTRICTED,NET_CAPABILITY_TRUSTED,NET_CAPABILITY_NOT_VPN,NET_CAPABILITY_VALIDATED,NET_CAPABILITY_NOT_ROAMING,NET_CAPABILITY_FOREGROUND,NET_CAPABILITY_NOT_CONGESTED,NET_CAPABILITY_NOT_SUSPENDED","signalStrength":-50,"transportTypes":"TRANSPORT_WIFI"},"detailedState":"CONNECTED","extraInfo":"","isAvailable":true,"isConnected":true,"isFailover":false,"isRoaming":false,"state":"CONNECTED","subtype":-1,"subtypeName":"","type":1,"typeName":"WIFI"},{"capabilities":{"SSID":null,"linkDownBandwidthKbps":4300,"linkUpstreamBandwidthKbps":1800,"networkCapabil...
2022-09-29 18:03:15:801 [ADB] Running 'C:\Users\Santhruptha\AppData\Local\Android\Sdk\platform-tools\adb.exe -P 5037 -s emulator-5554 shell dumpsys window'
2022-09-29 18:03:15:960 [AndroidDriver] Screen already unlocked, doing nothing
2022-09-29 18:03:15:960 [UiAutomator2] Starting 'com.mandir/com.mandir.ui.activity.SplashActivity and waiting for 'com.mandir/com.mandir.ui.activity.SplashActivity'
2022-09-29 18:03:15:960 [ADB] Running 'C:\Users\Santhruptha\AppData\Local\Android\Sdk\platform-tools\adb.exe -P 5037 -s emulator-5554 shell am start -W -n com.mandir/com.mandir.ui.activity.SplashActivity -S -a android.intent.action.MAIN -c android.intent.category.LAUNCHER -f 0x10200000'
2022-09-29 18:03:20:841 [ADB] Waiting up to 20000ms for activity matching pkg: 'com.mandir' and activity: 'com.mandir.ui.activity.SplashActivity' to be focused
2022-09-29 18:03:20:842 [ADB] Possible activities, to be checked: 'com.mandir.ui.activity.SplashActivity', 'com.mandir.com.mandir.ui.activity.SplashActivity'
2022-09-29 18:03:20:843 [ADB] Getting focused package and activity
2022-09-29 18:03:20:844 [ADB] Running 'C:\Users\Santhruptha\AppData\Local\Android\Sdk\platform-tools\adb.exe -P 5037 -s emulator-5554 shell dumpsys window displays'
2022-09-29 18:03:20:986 [ADB] Found package: 'com.mandir' and fully qualified activity name : 'com.mandir.ui.activity.SplashActivity'
2022-09-29 18:03:21:017 [WD Proxy] Proxying [GET /appium/device/pixel_ratio] to [GET http://127.0.0.1:8203/wd/hub/session/18fac15b-a0a1-4a17-942d-cb9c393b0653/appium/device/pixel_ratio] with no body
2022-09-29 18:03:21:036 [WD Proxy] Got response with status 200: {"sessionId":"18fac15b-a0a1-4a17-942d-cb9c393b0653","value":2.625}
2022-09-29 18:03:21:042 [WD Proxy] Matched '/appium/device/system_bars' to command name 'getSystemBars'
2022-09-29 18:03:21:043 [WD Proxy] Proxying [GET /appium/device/system_bars] to [GET http://127.0.0.1:8203/wd/hub/session/18fac15b-a0a1-4a17-942d-cb9c393b0653/appium/device/system_bars] with no body
2022-09-29 18:03:21:102 [WD Proxy] Got response with status 200: {"sessionId":"18fac15b-a0a1-4a17-942d-cb9c393b0653","value":{"statusBar":63}}
2022-09-29 18:03:21:106 [WD Proxy] Matched '/window/current/size' to command name 'getWindowSize'
2022-09-29 18:03:21:107 [WD Proxy] Proxying [GET /window/current/size] to [GET http://127.0.0.1:8203/wd/hub/session/18fac15b-a0a1-4a17-942d-cb9c393b0653/window/current/size] with no body
2022-09-29 18:03:21:134 [WD Proxy] Got response with status 200: {"sessionId":"18fac15b-a0a1-4a17-942d-cb9c393b0653","value":{"height":1794,"width":1080}}
2022-09-29 18:03:21:135 [Appium] New AndroidUiautomator2Driver session created successfully, session 63493f40-bfc8-43d6-9c98-1f981516d10a added to master session list
2022-09-29 18:03:21:137 [BaseDriver] Event 'newSessionStarted' logged at 1664474601136 (23:33:21 GMT+0530 (India Standard Time))
2022-09-29 18:03:21:138 [W3C (63493f40)] Cached the protocol value 'W3C' for the new session 63493f40-bfc8-43d6-9c98-1f981516d10a
2022-09-29 18:03:21:141 [W3C (63493f40)] Responding to client with driver.createSession() result: {"capabilities":{"platform":"ANDROID","webStorageEnabled":false,"takesScreenshot":true,"javascriptEnabled":true,"databaseEnabled":false,"networkConnectionEnabled":true,"locationContextEnabled":false,"warnings":{},"desired":{"platformName":"android","platform":"ANDROID","app":"./src/main/java/resources/app-debug-permission-check-fix.apk","autoGrantPermissions":true,"automationName":"UiAutomator2","noReset":true,"udid":"emulator-5554"},"platformName":"android","app":"./src/main/java/resources/app-debug-permission-check-fix.apk","autoGrantPermissions":true,"automationName":"UiAutomator2","noReset":true,"udid":"emulator-5554","deviceName":"emulator-5554","deviceUDID":"emulator-5554","appPackage":"com.mandir","deviceApiLevel":31,"platformVersion":"12","deviceScreenSize":"1080x1920","deviceScreenDensity":420,"deviceModel":"sdk_gphone64_x86_64","deviceManufacturer":"Google","pixelRatio":2.625,"statBarHeight":63,"viewportRect":{"left":0,"top":63,"width":1080,"height":1731}}}
2022-09-29 18:03:21:145 [HTTP] <-- POST /wd/hub/session 200 20383 ms - 1042
2022-09-29 18:03:21:145 [HTTP] 
2022-09-29 18:03:21:505 [HTTP] --> GET /wd/hub/session/63493f40-bfc8-43d6-9c98-1f981516d10a
2022-09-29 18:03:21:505 [HTTP] {}
2022-09-29 18:03:21:508 [W3C (63493f40)] Calling AppiumDriver.getSession() with args: ["63493f40-bfc8-43d6-9c98-1f981516d10a"]
2022-09-29 18:03:21:509 [UiAutomator2] Getting session details from server to mix in
2022-09-29 18:03:21:510 [WD Proxy] Matched '/' to command name 'getSession'
2022-09-29 18:03:21:510 [WD Proxy] Proxying [GET /] to [GET http://127.0.0.1:8203/wd/hub/session/18fac15b-a0a1-4a17-942d-cb9c393b0653] with no body
2022-09-29 18:03:21:530 [WD Proxy] Got response with status 200: {"sessionId":"18fac15b-a0a1-4a17-942d-cb9c393b0653","value":{"lastScrollData":null}}
2022-09-29 18:03:21:535 [W3C (63493f40)] Responding to client with driver.getSession() result: {"platform":"ANDROID","webStorageEnabled":false,"takesScreenshot":true,"javascriptEnabled":true,"databaseEnabled":false,"networkConnectionEnabled":true,"locationContextEnabled":false,"warnings":{},"desired":{"platformName":"android","platform":"ANDROID","app":"./src/main/java/resources/app-debug-permission-check-fix.apk","autoGrantPermissions":true,"automationName":"UiAutomator2","noReset":true,"udid":"emulator-5554"},"platformName":"android","app":"./src/main/java/resources/app-debug-permission-check-fix.apk","autoGrantPermissions":true,"automationName":"UiAutomator2","noReset":true,"udid":"emulator-5554","deviceName":"emulator-5554","deviceUDID":"emulator-5554","appPackage":"com.mandir","deviceApiLevel":31,"platformVersion":"12","deviceScreenSize":"1080x1920","deviceScreenDensity":420,"deviceModel":"sdk_gphone64_x86_64","deviceManufacturer":"Google","pixelRatio":2.625,"statBarHeight":63,"viewportRect":{"left":0,"top":63,"width":1080,"height":1731},"lastScrollData":null}
2022-09-29 18:03:21:539 [HTTP] <-- GET /wd/hub/session/63493f40-bfc8-43d6-9c98-1f981516d10a 200 32 ms - 996
2022-09-29 18:03:21:539 [HTTP] 
2022-09-29 18:03:21:560 [HTTP] --> GET /wd/hub/session/63493f40-bfc8-43d6-9c98-1f981516d10a
2022-09-29 18:03:21:561 [HTTP] {}
2022-09-29 18:03:21:563 [W3C (63493f40)] Calling AppiumDriver.getSession() with args: ["63493f40-bfc8-43d6-9c98-1f981516d10a"]
2022-09-29 18:03:21:565 [UiAutomator2] Getting session details from server to mix in
2022-09-29 18:03:21:565 [WD Proxy] Matched '/' to command name 'getSession'
2022-09-29 18:03:21:567 [WD Proxy] Proxying [GET /] to [GET http://127.0.0.1:8203/wd/hub/session/18fac15b-a0a1-4a17-942d-cb9c393b0653] with no body
2022-09-29 18:03:21:605 [WD Proxy] Got response with status 200: {"sessionId":"18fac15b-a0a1-4a17-942d-cb9c393b0653","value":{"lastScrollData":null}}
2022-09-29 18:03:21:606 [W3C (63493f40)] Responding to client with driver.getSession() result: {"platform":"ANDROID","webStorageEnabled":false,"takesScreenshot":true,"javascriptEnabled":true,"databaseEnabled":false,"networkConnectionEnabled":true,"locationContextEnabled":false,"warnings":{},"desired":{"platformName":"android","platform":"ANDROID","app":"./src/main/java/resources/app-debug-permission-check-fix.apk","autoGrantPermissions":true,"automationName":"UiAutomator2","noReset":true,"udid":"emulator-5554"},"platformName":"android","app":"./src/main/java/resources/app-debug-permission-check-fix.apk","autoGrantPermissions":true,"automationName":"UiAutomator2","noReset":true,"udid":"emulator-5554","deviceName":"emulator-5554","deviceUDID":"emulator-5554","appPackage":"com.mandir","deviceApiLevel":31,"platformVersion":"12","deviceScreenSize":"1080x1920","deviceScreenDensity":420,"deviceModel":"sdk_gphone64_x86_64","deviceManufacturer":"Google","pixelRatio":2.625,"statBarHeight":63,"viewportRect":{"left":0,"top":63,"width":1080,"height":1731},"lastScrollData":null}
2022-09-29 18:03:21:607 [HTTP] <-- GET /wd/hub/session/63493f40-bfc8-43d6-9c98-1f981516d10a 200 46 ms - 996
2022-09-29 18:03:21:608 [HTTP] 
2022-09-29 18:03:21:629 [HTTP] --> POST /wd/hub/session/63493f40-bfc8-43d6-9c98-1f981516d10a/timeouts
2022-09-29 18:03:21:630 [HTTP] {"implicit":50000}
2022-09-29 18:03:21:633 [W3C (63493f40)] Calling AppiumDriver.timeouts() with args: [null,null,null,null,50000,"63493f40-bfc8-43d6-9c98-1f981516d10a"]
2022-09-29 18:03:21:634 [BaseDriver] W3C timeout argument: {"implicit":50000}}
2022-09-29 18:03:21:635 [BaseDriver] Set implicit wait to 50000ms
2022-09-29 18:03:21:636 [W3C (63493f40)] Responding to client with driver.timeouts() result: null
2022-09-29 18:03:21:639 [HTTP] <-- POST /wd/hub/session/63493f40-bfc8-43d6-9c98-1f981516d10a/timeouts 200 8 ms - 14
2022-09-29 18:03:21:639 [HTTP] 
2022-09-29 18:03:22:466 [HTTP] --> POST /wd/hub/session/63493f40-bfc8-43d6-9c98-1f981516d10a/element
2022-09-29 18:03:22:466 [HTTP] {"using":"xpath","value":"//android.widget.ImageView[@resource-id='com.mandir:id/iv_gods']"}
2022-09-29 18:03:22:472 [W3C (63493f40)] Calling AppiumDriver.findElement() with args: ["xpath","//android.widget.ImageView[@resource-id='com.mandir:id/iv_gods']","63493f40-bfc8-43d6-9c98-1f981516d10a"]
2022-09-29 18:03:22:474 [BaseDriver] Valid locator strategies for this request: xpath, id, class name, accessibility id, css selector, -android uiautomator
2022-09-29 18:03:22:475 [BaseDriver] Waiting up to 50000 ms for condition
2022-09-29 18:03:22:477 [WD Proxy] Matched '/element' to command name 'findElement'
2022-09-29 18:03:22:478 [WD Proxy] Proxying [POST /element] to [POST http://127.0.0.1:8203/wd/hub/session/18fac15b-a0a1-4a17-942d-cb9c393b0653/element] with body: {"strategy":"xpath","selector":"//android.widget.ImageView[@resource-id='com.mandir:id/iv_gods']","context":"","multiple":false}
2022-09-29 18:03:27:218 [WD Proxy] Got response with status 404: {"sessionId":"18fac15b-a0a1-4a17-942d-cb9c393b0653","value":{"error":"no such element","message":"An element could not be located on the page using the given search parameters","stacktrace":"io.appium.uiautomator2.common.exceptions.ElementNotFoundException: An element could not be located on the page using the given search parameters\n\tat io.appium.uiautomator2.handler.FindElement.findElement(FindElement.java:90)\n\tat io.appium.uiautomator2.handler.FindElement.safeHandle(FindElement.java:67)\n\tat io.appium.uiautomator2.handler.request.SafeRequestHandler.handle(SafeRequestHandler.java:59)\n\tat io.appium.uiautomator2.server.AppiumServlet.handleRequest(AppiumServlet.java:266)\n\tat io.appium.uiautomator2.server.AppiumServlet.handleHttpRequest(AppiumServlet.java:260)\n\tat io.appium.uiautomator2.http.ServerHandler.channelRead(ServerHandler.java:68)\n\tat io.netty.channel.AbstractChannelHandlerContext.invokeChannelRead(AbstractChannelHandlerContext.java:366)\n\tat io.netty.channel.AbstractChannelHandlerCont...
2022-09-29 18:03:27:220 [W3C] Matched W3C error code 'no such element' to NoSuchElementError
2022-09-29 18:03:27:220 [BaseDriver] Waited for 4745 ms so far
2022-09-29 18:03:27:733 [WD Proxy] Matched '/element' to command name 'findElement'
2022-09-29 18:03:27:734 [WD Proxy] Proxying [POST /element] to [POST http://127.0.0.1:8203/wd/hub/session/18fac15b-a0a1-4a17-942d-cb9c393b0653/element] with body: {"strategy":"xpath","selector":"//android.widget.ImageView[@resource-id='com.mandir:id/iv_gods']","context":"","multiple":false}
2022-09-29 18:03:31:937 [WD Proxy] Got response with status 404: {"sessionId":"18fac15b-a0a1-4a17-942d-cb9c393b0653","value":{"error":"no such element","message":"An element could not be located on the page using the given search parameters","stacktrace":"io.appium.uiautomator2.common.exceptions.ElementNotFoundException: An element could not be located on the page using the given search parameters\n\tat io.appium.uiautomator2.handler.FindElement.findElement(FindElement.java:90)\n\tat io.appium.uiautomator2.handler.FindElement.safeHandle(FindElement.java:67)\n\tat io.appium.uiautomator2.handler.request.SafeRequestHandler.handle(SafeRequestHandler.java:59)\n\tat io.appium.uiautomator2.server.AppiumServlet.handleRequest(AppiumServlet.java:266)\n\tat io.appium.uiautomator2.server.AppiumServlet.handleHttpRequest(AppiumServlet.java:260)\n\tat io.appium.uiautomator2.http.ServerHandler.channelRead(ServerHandler.java:68)\n\tat io.netty.channel.AbstractChannelHandlerContext.invokeChannelRead(AbstractChannelHandlerContext.java:366)\n\tat io.netty.channel.AbstractChannelHandlerCont...
2022-09-29 18:03:31:938 [W3C] Matched W3C error code 'no such element' to NoSuchElementError
2022-09-29 18:03:31:938 [BaseDriver] Waited for 9463 ms so far
2022-09-29 18:03:32:450 [WD Proxy] Matched '/element' to command name 'findElement'
2022-09-29 18:03:32:451 [WD Proxy] Proxying [POST /element] to [POST http://127.0.0.1:8203/wd/hub/session/18fac15b-a0a1-4a17-942d-cb9c393b0653/element] with body: {"strategy":"xpath","selector":"//android.widget.ImageView[@resource-id='com.mandir:id/iv_gods']","context":"","multiple":false}
2022-09-29 18:03:34:007 [WD Proxy] Got response with status 200: {"sessionId":"18fac15b-a0a1-4a17-942d-cb9c393b0653","value":{"ELEMENT":"00000000-0000-0031-ffff-ffff0000012e","element-6066-11e4-a52e-4f735466cecf":"00000000-0000-0031-ffff-ffff0000012e"}}
2022-09-29 18:03:34:008 [W3C (63493f40)] Responding to client with driver.findElement() result: {"element-6066-11e4-a52e-4f735466cecf":"00000000-0000-0031-ffff-ffff0000012e","ELEMENT":"00000000-0000-0031-ffff-ffff0000012e"}
2022-09-29 18:03:34:010 [HTTP] <-- POST /wd/hub/session/63493f40-bfc8-43d6-9c98-1f981516d10a/element 200 11543 ms - 137
2022-09-29 18:03:34:010 [HTTP] 
2022-09-29 18:03:34:053 [HTTP] --> POST /wd/hub/session/63493f40-bfc8-43d6-9c98-1f981516d10a/element
2022-09-29 18:03:34:053 [HTTP] {"using":"xpath","value":"//android.widget.ImageView[@resource-id='com.mandir:id/iv_gods']"}
2022-09-29 18:03:34:057 [W3C (63493f40)] Calling AppiumDriver.findElement() with args: ["xpath","//android.widget.ImageView[@resource-id='com.mandir:id/iv_gods']","63493f40-bfc8-43d6-9c98-1f981516d10a"]
2022-09-29 18:03:34:058 [BaseDriver] Valid locator strategies for this request: xpath, id, class name, accessibility id, css selector, -android uiautomator
2022-09-29 18:03:34:058 [BaseDriver] Waiting up to 50000 ms for condition
2022-09-29 18:03:34:059 [WD Proxy] Matched '/element' to command name 'findElement'
2022-09-29 18:03:34:059 [WD Proxy] Proxying [POST /element] to [POST http://127.0.0.1:8203/wd/hub/session/18fac15b-a0a1-4a17-942d-cb9c393b0653/element] with body: {"strategy":"xpath","selector":"//android.widget.ImageView[@resource-id='com.mandir:id/iv_gods']","context":"","multiple":false}
2022-09-29 18:03:34:776 [WD Proxy] Got response with status 200: {"sessionId":"18fac15b-a0a1-4a17-942d-cb9c393b0653","value":{"ELEMENT":"00000000-0000-0031-ffff-ffff0000012e","element-6066-11e4-a52e-4f735466cecf":"00000000-0000-0031-ffff-ffff0000012e"}}
2022-09-29 18:03:34:777 [W3C (63493f40)] Responding to client with driver.findElement() result: {"element-6066-11e4-a52e-4f735466cecf":"00000000-0000-0031-ffff-ffff0000012e","ELEMENT":"00000000-0000-0031-ffff-ffff0000012e"}
2022-09-29 18:03:34:778 [HTTP] <-- POST /wd/hub/session/63493f40-bfc8-43d6-9c98-1f981516d10a/element 200 725 ms - 137
2022-09-29 18:03:34:778 [HTTP] 
2022-09-29 18:03:34:784 [HTTP] --> GET /wd/hub/session/63493f40-bfc8-43d6-9c98-1f981516d10a/element/00000000-0000-0031-ffff-ffff0000012e/displayed
2022-09-29 18:03:34:784 [HTTP] {}
2022-09-29 18:03:34:787 [W3C (63493f40)] Calling AppiumDriver.elementDisplayed() with args: ["00000000-0000-0031-ffff-ffff0000012e","63493f40-bfc8-43d6-9c98-1f981516d10a"]
2022-09-29 18:03:34:788 [WD Proxy] Matched '/element/00000000-0000-0031-ffff-ffff0000012e/attribute/displayed' to command name 'getAttribute'
2022-09-29 18:03:34:789 [WD Proxy] Proxying [GET /element/00000000-0000-0031-ffff-ffff0000012e/attribute/displayed] to [GET http://127.0.0.1:8203/wd/hub/session/18fac15b-a0a1-4a17-942d-cb9c393b0653/element/00000000-0000-0031-ffff-ffff0000012e/attribute/displayed] with no body
2022-09-29 18:03:35:198 [WD Proxy] Got response with status 200: {"sessionId":"18fac15b-a0a1-4a17-942d-cb9c393b0653","value":"true"}
2022-09-29 18:03:35:199 [W3C (63493f40)] Responding to client with driver.elementDisplayed() result: true
2022-09-29 18:03:35:200 [HTTP] <-- GET /wd/hub/session/63493f40-bfc8-43d6-9c98-1f981516d10a/element/00000000-0000-0031-ffff-ffff0000012e/displayed 200 416 ms - 14
2022-09-29 18:03:35:201 [HTTP] 
2022-09-29 18:03:35:206 [HTTP] --> GET /wd/hub/session/63493f40-bfc8-43d6-9c98-1f981516d10a/screenshot
2022-09-29 18:03:35:206 [HTTP] {}
2022-09-29 18:03:35:209 [W3C (63493f40)] Calling AppiumDriver.getScreenshot() with args: ["63493f40-bfc8-43d6-9c98-1f981516d10a"]
2022-09-29 18:03:35:210 [WD Proxy] Matched '/screenshot' to command name 'getScreenshot'
2022-09-29 18:03:35:210 [WD Proxy] Proxying [GET /screenshot] to [GET http://127.0.0.1:8203/wd/hub/session/18fac15b-a0a1-4a17-942d-cb9c393b0653/screenshot] with no body
2022-09-29 18:03:37:877 [WD Proxy] Got response with status 200: {"sessionId":"18fac15b-a0a1-4a17-942d-cb9c393b0653","value":"iVBORw0KGgoAAAANSUhEUgAABDgAAAeACAYAAAArYecKAAAAAXNSR0IArs4c6QAAAARzQklUCAgI\nCHwIZIgAACAASURBVHic7L15lCTZVeb5e8/MfHcPjzX3vTIra5VUUkkICRAIsUNLMICgxTAwgmY7\nMOqBoYcB+gjoOaiHAdGHRS32rVvQcCSBEFs3lEYqLbUrqyorq7Jyi1wiMvbw3c3N7M0fHpHp4enm\nbmZu5u4RGd85Velh9vZ33333ffeambjwBzHFoCA8pmtvkdd87enD6Flr3W3lCeFSjVu94s4ie2Xz\n2/VtB4H3jvcrF14wiDray/cjp26y3Wu8/Ahde7leytlFE/2O1Wb+MMa5vYyg+tDLWuyUvluaXuMU\nRZ1+94VO6b3MS6/0bvf9XO+xx3RN45Y+bPjVUW5pepXdTbcNejza2xW2deW3P37K81Km33XZK6+f\n/P3W36vMwVnCdwfa11/r9U10s/+GMR9+jfBu6bvpn6D2mhd42RvCzhvSXCnXPzaaEeF+5cV08JPH\nNWE3HT4IW9uv7RCWHdmpjKCcgMe8usfiB4tROkS5TGbrQrtDF/tQzm57QM8mqWgXeygI2xgZ9f5G\njVa56iVjbvd2xz9a+BmjoAdot7ztCMtAHJahGUTeuq2LQfWjtQ1e6/TS5mEY/UEOvH7QrtPc6h3U\nITQM54rfuQ+KbvIQpXEctOywDOOw+7ZLbISPfvXeTkC7nA7CfvIznp3sDj9tjICY6lr9EOzPUImN\n1mtuBfu1H8NcP73KimJP9qrPA/ZV+s+yDaAYvuJ0mbQg559WqFv/26boh7EbBITL76jrCpLWr/b1\nO6aDHItdeMeoz4sfT3lY7d/OUUbDJmTc4KX+sKIIBuEh7GZUhhFdMAz42ReCltcNo+Jld8N20wU7\nAWGR7sOYO7+kRBRtHASB2C1y...
2022-09-29 18:03:37:898 [W3C (63493f40)] Responding to client with driver.getScreenshot() result: "iVBORw0KGgoAAAANSUhEUgAABDgAAAeACAYAAAArYecKAAAAAXNSR0IArs4c6QAAAARzQklUCAgI\nCHwIZIgAACAASURBVHic7L15lCTZVeb5e8/MfHcPjzX3vTIra5VUUkkICRAIsUNLMICgxTAwgmY7\nMOqBoYcB+gjoOaiHAdGHRS32rVvQcCSBEFs3lEYqLbUrqyorq7Jyi1wiMvbw3c3N7M0fHpHp4enm\nbmZu5u4RGd85Velh9vZ33333ffeambjwBzHFoCA8pmtvkdd87enD6Flr3W3lCeFSjVu94s4ie2Xz\n2/VtB4H3jvcrF14wiDray/cjp26y3Wu8/Ahde7leytlFE/2O1Wb+MMa5vYyg+tDLWuyUvluaXuMU\nRZ1+94VO6b3MS6/0bvf9XO+xx3RN45Y+bPjVUW5pepXdTbcNejza2xW2deW3P37K81Km33XZK6+f\n/P3W36vMwVnCdwfa11/r9U10s/+GMR9+jfBu6bvpn6D2mhd42RvCzhvSXCnXPzaaEeF+5cV08JPH\nNWE3HT4IW9uv7RCWHdmpjKCcgMe8usfiB4tROkS5TGbrQrtDF/tQzm57QM8mqWgXeygI2xgZ9f5G\njVa56iVjbvd2xz9a+BmjoAdot7ztCMtAHJahGUTeuq2LQfWjtQ1e6/TS5mEY/UEOvH7QrtPc6h3U\nITQM54rfuQ+KbvIQpXEctOywDOOw+7ZLbISPfvXeTkC7nA7CfvIznp3sDj9tjICY6lr9EOzPUImN\n1mtuBfu1H8NcP73KimJP9qrPA/ZV+s+yDaAYvuJ0mbQg559WqFv/26boh7EbBITL76jrCpLWr/b1\nO6aDHItdeMeoz4sfT3lY7d/OUUbDJmTc4KX+sKIIBuEh7GZUhhFdMAz42ReCltcNo+Jld8N20wU7\nAWGR7sOYO7+kRBRtHASB2C1yIGhdYY9Fq17ejuRGv5WPku7qRvwHdUT1k8dj/uARHH7DtkYFncJt\nekUadP...
2022-09-29 18:03:37:925 [HTTP] <-- GET /wd/hub/session/63493f40-bfc8-43d6-9c98-1f981516d10a/screenshot 200 2716 ms - 3508120
2022-09-29 18:03:37:926 [HTTP] 
2022-09-29 18:03:42:307 [HTTP] --> POST /wd/hub/session/63493f40-bfc8-43d6-9c98-1f981516d10a/appium/app/close
2022-09-29 18:03:42:307 [HTTP] {}
2022-09-29 18:03:42:319 [W3C (63493f40)] Calling AppiumDriver.closeApp() with args: ["63493f40-bfc8-43d6-9c98-1f981516d10a"]
2022-09-29 18:03:42:321 [ADB] Running 'C:\Users\Santhruptha\AppData\Local\Android\Sdk\platform-tools\adb.exe -P 5037 -s emulator-5554 shell am force-stop com.mandir'
2022-09-29 18:03:42:762 [W3C (63493f40)] Responding to client with driver.closeApp() result: null
2022-09-29 18:03:42:764 [HTTP] <-- POST /wd/hub/session/63493f40-bfc8-43d6-9c98-1f981516d10a/appium/app/close 200 457 ms - 14
2022-09-29 18:03:42:765 [HTTP] 
