2022-10-21 07:56:59:417 [Appium] Welcome to Appium v1.22.3
2022-10-21 07:56:59:419 [Appium] Non-default server args:
2022-10-21 07:56:59:419 [Appium]   address: 127.0.0.1
2022-10-21 07:56:59:420 [Appium]   port: 37252
2022-10-21 07:56:59:420 [Appium]   logFile: C:\Users\Shilpa\Documents\New_Sri_Mandir\SRI_MANDIR(Different languages)\.\ServerLogs\appiumSriMandirVerifySujav22.log
2022-10-21 07:56:59:475 [Appium] Appium REST http interface listener started on 127.0.0.1:37252
2022-10-21 07:56:59:516 [HTTP] --> GET /wd/hub/status
2022-10-21 07:56:59:517 [HTTP] {}
2022-10-21 07:56:59:520 [GENERIC] Calling AppiumDriver.getStatus() with args: []
2022-10-21 07:56:59:522 [GENERIC] Responding to client with driver.getStatus() result: {"build":{"version":"1.22.3"}}
2022-10-21 07:56:59:533 [HTTP] <-- GET /wd/hub/status 200 12 ms - 68
2022-10-21 07:56:59:534 [HTTP] 
2022-10-21 07:57:00:576 [HTTP] --> POST /wd/hub/session
2022-10-21 07:57:00:580 [HTTP] {"desiredCapabilities":{"app":"./src/main/java/resources/app-debug-3.8.0.apk","noReset":true,"automationName":"UiAutomator2","autoGrantPermissions":true,"platformName":"Android","udid":"emulator-5554","platform":"ANDROID"},"capabilities":{"firstMatch":[{"appium:app":"./src/main/java/resources/app-debug-3.8.0.apk","appium:autoGrantPermissions":true,"appium:automationName":"UiAutomator2","appium:noReset":true,"platform":"ANDROID","platformName":"android","appium:udid":"emulator-5554"}]}}
2022-10-21 07:57:00:582 [W3C] Calling AppiumDriver.createSession() with args: [{"app":"./src/main/java/resources/app-debug-3.8.0.apk","noReset":true,"automationName":"UiAutomator2","autoGrantPermissions":true,"platformName":"Android","udid":"emulator-5554","platform":"ANDROID"},null,{"firstMatch":[{"appium:app":"./src/main/java/resources/app-debug-3.8.0.apk","appium:autoGrantPermissions":true,"appium:automationName":"UiAutomator2","appium:noReset":true,"platform":"ANDROID","platformName":"android","appium:udid":"emulator-5554"}]}]
2022-10-21 07:57:00:588 [BaseDriver] Event 'newSessionRequested' logged at 1666339020583 (13:27:00 GMT+0530 (India Standard Time))
2022-10-21 07:57:00:593 [BaseDriver] The following capabilities are not standard capabilities and should have an extension prefix:
2022-10-21 07:57:00:594 [BaseDriver]   platform
2022-10-21 07:57:01:219 [Appium] Appium v1.22.3 creating new AndroidUiautomator2Driver (v1.70.1) session
2022-10-21 07:57:01:226 [BaseDriver] W3C capabilities and MJSONWP desired capabilities were provided
2022-10-21 07:57:01:227 [BaseDriver] Creating session with W3C capabilities: {
2022-10-21 07:57:01:227 [BaseDriver]   "alwaysMatch": {
2022-10-21 07:57:01:227 [BaseDriver]     "appium:platform": "ANDROID",
2022-10-21 07:57:01:227 [BaseDriver]     "platformName": "android",
2022-10-21 07:57:01:227 [BaseDriver]     "appium:app": "./src/main/java/resources/app-debug-3.8.0.apk",
2022-10-21 07:57:01:227 [BaseDriver]     "appium:autoGrantPermissions": true,
2022-10-21 07:57:01:228 [BaseDriver]     "appium:automationName": "UiAutomator2",
2022-10-21 07:57:01:228 [BaseDriver]     "appium:noReset": true,
2022-10-21 07:57:01:228 [BaseDriver]     "appium:udid": "emulator-5554"
2022-10-21 07:57:01:228 [BaseDriver]   },
2022-10-21 07:57:01:228 [BaseDriver]   "firstMatch": [
2022-10-21 07:57:01:228 [BaseDriver]     {}
2022-10-21 07:57:01:228 [BaseDriver]   ]
2022-10-21 07:57:01:229 [BaseDriver] }
2022-10-21 07:57:01:244 [BaseDriver] The following capabilities were provided, but are not recognized by Appium:
2022-10-21 07:57:01:245 [BaseDriver]   platform
2022-10-21 07:57:01:248 [BaseDriver] Session created with session id: a8ae227a-8043-4fac-9d96-091d4d8a9d17
2022-10-21 07:57:01:252 [BaseDriver] Using local app './src/main/java/resources/app-debug-3.8.0.apk'
2022-10-21 07:57:01:252 [BaseDriver] The current application path './src/main/java/resources/app-debug-3.8.0.apk' is not absolute and has been rewritten to 'C:\Users\Shilpa\Documents\New_Sri_Mandir\SRI_MANDIR(Different languages)\src\main\java\resources\app-debug-3.8.0.apk'. Consider using absolute paths rather than relative
2022-10-21 07:57:01:253 [UiAutomator2] Checking whether app is actually present
2022-10-21 07:57:01:325 [ADB] Found 2 'build-tools' folders under 'C:\Users\Shilpa\AppData\Local\Android\Sdk' (newest first):
2022-10-21 07:57:01:325 [ADB]     C:/Users/Shilpa/AppData/Local/Android/Sdk/build-tools/33.0.0
2022-10-21 07:57:01:325 [ADB]     C:/Users/Shilpa/AppData/Local/Android/Sdk/build-tools/30.0.3
2022-10-21 07:57:01:335 [ADB] Using 'adb.exe' from 'C:\Users\Shilpa\AppData\Local\Android\Sdk\platform-tools\adb.exe'
2022-10-21 07:57:01:339 [ADB] Running 'C:\Users\Shilpa\AppData\Local\Android\Sdk\platform-tools\adb.exe -P 5037 start-server'
2022-10-21 07:57:01:382 [AndroidDriver] Retrieving device list
2022-10-21 07:57:01:383 [ADB] Trying to find a connected android device
2022-10-21 07:57:01:384 [ADB] Getting connected devices
2022-10-21 07:57:01:419 [ADB] Connected devices: [{"udid":"emulator-5554","state":"device"}]
2022-10-21 07:57:01:421 [AndroidDriver] Using device: emulator-5554
2022-10-21 07:57:01:425 [ADB] Using 'adb.exe' from 'C:\Users\Shilpa\AppData\Local\Android\Sdk\platform-tools\adb.exe'
2022-10-21 07:57:01:425 [ADB] Running 'C:\Users\Shilpa\AppData\Local\Android\Sdk\platform-tools\adb.exe -P 5037 start-server'
2022-10-21 07:57:01:456 [ADB] Setting device id to emulator-5554
2022-10-21 07:57:01:457 [ADB] Running 'C:\Users\Shilpa\AppData\Local\Android\Sdk\platform-tools\adb.exe -P 5037 -s emulator-5554 shell getprop ro.build.version.sdk'
2022-10-21 07:57:01:592 [ADB] Current device property 'ro.build.version.sdk': 31
2022-10-21 07:57:01:593 [ADB] Getting device platform version
2022-10-21 07:57:01:593 [ADB] Running 'C:\Users\Shilpa\AppData\Local\Android\Sdk\platform-tools\adb.exe -P 5037 -s emulator-5554 shell getprop ro.build.version.release'
2022-10-21 07:57:01:658 [ADB] Current device property 'ro.build.version.release': 12
2022-10-21 07:57:01:659 [ADB] Device API level: 31
2022-10-21 07:57:01:659 [UiAutomator2] Relaxing hidden api policy
2022-10-21 07:57:01:659 [ADB] Running 'C:\Users\Shilpa\AppData\Local\Android\Sdk\platform-tools\adb.exe -P 5037 -s emulator-5554 shell 'settings put global hidden_api_policy_pre_p_apps 1;settings put global hidden_api_policy_p_apps 1;settings put global hidden_api_policy 1''
2022-10-21 07:57:01:851 [AndroidDriver] Parsing package and activity from app manifest
2022-10-21 07:57:01:936 [ADB] Package name: 'com.mandir'
2022-10-21 07:57:01:936 [ADB] Main activity name: 'com.mandir.ui.activity.SplashActivity'
2022-10-21 07:57:01:937 [AndroidDriver] Parsed package and activity are: com.mandir/com.mandir.ui.activity.SplashActivity
2022-10-21 07:57:01:938 [ADB] Running 'C:\Users\Shilpa\AppData\Local\Android\Sdk\platform-tools\adb.exe -P 5037 -s emulator-5554 wait-for-device'
2022-10-21 07:57:01:969 [ADB] Running 'C:\Users\Shilpa\AppData\Local\Android\Sdk\platform-tools\adb.exe -P 5037 -s emulator-5554 shell echo ping'
2022-10-21 07:57:02:042 [AndroidDriver] Pushing settings apk to device...
2022-10-21 07:57:02:044 [ADB] Getting install status for io.appium.settings
2022-10-21 07:57:02:044 [ADB] Running 'C:\Users\Shilpa\AppData\Local\Android\Sdk\platform-tools\adb.exe -P 5037 -s emulator-5554 shell dumpsys package io.appium.settings'
2022-10-21 07:57:03:141 [ADB] 'io.appium.settings' is installed
2022-10-21 07:57:03:142 [ADB] Getting package info for 'io.appium.settings'
2022-10-21 07:57:03:142 [ADB] Running 'C:\Users\Shilpa\AppData\Local\Android\Sdk\platform-tools\adb.exe -P 5037 -s emulator-5554 shell dumpsys package io.appium.settings'
2022-10-21 07:57:03:269 [ADB] The version name of the installed 'io.appium.settings' is greater or equal to the application version name ('3.4.0' >= '3.4.0')
2022-10-21 07:57:03:270 [ADB] There is no need to install/upgrade 'C:\Users\Shilpa\AppData\Roaming\npm\node_modules\appium\node_modules\io.appium.settings\apks\settings_apk-debug.apk'
2022-10-21 07:57:03:271 [ADB] Getting IDs of all 'io.appium.settings' processes
2022-10-21 07:57:03:271 [ADB] Running 'C:\Users\Shilpa\AppData\Local\Android\Sdk\platform-tools\adb.exe -P 5037 -s emulator-5554 shell 'pgrep --help; echo $?''
2022-10-21 07:57:03:366 [ADB] Running 'C:\Users\Shilpa\AppData\Local\Android\Sdk\platform-tools\adb.exe -P 5037 -s emulator-5554 shell pgrep -f \(\[\[:blank:\]\]\|\^\)io\.appium\.settings\(\[\[:blank:\]\]\|\$\)'
2022-10-21 07:57:03:489 [AndroidDriver] io.appium.settings is already running. There is no need to reset its permissions.
2022-10-21 07:57:03:491 [Logcat] Starting logs capture with command: C:\\Users\\Shilpa\\AppData\\Local\\Android\\Sdk\\platform-tools\\adb.exe -P 5037 -s emulator-5554 logcat -v threadtime
2022-10-21 07:57:03:585 [UiAutomator2] Forwarding UiAutomator2 Server port 6790 to local port 8205
2022-10-21 07:57:03:586 [ADB] Forwarding system: 8205 to device: 6790
2022-10-21 07:57:03:586 [ADB] Running 'C:\Users\Shilpa\AppData\Local\Android\Sdk\platform-tools\adb.exe -P 5037 -s emulator-5554 forward tcp:8205 tcp:6790'
2022-10-21 07:57:03:620 [ADB] Getting install status for io.appium.uiautomator2.server
2022-10-21 07:57:03:621 [ADB] Running 'C:\Users\Shilpa\AppData\Local\Android\Sdk\platform-tools\adb.exe -P 5037 -s emulator-5554 shell dumpsys package io.appium.uiautomator2.server'
2022-10-21 07:57:03:777 [ADB] 'io.appium.uiautomator2.server' is installed
2022-10-21 07:57:03:778 [ADB] Getting package info for 'io.appium.uiautomator2.server'
2022-10-21 07:57:03:778 [ADB] Running 'C:\Users\Shilpa\AppData\Local\Android\Sdk\platform-tools\adb.exe -P 5037 -s emulator-5554 shell dumpsys package io.appium.uiautomator2.server'
2022-10-21 07:57:04:167 [ADB] The version name of the installed 'io.appium.uiautomator2.server' is greater or equal to the application version name ('4.27.0' >= '4.27.0')
2022-10-21 07:57:04:167 [UiAutomator2] io.appium.uiautomator2.server installation state: sameVersionInstalled
2022-10-21 07:57:04:169 [ADB] Checking app cert for C:\Users\Shilpa\AppData\Roaming\npm\node_modules\appium\node_modules\appium-uiautomator2-server\apks\appium-uiautomator2-server-v4.27.0.apk
2022-10-21 07:57:04:275 [ADB] Using 'apksigner.jar' from 'C:\Users\Shilpa\AppData\Local\Android\Sdk\build-tools\33.0.0\lib\apksigner.jar'
2022-10-21 07:57:04:277 [ADB] Starting apksigner: 'C:\\Program Files\\Java\\jdk1.8.0_291\\bin\\java.exe' -Xmx1024M -Xss1m -jar C:\\Users\\Shilpa\\AppData\\Local\\Android\\Sdk\\build-tools\\33.0.0\\lib\\apksigner.jar verify --print-certs C:\\Users\\Shilpa\\AppData\\Roaming\\npm\\node_modules\\appium\\node_modules\\appium-uiautomator2-server\\apks\\appium-uiautomator2-server-v4.27.0.apk
2022-10-21 07:57:05:719 [ADB] apksigner stdout: Signer #1 certificate DN: EMAILADDRESS=android@android.com, CN=Android, OU=Android, O=Android, L=Mountain View, ST=California, C=US
2022-10-21 07:57:05:720 [ADB] Signer #1 certificate SHA-256 digest: a40da80a59d170caa950cf15c18c454d47a39b26989d8b640ecd745ba71bf5dc
2022-10-21 07:57:05:720 [ADB] Signer #1 certificate SHA-1 digest: 61ed377e85d386a8dfee6b864bd85b0bfaa5af81
2022-10-21 07:57:05:720 [ADB] Signer #1 certificate MD5 digest: e89b158e4bcf988ebd09eb83f5378e87
2022-10-21 07:57:05:721 [ADB] 
2022-10-21 07:57:05:722 [ADB] sha256 hash did match for 'appium-uiautomator2-server-v4.27.0.apk'
2022-10-21 07:57:05:722 [ADB] 'C:\Users\Shilpa\AppData\Roaming\npm\node_modules\appium\node_modules\appium-uiautomator2-server\apks\appium-uiautomator2-server-v4.27.0.apk' is signed with the default certificate
2022-10-21 07:57:05:723 [ADB] Getting install status for io.appium.uiautomator2.server.test
2022-10-21 07:57:05:723 [ADB] Running 'C:\Users\Shilpa\AppData\Local\Android\Sdk\platform-tools\adb.exe -P 5037 -s emulator-5554 shell dumpsys package io.appium.uiautomator2.server.test'
2022-10-21 07:57:05:891 [ADB] 'io.appium.uiautomator2.server.test' is installed
2022-10-21 07:57:05:891 [ADB] Checking app cert for C:\Users\Shilpa\AppData\Roaming\npm\node_modules\appium\node_modules\appium-uiautomator2-server\apks\appium-uiautomator2-server-debug-androidTest.apk
2022-10-21 07:57:05:898 [ADB] Starting apksigner: 'C:\\Program Files\\Java\\jdk1.8.0_291\\bin\\java.exe' -Xmx1024M -Xss1m -jar C:\\Users\\Shilpa\\AppData\\Local\\Android\\Sdk\\build-tools\\33.0.0\\lib\\apksigner.jar verify --print-certs C:\\Users\\Shilpa\\AppData\\Roaming\\npm\\node_modules\\appium\\node_modules\\appium-uiautomator2-server\\apks\\appium-uiautomator2-server-debug-androidTest.apk
2022-10-21 07:57:06:455 [ADB] apksigner stdout: Signer #1 certificate DN: EMAILADDRESS=android@android.com, CN=Android, OU=Android, O=Android, L=Mountain View, ST=California, C=US
2022-10-21 07:57:06:456 [ADB] Signer #1 certificate SHA-256 digest: a40da80a59d170caa950cf15c18c454d47a39b26989d8b640ecd745ba71bf5dc
2022-10-21 07:57:06:456 [ADB] Signer #1 certificate SHA-1 digest: 61ed377e85d386a8dfee6b864bd85b0bfaa5af81
2022-10-21 07:57:06:456 [ADB] Signer #1 certificate MD5 digest: e89b158e4bcf988ebd09eb83f5378e87
2022-10-21 07:57:06:456 [ADB] 
2022-10-21 07:57:06:456 [ADB] sha256 hash did match for 'appium-uiautomator2-server-debug-androidTest.apk'
2022-10-21 07:57:06:456 [ADB] 'C:\Users\Shilpa\AppData\Roaming\npm\node_modules\appium\node_modules\appium-uiautomator2-server\apks\appium-uiautomator2-server-debug-androidTest.apk' is signed with the default certificate
2022-10-21 07:57:06:457 [UiAutomator2] Server packages are not going to be (re)installed
2022-10-21 07:57:06:461 [UiAutomator2] Waiting up to 30000ms for services to be available
2022-10-21 07:57:06:462 [ADB] Running 'C:\Users\Shilpa\AppData\Local\Android\Sdk\platform-tools\adb.exe -P 5037 -s emulator-5554 shell pm list instrumentation'
2022-10-21 07:57:06:588 [UiAutomator2] Instrumentation target 'io.appium.uiautomator2.server.test/androidx.test.runner.AndroidJUnitRunner' is available
2022-10-21 07:57:06:596 [ADB] Adding packages ["io.appium.settings","io.appium.uiautomator2.server","io.appium.uiautomator2.server.test"] to Doze whitelist
2022-10-21 07:57:06:598 [ADB] Got the following command chunks to execute: [["dumpsys","deviceidle","whitelist","+io.appium.settings",";","dumpsys","deviceidle","whitelist","+io.appium.uiautomator2.server",";","dumpsys","deviceidle","whitelist","+io.appium.uiautomator2.server.test",";"]]
2022-10-21 07:57:06:598 [ADB] Running 'C:\Users\Shilpa\AppData\Local\Android\Sdk\platform-tools\adb.exe -P 5037 -s emulator-5554 shell dumpsys deviceidle whitelist +io.appium.settings ; dumpsys deviceidle whitelist +io.appium.uiautomator2.server ; dumpsys deviceidle whitelist +io.appium.uiautomator2.server.test ;'
2022-10-21 07:57:06:737 [ADB] Checking app cert for C:\Users\Shilpa\Documents\New_Sri_Mandir\SRI_MANDIR(Different languages)\src\main\java\resources\app-debug-3.8.0.apk
2022-10-21 07:57:07:303 [ADB] Starting apksigner: 'C:\\Program Files\\Java\\jdk1.8.0_291\\bin\\java.exe' -Xmx1024M -Xss1m -jar C:\\Users\\Shilpa\\AppData\\Local\\Android\\Sdk\\build-tools\\33.0.0\\lib\\apksigner.jar verify --print-certs 'C:\\Users\\Shilpa\\Documents\\New_Sri_Mandir\\SRI_MANDIR(Different languages)\\src\\main\\java\\resources\\app-debug-3.8.0.apk'
2022-10-21 07:57:13:958 [ADB] apksigner stdout: Signer #1 certificate DN: C=US, O=Android, CN=Android Debug
2022-10-21 07:57:13:958 [ADB] Signer #1 certificate SHA-256 digest: ffe3f74dd4b99b12dd63d207a90d1eb840869ef6f0303daaab8485d82cc377d0
2022-10-21 07:57:13:958 [ADB] Signer #1 certificate SHA-1 digest: d61e3b86f3eece241d9e58fa90b8a2e151b8685a
2022-10-21 07:57:13:958 [ADB] Signer #1 certificate MD5 digest: c57e6882d4d2db60bf329c1ab6c9a33c
2022-10-21 07:57:13:958 [ADB] 
2022-10-21 07:57:13:959 [ADB] 'C:\Users\Shilpa\Documents\New_Sri_Mandir\SRI_MANDIR(Different languages)\src\main\java\resources\app-debug-3.8.0.apk' is signed with a non-default certificate
2022-10-21 07:57:13:960 [ADB] Getting install status for com.mandir
2022-10-21 07:57:13:960 [ADB] Running 'C:\Users\Shilpa\AppData\Local\Android\Sdk\platform-tools\adb.exe -P 5037 -s emulator-5554 shell dumpsys package com.mandir'
2022-10-21 07:57:15:281 [ADB] 'com.mandir' is installed
2022-10-21 07:57:15:281 [ADB] Getting package info for 'com.mandir'
2022-10-21 07:57:15:281 [ADB] Running 'C:\Users\Shilpa\AppData\Local\Android\Sdk\platform-tools\adb.exe -P 5037 -s emulator-5554 shell dumpsys package com.mandir'
2022-10-21 07:57:15:439 [ADB] The version name of the installed 'com.mandir' is greater or equal to the application version name ('3.7.5' >= '3.7.5')
2022-10-21 07:57:15:439 [ADB] There is no need to install/upgrade 'C:\Users\Shilpa\Documents\New_Sri_Mandir\SRI_MANDIR(Different languages)\src\main\java\resources\app-debug-3.8.0.apk'
2022-10-21 07:57:15:440 [UiAutomator2] Performing shallow cleanup of automation leftovers
2022-10-21 07:57:15:498 [UiAutomator2] The following obsolete sessions are still running: ["9b75a48f-18be-4142-a8a4-ba8637a323b6"]
2022-10-21 07:57:15:505 [UiAutomator2] Cleaning up 1 obsolete session
2022-10-21 07:57:16:553 [ADB] Running 'C:\Users\Shilpa\AppData\Local\Android\Sdk\platform-tools\adb.exe -P 5037 -s emulator-5554 shell am force-stop io.appium.uiautomator2.server.test'
2022-10-21 07:57:16:678 [UiAutomator2] Starting UIAutomator2 server 4.27.0
2022-10-21 07:57:16:679 [UiAutomator2] Using UIAutomator2 server from 'C:\Users\Shilpa\AppData\Roaming\npm\node_modules\appium\node_modules\appium-uiautomator2-server\apks\appium-uiautomator2-server-v4.27.0.apk' and test from 'C:\Users\Shilpa\AppData\Roaming\npm\node_modules\appium\node_modules\appium-uiautomator2-server\apks\appium-uiautomator2-server-debug-androidTest.apk'
2022-10-21 07:57:16:679 [UiAutomator2] Waiting up to 30000ms for UiAutomator2 to be online...
2022-10-21 07:57:16:680 [ADB] Creating ADB subprocess with args: ["-P",5037,"-s","emulator-5554","shell","am","instrument","-w","-e","disableAnalytics",true,"io.appium.uiautomator2.server.test/androidx.test.runner.AndroidJUnitRunner"]
2022-10-21 07:57:16:689 [WD Proxy] Matched '/status' to command name 'getStatus'
2022-10-21 07:57:16:691 [WD Proxy] Proxying [GET /status] to [GET http://127.0.0.1:8205/wd/hub/status] with no body
2022-10-21 07:57:16:706 [WD Proxy] socket hang up
2022-10-21 07:57:17:719 [WD Proxy] Matched '/status' to command name 'getStatus'
2022-10-21 07:57:17:720 [WD Proxy] Proxying [GET /status] to [GET http://127.0.0.1:8205/wd/hub/status] with no body
2022-10-21 07:57:17:737 [WD Proxy] socket hang up
2022-10-21 07:57:18:630 [Instrumentation] io.appium.uiautomator2.server.test.AppiumUiAutomator2Server:
2022-10-21 07:57:18:747 [WD Proxy] Matched '/status' to command name 'getStatus'
2022-10-21 07:57:18:747 [WD Proxy] Proxying [GET /status] to [GET http://127.0.0.1:8205/wd/hub/status] with no body
2022-10-21 07:57:18:768 [WD Proxy] socket hang up
2022-10-21 07:57:19:777 [WD Proxy] Matched '/status' to command name 'getStatus'
2022-10-21 07:57:19:778 [WD Proxy] Proxying [GET /status] to [GET http://127.0.0.1:8205/wd/hub/status] with no body
2022-10-21 07:57:19:792 [WD Proxy] socket hang up
2022-10-21 07:57:20:807 [WD Proxy] Matched '/status' to command name 'getStatus'
2022-10-21 07:57:20:807 [WD Proxy] Proxying [GET /status] to [GET http://127.0.0.1:8205/wd/hub/status] with no body
2022-10-21 07:57:21:279 [WD Proxy] Got response with status 200: {"sessionId":"None","value":{"message":"UiAutomator2 Server is ready to accept commands","ready":true}}
2022-10-21 07:57:21:281 [UiAutomator2] The initialization of the instrumentation process took 4601ms
2022-10-21 07:57:21:282 [WD Proxy] Matched '/session' to command name 'createSession'
2022-10-21 07:57:21:282 [WD Proxy] Proxying [POST /session] to [POST http://127.0.0.1:8205/wd/hub/session] with body: {"capabilities":{"firstMatch":[{"platform":"ANDROID","webStorageEnabled":false,"takesScreenshot":true,"javascriptEnabled":true,"databaseEnabled":false,"networkConnectionEnabled":true,"locationContextEnabled":false,"warnings":{},"desired":{"platformName":"android","platform":"ANDROID","app":"./src/main/java/resources/app-debug-3.8.0.apk","autoGrantPermissions":true,"automationName":"UiAutomator2","noReset":true,"udid":"emulator-5554"},"platformName":"android","app":"./src/main/java/resources/app-debug-3.8.0.apk","autoGrantPermissions":true,"automationName":"UiAutomator2","noReset":true,"udid":"emulator-5554","deviceName":"emulator-5554","deviceUDID":"emulator-5554","appPackage":"com.mandir"}],"alwaysMatch":{}}}
2022-10-21 07:57:21:381 [WD Proxy] Got response with status 200: {"sessionId":"70ee7376-694c-4796-b8be-20a715c21625","value":{"capabilities":{"firstMatch":[{"platform":"ANDROID","webStorageEnabled":false,"takesScreenshot":true,"javascriptEnabled":true,"databaseEnabled":false,"networkConnectionEnabled":true,"locationContextEnabled":false,"warnings":{},"desired":{"platformName":"android","platform":"ANDROID","app":"./src/main/java/resources/app-debug-3.8.0.apk","autoGrantPermissions":true,"automationName":"UiAutomator2","noReset":true,"udid":"emulator-5554"},"platformName":"android","app":"./src/main/java/resources/app-debug-3.8.0.apk","autoGrantPermissions":true,"automationName":"UiAutomator2","noReset":true,"udid":"emulator-5554","deviceName":"emulator-5554","deviceUDID":"emulator-5554","appPackage":"com.mandir"}],"alwaysMatch":{}},"sessionId":"70ee7376-694c-4796-b8be-20a715c21625"}}
2022-10-21 07:57:21:382 [WD Proxy] Determined the downstream protocol as 'W3C'
2022-10-21 07:57:21:409 [WD Proxy] Proxying [GET /appium/device/info] to [GET http://127.0.0.1:8205/wd/hub/session/70ee7376-694c-4796-b8be-20a715c21625/appium/device/info] with no body
2022-10-21 07:57:21:520 [WD Proxy] Got response with status 200: {"sessionId":"70ee7376-694c-4796-b8be-20a715c21625","value":{"androidId":"b679943b0277a210","apiVersion":"31","bluetooth":{"state":"ON"},"brand":"google","carrierName":"T-Mobile","displayDensity":420,"locale":"en_US","manufacturer":"Google","model":"sdk_gphone64_x86_64","networks":[{"capabilities":{"SSID":null,"linkDownBandwidthKbps":4300,"linkUpstreamBandwidthKbps":1800,"networkCapabilities":"NET_CAPABILITY_MMS,NET_CAPABILITY_SUPL,NET_CAPABILITY_DUN,NET_CAPABILITY_FOTA,NET_CAPABILITY_IMS,NET_CAPABILITY_CBS,NET_CAPABILITY_INTERNET,NET_CAPABILITY_NOT_RESTRICTED,NET_CAPABILITY_TRUSTED,NET_CAPABILITY_NOT_VPN,NET_CAPABILITY_VALIDATED,NET_CAPABILITY_NOT_ROAMING,NET_CAPABILITY_NOT_CONGESTED,NET_CAPABILITY_NOT_SUSPENDED","signalStrength":-2147483648,"transportTypes":"TRANSPORT_CELLULAR"},"detailedState":"CONNECTED","extraInfo":"epc.tmobile.com","isAvailable":true,"isConnected":true,"isFailover":false,"isRoaming":false,"state":"CONNECTED","subtype":10,"subtypeName":"HSPA","type":0,"typeName":"MOBILE"},{"capabiliti...
2022-10-21 07:57:21:521 [ADB] Running 'C:\Users\Shilpa\AppData\Local\Android\Sdk\platform-tools\adb.exe -P 5037 -s emulator-5554 shell dumpsys window'
2022-10-21 07:57:21:641 [AndroidDriver] Screen already unlocked, doing nothing
2022-10-21 07:57:21:641 [UiAutomator2] Starting 'com.mandir/com.mandir.ui.activity.SplashActivity and waiting for 'com.mandir/com.mandir.ui.activity.SplashActivity'
2022-10-21 07:57:21:643 [ADB] Running 'C:\Users\Shilpa\AppData\Local\Android\Sdk\platform-tools\adb.exe -P 5037 -s emulator-5554 shell am start -W -n com.mandir/com.mandir.ui.activity.SplashActivity -S -a android.intent.action.MAIN -c android.intent.category.LAUNCHER -f 0x10200000'
2022-10-21 07:57:32:661 [ADB] Waiting up to 20000ms for activity matching pkg: 'com.mandir' and activity: 'com.mandir.ui.activity.SplashActivity' to be focused
2022-10-21 07:57:32:661 [ADB] Possible activities, to be checked: 'com.mandir.ui.activity.SplashActivity', 'com.mandir.com.mandir.ui.activity.SplashActivity'
2022-10-21 07:57:32:662 [ADB] Getting focused package and activity
2022-10-21 07:57:32:662 [ADB] Running 'C:\Users\Shilpa\AppData\Local\Android\Sdk\platform-tools\adb.exe -P 5037 -s emulator-5554 shell dumpsys window displays'
2022-10-21 07:57:32:759 [ADB] Found package: 'com.mandir' and fully qualified activity name : 'com.mandir.v2.main.MainActivity'
2022-10-21 07:57:32:760 [ADB] Incorrect package and activity. Retrying.
2022-10-21 07:57:33:267 [ADB] Getting focused package and activity
2022-10-21 07:57:33:268 [ADB] Running 'C:\Users\Shilpa\AppData\Local\Android\Sdk\platform-tools\adb.exe -P 5037 -s emulator-5554 shell dumpsys window displays'
2022-10-21 07:57:33:347 [ADB] Found package: 'com.mandir' and fully qualified activity name : 'com.mandir.v2.main.MainActivity'
2022-10-21 07:57:33:348 [ADB] Incorrect package and activity. Retrying.
2022-10-21 07:57:33:861 [ADB] Getting focused package and activity
2022-10-21 07:57:33:862 [ADB] Running 'C:\Users\Shilpa\AppData\Local\Android\Sdk\platform-tools\adb.exe -P 5037 -s emulator-5554 shell dumpsys window displays'
2022-10-21 07:57:33:942 [ADB] Found package: 'com.mandir' and fully qualified activity name : 'com.mandir.v2.main.MainActivity'
2022-10-21 07:57:33:942 [ADB] Incorrect package and activity. Retrying.
2022-10-21 07:57:34:450 [ADB] Getting focused package and activity
2022-10-21 07:57:34:450 [ADB] Running 'C:\Users\Shilpa\AppData\Local\Android\Sdk\platform-tools\adb.exe -P 5037 -s emulator-5554 shell dumpsys window displays'
2022-10-21 07:57:34:540 [ADB] Found package: 'com.mandir' and fully qualified activity name : 'com.mandir.v2.main.MainActivity'
2022-10-21 07:57:34:541 [ADB] Incorrect package and activity. Retrying.
2022-10-21 07:57:35:057 [ADB] Getting focused package and activity
2022-10-21 07:57:35:058 [ADB] Running 'C:\Users\Shilpa\AppData\Local\Android\Sdk\platform-tools\adb.exe -P 5037 -s emulator-5554 shell dumpsys window displays'
2022-10-21 07:57:35:138 [ADB] Found package: 'com.mandir' and fully qualified activity name : 'com.mandir.v2.main.MainActivity'
2022-10-21 07:57:35:138 [ADB] Incorrect package and activity. Retrying.
2022-10-21 07:57:35:650 [ADB] Getting focused package and activity
2022-10-21 07:57:35:651 [ADB] Running 'C:\Users\Shilpa\AppData\Local\Android\Sdk\platform-tools\adb.exe -P 5037 -s emulator-5554 shell dumpsys window displays'
2022-10-21 07:57:35:715 [ADB] Found package: 'com.mandir' and fully qualified activity name : 'com.mandir.v2.main.MainActivity'
2022-10-21 07:57:35:715 [ADB] Incorrect package and activity. Retrying.
2022-10-21 07:57:36:224 [ADB] Getting focused package and activity
2022-10-21 07:57:36:225 [ADB] Running 'C:\Users\Shilpa\AppData\Local\Android\Sdk\platform-tools\adb.exe -P 5037 -s emulator-5554 shell dumpsys window displays'
2022-10-21 07:57:36:291 [ADB] Found package: 'com.mandir' and fully qualified activity name : 'com.mandir.v2.main.MainActivity'
2022-10-21 07:57:36:292 [ADB] Incorrect package and activity. Retrying.
2022-10-21 07:57:36:807 [ADB] Getting focused package and activity
2022-10-21 07:57:36:807 [ADB] Running 'C:\Users\Shilpa\AppData\Local\Android\Sdk\platform-tools\adb.exe -P 5037 -s emulator-5554 shell dumpsys window displays'
2022-10-21 07:57:36:888 [ADB] Found package: 'com.mandir' and fully qualified activity name : 'com.mandir.v2.main.MainActivity'
2022-10-21 07:57:36:889 [ADB] Incorrect package and activity. Retrying.
2022-10-21 07:57:37:402 [ADB] Getting focused package and activity
2022-10-21 07:57:37:402 [ADB] Running 'C:\Users\Shilpa\AppData\Local\Android\Sdk\platform-tools\adb.exe -P 5037 -s emulator-5554 shell dumpsys window displays'
2022-10-21 07:57:37:498 [ADB] Found package: 'com.mandir' and fully qualified activity name : 'com.mandir.v2.main.MainActivity'
2022-10-21 07:57:37:498 [ADB] Incorrect package and activity. Retrying.
2022-10-21 07:57:38:009 [ADB] Getting focused package and activity
2022-10-21 07:57:38:010 [ADB] Running 'C:\Users\Shilpa\AppData\Local\Android\Sdk\platform-tools\adb.exe -P 5037 -s emulator-5554 shell dumpsys window displays'
2022-10-21 07:57:38:090 [ADB] Found package: 'com.mandir' and fully qualified activity name : 'com.mandir.v2.main.MainActivity'
2022-10-21 07:57:38:090 [ADB] Incorrect package and activity. Retrying.
2022-10-21 07:57:38:597 [ADB] Getting focused package and activity
2022-10-21 07:57:38:597 [ADB] Running 'C:\Users\Shilpa\AppData\Local\Android\Sdk\platform-tools\adb.exe -P 5037 -s emulator-5554 shell dumpsys window displays'
2022-10-21 07:57:38:740 [ADB] Found package: 'com.mandir' and fully qualified activity name : 'com.mandir.v2.main.MainActivity'
2022-10-21 07:57:38:741 [ADB] Incorrect package and activity. Retrying.
2022-10-21 07:57:39:243 [ADB] Getting focused package and activity
2022-10-21 07:57:39:244 [ADB] Running 'C:\Users\Shilpa\AppData\Local\Android\Sdk\platform-tools\adb.exe -P 5037 -s emulator-5554 shell dumpsys window displays'
2022-10-21 07:57:39:365 [ADB] Found package: 'com.mandir' and fully qualified activity name : 'com.mandir.v2.main.MainActivity'
2022-10-21 07:57:39:365 [ADB] Incorrect package and activity. Retrying.
2022-10-21 07:57:39:870 [ADB] Getting focused package and activity
2022-10-21 07:57:39:871 [ADB] Running 'C:\Users\Shilpa\AppData\Local\Android\Sdk\platform-tools\adb.exe -P 5037 -s emulator-5554 shell dumpsys window displays'
2022-10-21 07:57:40:013 [ADB] Found package: 'com.mandir' and fully qualified activity name : 'com.mandir.v2.main.MainActivity'
2022-10-21 07:57:40:013 [ADB] Incorrect package and activity. Retrying.
2022-10-21 07:57:40:522 [ADB] Getting focused package and activity
2022-10-21 07:57:40:523 [ADB] Running 'C:\Users\Shilpa\AppData\Local\Android\Sdk\platform-tools\adb.exe -P 5037 -s emulator-5554 shell dumpsys window displays'
2022-10-21 07:57:40:650 [ADB] Found package: 'com.mandir' and fully qualified activity name : 'com.mandir.v2.main.MainActivity'
2022-10-21 07:57:40:651 [ADB] Incorrect package and activity. Retrying.
2022-10-21 07:57:41:164 [ADB] Getting focused package and activity
2022-10-21 07:57:41:165 [ADB] Running 'C:\Users\Shilpa\AppData\Local\Android\Sdk\platform-tools\adb.exe -P 5037 -s emulator-5554 shell dumpsys window displays'
2022-10-21 07:57:41:278 [ADB] Found package: 'com.mandir' and fully qualified activity name : 'com.mandir.v2.main.MainActivity'
2022-10-21 07:57:41:278 [ADB] Incorrect package and activity. Retrying.
2022-10-21 07:57:41:792 [ADB] Getting focused package and activity
2022-10-21 07:57:41:793 [ADB] Running 'C:\Users\Shilpa\AppData\Local\Android\Sdk\platform-tools\adb.exe -P 5037 -s emulator-5554 shell dumpsys window displays'
2022-10-21 07:57:41:880 [ADB] Found package: 'com.mandir' and fully qualified activity name : 'com.mandir.v2.main.MainActivity'
2022-10-21 07:57:41:880 [ADB] Incorrect package and activity. Retrying.
2022-10-21 07:57:42:382 [ADB] Getting focused package and activity
2022-10-21 07:57:42:383 [ADB] Running 'C:\Users\Shilpa\AppData\Local\Android\Sdk\platform-tools\adb.exe -P 5037 -s emulator-5554 shell dumpsys window displays'
2022-10-21 07:57:42:488 [ADB] Found package: 'com.mandir' and fully qualified activity name : 'com.mandir.v2.main.MainActivity'
2022-10-21 07:57:42:488 [ADB] Incorrect package and activity. Retrying.
2022-10-21 07:57:42:996 [ADB] Getting focused package and activity
2022-10-21 07:57:42:997 [ADB] Running 'C:\Users\Shilpa\AppData\Local\Android\Sdk\platform-tools\adb.exe -P 5037 -s emulator-5554 shell dumpsys window displays'
2022-10-21 07:57:43:095 [ADB] Found package: 'com.mandir' and fully qualified activity name : 'com.mandir.v2.main.MainActivity'
2022-10-21 07:57:43:095 [ADB] Incorrect package and activity. Retrying.
2022-10-21 07:57:43:608 [ADB] Getting focused package and activity
2022-10-21 07:57:43:609 [ADB] Running 'C:\Users\Shilpa\AppData\Local\Android\Sdk\platform-tools\adb.exe -P 5037 -s emulator-5554 shell dumpsys window displays'
2022-10-21 07:57:43:721 [ADB] Found package: 'com.mandir' and fully qualified activity name : 'com.mandir.v2.main.MainActivity'
2022-10-21 07:57:43:721 [ADB] Incorrect package and activity. Retrying.
2022-10-21 07:57:44:230 [ADB] Getting focused package and activity
2022-10-21 07:57:44:230 [ADB] Running 'C:\Users\Shilpa\AppData\Local\Android\Sdk\platform-tools\adb.exe -P 5037 -s emulator-5554 shell dumpsys window displays'
2022-10-21 07:57:44:322 [ADB] Found package: 'com.mandir' and fully qualified activity name : 'com.mandir.v2.main.MainActivity'
2022-10-21 07:57:44:323 [ADB] Incorrect package and activity. Retrying.
2022-10-21 07:57:44:834 [ADB] Getting focused package and activity
2022-10-21 07:57:44:835 [ADB] Running 'C:\Users\Shilpa\AppData\Local\Android\Sdk\platform-tools\adb.exe -P 5037 -s emulator-5554 shell dumpsys window displays'
2022-10-21 07:57:44:962 [ADB] Found package: 'com.mandir' and fully qualified activity name : 'com.mandir.v2.main.MainActivity'
2022-10-21 07:57:44:963 [ADB] Incorrect package and activity. Retrying.
2022-10-21 07:57:45:475 [ADB] Getting focused package and activity
2022-10-21 07:57:45:476 [ADB] Running 'C:\Users\Shilpa\AppData\Local\Android\Sdk\platform-tools\adb.exe -P 5037 -s emulator-5554 shell dumpsys window displays'
2022-10-21 07:57:45:588 [ADB] Found package: 'com.mandir' and fully qualified activity name : 'com.mandir.v2.main.MainActivity'
2022-10-21 07:57:45:588 [ADB] Incorrect package and activity. Retrying.
2022-10-21 07:57:46:103 [ADB] Getting focused package and activity
2022-10-21 07:57:46:104 [ADB] Running 'C:\Users\Shilpa\AppData\Local\Android\Sdk\platform-tools\adb.exe -P 5037 -s emulator-5554 shell dumpsys window displays'
2022-10-21 07:57:46:214 [ADB] Found package: 'com.mandir' and fully qualified activity name : 'com.mandir.v2.main.MainActivity'
2022-10-21 07:57:46:215 [ADB] Incorrect package and activity. Retrying.
2022-10-21 07:57:46:725 [ADB] Getting focused package and activity
2022-10-21 07:57:46:726 [ADB] Running 'C:\Users\Shilpa\AppData\Local\Android\Sdk\platform-tools\adb.exe -P 5037 -s emulator-5554 shell dumpsys window displays'
2022-10-21 07:57:46:820 [ADB] Found package: 'com.mandir' and fully qualified activity name : 'com.mandir.v2.main.MainActivity'
2022-10-21 07:57:46:820 [ADB] Incorrect package and activity. Retrying.
2022-10-21 07:57:47:331 [ADB] Getting focused package and activity
2022-10-21 07:57:47:332 [ADB] Running 'C:\Users\Shilpa\AppData\Local\Android\Sdk\platform-tools\adb.exe -P 5037 -s emulator-5554 shell dumpsys window displays'
2022-10-21 07:57:47:444 [ADB] Found package: 'com.mandir' and fully qualified activity name : 'com.mandir.v2.main.MainActivity'
2022-10-21 07:57:47:444 [ADB] Incorrect package and activity. Retrying.
2022-10-21 07:57:47:952 [ADB] Getting focused package and activity
2022-10-21 07:57:47:952 [ADB] Running 'C:\Users\Shilpa\AppData\Local\Android\Sdk\platform-tools\adb.exe -P 5037 -s emulator-5554 shell dumpsys window displays'
2022-10-21 07:57:48:048 [ADB] Found package: 'com.mandir' and fully qualified activity name : 'com.mandir.v2.main.MainActivity'
2022-10-21 07:57:48:048 [ADB] Incorrect package and activity. Retrying.
2022-10-21 07:57:48:556 [ADB] Getting focused package and activity
2022-10-21 07:57:48:560 [ADB] Running 'C:\Users\Shilpa\AppData\Local\Android\Sdk\platform-tools\adb.exe -P 5037 -s emulator-5554 shell dumpsys window displays'
2022-10-21 07:57:48:653 [ADB] Found package: 'com.mandir' and fully qualified activity name : 'com.mandir.v2.main.MainActivity'
2022-10-21 07:57:48:653 [ADB] Incorrect package and activity. Retrying.
2022-10-21 07:57:49:168 [ADB] Getting focused package and activity
2022-10-21 07:57:49:168 [ADB] Running 'C:\Users\Shilpa\AppData\Local\Android\Sdk\platform-tools\adb.exe -P 5037 -s emulator-5554 shell dumpsys window displays'
2022-10-21 07:57:49:248 [ADB] Found package: 'com.mandir' and fully qualified activity name : 'com.mandir.v2.main.MainActivity'
2022-10-21 07:57:49:248 [ADB] Incorrect package and activity. Retrying.
2022-10-21 07:57:49:759 [ADB] Getting focused package and activity
2022-10-21 07:57:49:759 [ADB] Running 'C:\Users\Shilpa\AppData\Local\Android\Sdk\platform-tools\adb.exe -P 5037 -s emulator-5554 shell dumpsys window displays'
2022-10-21 07:57:49:871 [ADB] Found package: 'com.mandir' and fully qualified activity name : 'com.mandir.v2.main.MainActivity'
2022-10-21 07:57:49:872 [ADB] Incorrect package and activity. Retrying.
2022-10-21 07:57:50:384 [ADB] Getting focused package and activity
2022-10-21 07:57:50:384 [ADB] Running 'C:\Users\Shilpa\AppData\Local\Android\Sdk\platform-tools\adb.exe -P 5037 -s emulator-5554 shell dumpsys window displays'
2022-10-21 07:57:50:494 [ADB] Found package: 'com.mandir' and fully qualified activity name : 'com.mandir.v2.main.MainActivity'
2022-10-21 07:57:50:495 [ADB] Incorrect package and activity. Retrying.
2022-10-21 07:57:51:005 [ADB] Getting focused package and activity
2022-10-21 07:57:51:006 [ADB] Running 'C:\Users\Shilpa\AppData\Local\Android\Sdk\platform-tools\adb.exe -P 5037 -s emulator-5554 shell dumpsys window displays'
2022-10-21 07:57:51:087 [ADB] Found package: 'com.mandir' and fully qualified activity name : 'com.mandir.v2.main.MainActivity'
2022-10-21 07:57:51:088 [ADB] Incorrect package and activity. Retrying.
2022-10-21 07:57:51:599 [ADB] Getting focused package and activity
2022-10-21 07:57:51:599 [ADB] Running 'C:\Users\Shilpa\AppData\Local\Android\Sdk\platform-tools\adb.exe -P 5037 -s emulator-5554 shell dumpsys window displays'
2022-10-21 07:57:51:696 [ADB] Found package: 'com.mandir' and fully qualified activity name : 'com.mandir.v2.main.MainActivity'
2022-10-21 07:57:51:696 [ADB] Incorrect package and activity. Retrying.
2022-10-21 07:57:52:209 [ADB] Getting focused package and activity
2022-10-21 07:57:52:210 [ADB] Running 'C:\Users\Shilpa\AppData\Local\Android\Sdk\platform-tools\adb.exe -P 5037 -s emulator-5554 shell dumpsys window displays'
2022-10-21 07:57:52:270 [ADB] Found package: 'com.mandir' and fully qualified activity name : 'com.mandir.v2.main.MainActivity'
2022-10-21 07:57:52:271 [ADB] Incorrect package and activity. Retrying.
2022-10-21 07:57:52:664 [ADB] Getting focused package and activity
2022-10-21 07:57:52:665 [ADB] Running 'C:\Users\Shilpa\AppData\Local\Android\Sdk\platform-tools\adb.exe -P 5037 -s emulator-5554 shell dumpsys window displays'
2022-10-21 07:57:52:760 [ADB] Found package: 'com.mandir' and fully qualified activity name : 'com.mandir.v2.main.MainActivity'
2022-10-21 07:57:52:760 [ADB] Incorrect package and activity. Retrying.
2022-10-21 07:57:52:762 [UiAutomator2] Deleting UiAutomator2 session
2022-10-21 07:57:52:763 [UiAutomator2] Deleting UiAutomator2 server session
2022-10-21 07:57:52:763 [WD Proxy] Matched '/' to command name 'deleteSession'
2022-10-21 07:57:52:763 [WD Proxy] Proxying [DELETE /] to [DELETE http://127.0.0.1:8205/wd/hub/session/70ee7376-694c-4796-b8be-20a715c21625] with no body
2022-10-21 07:57:52:803 [WD Proxy] Got response with status 200: {"sessionId":"70ee7376-694c-4796-b8be-20a715c21625","value":null}
2022-10-21 07:57:52:803 [ADB] Running 'C:\Users\Shilpa\AppData\Local\Android\Sdk\platform-tools\adb.exe -P 5037 -s emulator-5554 shell am force-stop com.mandir'
2022-10-21 07:57:53:036 [Instrumentation] .
2022-10-21 07:57:53:149 [Logcat] Stopping logcat capture
2022-10-21 07:57:53:181 [ADB] Removing forwarded port socket connection: 8205 
2022-10-21 07:57:53:181 [ADB] Running 'C:\Users\Shilpa\AppData\Local\Android\Sdk\platform-tools\adb.exe -P 5037 -s emulator-5554 forward --remove tcp:8205'
2022-10-21 07:57:53:210 [UiAutomator2] Restoring hidden api policy to the device default configuration
2022-10-21 07:57:53:211 [ADB] Running 'C:\Users\Shilpa\AppData\Local\Android\Sdk\platform-tools\adb.exe -P 5037 -s emulator-5554 shell 'settings delete global hidden_api_policy_pre_p_apps;settings delete global hidden_api_policy_p_apps;settings delete global hidden_api_policy''
2022-10-21 07:57:53:224 [Instrumentation] Time: 34.441
2022-10-21 07:57:53:225 [Instrumentation] 
2022-10-21 07:57:53:225 [Instrumentation] OK (1 test)
2022-10-21 07:57:53:273 [Instrumentation] The process has exited with code 0
2022-10-21 07:57:53:462 [BaseDriver] Event 'newSessionStarted' logged at 1666339073461 (13:27:53 GMT+0530 (India Standard Time))
2022-10-21 07:57:53:602 [W3C] Encountered internal error running command: Error: Cannot start the 'com.mandir' application. Visit https://github.com/appium/appium/blob/master/docs/en/writing-running-appium/android/activity-startup.md for troubleshooting. Original error: 'com.mandir.ui.activity.SplashActivity' or 'com.mandir.com.mandir.ui.activity.SplashActivity' never started. Visit https://github.com/appium/appium/blob/master/docs/en/writing-running-appium/android/activity-startup.md for troubleshooting
2022-10-21 07:57:53:603 [W3C]     at ADB.startApp (C:\Users\Shilpa\AppData\Roaming\npm\node_modules\appium\node_modules\appium-adb\lib\tools\apk-utils.js:179:11)
2022-10-21 07:57:53:603 [W3C]     at AndroidUiautomator2Driver.ensureAppStarts (C:\Users\Shilpa\AppData\Roaming\npm\node_modules\appium\node_modules\appium-uiautomator2-driver\lib\driver.js:564:7)
2022-10-21 07:57:53:603 [W3C]     at AndroidUiautomator2Driver.startUiAutomator2Session (C:\Users\Shilpa\AppData\Roaming\npm\node_modules\appium\node_modules\appium-uiautomator2-driver\lib\driver.js:431:7)
2022-10-21 07:57:53:604 [W3C]     at AndroidUiautomator2Driver.createSession (C:\Users\Shilpa\AppData\Roaming\npm\node_modules\appium\node_modules\appium-uiautomator2-driver\lib\driver.js:229:7)
2022-10-21 07:57:53:604 [W3C]     at AppiumDriver.createSession (C:\Users\Shilpa\AppData\Roaming\npm\node_modules\appium\lib\appium.js:387:35)
2022-10-21 07:57:53:633 [HTTP] <-- POST /wd/hub/session 500 53054 ms - 1419
2022-10-21 07:57:53:633 [HTTP] 
