2022-10-06 16:06:40:948 [Appium] Welcome to Appium v1.22.3
2022-10-06 16:06:40:949 [Appium] Non-default server args:
2022-10-06 16:06:40:950 [Appium]   address: 127.0.0.1
2022-10-06 16:06:40:950 [Appium]   port: 7756
2022-10-06 16:06:40:950 [Appium]   logFile: C:\Users\Santhruptha\eclipse-workspace\srimandir\SRI_MANDIR(Different languages)\.\ServerLogs\appiumSriMandironBoarding.log
2022-10-06 16:06:40:994 [Appium] Appium REST http interface listener started on 127.0.0.1:7756
2022-10-06 16:06:41:080 [HTTP] --> GET /wd/hub/status
2022-10-06 16:06:41:080 [HTTP] {}
2022-10-06 16:06:41:082 [GENERIC] Calling AppiumDriver.getStatus() with args: []
2022-10-06 16:06:41:083 [GENERIC] Responding to client with driver.getStatus() result: {"build":{"version":"1.22.3"}}
2022-10-06 16:06:41:090 [HTTP] <-- GET /wd/hub/status 200 7 ms - 68
2022-10-06 16:06:41:090 [HTTP] 
2022-10-06 16:06:41:989 [HTTP] --> POST /wd/hub/session
2022-10-06 16:06:41:990 [HTTP] {"desiredCapabilities":{"app":"./src/main/java/resources/app-debug-3.7.5.apk","noReset":false,"automationName":"UiAutomator2","autoGrantPermissions":true,"platformName":"Android","udid":"emulator-5554","platform":"ANDROID"},"capabilities":{"firstMatch":[{"appium:app":"./src/main/java/resources/app-debug-3.7.5.apk","appium:autoGrantPermissions":true,"appium:automationName":"UiAutomator2","appium:noReset":false,"platform":"ANDROID","platformName":"android","appium:udid":"emulator-5554"}]}}
2022-10-06 16:06:41:991 [W3C] Calling AppiumDriver.createSession() with args: [{"app":"./src/main/java/resources/app-debug-3.7.5.apk","noReset":false,"automationName":"UiAutomator2","autoGrantPermissions":true,"platformName":"Android","udid":"emulator-5554","platform":"ANDROID"},null,{"firstMatch":[{"appium:app":"./src/main/java/resources/app-debug-3.7.5.apk","appium:autoGrantPermissions":true,"appium:automationName":"UiAutomator2","appium:noReset":false,"platform":"ANDROID","platformName":"android","appium:udid":"emulator-5554"}]}]
2022-10-06 16:06:41:998 [BaseDriver] Event 'newSessionRequested' logged at 1665072401992 (21:36:41 GMT+0530 (India Standard Time))
2022-10-06 16:06:42:001 [BaseDriver] The following capabilities are not standard capabilities and should have an extension prefix:
2022-10-06 16:06:42:002 [BaseDriver]   platform
2022-10-06 16:06:42:338 [Appium] Appium v1.22.3 creating new AndroidUiautomator2Driver (v1.70.1) session
2022-10-06 16:06:42:340 [BaseDriver] W3C capabilities and MJSONWP desired capabilities were provided
2022-10-06 16:06:42:341 [BaseDriver] Creating session with W3C capabilities: {
2022-10-06 16:06:42:342 [BaseDriver]   "alwaysMatch": {
2022-10-06 16:06:42:342 [BaseDriver]     "appium:platform": "ANDROID",
2022-10-06 16:06:42:342 [BaseDriver]     "platformName": "android",
2022-10-06 16:06:42:342 [BaseDriver]     "appium:app": "./src/main/java/resources/app-debug-3.7.5.apk",
2022-10-06 16:06:42:342 [BaseDriver]     "appium:autoGrantPermissions": true,
2022-10-06 16:06:42:342 [BaseDriver]     "appium:automationName": "UiAutomator2",
2022-10-06 16:06:42:342 [BaseDriver]     "appium:noReset": false,
2022-10-06 16:06:42:342 [BaseDriver]     "appium:udid": "emulator-5554"
2022-10-06 16:06:42:342 [BaseDriver]   },
2022-10-06 16:06:42:342 [BaseDriver]   "firstMatch": [
2022-10-06 16:06:42:342 [BaseDriver]     {}
2022-10-06 16:06:42:342 [BaseDriver]   ]
2022-10-06 16:06:42:342 [BaseDriver] }
2022-10-06 16:06:42:348 [BaseDriver] The following capabilities were provided, but are not recognized by Appium:
2022-10-06 16:06:42:348 [BaseDriver]   platform
2022-10-06 16:06:42:351 [BaseDriver] Session created with session id: d6936f72-c9b3-4e7d-860f-9713efdcb925
2022-10-06 16:06:42:354 [BaseDriver] Using local app './src/main/java/resources/app-debug-3.7.5.apk'
2022-10-06 16:06:42:354 [BaseDriver] The current application path './src/main/java/resources/app-debug-3.7.5.apk' is not absolute and has been rewritten to 'C:\Users\Santhruptha\eclipse-workspace\srimandir\SRI_MANDIR(Different languages)\src\main\java\resources\app-debug-3.7.5.apk'. Consider using absolute paths rather than relative
2022-10-06 16:06:42:354 [UiAutomator2] Checking whether app is actually present
2022-10-06 16:06:42:399 [ADB] Found 2 'build-tools' folders under 'C:\Users\Santhruptha\AppData\Local\Android\Sdk' (newest first):
2022-10-06 16:06:42:400 [ADB]     C:/Users/Santhruptha/AppData/Local/Android/Sdk/build-tools/33.0.0
2022-10-06 16:06:42:400 [ADB]     C:/Users/Santhruptha/AppData/Local/Android/Sdk/build-tools/30.0.3
2022-10-06 16:06:42:400 [ADB] Using 'adb.exe' from 'C:\Users\Santhruptha\AppData\Local\Android\Sdk\platform-tools\adb.exe'
2022-10-06 16:06:42:401 [ADB] Running 'C:\Users\Santhruptha\AppData\Local\Android\Sdk\platform-tools\adb.exe -P 5037 start-server'
2022-10-06 16:06:42:432 [AndroidDriver] Retrieving device list
2022-10-06 16:06:42:433 [ADB] Trying to find a connected android device
2022-10-06 16:06:42:434 [ADB] Getting connected devices
2022-10-06 16:06:42:456 [ADB] Connected devices: [{"udid":"emulator-5554","state":"device"}]
2022-10-06 16:06:42:456 [AndroidDriver] Using device: emulator-5554
2022-10-06 16:06:42:458 [ADB] Using 'adb.exe' from 'C:\Users\Santhruptha\AppData\Local\Android\Sdk\platform-tools\adb.exe'
2022-10-06 16:06:42:458 [ADB] Running 'C:\Users\Santhruptha\AppData\Local\Android\Sdk\platform-tools\adb.exe -P 5037 start-server'
2022-10-06 16:06:42:479 [ADB] Setting device id to emulator-5554
2022-10-06 16:06:42:480 [ADB] Running 'C:\Users\Santhruptha\AppData\Local\Android\Sdk\platform-tools\adb.exe -P 5037 -s emulator-5554 shell getprop ro.build.version.sdk'
2022-10-06 16:06:42:520 [ADB] Current device property 'ro.build.version.sdk': 31
2022-10-06 16:06:42:520 [ADB] Getting device platform version
2022-10-06 16:06:42:521 [ADB] Running 'C:\Users\Santhruptha\AppData\Local\Android\Sdk\platform-tools\adb.exe -P 5037 -s emulator-5554 shell getprop ro.build.version.release'
2022-10-06 16:06:42:554 [ADB] Current device property 'ro.build.version.release': 12
2022-10-06 16:06:42:554 [ADB] Device API level: 31
2022-10-06 16:06:42:554 [UiAutomator2] Relaxing hidden api policy
2022-10-06 16:06:42:554 [ADB] Running 'C:\Users\Santhruptha\AppData\Local\Android\Sdk\platform-tools\adb.exe -P 5037 -s emulator-5554 shell 'settings put global hidden_api_policy_pre_p_apps 1;settings put global hidden_api_policy_p_apps 1;settings put global hidden_api_policy 1''
2022-10-06 16:06:42:668 [AndroidDriver] Parsing package and activity from app manifest
2022-10-06 16:06:42:711 [ADB] Package name: 'com.mandir'
2022-10-06 16:06:42:711 [ADB] Main activity name: 'com.mandir.ui.activity.SplashActivity'
2022-10-06 16:06:42:712 [AndroidDriver] Parsed package and activity are: com.mandir/com.mandir.ui.activity.SplashActivity
2022-10-06 16:06:42:712 [ADB] Running 'C:\Users\Santhruptha\AppData\Local\Android\Sdk\platform-tools\adb.exe -P 5037 -s emulator-5554 wait-for-device'
2022-10-06 16:06:42:735 [ADB] Running 'C:\Users\Santhruptha\AppData\Local\Android\Sdk\platform-tools\adb.exe -P 5037 -s emulator-5554 shell echo ping'
2022-10-06 16:06:42:764 [AndroidDriver] Pushing settings apk to device...
2022-10-06 16:06:42:765 [ADB] Getting install status for io.appium.settings
2022-10-06 16:06:42:765 [ADB] Running 'C:\Users\Santhruptha\AppData\Local\Android\Sdk\platform-tools\adb.exe -P 5037 -s emulator-5554 shell dumpsys package io.appium.settings'
2022-10-06 16:06:42:861 [ADB] 'io.appium.settings' is installed
2022-10-06 16:06:42:861 [ADB] Getting package info for 'io.appium.settings'
2022-10-06 16:06:42:862 [ADB] Running 'C:\Users\Santhruptha\AppData\Local\Android\Sdk\platform-tools\adb.exe -P 5037 -s emulator-5554 shell dumpsys package io.appium.settings'
2022-10-06 16:06:42:923 [ADB] The version name of the installed 'io.appium.settings' is greater or equal to the application version name ('3.4.0' >= '3.4.0')
2022-10-06 16:06:42:923 [ADB] There is no need to install/upgrade 'C:\Users\Santhruptha\AppData\Roaming\npm\node_modules\appium\node_modules\io.appium.settings\apks\settings_apk-debug.apk'
2022-10-06 16:06:42:924 [ADB] Getting IDs of all 'io.appium.settings' processes
2022-10-06 16:06:42:924 [ADB] Running 'C:\Users\Santhruptha\AppData\Local\Android\Sdk\platform-tools\adb.exe -P 5037 -s emulator-5554 shell 'pgrep --help; echo $?''
2022-10-06 16:06:42:979 [ADB] Running 'C:\Users\Santhruptha\AppData\Local\Android\Sdk\platform-tools\adb.exe -P 5037 -s emulator-5554 shell pgrep -f \(\[\[:blank:\]\]\|\^\)io\.appium\.settings\(\[\[:blank:\]\]\|\$\)'
2022-10-06 16:06:43:053 [AndroidDriver] io.appium.settings is already running. There is no need to reset its permissions.
2022-10-06 16:06:43:054 [Logcat] Starting logs capture with command: C:\\Users\\Santhruptha\\AppData\\Local\\Android\\Sdk\\platform-tools\\adb.exe -P 5037 -s emulator-5554 logcat -v threadtime
2022-10-06 16:06:43:127 [UiAutomator2] Forwarding UiAutomator2 Server port 6790 to local port 8215
2022-10-06 16:06:43:128 [ADB] Forwarding system: 8215 to device: 6790
2022-10-06 16:06:43:128 [ADB] Running 'C:\Users\Santhruptha\AppData\Local\Android\Sdk\platform-tools\adb.exe -P 5037 -s emulator-5554 forward tcp:8215 tcp:6790'
2022-10-06 16:06:43:158 [ADB] Getting install status for io.appium.uiautomator2.server
2022-10-06 16:06:43:158 [ADB] Running 'C:\Users\Santhruptha\AppData\Local\Android\Sdk\platform-tools\adb.exe -P 5037 -s emulator-5554 shell dumpsys package io.appium.uiautomator2.server'
2022-10-06 16:06:43:231 [ADB] 'io.appium.uiautomator2.server' is installed
2022-10-06 16:06:43:232 [ADB] Getting package info for 'io.appium.uiautomator2.server'
2022-10-06 16:06:43:232 [ADB] Running 'C:\Users\Santhruptha\AppData\Local\Android\Sdk\platform-tools\adb.exe -P 5037 -s emulator-5554 shell dumpsys package io.appium.uiautomator2.server'
2022-10-06 16:06:43:627 [ADB] The version name of the installed 'io.appium.uiautomator2.server' is greater or equal to the application version name ('4.27.0' >= '4.27.0')
2022-10-06 16:06:43:628 [UiAutomator2] io.appium.uiautomator2.server installation state: sameVersionInstalled
2022-10-06 16:06:43:628 [ADB] Checking app cert for C:\Users\Santhruptha\AppData\Roaming\npm\node_modules\appium\node_modules\appium-uiautomator2-server\apks\appium-uiautomator2-server-v4.27.0.apk
2022-10-06 16:06:43:664 [ADB] Using 'apksigner.jar' from 'C:\Users\Santhruptha\AppData\Local\Android\Sdk\build-tools\33.0.0\lib\apksigner.jar'
2022-10-06 16:06:43:666 [ADB] Starting apksigner: 'C:\\Program Files\\Java\\jdk1.8.0_291\\bin\\java.exe' -Xmx1024M -Xss1m -jar C:\\Users\\Santhruptha\\AppData\\Local\\Android\\Sdk\\build-tools\\33.0.0\\lib\\apksigner.jar verify --print-certs C:\\Users\\Santhruptha\\AppData\\Roaming\\npm\\node_modules\\appium\\node_modules\\appium-uiautomator2-server\\apks\\appium-uiautomator2-server-v4.27.0.apk
2022-10-06 16:06:44:620 [ADB] apksigner stdout: Signer #1 certificate DN: EMAILADDRESS=android@android.com, CN=Android, OU=Android, O=Android, L=Mountain View, ST=California, C=US
2022-10-06 16:06:44:620 [ADB] Signer #1 certificate SHA-256 digest: a40da80a59d170caa950cf15c18c454d47a39b26989d8b640ecd745ba71bf5dc
2022-10-06 16:06:44:620 [ADB] Signer #1 certificate SHA-1 digest: 61ed377e85d386a8dfee6b864bd85b0bfaa5af81
2022-10-06 16:06:44:620 [ADB] Signer #1 certificate MD5 digest: e89b158e4bcf988ebd09eb83f5378e87
2022-10-06 16:06:44:620 [ADB] 
2022-10-06 16:06:44:621 [ADB] sha256 hash did match for 'appium-uiautomator2-server-v4.27.0.apk'
2022-10-06 16:06:44:621 [ADB] 'C:\Users\Santhruptha\AppData\Roaming\npm\node_modules\appium\node_modules\appium-uiautomator2-server\apks\appium-uiautomator2-server-v4.27.0.apk' is signed with the default certificate
2022-10-06 16:06:44:621 [ADB] Getting install status for io.appium.uiautomator2.server.test
2022-10-06 16:06:44:621 [ADB] Running 'C:\Users\Santhruptha\AppData\Local\Android\Sdk\platform-tools\adb.exe -P 5037 -s emulator-5554 shell dumpsys package io.appium.uiautomator2.server.test'
2022-10-06 16:06:44:677 [ADB] 'io.appium.uiautomator2.server.test' is installed
2022-10-06 16:06:44:677 [ADB] Checking app cert for C:\Users\Santhruptha\AppData\Roaming\npm\node_modules\appium\node_modules\appium-uiautomator2-server\apks\appium-uiautomator2-server-debug-androidTest.apk
2022-10-06 16:06:44:683 [ADB] Starting apksigner: 'C:\\Program Files\\Java\\jdk1.8.0_291\\bin\\java.exe' -Xmx1024M -Xss1m -jar C:\\Users\\Santhruptha\\AppData\\Local\\Android\\Sdk\\build-tools\\33.0.0\\lib\\apksigner.jar verify --print-certs C:\\Users\\Santhruptha\\AppData\\Roaming\\npm\\node_modules\\appium\\node_modules\\appium-uiautomator2-server\\apks\\appium-uiautomator2-server-debug-androidTest.apk
2022-10-06 16:06:45:052 [ADB] apksigner stdout: Signer #1 certificate DN: EMAILADDRESS=android@android.com, CN=Android, OU=Android, O=Android, L=Mountain View, ST=California, C=US
2022-10-06 16:06:45:052 [ADB] Signer #1 certificate SHA-256 digest: a40da80a59d170caa950cf15c18c454d47a39b26989d8b640ecd745ba71bf5dc
2022-10-06 16:06:45:052 [ADB] Signer #1 certificate SHA-1 digest: 61ed377e85d386a8dfee6b864bd85b0bfaa5af81
2022-10-06 16:06:45:053 [ADB] Signer #1 certificate MD5 digest: e89b158e4bcf988ebd09eb83f5378e87
2022-10-06 16:06:45:053 [ADB] 
2022-10-06 16:06:45:053 [ADB] sha256 hash did match for 'appium-uiautomator2-server-debug-androidTest.apk'
2022-10-06 16:06:45:053 [ADB] 'C:\Users\Santhruptha\AppData\Roaming\npm\node_modules\appium\node_modules\appium-uiautomator2-server\apks\appium-uiautomator2-server-debug-androidTest.apk' is signed with the default certificate
2022-10-06 16:06:45:053 [UiAutomator2] Server packages are not going to be (re)installed
2022-10-06 16:06:45:055 [UiAutomator2] Waiting up to 30000ms for services to be available
2022-10-06 16:06:45:056 [ADB] Running 'C:\Users\Santhruptha\AppData\Local\Android\Sdk\platform-tools\adb.exe -P 5037 -s emulator-5554 shell pm list instrumentation'
2022-10-06 16:06:45:100 [UiAutomator2] Instrumentation target 'io.appium.uiautomator2.server.test/androidx.test.runner.AndroidJUnitRunner' is available
2022-10-06 16:06:45:102 [ADB] Adding packages ["io.appium.settings","io.appium.uiautomator2.server","io.appium.uiautomator2.server.test"] to Doze whitelist
2022-10-06 16:06:45:102 [ADB] Got the following command chunks to execute: [["dumpsys","deviceidle","whitelist","+io.appium.settings",";","dumpsys","deviceidle","whitelist","+io.appium.uiautomator2.server",";","dumpsys","deviceidle","whitelist","+io.appium.uiautomator2.server.test",";"]]
2022-10-06 16:06:45:102 [ADB] Running 'C:\Users\Santhruptha\AppData\Local\Android\Sdk\platform-tools\adb.exe -P 5037 -s emulator-5554 shell dumpsys deviceidle whitelist +io.appium.settings ; dumpsys deviceidle whitelist +io.appium.uiautomator2.server ; dumpsys deviceidle whitelist +io.appium.uiautomator2.server.test ;'
2022-10-06 16:06:45:161 [ADB] Checking app cert for C:\Users\Santhruptha\eclipse-workspace\srimandir\SRI_MANDIR(Different languages)\src\main\java\resources\app-debug-3.7.5.apk
2022-10-06 16:06:45:521 [ADB] Starting apksigner: 'C:\\Program Files\\Java\\jdk1.8.0_291\\bin\\java.exe' -Xmx1024M -Xss1m -jar C:\\Users\\Santhruptha\\AppData\\Local\\Android\\Sdk\\build-tools\\33.0.0\\lib\\apksigner.jar verify --print-certs 'C:\\Users\\Santhruptha\\eclipse-workspace\\srimandir\\SRI_MANDIR(Different languages)\\src\\main\\java\\resources\\app-debug-3.7.5.apk'
2022-10-06 16:06:48:772 [ADB] apksigner stdout: Signer #1 certificate DN: C=US, O=Android, CN=Android Debug
2022-10-06 16:06:48:772 [ADB] Signer #1 certificate SHA-256 digest: 468f8d0eca3bb01d2f428ec8b54a99b3813d746f45499a1b98320fb67de13b88
2022-10-06 16:06:48:772 [ADB] Signer #1 certificate SHA-1 digest: 6af3fb8b6c2faff18497cde281bcb0971856f899
2022-10-06 16:06:48:772 [ADB] Signer #1 certificate MD5 digest: 80c2152efe8fbaf12745baabbb4c6045
2022-10-06 16:06:48:772 [ADB] 
2022-10-06 16:06:48:772 [ADB] 'C:\Users\Santhruptha\eclipse-workspace\srimandir\SRI_MANDIR(Different languages)\src\main\java\resources\app-debug-3.7.5.apk' is signed with a non-default certificate
2022-10-06 16:06:48:773 [ADB] Getting install status for com.mandir
2022-10-06 16:06:48:773 [ADB] Running 'C:\Users\Santhruptha\AppData\Local\Android\Sdk\platform-tools\adb.exe -P 5037 -s emulator-5554 shell dumpsys package com.mandir'
2022-10-06 16:06:48:814 [ADB] 'com.mandir' is installed
2022-10-06 16:06:48:814 [ADB] Getting package info for 'com.mandir'
2022-10-06 16:06:48:814 [ADB] Running 'C:\Users\Santhruptha\AppData\Local\Android\Sdk\platform-tools\adb.exe -P 5037 -s emulator-5554 shell dumpsys package com.mandir'
2022-10-06 16:06:48:880 [ADB] The version name of the installed 'com.mandir' is greater or equal to the application version name ('3.7.5' >= '3.7.5')
2022-10-06 16:06:48:880 [ADB] There is no need to install/upgrade 'C:\Users\Santhruptha\eclipse-workspace\srimandir\SRI_MANDIR(Different languages)\src\main\java\resources\app-debug-3.7.5.apk'
2022-10-06 16:06:48:880 [AndroidDriver] Performing fast reset on 'com.mandir'
2022-10-06 16:06:48:880 [ADB] Getting install status for com.mandir
2022-10-06 16:06:48:880 [ADB] Running 'C:\Users\Santhruptha\AppData\Local\Android\Sdk\platform-tools\adb.exe -P 5037 -s emulator-5554 shell dumpsys package com.mandir'
2022-10-06 16:06:48:918 [ADB] 'com.mandir' is installed
2022-10-06 16:06:48:919 [ADB] Running 'C:\Users\Santhruptha\AppData\Local\Android\Sdk\platform-tools\adb.exe -P 5037 -s emulator-5554 shell am force-stop com.mandir'
2022-10-06 16:06:48:966 [ADB] Running 'C:\Users\Santhruptha\AppData\Local\Android\Sdk\platform-tools\adb.exe -P 5037 -s emulator-5554 shell pm clear com.mandir'
2022-10-06 16:06:49:283 [ADB] Running 'C:\Users\Santhruptha\AppData\Local\Android\Sdk\platform-tools\adb.exe -P 5037 -s emulator-5554 shell dumpsys package com.mandir'
2022-10-06 16:06:49:343 [ADB] Retrieving requested permissions
2022-10-06 16:06:49:346 [ADB] Retrieved 54 permissions from requested group
2022-10-06 16:06:49:347 [ADB] Retrieving granted permissions
2022-10-06 16:06:49:347 [ADB] Retrieved 21 permissions from install,runtime groups
2022-10-06 16:06:49:347 [ADB] Granting permissions ["android.permission.MEDIA_CONTENT_CONTROL","android.permission.CAMERA","android.permission.READ_EXTERNAL_STORAGE","android.permission.WRITE_EXTERNAL_STORAGE","android.permission.READ_PHONE_STATE","android.permission.READ_CALL_LOG","android.permission.ANSWER_PHONE_CALLS","android.permission.CALL_PHONE","android.permission.ACCESS_MEDIA_LOCATION","android.permission.MEDIA_CONTENT_CONTROL","android.permission.READ_CALL_LOG","android.permission.ANSWER_PHONE_CALLS","android.permission.READ_EXTERNAL_STORAGE","android.permission.READ_PHONE_STATE","android.permission.CALL_PHONE","android.permission.CAMERA","android.permission.WRITE_EXTERNAL_STORAGE","android.permission.ACCESS_MEDIA_LOCATION"] to 'com.mandir'
2022-10-06 16:06:49:348 [ADB] Got the following command chunks to execute: [["pm","grant","com.mandir","android.permission.MEDIA_CONTENT_CONTROL",";","pm","grant","com.mandir","android.permission.CAMERA",";","pm","grant","com.mandir","android.permission.READ_EXTERNAL_STORAGE",";","pm","grant","com.mandir","android.permission.WRITE_EXTERNAL_STORAGE",";","pm","grant","com.mandir","android.permission.READ_PHONE_STATE",";","pm","grant","com.mandir","android.permission.READ_CALL_LOG",";","pm","grant","com.mandir","android.permission.ANSWER_PHONE_CALLS",";","pm","grant","com.mandir","android.permission.CALL_PHONE",";","pm","grant","com.mandir","android.permission.ACCESS_MEDIA_LOCATION",";","pm","grant","com.mandir","android.permission.MEDIA_CONTENT_CONTROL",";","pm","grant","com.mandir","android.permission.READ_CALL_LOG",";","pm","grant","com.mandir","android.permission.ANSWER_PHONE_CALLS",";","pm","grant","com.mandir","android.permission.READ_EXTERNAL_STORAGE",";","pm","grant","com.mandir","android.permission.READ_PHONE_STATE",";","pm","grant","com.mandir","android.permission.CALL_PHONE",";","pm","grant","com.mandir","android.permission.CAMERA",";","pm","grant","com.mandir","android.permission.WRITE_EXTERNAL_STORAGE",";"],["pm","grant","com.mandir","android.permission.ACCESS_MEDIA_LOCATION",";"]]
2022-10-06 16:06:49:348 [ADB] Running 'C:\Users\Santhruptha\AppData\Local\Android\Sdk\platform-tools\adb.exe -P 5037 -s emulator-5554 shell pm grant com.mandir android.permission.MEDIA_CONTENT_CONTROL ; pm grant com.mandir android.permission.CAMERA ; pm grant com.mandir android.permission.READ_EXTERNAL_STORAGE ; pm grant com.mandir android.permission.WRITE_EXTERNAL_STORAGE ; pm grant com.mandir android.permission.READ_PHONE_STATE ; pm grant com.mandir android.permission.READ_CALL_LOG ; pm grant com.mandir android.permission.ANSWER_PHONE_CALLS ; pm grant com.mandir android.permission.CALL_PHONE ; pm grant com.mandir android.permission.ACCESS_MEDIA_LOCATION ; pm grant com.mandir android.permission.MEDIA_CONTENT_CONTROL ; pm grant com.mandir android.permission.READ_CALL_LOG ; pm grant com.mandir android.permission.ANSWER_PHONE_CALLS ; pm grant com.mandir android.permission.READ_EXTERNAL_STORAGE ; pm grant com.mandir android.permission.READ_PHONE_STATE ; pm grant com.mandir android.permission.CALL_PHONE ; pm grant com.mandir android.permission.CAMERA ; pm grant com.mandir android.permission.WRITE_EXTERNAL_STORAGE ;'
2022-10-06 16:06:49:793 [ADB] Running 'C:\Users\Santhruptha\AppData\Local\Android\Sdk\platform-tools\adb.exe -P 5037 -s emulator-5554 shell pm grant com.mandir android.permission.ACCESS_MEDIA_LOCATION ;'
2022-10-06 16:06:49:834 [AndroidDriver] Performed fast reset on the installed 'com.mandir' application (stop and clear)
2022-10-06 16:06:49:835 [UiAutomator2] Performing shallow cleanup of automation leftovers
2022-10-06 16:06:49:864 [UiAutomator2] The following obsolete sessions are still running: ["570e250e-e91d-41b5-8b82-bace9c964ca9"]
2022-10-06 16:06:49:866 [UiAutomator2] Cleaning up 1 obsolete session
2022-10-06 16:06:50:896 [ADB] Running 'C:\Users\Santhruptha\AppData\Local\Android\Sdk\platform-tools\adb.exe -P 5037 -s emulator-5554 shell am force-stop io.appium.uiautomator2.server.test'
2022-10-06 16:06:50:957 [UiAutomator2] Starting UIAutomator2 server 4.27.0
2022-10-06 16:06:50:957 [UiAutomator2] Using UIAutomator2 server from 'C:\Users\Santhruptha\AppData\Roaming\npm\node_modules\appium\node_modules\appium-uiautomator2-server\apks\appium-uiautomator2-server-v4.27.0.apk' and test from 'C:\Users\Santhruptha\AppData\Roaming\npm\node_modules\appium\node_modules\appium-uiautomator2-server\apks\appium-uiautomator2-server-debug-androidTest.apk'
2022-10-06 16:06:50:957 [UiAutomator2] Waiting up to 30000ms for UiAutomator2 to be online...
2022-10-06 16:06:50:957 [ADB] Creating ADB subprocess with args: ["-P",5037,"-s","emulator-5554","shell","am","instrument","-w","-e","disableAnalytics",true,"io.appium.uiautomator2.server.test/androidx.test.runner.AndroidJUnitRunner"]
2022-10-06 16:06:50:963 [WD Proxy] Matched '/status' to command name 'getStatus'
2022-10-06 16:06:50:964 [WD Proxy] Proxying [GET /status] to [GET http://127.0.0.1:8215/wd/hub/status] with no body
2022-10-06 16:06:50:979 [WD Proxy] socket hang up
2022-10-06 16:06:51:986 [WD Proxy] Matched '/status' to command name 'getStatus'
2022-10-06 16:06:51:986 [WD Proxy] Proxying [GET /status] to [GET http://127.0.0.1:8215/wd/hub/status] with no body
2022-10-06 16:06:51:990 [WD Proxy] socket hang up
2022-10-06 16:06:53:004 [WD Proxy] Matched '/status' to command name 'getStatus'
2022-10-06 16:06:53:004 [WD Proxy] Proxying [GET /status] to [GET http://127.0.0.1:8215/wd/hub/status] with no body
2022-10-06 16:06:53:009 [WD Proxy] socket hang up
2022-10-06 16:06:53:512 [Instrumentation] io.appium.uiautomator2.server.test.AppiumUiAutomator2Server:
2022-10-06 16:06:54:023 [WD Proxy] Matched '/status' to command name 'getStatus'
2022-10-06 16:06:54:023 [WD Proxy] Proxying [GET /status] to [GET http://127.0.0.1:8215/wd/hub/status] with no body
2022-10-06 16:06:54:035 [WD Proxy] socket hang up
2022-10-06 16:06:55:049 [WD Proxy] Matched '/status' to command name 'getStatus'
2022-10-06 16:06:55:049 [WD Proxy] Proxying [GET /status] to [GET http://127.0.0.1:8215/wd/hub/status] with no body
2022-10-06 16:06:55:157 [WD Proxy] Got response with status 200: {"sessionId":"None","value":{"message":"UiAutomator2 Server is ready to accept commands","ready":true}}
2022-10-06 16:06:55:157 [UiAutomator2] The initialization of the instrumentation process took 4200ms
2022-10-06 16:06:55:158 [WD Proxy] Matched '/session' to command name 'createSession'
2022-10-06 16:06:55:158 [WD Proxy] Proxying [POST /session] to [POST http://127.0.0.1:8215/wd/hub/session] with body: {"capabilities":{"firstMatch":[{"platform":"ANDROID","webStorageEnabled":false,"takesScreenshot":true,"javascriptEnabled":true,"databaseEnabled":false,"networkConnectionEnabled":true,"locationContextEnabled":false,"warnings":{},"desired":{"platformName":"android","platform":"ANDROID","app":"./src/main/java/resources/app-debug-3.7.5.apk","autoGrantPermissions":true,"automationName":"UiAutomator2","noReset":false,"udid":"emulator-5554"},"platformName":"android","app":"./src/main/java/resources/app-debug-3.7.5.apk","autoGrantPermissions":true,"automationName":"UiAutomator2","noReset":false,"udid":"emulator-5554","deviceName":"emulator-5554","deviceUDID":"emulator-5554","appPackage":"com.mandir"}],"alwaysMatch":{}}}
2022-10-06 16:06:55:188 [WD Proxy] Got response with status 200: {"sessionId":"56dd21ee-9bce-4c6f-b153-892309c99f28","value":{"capabilities":{"firstMatch":[{"platform":"ANDROID","webStorageEnabled":false,"takesScreenshot":true,"javascriptEnabled":true,"databaseEnabled":false,"networkConnectionEnabled":true,"locationContextEnabled":false,"warnings":{},"desired":{"platformName":"android","platform":"ANDROID","app":"./src/main/java/resources/app-debug-3.7.5.apk","autoGrantPermissions":true,"automationName":"UiAutomator2","noReset":false,"udid":"emulator-5554"},"platformName":"android","app":"./src/main/java/resources/app-debug-3.7.5.apk","autoGrantPermissions":true,"automationName":"UiAutomator2","noReset":false,"udid":"emulator-5554","deviceName":"emulator-5554","deviceUDID":"emulator-5554","appPackage":"com.mandir"}],"alwaysMatch":{}},"sessionId":"56dd21ee-9bce-4c6f-b153-892309c99f28"}}
2022-10-06 16:06:55:188 [WD Proxy] Determined the downstream protocol as 'W3C'
2022-10-06 16:06:55:197 [WD Proxy] Proxying [GET /appium/device/info] to [GET http://127.0.0.1:8215/wd/hub/session/56dd21ee-9bce-4c6f-b153-892309c99f28/appium/device/info] with no body
2022-10-06 16:06:55:260 [WD Proxy] Got response with status 200: {"sessionId":"56dd21ee-9bce-4c6f-b153-892309c99f28","value":{"androidId":"552f43563f2b4976","apiVersion":"31","bluetooth":{"state":"ON"},"brand":"google","carrierName":"T-Mobile","displayDensity":420,"locale":"en_US","manufacturer":"Google","model":"sdk_gphone64_x86_64","networks":[{"capabilities":{"SSID":null,"linkDownBandwidthKbps":47000,"linkUpstreamBandwidthKbps":18000,"networkCapabilities":"NET_CAPABILITY_MMS,NET_CAPABILITY_SUPL,NET_CAPABILITY_DUN,NET_CAPABILITY_FOTA,NET_CAPABILITY_IMS,NET_CAPABILITY_CBS,NET_CAPABILITY_INTERNET,NET_CAPABILITY_NOT_RESTRICTED,NET_CAPABILITY_TRUSTED,NET_CAPABILITY_NOT_VPN,NET_CAPABILITY_VALIDATED,NET_CAPABILITY_NOT_ROAMING,NET_CAPABILITY_NOT_CONGESTED,NET_CAPABILITY_NOT_SUSPENDED","signalStrength":-2147483648,"transportTypes":"TRANSPORT_CELLULAR"},"detailedState":"CONNECTED","extraInfo":"epc.tmobile.com","isAvailable":true,"isConnected":true,"isFailover":false,"isRoaming":false,"state":"CONNECTED","subtype":13,"subtypeName":"LTE","type":0,"typeName":"MOBILE"},{"capabilit...
2022-10-06 16:06:55:261 [ADB] Running 'C:\Users\Santhruptha\AppData\Local\Android\Sdk\platform-tools\adb.exe -P 5037 -s emulator-5554 shell dumpsys window'
2022-10-06 16:06:55:314 [AndroidDriver] Screen already unlocked, doing nothing
2022-10-06 16:06:55:314 [UiAutomator2] Starting 'com.mandir/com.mandir.ui.activity.SplashActivity and waiting for 'com.mandir/com.mandir.ui.activity.SplashActivity'
2022-10-06 16:06:55:315 [ADB] Running 'C:\Users\Santhruptha\AppData\Local\Android\Sdk\platform-tools\adb.exe -P 5037 -s emulator-5554 shell am start -W -n com.mandir/com.mandir.ui.activity.SplashActivity -S -a android.intent.action.MAIN -c android.intent.category.LAUNCHER -f 0x10200000'
2022-10-06 16:07:01:960 [ADB] Waiting up to 20000ms for activity matching pkg: 'com.mandir' and activity: 'com.mandir.ui.activity.SplashActivity' to be focused
2022-10-06 16:07:01:962 [ADB] Possible activities, to be checked: 'com.mandir.ui.activity.SplashActivity', 'com.mandir.com.mandir.ui.activity.SplashActivity'
2022-10-06 16:07:01:962 [ADB] Getting focused package and activity
2022-10-06 16:07:01:963 [ADB] Running 'C:\Users\Santhruptha\AppData\Local\Android\Sdk\platform-tools\adb.exe -P 5037 -s emulator-5554 shell dumpsys window displays'
2022-10-06 16:07:02:158 [ADB] Found package: 'com.mandir' and fully qualified activity name : 'com.mandir.ui.activity.SplashActivity'
2022-10-06 16:07:02:171 [WD Proxy] Proxying [GET /appium/device/pixel_ratio] to [GET http://127.0.0.1:8215/wd/hub/session/56dd21ee-9bce-4c6f-b153-892309c99f28/appium/device/pixel_ratio] with no body
2022-10-06 16:07:02:183 [WD Proxy] Got response with status 200: {"sessionId":"56dd21ee-9bce-4c6f-b153-892309c99f28","value":2.625}
2022-10-06 16:07:02:184 [WD Proxy] Matched '/appium/device/system_bars' to command name 'getSystemBars'
2022-10-06 16:07:02:186 [WD Proxy] Proxying [GET /appium/device/system_bars] to [GET http://127.0.0.1:8215/wd/hub/session/56dd21ee-9bce-4c6f-b153-892309c99f28/appium/device/system_bars] with no body
2022-10-06 16:07:02:200 [WD Proxy] Got response with status 200: {"sessionId":"56dd21ee-9bce-4c6f-b153-892309c99f28","value":{"statusBar":63}}
2022-10-06 16:07:02:201 [WD Proxy] Matched '/window/current/size' to command name 'getWindowSize'
2022-10-06 16:07:02:201 [WD Proxy] Proxying [GET /window/current/size] to [GET http://127.0.0.1:8215/wd/hub/session/56dd21ee-9bce-4c6f-b153-892309c99f28/window/current/size] with no body
2022-10-06 16:07:02:213 [WD Proxy] Got response with status 200: {"sessionId":"56dd21ee-9bce-4c6f-b153-892309c99f28","value":{"height":1794,"width":1080}}
2022-10-06 16:07:02:214 [Appium] New AndroidUiautomator2Driver session created successfully, session d6936f72-c9b3-4e7d-860f-9713efdcb925 added to master session list
2022-10-06 16:07:02:215 [BaseDriver] Event 'newSessionStarted' logged at 1665072422215 (21:37:02 GMT+0530 (India Standard Time))
2022-10-06 16:07:02:215 [W3C (d6936f72)] Cached the protocol value 'W3C' for the new session d6936f72-c9b3-4e7d-860f-9713efdcb925
2022-10-06 16:07:02:216 [W3C (d6936f72)] Responding to client with driver.createSession() result: {"capabilities":{"platform":"ANDROID","webStorageEnabled":false,"takesScreenshot":true,"javascriptEnabled":true,"databaseEnabled":false,"networkConnectionEnabled":true,"locationContextEnabled":false,"warnings":{},"desired":{"platformName":"android","platform":"ANDROID","app":"./src/main/java/resources/app-debug-3.7.5.apk","autoGrantPermissions":true,"automationName":"UiAutomator2","noReset":false,"udid":"emulator-5554"},"platformName":"android","app":"./src/main/java/resources/app-debug-3.7.5.apk","autoGrantPermissions":true,"automationName":"UiAutomator2","noReset":false,"udid":"emulator-5554","deviceName":"emulator-5554","deviceUDID":"emulator-5554","appPackage":"com.mandir","deviceApiLevel":31,"platformVersion":"12","deviceScreenSize":"1080x1920","deviceScreenDensity":420,"deviceModel":"sdk_gphone64_x86_64","deviceManufacturer":"Google","pixelRatio":2.625,"statBarHeight":63,"viewportRect":{"left":0,"top":63,"width":1080,"height":1731}}}
2022-10-06 16:07:02:217 [HTTP] <-- POST /wd/hub/session 200 20227 ms - 1014
2022-10-06 16:07:02:217 [HTTP] 
2022-10-06 16:07:02:290 [HTTP] --> GET /wd/hub/session/d6936f72-c9b3-4e7d-860f-9713efdcb925
2022-10-06 16:07:02:290 [HTTP] {}
2022-10-06 16:07:02:291 [W3C (d6936f72)] Calling AppiumDriver.getSession() with args: ["d6936f72-c9b3-4e7d-860f-9713efdcb925"]
2022-10-06 16:07:02:292 [UiAutomator2] Getting session details from server to mix in
2022-10-06 16:07:02:292 [WD Proxy] Matched '/' to command name 'getSession'
2022-10-06 16:07:02:293 [WD Proxy] Proxying [GET /] to [GET http://127.0.0.1:8215/wd/hub/session/56dd21ee-9bce-4c6f-b153-892309c99f28] with no body
2022-10-06 16:07:02:305 [WD Proxy] Got response with status 200: {"sessionId":"56dd21ee-9bce-4c6f-b153-892309c99f28","value":{"lastScrollData":null}}
2022-10-06 16:07:02:305 [W3C (d6936f72)] Responding to client with driver.getSession() result: {"platform":"ANDROID","webStorageEnabled":false,"takesScreenshot":true,"javascriptEnabled":true,"databaseEnabled":false,"networkConnectionEnabled":true,"locationContextEnabled":false,"warnings":{},"desired":{"platformName":"android","platform":"ANDROID","app":"./src/main/java/resources/app-debug-3.7.5.apk","autoGrantPermissions":true,"automationName":"UiAutomator2","noReset":false,"udid":"emulator-5554"},"platformName":"android","app":"./src/main/java/resources/app-debug-3.7.5.apk","autoGrantPermissions":true,"automationName":"UiAutomator2","noReset":false,"udid":"emulator-5554","deviceName":"emulator-5554","deviceUDID":"emulator-5554","appPackage":"com.mandir","deviceApiLevel":31,"platformVersion":"12","deviceScreenSize":"1080x1920","deviceScreenDensity":420,"deviceModel":"sdk_gphone64_x86_64","deviceManufacturer":"Google","pixelRatio":2.625,"statBarHeight":63,"viewportRect":{"left":0,"top":63,"width":1080,"height":1731},"lastScrollData":null}
2022-10-06 16:07:02:306 [HTTP] <-- GET /wd/hub/session/d6936f72-c9b3-4e7d-860f-9713efdcb925 200 16 ms - 968
2022-10-06 16:07:02:306 [HTTP] 
2022-10-06 16:07:02:311 [HTTP] --> GET /wd/hub/session/d6936f72-c9b3-4e7d-860f-9713efdcb925
2022-10-06 16:07:02:311 [HTTP] {}
2022-10-06 16:07:02:311 [W3C (d6936f72)] Calling AppiumDriver.getSession() with args: ["d6936f72-c9b3-4e7d-860f-9713efdcb925"]
2022-10-06 16:07:02:312 [UiAutomator2] Getting session details from server to mix in
2022-10-06 16:07:02:312 [WD Proxy] Matched '/' to command name 'getSession'
2022-10-06 16:07:02:312 [WD Proxy] Proxying [GET /] to [GET http://127.0.0.1:8215/wd/hub/session/56dd21ee-9bce-4c6f-b153-892309c99f28] with no body
2022-10-06 16:07:02:394 [WD Proxy] Got response with status 200: {"sessionId":"56dd21ee-9bce-4c6f-b153-892309c99f28","value":{"lastScrollData":null}}
2022-10-06 16:07:02:394 [W3C (d6936f72)] Responding to client with driver.getSession() result: {"platform":"ANDROID","webStorageEnabled":false,"takesScreenshot":true,"javascriptEnabled":true,"databaseEnabled":false,"networkConnectionEnabled":true,"locationContextEnabled":false,"warnings":{},"desired":{"platformName":"android","platform":"ANDROID","app":"./src/main/java/resources/app-debug-3.7.5.apk","autoGrantPermissions":true,"automationName":"UiAutomator2","noReset":false,"udid":"emulator-5554"},"platformName":"android","app":"./src/main/java/resources/app-debug-3.7.5.apk","autoGrantPermissions":true,"automationName":"UiAutomator2","noReset":false,"udid":"emulator-5554","deviceName":"emulator-5554","deviceUDID":"emulator-5554","appPackage":"com.mandir","deviceApiLevel":31,"platformVersion":"12","deviceScreenSize":"1080x1920","deviceScreenDensity":420,"deviceModel":"sdk_gphone64_x86_64","deviceManufacturer":"Google","pixelRatio":2.625,"statBarHeight":63,"viewportRect":{"left":0,"top":63,"width":1080,"height":1731},"lastScrollData":null}
2022-10-06 16:07:02:395 [HTTP] <-- GET /wd/hub/session/d6936f72-c9b3-4e7d-860f-9713efdcb925 200 84 ms - 968
2022-10-06 16:07:02:395 [HTTP] 
2022-10-06 16:07:02:409 [HTTP] --> POST /wd/hub/session/d6936f72-c9b3-4e7d-860f-9713efdcb925/timeouts
2022-10-06 16:07:02:410 [HTTP] {"implicit":50000}
2022-10-06 16:07:02:411 [W3C (d6936f72)] Calling AppiumDriver.timeouts() with args: [null,null,null,null,50000,"d6936f72-c9b3-4e7d-860f-9713efdcb925"]
2022-10-06 16:07:02:412 [BaseDriver] W3C timeout argument: {"implicit":50000}}
2022-10-06 16:07:02:412 [BaseDriver] Set implicit wait to 50000ms
2022-10-06 16:07:02:413 [W3C (d6936f72)] Responding to client with driver.timeouts() result: null
2022-10-06 16:07:02:414 [HTTP] <-- POST /wd/hub/session/d6936f72-c9b3-4e7d-860f-9713efdcb925/timeouts 200 4 ms - 14
2022-10-06 16:07:02:414 [HTTP] 
2022-10-06 16:07:02:747 [HTTP] --> POST /wd/hub/session/d6936f72-c9b3-4e7d-860f-9713efdcb925/element
2022-10-06 16:07:02:747 [HTTP] {"using":"id","value":"com.mandir:id/btn_save"}
2022-10-06 16:07:02:752 [W3C (d6936f72)] Calling AppiumDriver.findElement() with args: ["id","com.mandir:id/btn_save","d6936f72-c9b3-4e7d-860f-9713efdcb925"]
2022-10-06 16:07:02:753 [BaseDriver] Valid locator strategies for this request: xpath, id, class name, accessibility id, css selector, -android uiautomator
2022-10-06 16:07:02:753 [BaseDriver] Waiting up to 50000 ms for condition
2022-10-06 16:07:02:754 [WD Proxy] Matched '/element' to command name 'findElement'
2022-10-06 16:07:02:755 [WD Proxy] Proxying [POST /element] to [POST http://127.0.0.1:8215/wd/hub/session/56dd21ee-9bce-4c6f-b153-892309c99f28/element] with body: {"strategy":"id","selector":"com.mandir:id/btn_save","context":"","multiple":false}
2022-10-06 16:07:03:181 [WD Proxy] Got response with status 404: {"sessionId":"56dd21ee-9bce-4c6f-b153-892309c99f28","value":{"error":"no such element","message":"An element could not be located on the page using the given search parameters","stacktrace":"io.appium.uiautomator2.common.exceptions.ElementNotFoundException: An element could not be located on the page using the given search parameters\n\tat io.appium.uiautomator2.handler.FindElement.safeHandle(FindElement.java:70)\n\tat io.appium.uiautomator2.handler.request.SafeRequestHandler.handle(SafeRequestHandler.java:59)\n\tat io.appium.uiautomator2.server.AppiumServlet.handleRequest(AppiumServlet.java:266)\n\tat io.appium.uiautomator2.server.AppiumServlet.handleHttpRequest(AppiumServlet.java:260)\n\tat io.appium.uiautomator2.http.ServerHandler.channelRead(ServerHandler.java:68)\n\tat io.netty.channel.AbstractChannelHandlerContext.invokeChannelRead(AbstractChannelHandlerContext.java:366)\n\tat io.netty.channel.AbstractChannelHandlerContext.invokeChannelRead(AbstractChannelHandlerContext.java:352)\n\tat io.netty.chann...
2022-10-06 16:07:03:181 [W3C] Matched W3C error code 'no such element' to NoSuchElementError
2022-10-06 16:07:03:182 [BaseDriver] Waited for 429 ms so far
2022-10-06 16:07:03:693 [WD Proxy] Matched '/element' to command name 'findElement'
2022-10-06 16:07:03:694 [WD Proxy] Proxying [POST /element] to [POST http://127.0.0.1:8215/wd/hub/session/56dd21ee-9bce-4c6f-b153-892309c99f28/element] with body: {"strategy":"id","selector":"com.mandir:id/btn_save","context":"","multiple":false}
2022-10-06 16:07:03:998 [WD Proxy] Got response with status 404: {"sessionId":"56dd21ee-9bce-4c6f-b153-892309c99f28","value":{"error":"no such element","message":"An element could not be located on the page using the given search parameters","stacktrace":"io.appium.uiautomator2.common.exceptions.ElementNotFoundException: An element could not be located on the page using the given search parameters\n\tat io.appium.uiautomator2.handler.FindElement.safeHandle(FindElement.java:70)\n\tat io.appium.uiautomator2.handler.request.SafeRequestHandler.handle(SafeRequestHandler.java:59)\n\tat io.appium.uiautomator2.server.AppiumServlet.handleRequest(AppiumServlet.java:266)\n\tat io.appium.uiautomator2.server.AppiumServlet.handleHttpRequest(AppiumServlet.java:260)\n\tat io.appium.uiautomator2.http.ServerHandler.channelRead(ServerHandler.java:68)\n\tat io.netty.channel.AbstractChannelHandlerContext.invokeChannelRead(AbstractChannelHandlerContext.java:366)\n\tat io.netty.channel.AbstractChannelHandlerContext.invokeChannelRead(AbstractChannelHandlerContext.java:352)\n\tat io.netty.chann...
2022-10-06 16:07:03:999 [W3C] Matched W3C error code 'no such element' to NoSuchElementError
2022-10-06 16:07:04:000 [BaseDriver] Waited for 1247 ms so far
2022-10-06 16:07:04:504 [WD Proxy] Matched '/element' to command name 'findElement'
2022-10-06 16:07:04:504 [WD Proxy] Proxying [POST /element] to [POST http://127.0.0.1:8215/wd/hub/session/56dd21ee-9bce-4c6f-b153-892309c99f28/element] with body: {"strategy":"id","selector":"com.mandir:id/btn_save","context":"","multiple":false}
2022-10-06 16:07:07:436 [WD Proxy] Got response with status 200: {"sessionId":"56dd21ee-9bce-4c6f-b153-892309c99f28","value":{"ELEMENT":"00000000-0000-015c-ffff-ffff00000025","element-6066-11e4-a52e-4f735466cecf":"00000000-0000-015c-ffff-ffff00000025"}}
2022-10-06 16:07:07:437 [W3C (d6936f72)] Responding to client with driver.findElement() result: {"element-6066-11e4-a52e-4f735466cecf":"00000000-0000-015c-ffff-ffff00000025","ELEMENT":"00000000-0000-015c-ffff-ffff00000025"}
2022-10-06 16:07:07:438 [HTTP] <-- POST /wd/hub/session/d6936f72-c9b3-4e7d-860f-9713efdcb925/element 200 4691 ms - 137
2022-10-06 16:07:07:438 [HTTP] 
2022-10-06 16:07:07:466 [HTTP] --> GET /wd/hub/session/d6936f72-c9b3-4e7d-860f-9713efdcb925/element/00000000-0000-015c-ffff-ffff00000025/displayed
2022-10-06 16:07:07:466 [HTTP] {}
2022-10-06 16:07:07:470 [W3C (d6936f72)] Calling AppiumDriver.elementDisplayed() with args: ["00000000-0000-015c-ffff-ffff00000025","d6936f72-c9b3-4e7d-860f-9713efdcb925"]
2022-10-06 16:07:07:471 [WD Proxy] Matched '/element/00000000-0000-015c-ffff-ffff00000025/attribute/displayed' to command name 'getAttribute'
2022-10-06 16:07:07:471 [WD Proxy] Proxying [GET /element/00000000-0000-015c-ffff-ffff00000025/attribute/displayed] to [GET http://127.0.0.1:8215/wd/hub/session/56dd21ee-9bce-4c6f-b153-892309c99f28/element/00000000-0000-015c-ffff-ffff00000025/attribute/displayed] with no body
2022-10-06 16:07:07:699 [WD Proxy] Got response with status 200: {"sessionId":"56dd21ee-9bce-4c6f-b153-892309c99f28","value":"true"}
2022-10-06 16:07:07:700 [W3C (d6936f72)] Responding to client with driver.elementDisplayed() result: true
2022-10-06 16:07:07:700 [HTTP] <-- GET /wd/hub/session/d6936f72-c9b3-4e7d-860f-9713efdcb925/element/00000000-0000-015c-ffff-ffff00000025/displayed 200 235 ms - 14
2022-10-06 16:07:07:701 [HTTP] 
2022-10-06 16:07:07:705 [HTTP] --> POST /wd/hub/session/d6936f72-c9b3-4e7d-860f-9713efdcb925/element
2022-10-06 16:07:07:705 [HTTP] {"using":"id","value":"com.mandir:id/btn_save"}
2022-10-06 16:07:07:705 [W3C (d6936f72)] Calling AppiumDriver.findElement() with args: ["id","com.mandir:id/btn_save","d6936f72-c9b3-4e7d-860f-9713efdcb925"]
2022-10-06 16:07:07:706 [BaseDriver] Valid locator strategies for this request: xpath, id, class name, accessibility id, css selector, -android uiautomator
2022-10-06 16:07:07:706 [BaseDriver] Waiting up to 50000 ms for condition
2022-10-06 16:07:07:706 [WD Proxy] Matched '/element' to command name 'findElement'
2022-10-06 16:07:07:706 [WD Proxy] Proxying [POST /element] to [POST http://127.0.0.1:8215/wd/hub/session/56dd21ee-9bce-4c6f-b153-892309c99f28/element] with body: {"strategy":"id","selector":"com.mandir:id/btn_save","context":"","multiple":false}
2022-10-06 16:07:07:810 [WD Proxy] Got response with status 200: {"sessionId":"56dd21ee-9bce-4c6f-b153-892309c99f28","value":{"ELEMENT":"00000000-0000-015c-ffff-ffff00000025","element-6066-11e4-a52e-4f735466cecf":"00000000-0000-015c-ffff-ffff00000025"}}
2022-10-06 16:07:07:810 [W3C (d6936f72)] Responding to client with driver.findElement() result: {"element-6066-11e4-a52e-4f735466cecf":"00000000-0000-015c-ffff-ffff00000025","ELEMENT":"00000000-0000-015c-ffff-ffff00000025"}
2022-10-06 16:07:07:811 [HTTP] <-- POST /wd/hub/session/d6936f72-c9b3-4e7d-860f-9713efdcb925/element 200 106 ms - 137
2022-10-06 16:07:07:811 [HTTP] 
2022-10-06 16:07:07:816 [HTTP] --> POST /wd/hub/session/d6936f72-c9b3-4e7d-860f-9713efdcb925/element/00000000-0000-015c-ffff-ffff00000025/click
2022-10-06 16:07:07:816 [HTTP] {"id":"00000000-0000-015c-ffff-ffff00000025"}
2022-10-06 16:07:07:817 [W3C (d6936f72)] Calling AppiumDriver.click() with args: ["00000000-0000-015c-ffff-ffff00000025","d6936f72-c9b3-4e7d-860f-9713efdcb925"]
2022-10-06 16:07:07:817 [WD Proxy] Matched '/element/00000000-0000-015c-ffff-ffff00000025/click' to command name 'click'
2022-10-06 16:07:07:818 [WD Proxy] Proxying [POST /element/00000000-0000-015c-ffff-ffff00000025/click] to [POST http://127.0.0.1:8215/wd/hub/session/56dd21ee-9bce-4c6f-b153-892309c99f28/element/00000000-0000-015c-ffff-ffff00000025/click] with body: {"element":"00000000-0000-015c-ffff-ffff00000025"}
2022-10-06 16:07:07:891 [WD Proxy] Got response with status 200: {"sessionId":"56dd21ee-9bce-4c6f-b153-892309c99f28","value":null}
2022-10-06 16:07:07:892 [W3C (d6936f72)] Responding to client with driver.click() result: null
2022-10-06 16:07:07:893 [HTTP] <-- POST /wd/hub/session/d6936f72-c9b3-4e7d-860f-9713efdcb925/element/00000000-0000-015c-ffff-ffff00000025/click 200 77 ms - 14
2022-10-06 16:07:07:893 [HTTP] 
2022-10-06 16:07:07:912 [HTTP] --> POST /wd/hub/session/d6936f72-c9b3-4e7d-860f-9713efdcb925/element
2022-10-06 16:07:07:912 [HTTP] {"using":"id","value":"com.mandir:id/nxtBtn"}
2022-10-06 16:07:07:913 [W3C (d6936f72)] Calling AppiumDriver.findElement() with args: ["id","com.mandir:id/nxtBtn","d6936f72-c9b3-4e7d-860f-9713efdcb925"]
2022-10-06 16:07:07:913 [BaseDriver] Valid locator strategies for this request: xpath, id, class name, accessibility id, css selector, -android uiautomator
2022-10-06 16:07:07:913 [BaseDriver] Waiting up to 50000 ms for condition
2022-10-06 16:07:07:914 [WD Proxy] Matched '/element' to command name 'findElement'
2022-10-06 16:07:07:914 [WD Proxy] Proxying [POST /element] to [POST http://127.0.0.1:8215/wd/hub/session/56dd21ee-9bce-4c6f-b153-892309c99f28/element] with body: {"strategy":"id","selector":"com.mandir:id/nxtBtn","context":"","multiple":false}
2022-10-06 16:07:11:721 [WD Proxy] Got response with status 404: {"sessionId":"56dd21ee-9bce-4c6f-b153-892309c99f28","value":{"error":"no such element","message":"An element could not be located on the page using the given search parameters","stacktrace":"io.appium.uiautomator2.common.exceptions.ElementNotFoundException: An element could not be located on the page using the given search parameters\n\tat io.appium.uiautomator2.handler.FindElement.safeHandle(FindElement.java:70)\n\tat io.appium.uiautomator2.handler.request.SafeRequestHandler.handle(SafeRequestHandler.java:59)\n\tat io.appium.uiautomator2.server.AppiumServlet.handleRequest(AppiumServlet.java:266)\n\tat io.appium.uiautomator2.server.AppiumServlet.handleHttpRequest(AppiumServlet.java:260)\n\tat io.appium.uiautomator2.http.ServerHandler.channelRead(ServerHandler.java:68)\n\tat io.netty.channel.AbstractChannelHandlerContext.invokeChannelRead(AbstractChannelHandlerContext.java:366)\n\tat io.netty.channel.AbstractChannelHandlerContext.invokeChannelRead(AbstractChannelHandlerContext.java:352)\n\tat io.netty.chann...
2022-10-06 16:07:11:722 [W3C] Matched W3C error code 'no such element' to NoSuchElementError
2022-10-06 16:07:11:722 [BaseDriver] Waited for 3809 ms so far
2022-10-06 16:07:12:233 [WD Proxy] Matched '/element' to command name 'findElement'
2022-10-06 16:07:12:233 [WD Proxy] Proxying [POST /element] to [POST http://127.0.0.1:8215/wd/hub/session/56dd21ee-9bce-4c6f-b153-892309c99f28/element] with body: {"strategy":"id","selector":"com.mandir:id/nxtBtn","context":"","multiple":false}
2022-10-06 16:07:13:797 [WD Proxy] Got response with status 404: {"sessionId":"56dd21ee-9bce-4c6f-b153-892309c99f28","value":{"error":"no such element","message":"An element could not be located on the page using the given search parameters","stacktrace":"io.appium.uiautomator2.common.exceptions.ElementNotFoundException: An element could not be located on the page using the given search parameters\n\tat io.appium.uiautomator2.handler.FindElement.safeHandle(FindElement.java:70)\n\tat io.appium.uiautomator2.handler.request.SafeRequestHandler.handle(SafeRequestHandler.java:59)\n\tat io.appium.uiautomator2.server.AppiumServlet.handleRequest(AppiumServlet.java:266)\n\tat io.appium.uiautomator2.server.AppiumServlet.handleHttpRequest(AppiumServlet.java:260)\n\tat io.appium.uiautomator2.http.ServerHandler.channelRead(ServerHandler.java:68)\n\tat io.netty.channel.AbstractChannelHandlerContext.invokeChannelRead(AbstractChannelHandlerContext.java:366)\n\tat io.netty.channel.AbstractChannelHandlerContext.invokeChannelRead(AbstractChannelHandlerContext.java:352)\n\tat io.netty.chann...
2022-10-06 16:07:13:798 [W3C] Matched W3C error code 'no such element' to NoSuchElementError
2022-10-06 16:07:13:798 [BaseDriver] Waited for 5885 ms so far
2022-10-06 16:07:14:304 [WD Proxy] Matched '/element' to command name 'findElement'
2022-10-06 16:07:14:304 [WD Proxy] Proxying [POST /element] to [POST http://127.0.0.1:8215/wd/hub/session/56dd21ee-9bce-4c6f-b153-892309c99f28/element] with body: {"strategy":"id","selector":"com.mandir:id/nxtBtn","context":"","multiple":false}
2022-10-06 16:07:24:516 [WD Proxy] Got response with status 200: {"sessionId":"56dd21ee-9bce-4c6f-b153-892309c99f28","value":{"ELEMENT":"00000000-0000-015e-ffff-ffff000002c5","element-6066-11e4-a52e-4f735466cecf":"00000000-0000-015e-ffff-ffff000002c5"}}
2022-10-06 16:07:24:517 [W3C (d6936f72)] Responding to client with driver.findElement() result: {"element-6066-11e4-a52e-4f735466cecf":"00000000-0000-015e-ffff-ffff000002c5","ELEMENT":"00000000-0000-015e-ffff-ffff000002c5"}
2022-10-06 16:07:24:519 [HTTP] <-- POST /wd/hub/session/d6936f72-c9b3-4e7d-860f-9713efdcb925/element 200 16607 ms - 137
2022-10-06 16:07:24:519 [HTTP] 
2022-10-06 16:07:24:529 [HTTP] --> POST /wd/hub/session/d6936f72-c9b3-4e7d-860f-9713efdcb925/element/00000000-0000-015e-ffff-ffff000002c5/click
2022-10-06 16:07:24:529 [HTTP] {"id":"00000000-0000-015e-ffff-ffff000002c5"}
2022-10-06 16:07:24:530 [W3C (d6936f72)] Calling AppiumDriver.click() with args: ["00000000-0000-015e-ffff-ffff000002c5","d6936f72-c9b3-4e7d-860f-9713efdcb925"]
2022-10-06 16:07:24:531 [WD Proxy] Matched '/element/00000000-0000-015e-ffff-ffff000002c5/click' to command name 'click'
2022-10-06 16:07:24:531 [WD Proxy] Proxying [POST /element/00000000-0000-015e-ffff-ffff000002c5/click] to [POST http://127.0.0.1:8215/wd/hub/session/56dd21ee-9bce-4c6f-b153-892309c99f28/element/00000000-0000-015e-ffff-ffff000002c5/click] with body: {"element":"00000000-0000-015e-ffff-ffff000002c5"}
2022-10-06 16:07:54:960 [WD Proxy] Got response with status 200: {"sessionId":"56dd21ee-9bce-4c6f-b153-892309c99f28","value":null}
2022-10-06 16:07:54:961 [W3C (d6936f72)] Responding to client with driver.click() result: null
2022-10-06 16:07:54:962 [HTTP] <-- POST /wd/hub/session/d6936f72-c9b3-4e7d-860f-9713efdcb925/element/00000000-0000-015e-ffff-ffff000002c5/click 200 30433 ms - 14
2022-10-06 16:07:54:962 [HTTP] 
2022-10-06 16:07:54:969 [HTTP] --> POST /wd/hub/session/d6936f72-c9b3-4e7d-860f-9713efdcb925/element
2022-10-06 16:07:54:970 [HTTP] {"using":"id","value":"com.mandir:id/nxtBtn"}
2022-10-06 16:07:54:970 [W3C (d6936f72)] Calling AppiumDriver.findElement() with args: ["id","com.mandir:id/nxtBtn","d6936f72-c9b3-4e7d-860f-9713efdcb925"]
2022-10-06 16:07:54:971 [BaseDriver] Valid locator strategies for this request: xpath, id, class name, accessibility id, css selector, -android uiautomator
2022-10-06 16:07:54:971 [BaseDriver] Waiting up to 50000 ms for condition
2022-10-06 16:07:54:971 [WD Proxy] Matched '/element' to command name 'findElement'
2022-10-06 16:07:54:971 [WD Proxy] Proxying [POST /element] to [POST http://127.0.0.1:8215/wd/hub/session/56dd21ee-9bce-4c6f-b153-892309c99f28/element] with body: {"strategy":"id","selector":"com.mandir:id/nxtBtn","context":"","multiple":false}
2022-10-06 16:08:05:215 [WD Proxy] Got response with status 200: {"sessionId":"56dd21ee-9bce-4c6f-b153-892309c99f28","value":{"ELEMENT":"00000000-0000-015e-ffff-ffff000002c5","element-6066-11e4-a52e-4f735466cecf":"00000000-0000-015e-ffff-ffff000002c5"}}
2022-10-06 16:08:05:216 [W3C (d6936f72)] Responding to client with driver.findElement() result: {"element-6066-11e4-a52e-4f735466cecf":"00000000-0000-015e-ffff-ffff000002c5","ELEMENT":"00000000-0000-015e-ffff-ffff000002c5"}
2022-10-06 16:08:05:219 [HTTP] <-- POST /wd/hub/session/d6936f72-c9b3-4e7d-860f-9713efdcb925/element 200 10248 ms - 137
2022-10-06 16:08:05:219 [HTTP] 
2022-10-06 16:08:05:227 [HTTP] --> POST /wd/hub/session/d6936f72-c9b3-4e7d-860f-9713efdcb925/element/00000000-0000-015e-ffff-ffff000002c5/click
2022-10-06 16:08:05:228 [HTTP] {"id":"00000000-0000-015e-ffff-ffff000002c5"}
2022-10-06 16:08:05:228 [W3C (d6936f72)] Calling AppiumDriver.click() with args: ["00000000-0000-015e-ffff-ffff000002c5","d6936f72-c9b3-4e7d-860f-9713efdcb925"]
2022-10-06 16:08:05:229 [WD Proxy] Matched '/element/00000000-0000-015e-ffff-ffff000002c5/click' to command name 'click'
2022-10-06 16:08:05:229 [WD Proxy] Proxying [POST /element/00000000-0000-015e-ffff-ffff000002c5/click] to [POST http://127.0.0.1:8215/wd/hub/session/56dd21ee-9bce-4c6f-b153-892309c99f28/element/00000000-0000-015e-ffff-ffff000002c5/click] with body: {"element":"00000000-0000-015e-ffff-ffff000002c5"}
2022-10-06 16:08:35:652 [WD Proxy] Got response with status 200: {"sessionId":"56dd21ee-9bce-4c6f-b153-892309c99f28","value":null}
2022-10-06 16:08:35:654 [W3C (d6936f72)] Responding to client with driver.click() result: null
2022-10-06 16:08:35:655 [HTTP] <-- POST /wd/hub/session/d6936f72-c9b3-4e7d-860f-9713efdcb925/element/00000000-0000-015e-ffff-ffff000002c5/click 200 30427 ms - 14
2022-10-06 16:08:35:655 [HTTP] 
2022-10-06 16:08:35:662 [HTTP] --> POST /wd/hub/session/d6936f72-c9b3-4e7d-860f-9713efdcb925/element
2022-10-06 16:08:35:662 [HTTP] {"using":"id","value":"com.mandir:id/nxtBtn"}
2022-10-06 16:08:35:663 [W3C (d6936f72)] Calling AppiumDriver.findElement() with args: ["id","com.mandir:id/nxtBtn","d6936f72-c9b3-4e7d-860f-9713efdcb925"]
2022-10-06 16:08:35:664 [BaseDriver] Valid locator strategies for this request: xpath, id, class name, accessibility id, css selector, -android uiautomator
2022-10-06 16:08:35:664 [BaseDriver] Waiting up to 50000 ms for condition
2022-10-06 16:08:35:664 [WD Proxy] Matched '/element' to command name 'findElement'
2022-10-06 16:08:35:665 [WD Proxy] Proxying [POST /element] to [POST http://127.0.0.1:8215/wd/hub/session/56dd21ee-9bce-4c6f-b153-892309c99f28/element] with body: {"strategy":"id","selector":"com.mandir:id/nxtBtn","context":"","multiple":false}
2022-10-06 16:08:45:906 [WD Proxy] Got response with status 200: {"sessionId":"56dd21ee-9bce-4c6f-b153-892309c99f28","value":{"ELEMENT":"00000000-0000-015e-ffff-ffff000002c5","element-6066-11e4-a52e-4f735466cecf":"00000000-0000-015e-ffff-ffff000002c5"}}
2022-10-06 16:08:45:907 [W3C (d6936f72)] Responding to client with driver.findElement() result: {"element-6066-11e4-a52e-4f735466cecf":"00000000-0000-015e-ffff-ffff000002c5","ELEMENT":"00000000-0000-015e-ffff-ffff000002c5"}
2022-10-06 16:08:45:908 [HTTP] <-- POST /wd/hub/session/d6936f72-c9b3-4e7d-860f-9713efdcb925/element 200 10246 ms - 137
2022-10-06 16:08:45:908 [HTTP] 
2022-10-06 16:08:45:916 [HTTP] --> POST /wd/hub/session/d6936f72-c9b3-4e7d-860f-9713efdcb925/element/00000000-0000-015e-ffff-ffff000002c5/click
2022-10-06 16:08:45:916 [HTTP] {"id":"00000000-0000-015e-ffff-ffff000002c5"}
2022-10-06 16:08:45:917 [W3C (d6936f72)] Calling AppiumDriver.click() with args: ["00000000-0000-015e-ffff-ffff000002c5","d6936f72-c9b3-4e7d-860f-9713efdcb925"]
2022-10-06 16:08:45:918 [WD Proxy] Matched '/element/00000000-0000-015e-ffff-ffff000002c5/click' to command name 'click'
2022-10-06 16:08:45:918 [WD Proxy] Proxying [POST /element/00000000-0000-015e-ffff-ffff000002c5/click] to [POST http://127.0.0.1:8215/wd/hub/session/56dd21ee-9bce-4c6f-b153-892309c99f28/element/00000000-0000-015e-ffff-ffff000002c5/click] with body: {"element":"00000000-0000-015e-ffff-ffff000002c5"}
2022-10-06 16:09:07:332 [WD Proxy] Got response with status 200: {"sessionId":"56dd21ee-9bce-4c6f-b153-892309c99f28","value":null}
2022-10-06 16:09:07:333 [W3C (d6936f72)] Responding to client with driver.click() result: null
2022-10-06 16:09:07:334 [HTTP] <-- POST /wd/hub/session/d6936f72-c9b3-4e7d-860f-9713efdcb925/element/00000000-0000-015e-ffff-ffff000002c5/click 200 21417 ms - 14
2022-10-06 16:09:07:334 [HTTP] 
2022-10-06 16:09:07:368 [HTTP] --> POST /wd/hub/session/d6936f72-c9b3-4e7d-860f-9713efdcb925/appium/app/close
2022-10-06 16:09:07:368 [HTTP] {}
2022-10-06 16:09:07:374 [W3C (d6936f72)] Calling AppiumDriver.closeApp() with args: ["d6936f72-c9b3-4e7d-860f-9713efdcb925"]
2022-10-06 16:09:07:375 [ADB] Running 'C:\Users\Santhruptha\AppData\Local\Android\Sdk\platform-tools\adb.exe -P 5037 -s emulator-5554 shell am force-stop com.mandir'
2022-10-06 16:09:07:811 [W3C (d6936f72)] Responding to client with driver.closeApp() result: null
2022-10-06 16:09:07:812 [HTTP] <-- POST /wd/hub/session/d6936f72-c9b3-4e7d-860f-9713efdcb925/appium/app/close 200 444 ms - 14
2022-10-06 16:09:07:812 [HTTP] 
