2022-10-13 06:34:31:454 [Appium] Welcome to Appium v1.22.3
2022-10-13 06:34:31:456 [Appium] Non-default server args:
2022-10-13 06:34:31:456 [Appium]   address: 127.0.0.1
2022-10-13 06:34:31:456 [Appium]   port: 18882
2022-10-13 06:34:31:456 [Appium]   logFile: C:\Users\Shilpa\Documents\New_Sri_Mandir\SRI_MANDIR(Different languages)1\.\ServerLogs\appiumSriMandirVerifyThatFlowerBottomSheetIsDisappearingOnClickingAnywhereOnTheScreen.log
2022-10-13 06:34:31:483 [Appium] Appium REST http interface listener started on 127.0.0.1:18882
2022-10-13 06:34:31:706 [HTTP] --> GET /wd/hub/status
2022-10-13 06:34:31:707 [HTTP] {}
2022-10-13 06:34:31:709 [GENERIC] Calling AppiumDriver.getStatus() with args: []
2022-10-13 06:34:31:710 [GENERIC] Responding to client with driver.getStatus() result: {"build":{"version":"1.22.3"}}
2022-10-13 06:34:31:715 [HTTP] <-- GET /wd/hub/status 200 7 ms - 68
2022-10-13 06:34:31:716 [HTTP] 
2022-10-13 06:34:32:185 [HTTP] --> POST /wd/hub/session
2022-10-13 06:34:32:185 [HTTP] {"desiredCapabilities":{"app":"./src/main/java/resources/app-debug-3.7.5.apk","noReset":true,"automationName":"UiAutomator2","autoGrantPermissions":true,"platformName":"Android","udid":"emulator-5554","platform":"ANDROID"},"capabilities":{"firstMatch":[{"appium:app":"./src/main/java/resources/app-debug-3.7.5.apk","appium:autoGrantPermissions":true,"appium:automationName":"UiAutomator2","appium:noReset":true,"platform":"ANDROID","platformName":"android","appium:udid":"emulator-5554"}]}}
2022-10-13 06:34:32:186 [W3C] Calling AppiumDriver.createSession() with args: [{"app":"./src/main/java/resources/app-debug-3.7.5.apk","noReset":true,"automationName":"UiAutomator2","autoGrantPermissions":true,"platformName":"Android","udid":"emulator-5554","platform":"ANDROID"},null,{"firstMatch":[{"appium:app":"./src/main/java/resources/app-debug-3.7.5.apk","appium:autoGrantPermissions":true,"appium:automationName":"UiAutomator2","appium:noReset":true,"platform":"ANDROID","platformName":"android","appium:udid":"emulator-5554"}]}]
2022-10-13 06:34:32:187 [BaseDriver] Event 'newSessionRequested' logged at 1665642872186 (12:04:32 GMT+0530 (India Standard Time))
2022-10-13 06:34:32:190 [BaseDriver] The following capabilities are not standard capabilities and should have an extension prefix:
2022-10-13 06:34:32:190 [BaseDriver]   platform
2022-10-13 06:34:32:430 [Appium] Appium v1.22.3 creating new AndroidUiautomator2Driver (v1.70.1) session
2022-10-13 06:34:32:433 [BaseDriver] W3C capabilities and MJSONWP desired capabilities were provided
2022-10-13 06:34:32:433 [BaseDriver] Creating session with W3C capabilities: {
2022-10-13 06:34:32:433 [BaseDriver]   "alwaysMatch": {
2022-10-13 06:34:32:433 [BaseDriver]     "appium:platform": "ANDROID",
2022-10-13 06:34:32:433 [BaseDriver]     "platformName": "android",
2022-10-13 06:34:32:433 [BaseDriver]     "appium:app": "./src/main/java/resources/app-debug-3.7.5.apk",
2022-10-13 06:34:32:434 [BaseDriver]     "appium:autoGrantPermissions": true,
2022-10-13 06:34:32:434 [BaseDriver]     "appium:automationName": "UiAutomator2",
2022-10-13 06:34:32:434 [BaseDriver]     "appium:noReset": true,
2022-10-13 06:34:32:434 [BaseDriver]     "appium:udid": "emulator-5554"
2022-10-13 06:34:32:434 [BaseDriver]   },
2022-10-13 06:34:32:434 [BaseDriver]   "firstMatch": [
2022-10-13 06:34:32:434 [BaseDriver]     {}
2022-10-13 06:34:32:434 [BaseDriver]   ]
2022-10-13 06:34:32:434 [BaseDriver] }
2022-10-13 06:34:32:439 [BaseDriver] The following capabilities were provided, but are not recognized by Appium:
2022-10-13 06:34:32:440 [BaseDriver]   platform
2022-10-13 06:34:32:440 [BaseDriver] Session created with session id: f1b2c6b8-5208-4778-8d0f-3ad9b5fc52ad
2022-10-13 06:34:32:443 [BaseDriver] Using local app './src/main/java/resources/app-debug-3.7.5.apk'
2022-10-13 06:34:32:443 [BaseDriver] The current application path './src/main/java/resources/app-debug-3.7.5.apk' is not absolute and has been rewritten to 'C:\Users\Shilpa\Documents\New_Sri_Mandir\SRI_MANDIR(Different languages)1\src\main\java\resources\app-debug-3.7.5.apk'. Consider using absolute paths rather than relative
2022-10-13 06:34:32:443 [UiAutomator2] Checking whether app is actually present
2022-10-13 06:34:32:462 [ADB] Found 2 'build-tools' folders under 'C:\Users\Shilpa\AppData\Local\Android\Sdk' (newest first):
2022-10-13 06:34:32:462 [ADB]     C:/Users/Shilpa/AppData/Local/Android/Sdk/build-tools/33.0.0
2022-10-13 06:34:32:462 [ADB]     C:/Users/Shilpa/AppData/Local/Android/Sdk/build-tools/30.0.3
2022-10-13 06:34:32:463 [ADB] Using 'adb.exe' from 'C:\Users\Shilpa\AppData\Local\Android\Sdk\platform-tools\adb.exe'
2022-10-13 06:34:32:463 [ADB] Running 'C:\Users\Shilpa\AppData\Local\Android\Sdk\platform-tools\adb.exe -P 5037 start-server'
2022-10-13 06:34:32:487 [AndroidDriver] Retrieving device list
2022-10-13 06:34:32:487 [ADB] Trying to find a connected android device
2022-10-13 06:34:32:488 [ADB] Getting connected devices
2022-10-13 06:34:32:508 [ADB] Connected devices: [{"udid":"emulator-5554","state":"device"}]
2022-10-13 06:34:32:509 [AndroidDriver] Using device: emulator-5554
2022-10-13 06:34:32:510 [ADB] Using 'adb.exe' from 'C:\Users\Shilpa\AppData\Local\Android\Sdk\platform-tools\adb.exe'
2022-10-13 06:34:32:510 [ADB] Running 'C:\Users\Shilpa\AppData\Local\Android\Sdk\platform-tools\adb.exe -P 5037 start-server'
2022-10-13 06:34:32:532 [ADB] Setting device id to emulator-5554
2022-10-13 06:34:32:532 [ADB] Running 'C:\Users\Shilpa\AppData\Local\Android\Sdk\platform-tools\adb.exe -P 5037 -s emulator-5554 shell getprop ro.build.version.sdk'
2022-10-13 06:34:32:589 [ADB] Current device property 'ro.build.version.sdk': 31
2022-10-13 06:34:32:590 [ADB] Getting device platform version
2022-10-13 06:34:32:590 [ADB] Running 'C:\Users\Shilpa\AppData\Local\Android\Sdk\platform-tools\adb.exe -P 5037 -s emulator-5554 shell getprop ro.build.version.release'
2022-10-13 06:34:32:650 [ADB] Current device property 'ro.build.version.release': 12
2022-10-13 06:34:32:650 [ADB] Device API level: 31
2022-10-13 06:34:32:650 [UiAutomator2] Relaxing hidden api policy
2022-10-13 06:34:32:651 [ADB] Running 'C:\Users\Shilpa\AppData\Local\Android\Sdk\platform-tools\adb.exe -P 5037 -s emulator-5554 shell 'settings put global hidden_api_policy_pre_p_apps 1;settings put global hidden_api_policy_p_apps 1;settings put global hidden_api_policy 1''
2022-10-13 06:34:32:776 [AndroidDriver] Parsing package and activity from app manifest
2022-10-13 06:34:32:813 [ADB] Package name: 'com.mandir'
2022-10-13 06:34:32:813 [ADB] Main activity name: 'com.mandir.ui.activity.SplashActivity'
2022-10-13 06:34:32:813 [AndroidDriver] Parsed package and activity are: com.mandir/com.mandir.ui.activity.SplashActivity
2022-10-13 06:34:32:814 [ADB] Running 'C:\Users\Shilpa\AppData\Local\Android\Sdk\platform-tools\adb.exe -P 5037 -s emulator-5554 wait-for-device'
2022-10-13 06:34:32:835 [ADB] Running 'C:\Users\Shilpa\AppData\Local\Android\Sdk\platform-tools\adb.exe -P 5037 -s emulator-5554 shell echo ping'
2022-10-13 06:34:32:885 [AndroidDriver] Pushing settings apk to device...
2022-10-13 06:34:32:886 [ADB] Getting install status for io.appium.settings
2022-10-13 06:34:32:886 [ADB] Running 'C:\Users\Shilpa\AppData\Local\Android\Sdk\platform-tools\adb.exe -P 5037 -s emulator-5554 shell dumpsys package io.appium.settings'
2022-10-13 06:34:32:939 [ADB] 'io.appium.settings' is installed
2022-10-13 06:34:32:940 [ADB] Getting package info for 'io.appium.settings'
2022-10-13 06:34:32:940 [ADB] Running 'C:\Users\Shilpa\AppData\Local\Android\Sdk\platform-tools\adb.exe -P 5037 -s emulator-5554 shell dumpsys package io.appium.settings'
2022-10-13 06:34:33:030 [ADB] The version name of the installed 'io.appium.settings' is greater or equal to the application version name ('3.4.0' >= '3.4.0')
2022-10-13 06:34:33:030 [ADB] There is no need to install/upgrade 'C:\Users\Shilpa\AppData\Roaming\npm\node_modules\appium\node_modules\io.appium.settings\apks\settings_apk-debug.apk'
2022-10-13 06:34:33:031 [ADB] Getting IDs of all 'io.appium.settings' processes
2022-10-13 06:34:33:031 [ADB] Running 'C:\Users\Shilpa\AppData\Local\Android\Sdk\platform-tools\adb.exe -P 5037 -s emulator-5554 shell 'pgrep --help; echo $?''
2022-10-13 06:34:33:074 [ADB] Running 'C:\Users\Shilpa\AppData\Local\Android\Sdk\platform-tools\adb.exe -P 5037 -s emulator-5554 shell pgrep -f \(\[\[:blank:\]\]\|\^\)io\.appium\.settings\(\[\[:blank:\]\]\|\$\)'
2022-10-13 06:34:33:166 [AndroidDriver] io.appium.settings is already running. There is no need to reset its permissions.
2022-10-13 06:34:33:167 [Logcat] Starting logs capture with command: C:\\Users\\Shilpa\\AppData\\Local\\Android\\Sdk\\platform-tools\\adb.exe -P 5037 -s emulator-5554 logcat -v threadtime
2022-10-13 06:34:33:224 [UiAutomator2] Forwarding UiAutomator2 Server port 6790 to local port 8203
2022-10-13 06:34:33:225 [ADB] Forwarding system: 8203 to device: 6790
2022-10-13 06:34:33:225 [ADB] Running 'C:\Users\Shilpa\AppData\Local\Android\Sdk\platform-tools\adb.exe -P 5037 -s emulator-5554 forward tcp:8203 tcp:6790'
2022-10-13 06:34:33:263 [ADB] Getting install status for io.appium.uiautomator2.server
2022-10-13 06:34:33:263 [ADB] Running 'C:\Users\Shilpa\AppData\Local\Android\Sdk\platform-tools\adb.exe -P 5037 -s emulator-5554 shell dumpsys package io.appium.uiautomator2.server'
2022-10-13 06:34:33:385 [ADB] 'io.appium.uiautomator2.server' is installed
2022-10-13 06:34:33:385 [ADB] Getting package info for 'io.appium.uiautomator2.server'
2022-10-13 06:34:33:385 [ADB] Running 'C:\Users\Shilpa\AppData\Local\Android\Sdk\platform-tools\adb.exe -P 5037 -s emulator-5554 shell dumpsys package io.appium.uiautomator2.server'
2022-10-13 06:34:33:686 [ADB] The version name of the installed 'io.appium.uiautomator2.server' is greater or equal to the application version name ('4.27.0' >= '4.27.0')
2022-10-13 06:34:33:686 [UiAutomator2] io.appium.uiautomator2.server installation state: sameVersionInstalled
2022-10-13 06:34:33:687 [ADB] Checking app cert for C:\Users\Shilpa\AppData\Roaming\npm\node_modules\appium\node_modules\appium-uiautomator2-server\apks\appium-uiautomator2-server-v4.27.0.apk
2022-10-13 06:34:33:707 [ADB] Using 'apksigner.jar' from 'C:\Users\Shilpa\AppData\Local\Android\Sdk\build-tools\33.0.0\lib\apksigner.jar'
2022-10-13 06:34:33:708 [ADB] Starting apksigner: 'C:\\Program Files\\Java\\jdk1.8.0_291\\bin\\java.exe' -Xmx1024M -Xss1m -jar C:\\Users\\Shilpa\\AppData\\Local\\Android\\Sdk\\build-tools\\33.0.0\\lib\\apksigner.jar verify --print-certs C:\\Users\\Shilpa\\AppData\\Roaming\\npm\\node_modules\\appium\\node_modules\\appium-uiautomator2-server\\apks\\appium-uiautomator2-server-v4.27.0.apk
2022-10-13 06:34:34:630 [ADB] apksigner stdout: Signer #1 certificate DN: EMAILADDRESS=android@android.com, CN=Android, OU=Android, O=Android, L=Mountain View, ST=California, C=US
2022-10-13 06:34:34:630 [ADB] Signer #1 certificate SHA-256 digest: a40da80a59d170caa950cf15c18c454d47a39b26989d8b640ecd745ba71bf5dc
2022-10-13 06:34:34:631 [ADB] Signer #1 certificate SHA-1 digest: 61ed377e85d386a8dfee6b864bd85b0bfaa5af81
2022-10-13 06:34:34:631 [ADB] Signer #1 certificate MD5 digest: e89b158e4bcf988ebd09eb83f5378e87
2022-10-13 06:34:34:631 [ADB] 
2022-10-13 06:34:34:631 [ADB] sha256 hash did match for 'appium-uiautomator2-server-v4.27.0.apk'
2022-10-13 06:34:34:631 [ADB] 'C:\Users\Shilpa\AppData\Roaming\npm\node_modules\appium\node_modules\appium-uiautomator2-server\apks\appium-uiautomator2-server-v4.27.0.apk' is signed with the default certificate
2022-10-13 06:34:34:631 [ADB] Getting install status for io.appium.uiautomator2.server.test
2022-10-13 06:34:34:631 [ADB] Running 'C:\Users\Shilpa\AppData\Local\Android\Sdk\platform-tools\adb.exe -P 5037 -s emulator-5554 shell dumpsys package io.appium.uiautomator2.server.test'
2022-10-13 06:34:34:681 [ADB] 'io.appium.uiautomator2.server.test' is installed
2022-10-13 06:34:34:681 [ADB] Checking app cert for C:\Users\Shilpa\AppData\Roaming\npm\node_modules\appium\node_modules\appium-uiautomator2-server\apks\appium-uiautomator2-server-debug-androidTest.apk
2022-10-13 06:34:34:684 [ADB] Starting apksigner: 'C:\\Program Files\\Java\\jdk1.8.0_291\\bin\\java.exe' -Xmx1024M -Xss1m -jar C:\\Users\\Shilpa\\AppData\\Local\\Android\\Sdk\\build-tools\\33.0.0\\lib\\apksigner.jar verify --print-certs C:\\Users\\Shilpa\\AppData\\Roaming\\npm\\node_modules\\appium\\node_modules\\appium-uiautomator2-server\\apks\\appium-uiautomator2-server-debug-androidTest.apk
2022-10-13 06:34:35:046 [ADB] apksigner stdout: Signer #1 certificate DN: EMAILADDRESS=android@android.com, CN=Android, OU=Android, O=Android, L=Mountain View, ST=California, C=US
2022-10-13 06:34:35:047 [ADB] Signer #1 certificate SHA-256 digest: a40da80a59d170caa950cf15c18c454d47a39b26989d8b640ecd745ba71bf5dc
2022-10-13 06:34:35:047 [ADB] Signer #1 certificate SHA-1 digest: 61ed377e85d386a8dfee6b864bd85b0bfaa5af81
2022-10-13 06:34:35:047 [ADB] Signer #1 certificate MD5 digest: e89b158e4bcf988ebd09eb83f5378e87
2022-10-13 06:34:35:047 [ADB] 
2022-10-13 06:34:35:047 [ADB] sha256 hash did match for 'appium-uiautomator2-server-debug-androidTest.apk'
2022-10-13 06:34:35:047 [ADB] 'C:\Users\Shilpa\AppData\Roaming\npm\node_modules\appium\node_modules\appium-uiautomator2-server\apks\appium-uiautomator2-server-debug-androidTest.apk' is signed with the default certificate
2022-10-13 06:34:35:047 [UiAutomator2] Server packages are not going to be (re)installed
2022-10-13 06:34:35:049 [UiAutomator2] Waiting up to 30000ms for services to be available
2022-10-13 06:34:35:050 [ADB] Running 'C:\Users\Shilpa\AppData\Local\Android\Sdk\platform-tools\adb.exe -P 5037 -s emulator-5554 shell pm list instrumentation'
2022-10-13 06:34:35:112 [UiAutomator2] Instrumentation target 'io.appium.uiautomator2.server.test/androidx.test.runner.AndroidJUnitRunner' is available
2022-10-13 06:34:35:115 [ADB] Adding packages ["io.appium.settings","io.appium.uiautomator2.server","io.appium.uiautomator2.server.test"] to Doze whitelist
2022-10-13 06:34:35:115 [ADB] Got the following command chunks to execute: [["dumpsys","deviceidle","whitelist","+io.appium.settings",";","dumpsys","deviceidle","whitelist","+io.appium.uiautomator2.server",";","dumpsys","deviceidle","whitelist","+io.appium.uiautomator2.server.test",";"]]
2022-10-13 06:34:35:115 [ADB] Running 'C:\Users\Shilpa\AppData\Local\Android\Sdk\platform-tools\adb.exe -P 5037 -s emulator-5554 shell dumpsys deviceidle whitelist +io.appium.settings ; dumpsys deviceidle whitelist +io.appium.uiautomator2.server ; dumpsys deviceidle whitelist +io.appium.uiautomator2.server.test ;'
2022-10-13 06:34:35:205 [ADB] Checking app cert for C:\Users\Shilpa\Documents\New_Sri_Mandir\SRI_MANDIR(Different languages)1\src\main\java\resources\app-debug-3.7.5.apk
2022-10-13 06:34:35:438 [ADB] Starting apksigner: 'C:\\Program Files\\Java\\jdk1.8.0_291\\bin\\java.exe' -Xmx1024M -Xss1m -jar C:\\Users\\Shilpa\\AppData\\Local\\Android\\Sdk\\build-tools\\33.0.0\\lib\\apksigner.jar verify --print-certs 'C:\\Users\\Shilpa\\Documents\\New_Sri_Mandir\\SRI_MANDIR(Different languages)1\\src\\main\\java\\resources\\app-debug-3.7.5.apk'
2022-10-13 06:34:39:272 [ADB] apksigner stdout: Signer #1 certificate DN: C=US, O=Android, CN=Android Debug
2022-10-13 06:34:39:272 [ADB] Signer #1 certificate SHA-256 digest: 468f8d0eca3bb01d2f428ec8b54a99b3813d746f45499a1b98320fb67de13b88
2022-10-13 06:34:39:272 [ADB] Signer #1 certificate SHA-1 digest: 6af3fb8b6c2faff18497cde281bcb0971856f899
2022-10-13 06:34:39:272 [ADB] Signer #1 certificate MD5 digest: 80c2152efe8fbaf12745baabbb4c6045
2022-10-13 06:34:39:272 [ADB] 
2022-10-13 06:34:39:272 [ADB] 'C:\Users\Shilpa\Documents\New_Sri_Mandir\SRI_MANDIR(Different languages)1\src\main\java\resources\app-debug-3.7.5.apk' is signed with a non-default certificate
2022-10-13 06:34:39:272 [ADB] Getting install status for com.mandir
2022-10-13 06:34:39:273 [ADB] Running 'C:\Users\Shilpa\AppData\Local\Android\Sdk\platform-tools\adb.exe -P 5037 -s emulator-5554 shell dumpsys package com.mandir'
2022-10-13 06:34:39:344 [ADB] 'com.mandir' is installed
2022-10-13 06:34:39:344 [ADB] Getting package info for 'com.mandir'
2022-10-13 06:34:39:345 [ADB] Running 'C:\Users\Shilpa\AppData\Local\Android\Sdk\platform-tools\adb.exe -P 5037 -s emulator-5554 shell dumpsys package com.mandir'
2022-10-13 06:34:39:424 [ADB] The version name of the installed 'com.mandir' is greater or equal to the application version name ('3.7.5' >= '3.7.5')
2022-10-13 06:34:39:424 [ADB] There is no need to install/upgrade 'C:\Users\Shilpa\Documents\New_Sri_Mandir\SRI_MANDIR(Different languages)1\src\main\java\resources\app-debug-3.7.5.apk'
2022-10-13 06:34:39:425 [UiAutomator2] Performing shallow cleanup of automation leftovers
2022-10-13 06:34:39:455 [UiAutomator2] The following obsolete sessions are still running: ["c55d813f-bce4-42a5-a611-82cb8c5a7ca4"]
2022-10-13 06:34:39:456 [UiAutomator2] Cleaning up 1 obsolete session
2022-10-13 06:34:40:494 [ADB] Running 'C:\Users\Shilpa\AppData\Local\Android\Sdk\platform-tools\adb.exe -P 5037 -s emulator-5554 shell am force-stop io.appium.uiautomator2.server.test'
2022-10-13 06:34:40:559 [UiAutomator2] Starting UIAutomator2 server 4.27.0
2022-10-13 06:34:40:560 [UiAutomator2] Using UIAutomator2 server from 'C:\Users\Shilpa\AppData\Roaming\npm\node_modules\appium\node_modules\appium-uiautomator2-server\apks\appium-uiautomator2-server-v4.27.0.apk' and test from 'C:\Users\Shilpa\AppData\Roaming\npm\node_modules\appium\node_modules\appium-uiautomator2-server\apks\appium-uiautomator2-server-debug-androidTest.apk'
2022-10-13 06:34:40:560 [UiAutomator2] Waiting up to 30000ms for UiAutomator2 to be online...
2022-10-13 06:34:40:560 [ADB] Creating ADB subprocess with args: ["-P",5037,"-s","emulator-5554","shell","am","instrument","-w","-e","disableAnalytics",true,"io.appium.uiautomator2.server.test/androidx.test.runner.AndroidJUnitRunner"]
2022-10-13 06:34:40:564 [WD Proxy] Matched '/status' to command name 'getStatus'
2022-10-13 06:34:40:565 [WD Proxy] Proxying [GET /status] to [GET http://127.0.0.1:8203/wd/hub/status] with no body
2022-10-13 06:34:40:580 [WD Proxy] socket hang up
2022-10-13 06:34:41:424 [Instrumentation] io.appium.uiautomator2.server.test.AppiumUiAutomator2Server:
2022-10-13 06:34:41:593 [WD Proxy] Matched '/status' to command name 'getStatus'
2022-10-13 06:34:41:593 [WD Proxy] Proxying [GET /status] to [GET http://127.0.0.1:8203/wd/hub/status] with no body
2022-10-13 06:34:41:603 [WD Proxy] socket hang up
2022-10-13 06:34:42:609 [WD Proxy] Matched '/status' to command name 'getStatus'
2022-10-13 06:34:42:610 [WD Proxy] Proxying [GET /status] to [GET http://127.0.0.1:8203/wd/hub/status] with no body
2022-10-13 06:34:42:617 [WD Proxy] socket hang up
2022-10-13 06:34:43:626 [WD Proxy] Matched '/status' to command name 'getStatus'
2022-10-13 06:34:43:626 [WD Proxy] Proxying [GET /status] to [GET http://127.0.0.1:8203/wd/hub/status] with no body
2022-10-13 06:34:43:826 [WD Proxy] Got response with status 200: {"sessionId":"None","value":{"message":"UiAutomator2 Server is ready to accept commands","ready":true}}
2022-10-13 06:34:43:827 [UiAutomator2] The initialization of the instrumentation process took 3267ms
2022-10-13 06:34:43:827 [WD Proxy] Matched '/session' to command name 'createSession'
2022-10-13 06:34:43:827 [WD Proxy] Proxying [POST /session] to [POST http://127.0.0.1:8203/wd/hub/session] with body: {"capabilities":{"firstMatch":[{"platform":"ANDROID","webStorageEnabled":false,"takesScreenshot":true,"javascriptEnabled":true,"databaseEnabled":false,"networkConnectionEnabled":true,"locationContextEnabled":false,"warnings":{},"desired":{"platformName":"android","platform":"ANDROID","app":"./src/main/java/resources/app-debug-3.7.5.apk","autoGrantPermissions":true,"automationName":"UiAutomator2","noReset":true,"udid":"emulator-5554"},"platformName":"android","app":"./src/main/java/resources/app-debug-3.7.5.apk","autoGrantPermissions":true,"automationName":"UiAutomator2","noReset":true,"udid":"emulator-5554","deviceName":"emulator-5554","deviceUDID":"emulator-5554","appPackage":"com.mandir"}],"alwaysMatch":{}}}
2022-10-13 06:34:43:874 [WD Proxy] Got response with status 200: {"sessionId":"060331d3-e39e-48d8-be07-e256b19624a2","value":{"capabilities":{"firstMatch":[{"platform":"ANDROID","webStorageEnabled":false,"takesScreenshot":true,"javascriptEnabled":true,"databaseEnabled":false,"networkConnectionEnabled":true,"locationContextEnabled":false,"warnings":{},"desired":{"platformName":"android","platform":"ANDROID","app":"./src/main/java/resources/app-debug-3.7.5.apk","autoGrantPermissions":true,"automationName":"UiAutomator2","noReset":true,"udid":"emulator-5554"},"platformName":"android","app":"./src/main/java/resources/app-debug-3.7.5.apk","autoGrantPermissions":true,"automationName":"UiAutomator2","noReset":true,"udid":"emulator-5554","deviceName":"emulator-5554","deviceUDID":"emulator-5554","appPackage":"com.mandir"}],"alwaysMatch":{}},"sessionId":"060331d3-e39e-48d8-be07-e256b19624a2"}}
2022-10-13 06:34:43:874 [WD Proxy] Determined the downstream protocol as 'W3C'
2022-10-13 06:34:43:885 [WD Proxy] Proxying [GET /appium/device/info] to [GET http://127.0.0.1:8203/wd/hub/session/060331d3-e39e-48d8-be07-e256b19624a2/appium/device/info] with no body
2022-10-13 06:34:43:916 [WD Proxy] Got response with status 200: {"sessionId":"060331d3-e39e-48d8-be07-e256b19624a2","value":{"androidId":"3904ad1126ed39dd","apiVersion":"31","bluetooth":{"state":"ON"},"brand":"google","carrierName":"T-Mobile","displayDensity":440,"locale":"en_US","manufacturer":"Google","model":"sdk_gphone64_x86_64","networks":[{"capabilities":{"SSID":null,"linkDownBandwidthKbps":30000,"linkUpstreamBandwidthKbps":12000,"networkCapabilities":"NET_CAPABILITY_NOT_METERED,NET_CAPABILITY_INTERNET,NET_CAPABILITY_NOT_RESTRICTED,NET_CAPABILITY_TRUSTED,NET_CAPABILITY_NOT_VPN,NET_CAPABILITY_VALIDATED,NET_CAPABILITY_NOT_ROAMING,NET_CAPABILITY_FOREGROUND,NET_CAPABILITY_NOT_CONGESTED,NET_CAPABILITY_NOT_SUSPENDED","signalStrength":-50,"transportTypes":"TRANSPORT_WIFI"},"detailedState":"CONNECTED","extraInfo":"","isAvailable":true,"isConnected":true,"isFailover":false,"isRoaming":false,"state":"CONNECTED","subtype":-1,"subtypeName":"","type":1,"typeName":"WIFI"},{"capabilities":{"SSID":null,"linkDownBandwidthKbps":4300,"linkUpstreamBandwidthKbps":1800,"networkCapabil...
2022-10-13 06:34:43:917 [ADB] Running 'C:\Users\Shilpa\AppData\Local\Android\Sdk\platform-tools\adb.exe -P 5037 -s emulator-5554 shell dumpsys window'
2022-10-13 06:34:43:986 [AndroidDriver] Screen already unlocked, doing nothing
2022-10-13 06:34:43:986 [UiAutomator2] Starting 'com.mandir/com.mandir.ui.activity.SplashActivity and waiting for 'com.mandir/com.mandir.ui.activity.SplashActivity'
2022-10-13 06:34:43:987 [ADB] Running 'C:\Users\Shilpa\AppData\Local\Android\Sdk\platform-tools\adb.exe -P 5037 -s emulator-5554 shell am start -W -n com.mandir/com.mandir.ui.activity.SplashActivity -S -a android.intent.action.MAIN -c android.intent.category.LAUNCHER -f 0x10200000'
2022-10-13 06:34:49:639 [ADB] Waiting up to 20000ms for activity matching pkg: 'com.mandir' and activity: 'com.mandir.ui.activity.SplashActivity' to be focused
2022-10-13 06:34:49:640 [ADB] Possible activities, to be checked: 'com.mandir.ui.activity.SplashActivity', 'com.mandir.com.mandir.ui.activity.SplashActivity'
2022-10-13 06:34:49:640 [ADB] Getting focused package and activity
2022-10-13 06:34:49:641 [ADB] Running 'C:\Users\Shilpa\AppData\Local\Android\Sdk\platform-tools\adb.exe -P 5037 -s emulator-5554 shell dumpsys window displays'
2022-10-13 06:34:49:740 [ADB] Found package: 'com.mandir' and fully qualified activity name : 'com.mandir.ui.activity.SplashActivity'
2022-10-13 06:34:49:760 [WD Proxy] Proxying [GET /appium/device/pixel_ratio] to [GET http://127.0.0.1:8203/wd/hub/session/060331d3-e39e-48d8-be07-e256b19624a2/appium/device/pixel_ratio] with no body
2022-10-13 06:34:49:778 [WD Proxy] Got response with status 200: {"sessionId":"060331d3-e39e-48d8-be07-e256b19624a2","value":2.75}
2022-10-13 06:34:49:780 [WD Proxy] Matched '/appium/device/system_bars' to command name 'getSystemBars'
2022-10-13 06:34:49:783 [WD Proxy] Proxying [GET /appium/device/system_bars] to [GET http://127.0.0.1:8203/wd/hub/session/060331d3-e39e-48d8-be07-e256b19624a2/appium/device/system_bars] with no body
2022-10-13 06:34:49:802 [WD Proxy] Got response with status 200: {"sessionId":"060331d3-e39e-48d8-be07-e256b19624a2","value":{"statusBar":66}}
2022-10-13 06:34:49:803 [WD Proxy] Matched '/window/current/size' to command name 'getWindowSize'
2022-10-13 06:34:49:804 [WD Proxy] Proxying [GET /window/current/size] to [GET http://127.0.0.1:8203/wd/hub/session/060331d3-e39e-48d8-be07-e256b19624a2/window/current/size] with no body
2022-10-13 06:34:49:816 [WD Proxy] Got response with status 200: {"sessionId":"060331d3-e39e-48d8-be07-e256b19624a2","value":{"height":2148,"width":1080}}
2022-10-13 06:34:49:817 [Appium] New AndroidUiautomator2Driver session created successfully, session f1b2c6b8-5208-4778-8d0f-3ad9b5fc52ad added to master session list
2022-10-13 06:34:49:818 [BaseDriver] Event 'newSessionStarted' logged at 1665642889818 (12:04:49 GMT+0530 (India Standard Time))
2022-10-13 06:34:49:819 [W3C (f1b2c6b8)] Cached the protocol value 'W3C' for the new session f1b2c6b8-5208-4778-8d0f-3ad9b5fc52ad
2022-10-13 06:34:49:820 [W3C (f1b2c6b8)] Responding to client with driver.createSession() result: {"capabilities":{"platform":"ANDROID","webStorageEnabled":false,"takesScreenshot":true,"javascriptEnabled":true,"databaseEnabled":false,"networkConnectionEnabled":true,"locationContextEnabled":false,"warnings":{},"desired":{"platformName":"android","platform":"ANDROID","app":"./src/main/java/resources/app-debug-3.7.5.apk","autoGrantPermissions":true,"automationName":"UiAutomator2","noReset":true,"udid":"emulator-5554"},"platformName":"android","app":"./src/main/java/resources/app-debug-3.7.5.apk","autoGrantPermissions":true,"automationName":"UiAutomator2","noReset":true,"udid":"emulator-5554","deviceName":"emulator-5554","deviceUDID":"emulator-5554","appPackage":"com.mandir","deviceApiLevel":31,"platformVersion":"12","deviceScreenSize":"1080x2280","deviceScreenDensity":440,"deviceModel":"sdk_gphone64_x86_64","deviceManufacturer":"Google","pixelRatio":2.75,"statBarHeight":66,"viewportRect":{"left":0,"top":66,"width":1080,"height":2082}}}
2022-10-13 06:34:49:822 [HTTP] <-- POST /wd/hub/session 200 17636 ms - 1011
2022-10-13 06:34:49:822 [HTTP] 
2022-10-13 06:34:49:901 [HTTP] --> GET /wd/hub/session/f1b2c6b8-5208-4778-8d0f-3ad9b5fc52ad
2022-10-13 06:34:49:901 [HTTP] {}
2022-10-13 06:34:49:903 [W3C (f1b2c6b8)] Calling AppiumDriver.getSession() with args: ["f1b2c6b8-5208-4778-8d0f-3ad9b5fc52ad"]
2022-10-13 06:34:49:904 [UiAutomator2] Getting session details from server to mix in
2022-10-13 06:34:49:904 [WD Proxy] Matched '/' to command name 'getSession'
2022-10-13 06:34:49:904 [WD Proxy] Proxying [GET /] to [GET http://127.0.0.1:8203/wd/hub/session/060331d3-e39e-48d8-be07-e256b19624a2] with no body
2022-10-13 06:34:49:941 [WD Proxy] Got response with status 200: {"sessionId":"060331d3-e39e-48d8-be07-e256b19624a2","value":{"lastScrollData":null}}
2022-10-13 06:34:49:941 [W3C (f1b2c6b8)] Responding to client with driver.getSession() result: {"platform":"ANDROID","webStorageEnabled":false,"takesScreenshot":true,"javascriptEnabled":true,"databaseEnabled":false,"networkConnectionEnabled":true,"locationContextEnabled":false,"warnings":{},"desired":{"platformName":"android","platform":"ANDROID","app":"./src/main/java/resources/app-debug-3.7.5.apk","autoGrantPermissions":true,"automationName":"UiAutomator2","noReset":true,"udid":"emulator-5554"},"platformName":"android","app":"./src/main/java/resources/app-debug-3.7.5.apk","autoGrantPermissions":true,"automationName":"UiAutomator2","noReset":true,"udid":"emulator-5554","deviceName":"emulator-5554","deviceUDID":"emulator-5554","appPackage":"com.mandir","deviceApiLevel":31,"platformVersion":"12","deviceScreenSize":"1080x2280","deviceScreenDensity":440,"deviceModel":"sdk_gphone64_x86_64","deviceManufacturer":"Google","pixelRatio":2.75,"statBarHeight":66,"viewportRect":{"left":0,"top":66,"width":1080,"height":2082},"lastScrollData":null}
2022-10-13 06:34:49:943 [HTTP] <-- GET /wd/hub/session/f1b2c6b8-5208-4778-8d0f-3ad9b5fc52ad 200 42 ms - 965
2022-10-13 06:34:49:944 [HTTP] 
2022-10-13 06:34:49:951 [HTTP] --> GET /wd/hub/session/f1b2c6b8-5208-4778-8d0f-3ad9b5fc52ad
2022-10-13 06:34:49:952 [HTTP] {}
2022-10-13 06:34:49:953 [W3C (f1b2c6b8)] Calling AppiumDriver.getSession() with args: ["f1b2c6b8-5208-4778-8d0f-3ad9b5fc52ad"]
2022-10-13 06:34:49:953 [UiAutomator2] Getting session details from server to mix in
2022-10-13 06:34:49:953 [WD Proxy] Matched '/' to command name 'getSession'
2022-10-13 06:34:49:954 [WD Proxy] Proxying [GET /] to [GET http://127.0.0.1:8203/wd/hub/session/060331d3-e39e-48d8-be07-e256b19624a2] with no body
2022-10-13 06:34:49:987 [WD Proxy] Got response with status 200: {"sessionId":"060331d3-e39e-48d8-be07-e256b19624a2","value":{"lastScrollData":null}}
2022-10-13 06:34:49:989 [W3C (f1b2c6b8)] Responding to client with driver.getSession() result: {"platform":"ANDROID","webStorageEnabled":false,"takesScreenshot":true,"javascriptEnabled":true,"databaseEnabled":false,"networkConnectionEnabled":true,"locationContextEnabled":false,"warnings":{},"desired":{"platformName":"android","platform":"ANDROID","app":"./src/main/java/resources/app-debug-3.7.5.apk","autoGrantPermissions":true,"automationName":"UiAutomator2","noReset":true,"udid":"emulator-5554"},"platformName":"android","app":"./src/main/java/resources/app-debug-3.7.5.apk","autoGrantPermissions":true,"automationName":"UiAutomator2","noReset":true,"udid":"emulator-5554","deviceName":"emulator-5554","deviceUDID":"emulator-5554","appPackage":"com.mandir","deviceApiLevel":31,"platformVersion":"12","deviceScreenSize":"1080x2280","deviceScreenDensity":440,"deviceModel":"sdk_gphone64_x86_64","deviceManufacturer":"Google","pixelRatio":2.75,"statBarHeight":66,"viewportRect":{"left":0,"top":66,"width":1080,"height":2082},"lastScrollData":null}
2022-10-13 06:34:49:991 [HTTP] <-- GET /wd/hub/session/f1b2c6b8-5208-4778-8d0f-3ad9b5fc52ad 200 39 ms - 965
2022-10-13 06:34:49:991 [HTTP] 
2022-10-13 06:34:50:004 [HTTP] --> POST /wd/hub/session/f1b2c6b8-5208-4778-8d0f-3ad9b5fc52ad/timeouts
2022-10-13 06:34:50:005 [HTTP] {"implicit":50000}
2022-10-13 06:34:50:007 [W3C (f1b2c6b8)] Calling AppiumDriver.timeouts() with args: [null,null,null,null,50000,"f1b2c6b8-5208-4778-8d0f-3ad9b5fc52ad"]
2022-10-13 06:34:50:008 [BaseDriver] W3C timeout argument: {"implicit":50000}}
2022-10-13 06:34:50:009 [BaseDriver] Set implicit wait to 50000ms
2022-10-13 06:34:50:009 [W3C (f1b2c6b8)] Responding to client with driver.timeouts() result: null
2022-10-13 06:34:50:011 [HTTP] <-- POST /wd/hub/session/f1b2c6b8-5208-4778-8d0f-3ad9b5fc52ad/timeouts 200 6 ms - 14
2022-10-13 06:34:50:011 [HTTP] 
2022-10-13 06:34:50:074 [HTTP] --> POST /wd/hub/session/f1b2c6b8-5208-4778-8d0f-3ad9b5fc52ad/element
2022-10-13 06:34:50:074 [HTTP] {"using":"id","value":"com.mandir:id/iv_flower"}
2022-10-13 06:34:50:080 [W3C (f1b2c6b8)] Calling AppiumDriver.findElement() with args: ["id","com.mandir:id/iv_flower","f1b2c6b8-5208-4778-8d0f-3ad9b5fc52ad"]
2022-10-13 06:34:50:081 [BaseDriver] Valid locator strategies for this request: xpath, id, class name, accessibility id, css selector, -android uiautomator
2022-10-13 06:34:50:082 [BaseDriver] Waiting up to 50000 ms for condition
2022-10-13 06:34:50:083 [WD Proxy] Matched '/element' to command name 'findElement'
2022-10-13 06:34:50:083 [WD Proxy] Proxying [POST /element] to [POST http://127.0.0.1:8203/wd/hub/session/060331d3-e39e-48d8-be07-e256b19624a2/element] with body: {"strategy":"id","selector":"com.mandir:id/iv_flower","context":"","multiple":false}
2022-10-13 06:34:51:146 [WD Proxy] Got response with status 404: {"sessionId":"060331d3-e39e-48d8-be07-e256b19624a2","value":{"error":"no such element","message":"An element could not be located on the page using the given search parameters","stacktrace":"io.appium.uiautomator2.common.exceptions.ElementNotFoundException: An element could not be located on the page using the given search parameters\n\tat io.appium.uiautomator2.handler.FindElement.safeHandle(FindElement.java:70)\n\tat io.appium.uiautomator2.handler.request.SafeRequestHandler.handle(SafeRequestHandler.java:59)\n\tat io.appium.uiautomator2.server.AppiumServlet.handleRequest(AppiumServlet.java:266)\n\tat io.appium.uiautomator2.server.AppiumServlet.handleHttpRequest(AppiumServlet.java:260)\n\tat io.appium.uiautomator2.http.ServerHandler.channelRead(ServerHandler.java:68)\n\tat io.netty.channel.AbstractChannelHandlerContext.invokeChannelRead(AbstractChannelHandlerContext.java:366)\n\tat io.netty.channel.AbstractChannelHandlerContext.invokeChannelRead(AbstractChannelHandlerContext.java:352)\n\tat io.netty.chann...
2022-10-13 06:34:51:147 [W3C] Matched W3C error code 'no such element' to NoSuchElementError
2022-10-13 06:34:51:148 [BaseDriver] Waited for 1066 ms so far
2022-10-13 06:34:51:655 [WD Proxy] Matched '/element' to command name 'findElement'
2022-10-13 06:34:51:655 [WD Proxy] Proxying [POST /element] to [POST http://127.0.0.1:8203/wd/hub/session/060331d3-e39e-48d8-be07-e256b19624a2/element] with body: {"strategy":"id","selector":"com.mandir:id/iv_flower","context":"","multiple":false}
2022-10-13 06:34:55:292 [WD Proxy] Got response with status 404: {"sessionId":"060331d3-e39e-48d8-be07-e256b19624a2","value":{"error":"no such element","message":"An element could not be located on the page using the given search parameters","stacktrace":"io.appium.uiautomator2.common.exceptions.ElementNotFoundException: An element could not be located on the page using the given search parameters\n\tat io.appium.uiautomator2.handler.FindElement.safeHandle(FindElement.java:70)\n\tat io.appium.uiautomator2.handler.request.SafeRequestHandler.handle(SafeRequestHandler.java:59)\n\tat io.appium.uiautomator2.server.AppiumServlet.handleRequest(AppiumServlet.java:266)\n\tat io.appium.uiautomator2.server.AppiumServlet.handleHttpRequest(AppiumServlet.java:260)\n\tat io.appium.uiautomator2.http.ServerHandler.channelRead(ServerHandler.java:68)\n\tat io.netty.channel.AbstractChannelHandlerContext.invokeChannelRead(AbstractChannelHandlerContext.java:366)\n\tat io.netty.channel.AbstractChannelHandlerContext.invokeChannelRead(AbstractChannelHandlerContext.java:352)\n\tat io.netty.chann...
2022-10-13 06:34:55:293 [W3C] Matched W3C error code 'no such element' to NoSuchElementError
2022-10-13 06:34:55:293 [BaseDriver] Waited for 5211 ms so far
2022-10-13 06:34:55:806 [WD Proxy] Matched '/element' to command name 'findElement'
2022-10-13 06:34:55:808 [WD Proxy] Proxying [POST /element] to [POST http://127.0.0.1:8203/wd/hub/session/060331d3-e39e-48d8-be07-e256b19624a2/element] with body: {"strategy":"id","selector":"com.mandir:id/iv_flower","context":"","multiple":false}
2022-10-13 06:34:58:256 [WD Proxy] Got response with status 200: {"sessionId":"060331d3-e39e-48d8-be07-e256b19624a2","value":{"ELEMENT":"00000000-0000-0056-ffff-ffff00000051","element-6066-11e4-a52e-4f735466cecf":"00000000-0000-0056-ffff-ffff00000051"}}
2022-10-13 06:34:58:257 [W3C (f1b2c6b8)] Responding to client with driver.findElement() result: {"element-6066-11e4-a52e-4f735466cecf":"00000000-0000-0056-ffff-ffff00000051","ELEMENT":"00000000-0000-0056-ffff-ffff00000051"}
2022-10-13 06:34:58:258 [HTTP] <-- POST /wd/hub/session/f1b2c6b8-5208-4778-8d0f-3ad9b5fc52ad/element 200 8184 ms - 137
2022-10-13 06:34:58:258 [HTTP] 
2022-10-13 06:34:58:277 [HTTP] --> POST /wd/hub/session/f1b2c6b8-5208-4778-8d0f-3ad9b5fc52ad/element
2022-10-13 06:34:58:277 [HTTP] {"using":"id","value":"com.mandir:id/iv_flower"}
2022-10-13 06:34:58:280 [W3C (f1b2c6b8)] Calling AppiumDriver.findElement() with args: ["id","com.mandir:id/iv_flower","f1b2c6b8-5208-4778-8d0f-3ad9b5fc52ad"]
2022-10-13 06:34:58:281 [BaseDriver] Valid locator strategies for this request: xpath, id, class name, accessibility id, css selector, -android uiautomator
2022-10-13 06:34:58:281 [BaseDriver] Waiting up to 50000 ms for condition
2022-10-13 06:34:58:282 [WD Proxy] Matched '/element' to command name 'findElement'
2022-10-13 06:34:58:282 [WD Proxy] Proxying [POST /element] to [POST http://127.0.0.1:8203/wd/hub/session/060331d3-e39e-48d8-be07-e256b19624a2/element] with body: {"strategy":"id","selector":"com.mandir:id/iv_flower","context":"","multiple":false}
2022-10-13 06:34:59:661 [WD Proxy] Got response with status 200: {"sessionId":"060331d3-e39e-48d8-be07-e256b19624a2","value":{"ELEMENT":"00000000-0000-0056-ffff-ffff00000051","element-6066-11e4-a52e-4f735466cecf":"00000000-0000-0056-ffff-ffff00000051"}}
2022-10-13 06:34:59:662 [W3C (f1b2c6b8)] Responding to client with driver.findElement() result: {"element-6066-11e4-a52e-4f735466cecf":"00000000-0000-0056-ffff-ffff00000051","ELEMENT":"00000000-0000-0056-ffff-ffff00000051"}
2022-10-13 06:34:59:663 [HTTP] <-- POST /wd/hub/session/f1b2c6b8-5208-4778-8d0f-3ad9b5fc52ad/element 200 1386 ms - 137
2022-10-13 06:34:59:664 [HTTP] 
2022-10-13 06:34:59:669 [HTTP] --> GET /wd/hub/session/f1b2c6b8-5208-4778-8d0f-3ad9b5fc52ad/element/00000000-0000-0056-ffff-ffff00000051/displayed
2022-10-13 06:34:59:669 [HTTP] {}
2022-10-13 06:34:59:671 [W3C (f1b2c6b8)] Calling AppiumDriver.elementDisplayed() with args: ["00000000-0000-0056-ffff-ffff00000051","f1b2c6b8-5208-4778-8d0f-3ad9b5fc52ad"]
2022-10-13 06:34:59:674 [WD Proxy] Matched '/element/00000000-0000-0056-ffff-ffff00000051/attribute/displayed' to command name 'getAttribute'
2022-10-13 06:34:59:675 [WD Proxy] Proxying [GET /element/00000000-0000-0056-ffff-ffff00000051/attribute/displayed] to [GET http://127.0.0.1:8203/wd/hub/session/060331d3-e39e-48d8-be07-e256b19624a2/element/00000000-0000-0056-ffff-ffff00000051/attribute/displayed] with no body
2022-10-13 06:34:59:744 [WD Proxy] Got response with status 200: {"sessionId":"060331d3-e39e-48d8-be07-e256b19624a2","value":"true"}
2022-10-13 06:34:59:745 [W3C (f1b2c6b8)] Responding to client with driver.elementDisplayed() result: true
2022-10-13 06:34:59:746 [HTTP] <-- GET /wd/hub/session/f1b2c6b8-5208-4778-8d0f-3ad9b5fc52ad/element/00000000-0000-0056-ffff-ffff00000051/displayed 200 76 ms - 14
2022-10-13 06:34:59:746 [HTTP] 
2022-10-13 06:34:59:753 [HTTP] --> POST /wd/hub/session/f1b2c6b8-5208-4778-8d0f-3ad9b5fc52ad/element
2022-10-13 06:34:59:753 [HTTP] {"using":"id","value":"com.mandir:id/iv_flower"}
2022-10-13 06:34:59:754 [W3C (f1b2c6b8)] Calling AppiumDriver.findElement() with args: ["id","com.mandir:id/iv_flower","f1b2c6b8-5208-4778-8d0f-3ad9b5fc52ad"]
2022-10-13 06:34:59:756 [BaseDriver] Valid locator strategies for this request: xpath, id, class name, accessibility id, css selector, -android uiautomator
2022-10-13 06:34:59:756 [BaseDriver] Waiting up to 50000 ms for condition
2022-10-13 06:34:59:756 [WD Proxy] Matched '/element' to command name 'findElement'
2022-10-13 06:34:59:757 [WD Proxy] Proxying [POST /element] to [POST http://127.0.0.1:8203/wd/hub/session/060331d3-e39e-48d8-be07-e256b19624a2/element] with body: {"strategy":"id","selector":"com.mandir:id/iv_flower","context":"","multiple":false}
2022-10-13 06:35:00:571 [WD Proxy] Got response with status 200: {"sessionId":"060331d3-e39e-48d8-be07-e256b19624a2","value":{"ELEMENT":"00000000-0000-0056-ffff-ffff00000051","element-6066-11e4-a52e-4f735466cecf":"00000000-0000-0056-ffff-ffff00000051"}}
2022-10-13 06:35:00:572 [W3C (f1b2c6b8)] Responding to client with driver.findElement() result: {"element-6066-11e4-a52e-4f735466cecf":"00000000-0000-0056-ffff-ffff00000051","ELEMENT":"00000000-0000-0056-ffff-ffff00000051"}
2022-10-13 06:35:00:573 [HTTP] <-- POST /wd/hub/session/f1b2c6b8-5208-4778-8d0f-3ad9b5fc52ad/element 200 819 ms - 137
2022-10-13 06:35:00:577 [HTTP] 
2022-10-13 06:35:00:582 [HTTP] --> POST /wd/hub/session/f1b2c6b8-5208-4778-8d0f-3ad9b5fc52ad/element
2022-10-13 06:35:00:582 [HTTP] {"using":"id","value":"com.mandir:id/iv_flower"}
2022-10-13 06:35:00:583 [W3C (f1b2c6b8)] Calling AppiumDriver.findElement() with args: ["id","com.mandir:id/iv_flower","f1b2c6b8-5208-4778-8d0f-3ad9b5fc52ad"]
2022-10-13 06:35:00:583 [BaseDriver] Valid locator strategies for this request: xpath, id, class name, accessibility id, css selector, -android uiautomator
2022-10-13 06:35:00:584 [BaseDriver] Waiting up to 50000 ms for condition
2022-10-13 06:35:00:584 [WD Proxy] Matched '/element' to command name 'findElement'
2022-10-13 06:35:00:584 [WD Proxy] Proxying [POST /element] to [POST http://127.0.0.1:8203/wd/hub/session/060331d3-e39e-48d8-be07-e256b19624a2/element] with body: {"strategy":"id","selector":"com.mandir:id/iv_flower","context":"","multiple":false}
2022-10-13 06:35:01:492 [WD Proxy] Got response with status 200: {"sessionId":"060331d3-e39e-48d8-be07-e256b19624a2","value":{"ELEMENT":"00000000-0000-0056-ffff-ffff00000051","element-6066-11e4-a52e-4f735466cecf":"00000000-0000-0056-ffff-ffff00000051"}}
2022-10-13 06:35:01:493 [W3C (f1b2c6b8)] Responding to client with driver.findElement() result: {"element-6066-11e4-a52e-4f735466cecf":"00000000-0000-0056-ffff-ffff00000051","ELEMENT":"00000000-0000-0056-ffff-ffff00000051"}
2022-10-13 06:35:01:494 [HTTP] <-- POST /wd/hub/session/f1b2c6b8-5208-4778-8d0f-3ad9b5fc52ad/element 200 912 ms - 137
2022-10-13 06:35:01:495 [HTTP] 
2022-10-13 06:35:01:502 [HTTP] --> POST /wd/hub/session/f1b2c6b8-5208-4778-8d0f-3ad9b5fc52ad/element/00000000-0000-0056-ffff-ffff00000051/click
2022-10-13 06:35:01:503 [HTTP] {"id":"00000000-0000-0056-ffff-ffff00000051"}
2022-10-13 06:35:01:504 [W3C (f1b2c6b8)] Calling AppiumDriver.click() with args: ["00000000-0000-0056-ffff-ffff00000051","f1b2c6b8-5208-4778-8d0f-3ad9b5fc52ad"]
2022-10-13 06:35:01:506 [WD Proxy] Matched '/element/00000000-0000-0056-ffff-ffff00000051/click' to command name 'click'
2022-10-13 06:35:01:508 [WD Proxy] Proxying [POST /element/00000000-0000-0056-ffff-ffff00000051/click] to [POST http://127.0.0.1:8203/wd/hub/session/060331d3-e39e-48d8-be07-e256b19624a2/element/00000000-0000-0056-ffff-ffff00000051/click] with body: {"element":"00000000-0000-0056-ffff-ffff00000051"}
2022-10-13 06:35:01:642 [WD Proxy] Got response with status 200: {"sessionId":"060331d3-e39e-48d8-be07-e256b19624a2","value":null}
2022-10-13 06:35:01:643 [W3C (f1b2c6b8)] Responding to client with driver.click() result: null
2022-10-13 06:35:01:643 [HTTP] <-- POST /wd/hub/session/f1b2c6b8-5208-4778-8d0f-3ad9b5fc52ad/element/00000000-0000-0056-ffff-ffff00000051/click 200 141 ms - 14
2022-10-13 06:35:01:644 [HTTP] 
2022-10-13 06:35:01:650 [HTTP] --> POST /wd/hub/session/f1b2c6b8-5208-4778-8d0f-3ad9b5fc52ad/element
2022-10-13 06:35:01:650 [HTTP] {"using":"id","value":"com.mandir:id/touch_outside"}
2022-10-13 06:35:01:651 [W3C (f1b2c6b8)] Calling AppiumDriver.findElement() with args: ["id","com.mandir:id/touch_outside","f1b2c6b8-5208-4778-8d0f-3ad9b5fc52ad"]
2022-10-13 06:35:01:652 [BaseDriver] Valid locator strategies for this request: xpath, id, class name, accessibility id, css selector, -android uiautomator
2022-10-13 06:35:01:652 [BaseDriver] Waiting up to 50000 ms for condition
2022-10-13 06:35:01:652 [WD Proxy] Matched '/element' to command name 'findElement'
2022-10-13 06:35:01:652 [WD Proxy] Proxying [POST /element] to [POST http://127.0.0.1:8203/wd/hub/session/060331d3-e39e-48d8-be07-e256b19624a2/element] with body: {"strategy":"id","selector":"com.mandir:id/touch_outside","context":"","multiple":false}
2022-10-13 06:35:02:660 [WD Proxy] Got response with status 404: {"sessionId":"060331d3-e39e-48d8-be07-e256b19624a2","value":{"error":"no such element","message":"An element could not be located on the page using the given search parameters","stacktrace":"io.appium.uiautomator2.common.exceptions.ElementNotFoundException: An element could not be located on the page using the given search parameters\n\tat io.appium.uiautomator2.handler.FindElement.safeHandle(FindElement.java:70)\n\tat io.appium.uiautomator2.handler.request.SafeRequestHandler.handle(SafeRequestHandler.java:59)\n\tat io.appium.uiautomator2.server.AppiumServlet.handleRequest(AppiumServlet.java:266)\n\tat io.appium.uiautomator2.server.AppiumServlet.handleHttpRequest(AppiumServlet.java:260)\n\tat io.appium.uiautomator2.http.ServerHandler.channelRead(ServerHandler.java:68)\n\tat io.netty.channel.AbstractChannelHandlerContext.invokeChannelRead(AbstractChannelHandlerContext.java:366)\n\tat io.netty.channel.AbstractChannelHandlerContext.invokeChannelRead(AbstractChannelHandlerContext.java:352)\n\tat io.netty.chann...
2022-10-13 06:35:02:660 [W3C] Matched W3C error code 'no such element' to NoSuchElementError
2022-10-13 06:35:02:661 [BaseDriver] Waited for 1008 ms so far
2022-10-13 06:35:03:167 [WD Proxy] Matched '/element' to command name 'findElement'
2022-10-13 06:35:03:168 [WD Proxy] Proxying [POST /element] to [POST http://127.0.0.1:8203/wd/hub/session/060331d3-e39e-48d8-be07-e256b19624a2/element] with body: {"strategy":"id","selector":"com.mandir:id/touch_outside","context":"","multiple":false}
2022-10-13 06:35:04:063 [WD Proxy] Got response with status 200: {"sessionId":"060331d3-e39e-48d8-be07-e256b19624a2","value":{"ELEMENT":"00000000-0000-0057-ffff-ffff00000159","element-6066-11e4-a52e-4f735466cecf":"00000000-0000-0057-ffff-ffff00000159"}}
2022-10-13 06:35:04:064 [W3C (f1b2c6b8)] Responding to client with driver.findElement() result: {"element-6066-11e4-a52e-4f735466cecf":"00000000-0000-0057-ffff-ffff00000159","ELEMENT":"00000000-0000-0057-ffff-ffff00000159"}
2022-10-13 06:35:04:065 [HTTP] <-- POST /wd/hub/session/f1b2c6b8-5208-4778-8d0f-3ad9b5fc52ad/element 200 2414 ms - 137
2022-10-13 06:35:04:065 [HTTP] 
2022-10-13 06:35:04:072 [HTTP] --> POST /wd/hub/session/f1b2c6b8-5208-4778-8d0f-3ad9b5fc52ad/element
2022-10-13 06:35:04:073 [HTTP] {"using":"id","value":"com.mandir:id/touch_outside"}
2022-10-13 06:35:04:074 [W3C (f1b2c6b8)] Calling AppiumDriver.findElement() with args: ["id","com.mandir:id/touch_outside","f1b2c6b8-5208-4778-8d0f-3ad9b5fc52ad"]
2022-10-13 06:35:04:074 [BaseDriver] Valid locator strategies for this request: xpath, id, class name, accessibility id, css selector, -android uiautomator
2022-10-13 06:35:04:074 [BaseDriver] Waiting up to 50000 ms for condition
2022-10-13 06:35:04:075 [WD Proxy] Matched '/element' to command name 'findElement'
2022-10-13 06:35:04:075 [WD Proxy] Proxying [POST /element] to [POST http://127.0.0.1:8203/wd/hub/session/060331d3-e39e-48d8-be07-e256b19624a2/element] with body: {"strategy":"id","selector":"com.mandir:id/touch_outside","context":"","multiple":false}
2022-10-13 06:35:04:205 [WD Proxy] Got response with status 200: {"sessionId":"060331d3-e39e-48d8-be07-e256b19624a2","value":{"ELEMENT":"00000000-0000-0057-ffff-ffff00000159","element-6066-11e4-a52e-4f735466cecf":"00000000-0000-0057-ffff-ffff00000159"}}
2022-10-13 06:35:04:205 [W3C (f1b2c6b8)] Responding to client with driver.findElement() result: {"element-6066-11e4-a52e-4f735466cecf":"00000000-0000-0057-ffff-ffff00000159","ELEMENT":"00000000-0000-0057-ffff-ffff00000159"}
2022-10-13 06:35:04:207 [HTTP] <-- POST /wd/hub/session/f1b2c6b8-5208-4778-8d0f-3ad9b5fc52ad/element 200 134 ms - 137
2022-10-13 06:35:04:207 [HTTP] 
2022-10-13 06:35:04:210 [HTTP] --> GET /wd/hub/session/f1b2c6b8-5208-4778-8d0f-3ad9b5fc52ad/element/00000000-0000-0057-ffff-ffff00000159/displayed
2022-10-13 06:35:04:210 [HTTP] {}
2022-10-13 06:35:04:212 [W3C (f1b2c6b8)] Calling AppiumDriver.elementDisplayed() with args: ["00000000-0000-0057-ffff-ffff00000159","f1b2c6b8-5208-4778-8d0f-3ad9b5fc52ad"]
2022-10-13 06:35:04:213 [WD Proxy] Matched '/element/00000000-0000-0057-ffff-ffff00000159/attribute/displayed' to command name 'getAttribute'
2022-10-13 06:35:04:213 [WD Proxy] Proxying [GET /element/00000000-0000-0057-ffff-ffff00000159/attribute/displayed] to [GET http://127.0.0.1:8203/wd/hub/session/060331d3-e39e-48d8-be07-e256b19624a2/element/00000000-0000-0057-ffff-ffff00000159/attribute/displayed] with no body
2022-10-13 06:35:04:330 [WD Proxy] Got response with status 200: {"sessionId":"060331d3-e39e-48d8-be07-e256b19624a2","value":"true"}
2022-10-13 06:35:04:330 [W3C (f1b2c6b8)] Responding to client with driver.elementDisplayed() result: true
2022-10-13 06:35:04:332 [HTTP] <-- GET /wd/hub/session/f1b2c6b8-5208-4778-8d0f-3ad9b5fc52ad/element/00000000-0000-0057-ffff-ffff00000159/displayed 200 121 ms - 14
2022-10-13 06:35:04:332 [HTTP] 
2022-10-13 06:35:04:339 [HTTP] --> POST /wd/hub/session/f1b2c6b8-5208-4778-8d0f-3ad9b5fc52ad/element
2022-10-13 06:35:04:339 [HTTP] {"using":"id","value":"com.mandir:id/touch_outside"}
2022-10-13 06:35:04:339 [W3C (f1b2c6b8)] Calling AppiumDriver.findElement() with args: ["id","com.mandir:id/touch_outside","f1b2c6b8-5208-4778-8d0f-3ad9b5fc52ad"]
2022-10-13 06:35:04:340 [BaseDriver] Valid locator strategies for this request: xpath, id, class name, accessibility id, css selector, -android uiautomator
2022-10-13 06:35:04:340 [BaseDriver] Waiting up to 50000 ms for condition
2022-10-13 06:35:04:341 [WD Proxy] Matched '/element' to command name 'findElement'
2022-10-13 06:35:04:341 [WD Proxy] Proxying [POST /element] to [POST http://127.0.0.1:8203/wd/hub/session/060331d3-e39e-48d8-be07-e256b19624a2/element] with body: {"strategy":"id","selector":"com.mandir:id/touch_outside","context":"","multiple":false}
2022-10-13 06:35:04:417 [WD Proxy] Got response with status 200: {"sessionId":"060331d3-e39e-48d8-be07-e256b19624a2","value":{"ELEMENT":"00000000-0000-0057-ffff-ffff00000159","element-6066-11e4-a52e-4f735466cecf":"00000000-0000-0057-ffff-ffff00000159"}}
2022-10-13 06:35:04:417 [W3C (f1b2c6b8)] Responding to client with driver.findElement() result: {"element-6066-11e4-a52e-4f735466cecf":"00000000-0000-0057-ffff-ffff00000159","ELEMENT":"00000000-0000-0057-ffff-ffff00000159"}
2022-10-13 06:35:04:418 [HTTP] <-- POST /wd/hub/session/f1b2c6b8-5208-4778-8d0f-3ad9b5fc52ad/element 200 79 ms - 137
2022-10-13 06:35:04:419 [HTTP] 
2022-10-13 06:35:04:427 [HTTP] --> POST /wd/hub/session/f1b2c6b8-5208-4778-8d0f-3ad9b5fc52ad/element
2022-10-13 06:35:04:428 [HTTP] {"using":"id","value":"com.mandir:id/touch_outside"}
2022-10-13 06:35:04:428 [W3C (f1b2c6b8)] Calling AppiumDriver.findElement() with args: ["id","com.mandir:id/touch_outside","f1b2c6b8-5208-4778-8d0f-3ad9b5fc52ad"]
2022-10-13 06:35:04:429 [BaseDriver] Valid locator strategies for this request: xpath, id, class name, accessibility id, css selector, -android uiautomator
2022-10-13 06:35:04:429 [BaseDriver] Waiting up to 50000 ms for condition
2022-10-13 06:35:04:430 [WD Proxy] Matched '/element' to command name 'findElement'
2022-10-13 06:35:04:430 [WD Proxy] Proxying [POST /element] to [POST http://127.0.0.1:8203/wd/hub/session/060331d3-e39e-48d8-be07-e256b19624a2/element] with body: {"strategy":"id","selector":"com.mandir:id/touch_outside","context":"","multiple":false}
2022-10-13 06:35:04:531 [WD Proxy] Got response with status 200: {"sessionId":"060331d3-e39e-48d8-be07-e256b19624a2","value":{"ELEMENT":"00000000-0000-0057-ffff-ffff00000159","element-6066-11e4-a52e-4f735466cecf":"00000000-0000-0057-ffff-ffff00000159"}}
2022-10-13 06:35:04:532 [W3C (f1b2c6b8)] Responding to client with driver.findElement() result: {"element-6066-11e4-a52e-4f735466cecf":"00000000-0000-0057-ffff-ffff00000159","ELEMENT":"00000000-0000-0057-ffff-ffff00000159"}
2022-10-13 06:35:04:533 [HTTP] <-- POST /wd/hub/session/f1b2c6b8-5208-4778-8d0f-3ad9b5fc52ad/element 200 105 ms - 137
2022-10-13 06:35:04:533 [HTTP] 
2022-10-13 06:35:04:540 [HTTP] --> POST /wd/hub/session/f1b2c6b8-5208-4778-8d0f-3ad9b5fc52ad/element/00000000-0000-0057-ffff-ffff00000159/click
2022-10-13 06:35:04:540 [HTTP] {"id":"00000000-0000-0057-ffff-ffff00000159"}
2022-10-13 06:35:04:541 [W3C (f1b2c6b8)] Calling AppiumDriver.click() with args: ["00000000-0000-0057-ffff-ffff00000159","f1b2c6b8-5208-4778-8d0f-3ad9b5fc52ad"]
2022-10-13 06:35:04:542 [WD Proxy] Matched '/element/00000000-0000-0057-ffff-ffff00000159/click' to command name 'click'
2022-10-13 06:35:04:542 [WD Proxy] Proxying [POST /element/00000000-0000-0057-ffff-ffff00000159/click] to [POST http://127.0.0.1:8203/wd/hub/session/060331d3-e39e-48d8-be07-e256b19624a2/element/00000000-0000-0057-ffff-ffff00000159/click] with body: {"element":"00000000-0000-0057-ffff-ffff00000159"}
2022-10-13 06:35:04:711 [WD Proxy] Got response with status 200: {"sessionId":"060331d3-e39e-48d8-be07-e256b19624a2","value":null}
2022-10-13 06:35:04:712 [W3C (f1b2c6b8)] Responding to client with driver.click() result: null
2022-10-13 06:35:04:713 [HTTP] <-- POST /wd/hub/session/f1b2c6b8-5208-4778-8d0f-3ad9b5fc52ad/element/00000000-0000-0057-ffff-ffff00000159/click 200 172 ms - 14
2022-10-13 06:35:04:713 [HTTP] 
2022-10-13 06:35:04:718 [HTTP] --> POST /wd/hub/session/f1b2c6b8-5208-4778-8d0f-3ad9b5fc52ad/element
2022-10-13 06:35:04:719 [HTTP] {"using":"id","value":"com.mandir:id/nav_view"}
2022-10-13 06:35:04:720 [W3C (f1b2c6b8)] Calling AppiumDriver.findElement() with args: ["id","com.mandir:id/nav_view","f1b2c6b8-5208-4778-8d0f-3ad9b5fc52ad"]
2022-10-13 06:35:04:720 [BaseDriver] Valid locator strategies for this request: xpath, id, class name, accessibility id, css selector, -android uiautomator
2022-10-13 06:35:04:720 [BaseDriver] Waiting up to 50000 ms for condition
2022-10-13 06:35:04:721 [WD Proxy] Matched '/element' to command name 'findElement'
2022-10-13 06:35:04:721 [WD Proxy] Proxying [POST /element] to [POST http://127.0.0.1:8203/wd/hub/session/060331d3-e39e-48d8-be07-e256b19624a2/element] with body: {"strategy":"id","selector":"com.mandir:id/nav_view","context":"","multiple":false}
2022-10-13 06:35:06:308 [WD Proxy] Got response with status 200: {"sessionId":"060331d3-e39e-48d8-be07-e256b19624a2","value":{"ELEMENT":"00000000-0000-0056-ffff-ffff00000015","element-6066-11e4-a52e-4f735466cecf":"00000000-0000-0056-ffff-ffff00000015"}}
2022-10-13 06:35:06:309 [W3C (f1b2c6b8)] Responding to client with driver.findElement() result: {"element-6066-11e4-a52e-4f735466cecf":"00000000-0000-0056-ffff-ffff00000015","ELEMENT":"00000000-0000-0056-ffff-ffff00000015"}
2022-10-13 06:35:06:310 [HTTP] <-- POST /wd/hub/session/f1b2c6b8-5208-4778-8d0f-3ad9b5fc52ad/element 200 1592 ms - 137
2022-10-13 06:35:06:310 [HTTP] 
2022-10-13 06:35:06:316 [HTTP] --> POST /wd/hub/session/f1b2c6b8-5208-4778-8d0f-3ad9b5fc52ad/element
2022-10-13 06:35:06:317 [HTTP] {"using":"id","value":"com.mandir:id/nav_view"}
2022-10-13 06:35:06:318 [W3C (f1b2c6b8)] Calling AppiumDriver.findElement() with args: ["id","com.mandir:id/nav_view","f1b2c6b8-5208-4778-8d0f-3ad9b5fc52ad"]
2022-10-13 06:35:06:318 [BaseDriver] Valid locator strategies for this request: xpath, id, class name, accessibility id, css selector, -android uiautomator
2022-10-13 06:35:06:319 [BaseDriver] Waiting up to 50000 ms for condition
2022-10-13 06:35:06:320 [WD Proxy] Matched '/element' to command name 'findElement'
2022-10-13 06:35:06:320 [WD Proxy] Proxying [POST /element] to [POST http://127.0.0.1:8203/wd/hub/session/060331d3-e39e-48d8-be07-e256b19624a2/element] with body: {"strategy":"id","selector":"com.mandir:id/nav_view","context":"","multiple":false}
2022-10-13 06:35:07:174 [WD Proxy] Got response with status 200: {"sessionId":"060331d3-e39e-48d8-be07-e256b19624a2","value":{"ELEMENT":"00000000-0000-0056-ffff-ffff00000015","element-6066-11e4-a52e-4f735466cecf":"00000000-0000-0056-ffff-ffff00000015"}}
2022-10-13 06:35:07:175 [W3C (f1b2c6b8)] Responding to client with driver.findElement() result: {"element-6066-11e4-a52e-4f735466cecf":"00000000-0000-0056-ffff-ffff00000015","ELEMENT":"00000000-0000-0056-ffff-ffff00000015"}
2022-10-13 06:35:07:176 [HTTP] <-- POST /wd/hub/session/f1b2c6b8-5208-4778-8d0f-3ad9b5fc52ad/element 200 859 ms - 137
2022-10-13 06:35:07:176 [HTTP] 
2022-10-13 06:35:07:179 [HTTP] --> GET /wd/hub/session/f1b2c6b8-5208-4778-8d0f-3ad9b5fc52ad/element/00000000-0000-0056-ffff-ffff00000015/displayed
2022-10-13 06:35:07:180 [HTTP] {}
2022-10-13 06:35:07:180 [W3C (f1b2c6b8)] Calling AppiumDriver.elementDisplayed() with args: ["00000000-0000-0056-ffff-ffff00000015","f1b2c6b8-5208-4778-8d0f-3ad9b5fc52ad"]
2022-10-13 06:35:07:181 [WD Proxy] Matched '/element/00000000-0000-0056-ffff-ffff00000015/attribute/displayed' to command name 'getAttribute'
2022-10-13 06:35:07:181 [WD Proxy] Proxying [GET /element/00000000-0000-0056-ffff-ffff00000015/attribute/displayed] to [GET http://127.0.0.1:8203/wd/hub/session/060331d3-e39e-48d8-be07-e256b19624a2/element/00000000-0000-0056-ffff-ffff00000015/attribute/displayed] with no body
2022-10-13 06:35:07:219 [WD Proxy] Got response with status 200: {"sessionId":"060331d3-e39e-48d8-be07-e256b19624a2","value":"true"}
2022-10-13 06:35:07:220 [W3C (f1b2c6b8)] Responding to client with driver.elementDisplayed() result: true
2022-10-13 06:35:07:221 [HTTP] <-- GET /wd/hub/session/f1b2c6b8-5208-4778-8d0f-3ad9b5fc52ad/element/00000000-0000-0056-ffff-ffff00000015/displayed 200 41 ms - 14
2022-10-13 06:35:07:221 [HTTP] 
2022-10-13 06:35:07:228 [HTTP] --> POST /wd/hub/session/f1b2c6b8-5208-4778-8d0f-3ad9b5fc52ad/element
2022-10-13 06:35:07:228 [HTTP] {"using":"id","value":"com.mandir:id/nav_view"}
2022-10-13 06:35:07:229 [W3C (f1b2c6b8)] Calling AppiumDriver.findElement() with args: ["id","com.mandir:id/nav_view","f1b2c6b8-5208-4778-8d0f-3ad9b5fc52ad"]
2022-10-13 06:35:07:229 [BaseDriver] Valid locator strategies for this request: xpath, id, class name, accessibility id, css selector, -android uiautomator
2022-10-13 06:35:07:229 [BaseDriver] Waiting up to 50000 ms for condition
2022-10-13 06:35:07:230 [WD Proxy] Matched '/element' to command name 'findElement'
2022-10-13 06:35:07:231 [WD Proxy] Proxying [POST /element] to [POST http://127.0.0.1:8203/wd/hub/session/060331d3-e39e-48d8-be07-e256b19624a2/element] with body: {"strategy":"id","selector":"com.mandir:id/nav_view","context":"","multiple":false}
2022-10-13 06:35:08:525 [WD Proxy] Got response with status 200: {"sessionId":"060331d3-e39e-48d8-be07-e256b19624a2","value":{"ELEMENT":"00000000-0000-0056-ffff-ffff00000015","element-6066-11e4-a52e-4f735466cecf":"00000000-0000-0056-ffff-ffff00000015"}}
2022-10-13 06:35:08:525 [W3C (f1b2c6b8)] Responding to client with driver.findElement() result: {"element-6066-11e4-a52e-4f735466cecf":"00000000-0000-0056-ffff-ffff00000015","ELEMENT":"00000000-0000-0056-ffff-ffff00000015"}
2022-10-13 06:35:08:526 [HTTP] <-- POST /wd/hub/session/f1b2c6b8-5208-4778-8d0f-3ad9b5fc52ad/element 200 1298 ms - 137
2022-10-13 06:35:08:526 [HTTP] 
2022-10-13 06:35:08:532 [HTTP] --> GET /wd/hub/session/f1b2c6b8-5208-4778-8d0f-3ad9b5fc52ad/element/00000000-0000-0056-ffff-ffff00000015/displayed
2022-10-13 06:35:08:532 [HTTP] {}
2022-10-13 06:35:08:532 [W3C (f1b2c6b8)] Calling AppiumDriver.elementDisplayed() with args: ["00000000-0000-0056-ffff-ffff00000015","f1b2c6b8-5208-4778-8d0f-3ad9b5fc52ad"]
2022-10-13 06:35:08:533 [WD Proxy] Matched '/element/00000000-0000-0056-ffff-ffff00000015/attribute/displayed' to command name 'getAttribute'
2022-10-13 06:35:08:533 [WD Proxy] Proxying [GET /element/00000000-0000-0056-ffff-ffff00000015/attribute/displayed] to [GET http://127.0.0.1:8203/wd/hub/session/060331d3-e39e-48d8-be07-e256b19624a2/element/00000000-0000-0056-ffff-ffff00000015/attribute/displayed] with no body
2022-10-13 06:35:08:605 [WD Proxy] Got response with status 200: {"sessionId":"060331d3-e39e-48d8-be07-e256b19624a2","value":"true"}
2022-10-13 06:35:08:606 [W3C (f1b2c6b8)] Responding to client with driver.elementDisplayed() result: true
2022-10-13 06:35:08:607 [HTTP] <-- GET /wd/hub/session/f1b2c6b8-5208-4778-8d0f-3ad9b5fc52ad/element/00000000-0000-0056-ffff-ffff00000015/displayed 200 75 ms - 14
2022-10-13 06:35:08:607 [HTTP] 
2022-10-13 06:35:08:621 [HTTP] --> POST /wd/hub/session/f1b2c6b8-5208-4778-8d0f-3ad9b5fc52ad/appium/app/close
2022-10-13 06:35:08:621 [HTTP] {}
2022-10-13 06:35:08:631 [W3C (f1b2c6b8)] Calling AppiumDriver.closeApp() with args: ["f1b2c6b8-5208-4778-8d0f-3ad9b5fc52ad"]
2022-10-13 06:35:08:632 [ADB] Running 'C:\Users\Shilpa\AppData\Local\Android\Sdk\platform-tools\adb.exe -P 5037 -s emulator-5554 shell am force-stop com.mandir'
2022-10-13 06:35:08:929 [W3C (f1b2c6b8)] Responding to client with driver.closeApp() result: null
2022-10-13 06:35:08:930 [HTTP] <-- POST /wd/hub/session/f1b2c6b8-5208-4778-8d0f-3ad9b5fc52ad/appium/app/close 200 309 ms - 14
2022-10-13 06:35:08:931 [HTTP] 
