2022-10-18 13:08:56:159 [Appium] Welcome to Appium v1.22.3
2022-10-18 13:08:56:160 [Appium] Non-default server args:
2022-10-18 13:08:56:161 [Appium]   address: 127.0.0.1
2022-10-18 13:08:56:161 [Appium]   port: 41597
2022-10-18 13:08:56:161 [Appium]   logFile: C:\Users\Shilpa\Documents\New_Sri_Mandir\SRI_MANDIR(Different languages)\.\ServerLogs\appiumSriMandirVerifyAageaAnewaleHora.log
2022-10-18 13:08:56:194 [Appium] Appium REST http interface listener started on 127.0.0.1:41597
2022-10-18 13:08:56:362 [HTTP] --> GET /wd/hub/status
2022-10-18 13:08:56:362 [HTTP] {}
2022-10-18 13:08:56:364 [GENERIC] Calling AppiumDriver.getStatus() with args: []
2022-10-18 13:08:56:366 [GENERIC] Responding to client with driver.getStatus() result: {"build":{"version":"1.22.3"}}
2022-10-18 13:08:56:373 [HTTP] <-- GET /wd/hub/status 200 9 ms - 68
2022-10-18 13:08:56:374 [HTTP] 
2022-10-18 13:08:56:818 [HTTP] --> POST /wd/hub/session
2022-10-18 13:08:56:819 [HTTP] {"desiredCapabilities":{"app":"./src/main/java/resources/app-debug-3.7.5.apk","noReset":true,"automationName":"UiAutomator2","autoGrantPermissions":true,"platformName":"Android","udid":"emulator-5554","platform":"ANDROID"},"capabilities":{"firstMatch":[{"appium:app":"./src/main/java/resources/app-debug-3.7.5.apk","appium:autoGrantPermissions":true,"appium:automationName":"UiAutomator2","appium:noReset":true,"platform":"ANDROID","platformName":"android","appium:udid":"emulator-5554"}]}}
2022-10-18 13:08:56:820 [W3C] Calling AppiumDriver.createSession() with args: [{"app":"./src/main/java/resources/app-debug-3.7.5.apk","noReset":true,"automationName":"UiAutomator2","autoGrantPermissions":true,"platformName":"Android","udid":"emulator-5554","platform":"ANDROID"},null,{"firstMatch":[{"appium:app":"./src/main/java/resources/app-debug-3.7.5.apk","appium:autoGrantPermissions":true,"appium:automationName":"UiAutomator2","appium:noReset":true,"platform":"ANDROID","platformName":"android","appium:udid":"emulator-5554"}]}]
2022-10-18 13:08:56:823 [BaseDriver] Event 'newSessionRequested' logged at 1666098536820 (18:38:56 GMT+0530 (India Standard Time))
2022-10-18 13:08:56:827 [BaseDriver] The following capabilities are not standard capabilities and should have an extension prefix:
2022-10-18 13:08:56:827 [BaseDriver]   platform
2022-10-18 13:08:57:091 [Appium] Appium v1.22.3 creating new AndroidUiautomator2Driver (v1.70.1) session
2022-10-18 13:08:57:093 [BaseDriver] W3C capabilities and MJSONWP desired capabilities were provided
2022-10-18 13:08:57:094 [BaseDriver] Creating session with W3C capabilities: {
2022-10-18 13:08:57:094 [BaseDriver]   "alwaysMatch": {
2022-10-18 13:08:57:094 [BaseDriver]     "appium:platform": "ANDROID",
2022-10-18 13:08:57:094 [BaseDriver]     "platformName": "android",
2022-10-18 13:08:57:094 [BaseDriver]     "appium:app": "./src/main/java/resources/app-debug-3.7.5.apk",
2022-10-18 13:08:57:094 [BaseDriver]     "appium:autoGrantPermissions": true,
2022-10-18 13:08:57:094 [BaseDriver]     "appium:automationName": "UiAutomator2",
2022-10-18 13:08:57:095 [BaseDriver]     "appium:noReset": true,
2022-10-18 13:08:57:095 [BaseDriver]     "appium:udid": "emulator-5554"
2022-10-18 13:08:57:095 [BaseDriver]   },
2022-10-18 13:08:57:095 [BaseDriver]   "firstMatch": [
2022-10-18 13:08:57:095 [BaseDriver]     {}
2022-10-18 13:08:57:095 [BaseDriver]   ]
2022-10-18 13:08:57:095 [BaseDriver] }
2022-10-18 13:08:57:100 [BaseDriver] The following capabilities were provided, but are not recognized by Appium:
2022-10-18 13:08:57:100 [BaseDriver]   platform
2022-10-18 13:08:57:102 [BaseDriver] Session created with session id: 2572155b-9e56-4687-8fbc-1212fb531f79
2022-10-18 13:08:57:105 [BaseDriver] Using local app './src/main/java/resources/app-debug-3.7.5.apk'
2022-10-18 13:08:57:105 [BaseDriver] The current application path './src/main/java/resources/app-debug-3.7.5.apk' is not absolute and has been rewritten to 'C:\Users\Shilpa\Documents\New_Sri_Mandir\SRI_MANDIR(Different languages)\src\main\java\resources\app-debug-3.7.5.apk'. Consider using absolute paths rather than relative
2022-10-18 13:08:57:105 [UiAutomator2] Checking whether app is actually present
2022-10-18 13:08:57:135 [ADB] Found 2 'build-tools' folders under 'C:\Users\Shilpa\AppData\Local\Android\Sdk' (newest first):
2022-10-18 13:08:57:135 [ADB]     C:/Users/Shilpa/AppData/Local/Android/Sdk/build-tools/33.0.0
2022-10-18 13:08:57:135 [ADB]     C:/Users/Shilpa/AppData/Local/Android/Sdk/build-tools/30.0.3
2022-10-18 13:08:57:135 [ADB] Using 'adb.exe' from 'C:\Users\Shilpa\AppData\Local\Android\Sdk\platform-tools\adb.exe'
2022-10-18 13:08:57:136 [ADB] Running 'C:\Users\Shilpa\AppData\Local\Android\Sdk\platform-tools\adb.exe -P 5037 start-server'
2022-10-18 13:08:57:176 [AndroidDriver] Retrieving device list
2022-10-18 13:08:57:176 [ADB] Trying to find a connected android device
2022-10-18 13:08:57:177 [ADB] Getting connected devices
2022-10-18 13:08:57:197 [ADB] Connected devices: [{"udid":"emulator-5554","state":"device"}]
2022-10-18 13:08:57:197 [AndroidDriver] Using device: emulator-5554
2022-10-18 13:08:57:198 [ADB] Using 'adb.exe' from 'C:\Users\Shilpa\AppData\Local\Android\Sdk\platform-tools\adb.exe'
2022-10-18 13:08:57:198 [ADB] Running 'C:\Users\Shilpa\AppData\Local\Android\Sdk\platform-tools\adb.exe -P 5037 start-server'
2022-10-18 13:08:57:214 [ADB] Setting device id to emulator-5554
2022-10-18 13:08:57:214 [ADB] Running 'C:\Users\Shilpa\AppData\Local\Android\Sdk\platform-tools\adb.exe -P 5037 -s emulator-5554 shell getprop ro.build.version.sdk'
2022-10-18 13:08:57:268 [ADB] Current device property 'ro.build.version.sdk': 31
2022-10-18 13:08:57:269 [ADB] Getting device platform version
2022-10-18 13:08:57:269 [ADB] Running 'C:\Users\Shilpa\AppData\Local\Android\Sdk\platform-tools\adb.exe -P 5037 -s emulator-5554 shell getprop ro.build.version.release'
2022-10-18 13:08:57:316 [ADB] Current device property 'ro.build.version.release': 12
2022-10-18 13:08:57:316 [ADB] Device API level: 31
2022-10-18 13:08:57:316 [UiAutomator2] Relaxing hidden api policy
2022-10-18 13:08:57:317 [ADB] Running 'C:\Users\Shilpa\AppData\Local\Android\Sdk\platform-tools\adb.exe -P 5037 -s emulator-5554 shell 'settings put global hidden_api_policy_pre_p_apps 1;settings put global hidden_api_policy_p_apps 1;settings put global hidden_api_policy 1''
2022-10-18 13:08:57:398 [AndroidDriver] Parsing package and activity from app manifest
2022-10-18 13:08:57:433 [ADB] Package name: 'com.mandir'
2022-10-18 13:08:57:433 [ADB] Main activity name: 'com.mandir.ui.activity.SplashActivity'
2022-10-18 13:08:57:433 [AndroidDriver] Parsed package and activity are: com.mandir/com.mandir.ui.activity.SplashActivity
2022-10-18 13:08:57:433 [ADB] Running 'C:\Users\Shilpa\AppData\Local\Android\Sdk\platform-tools\adb.exe -P 5037 -s emulator-5554 wait-for-device'
2022-10-18 13:08:57:457 [ADB] Running 'C:\Users\Shilpa\AppData\Local\Android\Sdk\platform-tools\adb.exe -P 5037 -s emulator-5554 shell echo ping'
2022-10-18 13:08:57:484 [AndroidDriver] Pushing settings apk to device...
2022-10-18 13:08:57:485 [ADB] Getting install status for io.appium.settings
2022-10-18 13:08:57:485 [ADB] Running 'C:\Users\Shilpa\AppData\Local\Android\Sdk\platform-tools\adb.exe -P 5037 -s emulator-5554 shell dumpsys package io.appium.settings'
2022-10-18 13:08:57:563 [ADB] 'io.appium.settings' is installed
2022-10-18 13:08:57:564 [ADB] Getting package info for 'io.appium.settings'
2022-10-18 13:08:57:564 [ADB] Running 'C:\Users\Shilpa\AppData\Local\Android\Sdk\platform-tools\adb.exe -P 5037 -s emulator-5554 shell dumpsys package io.appium.settings'
2022-10-18 13:08:57:660 [ADB] The version name of the installed 'io.appium.settings' is greater or equal to the application version name ('3.4.0' >= '3.4.0')
2022-10-18 13:08:57:661 [ADB] There is no need to install/upgrade 'C:\Users\Shilpa\AppData\Roaming\npm\node_modules\appium\node_modules\io.appium.settings\apks\settings_apk-debug.apk'
2022-10-18 13:08:57:661 [ADB] Getting IDs of all 'io.appium.settings' processes
2022-10-18 13:08:57:661 [ADB] Running 'C:\Users\Shilpa\AppData\Local\Android\Sdk\platform-tools\adb.exe -P 5037 -s emulator-5554 shell 'pgrep --help; echo $?''
2022-10-18 13:08:57:709 [ADB] Running 'C:\Users\Shilpa\AppData\Local\Android\Sdk\platform-tools\adb.exe -P 5037 -s emulator-5554 shell pgrep -f \(\[\[:blank:\]\]\|\^\)io\.appium\.settings\(\[\[:blank:\]\]\|\$\)'
2022-10-18 13:08:57:794 [AndroidDriver] io.appium.settings is already running. There is no need to reset its permissions.
2022-10-18 13:08:57:795 [Logcat] Starting logs capture with command: C:\\Users\\Shilpa\\AppData\\Local\\Android\\Sdk\\platform-tools\\adb.exe -P 5037 -s emulator-5554 logcat -v threadtime
2022-10-18 13:08:57:869 [UiAutomator2] Forwarding UiAutomator2 Server port 6790 to local port 8237
2022-10-18 13:08:57:871 [ADB] Forwarding system: 8237 to device: 6790
2022-10-18 13:08:57:871 [ADB] Running 'C:\Users\Shilpa\AppData\Local\Android\Sdk\platform-tools\adb.exe -P 5037 -s emulator-5554 forward tcp:8237 tcp:6790'
2022-10-18 13:08:57:901 [ADB] Getting install status for io.appium.uiautomator2.server
2022-10-18 13:08:57:902 [ADB] Running 'C:\Users\Shilpa\AppData\Local\Android\Sdk\platform-tools\adb.exe -P 5037 -s emulator-5554 shell dumpsys package io.appium.uiautomator2.server'
2022-10-18 13:08:58:072 [ADB] 'io.appium.uiautomator2.server' is installed
2022-10-18 13:08:58:072 [ADB] Getting package info for 'io.appium.uiautomator2.server'
2022-10-18 13:08:58:073 [ADB] Running 'C:\Users\Shilpa\AppData\Local\Android\Sdk\platform-tools\adb.exe -P 5037 -s emulator-5554 shell dumpsys package io.appium.uiautomator2.server'
2022-10-18 13:08:58:302 [ADB] The version name of the installed 'io.appium.uiautomator2.server' is greater or equal to the application version name ('4.27.0' >= '4.27.0')
2022-10-18 13:08:58:303 [UiAutomator2] io.appium.uiautomator2.server installation state: sameVersionInstalled
2022-10-18 13:08:58:304 [ADB] Checking app cert for C:\Users\Shilpa\AppData\Roaming\npm\node_modules\appium\node_modules\appium-uiautomator2-server\apks\appium-uiautomator2-server-v4.27.0.apk
2022-10-18 13:08:58:353 [ADB] Using 'apksigner.jar' from 'C:\Users\Shilpa\AppData\Local\Android\Sdk\build-tools\33.0.0\lib\apksigner.jar'
2022-10-18 13:08:58:356 [ADB] Starting apksigner: 'C:\\Program Files\\Java\\jdk1.8.0_291\\bin\\java.exe' -Xmx1024M -Xss1m -jar C:\\Users\\Shilpa\\AppData\\Local\\Android\\Sdk\\build-tools\\33.0.0\\lib\\apksigner.jar verify --print-certs C:\\Users\\Shilpa\\AppData\\Roaming\\npm\\node_modules\\appium\\node_modules\\appium-uiautomator2-server\\apks\\appium-uiautomator2-server-v4.27.0.apk
2022-10-18 13:08:59:436 [ADB] apksigner stdout: Signer #1 certificate DN: EMAILADDRESS=android@android.com, CN=Android, OU=Android, O=Android, L=Mountain View, ST=California, C=US
2022-10-18 13:08:59:436 [ADB] Signer #1 certificate SHA-256 digest: a40da80a59d170caa950cf15c18c454d47a39b26989d8b640ecd745ba71bf5dc
2022-10-18 13:08:59:436 [ADB] Signer #1 certificate SHA-1 digest: 61ed377e85d386a8dfee6b864bd85b0bfaa5af81
2022-10-18 13:08:59:436 [ADB] Signer #1 certificate MD5 digest: e89b158e4bcf988ebd09eb83f5378e87
2022-10-18 13:08:59:436 [ADB] 
2022-10-18 13:08:59:436 [ADB] sha256 hash did match for 'appium-uiautomator2-server-v4.27.0.apk'
2022-10-18 13:08:59:436 [ADB] 'C:\Users\Shilpa\AppData\Roaming\npm\node_modules\appium\node_modules\appium-uiautomator2-server\apks\appium-uiautomator2-server-v4.27.0.apk' is signed with the default certificate
2022-10-18 13:08:59:437 [ADB] Getting install status for io.appium.uiautomator2.server.test
2022-10-18 13:08:59:437 [ADB] Running 'C:\Users\Shilpa\AppData\Local\Android\Sdk\platform-tools\adb.exe -P 5037 -s emulator-5554 shell dumpsys package io.appium.uiautomator2.server.test'
2022-10-18 13:08:59:504 [ADB] 'io.appium.uiautomator2.server.test' is installed
2022-10-18 13:08:59:505 [ADB] Checking app cert for C:\Users\Shilpa\AppData\Roaming\npm\node_modules\appium\node_modules\appium-uiautomator2-server\apks\appium-uiautomator2-server-debug-androidTest.apk
2022-10-18 13:08:59:509 [ADB] Starting apksigner: 'C:\\Program Files\\Java\\jdk1.8.0_291\\bin\\java.exe' -Xmx1024M -Xss1m -jar C:\\Users\\Shilpa\\AppData\\Local\\Android\\Sdk\\build-tools\\33.0.0\\lib\\apksigner.jar verify --print-certs C:\\Users\\Shilpa\\AppData\\Roaming\\npm\\node_modules\\appium\\node_modules\\appium-uiautomator2-server\\apks\\appium-uiautomator2-server-debug-androidTest.apk
2022-10-18 13:08:59:852 [ADB] apksigner stdout: Signer #1 certificate DN: EMAILADDRESS=android@android.com, CN=Android, OU=Android, O=Android, L=Mountain View, ST=California, C=US
2022-10-18 13:08:59:852 [ADB] Signer #1 certificate SHA-256 digest: a40da80a59d170caa950cf15c18c454d47a39b26989d8b640ecd745ba71bf5dc
2022-10-18 13:08:59:852 [ADB] Signer #1 certificate SHA-1 digest: 61ed377e85d386a8dfee6b864bd85b0bfaa5af81
2022-10-18 13:08:59:852 [ADB] Signer #1 certificate MD5 digest: e89b158e4bcf988ebd09eb83f5378e87
2022-10-18 13:08:59:852 [ADB] 
2022-10-18 13:08:59:852 [ADB] sha256 hash did match for 'appium-uiautomator2-server-debug-androidTest.apk'
2022-10-18 13:08:59:852 [ADB] 'C:\Users\Shilpa\AppData\Roaming\npm\node_modules\appium\node_modules\appium-uiautomator2-server\apks\appium-uiautomator2-server-debug-androidTest.apk' is signed with the default certificate
2022-10-18 13:08:59:852 [UiAutomator2] Server packages are not going to be (re)installed
2022-10-18 13:08:59:854 [UiAutomator2] Waiting up to 30000ms for services to be available
2022-10-18 13:08:59:855 [ADB] Running 'C:\Users\Shilpa\AppData\Local\Android\Sdk\platform-tools\adb.exe -P 5037 -s emulator-5554 shell pm list instrumentation'
2022-10-18 13:08:59:925 [UiAutomator2] Instrumentation target 'io.appium.uiautomator2.server.test/androidx.test.runner.AndroidJUnitRunner' is available
2022-10-18 13:08:59:928 [ADB] Adding packages ["io.appium.settings","io.appium.uiautomator2.server","io.appium.uiautomator2.server.test"] to Doze whitelist
2022-10-18 13:08:59:929 [ADB] Got the following command chunks to execute: [["dumpsys","deviceidle","whitelist","+io.appium.settings",";","dumpsys","deviceidle","whitelist","+io.appium.uiautomator2.server",";","dumpsys","deviceidle","whitelist","+io.appium.uiautomator2.server.test",";"]]
2022-10-18 13:08:59:929 [ADB] Running 'C:\Users\Shilpa\AppData\Local\Android\Sdk\platform-tools\adb.exe -P 5037 -s emulator-5554 shell dumpsys deviceidle whitelist +io.appium.settings ; dumpsys deviceidle whitelist +io.appium.uiautomator2.server ; dumpsys deviceidle whitelist +io.appium.uiautomator2.server.test ;'
2022-10-18 13:09:00:019 [ADB] Checking app cert for C:\Users\Shilpa\Documents\New_Sri_Mandir\SRI_MANDIR(Different languages)\src\main\java\resources\app-debug-3.7.5.apk
2022-10-18 13:09:00:276 [ADB] Starting apksigner: 'C:\\Program Files\\Java\\jdk1.8.0_291\\bin\\java.exe' -Xmx1024M -Xss1m -jar C:\\Users\\Shilpa\\AppData\\Local\\Android\\Sdk\\build-tools\\33.0.0\\lib\\apksigner.jar verify --print-certs 'C:\\Users\\Shilpa\\Documents\\New_Sri_Mandir\\SRI_MANDIR(Different languages)\\src\\main\\java\\resources\\app-debug-3.7.5.apk'
2022-10-18 13:09:03:347 [ADB] apksigner stdout: Signer #1 certificate DN: C=US, O=Android, CN=Android Debug
2022-10-18 13:09:03:347 [ADB] Signer #1 certificate SHA-256 digest: 468f8d0eca3bb01d2f428ec8b54a99b3813d746f45499a1b98320fb67de13b88
2022-10-18 13:09:03:347 [ADB] Signer #1 certificate SHA-1 digest: 6af3fb8b6c2faff18497cde281bcb0971856f899
2022-10-18 13:09:03:347 [ADB] Signer #1 certificate MD5 digest: 80c2152efe8fbaf12745baabbb4c6045
2022-10-18 13:09:03:347 [ADB] 
2022-10-18 13:09:03:348 [ADB] 'C:\Users\Shilpa\Documents\New_Sri_Mandir\SRI_MANDIR(Different languages)\src\main\java\resources\app-debug-3.7.5.apk' is signed with a non-default certificate
2022-10-18 13:09:03:349 [ADB] Getting install status for com.mandir
2022-10-18 13:09:03:349 [ADB] Running 'C:\Users\Shilpa\AppData\Local\Android\Sdk\platform-tools\adb.exe -P 5037 -s emulator-5554 shell dumpsys package com.mandir'
2022-10-18 13:09:03:464 [ADB] 'com.mandir' is installed
2022-10-18 13:09:03:464 [ADB] Getting package info for 'com.mandir'
2022-10-18 13:09:03:464 [ADB] Running 'C:\Users\Shilpa\AppData\Local\Android\Sdk\platform-tools\adb.exe -P 5037 -s emulator-5554 shell dumpsys package com.mandir'
2022-10-18 13:09:03:541 [ADB] The version name of the installed 'com.mandir' is greater or equal to the application version name ('3.7.5' >= '3.7.5')
2022-10-18 13:09:03:541 [ADB] There is no need to install/upgrade 'C:\Users\Shilpa\Documents\New_Sri_Mandir\SRI_MANDIR(Different languages)\src\main\java\resources\app-debug-3.7.5.apk'
2022-10-18 13:09:03:541 [UiAutomator2] Performing shallow cleanup of automation leftovers
2022-10-18 13:09:03:567 [UiAutomator2] The following obsolete sessions are still running: ["fd580bf0-70a6-485c-972f-8ced5dc4f35e"]
2022-10-18 13:09:03:570 [UiAutomator2] Cleaning up 1 obsolete session
2022-10-18 13:09:04:600 [ADB] Running 'C:\Users\Shilpa\AppData\Local\Android\Sdk\platform-tools\adb.exe -P 5037 -s emulator-5554 shell am force-stop io.appium.uiautomator2.server.test'
2022-10-18 13:09:04:663 [UiAutomator2] Starting UIAutomator2 server 4.27.0
2022-10-18 13:09:04:663 [UiAutomator2] Using UIAutomator2 server from 'C:\Users\Shilpa\AppData\Roaming\npm\node_modules\appium\node_modules\appium-uiautomator2-server\apks\appium-uiautomator2-server-v4.27.0.apk' and test from 'C:\Users\Shilpa\AppData\Roaming\npm\node_modules\appium\node_modules\appium-uiautomator2-server\apks\appium-uiautomator2-server-debug-androidTest.apk'
2022-10-18 13:09:04:663 [UiAutomator2] Waiting up to 30000ms for UiAutomator2 to be online...
2022-10-18 13:09:04:663 [ADB] Creating ADB subprocess with args: ["-P",5037,"-s","emulator-5554","shell","am","instrument","-w","-e","disableAnalytics",true,"io.appium.uiautomator2.server.test/androidx.test.runner.AndroidJUnitRunner"]
2022-10-18 13:09:04:677 [WD Proxy] Matched '/status' to command name 'getStatus'
2022-10-18 13:09:04:679 [WD Proxy] Proxying [GET /status] to [GET http://127.0.0.1:8237/wd/hub/status] with no body
2022-10-18 13:09:04:692 [WD Proxy] socket hang up
2022-10-18 13:09:05:309 [Instrumentation] io.appium.uiautomator2.server.test.AppiumUiAutomator2Server:
2022-10-18 13:09:05:700 [WD Proxy] Matched '/status' to command name 'getStatus'
2022-10-18 13:09:05:700 [WD Proxy] Proxying [GET /status] to [GET http://127.0.0.1:8237/wd/hub/status] with no body
2022-10-18 13:09:05:710 [WD Proxy] socket hang up
2022-10-18 13:09:06:720 [WD Proxy] Matched '/status' to command name 'getStatus'
2022-10-18 13:09:06:720 [WD Proxy] Proxying [GET /status] to [GET http://127.0.0.1:8237/wd/hub/status] with no body
2022-10-18 13:09:06:828 [WD Proxy] Got response with status 200: {"sessionId":"None","value":{"message":"UiAutomator2 Server is ready to accept commands","ready":true}}
2022-10-18 13:09:06:828 [UiAutomator2] The initialization of the instrumentation process took 2165ms
2022-10-18 13:09:06:829 [WD Proxy] Matched '/session' to command name 'createSession'
2022-10-18 13:09:06:829 [WD Proxy] Proxying [POST /session] to [POST http://127.0.0.1:8237/wd/hub/session] with body: {"capabilities":{"firstMatch":[{"platform":"ANDROID","webStorageEnabled":false,"takesScreenshot":true,"javascriptEnabled":true,"databaseEnabled":false,"networkConnectionEnabled":true,"locationContextEnabled":false,"warnings":{},"desired":{"platformName":"android","platform":"ANDROID","app":"./src/main/java/resources/app-debug-3.7.5.apk","autoGrantPermissions":true,"automationName":"UiAutomator2","noReset":true,"udid":"emulator-5554"},"platformName":"android","app":"./src/main/java/resources/app-debug-3.7.5.apk","autoGrantPermissions":true,"automationName":"UiAutomator2","noReset":true,"udid":"emulator-5554","deviceName":"emulator-5554","deviceUDID":"emulator-5554","appPackage":"com.mandir"}],"alwaysMatch":{}}}
2022-10-18 13:09:06:864 [WD Proxy] Got response with status 200: {"sessionId":"84d4b274-0db2-40b6-b34a-f6e06566e4e1","value":{"capabilities":{"firstMatch":[{"platform":"ANDROID","webStorageEnabled":false,"takesScreenshot":true,"javascriptEnabled":true,"databaseEnabled":false,"networkConnectionEnabled":true,"locationContextEnabled":false,"warnings":{},"desired":{"platformName":"android","platform":"ANDROID","app":"./src/main/java/resources/app-debug-3.7.5.apk","autoGrantPermissions":true,"automationName":"UiAutomator2","noReset":true,"udid":"emulator-5554"},"platformName":"android","app":"./src/main/java/resources/app-debug-3.7.5.apk","autoGrantPermissions":true,"automationName":"UiAutomator2","noReset":true,"udid":"emulator-5554","deviceName":"emulator-5554","deviceUDID":"emulator-5554","appPackage":"com.mandir"}],"alwaysMatch":{}},"sessionId":"84d4b274-0db2-40b6-b34a-f6e06566e4e1"}}
2022-10-18 13:09:06:865 [WD Proxy] Determined the downstream protocol as 'W3C'
2022-10-18 13:09:06:873 [WD Proxy] Proxying [GET /appium/device/info] to [GET http://127.0.0.1:8237/wd/hub/session/84d4b274-0db2-40b6-b34a-f6e06566e4e1/appium/device/info] with no body
2022-10-18 13:09:06:908 [WD Proxy] Got response with status 200: {"sessionId":"84d4b274-0db2-40b6-b34a-f6e06566e4e1","value":{"androidId":"b679943b0277a210","apiVersion":"31","bluetooth":{"state":"ON"},"brand":"google","carrierName":"T-Mobile","displayDensity":420,"locale":"en_US","manufacturer":"Google","model":"sdk_gphone64_x86_64","networks":[{"capabilities":{"SSID":null,"linkDownBandwidthKbps":30000,"linkUpstreamBandwidthKbps":12000,"networkCapabilities":"NET_CAPABILITY_NOT_METERED,NET_CAPABILITY_INTERNET,NET_CAPABILITY_NOT_RESTRICTED,NET_CAPABILITY_TRUSTED,NET_CAPABILITY_NOT_VPN,NET_CAPABILITY_VALIDATED,NET_CAPABILITY_NOT_ROAMING,NET_CAPABILITY_FOREGROUND,NET_CAPABILITY_NOT_CONGESTED,NET_CAPABILITY_NOT_SUSPENDED","signalStrength":-50,"transportTypes":"TRANSPORT_WIFI"},"detailedState":"CONNECTED","extraInfo":"","isAvailable":true,"isConnected":true,"isFailover":false,"isRoaming":false,"state":"CONNECTED","subtype":-1,"subtypeName":"","type":1,"typeName":"WIFI"},{"capabilities":{"SSID":null,"linkDownBandwidthKbps":4300,"linkUpstreamBandwidthKbps":1800,"networkCapabil...
2022-10-18 13:09:06:909 [ADB] Running 'C:\Users\Shilpa\AppData\Local\Android\Sdk\platform-tools\adb.exe -P 5037 -s emulator-5554 shell dumpsys window'
2022-10-18 13:09:06:971 [AndroidDriver] Screen already unlocked, doing nothing
2022-10-18 13:09:06:971 [UiAutomator2] Starting 'com.mandir/com.mandir.ui.activity.SplashActivity and waiting for 'com.mandir/com.mandir.ui.activity.SplashActivity'
2022-10-18 13:09:06:972 [ADB] Running 'C:\Users\Shilpa\AppData\Local\Android\Sdk\platform-tools\adb.exe -P 5037 -s emulator-5554 shell am start -W -n com.mandir/com.mandir.ui.activity.SplashActivity -S -a android.intent.action.MAIN -c android.intent.category.LAUNCHER -f 0x10200000'
2022-10-18 13:09:10:581 [ADB] Waiting up to 20000ms for activity matching pkg: 'com.mandir' and activity: 'com.mandir.ui.activity.SplashActivity' to be focused
2022-10-18 13:09:10:581 [ADB] Possible activities, to be checked: 'com.mandir.ui.activity.SplashActivity', 'com.mandir.com.mandir.ui.activity.SplashActivity'
2022-10-18 13:09:10:582 [ADB] Getting focused package and activity
2022-10-18 13:09:10:582 [ADB] Running 'C:\Users\Shilpa\AppData\Local\Android\Sdk\platform-tools\adb.exe -P 5037 -s emulator-5554 shell dumpsys window displays'
2022-10-18 13:09:10:691 [ADB] Found package: 'com.mandir' and fully qualified activity name : 'com.mandir.ui.activity.SplashActivity'
2022-10-18 13:09:10:705 [WD Proxy] Proxying [GET /appium/device/pixel_ratio] to [GET http://127.0.0.1:8237/wd/hub/session/84d4b274-0db2-40b6-b34a-f6e06566e4e1/appium/device/pixel_ratio] with no body
2022-10-18 13:09:10:742 [WD Proxy] Got response with status 200: {"sessionId":"84d4b274-0db2-40b6-b34a-f6e06566e4e1","value":2.625}
2022-10-18 13:09:10:743 [WD Proxy] Matched '/appium/device/system_bars' to command name 'getSystemBars'
2022-10-18 13:09:10:743 [WD Proxy] Proxying [GET /appium/device/system_bars] to [GET http://127.0.0.1:8237/wd/hub/session/84d4b274-0db2-40b6-b34a-f6e06566e4e1/appium/device/system_bars] with no body
2022-10-18 13:09:10:778 [WD Proxy] Got response with status 200: {"sessionId":"84d4b274-0db2-40b6-b34a-f6e06566e4e1","value":{"statusBar":63}}
2022-10-18 13:09:10:779 [WD Proxy] Matched '/window/current/size' to command name 'getWindowSize'
2022-10-18 13:09:10:779 [WD Proxy] Proxying [GET /window/current/size] to [GET http://127.0.0.1:8237/wd/hub/session/84d4b274-0db2-40b6-b34a-f6e06566e4e1/window/current/size] with no body
2022-10-18 13:09:10:826 [WD Proxy] Got response with status 200: {"sessionId":"84d4b274-0db2-40b6-b34a-f6e06566e4e1","value":{"height":1794,"width":1080}}
2022-10-18 13:09:10:827 [Appium] New AndroidUiautomator2Driver session created successfully, session 2572155b-9e56-4687-8fbc-1212fb531f79 added to master session list
2022-10-18 13:09:10:828 [BaseDriver] Event 'newSessionStarted' logged at 1666098550828 (18:39:10 GMT+0530 (India Standard Time))
2022-10-18 13:09:10:829 [W3C (2572155b)] Cached the protocol value 'W3C' for the new session 2572155b-9e56-4687-8fbc-1212fb531f79
2022-10-18 13:09:10:829 [W3C (2572155b)] Responding to client with driver.createSession() result: {"capabilities":{"platform":"ANDROID","webStorageEnabled":false,"takesScreenshot":true,"javascriptEnabled":true,"databaseEnabled":false,"networkConnectionEnabled":true,"locationContextEnabled":false,"warnings":{},"desired":{"platformName":"android","platform":"ANDROID","app":"./src/main/java/resources/app-debug-3.7.5.apk","autoGrantPermissions":true,"automationName":"UiAutomator2","noReset":true,"udid":"emulator-5554"},"platformName":"android","app":"./src/main/java/resources/app-debug-3.7.5.apk","autoGrantPermissions":true,"automationName":"UiAutomator2","noReset":true,"udid":"emulator-5554","deviceName":"emulator-5554","deviceUDID":"emulator-5554","appPackage":"com.mandir","deviceApiLevel":31,"platformVersion":"12","deviceScreenSize":"1080x1920","deviceScreenDensity":420,"deviceModel":"sdk_gphone64_x86_64","deviceManufacturer":"Google","pixelRatio":2.625,"statBarHeight":63,"viewportRect":{"left":0,"top":63,"width":1080,"height":1731}}}
2022-10-18 13:09:10:833 [HTTP] <-- POST /wd/hub/session 200 14013 ms - 1012
2022-10-18 13:09:10:833 [HTTP] 
2022-10-18 13:09:10:896 [HTTP] --> GET /wd/hub/session/2572155b-9e56-4687-8fbc-1212fb531f79
2022-10-18 13:09:10:896 [HTTP] {}
2022-10-18 13:09:10:898 [W3C (2572155b)] Calling AppiumDriver.getSession() with args: ["2572155b-9e56-4687-8fbc-1212fb531f79"]
2022-10-18 13:09:10:898 [UiAutomator2] Getting session details from server to mix in
2022-10-18 13:09:10:899 [WD Proxy] Matched '/' to command name 'getSession'
2022-10-18 13:09:10:899 [WD Proxy] Proxying [GET /] to [GET http://127.0.0.1:8237/wd/hub/session/84d4b274-0db2-40b6-b34a-f6e06566e4e1] with no body
2022-10-18 13:09:10:916 [WD Proxy] Got response with status 200: {"sessionId":"84d4b274-0db2-40b6-b34a-f6e06566e4e1","value":{"lastScrollData":null}}
2022-10-18 13:09:10:917 [W3C (2572155b)] Responding to client with driver.getSession() result: {"platform":"ANDROID","webStorageEnabled":false,"takesScreenshot":true,"javascriptEnabled":true,"databaseEnabled":false,"networkConnectionEnabled":true,"locationContextEnabled":false,"warnings":{},"desired":{"platformName":"android","platform":"ANDROID","app":"./src/main/java/resources/app-debug-3.7.5.apk","autoGrantPermissions":true,"automationName":"UiAutomator2","noReset":true,"udid":"emulator-5554"},"platformName":"android","app":"./src/main/java/resources/app-debug-3.7.5.apk","autoGrantPermissions":true,"automationName":"UiAutomator2","noReset":true,"udid":"emulator-5554","deviceName":"emulator-5554","deviceUDID":"emulator-5554","appPackage":"com.mandir","deviceApiLevel":31,"platformVersion":"12","deviceScreenSize":"1080x1920","deviceScreenDensity":420,"deviceModel":"sdk_gphone64_x86_64","deviceManufacturer":"Google","pixelRatio":2.625,"statBarHeight":63,"viewportRect":{"left":0,"top":63,"width":1080,"height":1731},"lastScrollData":null}
2022-10-18 13:09:10:918 [HTTP] <-- GET /wd/hub/session/2572155b-9e56-4687-8fbc-1212fb531f79 200 21 ms - 966
2022-10-18 13:09:10:919 [HTTP] 
2022-10-18 13:09:10:925 [HTTP] --> GET /wd/hub/session/2572155b-9e56-4687-8fbc-1212fb531f79
2022-10-18 13:09:10:925 [HTTP] {}
2022-10-18 13:09:10:926 [W3C (2572155b)] Calling AppiumDriver.getSession() with args: ["2572155b-9e56-4687-8fbc-1212fb531f79"]
2022-10-18 13:09:10:926 [UiAutomator2] Getting session details from server to mix in
2022-10-18 13:09:10:927 [WD Proxy] Matched '/' to command name 'getSession'
2022-10-18 13:09:10:927 [WD Proxy] Proxying [GET /] to [GET http://127.0.0.1:8237/wd/hub/session/84d4b274-0db2-40b6-b34a-f6e06566e4e1] with no body
2022-10-18 13:09:10:942 [WD Proxy] Got response with status 200: {"sessionId":"84d4b274-0db2-40b6-b34a-f6e06566e4e1","value":{"lastScrollData":null}}
2022-10-18 13:09:10:942 [W3C (2572155b)] Responding to client with driver.getSession() result: {"platform":"ANDROID","webStorageEnabled":false,"takesScreenshot":true,"javascriptEnabled":true,"databaseEnabled":false,"networkConnectionEnabled":true,"locationContextEnabled":false,"warnings":{},"desired":{"platformName":"android","platform":"ANDROID","app":"./src/main/java/resources/app-debug-3.7.5.apk","autoGrantPermissions":true,"automationName":"UiAutomator2","noReset":true,"udid":"emulator-5554"},"platformName":"android","app":"./src/main/java/resources/app-debug-3.7.5.apk","autoGrantPermissions":true,"automationName":"UiAutomator2","noReset":true,"udid":"emulator-5554","deviceName":"emulator-5554","deviceUDID":"emulator-5554","appPackage":"com.mandir","deviceApiLevel":31,"platformVersion":"12","deviceScreenSize":"1080x1920","deviceScreenDensity":420,"deviceModel":"sdk_gphone64_x86_64","deviceManufacturer":"Google","pixelRatio":2.625,"statBarHeight":63,"viewportRect":{"left":0,"top":63,"width":1080,"height":1731},"lastScrollData":null}
2022-10-18 13:09:10:943 [HTTP] <-- GET /wd/hub/session/2572155b-9e56-4687-8fbc-1212fb531f79 200 17 ms - 966
2022-10-18 13:09:10:943 [HTTP] 
2022-10-18 13:09:10:954 [HTTP] --> POST /wd/hub/session/2572155b-9e56-4687-8fbc-1212fb531f79/timeouts
2022-10-18 13:09:10:955 [HTTP] {"implicit":10000}
2022-10-18 13:09:10:956 [W3C (2572155b)] Calling AppiumDriver.timeouts() with args: [null,null,null,null,10000,"2572155b-9e56-4687-8fbc-1212fb531f79"]
2022-10-18 13:09:10:957 [BaseDriver] W3C timeout argument: {"implicit":10000}}
2022-10-18 13:09:10:957 [BaseDriver] Set implicit wait to 10000ms
2022-10-18 13:09:10:958 [W3C (2572155b)] Responding to client with driver.timeouts() result: null
2022-10-18 13:09:10:958 [HTTP] <-- POST /wd/hub/session/2572155b-9e56-4687-8fbc-1212fb531f79/timeouts 200 4 ms - 14
2022-10-18 13:09:10:958 [HTTP] 
2022-10-18 13:09:11:026 [HTTP] --> POST /wd/hub/session/2572155b-9e56-4687-8fbc-1212fb531f79/element
2022-10-18 13:09:11:027 [HTTP] {"using":"xpath","value":"//android.widget.TextView[@text='महाभंडार']"}
2022-10-18 13:09:11:029 [W3C (2572155b)] Calling AppiumDriver.findElement() with args: ["xpath","//android.widget.TextView[@text='महाभंडार']","2572155b-9e56-4687-8fbc-1212fb531f79"]
2022-10-18 13:09:11:030 [BaseDriver] Valid locator strategies for this request: xpath, id, class name, accessibility id, css selector, -android uiautomator
2022-10-18 13:09:11:030 [BaseDriver] Waiting up to 10000 ms for condition
2022-10-18 13:09:11:031 [WD Proxy] Matched '/element' to command name 'findElement'
2022-10-18 13:09:11:031 [WD Proxy] Proxying [POST /element] to [POST http://127.0.0.1:8237/wd/hub/session/84d4b274-0db2-40b6-b34a-f6e06566e4e1/element] with body: {"strategy":"xpath","selector":"//android.widget.TextView[@text='महाभंडार']","context":"","multiple":false}
2022-10-18 13:09:11:899 [WD Proxy] Got response with status 404: {"sessionId":"84d4b274-0db2-40b6-b34a-f6e06566e4e1","value":{"error":"no such element","message":"An element could not be located on the page using the given search parameters","stacktrace":"io.appium.uiautomator2.common.exceptions.ElementNotFoundException: An element could not be located on the page using the given search parameters\n\tat io.appium.uiautomator2.handler.FindElement.findElement(FindElement.java:90)\n\tat io.appium.uiautomator2.handler.FindElement.safeHandle(FindElement.java:67)\n\tat io.appium.uiautomator2.handler.request.SafeRequestHandler.handle(SafeRequestHandler.java:59)\n\tat io.appium.uiautomator2.server.AppiumServlet.handleRequest(AppiumServlet.java:266)\n\tat io.appium.uiautomator2.server.AppiumServlet.handleHttpRequest(AppiumServlet.java:260)\n\tat io.appium.uiautomator2.http.ServerHandler.channelRead(ServerHandler.java:68)\n\tat io.netty.channel.AbstractChannelHandlerContext.invokeChannelRead(AbstractChannelHandlerContext.java:366)\n\tat io.netty.channel.AbstractChannelHandlerCont...
2022-10-18 13:09:11:900 [W3C] Matched W3C error code 'no such element' to NoSuchElementError
2022-10-18 13:09:11:900 [BaseDriver] Waited for 870 ms so far
2022-10-18 13:09:12:401 [WD Proxy] Matched '/element' to command name 'findElement'
2022-10-18 13:09:12:402 [WD Proxy] Proxying [POST /element] to [POST http://127.0.0.1:8237/wd/hub/session/84d4b274-0db2-40b6-b34a-f6e06566e4e1/element] with body: {"strategy":"xpath","selector":"//android.widget.TextView[@text='महाभंडार']","context":"","multiple":false}
2022-10-18 13:09:14:194 [WD Proxy] Got response with status 404: {"sessionId":"84d4b274-0db2-40b6-b34a-f6e06566e4e1","value":{"error":"no such element","message":"An element could not be located on the page using the given search parameters","stacktrace":"io.appium.uiautomator2.common.exceptions.ElementNotFoundException: An element could not be located on the page using the given search parameters\n\tat io.appium.uiautomator2.handler.FindElement.findElement(FindElement.java:90)\n\tat io.appium.uiautomator2.handler.FindElement.safeHandle(FindElement.java:67)\n\tat io.appium.uiautomator2.handler.request.SafeRequestHandler.handle(SafeRequestHandler.java:59)\n\tat io.appium.uiautomator2.server.AppiumServlet.handleRequest(AppiumServlet.java:266)\n\tat io.appium.uiautomator2.server.AppiumServlet.handleHttpRequest(AppiumServlet.java:260)\n\tat io.appium.uiautomator2.http.ServerHandler.channelRead(ServerHandler.java:68)\n\tat io.netty.channel.AbstractChannelHandlerContext.invokeChannelRead(AbstractChannelHandlerContext.java:366)\n\tat io.netty.channel.AbstractChannelHandlerCont...
2022-10-18 13:09:14:194 [W3C] Matched W3C error code 'no such element' to NoSuchElementError
2022-10-18 13:09:14:194 [BaseDriver] Waited for 3164 ms so far
2022-10-18 13:09:14:699 [WD Proxy] Matched '/element' to command name 'findElement'
2022-10-18 13:09:14:700 [WD Proxy] Proxying [POST /element] to [POST http://127.0.0.1:8237/wd/hub/session/84d4b274-0db2-40b6-b34a-f6e06566e4e1/element] with body: {"strategy":"xpath","selector":"//android.widget.TextView[@text='महाभंडार']","context":"","multiple":false}
2022-10-18 13:09:17:866 [WD Proxy] Got response with status 200: {"sessionId":"84d4b274-0db2-40b6-b34a-f6e06566e4e1","value":{"ELEMENT":"00000000-0000-02da-ffff-ffff00000031","element-6066-11e4-a52e-4f735466cecf":"00000000-0000-02da-ffff-ffff00000031"}}
2022-10-18 13:09:17:868 [W3C (2572155b)] Responding to client with driver.findElement() result: {"element-6066-11e4-a52e-4f735466cecf":"00000000-0000-02da-ffff-ffff00000031","ELEMENT":"00000000-0000-02da-ffff-ffff00000031"}
2022-10-18 13:09:17:869 [HTTP] <-- POST /wd/hub/session/2572155b-9e56-4687-8fbc-1212fb531f79/element 200 6843 ms - 137
2022-10-18 13:09:17:869 [HTTP] 
2022-10-18 13:09:17:891 [HTTP] --> GET /wd/hub/session/2572155b-9e56-4687-8fbc-1212fb531f79/element/00000000-0000-02da-ffff-ffff00000031/displayed
2022-10-18 13:09:17:891 [HTTP] {}
2022-10-18 13:09:17:896 [W3C (2572155b)] Calling AppiumDriver.elementDisplayed() with args: ["00000000-0000-02da-ffff-ffff00000031","2572155b-9e56-4687-8fbc-1212fb531f79"]
2022-10-18 13:09:17:897 [WD Proxy] Matched '/element/00000000-0000-02da-ffff-ffff00000031/attribute/displayed' to command name 'getAttribute'
2022-10-18 13:09:17:897 [WD Proxy] Proxying [GET /element/00000000-0000-02da-ffff-ffff00000031/attribute/displayed] to [GET http://127.0.0.1:8237/wd/hub/session/84d4b274-0db2-40b6-b34a-f6e06566e4e1/element/00000000-0000-02da-ffff-ffff00000031/attribute/displayed] with no body
2022-10-18 13:09:19:372 [WD Proxy] Got response with status 200: {"sessionId":"84d4b274-0db2-40b6-b34a-f6e06566e4e1","value":"true"}
2022-10-18 13:09:19:373 [W3C (2572155b)] Responding to client with driver.elementDisplayed() result: true
2022-10-18 13:09:19:374 [HTTP] <-- GET /wd/hub/session/2572155b-9e56-4687-8fbc-1212fb531f79/element/00000000-0000-02da-ffff-ffff00000031/displayed 200 1482 ms - 14
2022-10-18 13:09:19:374 [HTTP] 
2022-10-18 13:09:19:381 [HTTP] --> POST /wd/hub/session/2572155b-9e56-4687-8fbc-1212fb531f79/element
2022-10-18 13:09:19:381 [HTTP] {"using":"xpath","value":"//android.widget.TextView[@text='महाभंडार']"}
2022-10-18 13:09:19:382 [W3C (2572155b)] Calling AppiumDriver.findElement() with args: ["xpath","//android.widget.TextView[@text='महाभंडार']","2572155b-9e56-4687-8fbc-1212fb531f79"]
2022-10-18 13:09:19:382 [BaseDriver] Valid locator strategies for this request: xpath, id, class name, accessibility id, css selector, -android uiautomator
2022-10-18 13:09:19:382 [BaseDriver] Waiting up to 10000 ms for condition
2022-10-18 13:09:19:382 [WD Proxy] Matched '/element' to command name 'findElement'
2022-10-18 13:09:19:383 [WD Proxy] Proxying [POST /element] to [POST http://127.0.0.1:8237/wd/hub/session/84d4b274-0db2-40b6-b34a-f6e06566e4e1/element] with body: {"strategy":"xpath","selector":"//android.widget.TextView[@text='महाभंडार']","context":"","multiple":false}
2022-10-18 13:09:20:458 [WD Proxy] Got response with status 200: {"sessionId":"84d4b274-0db2-40b6-b34a-f6e06566e4e1","value":{"ELEMENT":"00000000-0000-02da-ffff-ffff00000031","element-6066-11e4-a52e-4f735466cecf":"00000000-0000-02da-ffff-ffff00000031"}}
2022-10-18 13:09:20:459 [W3C (2572155b)] Responding to client with driver.findElement() result: {"element-6066-11e4-a52e-4f735466cecf":"00000000-0000-02da-ffff-ffff00000031","ELEMENT":"00000000-0000-02da-ffff-ffff00000031"}
2022-10-18 13:09:20:461 [HTTP] <-- POST /wd/hub/session/2572155b-9e56-4687-8fbc-1212fb531f79/element 200 1079 ms - 137
2022-10-18 13:09:20:461 [HTTP] 
2022-10-18 13:09:20:470 [HTTP] --> POST /wd/hub/session/2572155b-9e56-4687-8fbc-1212fb531f79/element/00000000-0000-02da-ffff-ffff00000031/click
2022-10-18 13:09:20:470 [HTTP] {"id":"00000000-0000-02da-ffff-ffff00000031"}
2022-10-18 13:09:20:473 [W3C (2572155b)] Calling AppiumDriver.click() with args: ["00000000-0000-02da-ffff-ffff00000031","2572155b-9e56-4687-8fbc-1212fb531f79"]
2022-10-18 13:09:20:475 [WD Proxy] Matched '/element/00000000-0000-02da-ffff-ffff00000031/click' to command name 'click'
2022-10-18 13:09:20:476 [WD Proxy] Proxying [POST /element/00000000-0000-02da-ffff-ffff00000031/click] to [POST http://127.0.0.1:8237/wd/hub/session/84d4b274-0db2-40b6-b34a-f6e06566e4e1/element/00000000-0000-02da-ffff-ffff00000031/click] with body: {"element":"00000000-0000-02da-ffff-ffff00000031"}
2022-10-18 13:09:20:573 [WD Proxy] Got response with status 200: {"sessionId":"84d4b274-0db2-40b6-b34a-f6e06566e4e1","value":null}
2022-10-18 13:09:20:574 [W3C (2572155b)] Responding to client with driver.click() result: null
2022-10-18 13:09:20:575 [HTTP] <-- POST /wd/hub/session/2572155b-9e56-4687-8fbc-1212fb531f79/element/00000000-0000-02da-ffff-ffff00000031/click 200 105 ms - 14
2022-10-18 13:09:20:576 [HTTP] 
2022-10-18 13:09:20:589 [HTTP] --> POST /wd/hub/session/2572155b-9e56-4687-8fbc-1212fb531f79/element
2022-10-18 13:09:20:589 [HTTP] {"using":"xpath","value":"//android.widget.TextView[@text='होरा']"}
2022-10-18 13:09:20:590 [W3C (2572155b)] Calling AppiumDriver.findElement() with args: ["xpath","//android.widget.TextView[@text='होरा']","2572155b-9e56-4687-8fbc-1212fb531f79"]
2022-10-18 13:09:20:591 [BaseDriver] Valid locator strategies for this request: xpath, id, class name, accessibility id, css selector, -android uiautomator
2022-10-18 13:09:20:591 [BaseDriver] Waiting up to 10000 ms for condition
2022-10-18 13:09:20:591 [WD Proxy] Matched '/element' to command name 'findElement'
2022-10-18 13:09:20:591 [WD Proxy] Proxying [POST /element] to [POST http://127.0.0.1:8237/wd/hub/session/84d4b274-0db2-40b6-b34a-f6e06566e4e1/element] with body: {"strategy":"xpath","selector":"//android.widget.TextView[@text='होरा']","context":"","multiple":false}
2022-10-18 13:09:26:591 [WD Proxy] Got response with status 200: {"sessionId":"84d4b274-0db2-40b6-b34a-f6e06566e4e1","value":{"ELEMENT":"00000000-0000-02da-ffff-ffff0000018d","element-6066-11e4-a52e-4f735466cecf":"00000000-0000-02da-ffff-ffff0000018d"}}
2022-10-18 13:09:26:592 [W3C (2572155b)] Responding to client with driver.findElement() result: {"element-6066-11e4-a52e-4f735466cecf":"00000000-0000-02da-ffff-ffff0000018d","ELEMENT":"00000000-0000-02da-ffff-ffff0000018d"}
2022-10-18 13:09:26:593 [HTTP] <-- POST /wd/hub/session/2572155b-9e56-4687-8fbc-1212fb531f79/element 200 6004 ms - 137
2022-10-18 13:09:26:593 [HTTP] 
2022-10-18 13:09:26:602 [HTTP] --> GET /wd/hub/session/2572155b-9e56-4687-8fbc-1212fb531f79/element/00000000-0000-02da-ffff-ffff0000018d/displayed
2022-10-18 13:09:26:602 [HTTP] {}
2022-10-18 13:09:26:604 [W3C (2572155b)] Calling AppiumDriver.elementDisplayed() with args: ["00000000-0000-02da-ffff-ffff0000018d","2572155b-9e56-4687-8fbc-1212fb531f79"]
2022-10-18 13:09:26:605 [WD Proxy] Matched '/element/00000000-0000-02da-ffff-ffff0000018d/attribute/displayed' to command name 'getAttribute'
2022-10-18 13:09:26:606 [WD Proxy] Proxying [GET /element/00000000-0000-02da-ffff-ffff0000018d/attribute/displayed] to [GET http://127.0.0.1:8237/wd/hub/session/84d4b274-0db2-40b6-b34a-f6e06566e4e1/element/00000000-0000-02da-ffff-ffff0000018d/attribute/displayed] with no body
2022-10-18 13:09:26:777 [WD Proxy] Got response with status 200: {"sessionId":"84d4b274-0db2-40b6-b34a-f6e06566e4e1","value":"true"}
2022-10-18 13:09:26:777 [W3C (2572155b)] Responding to client with driver.elementDisplayed() result: true
2022-10-18 13:09:26:779 [HTTP] <-- GET /wd/hub/session/2572155b-9e56-4687-8fbc-1212fb531f79/element/00000000-0000-02da-ffff-ffff0000018d/displayed 200 177 ms - 14
2022-10-18 13:09:26:779 [HTTP] 
2022-10-18 13:09:26:785 [HTTP] --> POST /wd/hub/session/2572155b-9e56-4687-8fbc-1212fb531f79/element
2022-10-18 13:09:26:785 [HTTP] {"using":"xpath","value":"//android.widget.TextView[@text='होरा']"}
2022-10-18 13:09:26:785 [W3C (2572155b)] Calling AppiumDriver.findElement() with args: ["xpath","//android.widget.TextView[@text='होरा']","2572155b-9e56-4687-8fbc-1212fb531f79"]
2022-10-18 13:09:26:786 [BaseDriver] Valid locator strategies for this request: xpath, id, class name, accessibility id, css selector, -android uiautomator
2022-10-18 13:09:26:786 [BaseDriver] Waiting up to 10000 ms for condition
2022-10-18 13:09:26:786 [WD Proxy] Matched '/element' to command name 'findElement'
2022-10-18 13:09:26:786 [WD Proxy] Proxying [POST /element] to [POST http://127.0.0.1:8237/wd/hub/session/84d4b274-0db2-40b6-b34a-f6e06566e4e1/element] with body: {"strategy":"xpath","selector":"//android.widget.TextView[@text='होरा']","context":"","multiple":false}
2022-10-18 13:09:27:319 [WD Proxy] Got response with status 200: {"sessionId":"84d4b274-0db2-40b6-b34a-f6e06566e4e1","value":{"ELEMENT":"00000000-0000-02da-ffff-ffff0000018d","element-6066-11e4-a52e-4f735466cecf":"00000000-0000-02da-ffff-ffff0000018d"}}
2022-10-18 13:09:27:319 [W3C (2572155b)] Responding to client with driver.findElement() result: {"element-6066-11e4-a52e-4f735466cecf":"00000000-0000-02da-ffff-ffff0000018d","ELEMENT":"00000000-0000-02da-ffff-ffff0000018d"}
2022-10-18 13:09:27:320 [HTTP] <-- POST /wd/hub/session/2572155b-9e56-4687-8fbc-1212fb531f79/element 200 535 ms - 137
2022-10-18 13:09:27:320 [HTTP] 
2022-10-18 13:09:27:325 [HTTP] --> POST /wd/hub/session/2572155b-9e56-4687-8fbc-1212fb531f79/element/00000000-0000-02da-ffff-ffff0000018d/click
2022-10-18 13:09:27:325 [HTTP] {"id":"00000000-0000-02da-ffff-ffff0000018d"}
2022-10-18 13:09:27:326 [W3C (2572155b)] Calling AppiumDriver.click() with args: ["00000000-0000-02da-ffff-ffff0000018d","2572155b-9e56-4687-8fbc-1212fb531f79"]
2022-10-18 13:09:27:326 [WD Proxy] Matched '/element/00000000-0000-02da-ffff-ffff0000018d/click' to command name 'click'
2022-10-18 13:09:27:326 [WD Proxy] Proxying [POST /element/00000000-0000-02da-ffff-ffff0000018d/click] to [POST http://127.0.0.1:8237/wd/hub/session/84d4b274-0db2-40b6-b34a-f6e06566e4e1/element/00000000-0000-02da-ffff-ffff0000018d/click] with body: {"element":"00000000-0000-02da-ffff-ffff0000018d"}
2022-10-18 13:09:27:377 [WD Proxy] Got response with status 200: {"sessionId":"84d4b274-0db2-40b6-b34a-f6e06566e4e1","value":null}
2022-10-18 13:09:27:378 [W3C (2572155b)] Responding to client with driver.click() result: null
2022-10-18 13:09:27:379 [HTTP] <-- POST /wd/hub/session/2572155b-9e56-4687-8fbc-1212fb531f79/element/00000000-0000-02da-ffff-ffff0000018d/click 200 53 ms - 14
2022-10-18 13:09:27:379 [HTTP] 
2022-10-18 13:09:32:405 [HTTP] --> POST /wd/hub/session/2572155b-9e56-4687-8fbc-1212fb531f79/touch/perform
2022-10-18 13:09:32:406 [HTTP] {"actions":[{"action":"longPress","options":{"x":468,"y":1544}},{"action":"moveTo","options":{"x":468,"y":939}},{"action":"release","options":{}}]}
2022-10-18 13:09:32:410 [W3C (2572155b)] Calling AppiumDriver.performTouch() with args: [[{"action":"longPress","options":{"x":468,"y":1544}},{"action":"moveTo","options":{"x":468,"y":939}},{"action":"release","options":{}}],"2572155b-9e56-4687-8fbc-1212fb531f79"]
2022-10-18 13:09:32:413 [WD Proxy] Proxying [POST /touch/drag] to [POST http://127.0.0.1:8237/wd/hub/session/84d4b274-0db2-40b6-b34a-f6e06566e4e1/touch/drag] with body: {"startX":468,"startY":1544,"endX":468,"endY":939,"steps":80}
2022-10-18 13:09:38:056 [WD Proxy] Got response with status 200: {"sessionId":"84d4b274-0db2-40b6-b34a-f6e06566e4e1","value":null}
2022-10-18 13:09:38:057 [W3C (2572155b)] Responding to client with driver.performTouch() result: null
2022-10-18 13:09:38:058 [HTTP] <-- POST /wd/hub/session/2572155b-9e56-4687-8fbc-1212fb531f79/touch/perform 200 5652 ms - 14
2022-10-18 13:09:38:058 [HTTP] 
2022-10-18 13:09:38:069 [HTTP] --> POST /wd/hub/session/2572155b-9e56-4687-8fbc-1212fb531f79/touch/perform
2022-10-18 13:09:38:072 [HTTP] {"actions":[{"action":"longPress","options":{"x":468,"y":1544}},{"action":"moveTo","options":{"x":468,"y":939}},{"action":"release","options":{}}]}
2022-10-18 13:09:38:076 [W3C (2572155b)] Calling AppiumDriver.performTouch() with args: [[{"action":"longPress","options":{"x":468,"y":1544}},{"action":"moveTo","options":{"x":468,"y":939}},{"action":"release","options":{}}],"2572155b-9e56-4687-8fbc-1212fb531f79"]
2022-10-18 13:09:38:079 [WD Proxy] Proxying [POST /touch/drag] to [POST http://127.0.0.1:8237/wd/hub/session/84d4b274-0db2-40b6-b34a-f6e06566e4e1/touch/drag] with body: {"startX":468,"startY":1544,"endX":468,"endY":939,"steps":80}
2022-10-18 13:09:41:189 [WD Proxy] Got response with status 200: {"sessionId":"84d4b274-0db2-40b6-b34a-f6e06566e4e1","value":null}
2022-10-18 13:09:41:189 [W3C (2572155b)] Responding to client with driver.performTouch() result: null
2022-10-18 13:09:41:190 [HTTP] <-- POST /wd/hub/session/2572155b-9e56-4687-8fbc-1212fb531f79/touch/perform 200 3121 ms - 14
2022-10-18 13:09:41:191 [HTTP] 
2022-10-18 13:09:41:198 [HTTP] --> POST /wd/hub/session/2572155b-9e56-4687-8fbc-1212fb531f79/touch/perform
2022-10-18 13:09:41:198 [HTTP] {"actions":[{"action":"longPress","options":{"x":468,"y":1544}},{"action":"moveTo","options":{"x":468,"y":939}},{"action":"release","options":{}}]}
2022-10-18 13:09:41:199 [W3C (2572155b)] Calling AppiumDriver.performTouch() with args: [[{"action":"longPress","options":{"x":468,"y":1544}},{"action":"moveTo","options":{"x":468,"y":939}},{"action":"release","options":{}}],"2572155b-9e56-4687-8fbc-1212fb531f79"]
2022-10-18 13:09:41:201 [WD Proxy] Proxying [POST /touch/drag] to [POST http://127.0.0.1:8237/wd/hub/session/84d4b274-0db2-40b6-b34a-f6e06566e4e1/touch/drag] with body: {"startX":468,"startY":1544,"endX":468,"endY":939,"steps":80}
2022-10-18 13:09:43:965 [WD Proxy] Got response with status 200: {"sessionId":"84d4b274-0db2-40b6-b34a-f6e06566e4e1","value":null}
2022-10-18 13:09:43:966 [W3C (2572155b)] Responding to client with driver.performTouch() result: null
2022-10-18 13:09:43:968 [HTTP] <-- POST /wd/hub/session/2572155b-9e56-4687-8fbc-1212fb531f79/touch/perform 200 2769 ms - 14
2022-10-18 13:09:43:968 [HTTP] 
2022-10-18 13:09:43:974 [HTTP] --> POST /wd/hub/session/2572155b-9e56-4687-8fbc-1212fb531f79/element
2022-10-18 13:09:43:974 [HTTP] {"using":"xpath","value":"//androidx.recyclerview.widget.RecyclerView[@resource-id='com.mandir:id/rv_hora']/child::android.widget.FrameLayout[1]"}
2022-10-18 13:09:43:975 [W3C (2572155b)] Calling AppiumDriver.findElement() with args: ["xpath","//androidx.recyclerview.widget.RecyclerView[@resource-id='com.mandir:id/rv_hora']/child::android.widget.FrameLayout[1]","2572155b-9e56-4687-8fbc-1212fb531f79"]
2022-10-18 13:09:43:975 [BaseDriver] Valid locator strategies for this request: xpath, id, class name, accessibility id, css selector, -android uiautomator
2022-10-18 13:09:43:975 [BaseDriver] Waiting up to 10000 ms for condition
2022-10-18 13:09:43:976 [WD Proxy] Matched '/element' to command name 'findElement'
2022-10-18 13:09:43:977 [WD Proxy] Proxying [POST /element] to [POST http://127.0.0.1:8237/wd/hub/session/84d4b274-0db2-40b6-b34a-f6e06566e4e1/element] with body: {"strategy":"xpath","selector":"//androidx.recyclerview.widget.RecyclerView[@resource-id='com.mandir:id/rv_hora']/child::android.widget.FrameLayout[1]","context":"","multiple":false}
2022-10-18 13:09:45:034 [WD Proxy] Got response with status 200: {"sessionId":"84d4b274-0db2-40b6-b34a-f6e06566e4e1","value":{"ELEMENT":"00000000-0000-02da-ffff-ffff000008ce","element-6066-11e4-a52e-4f735466cecf":"00000000-0000-02da-ffff-ffff000008ce"}}
2022-10-18 13:09:45:035 [W3C (2572155b)] Responding to client with driver.findElement() result: {"element-6066-11e4-a52e-4f735466cecf":"00000000-0000-02da-ffff-ffff000008ce","ELEMENT":"00000000-0000-02da-ffff-ffff000008ce"}
2022-10-18 13:09:45:036 [HTTP] <-- POST /wd/hub/session/2572155b-9e56-4687-8fbc-1212fb531f79/element 200 1061 ms - 137
2022-10-18 13:09:45:036 [HTTP] 
2022-10-18 13:09:45:044 [HTTP] --> POST /wd/hub/session/2572155b-9e56-4687-8fbc-1212fb531f79/element
2022-10-18 13:09:45:044 [HTTP] {"using":"xpath","value":"//androidx.recyclerview.widget.RecyclerView[@resource-id='com.mandir:id/rv_hora']/child::android.widget.FrameLayout[1]"}
2022-10-18 13:09:45:045 [W3C (2572155b)] Calling AppiumDriver.findElement() with args: ["xpath","//androidx.recyclerview.widget.RecyclerView[@resource-id='com.mandir:id/rv_hora']/child::android.widget.FrameLayout[1]","2572155b-9e56-4687-8fbc-1212fb531f79"]
2022-10-18 13:09:45:045 [BaseDriver] Valid locator strategies for this request: xpath, id, class name, accessibility id, css selector, -android uiautomator
2022-10-18 13:09:45:045 [BaseDriver] Waiting up to 10000 ms for condition
2022-10-18 13:09:45:046 [WD Proxy] Matched '/element' to command name 'findElement'
2022-10-18 13:09:45:046 [WD Proxy] Proxying [POST /element] to [POST http://127.0.0.1:8237/wd/hub/session/84d4b274-0db2-40b6-b34a-f6e06566e4e1/element] with body: {"strategy":"xpath","selector":"//androidx.recyclerview.widget.RecyclerView[@resource-id='com.mandir:id/rv_hora']/child::android.widget.FrameLayout[1]","context":"","multiple":false}
2022-10-18 13:09:45:340 [WD Proxy] Got response with status 200: {"sessionId":"84d4b274-0db2-40b6-b34a-f6e06566e4e1","value":{"ELEMENT":"00000000-0000-02da-ffff-ffff000008ce","element-6066-11e4-a52e-4f735466cecf":"00000000-0000-02da-ffff-ffff000008ce"}}
2022-10-18 13:09:45:341 [W3C (2572155b)] Responding to client with driver.findElement() result: {"element-6066-11e4-a52e-4f735466cecf":"00000000-0000-02da-ffff-ffff000008ce","ELEMENT":"00000000-0000-02da-ffff-ffff000008ce"}
2022-10-18 13:09:45:342 [HTTP] <-- POST /wd/hub/session/2572155b-9e56-4687-8fbc-1212fb531f79/element 200 298 ms - 137
2022-10-18 13:09:45:342 [HTTP] 
2022-10-18 13:09:45:346 [HTTP] --> GET /wd/hub/session/2572155b-9e56-4687-8fbc-1212fb531f79/element/00000000-0000-02da-ffff-ffff000008ce/displayed
2022-10-18 13:09:45:346 [HTTP] {}
2022-10-18 13:09:45:346 [W3C (2572155b)] Calling AppiumDriver.elementDisplayed() with args: ["00000000-0000-02da-ffff-ffff000008ce","2572155b-9e56-4687-8fbc-1212fb531f79"]
2022-10-18 13:09:45:347 [WD Proxy] Matched '/element/00000000-0000-02da-ffff-ffff000008ce/attribute/displayed' to command name 'getAttribute'
2022-10-18 13:09:45:347 [WD Proxy] Proxying [GET /element/00000000-0000-02da-ffff-ffff000008ce/attribute/displayed] to [GET http://127.0.0.1:8237/wd/hub/session/84d4b274-0db2-40b6-b34a-f6e06566e4e1/element/00000000-0000-02da-ffff-ffff000008ce/attribute/displayed] with no body
2022-10-18 13:09:45:369 [WD Proxy] Got response with status 200: {"sessionId":"84d4b274-0db2-40b6-b34a-f6e06566e4e1","value":"true"}
2022-10-18 13:09:45:369 [W3C (2572155b)] Responding to client with driver.elementDisplayed() result: true
2022-10-18 13:09:45:370 [HTTP] <-- GET /wd/hub/session/2572155b-9e56-4687-8fbc-1212fb531f79/element/00000000-0000-02da-ffff-ffff000008ce/displayed 200 24 ms - 14
2022-10-18 13:09:45:370 [HTTP] 
2022-10-18 13:09:45:377 [HTTP] --> POST /wd/hub/session/2572155b-9e56-4687-8fbc-1212fb531f79/element
2022-10-18 13:09:45:377 [HTTP] {"using":"xpath","value":"//androidx.recyclerview.widget.RecyclerView[@resource-id='com.mandir:id/rv_hora']/child::android.widget.FrameLayout[1]"}
2022-10-18 13:09:45:378 [W3C (2572155b)] Calling AppiumDriver.findElement() with args: ["xpath","//androidx.recyclerview.widget.RecyclerView[@resource-id='com.mandir:id/rv_hora']/child::android.widget.FrameLayout[1]","2572155b-9e56-4687-8fbc-1212fb531f79"]
2022-10-18 13:09:45:378 [BaseDriver] Valid locator strategies for this request: xpath, id, class name, accessibility id, css selector, -android uiautomator
2022-10-18 13:09:45:379 [BaseDriver] Waiting up to 10000 ms for condition
2022-10-18 13:09:45:379 [WD Proxy] Matched '/element' to command name 'findElement'
2022-10-18 13:09:45:379 [WD Proxy] Proxying [POST /element] to [POST http://127.0.0.1:8237/wd/hub/session/84d4b274-0db2-40b6-b34a-f6e06566e4e1/element] with body: {"strategy":"xpath","selector":"//androidx.recyclerview.widget.RecyclerView[@resource-id='com.mandir:id/rv_hora']/child::android.widget.FrameLayout[1]","context":"","multiple":false}
2022-10-18 13:09:45:742 [WD Proxy] Got response with status 200: {"sessionId":"84d4b274-0db2-40b6-b34a-f6e06566e4e1","value":{"ELEMENT":"00000000-0000-02da-ffff-ffff000008ce","element-6066-11e4-a52e-4f735466cecf":"00000000-0000-02da-ffff-ffff000008ce"}}
2022-10-18 13:09:45:743 [W3C (2572155b)] Responding to client with driver.findElement() result: {"element-6066-11e4-a52e-4f735466cecf":"00000000-0000-02da-ffff-ffff000008ce","ELEMENT":"00000000-0000-02da-ffff-ffff000008ce"}
2022-10-18 13:09:45:744 [HTTP] <-- POST /wd/hub/session/2572155b-9e56-4687-8fbc-1212fb531f79/element 200 367 ms - 137
2022-10-18 13:09:45:744 [HTTP] 
2022-10-18 13:09:45:746 [HTTP] --> GET /wd/hub/session/2572155b-9e56-4687-8fbc-1212fb531f79/element/00000000-0000-02da-ffff-ffff000008ce/displayed
2022-10-18 13:09:45:747 [HTTP] {}
2022-10-18 13:09:45:748 [W3C (2572155b)] Calling AppiumDriver.elementDisplayed() with args: ["00000000-0000-02da-ffff-ffff000008ce","2572155b-9e56-4687-8fbc-1212fb531f79"]
2022-10-18 13:09:45:749 [WD Proxy] Matched '/element/00000000-0000-02da-ffff-ffff000008ce/attribute/displayed' to command name 'getAttribute'
2022-10-18 13:09:45:749 [WD Proxy] Proxying [GET /element/00000000-0000-02da-ffff-ffff000008ce/attribute/displayed] to [GET http://127.0.0.1:8237/wd/hub/session/84d4b274-0db2-40b6-b34a-f6e06566e4e1/element/00000000-0000-02da-ffff-ffff000008ce/attribute/displayed] with no body
2022-10-18 13:09:45:790 [WD Proxy] Got response with status 200: {"sessionId":"84d4b274-0db2-40b6-b34a-f6e06566e4e1","value":"true"}
2022-10-18 13:09:45:790 [W3C (2572155b)] Responding to client with driver.elementDisplayed() result: true
2022-10-18 13:09:45:791 [HTTP] <-- GET /wd/hub/session/2572155b-9e56-4687-8fbc-1212fb531f79/element/00000000-0000-02da-ffff-ffff000008ce/displayed 200 44 ms - 14
2022-10-18 13:09:45:791 [HTTP] 
2022-10-18 13:09:45:813 [HTTP] --> POST /wd/hub/session/2572155b-9e56-4687-8fbc-1212fb531f79/appium/app/close
2022-10-18 13:09:45:813 [HTTP] {}
2022-10-18 13:09:45:817 [W3C (2572155b)] Calling AppiumDriver.closeApp() with args: ["2572155b-9e56-4687-8fbc-1212fb531f79"]
2022-10-18 13:09:45:818 [ADB] Running 'C:\Users\Shilpa\AppData\Local\Android\Sdk\platform-tools\adb.exe -P 5037 -s emulator-5554 shell am force-stop com.mandir'
2022-10-18 13:09:46:278 [W3C (2572155b)] Responding to client with driver.closeApp() result: null
2022-10-18 13:09:46:280 [HTTP] <-- POST /wd/hub/session/2572155b-9e56-4687-8fbc-1212fb531f79/appium/app/close 200 466 ms - 14
2022-10-18 13:09:46:280 [HTTP] 
