2022-10-07 09:52:27:930 [Appium] Welcome to Appium v1.22.3
2022-10-07 09:52:27:932 [Appium] Non-default server args:
2022-10-07 09:52:27:933 [Appium]   address: 127.0.0.1
2022-10-07 09:52:27:933 [Appium]   port: 12098
2022-10-07 09:52:27:933 [Appium]   logFile: C:\Users\Santhruptha\eclipse-workspace\srimandir\SRI_MANDIR(Different languages)\.\ServerLogs\appiumSriMandircompareaartiThaliImage.log
2022-10-07 09:52:28:019 [Appium] Appium REST http interface listener started on 127.0.0.1:12098
2022-10-07 09:52:28:183 [HTTP] --> GET /wd/hub/status
2022-10-07 09:52:28:185 [HTTP] {}
2022-10-07 09:52:28:188 [GENERIC] Calling AppiumDriver.getStatus() with args: []
2022-10-07 09:52:28:191 [GENERIC] Responding to client with driver.getStatus() result: {"build":{"version":"1.22.3"}}
2022-10-07 09:52:28:209 [HTTP] <-- GET /wd/hub/status 200 21 ms - 68
2022-10-07 09:52:28:209 [HTTP] 
2022-10-07 09:52:29:200 [HTTP] --> POST /wd/hub/session
2022-10-07 09:52:29:201 [HTTP] {"desiredCapabilities":{"app":"./src/main/java/resources/app-debug-3.7.5.apk","noReset":true,"automationName":"UiAutomator2","autoGrantPermissions":true,"platformName":"Android","udid":"emulator-5554","platform":"ANDROID"},"capabilities":{"firstMatch":[{"appium:app":"./src/main/java/resources/app-debug-3.7.5.apk","appium:autoGrantPermissions":true,"appium:automationName":"UiAutomator2","appium:noReset":true,"platform":"ANDROID","platformName":"android","appium:udid":"emulator-5554"}]}}
2022-10-07 09:52:29:203 [W3C] Calling AppiumDriver.createSession() with args: [{"app":"./src/main/java/resources/app-debug-3.7.5.apk","noReset":true,"automationName":"UiAutomator2","autoGrantPermissions":true,"platformName":"Android","udid":"emulator-5554","platform":"ANDROID"},null,{"firstMatch":[{"appium:app":"./src/main/java/resources/app-debug-3.7.5.apk","appium:autoGrantPermissions":true,"appium:automationName":"UiAutomator2","appium:noReset":true,"platform":"ANDROID","platformName":"android","appium:udid":"emulator-5554"}]}]
2022-10-07 09:52:29:212 [BaseDriver] Event 'newSessionRequested' logged at 1665136349204 (15:22:29 GMT+0530 (India Standard Time))
2022-10-07 09:52:29:217 [BaseDriver] The following capabilities are not standard capabilities and should have an extension prefix:
2022-10-07 09:52:29:218 [BaseDriver]   platform
2022-10-07 09:52:29:928 [Appium] Appium v1.22.3 creating new AndroidUiautomator2Driver (v1.70.1) session
2022-10-07 09:52:29:933 [BaseDriver] W3C capabilities and MJSONWP desired capabilities were provided
2022-10-07 09:52:29:935 [BaseDriver] Creating session with W3C capabilities: {
2022-10-07 09:52:29:935 [BaseDriver]   "alwaysMatch": {
2022-10-07 09:52:29:935 [BaseDriver]     "appium:platform": "ANDROID",
2022-10-07 09:52:29:935 [BaseDriver]     "platformName": "android",
2022-10-07 09:52:29:935 [BaseDriver]     "appium:app": "./src/main/java/resources/app-debug-3.7.5.apk",
2022-10-07 09:52:29:936 [BaseDriver]     "appium:autoGrantPermissions": true,
2022-10-07 09:52:29:936 [BaseDriver]     "appium:automationName": "UiAutomator2",
2022-10-07 09:52:29:936 [BaseDriver]     "appium:noReset": true,
2022-10-07 09:52:29:936 [BaseDriver]     "appium:udid": "emulator-5554"
2022-10-07 09:52:29:936 [BaseDriver]   },
2022-10-07 09:52:29:936 [BaseDriver]   "firstMatch": [
2022-10-07 09:52:29:936 [BaseDriver]     {}
2022-10-07 09:52:29:937 [BaseDriver]   ]
2022-10-07 09:52:29:937 [BaseDriver] }
2022-10-07 09:52:29:948 [BaseDriver] The following capabilities were provided, but are not recognized by Appium:
2022-10-07 09:52:29:949 [BaseDriver]   platform
2022-10-07 09:52:29:952 [BaseDriver] Session created with session id: 815d9ada-1905-4af3-9fac-48bfddf6c2df
2022-10-07 09:52:29:956 [BaseDriver] Using local app './src/main/java/resources/app-debug-3.7.5.apk'
2022-10-07 09:52:29:956 [BaseDriver] The current application path './src/main/java/resources/app-debug-3.7.5.apk' is not absolute and has been rewritten to 'C:\Users\Santhruptha\eclipse-workspace\srimandir\SRI_MANDIR(Different languages)\src\main\java\resources\app-debug-3.7.5.apk'. Consider using absolute paths rather than relative
2022-10-07 09:52:29:957 [UiAutomator2] Checking whether app is actually present
2022-10-07 09:52:30:042 [ADB] Found 2 'build-tools' folders under 'C:\Users\Santhruptha\AppData\Local\Android\Sdk' (newest first):
2022-10-07 09:52:30:043 [ADB]     C:/Users/Santhruptha/AppData/Local/Android/Sdk/build-tools/33.0.0
2022-10-07 09:52:30:043 [ADB]     C:/Users/Santhruptha/AppData/Local/Android/Sdk/build-tools/30.0.3
2022-10-07 09:52:30:052 [ADB] Using 'adb.exe' from 'C:\Users\Santhruptha\AppData\Local\Android\Sdk\platform-tools\adb.exe'
2022-10-07 09:52:30:058 [ADB] Running 'C:\Users\Santhruptha\AppData\Local\Android\Sdk\platform-tools\adb.exe -P 5037 start-server'
2022-10-07 09:52:30:146 [AndroidDriver] Retrieving device list
2022-10-07 09:52:30:147 [ADB] Trying to find a connected android device
2022-10-07 09:52:30:149 [ADB] Getting connected devices
2022-10-07 09:52:30:214 [ADB] Connected devices: [{"udid":"emulator-5554","state":"device"}]
2022-10-07 09:52:30:215 [AndroidDriver] Using device: emulator-5554
2022-10-07 09:52:30:218 [ADB] Using 'adb.exe' from 'C:\Users\Santhruptha\AppData\Local\Android\Sdk\platform-tools\adb.exe'
2022-10-07 09:52:30:219 [ADB] Running 'C:\Users\Santhruptha\AppData\Local\Android\Sdk\platform-tools\adb.exe -P 5037 start-server'
2022-10-07 09:52:30:283 [ADB] Setting device id to emulator-5554
2022-10-07 09:52:30:284 [ADB] Running 'C:\Users\Santhruptha\AppData\Local\Android\Sdk\platform-tools\adb.exe -P 5037 -s emulator-5554 shell getprop ro.build.version.sdk'
2022-10-07 09:52:30:452 [ADB] Current device property 'ro.build.version.sdk': 31
2022-10-07 09:52:30:452 [ADB] Getting device platform version
2022-10-07 09:52:30:453 [ADB] Running 'C:\Users\Santhruptha\AppData\Local\Android\Sdk\platform-tools\adb.exe -P 5037 -s emulator-5554 shell getprop ro.build.version.release'
2022-10-07 09:52:30:578 [ADB] Current device property 'ro.build.version.release': 12
2022-10-07 09:52:30:578 [ADB] Device API level: 31
2022-10-07 09:52:30:578 [UiAutomator2] Relaxing hidden api policy
2022-10-07 09:52:30:580 [ADB] Running 'C:\Users\Santhruptha\AppData\Local\Android\Sdk\platform-tools\adb.exe -P 5037 -s emulator-5554 shell 'settings put global hidden_api_policy_pre_p_apps 1;settings put global hidden_api_policy_p_apps 1;settings put global hidden_api_policy 1''
2022-10-07 09:52:30:949 [AndroidDriver] Parsing package and activity from app manifest
2022-10-07 09:52:31:085 [ADB] Package name: 'com.mandir'
2022-10-07 09:52:31:086 [ADB] Main activity name: 'com.mandir.ui.activity.SplashActivity'
2022-10-07 09:52:31:086 [AndroidDriver] Parsed package and activity are: com.mandir/com.mandir.ui.activity.SplashActivity
2022-10-07 09:52:31:088 [ADB] Running 'C:\Users\Santhruptha\AppData\Local\Android\Sdk\platform-tools\adb.exe -P 5037 -s emulator-5554 wait-for-device'
2022-10-07 09:52:31:136 [ADB] Running 'C:\Users\Santhruptha\AppData\Local\Android\Sdk\platform-tools\adb.exe -P 5037 -s emulator-5554 shell echo ping'
2022-10-07 09:52:31:203 [AndroidDriver] Pushing settings apk to device...
2022-10-07 09:52:31:204 [ADB] Getting install status for io.appium.settings
2022-10-07 09:52:31:205 [ADB] Running 'C:\Users\Santhruptha\AppData\Local\Android\Sdk\platform-tools\adb.exe -P 5037 -s emulator-5554 shell dumpsys package io.appium.settings'
2022-10-07 09:52:31:306 [ADB] 'io.appium.settings' is installed
2022-10-07 09:52:31:306 [ADB] Getting package info for 'io.appium.settings'
2022-10-07 09:52:31:307 [ADB] Running 'C:\Users\Santhruptha\AppData\Local\Android\Sdk\platform-tools\adb.exe -P 5037 -s emulator-5554 shell dumpsys package io.appium.settings'
2022-10-07 09:52:31:419 [ADB] The version name of the installed 'io.appium.settings' is greater or equal to the application version name ('3.4.0' >= '3.4.0')
2022-10-07 09:52:31:419 [ADB] There is no need to install/upgrade 'C:\Users\Santhruptha\AppData\Roaming\npm\node_modules\appium\node_modules\io.appium.settings\apks\settings_apk-debug.apk'
2022-10-07 09:52:31:420 [ADB] Getting IDs of all 'io.appium.settings' processes
2022-10-07 09:52:31:421 [ADB] Running 'C:\Users\Santhruptha\AppData\Local\Android\Sdk\platform-tools\adb.exe -P 5037 -s emulator-5554 shell 'pgrep --help; echo $?''
2022-10-07 09:52:31:600 [ADB] Running 'C:\Users\Santhruptha\AppData\Local\Android\Sdk\platform-tools\adb.exe -P 5037 -s emulator-5554 shell pgrep -f \(\[\[:blank:\]\]\|\^\)io\.appium\.settings\(\[\[:blank:\]\]\|\$\)'
2022-10-07 09:52:32:307 [AndroidDriver] io.appium.settings is already running. There is no need to reset its permissions.
2022-10-07 09:52:32:309 [Logcat] Starting logs capture with command: C:\\Users\\Santhruptha\\AppData\\Local\\Android\\Sdk\\platform-tools\\adb.exe -P 5037 -s emulator-5554 logcat -v threadtime
2022-10-07 09:52:32:546 [UiAutomator2] Forwarding UiAutomator2 Server port 6790 to local port 8227
2022-10-07 09:52:32:548 [ADB] Forwarding system: 8227 to device: 6790
2022-10-07 09:52:32:549 [ADB] Running 'C:\Users\Santhruptha\AppData\Local\Android\Sdk\platform-tools\adb.exe -P 5037 -s emulator-5554 forward tcp:8227 tcp:6790'
2022-10-07 09:52:32:624 [ADB] Getting install status for io.appium.uiautomator2.server
2022-10-07 09:52:32:624 [ADB] Running 'C:\Users\Santhruptha\AppData\Local\Android\Sdk\platform-tools\adb.exe -P 5037 -s emulator-5554 shell dumpsys package io.appium.uiautomator2.server'
2022-10-07 09:52:32:936 [ADB] 'io.appium.uiautomator2.server' is installed
2022-10-07 09:52:32:936 [ADB] Getting package info for 'io.appium.uiautomator2.server'
2022-10-07 09:52:32:937 [ADB] Running 'C:\Users\Santhruptha\AppData\Local\Android\Sdk\platform-tools\adb.exe -P 5037 -s emulator-5554 shell dumpsys package io.appium.uiautomator2.server'
2022-10-07 09:52:33:793 [ADB] The version name of the installed 'io.appium.uiautomator2.server' is greater or equal to the application version name ('4.27.0' >= '4.27.0')
2022-10-07 09:52:33:793 [UiAutomator2] io.appium.uiautomator2.server installation state: sameVersionInstalled
2022-10-07 09:52:33:794 [ADB] Checking app cert for C:\Users\Santhruptha\AppData\Roaming\npm\node_modules\appium\node_modules\appium-uiautomator2-server\apks\appium-uiautomator2-server-v4.27.0.apk
2022-10-07 09:52:33:865 [ADB] Using 'apksigner.jar' from 'C:\Users\Santhruptha\AppData\Local\Android\Sdk\build-tools\33.0.0\lib\apksigner.jar'
2022-10-07 09:52:33:875 [ADB] Starting apksigner: 'C:\\Program Files\\Java\\jdk1.8.0_291\\bin\\java.exe' -Xmx1024M -Xss1m -jar C:\\Users\\Santhruptha\\AppData\\Local\\Android\\Sdk\\build-tools\\33.0.0\\lib\\apksigner.jar verify --print-certs C:\\Users\\Santhruptha\\AppData\\Roaming\\npm\\node_modules\\appium\\node_modules\\appium-uiautomator2-server\\apks\\appium-uiautomator2-server-v4.27.0.apk
2022-10-07 09:52:36:658 [ADB] apksigner stdout: Signer #1 certificate DN: EMAILADDRESS=android@android.com, CN=Android, OU=Android, O=Android, L=Mountain View, ST=California, C=US
2022-10-07 09:52:36:659 [ADB] Signer #1 certificate SHA-256 digest: a40da80a59d170caa950cf15c18c454d47a39b26989d8b640ecd745ba71bf5dc
2022-10-07 09:52:36:659 [ADB] Signer #1 certificate SHA-1 digest: 61ed377e85d386a8dfee6b864bd85b0bfaa5af81
2022-10-07 09:52:36:660 [ADB] Signer #1 certificate MD5 digest: e89b158e4bcf988ebd09eb83f5378e87
2022-10-07 09:52:36:660 [ADB] 
2022-10-07 09:52:36:662 [ADB] sha256 hash did match for 'appium-uiautomator2-server-v4.27.0.apk'
2022-10-07 09:52:36:662 [ADB] 'C:\Users\Santhruptha\AppData\Roaming\npm\node_modules\appium\node_modules\appium-uiautomator2-server\apks\appium-uiautomator2-server-v4.27.0.apk' is signed with the default certificate
2022-10-07 09:52:36:663 [ADB] Getting install status for io.appium.uiautomator2.server.test
2022-10-07 09:52:36:665 [ADB] Running 'C:\Users\Santhruptha\AppData\Local\Android\Sdk\platform-tools\adb.exe -P 5037 -s emulator-5554 shell dumpsys package io.appium.uiautomator2.server.test'
2022-10-07 09:52:36:967 [ADB] 'io.appium.uiautomator2.server.test' is installed
2022-10-07 09:52:36:968 [ADB] Checking app cert for C:\Users\Santhruptha\AppData\Roaming\npm\node_modules\appium\node_modules\appium-uiautomator2-server\apks\appium-uiautomator2-server-debug-androidTest.apk
2022-10-07 09:52:36:981 [ADB] Starting apksigner: 'C:\\Program Files\\Java\\jdk1.8.0_291\\bin\\java.exe' -Xmx1024M -Xss1m -jar C:\\Users\\Santhruptha\\AppData\\Local\\Android\\Sdk\\build-tools\\33.0.0\\lib\\apksigner.jar verify --print-certs C:\\Users\\Santhruptha\\AppData\\Roaming\\npm\\node_modules\\appium\\node_modules\\appium-uiautomator2-server\\apks\\appium-uiautomator2-server-debug-androidTest.apk
2022-10-07 09:52:38:061 [ADB] apksigner stdout: Signer #1 certificate DN: EMAILADDRESS=android@android.com, CN=Android, OU=Android, O=Android, L=Mountain View, ST=California, C=US
2022-10-07 09:52:38:061 [ADB] Signer #1 certificate SHA-256 digest: a40da80a59d170caa950cf15c18c454d47a39b26989d8b640ecd745ba71bf5dc
2022-10-07 09:52:38:062 [ADB] Signer #1 certificate SHA-1 digest: 61ed377e85d386a8dfee6b864bd85b0bfaa5af81
2022-10-07 09:52:38:062 [ADB] Signer #1 certificate MD5 digest: e89b158e4bcf988ebd09eb83f5378e87
2022-10-07 09:52:38:062 [ADB] 
2022-10-07 09:52:38:062 [ADB] sha256 hash did match for 'appium-uiautomator2-server-debug-androidTest.apk'
2022-10-07 09:52:38:063 [ADB] 'C:\Users\Santhruptha\AppData\Roaming\npm\node_modules\appium\node_modules\appium-uiautomator2-server\apks\appium-uiautomator2-server-debug-androidTest.apk' is signed with the default certificate
2022-10-07 09:52:38:063 [UiAutomator2] Server packages are not going to be (re)installed
2022-10-07 09:52:38:069 [UiAutomator2] Waiting up to 30000ms for services to be available
2022-10-07 09:52:38:070 [ADB] Running 'C:\Users\Santhruptha\AppData\Local\Android\Sdk\platform-tools\adb.exe -P 5037 -s emulator-5554 shell pm list instrumentation'
2022-10-07 09:52:38:294 [UiAutomator2] Instrumentation target 'io.appium.uiautomator2.server.test/androidx.test.runner.AndroidJUnitRunner' is available
2022-10-07 09:52:38:298 [ADB] Adding packages ["io.appium.settings","io.appium.uiautomator2.server","io.appium.uiautomator2.server.test"] to Doze whitelist
2022-10-07 09:52:38:298 [ADB] Got the following command chunks to execute: [["dumpsys","deviceidle","whitelist","+io.appium.settings",";","dumpsys","deviceidle","whitelist","+io.appium.uiautomator2.server",";","dumpsys","deviceidle","whitelist","+io.appium.uiautomator2.server.test",";"]]
2022-10-07 09:52:38:299 [ADB] Running 'C:\Users\Santhruptha\AppData\Local\Android\Sdk\platform-tools\adb.exe -P 5037 -s emulator-5554 shell dumpsys deviceidle whitelist +io.appium.settings ; dumpsys deviceidle whitelist +io.appium.uiautomator2.server ; dumpsys deviceidle whitelist +io.appium.uiautomator2.server.test ;'
2022-10-07 09:52:38:491 [ADB] Checking app cert for C:\Users\Santhruptha\eclipse-workspace\srimandir\SRI_MANDIR(Different languages)\src\main\java\resources\app-debug-3.7.5.apk
2022-10-07 09:52:39:062 [ADB] Starting apksigner: 'C:\\Program Files\\Java\\jdk1.8.0_291\\bin\\java.exe' -Xmx1024M -Xss1m -jar C:\\Users\\Santhruptha\\AppData\\Local\\Android\\Sdk\\build-tools\\33.0.0\\lib\\apksigner.jar verify --print-certs 'C:\\Users\\Santhruptha\\eclipse-workspace\\srimandir\\SRI_MANDIR(Different languages)\\src\\main\\java\\resources\\app-debug-3.7.5.apk'
2022-10-07 09:52:46:951 [ADB] apksigner stdout: Signer #1 certificate DN: C=US, O=Android, CN=Android Debug
2022-10-07 09:52:46:951 [ADB] Signer #1 certificate SHA-256 digest: 468f8d0eca3bb01d2f428ec8b54a99b3813d746f45499a1b98320fb67de13b88
2022-10-07 09:52:46:951 [ADB] Signer #1 certificate SHA-1 digest: 6af3fb8b6c2faff18497cde281bcb0971856f899
2022-10-07 09:52:46:951 [ADB] Signer #1 certificate MD5 digest: 80c2152efe8fbaf12745baabbb4c6045
2022-10-07 09:52:46:952 [ADB] 
2022-10-07 09:52:46:952 [ADB] 'C:\Users\Santhruptha\eclipse-workspace\srimandir\SRI_MANDIR(Different languages)\src\main\java\resources\app-debug-3.7.5.apk' is signed with a non-default certificate
2022-10-07 09:52:46:953 [ADB] Getting install status for com.mandir
2022-10-07 09:52:46:954 [ADB] Running 'C:\Users\Santhruptha\AppData\Local\Android\Sdk\platform-tools\adb.exe -P 5037 -s emulator-5554 shell dumpsys package com.mandir'
2022-10-07 09:52:47:111 [ADB] 'com.mandir' is installed
2022-10-07 09:52:47:111 [ADB] Getting package info for 'com.mandir'
2022-10-07 09:52:47:111 [ADB] Running 'C:\Users\Santhruptha\AppData\Local\Android\Sdk\platform-tools\adb.exe -P 5037 -s emulator-5554 shell dumpsys package com.mandir'
2022-10-07 09:52:47:306 [ADB] The version name of the installed 'com.mandir' is greater or equal to the application version name ('3.7.5' >= '3.7.5')
2022-10-07 09:52:47:307 [ADB] There is no need to install/upgrade 'C:\Users\Santhruptha\eclipse-workspace\srimandir\SRI_MANDIR(Different languages)\src\main\java\resources\app-debug-3.7.5.apk'
2022-10-07 09:52:47:309 [UiAutomator2] Performing shallow cleanup of automation leftovers
2022-10-07 09:52:47:614 [UiAutomator2] The following obsolete sessions are still running: ["b8770c4b-05f1-4003-b660-1dac50347735"]
2022-10-07 09:52:47:621 [UiAutomator2] Cleaning up 1 obsolete session
2022-10-07 09:52:48:758 [ADB] Running 'C:\Users\Santhruptha\AppData\Local\Android\Sdk\platform-tools\adb.exe -P 5037 -s emulator-5554 shell am force-stop io.appium.uiautomator2.server.test'
2022-10-07 09:52:48:981 [UiAutomator2] Starting UIAutomator2 server 4.27.0
2022-10-07 09:52:48:982 [UiAutomator2] Using UIAutomator2 server from 'C:\Users\Santhruptha\AppData\Roaming\npm\node_modules\appium\node_modules\appium-uiautomator2-server\apks\appium-uiautomator2-server-v4.27.0.apk' and test from 'C:\Users\Santhruptha\AppData\Roaming\npm\node_modules\appium\node_modules\appium-uiautomator2-server\apks\appium-uiautomator2-server-debug-androidTest.apk'
2022-10-07 09:52:48:982 [UiAutomator2] Waiting up to 30000ms for UiAutomator2 to be online...
2022-10-07 09:52:48:983 [ADB] Creating ADB subprocess with args: ["-P",5037,"-s","emulator-5554","shell","am","instrument","-w","-e","disableAnalytics",true,"io.appium.uiautomator2.server.test/androidx.test.runner.AndroidJUnitRunner"]
2022-10-07 09:52:48:998 [WD Proxy] Matched '/status' to command name 'getStatus'
2022-10-07 09:52:49:001 [WD Proxy] Proxying [GET /status] to [GET http://127.0.0.1:8227/wd/hub/status] with no body
2022-10-07 09:52:49:040 [WD Proxy] socket hang up
2022-10-07 09:52:50:047 [WD Proxy] Matched '/status' to command name 'getStatus'
2022-10-07 09:52:50:048 [WD Proxy] Proxying [GET /status] to [GET http://127.0.0.1:8227/wd/hub/status] with no body
2022-10-07 09:52:50:062 [WD Proxy] socket hang up
2022-10-07 09:52:51:072 [WD Proxy] Matched '/status' to command name 'getStatus'
2022-10-07 09:52:51:072 [WD Proxy] Proxying [GET /status] to [GET http://127.0.0.1:8227/wd/hub/status] with no body
2022-10-07 09:52:51:086 [WD Proxy] socket hang up
2022-10-07 09:52:52:089 [WD Proxy] Matched '/status' to command name 'getStatus'
2022-10-07 09:52:52:090 [WD Proxy] Proxying [GET /status] to [GET http://127.0.0.1:8227/wd/hub/status] with no body
2022-10-07 09:52:52:102 [WD Proxy] socket hang up
2022-10-07 09:52:53:111 [WD Proxy] Matched '/status' to command name 'getStatus'
2022-10-07 09:52:53:112 [WD Proxy] Proxying [GET /status] to [GET http://127.0.0.1:8227/wd/hub/status] with no body
2022-10-07 09:52:53:125 [WD Proxy] socket hang up
2022-10-07 09:52:54:138 [WD Proxy] Matched '/status' to command name 'getStatus'
2022-10-07 09:52:54:140 [WD Proxy] Proxying [GET /status] to [GET http://127.0.0.1:8227/wd/hub/status] with no body
2022-10-07 09:52:54:154 [WD Proxy] socket hang up
2022-10-07 09:52:55:160 [WD Proxy] Matched '/status' to command name 'getStatus'
2022-10-07 09:52:55:162 [WD Proxy] Proxying [GET /status] to [GET http://127.0.0.1:8227/wd/hub/status] with no body
2022-10-07 09:52:55:174 [WD Proxy] socket hang up
2022-10-07 09:52:56:188 [WD Proxy] Matched '/status' to command name 'getStatus'
2022-10-07 09:52:56:189 [WD Proxy] Proxying [GET /status] to [GET http://127.0.0.1:8227/wd/hub/status] with no body
2022-10-07 09:52:56:203 [WD Proxy] socket hang up
2022-10-07 09:52:57:213 [WD Proxy] Matched '/status' to command name 'getStatus'
2022-10-07 09:52:57:214 [WD Proxy] Proxying [GET /status] to [GET http://127.0.0.1:8227/wd/hub/status] with no body
2022-10-07 09:52:57:227 [WD Proxy] socket hang up
2022-10-07 09:52:58:241 [WD Proxy] Matched '/status' to command name 'getStatus'
2022-10-07 09:52:58:242 [WD Proxy] Proxying [GET /status] to [GET http://127.0.0.1:8227/wd/hub/status] with no body
2022-10-07 09:52:58:258 [WD Proxy] socket hang up
2022-10-07 09:52:59:273 [WD Proxy] Matched '/status' to command name 'getStatus'
2022-10-07 09:52:59:275 [WD Proxy] Proxying [GET /status] to [GET http://127.0.0.1:8227/wd/hub/status] with no body
2022-10-07 09:52:59:288 [WD Proxy] socket hang up
2022-10-07 09:53:00:299 [WD Proxy] Matched '/status' to command name 'getStatus'
2022-10-07 09:53:00:299 [WD Proxy] Proxying [GET /status] to [GET http://127.0.0.1:8227/wd/hub/status] with no body
2022-10-07 09:53:00:317 [WD Proxy] socket hang up
2022-10-07 09:53:01:326 [WD Proxy] Matched '/status' to command name 'getStatus'
2022-10-07 09:53:01:327 [WD Proxy] Proxying [GET /status] to [GET http://127.0.0.1:8227/wd/hub/status] with no body
2022-10-07 09:53:01:347 [WD Proxy] socket hang up
2022-10-07 09:53:01:781 [Instrumentation] io.appium.uiautomator2.server.test.AppiumUiAutomator2Server:
2022-10-07 09:53:02:363 [WD Proxy] Matched '/status' to command name 'getStatus'
2022-10-07 09:53:02:364 [WD Proxy] Proxying [GET /status] to [GET http://127.0.0.1:8227/wd/hub/status] with no body
2022-10-07 09:53:02:373 [WD Proxy] socket hang up
2022-10-07 09:53:03:386 [WD Proxy] Matched '/status' to command name 'getStatus'
2022-10-07 09:53:03:387 [WD Proxy] Proxying [GET /status] to [GET http://127.0.0.1:8227/wd/hub/status] with no body
2022-10-07 09:53:03:402 [WD Proxy] socket hang up
2022-10-07 09:53:04:410 [WD Proxy] Matched '/status' to command name 'getStatus'
2022-10-07 09:53:04:410 [WD Proxy] Proxying [GET /status] to [GET http://127.0.0.1:8227/wd/hub/status] with no body
2022-10-07 09:53:04:676 [WD Proxy] Got response with status 200: {"sessionId":"None","value":{"message":"UiAutomator2 Server is ready to accept commands","ready":true}}
2022-10-07 09:53:04:678 [UiAutomator2] The initialization of the instrumentation process took 15696ms
2022-10-07 09:53:04:679 [WD Proxy] Matched '/session' to command name 'createSession'
2022-10-07 09:53:04:679 [WD Proxy] Proxying [POST /session] to [POST http://127.0.0.1:8227/wd/hub/session] with body: {"capabilities":{"firstMatch":[{"platform":"ANDROID","webStorageEnabled":false,"takesScreenshot":true,"javascriptEnabled":true,"databaseEnabled":false,"networkConnectionEnabled":true,"locationContextEnabled":false,"warnings":{},"desired":{"platformName":"android","platform":"ANDROID","app":"./src/main/java/resources/app-debug-3.7.5.apk","autoGrantPermissions":true,"automationName":"UiAutomator2","noReset":true,"udid":"emulator-5554"},"platformName":"android","app":"./src/main/java/resources/app-debug-3.7.5.apk","autoGrantPermissions":true,"automationName":"UiAutomator2","noReset":true,"udid":"emulator-5554","deviceName":"emulator-5554","deviceUDID":"emulator-5554","appPackage":"com.mandir"}],"alwaysMatch":{}}}
2022-10-07 09:53:04:783 [WD Proxy] Got response with status 200: {"sessionId":"e5d7f85f-93d6-4313-9674-d72c61b71d33","value":{"capabilities":{"firstMatch":[{"platform":"ANDROID","webStorageEnabled":false,"takesScreenshot":true,"javascriptEnabled":true,"databaseEnabled":false,"networkConnectionEnabled":true,"locationContextEnabled":false,"warnings":{},"desired":{"platformName":"android","platform":"ANDROID","app":"./src/main/java/resources/app-debug-3.7.5.apk","autoGrantPermissions":true,"automationName":"UiAutomator2","noReset":true,"udid":"emulator-5554"},"platformName":"android","app":"./src/main/java/resources/app-debug-3.7.5.apk","autoGrantPermissions":true,"automationName":"UiAutomator2","noReset":true,"udid":"emulator-5554","deviceName":"emulator-5554","deviceUDID":"emulator-5554","appPackage":"com.mandir"}],"alwaysMatch":{}},"sessionId":"e5d7f85f-93d6-4313-9674-d72c61b71d33"}}
2022-10-07 09:53:04:783 [WD Proxy] Determined the downstream protocol as 'W3C'
2022-10-07 09:53:04:826 [WD Proxy] Proxying [GET /appium/device/info] to [GET http://127.0.0.1:8227/wd/hub/session/e5d7f85f-93d6-4313-9674-d72c61b71d33/appium/device/info] with no body
2022-10-07 09:53:05:092 [WD Proxy] Got response with status 200: {"sessionId":"e5d7f85f-93d6-4313-9674-d72c61b71d33","value":{"androidId":"552f43563f2b4976","apiVersion":"31","bluetooth":{"state":"ON"},"brand":"google","carrierName":"T-Mobile","displayDensity":420,"locale":"en_US","manufacturer":"Google","model":"sdk_gphone64_x86_64","networks":[{"capabilities":{"SSID":null,"linkDownBandwidthKbps":30000,"linkUpstreamBandwidthKbps":15000,"networkCapabilities":"NET_CAPABILITY_MMS,NET_CAPABILITY_SUPL,NET_CAPABILITY_DUN,NET_CAPABILITY_FOTA,NET_CAPABILITY_IMS,NET_CAPABILITY_CBS,NET_CAPABILITY_INTERNET,NET_CAPABILITY_NOT_RESTRICTED,NET_CAPABILITY_TRUSTED,NET_CAPABILITY_NOT_VPN,NET_CAPABILITY_VALIDATED,NET_CAPABILITY_NOT_ROAMING,NET_CAPABILITY_NOT_CONGESTED,NET_CAPABILITY_NOT_SUSPENDED","signalStrength":-2147483648,"transportTypes":"TRANSPORT_CELLULAR"},"detailedState":"CONNECTED","extraInfo":"epc.tmobile.com","isAvailable":true,"isConnected":true,"isFailover":false,"isRoaming":false,"state":"CONNECTED","subtype":13,"subtypeName":"LTE","type":0,"typeName":"MOBILE"},{"capabilit...
2022-10-07 09:53:05:094 [ADB] Running 'C:\Users\Santhruptha\AppData\Local\Android\Sdk\platform-tools\adb.exe -P 5037 -s emulator-5554 shell dumpsys window'
2022-10-07 09:53:05:391 [AndroidDriver] Screen already unlocked, doing nothing
2022-10-07 09:53:05:392 [UiAutomator2] Starting 'com.mandir/com.mandir.ui.activity.SplashActivity and waiting for 'com.mandir/com.mandir.ui.activity.SplashActivity'
2022-10-07 09:53:05:394 [ADB] Running 'C:\Users\Santhruptha\AppData\Local\Android\Sdk\platform-tools\adb.exe -P 5037 -s emulator-5554 shell am start -W -n com.mandir/com.mandir.ui.activity.SplashActivity -S -a android.intent.action.MAIN -c android.intent.category.LAUNCHER -f 0x10200000'
2022-10-07 09:53:17:514 [ADB] Waiting up to 20000ms for activity matching pkg: 'com.mandir' and activity: 'com.mandir.ui.activity.SplashActivity' to be focused
2022-10-07 09:53:17:515 [ADB] Possible activities, to be checked: 'com.mandir.ui.activity.SplashActivity', 'com.mandir.com.mandir.ui.activity.SplashActivity'
2022-10-07 09:53:17:517 [ADB] Getting focused package and activity
2022-10-07 09:53:17:518 [ADB] Running 'C:\Users\Santhruptha\AppData\Local\Android\Sdk\platform-tools\adb.exe -P 5037 -s emulator-5554 shell dumpsys window displays'
2022-10-07 09:53:17:667 [ADB] Found package: 'com.mandir' and fully qualified activity name : 'com.mandir.ui.activity.SplashActivity'
2022-10-07 09:53:17:673 [WD Proxy] Proxying [GET /appium/device/pixel_ratio] to [GET http://127.0.0.1:8227/wd/hub/session/e5d7f85f-93d6-4313-9674-d72c61b71d33/appium/device/pixel_ratio] with no body
2022-10-07 09:53:17:694 [WD Proxy] Got response with status 200: {"sessionId":"e5d7f85f-93d6-4313-9674-d72c61b71d33","value":2.625}
2022-10-07 09:53:17:697 [WD Proxy] Matched '/appium/device/system_bars' to command name 'getSystemBars'
2022-10-07 09:53:17:697 [WD Proxy] Proxying [GET /appium/device/system_bars] to [GET http://127.0.0.1:8227/wd/hub/session/e5d7f85f-93d6-4313-9674-d72c61b71d33/appium/device/system_bars] with no body
2022-10-07 09:53:17:738 [WD Proxy] Got response with status 200: {"sessionId":"e5d7f85f-93d6-4313-9674-d72c61b71d33","value":{"statusBar":63}}
2022-10-07 09:53:17:740 [WD Proxy] Matched '/window/current/size' to command name 'getWindowSize'
2022-10-07 09:53:17:740 [WD Proxy] Proxying [GET /window/current/size] to [GET http://127.0.0.1:8227/wd/hub/session/e5d7f85f-93d6-4313-9674-d72c61b71d33/window/current/size] with no body
2022-10-07 09:53:17:792 [WD Proxy] Got response with status 200: {"sessionId":"e5d7f85f-93d6-4313-9674-d72c61b71d33","value":{"height":1794,"width":1080}}
2022-10-07 09:53:17:796 [Appium] New AndroidUiautomator2Driver session created successfully, session 815d9ada-1905-4af3-9fac-48bfddf6c2df added to master session list
2022-10-07 09:53:17:798 [BaseDriver] Event 'newSessionStarted' logged at 1665136397797 (15:23:17 GMT+0530 (India Standard Time))
2022-10-07 09:53:17:800 [W3C (815d9ada)] Cached the protocol value 'W3C' for the new session 815d9ada-1905-4af3-9fac-48bfddf6c2df
2022-10-07 09:53:17:804 [W3C (815d9ada)] Responding to client with driver.createSession() result: {"capabilities":{"platform":"ANDROID","webStorageEnabled":false,"takesScreenshot":true,"javascriptEnabled":true,"databaseEnabled":false,"networkConnectionEnabled":true,"locationContextEnabled":false,"warnings":{},"desired":{"platformName":"android","platform":"ANDROID","app":"./src/main/java/resources/app-debug-3.7.5.apk","autoGrantPermissions":true,"automationName":"UiAutomator2","noReset":true,"udid":"emulator-5554"},"platformName":"android","app":"./src/main/java/resources/app-debug-3.7.5.apk","autoGrantPermissions":true,"automationName":"UiAutomator2","noReset":true,"udid":"emulator-5554","deviceName":"emulator-5554","deviceUDID":"emulator-5554","appPackage":"com.mandir","deviceApiLevel":31,"platformVersion":"12","deviceScreenSize":"1080x1920","deviceScreenDensity":420,"deviceModel":"sdk_gphone64_x86_64","deviceManufacturer":"Google","pixelRatio":2.625,"statBarHeight":63,"viewportRect":{"left":0,"top":63,"width":1080,"height":1731}}}
2022-10-07 09:53:17:813 [HTTP] <-- POST /wd/hub/session 200 48609 ms - 1012
2022-10-07 09:53:17:814 [HTTP] 
2022-10-07 09:53:18:083 [HTTP] --> GET /wd/hub/session/815d9ada-1905-4af3-9fac-48bfddf6c2df
2022-10-07 09:53:18:083 [HTTP] {}
2022-10-07 09:53:18:088 [W3C (815d9ada)] Calling AppiumDriver.getSession() with args: ["815d9ada-1905-4af3-9fac-48bfddf6c2df"]
2022-10-07 09:53:18:090 [UiAutomator2] Getting session details from server to mix in
2022-10-07 09:53:18:091 [WD Proxy] Matched '/' to command name 'getSession'
2022-10-07 09:53:18:091 [WD Proxy] Proxying [GET /] to [GET http://127.0.0.1:8227/wd/hub/session/e5d7f85f-93d6-4313-9674-d72c61b71d33] with no body
2022-10-07 09:53:18:109 [WD Proxy] Got response with status 200: {"sessionId":"e5d7f85f-93d6-4313-9674-d72c61b71d33","value":{"lastScrollData":null}}
2022-10-07 09:53:18:110 [W3C (815d9ada)] Responding to client with driver.getSession() result: {"platform":"ANDROID","webStorageEnabled":false,"takesScreenshot":true,"javascriptEnabled":true,"databaseEnabled":false,"networkConnectionEnabled":true,"locationContextEnabled":false,"warnings":{},"desired":{"platformName":"android","platform":"ANDROID","app":"./src/main/java/resources/app-debug-3.7.5.apk","autoGrantPermissions":true,"automationName":"UiAutomator2","noReset":true,"udid":"emulator-5554"},"platformName":"android","app":"./src/main/java/resources/app-debug-3.7.5.apk","autoGrantPermissions":true,"automationName":"UiAutomator2","noReset":true,"udid":"emulator-5554","deviceName":"emulator-5554","deviceUDID":"emulator-5554","appPackage":"com.mandir","deviceApiLevel":31,"platformVersion":"12","deviceScreenSize":"1080x1920","deviceScreenDensity":420,"deviceModel":"sdk_gphone64_x86_64","deviceManufacturer":"Google","pixelRatio":2.625,"statBarHeight":63,"viewportRect":{"left":0,"top":63,"width":1080,"height":1731},"lastScrollData":null}
2022-10-07 09:53:18:115 [HTTP] <-- GET /wd/hub/session/815d9ada-1905-4af3-9fac-48bfddf6c2df 200 29 ms - 966
2022-10-07 09:53:18:116 [HTTP] 
2022-10-07 09:53:18:128 [HTTP] --> GET /wd/hub/session/815d9ada-1905-4af3-9fac-48bfddf6c2df
2022-10-07 09:53:18:129 [HTTP] {}
2022-10-07 09:53:18:132 [W3C (815d9ada)] Calling AppiumDriver.getSession() with args: ["815d9ada-1905-4af3-9fac-48bfddf6c2df"]
2022-10-07 09:53:18:134 [UiAutomator2] Getting session details from server to mix in
2022-10-07 09:53:18:135 [WD Proxy] Matched '/' to command name 'getSession'
2022-10-07 09:53:18:135 [WD Proxy] Proxying [GET /] to [GET http://127.0.0.1:8227/wd/hub/session/e5d7f85f-93d6-4313-9674-d72c61b71d33] with no body
2022-10-07 09:53:18:153 [WD Proxy] Got response with status 200: {"sessionId":"e5d7f85f-93d6-4313-9674-d72c61b71d33","value":{"lastScrollData":null}}
2022-10-07 09:53:18:154 [W3C (815d9ada)] Responding to client with driver.getSession() result: {"platform":"ANDROID","webStorageEnabled":false,"takesScreenshot":true,"javascriptEnabled":true,"databaseEnabled":false,"networkConnectionEnabled":true,"locationContextEnabled":false,"warnings":{},"desired":{"platformName":"android","platform":"ANDROID","app":"./src/main/java/resources/app-debug-3.7.5.apk","autoGrantPermissions":true,"automationName":"UiAutomator2","noReset":true,"udid":"emulator-5554"},"platformName":"android","app":"./src/main/java/resources/app-debug-3.7.5.apk","autoGrantPermissions":true,"automationName":"UiAutomator2","noReset":true,"udid":"emulator-5554","deviceName":"emulator-5554","deviceUDID":"emulator-5554","appPackage":"com.mandir","deviceApiLevel":31,"platformVersion":"12","deviceScreenSize":"1080x1920","deviceScreenDensity":420,"deviceModel":"sdk_gphone64_x86_64","deviceManufacturer":"Google","pixelRatio":2.625,"statBarHeight":63,"viewportRect":{"left":0,"top":63,"width":1080,"height":1731},"lastScrollData":null}
2022-10-07 09:53:18:156 [HTTP] <-- GET /wd/hub/session/815d9ada-1905-4af3-9fac-48bfddf6c2df 200 27 ms - 966
2022-10-07 09:53:18:156 [HTTP] 
2022-10-07 09:53:18:182 [HTTP] --> POST /wd/hub/session/815d9ada-1905-4af3-9fac-48bfddf6c2df/timeouts
2022-10-07 09:53:18:183 [HTTP] {"implicit":50000}
2022-10-07 09:53:18:187 [W3C (815d9ada)] Calling AppiumDriver.timeouts() with args: [null,null,null,null,50000,"815d9ada-1905-4af3-9fac-48bfddf6c2df"]
2022-10-07 09:53:18:188 [BaseDriver] W3C timeout argument: {"implicit":50000}}
2022-10-07 09:53:18:189 [BaseDriver] Set implicit wait to 50000ms
2022-10-07 09:53:18:190 [W3C (815d9ada)] Responding to client with driver.timeouts() result: null
2022-10-07 09:53:18:192 [HTTP] <-- POST /wd/hub/session/815d9ada-1905-4af3-9fac-48bfddf6c2df/timeouts 200 9 ms - 14
2022-10-07 09:53:18:192 [HTTP] 
2022-10-07 09:53:18:695 [HTTP] --> POST /wd/hub/session/815d9ada-1905-4af3-9fac-48bfddf6c2df/element
2022-10-07 09:53:18:696 [HTTP] {"using":"id","value":"com.mandir:id/iv_diya_aarthi"}
2022-10-07 09:53:18:704 [W3C (815d9ada)] Calling AppiumDriver.findElement() with args: ["id","com.mandir:id/iv_diya_aarthi","815d9ada-1905-4af3-9fac-48bfddf6c2df"]
2022-10-07 09:53:18:706 [BaseDriver] Valid locator strategies for this request: xpath, id, class name, accessibility id, css selector, -android uiautomator
2022-10-07 09:53:18:707 [BaseDriver] Waiting up to 50000 ms for condition
2022-10-07 09:53:18:710 [WD Proxy] Matched '/element' to command name 'findElement'
2022-10-07 09:53:18:711 [WD Proxy] Proxying [POST /element] to [POST http://127.0.0.1:8227/wd/hub/session/e5d7f85f-93d6-4313-9674-d72c61b71d33/element] with body: {"strategy":"id","selector":"com.mandir:id/iv_diya_aarthi","context":"","multiple":false}
2022-10-07 09:53:31:610 [WD Proxy] Got response with status 500: {"sessionId":"e5d7f85f-93d6-4313-9674-d72c61b71d33","value":{"error":"unknown error","message":"Timed out after 12817ms waiting for the root AccessibilityNodeInfo in the active window. Make sure the active window is not constantly hogging the main UI thread (e.g. the application is being idle long enough), so the accessibility manager could do its work","stacktrace":"io.appium.uiautomator2.common.exceptions.UiAutomator2Exception: Timed out after 12817ms waiting for the root AccessibilityNodeInfo in the active window. Make sure the active window is not constantly hogging the main UI thread (e.g. the application is being idle long enough), so the accessibility manager could do its work\n\tat io.appium.uiautomator2.utils.AXWindowHelpers.getActiveWindowRoot(AXWindowHelpers.java:79)\n\tat io.appium.uiautomator2.utils.AXWindowHelpers.getCachedWindowRoots(AXWindowHelpers.java:117)\n\tat io.appium.uiautomator2.model.internal.CustomUiDevice.findObject(CustomUiDevice.java:114)\n\tat io.appium.uiautomator2.handler.Fi...
2022-10-07 09:53:31:613 [W3C] Matched W3C error code 'unknown error' to UnknownError
2022-10-07 09:53:31:836 [W3C (815d9ada)] Encountered internal error running command: An unknown server-side error occurred while processing the command. Original error: Timed out after 12817ms waiting for the root AccessibilityNodeInfo in the active window. Make sure the active window is not constantly hogging the main UI thread (e.g. the application is being idle long enough), so the accessibility manager could do its work
2022-10-07 09:53:31:837 [W3C (815d9ada)] io.appium.uiautomator2.common.exceptions.UiAutomator2Exception: Timed out after 12817ms waiting for the root AccessibilityNodeInfo in the active window. Make sure the active window is not constantly hogging the main UI thread (e.g. the application is being idle long enough), so the accessibility manager could do its work
2022-10-07 09:53:31:837 [W3C (815d9ada)] 	at io.appium.uiautomator2.utils.AXWindowHelpers.getActiveWindowRoot(AXWindowHelpers.java:79)
2022-10-07 09:53:31:838 [W3C (815d9ada)] 	at io.appium.uiautomator2.utils.AXWindowHelpers.getCachedWindowRoots(AXWindowHelpers.java:117)
2022-10-07 09:53:31:838 [W3C (815d9ada)] 	at io.appium.uiautomator2.model.internal.CustomUiDevice.findObject(CustomUiDevice.java:114)
2022-10-07 09:53:31:838 [W3C (815d9ada)] 	at io.appium.uiautomator2.handler.FindElement.findElement(FindElement.java:82)
2022-10-07 09:53:31:839 [W3C (815d9ada)] 	at io.appium.uiautomator2.handler.FindElement.safeHandle(FindElement.java:67)
2022-10-07 09:53:31:839 [W3C (815d9ada)] 	at io.appium.uiautomator2.handler.request.SafeRequestHandler.handle(SafeRequestHandler.java:59)
2022-10-07 09:53:31:839 [W3C (815d9ada)] 	at io.appium.uiautomator2.server.AppiumServlet.handleRequest(AppiumServlet.java:266)
2022-10-07 09:53:31:839 [W3C (815d9ada)] 	at io.appium.uiautomator2.server.AppiumServlet.handleHttpRequest(AppiumServlet.java:260)
2022-10-07 09:53:31:839 [W3C (815d9ada)] 	at io.appium.uiautomator2.http.ServerHandler.channelRead(ServerHandler.java:68)
2022-10-07 09:53:31:840 [W3C (815d9ada)] 	at io.netty.channel.AbstractChannelHandlerContext.invokeChannelRead(AbstractChannelHandlerContext.java:366)
2022-10-07 09:53:31:840 [W3C (815d9ada)] 	at io.netty.channel.AbstractChannelHandlerContext.invokeChannelRead(AbstractChannelHandlerContext.java:352)
2022-10-07 09:53:31:840 [W3C (815d9ada)] 	at io.netty.channel.AbstractChannelHandlerContext.fireChannelRead(AbstractChannelHandlerContext.java:345)
2022-10-07 09:53:31:840 [W3C (815d9ada)] 	at io.netty.handler.codec.MessageToMessageDecoder.channelRead(MessageToMessageDecoder.java:102)
2022-10-07 09:53:31:840 [W3C (815d9ada)] 	at io.netty.channel.AbstractChannelHandlerContext.invokeChannelRead(AbstractChannelHandlerContext.java:366)
2022-10-07 09:53:31:841 [W3C (815d9ada)] 	at io.netty.channel.AbstractChannelHandlerContext.invokeChannelRead(AbstractChannelHandlerContext.java:352)
2022-10-07 09:53:31:841 [W3C (815d9ada)] 	at io.netty.channel.AbstractChannelHandlerContext.fireChannelRead(AbstractChannelHandlerContext.java:345)
2022-10-07 09:53:31:841 [W3C (815d9ada)] 	at io.netty.channel.CombinedChannelDuplexHandler$DelegatingChannelHandlerContext.fireChannelRead(CombinedChannelDuplexHandler.java:435)
2022-10-07 09:53:31:842 [W3C (815d9ada)] 	at io.netty.handler.codec.ByteToMessageDecoder.fireChannelRead(ByteToMessageDecoder.java:293)
2022-10-07 09:53:31:842 [W3C (815d9ada)] 	at io.netty.handler.codec.ByteToMessageDecoder.channelRead(ByteToMessageDecoder.java:267)
2022-10-07 09:53:31:843 [W3C (815d9ada)] 	at io.netty.channel.CombinedChannelDuplexHandler.channelRead(CombinedChannelDuplexHandler.java:250)
2022-10-07 09:53:31:843 [W3C (815d9ada)] 	at io.netty.channel.AbstractChannelHandlerContext.invokeChannelRead(AbstractChannelHandlerContext.java:366)
2022-10-07 09:53:31:844 [W3C (815d9ada)] 	at io.netty.channel.AbstractChannelHandlerContext.invokeChannelRead(AbstractChannelHandlerContext.java:352)
2022-10-07 09:53:31:844 [W3C (815d9ada)] 	at io.netty.channel.AbstractChannelHandlerContext.fireChannelRead(AbstractChannelHandlerContext.java:345)
2022-10-07 09:53:31:844 [W3C (815d9ada)] 	at io.netty.handler.timeout.IdleStateHandler.channelRead(IdleStateHandler.java:266)
2022-10-07 09:53:31:845 [W3C (815d9ada)] 	at io.netty.channel.AbstractChannelHandlerContext.invokeChannelRead(AbstractChannelHandlerContext.java:366)
2022-10-07 09:53:31:845 [W3C (815d9ada)] 	at io.netty.channel.AbstractChannelHandlerContext.invokeChannelRead(AbstractChannelHandlerContext.java:352)
2022-10-07 09:53:31:845 [W3C (815d9ada)] 	at io.netty.channel.AbstractChannelHandlerContext.fireChannelRead(AbstractChannelHandlerContext.java:345)
2022-10-07 09:53:31:846 [W3C (815d9ada)] 	at io.netty.channel.DefaultChannelPipeline$HeadContext.channelRead(DefaultChannelPipeline.java:1294)
2022-10-07 09:53:31:846 [W3C (815d9ada)] 	at io.netty.channel.AbstractChannelHandlerContext.invokeChannelRead(AbstractChannelHandlerContext.java:366)
2022-10-07 09:53:31:846 [W3C (815d9ada)] 	at io.netty.channel.AbstractChannelHandlerContext.invokeChannelRead(AbstractChannelHandlerContext.java:352)
2022-10-07 09:53:31:847 [W3C (815d9ada)] 	at io.netty.channel.DefaultChannelPipeline.fireChannelRead(DefaultChannelPipeline.java:911)
2022-10-07 09:53:31:847 [W3C (815d9ada)] 	at io.netty.channel.nio.AbstractNioByteChannel$NioByteUnsafe.read(AbstractNioByteChannel.java:131)
2022-10-07 09:53:31:847 [W3C (815d9ada)] 	at io.netty.channel.nio.NioEventLoop.processSelectedKey(NioEventLoop.java:611)
2022-10-07 09:53:31:848 [W3C (815d9ada)] 	at io.netty.channel.nio.NioEventLoop.processSelectedKeysOptimized(NioEventLoop.java:552)
2022-10-07 09:53:31:848 [W3C (815d9ada)] 	at io.netty.channel.nio.NioEventLoop.processSelectedKeys(NioEventLoop.java:466)
2022-10-07 09:53:31:848 [W3C (815d9ada)] 	at io.netty.channel.nio.NioEventLoop.run(NioEventLoop.java:438)
2022-10-07 09:53:31:849 [W3C (815d9ada)] 	at io.netty.util.concurrent.SingleThreadEventExecutor$2.run(SingleThreadEventExecutor.java:140)
2022-10-07 09:53:31:849 [W3C (815d9ada)] 	at io.netty.util.concurrent.DefaultThreadFactory$DefaultRunnableDecorator.run(DefaultThreadFactory.java:144)
2022-10-07 09:53:31:850 [W3C (815d9ada)] 	at java.lang.Thread.run(Thread.java:920)
2022-10-07 09:53:31:850 [W3C (815d9ada)] 
2022-10-07 09:53:31:857 [HTTP] <-- POST /wd/hub/session/815d9ada-1905-4af3-9fac-48bfddf6c2df/element 500 13158 ms - 4588
2022-10-07 09:53:31:858 [HTTP] 
2022-10-07 09:53:31:883 [HTTP] --> POST /wd/hub/session/815d9ada-1905-4af3-9fac-48bfddf6c2df/element
2022-10-07 09:53:31:883 [HTTP] {"using":"id","value":"com.mandir:id/iv_diya_aarthi"}
2022-10-07 09:53:31:888 [W3C (815d9ada)] Calling AppiumDriver.findElement() with args: ["id","com.mandir:id/iv_diya_aarthi","815d9ada-1905-4af3-9fac-48bfddf6c2df"]
2022-10-07 09:53:31:889 [BaseDriver] Valid locator strategies for this request: xpath, id, class name, accessibility id, css selector, -android uiautomator
2022-10-07 09:53:31:889 [BaseDriver] Waiting up to 50000 ms for condition
2022-10-07 09:53:31:891 [WD Proxy] Matched '/element' to command name 'findElement'
2022-10-07 09:53:31:891 [WD Proxy] Proxying [POST /element] to [POST http://127.0.0.1:8227/wd/hub/session/e5d7f85f-93d6-4313-9674-d72c61b71d33/element] with body: {"strategy":"id","selector":"com.mandir:id/iv_diya_aarthi","context":"","multiple":false}
2022-10-07 09:53:38:121 [WD Proxy] Got response with status 404: {"sessionId":"e5d7f85f-93d6-4313-9674-d72c61b71d33","value":{"error":"no such element","message":"An element could not be located on the page using the given search parameters","stacktrace":"io.appium.uiautomator2.common.exceptions.ElementNotFoundException: An element could not be located on the page using the given search parameters\n\tat io.appium.uiautomator2.handler.FindElement.safeHandle(FindElement.java:70)\n\tat io.appium.uiautomator2.handler.request.SafeRequestHandler.handle(SafeRequestHandler.java:59)\n\tat io.appium.uiautomator2.server.AppiumServlet.handleRequest(AppiumServlet.java:266)\n\tat io.appium.uiautomator2.server.AppiumServlet.handleHttpRequest(AppiumServlet.java:260)\n\tat io.appium.uiautomator2.http.ServerHandler.channelRead(ServerHandler.java:68)\n\tat io.netty.channel.AbstractChannelHandlerContext.invokeChannelRead(AbstractChannelHandlerContext.java:366)\n\tat io.netty.channel.AbstractChannelHandlerContext.invokeChannelRead(AbstractChannelHandlerContext.java:352)\n\tat io.netty.chann...
2022-10-07 09:53:38:122 [W3C] Matched W3C error code 'no such element' to NoSuchElementError
2022-10-07 09:53:38:123 [BaseDriver] Waited for 6233 ms so far
2022-10-07 09:53:38:638 [WD Proxy] Matched '/element' to command name 'findElement'
2022-10-07 09:53:38:639 [WD Proxy] Proxying [POST /element] to [POST http://127.0.0.1:8227/wd/hub/session/e5d7f85f-93d6-4313-9674-d72c61b71d33/element] with body: {"strategy":"id","selector":"com.mandir:id/iv_diya_aarthi","context":"","multiple":false}
2022-10-07 09:53:42:196 [WD Proxy] Got response with status 200: {"sessionId":"e5d7f85f-93d6-4313-9674-d72c61b71d33","value":{"ELEMENT":"00000000-0000-02eb-ffff-ffff00000077","element-6066-11e4-a52e-4f735466cecf":"00000000-0000-02eb-ffff-ffff00000077"}}
2022-10-07 09:53:42:199 [W3C (815d9ada)] Responding to client with driver.findElement() result: {"element-6066-11e4-a52e-4f735466cecf":"00000000-0000-02eb-ffff-ffff00000077","ELEMENT":"00000000-0000-02eb-ffff-ffff00000077"}
2022-10-07 09:53:42:201 [HTTP] <-- POST /wd/hub/session/815d9ada-1905-4af3-9fac-48bfddf6c2df/element 200 10318 ms - 137
2022-10-07 09:53:42:201 [HTTP] 
2022-10-07 09:53:42:240 [HTTP] --> GET /wd/hub/session/815d9ada-1905-4af3-9fac-48bfddf6c2df/element/00000000-0000-02eb-ffff-ffff00000077/screenshot
2022-10-07 09:53:42:241 [HTTP] {}
2022-10-07 09:53:42:259 [W3C (815d9ada)] Calling AppiumDriver.getElementScreenshot() with args: ["00000000-0000-02eb-ffff-ffff00000077","815d9ada-1905-4af3-9fac-48bfddf6c2df"]
2022-10-07 09:53:42:264 [WD Proxy] Matched '/element/00000000-0000-02eb-ffff-ffff00000077/screenshot' to command name 'getElementScreenshot'
2022-10-07 09:53:42:265 [Protocol Converter] Did not know how to rewrite the original URL '/element/00000000-0000-02eb-ffff-ffff00000077/screenshot' for W3C protocol
2022-10-07 09:53:42:266 [WD Proxy] Proxying [GET /element/00000000-0000-02eb-ffff-ffff00000077/screenshot] to [GET http://127.0.0.1:8227/wd/hub/session/e5d7f85f-93d6-4313-9674-d72c61b71d33/element/00000000-0000-02eb-ffff-ffff00000077/screenshot] with no body
2022-10-07 09:53:46:404 [WD Proxy] Got response with status 200: {"sessionId":"e5d7f85f-93d6-4313-9674-d72c61b71d33","value":"iVBORw0KGgoAAAANSUhEUgAAAYQAAAGECAYAAAA2vVfTAAAAAXNSR0IArs4c6QAAAARzQklUCAgI\nCHwIZIgAACAASURBVHic7L15rGTZfd/3OefcpbZX9fbufv2me7p79oVDUtyGokhZNEVZtCMKEQ1H\nEmU5kiIJiI0wTgxKRgI7SIDYQAIDQRA5hiIYggzrD8EOAusPU4sliyIlSxTJWThLz9b72+vVXnc5\nJ3/ce6tuVb+e6aFmpmde/z5AvVd1q+rWubdu/b7nt5xz1EZr2SEIgiDc9eg73QBBEATh3YEIgiAI\nggCIIAiCIAg5IgiCIAgCIIIgCIIg5IggCIIgCIAIgiAIgpAjgiAIgiAAIgiCIAhCjgiCIAiCAIgg\nCIIgCDkiCIIgCAIAnkPmthMEQRDEQxAEQRByRBAEQRAEADyJGAmCIAggHoIgCIKQI4IgCIIgACII\ngiAIQo4IgiAIggCIIAiCIAg5IgiCIAgCIIIgCIIg5IggCIIgCIAIgiAIgpAjgiAIgiAAIgiCIAhC\njgiCIAiCAIggCIIgCDkiCIIgCAIggiAIgiDkeLIcgiAIggDiIQiCIAg5IgiCIAgCIIIgCIIg5Igg\nCIIgCIAIgiAIgpAjgiAIgiAAIgiCIAhCjgcyEkEQBEEQD0EQBEHIEUEQBEEQABEEQRAEIUcEQRAE\nQQBEEARBEIQcEQRBEAQBEEEQBEEQcjwZhiAIgiCAeAiCIAhCjgiCIAiCAMgSmoIgCEKOeAiCIAgC\nIIIgCIIg5IggCIIgCIAIgiAIgpAjgiAIgiAAIgiCIAhCjgiCIAiCAIggCIIgCDkiCIIgCAIggiAI\ngiDkiCAIgiAIgAiCIAiCkCOCIAiCIAAiCIIgCEKOCIIgCIIAiCAIgiAIOSIIgiAIAgAeyJppgiAI\ngngIgiAIQo4IgiAIggCAJwEj...
2022-10-07 09:53:46:408 [W3C (815d9ada)] Responding to client with driver.getElementScreenshot() result: "iVBORw0KGgoAAAANSUhEUgAAAYQAAAGECAYAAAA2vVfTAAAAAXNSR0IArs4c6QAAAARzQklUCAgI\nCHwIZIgAACAASURBVHic7L15rGTZfd/3OefcpbZX9fbufv2me7p79oVDUtyGokhZNEVZtCMKEQ1H\nEmU5kiIJiI0wTgxKRgI7SIDYQAIDQRA5hiIYggzrD8EOAusPU4sliyIlSxTJWThLz9b72+vVXnc5\nJ3/ce6tuVb+e6aFmpmde/z5AvVd1q+rWubdu/b7nt5xz1EZr2SEIgiDc9eg73QBBEATh3YEIgiAI\nggCIIAiCIAg5IgiCIAgCIIIgCIIg5IggCIIgCIAIgiAIgpAjgiAIgiAAIgiCIAhCjgiCIAiCAIgg\nCIIgCDkiCIIgCAIAnkPmthMEQRDEQxAEQRByRBAEQRAEADyJGAmCIAggHoIgCIKQI4IgCIIgACII\ngiAIQo4IgiAIggCIIAiCIAg5IgiCIAgCIIIgCIIg5IggCIIgCIAIgiAIgpAjgiAIgiAAIgiCIAhC\njgiCIAiCAIggCIIgCDkiCIIgCAIggiAIgiDkeLIcgiAIggDiIQiCIAg5IgiCIAgCIIIgCIIg5Igg\nCIIgCIAIgiAIgpAjgiAIgiAAIgiCIAhCjgcyEkEQBEEQD0EQBEHIEUEQBEEQABEEQRAEIUcEQRAE\nQQBEEARBEIQcEQRBEAQBEEEQBEEQcjwZhiAIgiCAeAiCIAhCjgiCIAiCAMgSmoIgCEKOeAiCIAgC\nIIIgCIIg5IggCIIgCIAIgiAIgpAjgiAIgiAAIgiCIAhCjgiCIAiCAIggCIIgCDkiCIIgCAIggiAI\ngiDkiCAIgiAIgAiCIAiCkCOCIAiCIAAiCIIgCEKOCIIgCIIAiCAIgiAIOSIIgiAIAgAeyJppgiAI\ngngIgiAIQo4IgiAIggCAJwEjQRAEAcRDEARBEHJEEARBEARABEEQBEHIEUEQBEEQABEEQRAEIUcE\nQRAEQQ...
2022-10-07 09:53:46:414 [HTTP] <-- GET /wd/hub/session/815d9ada-1905-4af3-9fac-48bfddf6c2df/element/00000000-0000-02eb-ffff-ffff00000077/screenshot 200 4171 ms - 172606
2022-10-07 09:53:46:415 [HTTP] 
2022-10-07 09:53:48:511 [HTTP] --> POST /wd/hub/session/815d9ada-1905-4af3-9fac-48bfddf6c2df/appium/app/close
2022-10-07 09:53:48:512 [HTTP] {}
2022-10-07 09:53:48:529 [W3C (815d9ada)] Calling AppiumDriver.closeApp() with args: ["815d9ada-1905-4af3-9fac-48bfddf6c2df"]
2022-10-07 09:53:48:531 [ADB] Running 'C:\Users\Santhruptha\AppData\Local\Android\Sdk\platform-tools\adb.exe -P 5037 -s emulator-5554 shell am force-stop com.mandir'
2022-10-07 09:53:48:971 [W3C (815d9ada)] Responding to client with driver.closeApp() result: null
2022-10-07 09:53:48:974 [HTTP] <-- POST /wd/hub/session/815d9ada-1905-4af3-9fac-48bfddf6c2df/appium/app/close 200 462 ms - 14
2022-10-07 09:53:48:974 [HTTP] 
