2022-09-28 17:31:13:930 [Appium] Welcome to Appium v1.22.3
2022-09-28 17:31:13:932 [Appium] Non-default server args:
2022-09-28 17:31:13:933 [Appium]   address: 127.0.0.1
2022-09-28 17:31:13:934 [Appium]   port: 14658
2022-09-28 17:31:13:934 [Appium]   logFile: C:\Users\Santhruptha\git\repository3\SRI_MANDIR\.\ServerLogs\appiumSriMandirverifyThatUserIsNavigatedToSamudayaScreenOnClickingSamudayaTabFromTheBottomNavigationBar.log
2022-09-28 17:31:14:013 [Appium] Appium REST http interface listener started on 127.0.0.1:14658
2022-09-28 17:31:14:158 [HTTP] --> GET /wd/hub/status
2022-09-28 17:31:14:159 [HTTP] {}
2022-09-28 17:31:14:161 [GENERIC] Calling AppiumDriver.getStatus() with args: []
2022-09-28 17:31:14:163 [GENERIC] Responding to client with driver.getStatus() result: {"build":{"version":"1.22.3"}}
2022-09-28 17:31:14:179 [HTTP] <-- GET /wd/hub/status 200 16 ms - 68
2022-09-28 17:31:14:180 [HTTP] 
2022-09-28 17:31:15:626 [HTTP] --> POST /wd/hub/session
2022-09-28 17:31:15:627 [HTTP] {"desiredCapabilities":{"app":"./src/main/java/resources/app-debug-permission-check-fix.apk","noReset":true,"automationName":"UiAutomator2","autoGrantPermissions":true,"platformName":"Android","udid":"emulator-5554","platform":"ANDROID"},"capabilities":{"firstMatch":[{"appium:app":"./src/main/java/resources/app-debug-permission-check-fix.apk","appium:autoGrantPermissions":true,"appium:automationName":"UiAutomator2","appium:noReset":true,"platform":"ANDROID","platformName":"android","appium:udid":"emulator-5554"}]}}
2022-09-28 17:31:15:628 [W3C] Calling AppiumDriver.createSession() with args: [{"app":"./src/main/java/resources/app-debug-permission-check-fix.apk","noReset":true,"automationName":"UiAutomator2","autoGrantPermissions":true,"platformName":"Android","udid":"emulator-5554","platform":"ANDROID"},null,{"firstMatch":[{"appium:app":"./src/main/java/resources/app-debug-permission-check-fix.apk","appium:autoGrantPermissions":true,"appium:automationName":"UiAutomator2","appium:noReset":true,"platform":"ANDROID","platformName":"android","appium:udid":"emulator-5554"}]}]
2022-09-28 17:31:15:636 [BaseDriver] Event 'newSessionRequested' logged at 1664386275629 (23:01:15 GMT+0530 (India Standard Time))
2022-09-28 17:31:15:643 [BaseDriver] The following capabilities are not standard capabilities and should have an extension prefix:
2022-09-28 17:31:15:644 [BaseDriver]   platform
2022-09-28 17:31:16:339 [Appium] Appium v1.22.3 creating new AndroidUiautomator2Driver (v1.70.1) session
2022-09-28 17:31:16:346 [BaseDriver] W3C capabilities and MJSONWP desired capabilities were provided
2022-09-28 17:31:16:347 [BaseDriver] Creating session with W3C capabilities: {
2022-09-28 17:31:16:348 [BaseDriver]   "alwaysMatch": {
2022-09-28 17:31:16:348 [BaseDriver]     "appium:platform": "ANDROID",
2022-09-28 17:31:16:348 [BaseDriver]     "platformName": "android",
2022-09-28 17:31:16:348 [BaseDriver]     "appium:app": "./src/main/java/resources/app-debug-permission-check-fix.apk",
2022-09-28 17:31:16:348 [BaseDriver]     "appium:autoGrantPermissions": true,
2022-09-28 17:31:16:348 [BaseDriver]     "appium:automationName": "UiAutomator2",
2022-09-28 17:31:16:348 [BaseDriver]     "appium:noReset": true,
2022-09-28 17:31:16:349 [BaseDriver]     "appium:udid": "emulator-5554"
2022-09-28 17:31:16:349 [BaseDriver]   },
2022-09-28 17:31:16:349 [BaseDriver]   "firstMatch": [
2022-09-28 17:31:16:349 [BaseDriver]     {}
2022-09-28 17:31:16:349 [BaseDriver]   ]
2022-09-28 17:31:16:349 [BaseDriver] }
2022-09-28 17:31:16:359 [BaseDriver] The following capabilities were provided, but are not recognized by Appium:
2022-09-28 17:31:16:359 [BaseDriver]   platform
2022-09-28 17:31:16:363 [BaseDriver] Session created with session id: 4093400e-e679-4c3f-b438-0450daeea01c
2022-09-28 17:31:16:366 [BaseDriver] Using local app './src/main/java/resources/app-debug-permission-check-fix.apk'
2022-09-28 17:31:16:367 [BaseDriver] The current application path './src/main/java/resources/app-debug-permission-check-fix.apk' is not absolute and has been rewritten to 'C:\Users\Santhruptha\git\repository3\SRI_MANDIR\src\main\java\resources\app-debug-permission-check-fix.apk'. Consider using absolute paths rather than relative
2022-09-28 17:31:16:367 [UiAutomator2] Checking whether app is actually present
2022-09-28 17:31:16:441 [ADB] Found 2 'build-tools' folders under 'C:\Users\Santhruptha\AppData\Local\Android\Sdk' (newest first):
2022-09-28 17:31:16:442 [ADB]     C:/Users/Santhruptha/AppData/Local/Android/Sdk/build-tools/33.0.0
2022-09-28 17:31:16:442 [ADB]     C:/Users/Santhruptha/AppData/Local/Android/Sdk/build-tools/30.0.3
2022-09-28 17:31:16:444 [ADB] Using 'adb.exe' from 'C:\Users\Santhruptha\AppData\Local\Android\Sdk\platform-tools\adb.exe'
2022-09-28 17:31:16:447 [ADB] Running 'C:\Users\Santhruptha\AppData\Local\Android\Sdk\platform-tools\adb.exe -P 5037 start-server'
2022-09-28 17:31:16:545 [AndroidDriver] Retrieving device list
2022-09-28 17:31:16:546 [ADB] Trying to find a connected android device
2022-09-28 17:31:16:548 [ADB] Getting connected devices
2022-09-28 17:31:16:593 [ADB] Connected devices: [{"udid":"emulator-5554","state":"device"}]
2022-09-28 17:31:16:594 [AndroidDriver] Using device: emulator-5554
2022-09-28 17:31:16:596 [ADB] Using 'adb.exe' from 'C:\Users\Santhruptha\AppData\Local\Android\Sdk\platform-tools\adb.exe'
2022-09-28 17:31:16:596 [ADB] Running 'C:\Users\Santhruptha\AppData\Local\Android\Sdk\platform-tools\adb.exe -P 5037 start-server'
2022-09-28 17:31:16:635 [ADB] Setting device id to emulator-5554
2022-09-28 17:31:16:636 [ADB] Running 'C:\Users\Santhruptha\AppData\Local\Android\Sdk\platform-tools\adb.exe -P 5037 -s emulator-5554 shell getprop ro.build.version.sdk'
2022-09-28 17:31:16:896 [ADB] Current device property 'ro.build.version.sdk': 31
2022-09-28 17:31:16:896 [ADB] Getting device platform version
2022-09-28 17:31:16:897 [ADB] Running 'C:\Users\Santhruptha\AppData\Local\Android\Sdk\platform-tools\adb.exe -P 5037 -s emulator-5554 shell getprop ro.build.version.release'
2022-09-28 17:31:17:035 [ADB] Current device property 'ro.build.version.release': 12
2022-09-28 17:31:17:035 [ADB] Device API level: 31
2022-09-28 17:31:17:036 [UiAutomator2] Relaxing hidden api policy
2022-09-28 17:31:17:037 [ADB] Running 'C:\Users\Santhruptha\AppData\Local\Android\Sdk\platform-tools\adb.exe -P 5037 -s emulator-5554 shell 'settings put global hidden_api_policy_pre_p_apps 1;settings put global hidden_api_policy_p_apps 1;settings put global hidden_api_policy 1''
2022-09-28 17:31:17:557 [AndroidDriver] Parsing package and activity from app manifest
2022-09-28 17:31:17:763 [ADB] Package name: 'com.mandir'
2022-09-28 17:31:17:763 [ADB] Main activity name: 'com.mandir.ui.activity.SplashActivity'
2022-09-28 17:31:17:763 [AndroidDriver] Parsed package and activity are: com.mandir/com.mandir.ui.activity.SplashActivity
2022-09-28 17:31:17:765 [ADB] Running 'C:\Users\Santhruptha\AppData\Local\Android\Sdk\platform-tools\adb.exe -P 5037 -s emulator-5554 wait-for-device'
2022-09-28 17:31:17:826 [ADB] Running 'C:\Users\Santhruptha\AppData\Local\Android\Sdk\platform-tools\adb.exe -P 5037 -s emulator-5554 shell echo ping'
2022-09-28 17:31:17:936 [AndroidDriver] Pushing settings apk to device...
2022-09-28 17:31:17:938 [ADB] Getting install status for io.appium.settings
2022-09-28 17:31:17:938 [ADB] Running 'C:\Users\Santhruptha\AppData\Local\Android\Sdk\platform-tools\adb.exe -P 5037 -s emulator-5554 shell dumpsys package io.appium.settings'
2022-09-28 17:31:21:111 [ADB] 'io.appium.settings' is installed
2022-09-28 17:31:21:112 [ADB] Getting package info for 'io.appium.settings'
2022-09-28 17:31:21:112 [ADB] Running 'C:\Users\Santhruptha\AppData\Local\Android\Sdk\platform-tools\adb.exe -P 5037 -s emulator-5554 shell dumpsys package io.appium.settings'
2022-09-28 17:31:21:285 [ADB] The version name of the installed 'io.appium.settings' is greater or equal to the application version name ('3.4.0' >= '3.4.0')
2022-09-28 17:31:21:286 [ADB] There is no need to install/upgrade 'C:\Users\Santhruptha\AppData\Roaming\npm\node_modules\appium\node_modules\io.appium.settings\apks\settings_apk-debug.apk'
2022-09-28 17:31:21:287 [ADB] Getting IDs of all 'io.appium.settings' processes
2022-09-28 17:31:21:287 [ADB] Running 'C:\Users\Santhruptha\AppData\Local\Android\Sdk\platform-tools\adb.exe -P 5037 -s emulator-5554 shell 'pgrep --help; echo $?''
2022-09-28 17:31:21:436 [ADB] Running 'C:\Users\Santhruptha\AppData\Local\Android\Sdk\platform-tools\adb.exe -P 5037 -s emulator-5554 shell pgrep -f \(\[\[:blank:\]\]\|\^\)io\.appium\.settings\(\[\[:blank:\]\]\|\$\)'
2022-09-28 17:31:22:086 [AndroidDriver] io.appium.settings is already running. There is no need to reset its permissions.
2022-09-28 17:31:22:088 [Logcat] Starting logs capture with command: C:\\Users\\Santhruptha\\AppData\\Local\\Android\\Sdk\\platform-tools\\adb.exe -P 5037 -s emulator-5554 logcat -v threadtime
2022-09-28 17:31:22:508 [UiAutomator2] Forwarding UiAutomator2 Server port 6790 to local port 8200
2022-09-28 17:31:22:530 [ADB] Forwarding system: 8200 to device: 6790
2022-09-28 17:31:22:531 [ADB] Running 'C:\Users\Santhruptha\AppData\Local\Android\Sdk\platform-tools\adb.exe -P 5037 -s emulator-5554 forward tcp:8200 tcp:6790'
2022-09-28 17:31:22:636 [ADB] Getting install status for io.appium.uiautomator2.server
2022-09-28 17:31:22:636 [ADB] Running 'C:\Users\Santhruptha\AppData\Local\Android\Sdk\platform-tools\adb.exe -P 5037 -s emulator-5554 shell dumpsys package io.appium.uiautomator2.server'
2022-09-28 17:31:23:295 [ADB] 'io.appium.uiautomator2.server' is installed
2022-09-28 17:31:23:296 [ADB] Getting package info for 'io.appium.uiautomator2.server'
2022-09-28 17:31:23:296 [ADB] Running 'C:\Users\Santhruptha\AppData\Local\Android\Sdk\platform-tools\adb.exe -P 5037 -s emulator-5554 shell dumpsys package io.appium.uiautomator2.server'
2022-09-28 17:31:24:313 [ADB] The version name of the installed 'io.appium.uiautomator2.server' is greater or equal to the application version name ('4.27.0' >= '4.27.0')
2022-09-28 17:31:24:313 [UiAutomator2] io.appium.uiautomator2.server installation state: sameVersionInstalled
2022-09-28 17:31:24:315 [ADB] Checking app cert for C:\Users\Santhruptha\AppData\Roaming\npm\node_modules\appium\node_modules\appium-uiautomator2-server\apks\appium-uiautomator2-server-v4.27.0.apk
2022-09-28 17:31:24:390 [ADB] Using 'apksigner.jar' from 'C:\Users\Santhruptha\AppData\Local\Android\Sdk\build-tools\33.0.0\lib\apksigner.jar'
2022-09-28 17:31:24:394 [ADB] Starting apksigner: 'C:\\Program Files\\Java\\jdk1.8.0_291\\bin\\java.exe' -Xmx1024M -Xss1m -jar C:\\Users\\Santhruptha\\AppData\\Local\\Android\\Sdk\\build-tools\\33.0.0\\lib\\apksigner.jar verify --print-certs C:\\Users\\Santhruptha\\AppData\\Roaming\\npm\\node_modules\\appium\\node_modules\\appium-uiautomator2-server\\apks\\appium-uiautomator2-server-v4.27.0.apk
2022-09-28 17:31:26:673 [ADB] apksigner stdout: Signer #1 certificate DN: EMAILADDRESS=android@android.com, CN=Android, OU=Android, O=Android, L=Mountain View, ST=California, C=US
2022-09-28 17:31:26:674 [ADB] Signer #1 certificate SHA-256 digest: a40da80a59d170caa950cf15c18c454d47a39b26989d8b640ecd745ba71bf5dc
2022-09-28 17:31:26:674 [ADB] Signer #1 certificate SHA-1 digest: 61ed377e85d386a8dfee6b864bd85b0bfaa5af81
2022-09-28 17:31:26:674 [ADB] Signer #1 certificate MD5 digest: e89b158e4bcf988ebd09eb83f5378e87
2022-09-28 17:31:26:674 [ADB] 
2022-09-28 17:31:26:675 [ADB] sha256 hash did match for 'appium-uiautomator2-server-v4.27.0.apk'
2022-09-28 17:31:26:675 [ADB] 'C:\Users\Santhruptha\AppData\Roaming\npm\node_modules\appium\node_modules\appium-uiautomator2-server\apks\appium-uiautomator2-server-v4.27.0.apk' is signed with the default certificate
2022-09-28 17:31:26:675 [ADB] Getting install status for io.appium.uiautomator2.server.test
2022-09-28 17:31:26:675 [ADB] Running 'C:\Users\Santhruptha\AppData\Local\Android\Sdk\platform-tools\adb.exe -P 5037 -s emulator-5554 shell dumpsys package io.appium.uiautomator2.server.test'
2022-09-28 17:31:26:954 [ADB] 'io.appium.uiautomator2.server.test' is installed
2022-09-28 17:31:26:955 [ADB] Checking app cert for C:\Users\Santhruptha\AppData\Roaming\npm\node_modules\appium\node_modules\appium-uiautomator2-server\apks\appium-uiautomator2-server-debug-androidTest.apk
2022-09-28 17:31:26:961 [ADB] Starting apksigner: 'C:\\Program Files\\Java\\jdk1.8.0_291\\bin\\java.exe' -Xmx1024M -Xss1m -jar C:\\Users\\Santhruptha\\AppData\\Local\\Android\\Sdk\\build-tools\\33.0.0\\lib\\apksigner.jar verify --print-certs C:\\Users\\Santhruptha\\AppData\\Roaming\\npm\\node_modules\\appium\\node_modules\\appium-uiautomator2-server\\apks\\appium-uiautomator2-server-debug-androidTest.apk
2022-09-28 17:31:27:660 [ADB] apksigner stdout: Signer #1 certificate DN: EMAILADDRESS=android@android.com, CN=Android, OU=Android, O=Android, L=Mountain View, ST=California, C=US
2022-09-28 17:31:27:661 [ADB] Signer #1 certificate SHA-256 digest: a40da80a59d170caa950cf15c18c454d47a39b26989d8b640ecd745ba71bf5dc
2022-09-28 17:31:27:661 [ADB] Signer #1 certificate SHA-1 digest: 61ed377e85d386a8dfee6b864bd85b0bfaa5af81
2022-09-28 17:31:27:661 [ADB] Signer #1 certificate MD5 digest: e89b158e4bcf988ebd09eb83f5378e87
2022-09-28 17:31:27:661 [ADB] 
2022-09-28 17:31:27:661 [ADB] sha256 hash did match for 'appium-uiautomator2-server-debug-androidTest.apk'
2022-09-28 17:31:27:661 [ADB] 'C:\Users\Santhruptha\AppData\Roaming\npm\node_modules\appium\node_modules\appium-uiautomator2-server\apks\appium-uiautomator2-server-debug-androidTest.apk' is signed with the default certificate
2022-09-28 17:31:27:662 [UiAutomator2] Server packages are not going to be (re)installed
2022-09-28 17:31:27:666 [UiAutomator2] Waiting up to 30000ms for services to be available
2022-09-28 17:31:27:666 [ADB] Running 'C:\Users\Santhruptha\AppData\Local\Android\Sdk\platform-tools\adb.exe -P 5037 -s emulator-5554 shell pm list instrumentation'
2022-09-28 17:31:27:857 [UiAutomator2] Instrumentation target 'io.appium.uiautomator2.server.test/androidx.test.runner.AndroidJUnitRunner' is available
2022-09-28 17:31:27:863 [ADB] Adding packages ["io.appium.settings","io.appium.uiautomator2.server","io.appium.uiautomator2.server.test"] to Doze whitelist
2022-09-28 17:31:27:864 [ADB] Got the following command chunks to execute: [["dumpsys","deviceidle","whitelist","+io.appium.settings",";","dumpsys","deviceidle","whitelist","+io.appium.uiautomator2.server",";","dumpsys","deviceidle","whitelist","+io.appium.uiautomator2.server.test",";"]]
2022-09-28 17:31:27:864 [ADB] Running 'C:\Users\Santhruptha\AppData\Local\Android\Sdk\platform-tools\adb.exe -P 5037 -s emulator-5554 shell dumpsys deviceidle whitelist +io.appium.settings ; dumpsys deviceidle whitelist +io.appium.uiautomator2.server ; dumpsys deviceidle whitelist +io.appium.uiautomator2.server.test ;'
2022-09-28 17:31:28:313 [ADB] Checking app cert for C:\Users\Santhruptha\git\repository3\SRI_MANDIR\src\main\java\resources\app-debug-permission-check-fix.apk
2022-09-28 17:31:29:209 [ADB] Starting apksigner: 'C:\\Program Files\\Java\\jdk1.8.0_291\\bin\\java.exe' -Xmx1024M -Xss1m -jar C:\\Users\\Santhruptha\\AppData\\Local\\Android\\Sdk\\build-tools\\33.0.0\\lib\\apksigner.jar verify --print-certs C:\\Users\\Santhruptha\\git\\repository3\\SRI_MANDIR\\src\\main\\java\\resources\\app-debug-permission-check-fix.apk
2022-09-28 17:31:35:992 [ADB] apksigner stdout: Signer #1 certificate DN: C=US, O=Android, CN=Android Debug
2022-09-28 17:31:35:992 [ADB] Signer #1 certificate SHA-256 digest: 1a88fb209dc13dd8a94e09e7c568bd6110effe1af1ae807363423660bdedd431
2022-09-28 17:31:35:993 [ADB] Signer #1 certificate SHA-1 digest: 364149b76ce7a237255b7822dc1fb6a16a07e53a
2022-09-28 17:31:35:993 [ADB] Signer #1 certificate MD5 digest: b398560dcfa1e9442e1bca121f0438ce
2022-09-28 17:31:35:993 [ADB] 
2022-09-28 17:31:35:993 [ADB] 'C:\Users\Santhruptha\git\repository3\SRI_MANDIR\src\main\java\resources\app-debug-permission-check-fix.apk' is signed with a non-default certificate
2022-09-28 17:31:35:994 [ADB] Getting install status for com.mandir
2022-09-28 17:31:35:994 [ADB] Running 'C:\Users\Santhruptha\AppData\Local\Android\Sdk\platform-tools\adb.exe -P 5037 -s emulator-5554 shell dumpsys package com.mandir'
2022-09-28 17:31:36:145 [ADB] 'com.mandir' is installed
2022-09-28 17:31:36:145 [ADB] Getting package info for 'com.mandir'
2022-09-28 17:31:36:146 [ADB] Running 'C:\Users\Santhruptha\AppData\Local\Android\Sdk\platform-tools\adb.exe -P 5037 -s emulator-5554 shell dumpsys package com.mandir'
2022-09-28 17:31:36:312 [ADB] The version name of the installed 'com.mandir' is greater or equal to the application version name ('3.7.1' >= '3.7.1')
2022-09-28 17:31:36:313 [ADB] There is no need to install/upgrade 'C:\Users\Santhruptha\git\repository3\SRI_MANDIR\src\main\java\resources\app-debug-permission-check-fix.apk'
2022-09-28 17:31:36:314 [UiAutomator2] Performing shallow cleanup of automation leftovers
2022-09-28 17:31:36:840 [UiAutomator2] No obsolete sessions have been detected (timeout of 500ms exceeded)
2022-09-28 17:31:36:841 [ADB] Running 'C:\Users\Santhruptha\AppData\Local\Android\Sdk\platform-tools\adb.exe -P 5037 -s emulator-5554 shell am force-stop io.appium.uiautomator2.server.test'
2022-09-28 17:31:37:008 [UiAutomator2] Starting UIAutomator2 server 4.27.0
2022-09-28 17:31:37:008 [UiAutomator2] Using UIAutomator2 server from 'C:\Users\Santhruptha\AppData\Roaming\npm\node_modules\appium\node_modules\appium-uiautomator2-server\apks\appium-uiautomator2-server-v4.27.0.apk' and test from 'C:\Users\Santhruptha\AppData\Roaming\npm\node_modules\appium\node_modules\appium-uiautomator2-server\apks\appium-uiautomator2-server-debug-androidTest.apk'
2022-09-28 17:31:37:009 [UiAutomator2] Waiting up to 30000ms for UiAutomator2 to be online...
2022-09-28 17:31:37:011 [ADB] Creating ADB subprocess with args: ["-P",5037,"-s","emulator-5554","shell","am","instrument","-w","-e","disableAnalytics",true,"io.appium.uiautomator2.server.test/androidx.test.runner.AndroidJUnitRunner"]
2022-09-28 17:31:37:025 [WD Proxy] Matched '/status' to command name 'getStatus'
2022-09-28 17:31:37:029 [WD Proxy] Proxying [GET /status] to [GET http://127.0.0.1:8200/wd/hub/status] with no body
2022-09-28 17:31:37:103 [WD Proxy] Got response with status 200: {"sessionId":"None","value":{"message":"UiAutomator2 Server is ready to accept commands","ready":true}}
2022-09-28 17:31:37:104 [UiAutomator2] The initialization of the instrumentation process took 95ms
2022-09-28 17:31:37:105 [WD Proxy] Matched '/session' to command name 'createSession'
2022-09-28 17:31:37:106 [WD Proxy] Proxying [POST /session] to [POST http://127.0.0.1:8200/wd/hub/session] with body: {"capabilities":{"firstMatch":[{"platform":"ANDROID","webStorageEnabled":false,"takesScreenshot":true,"javascriptEnabled":true,"databaseEnabled":false,"networkConnectionEnabled":true,"locationContextEnabled":false,"warnings":{},"desired":{"platformName":"android","platform":"ANDROID","app":"./src/main/java/resources/app-debug-permission-check-fix.apk","autoGrantPermissions":true,"automationName":"UiAutomator2","noReset":true,"udid":"emulator-5554"},"platformName":"android","app":"./src/main/java/resources/app-debug-permission-check-fix.apk","autoGrantPermissions":true,"automationName":"UiAutomator2","noReset":true,"udid":"emulator-5554","deviceName":"emulator-5554","deviceUDID":"emulator-5554","appPackage":"com.mandir"}],"alwaysMatch":{}}}
2022-09-28 17:31:37:532 [WD Proxy] Got response with status 200: {"sessionId":"52a2b6f7-9ee8-4ee4-b391-c48c206418ce","value":{"capabilities":{"firstMatch":[{"platform":"ANDROID","webStorageEnabled":false,"takesScreenshot":true,"javascriptEnabled":true,"databaseEnabled":false,"networkConnectionEnabled":true,"locationContextEnabled":false,"warnings":{},"desired":{"platformName":"android","platform":"ANDROID","app":"./src/main/java/resources/app-debug-permission-check-fix.apk","autoGrantPermissions":true,"automationName":"UiAutomator2","noReset":true,"udid":"emulator-5554"},"platformName":"android","app":"./src/main/java/resources/app-debug-permission-check-fix.apk","autoGrantPermissions":true,"automationName":"UiAutomator2","noReset":true,"udid":"emulator-5554","deviceName":"emulator-5554","deviceUDID":"emulator-5554","appPackage":"com.mandir"}],"alwaysMatch":{}},"sessionId":"52a2b6f7-9ee8-4ee4-b391-c48c206418ce"}}
2022-09-28 17:31:37:533 [WD Proxy] Determined the downstream protocol as 'W3C'
2022-09-28 17:31:37:565 [WD Proxy] Proxying [GET /appium/device/info] to [GET http://127.0.0.1:8200/wd/hub/session/52a2b6f7-9ee8-4ee4-b391-c48c206418ce/appium/device/info] with no body
2022-09-28 17:31:38:130 [WD Proxy] Got response with status 200: {"sessionId":"52a2b6f7-9ee8-4ee4-b391-c48c206418ce","value":{"androidId":"853a12b8b184f863","apiVersion":"31","bluetooth":{"state":"ON"},"brand":"google","carrierName":"T-Mobile","displayDensity":440,"locale":"en_US","manufacturer":"Google","model":"sdk_gphone64_x86_64","networks":[{"capabilities":{"SSID":null,"linkDownBandwidthKbps":30000,"linkUpstreamBandwidthKbps":15000,"networkCapabilities":"NET_CAPABILITY_MMS,NET_CAPABILITY_SUPL,NET_CAPABILITY_DUN,NET_CAPABILITY_FOTA,NET_CAPABILITY_IMS,NET_CAPABILITY_CBS,NET_CAPABILITY_INTERNET,NET_CAPABILITY_NOT_RESTRICTED,NET_CAPABILITY_TRUSTED,NET_CAPABILITY_NOT_VPN,NET_CAPABILITY_VALIDATED,NET_CAPABILITY_NOT_ROAMING,NET_CAPABILITY_NOT_CONGESTED,NET_CAPABILITY_NOT_SUSPENDED","signalStrength":-2147483648,"transportTypes":"TRANSPORT_CELLULAR"},"detailedState":"CONNECTED","extraInfo":"epc.tmobile.com","isAvailable":true,"isConnected":true,"isFailover":false,"isRoaming":false,"state":"CONNECTED","subtype":13,"subtypeName":"LTE","type":0,"typeName":"MOBILE"},{"capabilit...
2022-09-28 17:31:38:131 [ADB] Running 'C:\Users\Santhruptha\AppData\Local\Android\Sdk\platform-tools\adb.exe -P 5037 -s emulator-5554 shell dumpsys window'
2022-09-28 17:31:38:461 [AndroidDriver] Screen already unlocked, doing nothing
2022-09-28 17:31:38:461 [UiAutomator2] Starting 'com.mandir/com.mandir.ui.activity.SplashActivity and waiting for 'com.mandir/com.mandir.ui.activity.SplashActivity'
2022-09-28 17:31:38:463 [ADB] Running 'C:\Users\Santhruptha\AppData\Local\Android\Sdk\platform-tools\adb.exe -P 5037 -s emulator-5554 shell am start -W -n com.mandir/com.mandir.ui.activity.SplashActivity -S -a android.intent.action.MAIN -c android.intent.category.LAUNCHER -f 0x10200000'
2022-09-28 17:31:44:490 [Instrumentation] io.appium.uiautomator2.server.test.AppiumUiAutomator2Server:
2022-09-28 17:31:50:784 [ADB] Waiting up to 20000ms for activity matching pkg: 'com.mandir' and activity: 'com.mandir.ui.activity.SplashActivity' to be focused
2022-09-28 17:31:50:785 [ADB] Possible activities, to be checked: 'com.mandir.ui.activity.SplashActivity', 'com.mandir.com.mandir.ui.activity.SplashActivity'
2022-09-28 17:31:50:787 [ADB] Getting focused package and activity
2022-09-28 17:31:50:788 [ADB] Running 'C:\Users\Santhruptha\AppData\Local\Android\Sdk\platform-tools\adb.exe -P 5037 -s emulator-5554 shell dumpsys window displays'
2022-09-28 17:31:51:030 [ADB] Found package: 'com.mandir' and fully qualified activity name : 'com.mandir.ui.activity.SplashActivity'
2022-09-28 17:31:51:070 [WD Proxy] Proxying [GET /appium/device/pixel_ratio] to [GET http://127.0.0.1:8200/wd/hub/session/52a2b6f7-9ee8-4ee4-b391-c48c206418ce/appium/device/pixel_ratio] with no body
2022-09-28 17:31:51:445 [WD Proxy] Got response with status 404: {"sessionId":"52a2b6f7-9ee8-4ee4-b391-c48c206418ce","value":{"error":"invalid session id","message":"The session identified by 52a2b6f7-9ee8-4ee4-b391-c48c206418ce is not known","stacktrace":"io.appium.uiautomator2.common.exceptions.NoSuchDriverException: The session identified by 52a2b6f7-9ee8-4ee4-b391-c48c206418ce is not known\n\tat io.appium.uiautomator2.handler.request.SafeRequestHandler.handle(SafeRequestHandler.java:54)\n\tat io.appium.uiautomator2.server.AppiumServlet.handleRequest(AppiumServlet.java:266)\n\tat io.appium.uiautomator2.server.AppiumServlet.handleHttpRequest(AppiumServlet.java:260)\n\tat io.appium.uiautomator2.http.ServerHandler.channelRead(ServerHandler.java:68)\n\tat io.netty.channel.AbstractChannelHandlerContext.invokeChannelRead(AbstractChannelHandlerContext.java:366)\n\tat io.netty.channel.AbstractChannelHandlerContext.invokeChannelRead(AbstractChannelHandlerContext.java:352)\n\tat io.netty.channel.AbstractChannelHandlerContext.fireChannelRead(AbstractChannelHandlerContext.java:3...
2022-09-28 17:31:51:448 [W3C] Matched W3C error code 'invalid session id' to NoSuchDriverError
2022-09-28 17:31:51:449 [UiAutomator2] Deleting UiAutomator2 session
2022-09-28 17:31:51:451 [UiAutomator2] Deleting UiAutomator2 server session
2022-09-28 17:31:51:451 [WD Proxy] Matched '/' to command name 'deleteSession'
2022-09-28 17:31:51:452 [WD Proxy] Proxying [DELETE /] to [DELETE http://127.0.0.1:8200/wd/hub/session/52a2b6f7-9ee8-4ee4-b391-c48c206418ce] with no body
2022-09-28 17:31:51:484 [WD Proxy] Got response with status 404: {"sessionId":"52a2b6f7-9ee8-4ee4-b391-c48c206418ce","value":{"error":"invalid session id","message":"The session identified by 52a2b6f7-9ee8-4ee4-b391-c48c206418ce is not known","stacktrace":"io.appium.uiautomator2.common.exceptions.NoSuchDriverException: The session identified by 52a2b6f7-9ee8-4ee4-b391-c48c206418ce is not known\n\tat io.appium.uiautomator2.handler.request.SafeRequestHandler.handle(SafeRequestHandler.java:54)\n\tat io.appium.uiautomator2.server.AppiumServlet.handleRequest(AppiumServlet.java:266)\n\tat io.appium.uiautomator2.server.AppiumServlet.handleHttpRequest(AppiumServlet.java:260)\n\tat io.appium.uiautomator2.http.ServerHandler.channelRead(ServerHandler.java:68)\n\tat io.netty.channel.AbstractChannelHandlerContext.invokeChannelRead(AbstractChannelHandlerContext.java:366)\n\tat io.netty.channel.AbstractChannelHandlerContext.invokeChannelRead(AbstractChannelHandlerContext.java:352)\n\tat io.netty.channel.AbstractChannelHandlerContext.fireChannelRead(AbstractChannelHandlerContext.java:3...
2022-09-28 17:31:51:485 [W3C] Matched W3C error code 'invalid session id' to NoSuchDriverError
2022-09-28 17:31:51:485 [UiAutomator2] Did not get confirmation UiAutomator2 deleteSession worked; Error was: NoSuchDriverError: The session identified by 52a2b6f7-9ee8-4ee4-b391-c48c206418ce is not known
2022-09-28 17:31:51:485 [ADB] Running 'C:\Users\Santhruptha\AppData\Local\Android\Sdk\platform-tools\adb.exe -P 5037 -s emulator-5554 shell am force-stop com.mandir'
2022-09-28 17:31:51:835 [Logcat] Stopping logcat capture
2022-09-28 17:31:51:858 [ADB] Removing forwarded port socket connection: 8200 
2022-09-28 17:31:51:859 [ADB] Running 'C:\Users\Santhruptha\AppData\Local\Android\Sdk\platform-tools\adb.exe -P 5037 -s emulator-5554 forward --remove tcp:8200'
2022-09-28 17:31:52:007 [UiAutomator2] Restoring hidden api policy to the device default configuration
2022-09-28 17:31:52:009 [ADB] Running 'C:\Users\Santhruptha\AppData\Local\Android\Sdk\platform-tools\adb.exe -P 5037 -s emulator-5554 shell 'settings delete global hidden_api_policy_pre_p_apps;settings delete global hidden_api_policy_p_apps;settings delete global hidden_api_policy''
2022-09-28 17:31:52:333 [BaseDriver] Event 'newSessionStarted' logged at 1664386312332 (23:01:52 GMT+0530 (India Standard Time))
2022-09-28 17:31:52:335 [W3C] Encountered internal error running command: io.appium.uiautomator2.common.exceptions.NoSuchDriverException: The session identified by 52a2b6f7-9ee8-4ee4-b391-c48c206418ce is not known
2022-09-28 17:31:52:336 [W3C] 	at io.appium.uiautomator2.handler.request.SafeRequestHandler.handle(SafeRequestHandler.java:54)
2022-09-28 17:31:52:337 [W3C] 	at io.appium.uiautomator2.server.AppiumServlet.handleRequest(AppiumServlet.java:266)
2022-09-28 17:31:52:337 [W3C] 	at io.appium.uiautomator2.server.AppiumServlet.handleHttpRequest(AppiumServlet.java:260)
2022-09-28 17:31:52:337 [W3C] 	at io.appium.uiautomator2.http.ServerHandler.channelRead(ServerHandler.java:68)
2022-09-28 17:31:52:338 [W3C] 	at io.netty.channel.AbstractChannelHandlerContext.invokeChannelRead(AbstractChannelHandlerContext.java:366)
2022-09-28 17:31:52:338 [W3C] 	at io.netty.channel.AbstractChannelHandlerContext.invokeChannelRead(AbstractChannelHandlerContext.java:352)
2022-09-28 17:31:52:338 [W3C] 	at io.netty.channel.AbstractChannelHandlerContext.fireChannelRead(AbstractChannelHandlerContext.java:345)
2022-09-28 17:31:52:338 [W3C] 	at io.netty.handler.codec.MessageToMessageDecoder.channelRead(MessageToMessageDecoder.java:102)
2022-09-28 17:31:52:339 [W3C] 	at io.netty.channel.AbstractChannelHandlerContext.invokeChannelRead(AbstractChannelHandlerContext.java:366)
2022-09-28 17:31:52:339 [W3C] 	at io.netty.channel.AbstractChannelHandlerContext.invokeChannelRead(AbstractChannelHandlerContext.java:352)
2022-09-28 17:31:52:339 [W3C] 	at io.netty.channel.AbstractChannelHandlerContext.fireChannelRead(AbstractChannelHandlerContext.java:345)
2022-09-28 17:31:52:340 [W3C] 	at io.netty.channel.CombinedChannelDuplexHandler$DelegatingChannelHandlerContext.fireChannelRead(CombinedChannelDuplexHandler.java:435)
2022-09-28 17:31:52:340 [W3C] 	at io.netty.handler.codec.ByteToMessageDecoder.fireChannelRead(ByteToMessageDecoder.java:293)
2022-09-28 17:31:52:342 [W3C] 	at io.netty.handler.codec.ByteToMessageDecoder.channelRead(ByteToMessageDecoder.java:267)
2022-09-28 17:31:52:343 [W3C] 	at io.netty.channel.CombinedChannelDuplexHandler.channelRead(CombinedChannelDuplexHandler.java:250)
2022-09-28 17:31:52:344 [W3C] 	at io.netty.channel.AbstractChannelHandlerContext.invokeChannelRead(AbstractChannelHandlerContext.java:366)
2022-09-28 17:31:52:345 [W3C] 	at io.netty.channel.AbstractChannelHandlerContext.invokeChannelRead(AbstractChannelHandlerContext.java:352)
2022-09-28 17:31:52:346 [W3C] 	at io.netty.channel.AbstractChannelHandlerContext.fireChannelRead(AbstractChannelHandlerContext.java:345)
2022-09-28 17:31:52:346 [W3C] 	at io.netty.handler.timeout.IdleStateHandler.channelRead(IdleStateHandler.java:266)
2022-09-28 17:31:52:347 [W3C] 	at io.netty.channel.AbstractChannelHandlerContext.invokeChannelRead(AbstractChannelHandlerContext.java:366)
2022-09-28 17:31:52:349 [W3C] 	at io.netty.channel.AbstractChannelHandlerContext.invokeChannelRead(AbstractChannelHandlerContext.java:352)
2022-09-28 17:31:52:350 [W3C] 	at io.netty.channel.AbstractChannelHandlerContext.fireChannelRead(AbstractChannelHandlerContext.java:345)
2022-09-28 17:31:52:350 [W3C] 	at io.netty.channel.DefaultChannelPipeline$HeadContext.channelRead(DefaultChannelPipeline.java:1294)
2022-09-28 17:31:52:351 [W3C] 	at io.netty.channel.AbstractChannelHandlerContext.invokeChannelRead(AbstractChannelHandlerContext.java:366)
2022-09-28 17:31:52:352 [W3C] 	at io.netty.channel.AbstractChannelHandlerContext.invokeChannelRead(AbstractChannelHandlerContext.java:352)
2022-09-28 17:31:52:353 [W3C] 	at io.netty.channel.DefaultChannelPipeline.fireChannelRead(DefaultChannelPipeline.java:911)
2022-09-28 17:31:52:353 [W3C] 	at io.netty.channel.nio.AbstractNioByteChannel$NioByteUnsafe.read(AbstractNioByteChannel.java:131)
2022-09-28 17:31:52:354 [W3C] 	at io.netty.channel.nio.NioEventLoop.processSelectedKey(NioEventLoop.java:611)
2022-09-28 17:31:52:354 [W3C] 	at io.netty.channel.nio.NioEventLoop.processSelectedKeysOptimized(NioEventLoop.java:552)
2022-09-28 17:31:52:355 [W3C] 	at io.netty.channel.nio.NioEventLoop.processSelectedKeys(NioEventLoop.java:466)
2022-09-28 17:31:52:355 [W3C] 	at io.netty.channel.nio.NioEventLoop.run(NioEventLoop.java:438)
2022-09-28 17:31:52:355 [W3C] 	at io.netty.util.concurrent.SingleThreadEventExecutor$2.run(SingleThreadEventExecutor.java:140)
2022-09-28 17:31:52:356 [W3C] 	at io.netty.util.concurrent.DefaultThreadFactory$DefaultRunnableDecorator.run(DefaultThreadFactory.java:144)
2022-09-28 17:31:52:356 [W3C] 	at java.lang.Thread.run(Thread.java:920)
2022-09-28 17:31:52:357 [W3C] 
2022-09-28 17:31:52:384 [HTTP] <-- POST /wd/hub/session 404 36742 ms - 3691
2022-09-28 17:31:52:385 [HTTP] 
