2022-10-21 04:18:18:149 [Appium] Welcome to Appium v1.22.3
2022-10-21 04:18:18:150 [Appium] Non-default server args:
2022-10-21 04:18:18:150 [Appium]   address: 127.0.0.1
2022-10-21 04:18:18:151 [Appium]   port: 10387
2022-10-21 04:18:18:151 [Appium]   logFile: C:\Users\Shilpa\Documents\New_Sri_Mandir\SRI_MANDIR(Different languages)\.\ServerLogs\appiumSriMandirverifyTodaysHora.log
2022-10-21 04:18:18:180 [Appium] Appium REST http interface listener started on 127.0.0.1:10387
2022-10-21 04:18:18:451 [HTTP] --> GET /wd/hub/status
2022-10-21 04:18:18:451 [HTTP] {}
2022-10-21 04:18:18:453 [GENERIC] Calling AppiumDriver.getStatus() with args: []
2022-10-21 04:18:18:454 [GENERIC] Responding to client with driver.getStatus() result: {"build":{"version":"1.22.3"}}
2022-10-21 04:18:18:459 [HTTP] <-- GET /wd/hub/status 200 5 ms - 68
2022-10-21 04:18:18:459 [HTTP] 
2022-10-21 04:18:18:477 [HTTP] --> POST /wd/hub/session
2022-10-21 04:18:18:478 [HTTP] {"desiredCapabilities":{"app":"./src/main/java/resources/app-debug-3.8.0.apk","noReset":true,"automationName":"UiAutomator2","autoGrantPermissions":true,"platformName":"Android","udid":"emulator-5554","platform":"ANDROID"},"capabilities":{"firstMatch":[{"appium:app":"./src/main/java/resources/app-debug-3.8.0.apk","appium:autoGrantPermissions":true,"appium:automationName":"UiAutomator2","appium:noReset":true,"platform":"ANDROID","platformName":"android","appium:udid":"emulator-5554"}]}}
2022-10-21 04:18:18:478 [W3C] Calling AppiumDriver.createSession() with args: [{"app":"./src/main/java/resources/app-debug-3.8.0.apk","noReset":true,"automationName":"UiAutomator2","autoGrantPermissions":true,"platformName":"Android","udid":"emulator-5554","platform":"ANDROID"},null,{"firstMatch":[{"appium:app":"./src/main/java/resources/app-debug-3.8.0.apk","appium:autoGrantPermissions":true,"appium:automationName":"UiAutomator2","appium:noReset":true,"platform":"ANDROID","platformName":"android","appium:udid":"emulator-5554"}]}]
2022-10-21 04:18:18:479 [BaseDriver] Event 'newSessionRequested' logged at 1666325898479 (09:48:18 GMT+0530 (India Standard Time))
2022-10-21 04:18:18:481 [BaseDriver] The following capabilities are not standard capabilities and should have an extension prefix:
2022-10-21 04:18:18:481 [BaseDriver]   platform
2022-10-21 04:18:18:697 [Appium] Appium v1.22.3 creating new AndroidUiautomator2Driver (v1.70.1) session
2022-10-21 04:18:18:699 [BaseDriver] W3C capabilities and MJSONWP desired capabilities were provided
2022-10-21 04:18:18:700 [BaseDriver] Creating session with W3C capabilities: {
2022-10-21 04:18:18:700 [BaseDriver]   "alwaysMatch": {
2022-10-21 04:18:18:700 [BaseDriver]     "appium:platform": "ANDROID",
2022-10-21 04:18:18:700 [BaseDriver]     "platformName": "android",
2022-10-21 04:18:18:700 [BaseDriver]     "appium:app": "./src/main/java/resources/app-debug-3.8.0.apk",
2022-10-21 04:18:18:700 [BaseDriver]     "appium:autoGrantPermissions": true,
2022-10-21 04:18:18:700 [BaseDriver]     "appium:automationName": "UiAutomator2",
2022-10-21 04:18:18:700 [BaseDriver]     "appium:noReset": true,
2022-10-21 04:18:18:700 [BaseDriver]     "appium:udid": "emulator-5554"
2022-10-21 04:18:18:700 [BaseDriver]   },
2022-10-21 04:18:18:700 [BaseDriver]   "firstMatch": [
2022-10-21 04:18:18:701 [BaseDriver]     {}
2022-10-21 04:18:18:701 [BaseDriver]   ]
2022-10-21 04:18:18:701 [BaseDriver] }
2022-10-21 04:18:18:707 [BaseDriver] The following capabilities were provided, but are not recognized by Appium:
2022-10-21 04:18:18:707 [BaseDriver]   platform
2022-10-21 04:18:18:708 [BaseDriver] Session created with session id: c30b687f-96b8-455d-9b6c-6da02afa267c
2022-10-21 04:18:18:711 [BaseDriver] Using local app './src/main/java/resources/app-debug-3.8.0.apk'
2022-10-21 04:18:18:711 [BaseDriver] The current application path './src/main/java/resources/app-debug-3.8.0.apk' is not absolute and has been rewritten to 'C:\Users\Shilpa\Documents\New_Sri_Mandir\SRI_MANDIR(Different languages)\src\main\java\resources\app-debug-3.8.0.apk'. Consider using absolute paths rather than relative
2022-10-21 04:18:18:711 [UiAutomator2] Checking whether app is actually present
2022-10-21 04:18:18:731 [ADB] Found 2 'build-tools' folders under 'C:\Users\Shilpa\AppData\Local\Android\Sdk' (newest first):
2022-10-21 04:18:18:731 [ADB]     C:/Users/Shilpa/AppData/Local/Android/Sdk/build-tools/33.0.0
2022-10-21 04:18:18:731 [ADB]     C:/Users/Shilpa/AppData/Local/Android/Sdk/build-tools/30.0.3
2022-10-21 04:18:18:732 [ADB] Using 'adb.exe' from 'C:\Users\Shilpa\AppData\Local\Android\Sdk\platform-tools\adb.exe'
2022-10-21 04:18:18:732 [ADB] Running 'C:\Users\Shilpa\AppData\Local\Android\Sdk\platform-tools\adb.exe -P 5037 start-server'
2022-10-21 04:18:18:754 [AndroidDriver] Retrieving device list
2022-10-21 04:18:18:755 [ADB] Trying to find a connected android device
2022-10-21 04:18:18:755 [ADB] Getting connected devices
2022-10-21 04:18:18:777 [ADB] Connected devices: [{"udid":"emulator-5554","state":"device"}]
2022-10-21 04:18:18:778 [AndroidDriver] Using device: emulator-5554
2022-10-21 04:18:18:779 [ADB] Using 'adb.exe' from 'C:\Users\Shilpa\AppData\Local\Android\Sdk\platform-tools\adb.exe'
2022-10-21 04:18:18:779 [ADB] Running 'C:\Users\Shilpa\AppData\Local\Android\Sdk\platform-tools\adb.exe -P 5037 start-server'
2022-10-21 04:18:18:800 [ADB] Setting device id to emulator-5554
2022-10-21 04:18:18:800 [ADB] Running 'C:\Users\Shilpa\AppData\Local\Android\Sdk\platform-tools\adb.exe -P 5037 -s emulator-5554 shell getprop ro.build.version.sdk'
2022-10-21 04:18:18:862 [ADB] Current device property 'ro.build.version.sdk': 31
2022-10-21 04:18:18:862 [ADB] Getting device platform version
2022-10-21 04:18:18:862 [ADB] Running 'C:\Users\Shilpa\AppData\Local\Android\Sdk\platform-tools\adb.exe -P 5037 -s emulator-5554 shell getprop ro.build.version.release'
2022-10-21 04:18:18:922 [ADB] Current device property 'ro.build.version.release': 12
2022-10-21 04:18:18:922 [ADB] Device API level: 31
2022-10-21 04:18:18:922 [UiAutomator2] Relaxing hidden api policy
2022-10-21 04:18:18:923 [ADB] Running 'C:\Users\Shilpa\AppData\Local\Android\Sdk\platform-tools\adb.exe -P 5037 -s emulator-5554 shell 'settings put global hidden_api_policy_pre_p_apps 1;settings put global hidden_api_policy_p_apps 1;settings put global hidden_api_policy 1''
2022-10-21 04:18:19:046 [AndroidDriver] Parsing package and activity from app manifest
2022-10-21 04:18:19:083 [ADB] Package name: 'com.mandir'
2022-10-21 04:18:19:083 [ADB] Main activity name: 'com.mandir.ui.activity.SplashActivity'
2022-10-21 04:18:19:083 [AndroidDriver] Parsed package and activity are: com.mandir/com.mandir.ui.activity.SplashActivity
2022-10-21 04:18:19:083 [ADB] Running 'C:\Users\Shilpa\AppData\Local\Android\Sdk\platform-tools\adb.exe -P 5037 -s emulator-5554 wait-for-device'
2022-10-21 04:18:19:106 [ADB] Running 'C:\Users\Shilpa\AppData\Local\Android\Sdk\platform-tools\adb.exe -P 5037 -s emulator-5554 shell echo ping'
2022-10-21 04:18:19:156 [AndroidDriver] Pushing settings apk to device...
2022-10-21 04:18:19:157 [ADB] Getting install status for io.appium.settings
2022-10-21 04:18:19:157 [ADB] Running 'C:\Users\Shilpa\AppData\Local\Android\Sdk\platform-tools\adb.exe -P 5037 -s emulator-5554 shell dumpsys package io.appium.settings'
2022-10-21 04:18:19:526 [ADB] 'io.appium.settings' is installed
2022-10-21 04:18:19:527 [ADB] Getting package info for 'io.appium.settings'
2022-10-21 04:18:19:527 [ADB] Running 'C:\Users\Shilpa\AppData\Local\Android\Sdk\platform-tools\adb.exe -P 5037 -s emulator-5554 shell dumpsys package io.appium.settings'
2022-10-21 04:18:19:594 [ADB] The version name of the installed 'io.appium.settings' is greater or equal to the application version name ('3.4.0' >= '3.4.0')
2022-10-21 04:18:19:594 [ADB] There is no need to install/upgrade 'C:\Users\Shilpa\AppData\Roaming\npm\node_modules\appium\node_modules\io.appium.settings\apks\settings_apk-debug.apk'
2022-10-21 04:18:19:595 [ADB] Getting IDs of all 'io.appium.settings' processes
2022-10-21 04:18:19:595 [ADB] Running 'C:\Users\Shilpa\AppData\Local\Android\Sdk\platform-tools\adb.exe -P 5037 -s emulator-5554 shell 'pgrep --help; echo $?''
2022-10-21 04:18:19:651 [ADB] Running 'C:\Users\Shilpa\AppData\Local\Android\Sdk\platform-tools\adb.exe -P 5037 -s emulator-5554 shell pgrep -f \(\[\[:blank:\]\]\|\^\)io\.appium\.settings\(\[\[:blank:\]\]\|\$\)'
2022-10-21 04:18:19:721 [AndroidDriver] io.appium.settings is already running. There is no need to reset its permissions.
2022-10-21 04:18:19:723 [Logcat] Starting logs capture with command: C:\\Users\\Shilpa\\AppData\\Local\\Android\\Sdk\\platform-tools\\adb.exe -P 5037 -s emulator-5554 logcat -v threadtime
2022-10-21 04:18:19:780 [UiAutomator2] Forwarding UiAutomator2 Server port 6790 to local port 8204
2022-10-21 04:18:19:781 [ADB] Forwarding system: 8204 to device: 6790
2022-10-21 04:18:19:781 [ADB] Running 'C:\Users\Shilpa\AppData\Local\Android\Sdk\platform-tools\adb.exe -P 5037 -s emulator-5554 forward tcp:8204 tcp:6790'
2022-10-21 04:18:19:816 [ADB] Getting install status for io.appium.uiautomator2.server
2022-10-21 04:18:19:817 [ADB] Running 'C:\Users\Shilpa\AppData\Local\Android\Sdk\platform-tools\adb.exe -P 5037 -s emulator-5554 shell dumpsys package io.appium.uiautomator2.server'
2022-10-21 04:18:19:902 [ADB] 'io.appium.uiautomator2.server' is installed
2022-10-21 04:18:19:902 [ADB] Getting package info for 'io.appium.uiautomator2.server'
2022-10-21 04:18:19:903 [ADB] Running 'C:\Users\Shilpa\AppData\Local\Android\Sdk\platform-tools\adb.exe -P 5037 -s emulator-5554 shell dumpsys package io.appium.uiautomator2.server'
2022-10-21 04:18:20:292 [ADB] The version name of the installed 'io.appium.uiautomator2.server' is greater or equal to the application version name ('4.27.0' >= '4.27.0')
2022-10-21 04:18:20:293 [UiAutomator2] io.appium.uiautomator2.server installation state: sameVersionInstalled
2022-10-21 04:18:20:294 [ADB] Checking app cert for C:\Users\Shilpa\AppData\Roaming\npm\node_modules\appium\node_modules\appium-uiautomator2-server\apks\appium-uiautomator2-server-v4.27.0.apk
2022-10-21 04:18:20:328 [ADB] Using 'apksigner.jar' from 'C:\Users\Shilpa\AppData\Local\Android\Sdk\build-tools\33.0.0\lib\apksigner.jar'
2022-10-21 04:18:20:330 [ADB] Starting apksigner: 'C:\\Program Files\\Java\\jdk1.8.0_291\\bin\\java.exe' -Xmx1024M -Xss1m -jar C:\\Users\\Shilpa\\AppData\\Local\\Android\\Sdk\\build-tools\\33.0.0\\lib\\apksigner.jar verify --print-certs C:\\Users\\Shilpa\\AppData\\Roaming\\npm\\node_modules\\appium\\node_modules\\appium-uiautomator2-server\\apks\\appium-uiautomator2-server-v4.27.0.apk
2022-10-21 04:18:21:333 [ADB] apksigner stdout: Signer #1 certificate DN: EMAILADDRESS=android@android.com, CN=Android, OU=Android, O=Android, L=Mountain View, ST=California, C=US
2022-10-21 04:18:21:333 [ADB] Signer #1 certificate SHA-256 digest: a40da80a59d170caa950cf15c18c454d47a39b26989d8b640ecd745ba71bf5dc
2022-10-21 04:18:21:333 [ADB] Signer #1 certificate SHA-1 digest: 61ed377e85d386a8dfee6b864bd85b0bfaa5af81
2022-10-21 04:18:21:334 [ADB] Signer #1 certificate MD5 digest: e89b158e4bcf988ebd09eb83f5378e87
2022-10-21 04:18:21:334 [ADB] 
2022-10-21 04:18:21:334 [ADB] sha256 hash did match for 'appium-uiautomator2-server-v4.27.0.apk'
2022-10-21 04:18:21:335 [ADB] 'C:\Users\Shilpa\AppData\Roaming\npm\node_modules\appium\node_modules\appium-uiautomator2-server\apks\appium-uiautomator2-server-v4.27.0.apk' is signed with the default certificate
2022-10-21 04:18:21:335 [ADB] Getting install status for io.appium.uiautomator2.server.test
2022-10-21 04:18:21:335 [ADB] Running 'C:\Users\Shilpa\AppData\Local\Android\Sdk\platform-tools\adb.exe -P 5037 -s emulator-5554 shell dumpsys package io.appium.uiautomator2.server.test'
2022-10-21 04:18:21:390 [ADB] 'io.appium.uiautomator2.server.test' is installed
2022-10-21 04:18:21:390 [ADB] Checking app cert for C:\Users\Shilpa\AppData\Roaming\npm\node_modules\appium\node_modules\appium-uiautomator2-server\apks\appium-uiautomator2-server-debug-androidTest.apk
2022-10-21 04:18:21:393 [ADB] Starting apksigner: 'C:\\Program Files\\Java\\jdk1.8.0_291\\bin\\java.exe' -Xmx1024M -Xss1m -jar C:\\Users\\Shilpa\\AppData\\Local\\Android\\Sdk\\build-tools\\33.0.0\\lib\\apksigner.jar verify --print-certs C:\\Users\\Shilpa\\AppData\\Roaming\\npm\\node_modules\\appium\\node_modules\\appium-uiautomator2-server\\apks\\appium-uiautomator2-server-debug-androidTest.apk
2022-10-21 04:18:21:750 [ADB] apksigner stdout: Signer #1 certificate DN: EMAILADDRESS=android@android.com, CN=Android, OU=Android, O=Android, L=Mountain View, ST=California, C=US
2022-10-21 04:18:21:751 [ADB] Signer #1 certificate SHA-256 digest: a40da80a59d170caa950cf15c18c454d47a39b26989d8b640ecd745ba71bf5dc
2022-10-21 04:18:21:751 [ADB] Signer #1 certificate SHA-1 digest: 61ed377e85d386a8dfee6b864bd85b0bfaa5af81
2022-10-21 04:18:21:751 [ADB] Signer #1 certificate MD5 digest: e89b158e4bcf988ebd09eb83f5378e87
2022-10-21 04:18:21:751 [ADB] 
2022-10-21 04:18:21:751 [ADB] sha256 hash did match for 'appium-uiautomator2-server-debug-androidTest.apk'
2022-10-21 04:18:21:751 [ADB] 'C:\Users\Shilpa\AppData\Roaming\npm\node_modules\appium\node_modules\appium-uiautomator2-server\apks\appium-uiautomator2-server-debug-androidTest.apk' is signed with the default certificate
2022-10-21 04:18:21:751 [UiAutomator2] Server packages are not going to be (re)installed
2022-10-21 04:18:21:756 [UiAutomator2] Waiting up to 30000ms for services to be available
2022-10-21 04:18:21:756 [ADB] Running 'C:\Users\Shilpa\AppData\Local\Android\Sdk\platform-tools\adb.exe -P 5037 -s emulator-5554 shell pm list instrumentation'
2022-10-21 04:18:21:831 [UiAutomator2] Instrumentation target 'io.appium.uiautomator2.server.test/androidx.test.runner.AndroidJUnitRunner' is available
2022-10-21 04:18:21:836 [ADB] Adding packages ["io.appium.settings","io.appium.uiautomator2.server","io.appium.uiautomator2.server.test"] to Doze whitelist
2022-10-21 04:18:21:836 [ADB] Got the following command chunks to execute: [["dumpsys","deviceidle","whitelist","+io.appium.settings",";","dumpsys","deviceidle","whitelist","+io.appium.uiautomator2.server",";","dumpsys","deviceidle","whitelist","+io.appium.uiautomator2.server.test",";"]]
2022-10-21 04:18:21:837 [ADB] Running 'C:\Users\Shilpa\AppData\Local\Android\Sdk\platform-tools\adb.exe -P 5037 -s emulator-5554 shell dumpsys deviceidle whitelist +io.appium.settings ; dumpsys deviceidle whitelist +io.appium.uiautomator2.server ; dumpsys deviceidle whitelist +io.appium.uiautomator2.server.test ;'
2022-10-21 04:18:21:905 [ADB] Checking app cert for C:\Users\Shilpa\Documents\New_Sri_Mandir\SRI_MANDIR(Different languages)\src\main\java\resources\app-debug-3.8.0.apk
2022-10-21 04:18:22:247 [ADB] Starting apksigner: 'C:\\Program Files\\Java\\jdk1.8.0_291\\bin\\java.exe' -Xmx1024M -Xss1m -jar C:\\Users\\Shilpa\\AppData\\Local\\Android\\Sdk\\build-tools\\33.0.0\\lib\\apksigner.jar verify --print-certs 'C:\\Users\\Shilpa\\Documents\\New_Sri_Mandir\\SRI_MANDIR(Different languages)\\src\\main\\java\\resources\\app-debug-3.8.0.apk'
2022-10-21 04:18:26:815 [ADB] apksigner stdout: Signer #1 certificate DN: C=US, O=Android, CN=Android Debug
2022-10-21 04:18:26:815 [ADB] Signer #1 certificate SHA-256 digest: ffe3f74dd4b99b12dd63d207a90d1eb840869ef6f0303daaab8485d82cc377d0
2022-10-21 04:18:26:815 [ADB] Signer #1 certificate SHA-1 digest: d61e3b86f3eece241d9e58fa90b8a2e151b8685a
2022-10-21 04:18:26:815 [ADB] Signer #1 certificate MD5 digest: c57e6882d4d2db60bf329c1ab6c9a33c
2022-10-21 04:18:26:816 [ADB] 
2022-10-21 04:18:26:816 [ADB] 'C:\Users\Shilpa\Documents\New_Sri_Mandir\SRI_MANDIR(Different languages)\src\main\java\resources\app-debug-3.8.0.apk' is signed with a non-default certificate
2022-10-21 04:18:26:817 [ADB] Getting install status for com.mandir
2022-10-21 04:18:26:818 [ADB] Running 'C:\Users\Shilpa\AppData\Local\Android\Sdk\platform-tools\adb.exe -P 5037 -s emulator-5554 shell dumpsys package com.mandir'
2022-10-21 04:18:26:879 [ADB] 'com.mandir' is installed
2022-10-21 04:18:26:879 [ADB] Getting package info for 'com.mandir'
2022-10-21 04:18:26:879 [ADB] Running 'C:\Users\Shilpa\AppData\Local\Android\Sdk\platform-tools\adb.exe -P 5037 -s emulator-5554 shell dumpsys package com.mandir'
2022-10-21 04:18:27:001 [ADB] The version name of the installed 'com.mandir' is greater or equal to the application version name ('3.7.5' >= '3.7.5')
2022-10-21 04:18:27:002 [ADB] There is no need to install/upgrade 'C:\Users\Shilpa\Documents\New_Sri_Mandir\SRI_MANDIR(Different languages)\src\main\java\resources\app-debug-3.8.0.apk'
2022-10-21 04:18:27:003 [UiAutomator2] Performing shallow cleanup of automation leftovers
2022-10-21 04:18:27:037 [UiAutomator2] The following obsolete sessions are still running: ["377f4d85-4e61-46b8-8879-48bcae613d80"]
2022-10-21 04:18:27:042 [UiAutomator2] Cleaning up 1 obsolete session
2022-10-21 04:18:28:070 [ADB] Running 'C:\Users\Shilpa\AppData\Local\Android\Sdk\platform-tools\adb.exe -P 5037 -s emulator-5554 shell am force-stop io.appium.uiautomator2.server.test'
2022-10-21 04:18:28:132 [UiAutomator2] Starting UIAutomator2 server 4.27.0
2022-10-21 04:18:28:132 [UiAutomator2] Using UIAutomator2 server from 'C:\Users\Shilpa\AppData\Roaming\npm\node_modules\appium\node_modules\appium-uiautomator2-server\apks\appium-uiautomator2-server-v4.27.0.apk' and test from 'C:\Users\Shilpa\AppData\Roaming\npm\node_modules\appium\node_modules\appium-uiautomator2-server\apks\appium-uiautomator2-server-debug-androidTest.apk'
2022-10-21 04:18:28:132 [UiAutomator2] Waiting up to 30000ms for UiAutomator2 to be online...
2022-10-21 04:18:28:132 [ADB] Creating ADB subprocess with args: ["-P",5037,"-s","emulator-5554","shell","am","instrument","-w","-e","disableAnalytics",true,"io.appium.uiautomator2.server.test/androidx.test.runner.AndroidJUnitRunner"]
2022-10-21 04:18:28:146 [WD Proxy] Matched '/status' to command name 'getStatus'
2022-10-21 04:18:28:147 [WD Proxy] Proxying [GET /status] to [GET http://127.0.0.1:8204/wd/hub/status] with no body
2022-10-21 04:18:28:157 [WD Proxy] socket hang up
2022-10-21 04:18:28:829 [Instrumentation] io.appium.uiautomator2.server.test.AppiumUiAutomator2Server:
2022-10-21 04:18:29:171 [WD Proxy] Matched '/status' to command name 'getStatus'
2022-10-21 04:18:29:172 [WD Proxy] Proxying [GET /status] to [GET http://127.0.0.1:8204/wd/hub/status] with no body
2022-10-21 04:18:29:182 [WD Proxy] socket hang up
2022-10-21 04:18:30:193 [WD Proxy] Matched '/status' to command name 'getStatus'
2022-10-21 04:18:30:193 [WD Proxy] Proxying [GET /status] to [GET http://127.0.0.1:8204/wd/hub/status] with no body
2022-10-21 04:18:30:336 [WD Proxy] Got response with status 200: {"sessionId":"None","value":{"message":"UiAutomator2 Server is ready to accept commands","ready":true}}
2022-10-21 04:18:30:336 [UiAutomator2] The initialization of the instrumentation process took 2204ms
2022-10-21 04:18:30:337 [WD Proxy] Matched '/session' to command name 'createSession'
2022-10-21 04:18:30:337 [WD Proxy] Proxying [POST /session] to [POST http://127.0.0.1:8204/wd/hub/session] with body: {"capabilities":{"firstMatch":[{"platform":"ANDROID","webStorageEnabled":false,"takesScreenshot":true,"javascriptEnabled":true,"databaseEnabled":false,"networkConnectionEnabled":true,"locationContextEnabled":false,"warnings":{},"desired":{"platformName":"android","platform":"ANDROID","app":"./src/main/java/resources/app-debug-3.8.0.apk","autoGrantPermissions":true,"automationName":"UiAutomator2","noReset":true,"udid":"emulator-5554"},"platformName":"android","app":"./src/main/java/resources/app-debug-3.8.0.apk","autoGrantPermissions":true,"automationName":"UiAutomator2","noReset":true,"udid":"emulator-5554","deviceName":"emulator-5554","deviceUDID":"emulator-5554","appPackage":"com.mandir"}],"alwaysMatch":{}}}
2022-10-21 04:18:30:374 [WD Proxy] Got response with status 200: {"sessionId":"cde23ad7-c1db-4853-8343-6e46488c367c","value":{"capabilities":{"firstMatch":[{"platform":"ANDROID","webStorageEnabled":false,"takesScreenshot":true,"javascriptEnabled":true,"databaseEnabled":false,"networkConnectionEnabled":true,"locationContextEnabled":false,"warnings":{},"desired":{"platformName":"android","platform":"ANDROID","app":"./src/main/java/resources/app-debug-3.8.0.apk","autoGrantPermissions":true,"automationName":"UiAutomator2","noReset":true,"udid":"emulator-5554"},"platformName":"android","app":"./src/main/java/resources/app-debug-3.8.0.apk","autoGrantPermissions":true,"automationName":"UiAutomator2","noReset":true,"udid":"emulator-5554","deviceName":"emulator-5554","deviceUDID":"emulator-5554","appPackage":"com.mandir"}],"alwaysMatch":{}},"sessionId":"cde23ad7-c1db-4853-8343-6e46488c367c"}}
2022-10-21 04:18:30:375 [WD Proxy] Determined the downstream protocol as 'W3C'
2022-10-21 04:18:30:399 [WD Proxy] Proxying [GET /appium/device/info] to [GET http://127.0.0.1:8204/wd/hub/session/cde23ad7-c1db-4853-8343-6e46488c367c/appium/device/info] with no body
2022-10-21 04:18:30:435 [WD Proxy] Got response with status 200: {"sessionId":"cde23ad7-c1db-4853-8343-6e46488c367c","value":{"androidId":"b679943b0277a210","apiVersion":"31","bluetooth":{"state":"ON"},"brand":"google","carrierName":"T-Mobile","displayDensity":420,"locale":"en_US","manufacturer":"Google","model":"sdk_gphone64_x86_64","networks":[{"capabilities":{"SSID":null,"linkDownBandwidthKbps":30000,"linkUpstreamBandwidthKbps":12000,"networkCapabilities":"NET_CAPABILITY_NOT_METERED,NET_CAPABILITY_INTERNET,NET_CAPABILITY_NOT_RESTRICTED,NET_CAPABILITY_TRUSTED,NET_CAPABILITY_NOT_VPN,NET_CAPABILITY_VALIDATED,NET_CAPABILITY_NOT_ROAMING,NET_CAPABILITY_FOREGROUND,NET_CAPABILITY_NOT_CONGESTED,NET_CAPABILITY_NOT_SUSPENDED","signalStrength":-50,"transportTypes":"TRANSPORT_WIFI"},"detailedState":"CONNECTED","extraInfo":"","isAvailable":true,"isConnected":true,"isFailover":false,"isRoaming":false,"state":"CONNECTED","subtype":-1,"subtypeName":"","type":1,"typeName":"WIFI"},{"capabilities":{"SSID":null,"linkDownBandwidthKbps":4300,"linkUpstreamBandwidthKbps":1800,"networkCapabil...
2022-10-21 04:18:30:435 [ADB] Running 'C:\Users\Shilpa\AppData\Local\Android\Sdk\platform-tools\adb.exe -P 5037 -s emulator-5554 shell dumpsys window'
2022-10-21 04:18:30:504 [AndroidDriver] Screen already unlocked, doing nothing
2022-10-21 04:18:30:504 [UiAutomator2] Starting 'com.mandir/com.mandir.ui.activity.SplashActivity and waiting for 'com.mandir/com.mandir.ui.activity.SplashActivity'
2022-10-21 04:18:30:506 [ADB] Running 'C:\Users\Shilpa\AppData\Local\Android\Sdk\platform-tools\adb.exe -P 5037 -s emulator-5554 shell am start -W -n com.mandir/com.mandir.ui.activity.SplashActivity -S -a android.intent.action.MAIN -c android.intent.category.LAUNCHER -f 0x10200000'
2022-10-21 04:18:35:807 [ADB] Waiting up to 20000ms for activity matching pkg: 'com.mandir' and activity: 'com.mandir.ui.activity.SplashActivity' to be focused
2022-10-21 04:18:35:807 [ADB] Possible activities, to be checked: 'com.mandir.ui.activity.SplashActivity', 'com.mandir.com.mandir.ui.activity.SplashActivity'
2022-10-21 04:18:35:808 [ADB] Getting focused package and activity
2022-10-21 04:18:35:808 [ADB] Running 'C:\Users\Shilpa\AppData\Local\Android\Sdk\platform-tools\adb.exe -P 5037 -s emulator-5554 shell dumpsys window displays'
2022-10-21 04:18:35:955 [ADB] Found package: 'com.mandir' and fully qualified activity name : 'com.mandir.ui.activity.SplashActivity'
2022-10-21 04:18:35:981 [WD Proxy] Proxying [GET /appium/device/pixel_ratio] to [GET http://127.0.0.1:8204/wd/hub/session/cde23ad7-c1db-4853-8343-6e46488c367c/appium/device/pixel_ratio] with no body
2022-10-21 04:18:36:018 [WD Proxy] Got response with status 200: {"sessionId":"cde23ad7-c1db-4853-8343-6e46488c367c","value":2.625}
2022-10-21 04:18:36:020 [WD Proxy] Matched '/appium/device/system_bars' to command name 'getSystemBars'
2022-10-21 04:18:36:022 [WD Proxy] Proxying [GET /appium/device/system_bars] to [GET http://127.0.0.1:8204/wd/hub/session/cde23ad7-c1db-4853-8343-6e46488c367c/appium/device/system_bars] with no body
2022-10-21 04:18:36:070 [WD Proxy] Got response with status 200: {"sessionId":"cde23ad7-c1db-4853-8343-6e46488c367c","value":{"statusBar":63}}
2022-10-21 04:18:36:072 [WD Proxy] Matched '/window/current/size' to command name 'getWindowSize'
2022-10-21 04:18:36:072 [WD Proxy] Proxying [GET /window/current/size] to [GET http://127.0.0.1:8204/wd/hub/session/cde23ad7-c1db-4853-8343-6e46488c367c/window/current/size] with no body
2022-10-21 04:18:36:101 [WD Proxy] Got response with status 200: {"sessionId":"cde23ad7-c1db-4853-8343-6e46488c367c","value":{"height":1794,"width":1080}}
2022-10-21 04:18:36:104 [Appium] New AndroidUiautomator2Driver session created successfully, session c30b687f-96b8-455d-9b6c-6da02afa267c added to master session list
2022-10-21 04:18:36:105 [BaseDriver] Event 'newSessionStarted' logged at 1666325916105 (09:48:36 GMT+0530 (India Standard Time))
2022-10-21 04:18:36:106 [W3C (c30b687f)] Cached the protocol value 'W3C' for the new session c30b687f-96b8-455d-9b6c-6da02afa267c
2022-10-21 04:18:36:108 [W3C (c30b687f)] Responding to client with driver.createSession() result: {"capabilities":{"platform":"ANDROID","webStorageEnabled":false,"takesScreenshot":true,"javascriptEnabled":true,"databaseEnabled":false,"networkConnectionEnabled":true,"locationContextEnabled":false,"warnings":{},"desired":{"platformName":"android","platform":"ANDROID","app":"./src/main/java/resources/app-debug-3.8.0.apk","autoGrantPermissions":true,"automationName":"UiAutomator2","noReset":true,"udid":"emulator-5554"},"platformName":"android","app":"./src/main/java/resources/app-debug-3.8.0.apk","autoGrantPermissions":true,"automationName":"UiAutomator2","noReset":true,"udid":"emulator-5554","deviceName":"emulator-5554","deviceUDID":"emulator-5554","appPackage":"com.mandir","deviceApiLevel":31,"platformVersion":"12","deviceScreenSize":"1080x1920","deviceScreenDensity":420,"deviceModel":"sdk_gphone64_x86_64","deviceManufacturer":"Google","pixelRatio":2.625,"statBarHeight":63,"viewportRect":{"left":0,"top":63,"width":1080,"height":1731}}}
2022-10-21 04:18:36:116 [HTTP] <-- POST /wd/hub/session 200 17634 ms - 1012
2022-10-21 04:18:36:116 [HTTP] 
2022-10-21 04:18:36:129 [HTTP] --> GET /wd/hub/session/c30b687f-96b8-455d-9b6c-6da02afa267c
2022-10-21 04:18:36:129 [HTTP] {}
2022-10-21 04:18:36:132 [W3C (c30b687f)] Calling AppiumDriver.getSession() with args: ["c30b687f-96b8-455d-9b6c-6da02afa267c"]
2022-10-21 04:18:36:133 [UiAutomator2] Getting session details from server to mix in
2022-10-21 04:18:36:133 [WD Proxy] Matched '/' to command name 'getSession'
2022-10-21 04:18:36:134 [WD Proxy] Proxying [GET /] to [GET http://127.0.0.1:8204/wd/hub/session/cde23ad7-c1db-4853-8343-6e46488c367c] with no body
2022-10-21 04:18:36:203 [WD Proxy] Got response with status 200: {"sessionId":"cde23ad7-c1db-4853-8343-6e46488c367c","value":{"lastScrollData":null}}
2022-10-21 04:18:36:204 [W3C (c30b687f)] Responding to client with driver.getSession() result: {"platform":"ANDROID","webStorageEnabled":false,"takesScreenshot":true,"javascriptEnabled":true,"databaseEnabled":false,"networkConnectionEnabled":true,"locationContextEnabled":false,"warnings":{},"desired":{"platformName":"android","platform":"ANDROID","app":"./src/main/java/resources/app-debug-3.8.0.apk","autoGrantPermissions":true,"automationName":"UiAutomator2","noReset":true,"udid":"emulator-5554"},"platformName":"android","app":"./src/main/java/resources/app-debug-3.8.0.apk","autoGrantPermissions":true,"automationName":"UiAutomator2","noReset":true,"udid":"emulator-5554","deviceName":"emulator-5554","deviceUDID":"emulator-5554","appPackage":"com.mandir","deviceApiLevel":31,"platformVersion":"12","deviceScreenSize":"1080x1920","deviceScreenDensity":420,"deviceModel":"sdk_gphone64_x86_64","deviceManufacturer":"Google","pixelRatio":2.625,"statBarHeight":63,"viewportRect":{"left":0,"top":63,"width":1080,"height":1731},"lastScrollData":null}
2022-10-21 04:18:36:207 [HTTP] <-- GET /wd/hub/session/c30b687f-96b8-455d-9b6c-6da02afa267c 200 76 ms - 966
2022-10-21 04:18:36:207 [HTTP] 
2022-10-21 04:18:36:215 [HTTP] --> GET /wd/hub/session/c30b687f-96b8-455d-9b6c-6da02afa267c
2022-10-21 04:18:36:216 [HTTP] {}
2022-10-21 04:18:36:218 [W3C (c30b687f)] Calling AppiumDriver.getSession() with args: ["c30b687f-96b8-455d-9b6c-6da02afa267c"]
2022-10-21 04:18:36:218 [UiAutomator2] Getting session details from server to mix in
2022-10-21 04:18:36:219 [WD Proxy] Matched '/' to command name 'getSession'
2022-10-21 04:18:36:219 [WD Proxy] Proxying [GET /] to [GET http://127.0.0.1:8204/wd/hub/session/cde23ad7-c1db-4853-8343-6e46488c367c] with no body
2022-10-21 04:18:36:248 [WD Proxy] Got response with status 200: {"sessionId":"cde23ad7-c1db-4853-8343-6e46488c367c","value":{"lastScrollData":null}}
2022-10-21 04:18:36:250 [W3C (c30b687f)] Responding to client with driver.getSession() result: {"platform":"ANDROID","webStorageEnabled":false,"takesScreenshot":true,"javascriptEnabled":true,"databaseEnabled":false,"networkConnectionEnabled":true,"locationContextEnabled":false,"warnings":{},"desired":{"platformName":"android","platform":"ANDROID","app":"./src/main/java/resources/app-debug-3.8.0.apk","autoGrantPermissions":true,"automationName":"UiAutomator2","noReset":true,"udid":"emulator-5554"},"platformName":"android","app":"./src/main/java/resources/app-debug-3.8.0.apk","autoGrantPermissions":true,"automationName":"UiAutomator2","noReset":true,"udid":"emulator-5554","deviceName":"emulator-5554","deviceUDID":"emulator-5554","appPackage":"com.mandir","deviceApiLevel":31,"platformVersion":"12","deviceScreenSize":"1080x1920","deviceScreenDensity":420,"deviceModel":"sdk_gphone64_x86_64","deviceManufacturer":"Google","pixelRatio":2.625,"statBarHeight":63,"viewportRect":{"left":0,"top":63,"width":1080,"height":1731},"lastScrollData":null}
2022-10-21 04:18:36:253 [HTTP] <-- GET /wd/hub/session/c30b687f-96b8-455d-9b6c-6da02afa267c 200 36 ms - 966
2022-10-21 04:18:36:253 [HTTP] 
2022-10-21 04:18:36:261 [HTTP] --> POST /wd/hub/session/c30b687f-96b8-455d-9b6c-6da02afa267c/timeouts
2022-10-21 04:18:36:261 [HTTP] {"implicit":10000}
2022-10-21 04:18:36:264 [W3C (c30b687f)] Calling AppiumDriver.timeouts() with args: [null,null,null,null,10000,"c30b687f-96b8-455d-9b6c-6da02afa267c"]
2022-10-21 04:18:36:264 [BaseDriver] W3C timeout argument: {"implicit":10000}}
2022-10-21 04:18:36:266 [BaseDriver] Set implicit wait to 10000ms
2022-10-21 04:18:36:267 [W3C (c30b687f)] Responding to client with driver.timeouts() result: null
2022-10-21 04:18:36:268 [HTTP] <-- POST /wd/hub/session/c30b687f-96b8-455d-9b6c-6da02afa267c/timeouts 200 6 ms - 14
2022-10-21 04:18:36:268 [HTTP] 
2022-10-21 04:18:36:281 [HTTP] --> POST /wd/hub/session/c30b687f-96b8-455d-9b6c-6da02afa267c/element
2022-10-21 04:18:36:282 [HTTP] {"using":"xpath","value":"//android.widget.TextView[@text='महाभंडार']"}
2022-10-21 04:18:36:289 [W3C (c30b687f)] Calling AppiumDriver.findElement() with args: ["xpath","//android.widget.TextView[@text='महाभंडार']","c30b687f-96b8-455d-9b6c-6da02afa267c"]
2022-10-21 04:18:36:290 [BaseDriver] Valid locator strategies for this request: xpath, id, class name, accessibility id, css selector, -android uiautomator
2022-10-21 04:18:36:290 [BaseDriver] Waiting up to 10000 ms for condition
2022-10-21 04:18:36:291 [WD Proxy] Matched '/element' to command name 'findElement'
2022-10-21 04:18:36:292 [WD Proxy] Proxying [POST /element] to [POST http://127.0.0.1:8204/wd/hub/session/cde23ad7-c1db-4853-8343-6e46488c367c/element] with body: {"strategy":"xpath","selector":"//android.widget.TextView[@text='महाभंडार']","context":"","multiple":false}
2022-10-21 04:18:40:125 [WD Proxy] Got response with status 404: {"sessionId":"cde23ad7-c1db-4853-8343-6e46488c367c","value":{"error":"no such element","message":"An element could not be located on the page using the given search parameters","stacktrace":"io.appium.uiautomator2.common.exceptions.ElementNotFoundException: An element could not be located on the page using the given search parameters\n\tat io.appium.uiautomator2.handler.FindElement.findElement(FindElement.java:90)\n\tat io.appium.uiautomator2.handler.FindElement.safeHandle(FindElement.java:67)\n\tat io.appium.uiautomator2.handler.request.SafeRequestHandler.handle(SafeRequestHandler.java:59)\n\tat io.appium.uiautomator2.server.AppiumServlet.handleRequest(AppiumServlet.java:266)\n\tat io.appium.uiautomator2.server.AppiumServlet.handleHttpRequest(AppiumServlet.java:260)\n\tat io.appium.uiautomator2.http.ServerHandler.channelRead(ServerHandler.java:68)\n\tat io.netty.channel.AbstractChannelHandlerContext.invokeChannelRead(AbstractChannelHandlerContext.java:366)\n\tat io.netty.channel.AbstractChannelHandlerCont...
2022-10-21 04:18:40:125 [W3C] Matched W3C error code 'no such element' to NoSuchElementError
2022-10-21 04:18:40:126 [BaseDriver] Waited for 3835 ms so far
2022-10-21 04:18:40:627 [WD Proxy] Matched '/element' to command name 'findElement'
2022-10-21 04:18:40:627 [WD Proxy] Proxying [POST /element] to [POST http://127.0.0.1:8204/wd/hub/session/cde23ad7-c1db-4853-8343-6e46488c367c/element] with body: {"strategy":"xpath","selector":"//android.widget.TextView[@text='महाभंडार']","context":"","multiple":false}
2022-10-21 04:18:46:215 [WD Proxy] Got response with status 200: {"sessionId":"cde23ad7-c1db-4853-8343-6e46488c367c","value":{"ELEMENT":"00000000-0000-0046-ffff-ffff00000031","element-6066-11e4-a52e-4f735466cecf":"00000000-0000-0046-ffff-ffff00000031"}}
2022-10-21 04:18:46:216 [W3C (c30b687f)] Responding to client with driver.findElement() result: {"element-6066-11e4-a52e-4f735466cecf":"00000000-0000-0046-ffff-ffff00000031","ELEMENT":"00000000-0000-0046-ffff-ffff00000031"}
2022-10-21 04:18:46:217 [HTTP] <-- POST /wd/hub/session/c30b687f-96b8-455d-9b6c-6da02afa267c/element 200 9935 ms - 137
2022-10-21 04:18:46:217 [HTTP] 
2022-10-21 04:18:46:222 [HTTP] --> GET /wd/hub/session/c30b687f-96b8-455d-9b6c-6da02afa267c/element/00000000-0000-0046-ffff-ffff00000031/displayed
2022-10-21 04:18:46:222 [HTTP] {}
2022-10-21 04:18:46:226 [W3C (c30b687f)] Calling AppiumDriver.elementDisplayed() with args: ["00000000-0000-0046-ffff-ffff00000031","c30b687f-96b8-455d-9b6c-6da02afa267c"]
2022-10-21 04:18:46:228 [WD Proxy] Matched '/element/00000000-0000-0046-ffff-ffff00000031/attribute/displayed' to command name 'getAttribute'
2022-10-21 04:18:46:228 [WD Proxy] Proxying [GET /element/00000000-0000-0046-ffff-ffff00000031/attribute/displayed] to [GET http://127.0.0.1:8204/wd/hub/session/cde23ad7-c1db-4853-8343-6e46488c367c/element/00000000-0000-0046-ffff-ffff00000031/attribute/displayed] with no body
2022-10-21 04:18:46:291 [WD Proxy] Got response with status 200: {"sessionId":"cde23ad7-c1db-4853-8343-6e46488c367c","value":"true"}
2022-10-21 04:18:46:292 [W3C (c30b687f)] Responding to client with driver.elementDisplayed() result: true
2022-10-21 04:18:46:293 [HTTP] <-- GET /wd/hub/session/c30b687f-96b8-455d-9b6c-6da02afa267c/element/00000000-0000-0046-ffff-ffff00000031/displayed 200 71 ms - 14
2022-10-21 04:18:46:293 [HTTP] 
2022-10-21 04:18:46:298 [HTTP] --> POST /wd/hub/session/c30b687f-96b8-455d-9b6c-6da02afa267c/element
2022-10-21 04:18:46:298 [HTTP] {"using":"xpath","value":"//android.widget.TextView[@text='महाभंडार']"}
2022-10-21 04:18:46:299 [W3C (c30b687f)] Calling AppiumDriver.findElement() with args: ["xpath","//android.widget.TextView[@text='महाभंडार']","c30b687f-96b8-455d-9b6c-6da02afa267c"]
2022-10-21 04:18:46:301 [BaseDriver] Valid locator strategies for this request: xpath, id, class name, accessibility id, css selector, -android uiautomator
2022-10-21 04:18:46:301 [BaseDriver] Waiting up to 10000 ms for condition
2022-10-21 04:18:46:301 [WD Proxy] Matched '/element' to command name 'findElement'
2022-10-21 04:18:46:302 [WD Proxy] Proxying [POST /element] to [POST http://127.0.0.1:8204/wd/hub/session/cde23ad7-c1db-4853-8343-6e46488c367c/element] with body: {"strategy":"xpath","selector":"//android.widget.TextView[@text='महाभंडार']","context":"","multiple":false}
2022-10-21 04:18:47:812 [WD Proxy] Got response with status 200: {"sessionId":"cde23ad7-c1db-4853-8343-6e46488c367c","value":{"ELEMENT":"00000000-0000-0046-ffff-ffff00000031","element-6066-11e4-a52e-4f735466cecf":"00000000-0000-0046-ffff-ffff00000031"}}
2022-10-21 04:18:47:812 [W3C (c30b687f)] Responding to client with driver.findElement() result: {"element-6066-11e4-a52e-4f735466cecf":"00000000-0000-0046-ffff-ffff00000031","ELEMENT":"00000000-0000-0046-ffff-ffff00000031"}
2022-10-21 04:18:47:814 [HTTP] <-- POST /wd/hub/session/c30b687f-96b8-455d-9b6c-6da02afa267c/element 200 1515 ms - 137
2022-10-21 04:18:47:814 [HTTP] 
2022-10-21 04:18:47:818 [HTTP] --> POST /wd/hub/session/c30b687f-96b8-455d-9b6c-6da02afa267c/element/00000000-0000-0046-ffff-ffff00000031/click
2022-10-21 04:18:47:818 [HTTP] {"id":"00000000-0000-0046-ffff-ffff00000031"}
2022-10-21 04:18:47:820 [W3C (c30b687f)] Calling AppiumDriver.click() with args: ["00000000-0000-0046-ffff-ffff00000031","c30b687f-96b8-455d-9b6c-6da02afa267c"]
2022-10-21 04:18:47:822 [WD Proxy] Matched '/element/00000000-0000-0046-ffff-ffff00000031/click' to command name 'click'
2022-10-21 04:18:47:822 [WD Proxy] Proxying [POST /element/00000000-0000-0046-ffff-ffff00000031/click] to [POST http://127.0.0.1:8204/wd/hub/session/cde23ad7-c1db-4853-8343-6e46488c367c/element/00000000-0000-0046-ffff-ffff00000031/click] with body: {"element":"00000000-0000-0046-ffff-ffff00000031"}
2022-10-21 04:18:47:963 [WD Proxy] Got response with status 200: {"sessionId":"cde23ad7-c1db-4853-8343-6e46488c367c","value":null}
2022-10-21 04:18:47:963 [W3C (c30b687f)] Responding to client with driver.click() result: null
2022-10-21 04:18:47:965 [HTTP] <-- POST /wd/hub/session/c30b687f-96b8-455d-9b6c-6da02afa267c/element/00000000-0000-0046-ffff-ffff00000031/click 200 146 ms - 14
2022-10-21 04:18:47:965 [HTTP] 
2022-10-21 04:18:47:970 [HTTP] --> POST /wd/hub/session/c30b687f-96b8-455d-9b6c-6da02afa267c/element
2022-10-21 04:18:47:971 [HTTP] {"using":"xpath","value":"//android.widget.TextView[@text='होरा']"}
2022-10-21 04:18:47:971 [W3C (c30b687f)] Calling AppiumDriver.findElement() with args: ["xpath","//android.widget.TextView[@text='होरा']","c30b687f-96b8-455d-9b6c-6da02afa267c"]
2022-10-21 04:18:47:972 [BaseDriver] Valid locator strategies for this request: xpath, id, class name, accessibility id, css selector, -android uiautomator
2022-10-21 04:18:47:973 [BaseDriver] Waiting up to 10000 ms for condition
2022-10-21 04:18:47:974 [WD Proxy] Matched '/element' to command name 'findElement'
2022-10-21 04:18:47:974 [WD Proxy] Proxying [POST /element] to [POST http://127.0.0.1:8204/wd/hub/session/cde23ad7-c1db-4853-8343-6e46488c367c/element] with body: {"strategy":"xpath","selector":"//android.widget.TextView[@text='होरा']","context":"","multiple":false}
2022-10-21 04:18:54:157 [WD Proxy] Got response with status 404: {"sessionId":"cde23ad7-c1db-4853-8343-6e46488c367c","value":{"error":"no such element","message":"An element could not be located on the page using the given search parameters","stacktrace":"io.appium.uiautomator2.common.exceptions.ElementNotFoundException: An element could not be located on the page using the given search parameters\n\tat io.appium.uiautomator2.handler.FindElement.findElement(FindElement.java:90)\n\tat io.appium.uiautomator2.handler.FindElement.safeHandle(FindElement.java:67)\n\tat io.appium.uiautomator2.handler.request.SafeRequestHandler.handle(SafeRequestHandler.java:59)\n\tat io.appium.uiautomator2.server.AppiumServlet.handleRequest(AppiumServlet.java:266)\n\tat io.appium.uiautomator2.server.AppiumServlet.handleHttpRequest(AppiumServlet.java:260)\n\tat io.appium.uiautomator2.http.ServerHandler.channelRead(ServerHandler.java:68)\n\tat io.netty.channel.AbstractChannelHandlerContext.invokeChannelRead(AbstractChannelHandlerContext.java:366)\n\tat io.netty.channel.AbstractChannelHandlerCont...
2022-10-21 04:18:54:157 [W3C] Matched W3C error code 'no such element' to NoSuchElementError
2022-10-21 04:18:54:158 [BaseDriver] Waited for 6185 ms so far
2022-10-21 04:18:54:666 [WD Proxy] Matched '/element' to command name 'findElement'
2022-10-21 04:18:54:666 [WD Proxy] Proxying [POST /element] to [POST http://127.0.0.1:8204/wd/hub/session/cde23ad7-c1db-4853-8343-6e46488c367c/element] with body: {"strategy":"xpath","selector":"//android.widget.TextView[@text='होरा']","context":"","multiple":false}
2022-10-21 04:18:55:537 [WD Proxy] Got response with status 200: {"sessionId":"cde23ad7-c1db-4853-8343-6e46488c367c","value":{"ELEMENT":"00000000-0000-0046-ffff-ffff00000185","element-6066-11e4-a52e-4f735466cecf":"00000000-0000-0046-ffff-ffff00000185"}}
2022-10-21 04:18:55:537 [W3C (c30b687f)] Responding to client with driver.findElement() result: {"element-6066-11e4-a52e-4f735466cecf":"00000000-0000-0046-ffff-ffff00000185","ELEMENT":"00000000-0000-0046-ffff-ffff00000185"}
2022-10-21 04:18:55:539 [HTTP] <-- POST /wd/hub/session/c30b687f-96b8-455d-9b6c-6da02afa267c/element 200 7568 ms - 137
2022-10-21 04:18:55:539 [HTTP] 
2022-10-21 04:18:55:543 [HTTP] --> GET /wd/hub/session/c30b687f-96b8-455d-9b6c-6da02afa267c/element/00000000-0000-0046-ffff-ffff00000185/displayed
2022-10-21 04:18:55:544 [HTTP] {}
2022-10-21 04:18:55:545 [W3C (c30b687f)] Calling AppiumDriver.elementDisplayed() with args: ["00000000-0000-0046-ffff-ffff00000185","c30b687f-96b8-455d-9b6c-6da02afa267c"]
2022-10-21 04:18:55:547 [WD Proxy] Matched '/element/00000000-0000-0046-ffff-ffff00000185/attribute/displayed' to command name 'getAttribute'
2022-10-21 04:18:55:547 [WD Proxy] Proxying [GET /element/00000000-0000-0046-ffff-ffff00000185/attribute/displayed] to [GET http://127.0.0.1:8204/wd/hub/session/cde23ad7-c1db-4853-8343-6e46488c367c/element/00000000-0000-0046-ffff-ffff00000185/attribute/displayed] with no body
2022-10-21 04:18:55:567 [WD Proxy] Got response with status 200: {"sessionId":"cde23ad7-c1db-4853-8343-6e46488c367c","value":"true"}
2022-10-21 04:18:55:568 [W3C (c30b687f)] Responding to client with driver.elementDisplayed() result: true
2022-10-21 04:18:55:569 [HTTP] <-- GET /wd/hub/session/c30b687f-96b8-455d-9b6c-6da02afa267c/element/00000000-0000-0046-ffff-ffff00000185/displayed 200 26 ms - 14
2022-10-21 04:18:55:569 [HTTP] 
2022-10-21 04:18:55:573 [HTTP] --> POST /wd/hub/session/c30b687f-96b8-455d-9b6c-6da02afa267c/element
2022-10-21 04:18:55:574 [HTTP] {"using":"xpath","value":"//android.widget.TextView[@text='होरा']"}
2022-10-21 04:18:55:574 [W3C (c30b687f)] Calling AppiumDriver.findElement() with args: ["xpath","//android.widget.TextView[@text='होरा']","c30b687f-96b8-455d-9b6c-6da02afa267c"]
2022-10-21 04:18:55:575 [BaseDriver] Valid locator strategies for this request: xpath, id, class name, accessibility id, css selector, -android uiautomator
2022-10-21 04:18:55:575 [BaseDriver] Waiting up to 10000 ms for condition
2022-10-21 04:18:55:576 [WD Proxy] Matched '/element' to command name 'findElement'
2022-10-21 04:18:55:576 [WD Proxy] Proxying [POST /element] to [POST http://127.0.0.1:8204/wd/hub/session/cde23ad7-c1db-4853-8343-6e46488c367c/element] with body: {"strategy":"xpath","selector":"//android.widget.TextView[@text='होरा']","context":"","multiple":false}
2022-10-21 04:18:56:609 [WD Proxy] Got response with status 200: {"sessionId":"cde23ad7-c1db-4853-8343-6e46488c367c","value":{"ELEMENT":"00000000-0000-0046-ffff-ffff00000185","element-6066-11e4-a52e-4f735466cecf":"00000000-0000-0046-ffff-ffff00000185"}}
2022-10-21 04:18:56:610 [W3C (c30b687f)] Responding to client with driver.findElement() result: {"element-6066-11e4-a52e-4f735466cecf":"00000000-0000-0046-ffff-ffff00000185","ELEMENT":"00000000-0000-0046-ffff-ffff00000185"}
2022-10-21 04:18:56:612 [HTTP] <-- POST /wd/hub/session/c30b687f-96b8-455d-9b6c-6da02afa267c/element 200 1038 ms - 137
2022-10-21 04:18:56:613 [HTTP] 
2022-10-21 04:18:56:620 [HTTP] --> POST /wd/hub/session/c30b687f-96b8-455d-9b6c-6da02afa267c/element/00000000-0000-0046-ffff-ffff00000185/click
2022-10-21 04:18:56:620 [HTTP] {"id":"00000000-0000-0046-ffff-ffff00000185"}
2022-10-21 04:18:56:621 [W3C (c30b687f)] Calling AppiumDriver.click() with args: ["00000000-0000-0046-ffff-ffff00000185","c30b687f-96b8-455d-9b6c-6da02afa267c"]
2022-10-21 04:18:56:623 [WD Proxy] Matched '/element/00000000-0000-0046-ffff-ffff00000185/click' to command name 'click'
2022-10-21 04:18:56:623 [WD Proxy] Proxying [POST /element/00000000-0000-0046-ffff-ffff00000185/click] to [POST http://127.0.0.1:8204/wd/hub/session/cde23ad7-c1db-4853-8343-6e46488c367c/element/00000000-0000-0046-ffff-ffff00000185/click] with body: {"element":"00000000-0000-0046-ffff-ffff00000185"}
2022-10-21 04:18:56:732 [WD Proxy] Got response with status 200: {"sessionId":"cde23ad7-c1db-4853-8343-6e46488c367c","value":null}
2022-10-21 04:18:56:733 [W3C (c30b687f)] Responding to client with driver.click() result: null
2022-10-21 04:18:56:734 [HTTP] <-- POST /wd/hub/session/c30b687f-96b8-455d-9b6c-6da02afa267c/element/00000000-0000-0046-ffff-ffff00000185/click 200 113 ms - 14
2022-10-21 04:18:56:734 [HTTP] 
2022-10-21 04:18:56:742 [HTTP] --> POST /wd/hub/session/c30b687f-96b8-455d-9b6c-6da02afa267c/element
2022-10-21 04:18:56:743 [HTTP] {"using":"id","value":"com.mandir:id/tv_hora_title"}
2022-10-21 04:18:56:744 [W3C (c30b687f)] Calling AppiumDriver.findElement() with args: ["id","com.mandir:id/tv_hora_title","c30b687f-96b8-455d-9b6c-6da02afa267c"]
2022-10-21 04:18:56:744 [BaseDriver] Valid locator strategies for this request: xpath, id, class name, accessibility id, css selector, -android uiautomator
2022-10-21 04:18:56:744 [BaseDriver] Waiting up to 10000 ms for condition
2022-10-21 04:18:56:745 [WD Proxy] Matched '/element' to command name 'findElement'
2022-10-21 04:18:56:745 [WD Proxy] Proxying [POST /element] to [POST http://127.0.0.1:8204/wd/hub/session/cde23ad7-c1db-4853-8343-6e46488c367c/element] with body: {"strategy":"id","selector":"com.mandir:id/tv_hora_title","context":"","multiple":false}
2022-10-21 04:19:02:835 [WD Proxy] Got response with status 200: {"sessionId":"cde23ad7-c1db-4853-8343-6e46488c367c","value":{"ELEMENT":"00000000-0000-0046-ffff-ffff00000511","element-6066-11e4-a52e-4f735466cecf":"00000000-0000-0046-ffff-ffff00000511"}}
2022-10-21 04:19:02:836 [W3C (c30b687f)] Responding to client with driver.findElement() result: {"element-6066-11e4-a52e-4f735466cecf":"00000000-0000-0046-ffff-ffff00000511","ELEMENT":"00000000-0000-0046-ffff-ffff00000511"}
2022-10-21 04:19:02:838 [HTTP] <-- POST /wd/hub/session/c30b687f-96b8-455d-9b6c-6da02afa267c/element 200 6096 ms - 137
2022-10-21 04:19:02:838 [HTTP] 
2022-10-21 04:19:02:844 [HTTP] --> POST /wd/hub/session/c30b687f-96b8-455d-9b6c-6da02afa267c/element
2022-10-21 04:19:02:844 [HTTP] {"using":"id","value":"com.mandir:id/tv_hora_title"}
2022-10-21 04:19:02:844 [W3C (c30b687f)] Calling AppiumDriver.findElement() with args: ["id","com.mandir:id/tv_hora_title","c30b687f-96b8-455d-9b6c-6da02afa267c"]
2022-10-21 04:19:02:844 [BaseDriver] Valid locator strategies for this request: xpath, id, class name, accessibility id, css selector, -android uiautomator
2022-10-21 04:19:02:845 [BaseDriver] Waiting up to 10000 ms for condition
2022-10-21 04:19:02:845 [WD Proxy] Matched '/element' to command name 'findElement'
2022-10-21 04:19:02:845 [WD Proxy] Proxying [POST /element] to [POST http://127.0.0.1:8204/wd/hub/session/cde23ad7-c1db-4853-8343-6e46488c367c/element] with body: {"strategy":"id","selector":"com.mandir:id/tv_hora_title","context":"","multiple":false}
2022-10-21 04:19:03:275 [WD Proxy] Got response with status 200: {"sessionId":"cde23ad7-c1db-4853-8343-6e46488c367c","value":{"ELEMENT":"00000000-0000-0046-ffff-ffff00000511","element-6066-11e4-a52e-4f735466cecf":"00000000-0000-0046-ffff-ffff00000511"}}
2022-10-21 04:19:03:276 [W3C (c30b687f)] Responding to client with driver.findElement() result: {"element-6066-11e4-a52e-4f735466cecf":"00000000-0000-0046-ffff-ffff00000511","ELEMENT":"00000000-0000-0046-ffff-ffff00000511"}
2022-10-21 04:19:03:277 [HTTP] <-- POST /wd/hub/session/c30b687f-96b8-455d-9b6c-6da02afa267c/element 200 433 ms - 137
2022-10-21 04:19:03:277 [HTTP] 
2022-10-21 04:19:03:279 [HTTP] --> GET /wd/hub/session/c30b687f-96b8-455d-9b6c-6da02afa267c/element/00000000-0000-0046-ffff-ffff00000511/displayed
2022-10-21 04:19:03:279 [HTTP] {}
2022-10-21 04:19:03:280 [W3C (c30b687f)] Calling AppiumDriver.elementDisplayed() with args: ["00000000-0000-0046-ffff-ffff00000511","c30b687f-96b8-455d-9b6c-6da02afa267c"]
2022-10-21 04:19:03:281 [WD Proxy] Matched '/element/00000000-0000-0046-ffff-ffff00000511/attribute/displayed' to command name 'getAttribute'
2022-10-21 04:19:03:281 [WD Proxy] Proxying [GET /element/00000000-0000-0046-ffff-ffff00000511/attribute/displayed] to [GET http://127.0.0.1:8204/wd/hub/session/cde23ad7-c1db-4853-8343-6e46488c367c/element/00000000-0000-0046-ffff-ffff00000511/attribute/displayed] with no body
2022-10-21 04:19:03:299 [WD Proxy] Got response with status 200: {"sessionId":"cde23ad7-c1db-4853-8343-6e46488c367c","value":"true"}
2022-10-21 04:19:03:299 [W3C (c30b687f)] Responding to client with driver.elementDisplayed() result: true
2022-10-21 04:19:03:300 [HTTP] <-- GET /wd/hub/session/c30b687f-96b8-455d-9b6c-6da02afa267c/element/00000000-0000-0046-ffff-ffff00000511/displayed 200 21 ms - 14
2022-10-21 04:19:03:300 [HTTP] 
2022-10-21 04:19:03:303 [HTTP] --> POST /wd/hub/session/c30b687f-96b8-455d-9b6c-6da02afa267c/element
2022-10-21 04:19:03:303 [HTTP] {"using":"id","value":"com.mandir:id/tv_hora_title"}
2022-10-21 04:19:03:304 [W3C (c30b687f)] Calling AppiumDriver.findElement() with args: ["id","com.mandir:id/tv_hora_title","c30b687f-96b8-455d-9b6c-6da02afa267c"]
2022-10-21 04:19:03:304 [BaseDriver] Valid locator strategies for this request: xpath, id, class name, accessibility id, css selector, -android uiautomator
2022-10-21 04:19:03:304 [BaseDriver] Waiting up to 10000 ms for condition
2022-10-21 04:19:03:305 [WD Proxy] Matched '/element' to command name 'findElement'
2022-10-21 04:19:03:305 [WD Proxy] Proxying [POST /element] to [POST http://127.0.0.1:8204/wd/hub/session/cde23ad7-c1db-4853-8343-6e46488c367c/element] with body: {"strategy":"id","selector":"com.mandir:id/tv_hora_title","context":"","multiple":false}
2022-10-21 04:19:03:637 [WD Proxy] Got response with status 200: {"sessionId":"cde23ad7-c1db-4853-8343-6e46488c367c","value":{"ELEMENT":"00000000-0000-0046-ffff-ffff00000511","element-6066-11e4-a52e-4f735466cecf":"00000000-0000-0046-ffff-ffff00000511"}}
2022-10-21 04:19:03:638 [W3C (c30b687f)] Responding to client with driver.findElement() result: {"element-6066-11e4-a52e-4f735466cecf":"00000000-0000-0046-ffff-ffff00000511","ELEMENT":"00000000-0000-0046-ffff-ffff00000511"}
2022-10-21 04:19:03:638 [HTTP] <-- POST /wd/hub/session/c30b687f-96b8-455d-9b6c-6da02afa267c/element 200 335 ms - 137
2022-10-21 04:19:03:639 [HTTP] 
2022-10-21 04:19:03:640 [HTTP] --> GET /wd/hub/session/c30b687f-96b8-455d-9b6c-6da02afa267c/element/00000000-0000-0046-ffff-ffff00000511/text
2022-10-21 04:19:03:640 [HTTP] {}
2022-10-21 04:19:03:642 [W3C (c30b687f)] Driver proxy active, passing request on via HTTP proxy
2022-10-21 04:19:03:642 [WD Proxy] Matched '/wd/hub/session/c30b687f-96b8-455d-9b6c-6da02afa267c/element/00000000-0000-0046-ffff-ffff00000511/text' to command name 'getText'
2022-10-21 04:19:03:642 [WD Proxy] Proxying [GET /wd/hub/session/c30b687f-96b8-455d-9b6c-6da02afa267c/element/00000000-0000-0046-ffff-ffff00000511/text] to [GET http://127.0.0.1:8204/wd/hub/session/cde23ad7-c1db-4853-8343-6e46488c367c/element/00000000-0000-0046-ffff-ffff00000511/text] with no body
2022-10-21 04:19:03:675 [WD Proxy] Got response with status 200: {"sessionId":"cde23ad7-c1db-4853-8343-6e46488c367c","value":"आज 21 अक्टूबर 2022 का होरा"}
2022-10-21 04:19:03:675 [WD Proxy] Replacing sessionId cde23ad7-c1db-4853-8343-6e46488c367c with c30b687f-96b8-455d-9b6c-6da02afa267c
2022-10-21 04:19:03:677 [HTTP] <-- GET /wd/hub/session/c30b687f-96b8-455d-9b6c-6da02afa267c/element/00000000-0000-0046-ffff-ffff00000511/text 200 36 ms - 119
2022-10-21 04:19:03:677 [HTTP] 
2022-10-21 04:19:03:844 [HTTP] --> POST /wd/hub/session/c30b687f-96b8-455d-9b6c-6da02afa267c/appium/app/close
2022-10-21 04:19:03:844 [HTTP] {}
2022-10-21 04:19:03:850 [W3C (c30b687f)] Calling AppiumDriver.closeApp() with args: ["c30b687f-96b8-455d-9b6c-6da02afa267c"]
2022-10-21 04:19:03:851 [ADB] Running 'C:\Users\Shilpa\AppData\Local\Android\Sdk\platform-tools\adb.exe -P 5037 -s emulator-5554 shell am force-stop com.mandir'
2022-10-21 04:19:04:168 [W3C (c30b687f)] Responding to client with driver.closeApp() result: null
2022-10-21 04:19:04:169 [HTTP] <-- POST /wd/hub/session/c30b687f-96b8-455d-9b6c-6da02afa267c/appium/app/close 200 325 ms - 14
2022-10-21 04:19:04:169 [HTTP] 
