2022-10-21 07:18:14:876 [Appium] Welcome to Appium v1.22.3
2022-10-21 07:18:14:877 [Appium] Non-default server args:
2022-10-21 07:18:14:878 [Appium]   address: 127.0.0.1
2022-10-21 07:18:14:878 [Appium]   port: 25738
2022-10-21 07:18:14:879 [Appium]   logFile: C:\Users\Shilpa\Documents\New_Sri_Mandir\SRI_MANDIR(Different languages)\.\ServerLogs\appiumSriMandirVerifySujav1.log
2022-10-21 07:18:14:916 [Appium] Appium REST http interface listener started on 127.0.0.1:25738
2022-10-21 07:18:15:067 [HTTP] --> GET /wd/hub/status
2022-10-21 07:18:15:068 [HTTP] {}
2022-10-21 07:18:15:071 [GENERIC] Calling AppiumDriver.getStatus() with args: []
2022-10-21 07:18:15:073 [GENERIC] Responding to client with driver.getStatus() result: {"build":{"version":"1.22.3"}}
2022-10-21 07:18:15:081 [HTTP] <-- GET /wd/hub/status 200 12 ms - 68
2022-10-21 07:18:15:082 [HTTP] 
2022-10-21 07:18:15:760 [HTTP] --> POST /wd/hub/session
2022-10-21 07:18:15:761 [HTTP] {"desiredCapabilities":{"app":"./src/main/java/resources/app-debug-3.8.0.apk","noReset":true,"automationName":"UiAutomator2","autoGrantPermissions":true,"platformName":"Android","udid":"emulator-5554","platform":"ANDROID"},"capabilities":{"firstMatch":[{"appium:app":"./src/main/java/resources/app-debug-3.8.0.apk","appium:autoGrantPermissions":true,"appium:automationName":"UiAutomator2","appium:noReset":true,"platform":"ANDROID","platformName":"android","appium:udid":"emulator-5554"}]}}
2022-10-21 07:18:15:762 [W3C] Calling AppiumDriver.createSession() with args: [{"app":"./src/main/java/resources/app-debug-3.8.0.apk","noReset":true,"automationName":"UiAutomator2","autoGrantPermissions":true,"platformName":"Android","udid":"emulator-5554","platform":"ANDROID"},null,{"firstMatch":[{"appium:app":"./src/main/java/resources/app-debug-3.8.0.apk","appium:autoGrantPermissions":true,"appium:automationName":"UiAutomator2","appium:noReset":true,"platform":"ANDROID","platformName":"android","appium:udid":"emulator-5554"}]}]
2022-10-21 07:18:15:764 [BaseDriver] Event 'newSessionRequested' logged at 1666336695763 (12:48:15 GMT+0530 (India Standard Time))
2022-10-21 07:18:15:769 [BaseDriver] The following capabilities are not standard capabilities and should have an extension prefix:
2022-10-21 07:18:15:769 [BaseDriver]   platform
2022-10-21 07:18:16:211 [Appium] Appium v1.22.3 creating new AndroidUiautomator2Driver (v1.70.1) session
2022-10-21 07:18:16:214 [BaseDriver] W3C capabilities and MJSONWP desired capabilities were provided
2022-10-21 07:18:16:214 [BaseDriver] Creating session with W3C capabilities: {
2022-10-21 07:18:16:214 [BaseDriver]   "alwaysMatch": {
2022-10-21 07:18:16:214 [BaseDriver]     "appium:platform": "ANDROID",
2022-10-21 07:18:16:215 [BaseDriver]     "platformName": "android",
2022-10-21 07:18:16:215 [BaseDriver]     "appium:app": "./src/main/java/resources/app-debug-3.8.0.apk",
2022-10-21 07:18:16:215 [BaseDriver]     "appium:autoGrantPermissions": true,
2022-10-21 07:18:16:215 [BaseDriver]     "appium:automationName": "UiAutomator2",
2022-10-21 07:18:16:215 [BaseDriver]     "appium:noReset": true,
2022-10-21 07:18:16:215 [BaseDriver]     "appium:udid": "emulator-5554"
2022-10-21 07:18:16:216 [BaseDriver]   },
2022-10-21 07:18:16:216 [BaseDriver]   "firstMatch": [
2022-10-21 07:18:16:216 [BaseDriver]     {}
2022-10-21 07:18:16:216 [BaseDriver]   ]
2022-10-21 07:18:16:216 [BaseDriver] }
2022-10-21 07:18:16:226 [BaseDriver] The following capabilities were provided, but are not recognized by Appium:
2022-10-21 07:18:16:226 [BaseDriver]   platform
2022-10-21 07:18:16:227 [BaseDriver] Session created with session id: 65817463-8658-4b51-91d6-2a2d024a44f9
2022-10-21 07:18:16:231 [BaseDriver] Using local app './src/main/java/resources/app-debug-3.8.0.apk'
2022-10-21 07:18:16:231 [BaseDriver] The current application path './src/main/java/resources/app-debug-3.8.0.apk' is not absolute and has been rewritten to 'C:\Users\Shilpa\Documents\New_Sri_Mandir\SRI_MANDIR(Different languages)\src\main\java\resources\app-debug-3.8.0.apk'. Consider using absolute paths rather than relative
2022-10-21 07:18:16:232 [UiAutomator2] Checking whether app is actually present
2022-10-21 07:18:16:266 [ADB] Found 2 'build-tools' folders under 'C:\Users\Shilpa\AppData\Local\Android\Sdk' (newest first):
2022-10-21 07:18:16:266 [ADB]     C:/Users/Shilpa/AppData/Local/Android/Sdk/build-tools/33.0.0
2022-10-21 07:18:16:266 [ADB]     C:/Users/Shilpa/AppData/Local/Android/Sdk/build-tools/30.0.3
2022-10-21 07:18:16:267 [ADB] Using 'adb.exe' from 'C:\Users\Shilpa\AppData\Local\Android\Sdk\platform-tools\adb.exe'
2022-10-21 07:18:16:268 [ADB] Running 'C:\Users\Shilpa\AppData\Local\Android\Sdk\platform-tools\adb.exe -P 5037 start-server'
2022-10-21 07:18:16:303 [AndroidDriver] Retrieving device list
2022-10-21 07:18:16:303 [ADB] Trying to find a connected android device
2022-10-21 07:18:16:304 [ADB] Getting connected devices
2022-10-21 07:18:16:332 [ADB] Connected devices: [{"udid":"emulator-5554","state":"device"}]
2022-10-21 07:18:16:333 [AndroidDriver] Using device: emulator-5554
2022-10-21 07:18:16:335 [ADB] Using 'adb.exe' from 'C:\Users\Shilpa\AppData\Local\Android\Sdk\platform-tools\adb.exe'
2022-10-21 07:18:16:335 [ADB] Running 'C:\Users\Shilpa\AppData\Local\Android\Sdk\platform-tools\adb.exe -P 5037 start-server'
2022-10-21 07:18:16:361 [ADB] Setting device id to emulator-5554
2022-10-21 07:18:16:362 [ADB] Running 'C:\Users\Shilpa\AppData\Local\Android\Sdk\platform-tools\adb.exe -P 5037 -s emulator-5554 shell getprop ro.build.version.sdk'
2022-10-21 07:18:16:434 [ADB] Current device property 'ro.build.version.sdk': 31
2022-10-21 07:18:16:434 [ADB] Getting device platform version
2022-10-21 07:18:16:435 [ADB] Running 'C:\Users\Shilpa\AppData\Local\Android\Sdk\platform-tools\adb.exe -P 5037 -s emulator-5554 shell getprop ro.build.version.release'
2022-10-21 07:18:16:497 [ADB] Current device property 'ro.build.version.release': 12
2022-10-21 07:18:16:497 [ADB] Device API level: 31
2022-10-21 07:18:16:497 [UiAutomator2] Relaxing hidden api policy
2022-10-21 07:18:16:498 [ADB] Running 'C:\Users\Shilpa\AppData\Local\Android\Sdk\platform-tools\adb.exe -P 5037 -s emulator-5554 shell 'settings put global hidden_api_policy_pre_p_apps 1;settings put global hidden_api_policy_p_apps 1;settings put global hidden_api_policy 1''
2022-10-21 07:18:16:653 [AndroidDriver] Parsing package and activity from app manifest
2022-10-21 07:18:16:702 [ADB] Package name: 'com.mandir'
2022-10-21 07:18:16:702 [ADB] Main activity name: 'com.mandir.ui.activity.SplashActivity'
2022-10-21 07:18:16:702 [AndroidDriver] Parsed package and activity are: com.mandir/com.mandir.ui.activity.SplashActivity
2022-10-21 07:18:16:703 [ADB] Running 'C:\Users\Shilpa\AppData\Local\Android\Sdk\platform-tools\adb.exe -P 5037 -s emulator-5554 wait-for-device'
2022-10-21 07:18:16:732 [ADB] Running 'C:\Users\Shilpa\AppData\Local\Android\Sdk\platform-tools\adb.exe -P 5037 -s emulator-5554 shell echo ping'
2022-10-21 07:18:16:774 [AndroidDriver] Pushing settings apk to device...
2022-10-21 07:18:16:775 [ADB] Getting install status for io.appium.settings
2022-10-21 07:18:16:775 [ADB] Running 'C:\Users\Shilpa\AppData\Local\Android\Sdk\platform-tools\adb.exe -P 5037 -s emulator-5554 shell dumpsys package io.appium.settings'
2022-10-21 07:18:17:696 [ADB] 'io.appium.settings' is installed
2022-10-21 07:18:17:697 [ADB] Getting package info for 'io.appium.settings'
2022-10-21 07:18:17:697 [ADB] Running 'C:\Users\Shilpa\AppData\Local\Android\Sdk\platform-tools\adb.exe -P 5037 -s emulator-5554 shell dumpsys package io.appium.settings'
2022-10-21 07:18:17:773 [ADB] The version name of the installed 'io.appium.settings' is greater or equal to the application version name ('3.4.0' >= '3.4.0')
2022-10-21 07:18:17:773 [ADB] There is no need to install/upgrade 'C:\Users\Shilpa\AppData\Roaming\npm\node_modules\appium\node_modules\io.appium.settings\apks\settings_apk-debug.apk'
2022-10-21 07:18:17:774 [ADB] Getting IDs of all 'io.appium.settings' processes
2022-10-21 07:18:17:774 [ADB] Running 'C:\Users\Shilpa\AppData\Local\Android\Sdk\platform-tools\adb.exe -P 5037 -s emulator-5554 shell 'pgrep --help; echo $?''
2022-10-21 07:18:17:860 [ADB] Running 'C:\Users\Shilpa\AppData\Local\Android\Sdk\platform-tools\adb.exe -P 5037 -s emulator-5554 shell pgrep -f \(\[\[:blank:\]\]\|\^\)io\.appium\.settings\(\[\[:blank:\]\]\|\$\)'
2022-10-21 07:18:17:941 [ADB] Getting IDs of all 'io.appium.settings' processes
2022-10-21 07:18:17:941 [ADB] Running 'C:\Users\Shilpa\AppData\Local\Android\Sdk\platform-tools\adb.exe -P 5037 -s emulator-5554 shell pgrep -f \(\[\[:blank:\]\]\|\^\)io\.appium\.settings\(\[\[:blank:\]\]\|\$\)'
2022-10-21 07:18:18:029 [ADB] Starting Appium Settings app
2022-10-21 07:18:18:031 [ADB] Running 'C:\Users\Shilpa\AppData\Local\Android\Sdk\platform-tools\adb.exe -P 5037 -s emulator-5554 shell am start -n io.appium.settings/.Settings -a android.intent.action.MAIN -c android.intent.category.LAUNCHER'
2022-10-21 07:18:18:308 [ADB] Getting IDs of all 'io.appium.settings' processes
2022-10-21 07:18:18:309 [ADB] Running 'C:\Users\Shilpa\AppData\Local\Android\Sdk\platform-tools\adb.exe -P 5037 -s emulator-5554 shell pgrep -f \(\[\[:blank:\]\]\|\^\)io\.appium\.settings\(\[\[:blank:\]\]\|\$\)'
2022-10-21 07:18:18:743 [ADB] Getting IDs of all 'io.appium.settings' processes
2022-10-21 07:18:18:743 [ADB] Running 'C:\Users\Shilpa\AppData\Local\Android\Sdk\platform-tools\adb.exe -P 5037 -s emulator-5554 shell pgrep -f \(\[\[:blank:\]\]\|\^\)io\.appium\.settings\(\[\[:blank:\]\]\|\$\)'
2022-10-21 07:18:19:159 [ADB] Getting IDs of all 'io.appium.settings' processes
2022-10-21 07:18:19:159 [ADB] Running 'C:\Users\Shilpa\AppData\Local\Android\Sdk\platform-tools\adb.exe -P 5037 -s emulator-5554 shell pgrep -f \(\[\[:blank:\]\]\|\^\)io\.appium\.settings\(\[\[:blank:\]\]\|\$\)'
2022-10-21 07:18:19:256 [Logcat] Starting logs capture with command: C:\\Users\\Shilpa\\AppData\\Local\\Android\\Sdk\\platform-tools\\adb.exe -P 5037 -s emulator-5554 logcat -v threadtime
2022-10-21 07:18:19:374 [UiAutomator2] Forwarding UiAutomator2 Server port 6790 to local port 8200
2022-10-21 07:18:19:375 [ADB] Forwarding system: 8200 to device: 6790
2022-10-21 07:18:19:375 [ADB] Running 'C:\Users\Shilpa\AppData\Local\Android\Sdk\platform-tools\adb.exe -P 5037 -s emulator-5554 forward tcp:8200 tcp:6790'
2022-10-21 07:18:19:410 [ADB] Getting install status for io.appium.uiautomator2.server
2022-10-21 07:18:19:411 [ADB] Running 'C:\Users\Shilpa\AppData\Local\Android\Sdk\platform-tools\adb.exe -P 5037 -s emulator-5554 shell dumpsys package io.appium.uiautomator2.server'
2022-10-21 07:18:19:614 [ADB] 'io.appium.uiautomator2.server' is installed
2022-10-21 07:18:19:614 [ADB] Getting package info for 'io.appium.uiautomator2.server'
2022-10-21 07:18:19:615 [ADB] Running 'C:\Users\Shilpa\AppData\Local\Android\Sdk\platform-tools\adb.exe -P 5037 -s emulator-5554 shell dumpsys package io.appium.uiautomator2.server'
2022-10-21 07:18:19:914 [ADB] The version name of the installed 'io.appium.uiautomator2.server' is greater or equal to the application version name ('4.27.0' >= '4.27.0')
2022-10-21 07:18:19:914 [UiAutomator2] io.appium.uiautomator2.server installation state: sameVersionInstalled
2022-10-21 07:18:19:915 [ADB] Checking app cert for C:\Users\Shilpa\AppData\Roaming\npm\node_modules\appium\node_modules\appium-uiautomator2-server\apks\appium-uiautomator2-server-v4.27.0.apk
2022-10-21 07:18:19:948 [ADB] Using 'apksigner.jar' from 'C:\Users\Shilpa\AppData\Local\Android\Sdk\build-tools\33.0.0\lib\apksigner.jar'
2022-10-21 07:18:19:950 [ADB] Starting apksigner: 'C:\\Program Files\\Java\\jdk1.8.0_291\\bin\\java.exe' -Xmx1024M -Xss1m -jar C:\\Users\\Shilpa\\AppData\\Local\\Android\\Sdk\\build-tools\\33.0.0\\lib\\apksigner.jar verify --print-certs C:\\Users\\Shilpa\\AppData\\Roaming\\npm\\node_modules\\appium\\node_modules\\appium-uiautomator2-server\\apks\\appium-uiautomator2-server-v4.27.0.apk
2022-10-21 07:18:21:461 [ADB] apksigner stdout: Signer #1 certificate DN: EMAILADDRESS=android@android.com, CN=Android, OU=Android, O=Android, L=Mountain View, ST=California, C=US
2022-10-21 07:18:21:461 [ADB] Signer #1 certificate SHA-256 digest: a40da80a59d170caa950cf15c18c454d47a39b26989d8b640ecd745ba71bf5dc
2022-10-21 07:18:21:461 [ADB] Signer #1 certificate SHA-1 digest: 61ed377e85d386a8dfee6b864bd85b0bfaa5af81
2022-10-21 07:18:21:461 [ADB] Signer #1 certificate MD5 digest: e89b158e4bcf988ebd09eb83f5378e87
2022-10-21 07:18:21:462 [ADB] 
2022-10-21 07:18:21:462 [ADB] sha256 hash did match for 'appium-uiautomator2-server-v4.27.0.apk'
2022-10-21 07:18:21:462 [ADB] 'C:\Users\Shilpa\AppData\Roaming\npm\node_modules\appium\node_modules\appium-uiautomator2-server\apks\appium-uiautomator2-server-v4.27.0.apk' is signed with the default certificate
2022-10-21 07:18:21:463 [ADB] Getting install status for io.appium.uiautomator2.server.test
2022-10-21 07:18:21:463 [ADB] Running 'C:\Users\Shilpa\AppData\Local\Android\Sdk\platform-tools\adb.exe -P 5037 -s emulator-5554 shell dumpsys package io.appium.uiautomator2.server.test'
2022-10-21 07:18:21:757 [ADB] 'io.appium.uiautomator2.server.test' is installed
2022-10-21 07:18:21:757 [ADB] Checking app cert for C:\Users\Shilpa\AppData\Roaming\npm\node_modules\appium\node_modules\appium-uiautomator2-server\apks\appium-uiautomator2-server-debug-androidTest.apk
2022-10-21 07:18:21:762 [ADB] Starting apksigner: 'C:\\Program Files\\Java\\jdk1.8.0_291\\bin\\java.exe' -Xmx1024M -Xss1m -jar C:\\Users\\Shilpa\\AppData\\Local\\Android\\Sdk\\build-tools\\33.0.0\\lib\\apksigner.jar verify --print-certs C:\\Users\\Shilpa\\AppData\\Roaming\\npm\\node_modules\\appium\\node_modules\\appium-uiautomator2-server\\apks\\appium-uiautomator2-server-debug-androidTest.apk
2022-10-21 07:18:22:401 [ADB] apksigner stdout: Signer #1 certificate DN: EMAILADDRESS=android@android.com, CN=Android, OU=Android, O=Android, L=Mountain View, ST=California, C=US
2022-10-21 07:18:22:401 [ADB] Signer #1 certificate SHA-256 digest: a40da80a59d170caa950cf15c18c454d47a39b26989d8b640ecd745ba71bf5dc
2022-10-21 07:18:22:401 [ADB] Signer #1 certificate SHA-1 digest: 61ed377e85d386a8dfee6b864bd85b0bfaa5af81
2022-10-21 07:18:22:402 [ADB] Signer #1 certificate MD5 digest: e89b158e4bcf988ebd09eb83f5378e87
2022-10-21 07:18:22:402 [ADB] 
2022-10-21 07:18:22:402 [ADB] sha256 hash did match for 'appium-uiautomator2-server-debug-androidTest.apk'
2022-10-21 07:18:22:402 [ADB] 'C:\Users\Shilpa\AppData\Roaming\npm\node_modules\appium\node_modules\appium-uiautomator2-server\apks\appium-uiautomator2-server-debug-androidTest.apk' is signed with the default certificate
2022-10-21 07:18:22:403 [UiAutomator2] Server packages are not going to be (re)installed
2022-10-21 07:18:22:407 [UiAutomator2] Waiting up to 30000ms for services to be available
2022-10-21 07:18:22:408 [ADB] Running 'C:\Users\Shilpa\AppData\Local\Android\Sdk\platform-tools\adb.exe -P 5037 -s emulator-5554 shell pm list instrumentation'
2022-10-21 07:18:22:529 [UiAutomator2] Instrumentation target 'io.appium.uiautomator2.server.test/androidx.test.runner.AndroidJUnitRunner' is available
2022-10-21 07:18:22:532 [ADB] Adding packages ["io.appium.settings","io.appium.uiautomator2.server","io.appium.uiautomator2.server.test"] to Doze whitelist
2022-10-21 07:18:22:533 [ADB] Got the following command chunks to execute: [["dumpsys","deviceidle","whitelist","+io.appium.settings",";","dumpsys","deviceidle","whitelist","+io.appium.uiautomator2.server",";","dumpsys","deviceidle","whitelist","+io.appium.uiautomator2.server.test",";"]]
2022-10-21 07:18:22:533 [ADB] Running 'C:\Users\Shilpa\AppData\Local\Android\Sdk\platform-tools\adb.exe -P 5037 -s emulator-5554 shell dumpsys deviceidle whitelist +io.appium.settings ; dumpsys deviceidle whitelist +io.appium.uiautomator2.server ; dumpsys deviceidle whitelist +io.appium.uiautomator2.server.test ;'
2022-10-21 07:18:22:840 [ADB] Checking app cert for C:\Users\Shilpa\Documents\New_Sri_Mandir\SRI_MANDIR(Different languages)\src\main\java\resources\app-debug-3.8.0.apk
2022-10-21 07:18:23:242 [ADB] Starting apksigner: 'C:\\Program Files\\Java\\jdk1.8.0_291\\bin\\java.exe' -Xmx1024M -Xss1m -jar C:\\Users\\Shilpa\\AppData\\Local\\Android\\Sdk\\build-tools\\33.0.0\\lib\\apksigner.jar verify --print-certs 'C:\\Users\\Shilpa\\Documents\\New_Sri_Mandir\\SRI_MANDIR(Different languages)\\src\\main\\java\\resources\\app-debug-3.8.0.apk'
2022-10-21 07:18:28:447 [ADB] apksigner stdout: Signer #1 certificate DN: C=US, O=Android, CN=Android Debug
2022-10-21 07:18:28:448 [ADB] Signer #1 certificate SHA-256 digest: ffe3f74dd4b99b12dd63d207a90d1eb840869ef6f0303daaab8485d82cc377d0
2022-10-21 07:18:28:448 [ADB] Signer #1 certificate SHA-1 digest: d61e3b86f3eece241d9e58fa90b8a2e151b8685a
2022-10-21 07:18:28:448 [ADB] Signer #1 certificate MD5 digest: c57e6882d4d2db60bf329c1ab6c9a33c
2022-10-21 07:18:28:448 [ADB] 
2022-10-21 07:18:28:448 [ADB] 'C:\Users\Shilpa\Documents\New_Sri_Mandir\SRI_MANDIR(Different languages)\src\main\java\resources\app-debug-3.8.0.apk' is signed with a non-default certificate
2022-10-21 07:18:28:449 [ADB] Getting install status for com.mandir
2022-10-21 07:18:28:449 [ADB] Running 'C:\Users\Shilpa\AppData\Local\Android\Sdk\platform-tools\adb.exe -P 5037 -s emulator-5554 shell dumpsys package com.mandir'
2022-10-21 07:18:28:798 [ADB] 'com.mandir' is installed
2022-10-21 07:18:28:798 [ADB] Getting package info for 'com.mandir'
2022-10-21 07:18:28:798 [ADB] Running 'C:\Users\Shilpa\AppData\Local\Android\Sdk\platform-tools\adb.exe -P 5037 -s emulator-5554 shell dumpsys package com.mandir'
2022-10-21 07:18:28:903 [ADB] The version name of the installed 'com.mandir' is greater or equal to the application version name ('3.7.5' >= '3.7.5')
2022-10-21 07:18:28:903 [ADB] There is no need to install/upgrade 'C:\Users\Shilpa\Documents\New_Sri_Mandir\SRI_MANDIR(Different languages)\src\main\java\resources\app-debug-3.8.0.apk'
2022-10-21 07:18:28:904 [UiAutomator2] Performing shallow cleanup of automation leftovers
2022-10-21 07:18:28:919 [UiAutomator2] No obsolete sessions have been detected (socket hang up)
2022-10-21 07:18:28:920 [ADB] Running 'C:\Users\Shilpa\AppData\Local\Android\Sdk\platform-tools\adb.exe -P 5037 -s emulator-5554 shell am force-stop io.appium.uiautomator2.server.test'
2022-10-21 07:18:28:999 [UiAutomator2] Starting UIAutomator2 server 4.27.0
2022-10-21 07:18:28:999 [UiAutomator2] Using UIAutomator2 server from 'C:\Users\Shilpa\AppData\Roaming\npm\node_modules\appium\node_modules\appium-uiautomator2-server\apks\appium-uiautomator2-server-v4.27.0.apk' and test from 'C:\Users\Shilpa\AppData\Roaming\npm\node_modules\appium\node_modules\appium-uiautomator2-server\apks\appium-uiautomator2-server-debug-androidTest.apk'
2022-10-21 07:18:28:999 [UiAutomator2] Waiting up to 30000ms for UiAutomator2 to be online...
2022-10-21 07:18:29:000 [ADB] Creating ADB subprocess with args: ["-P",5037,"-s","emulator-5554","shell","am","instrument","-w","-e","disableAnalytics",true,"io.appium.uiautomator2.server.test/androidx.test.runner.AndroidJUnitRunner"]
2022-10-21 07:18:29:017 [WD Proxy] Matched '/status' to command name 'getStatus'
2022-10-21 07:18:29:018 [WD Proxy] Proxying [GET /status] to [GET http://127.0.0.1:8200/wd/hub/status] with no body
2022-10-21 07:18:29:027 [WD Proxy] socket hang up
2022-10-21 07:18:30:029 [WD Proxy] Matched '/status' to command name 'getStatus'
2022-10-21 07:18:30:030 [WD Proxy] Proxying [GET /status] to [GET http://127.0.0.1:8200/wd/hub/status] with no body
2022-10-21 07:18:30:039 [WD Proxy] socket hang up
2022-10-21 07:18:31:041 [WD Proxy] Matched '/status' to command name 'getStatus'
2022-10-21 07:18:31:041 [WD Proxy] Proxying [GET /status] to [GET http://127.0.0.1:8200/wd/hub/status] with no body
2022-10-21 07:18:31:047 [WD Proxy] socket hang up
2022-10-21 07:18:32:053 [WD Proxy] Matched '/status' to command name 'getStatus'
2022-10-21 07:18:32:053 [WD Proxy] Proxying [GET /status] to [GET http://127.0.0.1:8200/wd/hub/status] with no body
2022-10-21 07:18:32:265 [WD Proxy] socket hang up
2022-10-21 07:18:32:272 [Instrumentation] io.appium.uiautomator2.server.test.AppiumUiAutomator2Server:
2022-10-21 07:18:33:277 [WD Proxy] Matched '/status' to command name 'getStatus'
2022-10-21 07:18:33:277 [WD Proxy] Proxying [GET /status] to [GET http://127.0.0.1:8200/wd/hub/status] with no body
2022-10-21 07:18:33:284 [WD Proxy] socket hang up
2022-10-21 07:18:34:289 [WD Proxy] Matched '/status' to command name 'getStatus'
2022-10-21 07:18:34:290 [WD Proxy] Proxying [GET /status] to [GET http://127.0.0.1:8200/wd/hub/status] with no body
2022-10-21 07:18:34:626 [WD Proxy] Got response with status 200: {"sessionId":"None","value":{"message":"UiAutomator2 Server is ready to accept commands","ready":true}}
2022-10-21 07:18:34:627 [UiAutomator2] The initialization of the instrumentation process took 5627ms
2022-10-21 07:18:34:627 [WD Proxy] Matched '/session' to command name 'createSession'
2022-10-21 07:18:34:627 [WD Proxy] Proxying [POST /session] to [POST http://127.0.0.1:8200/wd/hub/session] with body: {"capabilities":{"firstMatch":[{"platform":"ANDROID","webStorageEnabled":false,"takesScreenshot":true,"javascriptEnabled":true,"databaseEnabled":false,"networkConnectionEnabled":true,"locationContextEnabled":false,"warnings":{},"desired":{"platformName":"android","platform":"ANDROID","app":"./src/main/java/resources/app-debug-3.8.0.apk","autoGrantPermissions":true,"automationName":"UiAutomator2","noReset":true,"udid":"emulator-5554"},"platformName":"android","app":"./src/main/java/resources/app-debug-3.8.0.apk","autoGrantPermissions":true,"automationName":"UiAutomator2","noReset":true,"udid":"emulator-5554","deviceName":"emulator-5554","deviceUDID":"emulator-5554","appPackage":"com.mandir"}],"alwaysMatch":{}}}
2022-10-21 07:18:34:700 [WD Proxy] Got response with status 200: {"sessionId":"c2494fb7-bc48-45d5-a41d-7ae3600d4b31","value":{"capabilities":{"firstMatch":[{"platform":"ANDROID","webStorageEnabled":false,"takesScreenshot":true,"javascriptEnabled":true,"databaseEnabled":false,"networkConnectionEnabled":true,"locationContextEnabled":false,"warnings":{},"desired":{"platformName":"android","platform":"ANDROID","app":"./src/main/java/resources/app-debug-3.8.0.apk","autoGrantPermissions":true,"automationName":"UiAutomator2","noReset":true,"udid":"emulator-5554"},"platformName":"android","app":"./src/main/java/resources/app-debug-3.8.0.apk","autoGrantPermissions":true,"automationName":"UiAutomator2","noReset":true,"udid":"emulator-5554","deviceName":"emulator-5554","deviceUDID":"emulator-5554","appPackage":"com.mandir"}],"alwaysMatch":{}},"sessionId":"c2494fb7-bc48-45d5-a41d-7ae3600d4b31"}}
2022-10-21 07:18:34:700 [WD Proxy] Determined the downstream protocol as 'W3C'
2022-10-21 07:18:34:715 [WD Proxy] Proxying [GET /appium/device/info] to [GET http://127.0.0.1:8200/wd/hub/session/c2494fb7-bc48-45d5-a41d-7ae3600d4b31/appium/device/info] with no body
2022-10-21 07:18:34:816 [WD Proxy] Got response with status 200: {"sessionId":"c2494fb7-bc48-45d5-a41d-7ae3600d4b31","value":{"androidId":"b679943b0277a210","apiVersion":"31","bluetooth":{"state":"ON"},"brand":"google","carrierName":"T-Mobile","displayDensity":420,"locale":"en_US","manufacturer":"Google","model":"sdk_gphone64_x86_64","networks":[{"capabilities":{"SSID":null,"linkDownBandwidthKbps":4300,"linkUpstreamBandwidthKbps":1800,"networkCapabilities":"NET_CAPABILITY_MMS,NET_CAPABILITY_SUPL,NET_CAPABILITY_DUN,NET_CAPABILITY_FOTA,NET_CAPABILITY_IMS,NET_CAPABILITY_CBS,NET_CAPABILITY_INTERNET,NET_CAPABILITY_NOT_RESTRICTED,NET_CAPABILITY_TRUSTED,NET_CAPABILITY_NOT_VPN,NET_CAPABILITY_VALIDATED,NET_CAPABILITY_NOT_ROAMING,NET_CAPABILITY_FOREGROUND,NET_CAPABILITY_NOT_CONGESTED,NET_CAPABILITY_NOT_SUSPENDED","signalStrength":-2147483648,"transportTypes":"TRANSPORT_CELLULAR"},"detailedState":"CONNECTED","extraInfo":"epc.tmobile.com","isAvailable":true,"isConnected":true,"isFailover":false,"isRoaming":false,"state":"CONNECTED","subtype":10,"subtypeName":"HSPA","type":0,"typeNa...
2022-10-21 07:18:34:817 [ADB] Running 'C:\Users\Shilpa\AppData\Local\Android\Sdk\platform-tools\adb.exe -P 5037 -s emulator-5554 shell dumpsys window'
2022-10-21 07:18:35:086 [AndroidDriver] Screen already unlocked, doing nothing
2022-10-21 07:18:35:087 [UiAutomator2] Starting 'com.mandir/com.mandir.ui.activity.SplashActivity and waiting for 'com.mandir/com.mandir.ui.activity.SplashActivity'
2022-10-21 07:18:35:087 [ADB] Running 'C:\Users\Shilpa\AppData\Local\Android\Sdk\platform-tools\adb.exe -P 5037 -s emulator-5554 shell am start -W -n com.mandir/com.mandir.ui.activity.SplashActivity -S -a android.intent.action.MAIN -c android.intent.category.LAUNCHER -f 0x10200000'
2022-10-21 07:18:45:792 [ADB] Waiting up to 20000ms for activity matching pkg: 'com.mandir' and activity: 'com.mandir.ui.activity.SplashActivity' to be focused
2022-10-21 07:18:45:792 [ADB] Possible activities, to be checked: 'com.mandir.ui.activity.SplashActivity', 'com.mandir.com.mandir.ui.activity.SplashActivity'
2022-10-21 07:18:45:793 [ADB] Getting focused package and activity
2022-10-21 07:18:45:793 [ADB] Running 'C:\Users\Shilpa\AppData\Local\Android\Sdk\platform-tools\adb.exe -P 5037 -s emulator-5554 shell dumpsys window displays'
2022-10-21 07:18:45:884 [ADB] Found package: 'com.mandir' and fully qualified activity name : 'com.mandir.ui.activity.SplashActivity'
2022-10-21 07:18:45:905 [WD Proxy] Proxying [GET /appium/device/pixel_ratio] to [GET http://127.0.0.1:8200/wd/hub/session/c2494fb7-bc48-45d5-a41d-7ae3600d4b31/appium/device/pixel_ratio] with no body
2022-10-21 07:18:45:924 [WD Proxy] Got response with status 200: {"sessionId":"c2494fb7-bc48-45d5-a41d-7ae3600d4b31","value":2.625}
2022-10-21 07:18:45:925 [WD Proxy] Matched '/appium/device/system_bars' to command name 'getSystemBars'
2022-10-21 07:18:45:926 [WD Proxy] Proxying [GET /appium/device/system_bars] to [GET http://127.0.0.1:8200/wd/hub/session/c2494fb7-bc48-45d5-a41d-7ae3600d4b31/appium/device/system_bars] with no body
2022-10-21 07:18:45:942 [WD Proxy] Got response with status 200: {"sessionId":"c2494fb7-bc48-45d5-a41d-7ae3600d4b31","value":{"statusBar":63}}
2022-10-21 07:18:45:943 [WD Proxy] Matched '/window/current/size' to command name 'getWindowSize'
2022-10-21 07:18:45:944 [WD Proxy] Proxying [GET /window/current/size] to [GET http://127.0.0.1:8200/wd/hub/session/c2494fb7-bc48-45d5-a41d-7ae3600d4b31/window/current/size] with no body
2022-10-21 07:18:45:974 [WD Proxy] Got response with status 200: {"sessionId":"c2494fb7-bc48-45d5-a41d-7ae3600d4b31","value":{"height":1794,"width":1080}}
2022-10-21 07:18:45:976 [Appium] New AndroidUiautomator2Driver session created successfully, session 65817463-8658-4b51-91d6-2a2d024a44f9 added to master session list
2022-10-21 07:18:45:977 [BaseDriver] Event 'newSessionStarted' logged at 1666336725977 (12:48:45 GMT+0530 (India Standard Time))
2022-10-21 07:18:45:978 [W3C (65817463)] Cached the protocol value 'W3C' for the new session 65817463-8658-4b51-91d6-2a2d024a44f9
2022-10-21 07:18:45:979 [W3C (65817463)] Responding to client with driver.createSession() result: {"capabilities":{"platform":"ANDROID","webStorageEnabled":false,"takesScreenshot":true,"javascriptEnabled":true,"databaseEnabled":false,"networkConnectionEnabled":true,"locationContextEnabled":false,"warnings":{},"desired":{"platformName":"android","platform":"ANDROID","app":"./src/main/java/resources/app-debug-3.8.0.apk","autoGrantPermissions":true,"automationName":"UiAutomator2","noReset":true,"udid":"emulator-5554"},"platformName":"android","app":"./src/main/java/resources/app-debug-3.8.0.apk","autoGrantPermissions":true,"automationName":"UiAutomator2","noReset":true,"udid":"emulator-5554","deviceName":"emulator-5554","deviceUDID":"emulator-5554","appPackage":"com.mandir","deviceApiLevel":31,"platformVersion":"12","deviceScreenSize":"1080x1920","deviceScreenDensity":420,"deviceModel":"sdk_gphone64_x86_64","deviceManufacturer":"Google","pixelRatio":2.625,"statBarHeight":63,"viewportRect":{"left":0,"top":63,"width":1080,"height":1731}}}
2022-10-21 07:18:45:984 [HTTP] <-- POST /wd/hub/session 200 30221 ms - 1012
2022-10-21 07:18:45:985 [HTTP] 
2022-10-21 07:18:46:065 [HTTP] --> GET /wd/hub/session/65817463-8658-4b51-91d6-2a2d024a44f9
2022-10-21 07:18:46:065 [HTTP] {}
2022-10-21 07:18:46:067 [W3C (65817463)] Calling AppiumDriver.getSession() with args: ["65817463-8658-4b51-91d6-2a2d024a44f9"]
2022-10-21 07:18:46:068 [UiAutomator2] Getting session details from server to mix in
2022-10-21 07:18:46:069 [WD Proxy] Matched '/' to command name 'getSession'
2022-10-21 07:18:46:069 [WD Proxy] Proxying [GET /] to [GET http://127.0.0.1:8200/wd/hub/session/c2494fb7-bc48-45d5-a41d-7ae3600d4b31] with no body
2022-10-21 07:18:46:107 [WD Proxy] Got response with status 200: {"sessionId":"c2494fb7-bc48-45d5-a41d-7ae3600d4b31","value":{"lastScrollData":null}}
2022-10-21 07:18:46:108 [W3C (65817463)] Responding to client with driver.getSession() result: {"platform":"ANDROID","webStorageEnabled":false,"takesScreenshot":true,"javascriptEnabled":true,"databaseEnabled":false,"networkConnectionEnabled":true,"locationContextEnabled":false,"warnings":{},"desired":{"platformName":"android","platform":"ANDROID","app":"./src/main/java/resources/app-debug-3.8.0.apk","autoGrantPermissions":true,"automationName":"UiAutomator2","noReset":true,"udid":"emulator-5554"},"platformName":"android","app":"./src/main/java/resources/app-debug-3.8.0.apk","autoGrantPermissions":true,"automationName":"UiAutomator2","noReset":true,"udid":"emulator-5554","deviceName":"emulator-5554","deviceUDID":"emulator-5554","appPackage":"com.mandir","deviceApiLevel":31,"platformVersion":"12","deviceScreenSize":"1080x1920","deviceScreenDensity":420,"deviceModel":"sdk_gphone64_x86_64","deviceManufacturer":"Google","pixelRatio":2.625,"statBarHeight":63,"viewportRect":{"left":0,"top":63,"width":1080,"height":1731},"lastScrollData":null}
2022-10-21 07:18:46:110 [HTTP] <-- GET /wd/hub/session/65817463-8658-4b51-91d6-2a2d024a44f9 200 44 ms - 966
2022-10-21 07:18:46:110 [HTTP] 
2022-10-21 07:18:46:117 [HTTP] --> GET /wd/hub/session/65817463-8658-4b51-91d6-2a2d024a44f9
2022-10-21 07:18:46:117 [HTTP] {}
2022-10-21 07:18:46:118 [W3C (65817463)] Calling AppiumDriver.getSession() with args: ["65817463-8658-4b51-91d6-2a2d024a44f9"]
2022-10-21 07:18:46:118 [UiAutomator2] Getting session details from server to mix in
2022-10-21 07:18:46:119 [WD Proxy] Matched '/' to command name 'getSession'
2022-10-21 07:18:46:119 [WD Proxy] Proxying [GET /] to [GET http://127.0.0.1:8200/wd/hub/session/c2494fb7-bc48-45d5-a41d-7ae3600d4b31] with no body
2022-10-21 07:18:46:137 [WD Proxy] Got response with status 200: {"sessionId":"c2494fb7-bc48-45d5-a41d-7ae3600d4b31","value":{"lastScrollData":null}}
2022-10-21 07:18:46:138 [W3C (65817463)] Responding to client with driver.getSession() result: {"platform":"ANDROID","webStorageEnabled":false,"takesScreenshot":true,"javascriptEnabled":true,"databaseEnabled":false,"networkConnectionEnabled":true,"locationContextEnabled":false,"warnings":{},"desired":{"platformName":"android","platform":"ANDROID","app":"./src/main/java/resources/app-debug-3.8.0.apk","autoGrantPermissions":true,"automationName":"UiAutomator2","noReset":true,"udid":"emulator-5554"},"platformName":"android","app":"./src/main/java/resources/app-debug-3.8.0.apk","autoGrantPermissions":true,"automationName":"UiAutomator2","noReset":true,"udid":"emulator-5554","deviceName":"emulator-5554","deviceUDID":"emulator-5554","appPackage":"com.mandir","deviceApiLevel":31,"platformVersion":"12","deviceScreenSize":"1080x1920","deviceScreenDensity":420,"deviceModel":"sdk_gphone64_x86_64","deviceManufacturer":"Google","pixelRatio":2.625,"statBarHeight":63,"viewportRect":{"left":0,"top":63,"width":1080,"height":1731},"lastScrollData":null}
2022-10-21 07:18:46:139 [HTTP] <-- GET /wd/hub/session/65817463-8658-4b51-91d6-2a2d024a44f9 200 22 ms - 966
2022-10-21 07:18:46:139 [HTTP] 
2022-10-21 07:18:46:153 [HTTP] --> POST /wd/hub/session/65817463-8658-4b51-91d6-2a2d024a44f9/timeouts
2022-10-21 07:18:46:153 [HTTP] {"implicit":10000}
2022-10-21 07:18:46:156 [W3C (65817463)] Calling AppiumDriver.timeouts() with args: [null,null,null,null,10000,"65817463-8658-4b51-91d6-2a2d024a44f9"]
2022-10-21 07:18:46:156 [BaseDriver] W3C timeout argument: {"implicit":10000}}
2022-10-21 07:18:46:157 [BaseDriver] Set implicit wait to 10000ms
2022-10-21 07:18:46:157 [W3C (65817463)] Responding to client with driver.timeouts() result: null
2022-10-21 07:18:46:159 [HTTP] <-- POST /wd/hub/session/65817463-8658-4b51-91d6-2a2d024a44f9/timeouts 200 5 ms - 14
2022-10-21 07:18:46:159 [HTTP] 
2022-10-21 07:18:46:228 [HTTP] --> POST /wd/hub/session/65817463-8658-4b51-91d6-2a2d024a44f9/element
2022-10-21 07:18:46:229 [HTTP] {"using":"xpath","value":"//android.widget.TextView[@text='महाभंडार']"}
2022-10-21 07:18:46:233 [W3C (65817463)] Calling AppiumDriver.findElement() with args: ["xpath","//android.widget.TextView[@text='महाभंडार']","65817463-8658-4b51-91d6-2a2d024a44f9"]
2022-10-21 07:18:46:234 [BaseDriver] Valid locator strategies for this request: xpath, id, class name, accessibility id, css selector, -android uiautomator
2022-10-21 07:18:46:234 [BaseDriver] Waiting up to 10000 ms for condition
2022-10-21 07:18:46:237 [WD Proxy] Matched '/element' to command name 'findElement'
2022-10-21 07:18:46:237 [WD Proxy] Proxying [POST /element] to [POST http://127.0.0.1:8200/wd/hub/session/c2494fb7-bc48-45d5-a41d-7ae3600d4b31/element] with body: {"strategy":"xpath","selector":"//android.widget.TextView[@text='महाभंडार']","context":"","multiple":false}
2022-10-21 07:19:02:723 [WD Proxy] Got response with status 404: {"sessionId":"c2494fb7-bc48-45d5-a41d-7ae3600d4b31","value":{"error":"no such element","message":"An element could not be located on the page using the given search parameters","stacktrace":"io.appium.uiautomator2.common.exceptions.ElementNotFoundException: An element could not be located on the page using the given search parameters\n\tat io.appium.uiautomator2.handler.FindElement.findElement(FindElement.java:90)\n\tat io.appium.uiautomator2.handler.FindElement.safeHandle(FindElement.java:67)\n\tat io.appium.uiautomator2.handler.request.SafeRequestHandler.handle(SafeRequestHandler.java:59)\n\tat io.appium.uiautomator2.server.AppiumServlet.handleRequest(AppiumServlet.java:266)\n\tat io.appium.uiautomator2.server.AppiumServlet.handleHttpRequest(AppiumServlet.java:260)\n\tat io.appium.uiautomator2.http.ServerHandler.channelRead(ServerHandler.java:68)\n\tat io.netty.channel.AbstractChannelHandlerContext.invokeChannelRead(AbstractChannelHandlerContext.java:366)\n\tat io.netty.channel.AbstractChannelHandlerCont...
2022-10-21 07:19:02:724 [W3C] Matched W3C error code 'no such element' to NoSuchElementError
2022-10-21 07:19:02:777 [W3C (65817463)] Encountered internal error running command: NoSuchElementError: An element could not be located on the page using the given search parameters.
2022-10-21 07:19:02:777 [W3C (65817463)]     at AndroidUiautomator2Driver.findElOrEls (C:\Users\Shilpa\AppData\Roaming\npm\node_modules\appium\node_modules\appium-android-driver\lib\commands\find.js:75:11)
2022-10-21 07:19:02:778 [W3C (65817463)]     at processTicksAndRejections (node:internal/process/task_queues:96:5)
2022-10-21 07:19:02:778 [W3C (65817463)]     at AndroidUiautomator2Driver.findElOrElsWithProcessing (C:\Users\Shilpa\AppData\Roaming\npm\node_modules\appium\node_modules\appium-base-driver\lib\basedriver\commands\find.js:33:12)
2022-10-21 07:19:02:778 [W3C (65817463)]     at AndroidUiautomator2Driver.findElement (C:\Users\Shilpa\AppData\Roaming\npm\node_modules\appium\node_modules\appium-base-driver\lib\basedriver\commands\find.js:53:10)
2022-10-21 07:19:02:780 [HTTP] <-- POST /wd/hub/session/65817463-8658-4b51-91d6-2a2d024a44f9/element 404 16551 ms - 883
2022-10-21 07:19:02:780 [HTTP] 
2022-10-21 07:19:02:806 [HTTP] --> GET /wd/hub/session/65817463-8658-4b51-91d6-2a2d024a44f9/screenshot
2022-10-21 07:19:02:806 [HTTP] {}
2022-10-21 07:19:02:809 [W3C (65817463)] Calling AppiumDriver.getScreenshot() with args: ["65817463-8658-4b51-91d6-2a2d024a44f9"]
2022-10-21 07:19:02:810 [WD Proxy] Matched '/screenshot' to command name 'getScreenshot'
2022-10-21 07:19:02:811 [WD Proxy] Proxying [GET /screenshot] to [GET http://127.0.0.1:8200/wd/hub/session/c2494fb7-bc48-45d5-a41d-7ae3600d4b31/screenshot] with no body
2022-10-21 07:19:05:946 [WD Proxy] Got response with status 200: {"sessionId":"c2494fb7-bc48-45d5-a41d-7ae3600d4b31","value":"iVBORw0KGgoAAAANSUhEUgAABDgAAAeACAYAAAArYecKAAAAAXNSR0IArs4c6QAAAARzQklUCAgI\nCHwIZIgAACAASURBVHic7L15dGRZXt/5uW+LfdGulDKVmZVLZWXX0lXVW7kXF8fD1vRgevAAHsAc\nTNvYHKZ7GNvHHp/BC+ClPYMPjDkG2ywzBo8xmGkMxhjoNt30WlRXVdeWnVW5KVNK7UtIsUe89+78\nISlTiowXb4n3IkJKfc+pytCLu9/f/d3f/f5+94W48SuGpFcQHtO1tshrvtb0YfRsf90t5QnhUI1T\nveLBIt2y+e36oYPAe8e7lQsv6EUdreX7kVMn2XYbLz9C11qul3KOsYNux2ovfxjj3FpGUH3oZS22\nS98pjds4RVGn332hXXov8+KW3ul7P89d9piOaZzShw2/OsopjVvZnXRbr8ejtV1hW1d+++OnPC9l\n+l2Xbnn95O+2frcye2cJPxxoXX/7n++hk/3Xj/nwa4R3St9J/wS117zAy94Qdt6Q5ko6/rHbjAj3\nKy+mg588jgk76fBe2Np+bYew7Mh2ZQTlBDzm1TwW31sM0iHKYTL3L7QHdLEP5ey0B7g2SUa72ENB\n2MbIoPc3auyXKzcZc/ruePyjhZ8xCnqAdsrbirAMxH4ZmkHkrdO66FU/9rfBa51e2twPoz/IgdcP\nWnWaU729OoSG4VzxO/dB0UkeojSOg5YdlmEcdt+OiY3w0a3eOwpoldNe2E9+xrOd3eGnjREQUx2r\n74P9GSqxsf+ZU8F+7ccw149bWVHsyV71ecC+Kv6zHAJI+q84HSYtyPlnP+S9/x1SdMPY9QLC4XPU\ndQVJ61f7+h3TXo7FMbxj0OfFj6c8rPYf5iijfhMyTvBSf1hRBL3wEHYyKsOILugH/OwLQcvrhEHx\nsjvhsOmCo4CwSPd+zJ1fUiKK...
2022-10-21 07:19:05:960 [W3C (65817463)] Responding to client with driver.getScreenshot() result: "iVBORw0KGgoAAAANSUhEUgAABDgAAAeACAYAAAArYecKAAAAAXNSR0IArs4c6QAAAARzQklUCAgI\nCHwIZIgAACAASURBVHic7L15dGRZXt/5uW+LfdGulDKVmZVLZWXX0lXVW7kXF8fD1vRgevAAHsAc\nTNvYHKZ7GNvHHp/BC+ClPYMPjDkG2ywzBo8xmGkMxhjoNt30WlRXVdeWnVW5KVNK7UtIsUe89+78\nISlTiowXb4n3IkJKfc+pytCLu9/f/d3f/f5+94W48SuGpFcQHtO1tshrvtb0YfRsf90t5QnhUI1T\nveLBIt2y+e36oYPAe8e7lQsv6EUdreX7kVMn2XYbLz9C11qul3KOsYNux2ovfxjj3FpGUH3oZS22\nS98pjds4RVGn332hXXov8+KW3ul7P89d9piOaZzShw2/OsopjVvZnXRbr8ejtV1hW1d+++OnPC9l\n+l2Xbnn95O+2frcye2cJPxxoXX/7n++hk/3Xj/nwa4R3St9J/wS117zAy94Qdt6Q5ko6/rHbjAj3\nKy+mg588jgk76fBe2Np+bYew7Mh2ZQTlBDzm1TwW31sM0iHKYTL3L7QHdLEP5ey0B7g2SUa72ENB\n2MbIoPc3auyXKzcZc/ruePyjhZ8xCnqAdsrbirAMxH4ZmkHkrdO66FU/9rfBa51e2twPoz/IgdcP\nWnWaU729OoSG4VzxO/dB0UkeojSOg5YdlmEcdt+OiY3w0a3eOwpoldNe2E9+xrOd3eGnjREQUx2r\n74P9GSqxsf+ZU8F+7ccw149bWVHsyV71ecC+Kv6zHAJI+q84HSYtyPlnP+S9/x1SdMPY9QLC4XPU\ndQVJ61f7+h3TXo7FMbxj0OfFj6c8rPYf5iijfhMyTvBSf1hRBL3wEHYyKsOILugH/OwLQcvrhEHx\nsjvhsOmCo4CwSPd+zJ1fUiKKNvaCQOwUORC0rrDHYr9ePozkRreVD5Lu6kT8B3VEdZPHY/7gERx+\nw7YGBe...
2022-10-21 07:19:05:980 [HTTP] <-- GET /wd/hub/session/65817463-8658-4b51-91d6-2a2d024a44f9/screenshot 200 3170 ms - 2145308
2022-10-21 07:19:05:980 [HTTP] 
2022-10-21 07:19:06:220 [HTTP] --> POST /wd/hub/session/65817463-8658-4b51-91d6-2a2d024a44f9/appium/app/close
2022-10-21 07:19:06:220 [HTTP] {}
2022-10-21 07:19:06:230 [W3C (65817463)] Calling AppiumDriver.closeApp() with args: ["65817463-8658-4b51-91d6-2a2d024a44f9"]
2022-10-21 07:19:06:230 [ADB] Running 'C:\Users\Shilpa\AppData\Local\Android\Sdk\platform-tools\adb.exe -P 5037 -s emulator-5554 shell am force-stop com.mandir'
2022-10-21 07:19:06:981 [W3C (65817463)] Responding to client with driver.closeApp() result: null
2022-10-21 07:19:06:982 [HTTP] <-- POST /wd/hub/session/65817463-8658-4b51-91d6-2a2d024a44f9/appium/app/close 200 762 ms - 14
2022-10-21 07:19:06:982 [HTTP] 
