2022-09-28 17:14:55:069 [Appium] Welcome to Appium v1.22.3
2022-09-28 17:14:55:075 [Appium] Non-default server args:
2022-09-28 17:14:55:076 [Appium]   address: 127.0.0.1
2022-09-28 17:14:55:077 [Appium]   port: 29443
2022-09-28 17:14:55:078 [Appium]   logFile: C:\Users\Santhruptha\git\repository3\SRI_MANDIR\.\ServerLogs\appiumSriMandirverifyThatUserIsNavigatedToSangeethSangrahaScreenonClickingSangeeThtabFromThebottomNavigationBar.log
2022-09-28 17:14:55:166 [Appium] Appium REST http interface listener started on 127.0.0.1:29443
2022-09-28 17:14:55:503 [HTTP] --> GET /wd/hub/status
2022-09-28 17:14:55:504 [HTTP] {}
2022-09-28 17:14:55:509 [GENERIC] Calling AppiumDriver.getStatus() with args: []
2022-09-28 17:14:55:512 [GENERIC] Responding to client with driver.getStatus() result: {"build":{"version":"1.22.3"}}
2022-09-28 17:14:55:534 [HTTP] <-- GET /wd/hub/status 200 23 ms - 68
2022-09-28 17:14:55:535 [HTTP] 
2022-09-28 17:14:56:896 [HTTP] --> POST /wd/hub/session
2022-09-28 17:14:56:897 [HTTP] {"desiredCapabilities":{"app":"./src/main/java/resources/app-debug-permission-check-fix.apk","noReset":true,"automationName":"UiAutomator2","autoGrantPermissions":true,"platformName":"Android","udid":"emulator-5554","platform":"ANDROID"},"capabilities":{"firstMatch":[{"appium:app":"./src/main/java/resources/app-debug-permission-check-fix.apk","appium:autoGrantPermissions":true,"appium:automationName":"UiAutomator2","appium:noReset":true,"platform":"ANDROID","platformName":"android","appium:udid":"emulator-5554"}]}}
2022-09-28 17:14:56:898 [W3C] Calling AppiumDriver.createSession() with args: [{"app":"./src/main/java/resources/app-debug-permission-check-fix.apk","noReset":true,"automationName":"UiAutomator2","autoGrantPermissions":true,"platformName":"Android","udid":"emulator-5554","platform":"ANDROID"},null,{"firstMatch":[{"appium:app":"./src/main/java/resources/app-debug-permission-check-fix.apk","appium:autoGrantPermissions":true,"appium:automationName":"UiAutomator2","appium:noReset":true,"platform":"ANDROID","platformName":"android","appium:udid":"emulator-5554"}]}]
2022-09-28 17:14:56:907 [BaseDriver] Event 'newSessionRequested' logged at 1664385296899 (22:44:56 GMT+0530 (India Standard Time))
2022-09-28 17:14:56:914 [BaseDriver] The following capabilities are not standard capabilities and should have an extension prefix:
2022-09-28 17:14:56:914 [BaseDriver]   platform
2022-09-28 17:14:57:526 [Appium] Appium v1.22.3 creating new AndroidUiautomator2Driver (v1.70.1) session
2022-09-28 17:14:57:530 [BaseDriver] W3C capabilities and MJSONWP desired capabilities were provided
2022-09-28 17:14:57:532 [BaseDriver] Creating session with W3C capabilities: {
2022-09-28 17:14:57:533 [BaseDriver]   "alwaysMatch": {
2022-09-28 17:14:57:533 [BaseDriver]     "appium:platform": "ANDROID",
2022-09-28 17:14:57:533 [BaseDriver]     "platformName": "android",
2022-09-28 17:14:57:533 [BaseDriver]     "appium:app": "./src/main/java/resources/app-debug-permission-check-fix.apk",
2022-09-28 17:14:57:533 [BaseDriver]     "appium:autoGrantPermissions": true,
2022-09-28 17:14:57:534 [BaseDriver]     "appium:automationName": "UiAutomator2",
2022-09-28 17:14:57:534 [BaseDriver]     "appium:noReset": true,
2022-09-28 17:14:57:534 [BaseDriver]     "appium:udid": "emulator-5554"
2022-09-28 17:14:57:534 [BaseDriver]   },
2022-09-28 17:14:57:535 [BaseDriver]   "firstMatch": [
2022-09-28 17:14:57:535 [BaseDriver]     {}
2022-09-28 17:14:57:535 [BaseDriver]   ]
2022-09-28 17:14:57:536 [BaseDriver] }
2022-09-28 17:14:57:548 [BaseDriver] The following capabilities were provided, but are not recognized by Appium:
2022-09-28 17:14:57:548 [BaseDriver]   platform
2022-09-28 17:14:57:552 [BaseDriver] Session created with session id: c87f4f81-977e-4f09-9012-e78d651684d9
2022-09-28 17:14:57:557 [BaseDriver] Using local app './src/main/java/resources/app-debug-permission-check-fix.apk'
2022-09-28 17:14:57:558 [BaseDriver] The current application path './src/main/java/resources/app-debug-permission-check-fix.apk' is not absolute and has been rewritten to 'C:\Users\Santhruptha\git\repository3\SRI_MANDIR\src\main\java\resources\app-debug-permission-check-fix.apk'. Consider using absolute paths rather than relative
2022-09-28 17:14:57:559 [UiAutomator2] Checking whether app is actually present
2022-09-28 17:14:57:655 [ADB] Found 2 'build-tools' folders under 'C:\Users\Santhruptha\AppData\Local\Android\Sdk' (newest first):
2022-09-28 17:14:57:655 [ADB]     C:/Users/Santhruptha/AppData/Local/Android/Sdk/build-tools/33.0.0
2022-09-28 17:14:57:655 [ADB]     C:/Users/Santhruptha/AppData/Local/Android/Sdk/build-tools/30.0.3
2022-09-28 17:14:57:657 [ADB] Using 'adb.exe' from 'C:\Users\Santhruptha\AppData\Local\Android\Sdk\platform-tools\adb.exe'
2022-09-28 17:14:57:660 [ADB] Running 'C:\Users\Santhruptha\AppData\Local\Android\Sdk\platform-tools\adb.exe -P 5037 start-server'
2022-09-28 17:14:57:722 [AndroidDriver] Retrieving device list
2022-09-28 17:14:57:722 [ADB] Trying to find a connected android device
2022-09-28 17:14:57:724 [ADB] Getting connected devices
2022-09-28 17:14:57:767 [ADB] Connected devices: [{"udid":"emulator-5554","state":"device"}]
2022-09-28 17:14:57:768 [AndroidDriver] Using device: emulator-5554
2022-09-28 17:14:57:771 [ADB] Using 'adb.exe' from 'C:\Users\Santhruptha\AppData\Local\Android\Sdk\platform-tools\adb.exe'
2022-09-28 17:14:57:771 [ADB] Running 'C:\Users\Santhruptha\AppData\Local\Android\Sdk\platform-tools\adb.exe -P 5037 start-server'
2022-09-28 17:14:57:813 [ADB] Setting device id to emulator-5554
2022-09-28 17:14:57:814 [ADB] Running 'C:\Users\Santhruptha\AppData\Local\Android\Sdk\platform-tools\adb.exe -P 5037 -s emulator-5554 shell getprop ro.build.version.sdk'
2022-09-28 17:14:58:298 [ADB] Current device property 'ro.build.version.sdk': 31
2022-09-28 17:14:58:298 [ADB] Getting device platform version
2022-09-28 17:14:58:299 [ADB] Running 'C:\Users\Santhruptha\AppData\Local\Android\Sdk\platform-tools\adb.exe -P 5037 -s emulator-5554 shell getprop ro.build.version.release'
2022-09-28 17:14:58:467 [ADB] Current device property 'ro.build.version.release': 12
2022-09-28 17:14:58:468 [ADB] Device API level: 31
2022-09-28 17:14:58:468 [UiAutomator2] Relaxing hidden api policy
2022-09-28 17:14:58:469 [ADB] Running 'C:\Users\Santhruptha\AppData\Local\Android\Sdk\platform-tools\adb.exe -P 5037 -s emulator-5554 shell 'settings put global hidden_api_policy_pre_p_apps 1;settings put global hidden_api_policy_p_apps 1;settings put global hidden_api_policy 1''
2022-09-28 17:14:59:300 [AndroidDriver] Parsing package and activity from app manifest
2022-09-28 17:14:59:454 [ADB] Package name: 'com.mandir'
2022-09-28 17:14:59:455 [ADB] Main activity name: 'com.mandir.ui.activity.SplashActivity'
2022-09-28 17:14:59:455 [AndroidDriver] Parsed package and activity are: com.mandir/com.mandir.ui.activity.SplashActivity
2022-09-28 17:14:59:456 [ADB] Running 'C:\Users\Santhruptha\AppData\Local\Android\Sdk\platform-tools\adb.exe -P 5037 -s emulator-5554 wait-for-device'
2022-09-28 17:14:59:499 [ADB] Running 'C:\Users\Santhruptha\AppData\Local\Android\Sdk\platform-tools\adb.exe -P 5037 -s emulator-5554 shell echo ping'
2022-09-28 17:14:59:573 [AndroidDriver] Pushing settings apk to device...
2022-09-28 17:14:59:575 [ADB] Getting install status for io.appium.settings
2022-09-28 17:14:59:575 [ADB] Running 'C:\Users\Santhruptha\AppData\Local\Android\Sdk\platform-tools\adb.exe -P 5037 -s emulator-5554 shell dumpsys package io.appium.settings'
2022-09-28 17:15:02:888 [ADB] 'io.appium.settings' is installed
2022-09-28 17:15:02:889 [ADB] Getting package info for 'io.appium.settings'
2022-09-28 17:15:02:889 [ADB] Running 'C:\Users\Santhruptha\AppData\Local\Android\Sdk\platform-tools\adb.exe -P 5037 -s emulator-5554 shell dumpsys package io.appium.settings'
2022-09-28 17:15:03:120 [ADB] The version name of the installed 'io.appium.settings' is greater or equal to the application version name ('3.4.0' >= '3.4.0')
2022-09-28 17:15:03:121 [ADB] There is no need to install/upgrade 'C:\Users\Santhruptha\AppData\Roaming\npm\node_modules\appium\node_modules\io.appium.settings\apks\settings_apk-debug.apk'
2022-09-28 17:15:03:122 [ADB] Getting IDs of all 'io.appium.settings' processes
2022-09-28 17:15:03:122 [ADB] Running 'C:\Users\Santhruptha\AppData\Local\Android\Sdk\platform-tools\adb.exe -P 5037 -s emulator-5554 shell 'pgrep --help; echo $?''
2022-09-28 17:15:03:364 [ADB] Running 'C:\Users\Santhruptha\AppData\Local\Android\Sdk\platform-tools\adb.exe -P 5037 -s emulator-5554 shell pgrep -f \(\[\[:blank:\]\]\|\^\)io\.appium\.settings\(\[\[:blank:\]\]\|\$\)'
2022-09-28 17:15:04:296 [AndroidDriver] io.appium.settings is already running. There is no need to reset its permissions.
2022-09-28 17:15:04:298 [Logcat] Starting logs capture with command: C:\\Users\\Santhruptha\\AppData\\Local\\Android\\Sdk\\platform-tools\\adb.exe -P 5037 -s emulator-5554 logcat -v threadtime
2022-09-28 17:15:04:515 [UiAutomator2] Forwarding UiAutomator2 Server port 6790 to local port 8200
2022-09-28 17:15:04:518 [ADB] Forwarding system: 8200 to device: 6790
2022-09-28 17:15:04:518 [ADB] Running 'C:\Users\Santhruptha\AppData\Local\Android\Sdk\platform-tools\adb.exe -P 5037 -s emulator-5554 forward tcp:8200 tcp:6790'
2022-09-28 17:15:04:586 [ADB] Getting install status for io.appium.uiautomator2.server
2022-09-28 17:15:04:587 [ADB] Running 'C:\Users\Santhruptha\AppData\Local\Android\Sdk\platform-tools\adb.exe -P 5037 -s emulator-5554 shell dumpsys package io.appium.uiautomator2.server'
2022-09-28 17:15:04:905 [ADB] 'io.appium.uiautomator2.server' is installed
2022-09-28 17:15:04:905 [ADB] Getting package info for 'io.appium.uiautomator2.server'
2022-09-28 17:15:04:905 [ADB] Running 'C:\Users\Santhruptha\AppData\Local\Android\Sdk\platform-tools\adb.exe -P 5037 -s emulator-5554 shell dumpsys package io.appium.uiautomator2.server'
2022-09-28 17:15:05:804 [ADB] The version name of the installed 'io.appium.uiautomator2.server' is greater or equal to the application version name ('4.27.0' >= '4.27.0')
2022-09-28 17:15:05:805 [UiAutomator2] io.appium.uiautomator2.server installation state: sameVersionInstalled
2022-09-28 17:15:05:806 [ADB] Checking app cert for C:\Users\Santhruptha\AppData\Roaming\npm\node_modules\appium\node_modules\appium-uiautomator2-server\apks\appium-uiautomator2-server-v4.27.0.apk
2022-09-28 17:15:05:880 [ADB] Using 'apksigner.jar' from 'C:\Users\Santhruptha\AppData\Local\Android\Sdk\build-tools\33.0.0\lib\apksigner.jar'
2022-09-28 17:15:05:882 [ADB] Starting apksigner: 'C:\\Program Files\\Java\\jdk1.8.0_291\\bin\\java.exe' -Xmx1024M -Xss1m -jar C:\\Users\\Santhruptha\\AppData\\Local\\Android\\Sdk\\build-tools\\33.0.0\\lib\\apksigner.jar verify --print-certs C:\\Users\\Santhruptha\\AppData\\Roaming\\npm\\node_modules\\appium\\node_modules\\appium-uiautomator2-server\\apks\\appium-uiautomator2-server-v4.27.0.apk
2022-09-28 17:15:08:107 [ADB] apksigner stdout: Signer #1 certificate DN: EMAILADDRESS=android@android.com, CN=Android, OU=Android, O=Android, L=Mountain View, ST=California, C=US
2022-09-28 17:15:08:107 [ADB] Signer #1 certificate SHA-256 digest: a40da80a59d170caa950cf15c18c454d47a39b26989d8b640ecd745ba71bf5dc
2022-09-28 17:15:08:107 [ADB] Signer #1 certificate SHA-1 digest: 61ed377e85d386a8dfee6b864bd85b0bfaa5af81
2022-09-28 17:15:08:108 [ADB] Signer #1 certificate MD5 digest: e89b158e4bcf988ebd09eb83f5378e87
2022-09-28 17:15:08:108 [ADB] 
2022-09-28 17:15:08:109 [ADB] sha256 hash did match for 'appium-uiautomator2-server-v4.27.0.apk'
2022-09-28 17:15:08:109 [ADB] 'C:\Users\Santhruptha\AppData\Roaming\npm\node_modules\appium\node_modules\appium-uiautomator2-server\apks\appium-uiautomator2-server-v4.27.0.apk' is signed with the default certificate
2022-09-28 17:15:08:109 [ADB] Getting install status for io.appium.uiautomator2.server.test
2022-09-28 17:15:08:110 [ADB] Running 'C:\Users\Santhruptha\AppData\Local\Android\Sdk\platform-tools\adb.exe -P 5037 -s emulator-5554 shell dumpsys package io.appium.uiautomator2.server.test'
2022-09-28 17:15:08:291 [ADB] 'io.appium.uiautomator2.server.test' is installed
2022-09-28 17:15:08:292 [ADB] Checking app cert for C:\Users\Santhruptha\AppData\Roaming\npm\node_modules\appium\node_modules\appium-uiautomator2-server\apks\appium-uiautomator2-server-debug-androidTest.apk
2022-09-28 17:15:08:303 [ADB] Starting apksigner: 'C:\\Program Files\\Java\\jdk1.8.0_291\\bin\\java.exe' -Xmx1024M -Xss1m -jar C:\\Users\\Santhruptha\\AppData\\Local\\Android\\Sdk\\build-tools\\33.0.0\\lib\\apksigner.jar verify --print-certs C:\\Users\\Santhruptha\\AppData\\Roaming\\npm\\node_modules\\appium\\node_modules\\appium-uiautomator2-server\\apks\\appium-uiautomator2-server-debug-androidTest.apk
2022-09-28 17:15:09:033 [ADB] apksigner stdout: Signer #1 certificate DN: EMAILADDRESS=android@android.com, CN=Android, OU=Android, O=Android, L=Mountain View, ST=California, C=US
2022-09-28 17:15:09:033 [ADB] Signer #1 certificate SHA-256 digest: a40da80a59d170caa950cf15c18c454d47a39b26989d8b640ecd745ba71bf5dc
2022-09-28 17:15:09:033 [ADB] Signer #1 certificate SHA-1 digest: 61ed377e85d386a8dfee6b864bd85b0bfaa5af81
2022-09-28 17:15:09:034 [ADB] Signer #1 certificate MD5 digest: e89b158e4bcf988ebd09eb83f5378e87
2022-09-28 17:15:09:034 [ADB] 
2022-09-28 17:15:09:035 [ADB] sha256 hash did match for 'appium-uiautomator2-server-debug-androidTest.apk'
2022-09-28 17:15:09:035 [ADB] 'C:\Users\Santhruptha\AppData\Roaming\npm\node_modules\appium\node_modules\appium-uiautomator2-server\apks\appium-uiautomator2-server-debug-androidTest.apk' is signed with the default certificate
2022-09-28 17:15:09:035 [UiAutomator2] Server packages are not going to be (re)installed
2022-09-28 17:15:09:041 [UiAutomator2] Waiting up to 30000ms for services to be available
2022-09-28 17:15:09:042 [ADB] Running 'C:\Users\Santhruptha\AppData\Local\Android\Sdk\platform-tools\adb.exe -P 5037 -s emulator-5554 shell pm list instrumentation'
2022-09-28 17:15:09:152 [UiAutomator2] Instrumentation target 'io.appium.uiautomator2.server.test/androidx.test.runner.AndroidJUnitRunner' is available
2022-09-28 17:15:09:159 [ADB] Adding packages ["io.appium.settings","io.appium.uiautomator2.server","io.appium.uiautomator2.server.test"] to Doze whitelist
2022-09-28 17:15:09:160 [ADB] Got the following command chunks to execute: [["dumpsys","deviceidle","whitelist","+io.appium.settings",";","dumpsys","deviceidle","whitelist","+io.appium.uiautomator2.server",";","dumpsys","deviceidle","whitelist","+io.appium.uiautomator2.server.test",";"]]
2022-09-28 17:15:09:162 [ADB] Running 'C:\Users\Santhruptha\AppData\Local\Android\Sdk\platform-tools\adb.exe -P 5037 -s emulator-5554 shell dumpsys deviceidle whitelist +io.appium.settings ; dumpsys deviceidle whitelist +io.appium.uiautomator2.server ; dumpsys deviceidle whitelist +io.appium.uiautomator2.server.test ;'
2022-09-28 17:15:09:352 [ADB] Checking app cert for C:\Users\Santhruptha\git\repository3\SRI_MANDIR\src\main\java\resources\app-debug-permission-check-fix.apk
2022-09-28 17:15:09:876 [ADB] Starting apksigner: 'C:\\Program Files\\Java\\jdk1.8.0_291\\bin\\java.exe' -Xmx1024M -Xss1m -jar C:\\Users\\Santhruptha\\AppData\\Local\\Android\\Sdk\\build-tools\\33.0.0\\lib\\apksigner.jar verify --print-certs C:\\Users\\Santhruptha\\git\\repository3\\SRI_MANDIR\\src\\main\\java\\resources\\app-debug-permission-check-fix.apk
2022-09-28 17:15:15:780 [ADB] apksigner stdout: Signer #1 certificate DN: C=US, O=Android, CN=Android Debug
2022-09-28 17:15:15:780 [ADB] Signer #1 certificate SHA-256 digest: 1a88fb209dc13dd8a94e09e7c568bd6110effe1af1ae807363423660bdedd431
2022-09-28 17:15:15:780 [ADB] Signer #1 certificate SHA-1 digest: 364149b76ce7a237255b7822dc1fb6a16a07e53a
2022-09-28 17:15:15:781 [ADB] Signer #1 certificate MD5 digest: b398560dcfa1e9442e1bca121f0438ce
2022-09-28 17:15:15:781 [ADB] 
2022-09-28 17:15:15:781 [ADB] 'C:\Users\Santhruptha\git\repository3\SRI_MANDIR\src\main\java\resources\app-debug-permission-check-fix.apk' is signed with a non-default certificate
2022-09-28 17:15:15:782 [ADB] Getting install status for com.mandir
2022-09-28 17:15:15:782 [ADB] Running 'C:\Users\Santhruptha\AppData\Local\Android\Sdk\platform-tools\adb.exe -P 5037 -s emulator-5554 shell dumpsys package com.mandir'
2022-09-28 17:15:16:073 [ADB] 'com.mandir' is installed
2022-09-28 17:15:16:073 [ADB] Getting package info for 'com.mandir'
2022-09-28 17:15:16:073 [ADB] Running 'C:\Users\Santhruptha\AppData\Local\Android\Sdk\platform-tools\adb.exe -P 5037 -s emulator-5554 shell dumpsys package com.mandir'
2022-09-28 17:15:16:312 [ADB] The version name of the installed 'com.mandir' is greater or equal to the application version name ('3.7.1' >= '3.7.1')
2022-09-28 17:15:16:312 [ADB] There is no need to install/upgrade 'C:\Users\Santhruptha\git\repository3\SRI_MANDIR\src\main\java\resources\app-debug-permission-check-fix.apk'
2022-09-28 17:15:16:314 [UiAutomator2] Performing shallow cleanup of automation leftovers
2022-09-28 17:15:16:842 [UiAutomator2] No obsolete sessions have been detected (timeout of 500ms exceeded)
2022-09-28 17:15:16:843 [ADB] Running 'C:\Users\Santhruptha\AppData\Local\Android\Sdk\platform-tools\adb.exe -P 5037 -s emulator-5554 shell am force-stop io.appium.uiautomator2.server.test'
2022-09-28 17:15:17:262 [UiAutomator2] Starting UIAutomator2 server 4.27.0
2022-09-28 17:15:17:262 [UiAutomator2] Using UIAutomator2 server from 'C:\Users\Santhruptha\AppData\Roaming\npm\node_modules\appium\node_modules\appium-uiautomator2-server\apks\appium-uiautomator2-server-v4.27.0.apk' and test from 'C:\Users\Santhruptha\AppData\Roaming\npm\node_modules\appium\node_modules\appium-uiautomator2-server\apks\appium-uiautomator2-server-debug-androidTest.apk'
2022-09-28 17:15:17:262 [UiAutomator2] Waiting up to 30000ms for UiAutomator2 to be online...
2022-09-28 17:15:17:263 [ADB] Creating ADB subprocess with args: ["-P",5037,"-s","emulator-5554","shell","am","instrument","-w","-e","disableAnalytics",true,"io.appium.uiautomator2.server.test/androidx.test.runner.AndroidJUnitRunner"]
2022-09-28 17:15:17:276 [WD Proxy] Matched '/status' to command name 'getStatus'
2022-09-28 17:15:17:279 [WD Proxy] Proxying [GET /status] to [GET http://127.0.0.1:8200/wd/hub/status] with no body
2022-09-28 17:15:17:389 [WD Proxy] Got response with status 200: {"sessionId":"None","value":{"message":"UiAutomator2 Server is ready to accept commands","ready":true}}
2022-09-28 17:15:17:389 [UiAutomator2] The initialization of the instrumentation process took 127ms
2022-09-28 17:15:17:390 [WD Proxy] Matched '/session' to command name 'createSession'
2022-09-28 17:15:17:391 [WD Proxy] Proxying [POST /session] to [POST http://127.0.0.1:8200/wd/hub/session] with body: {"capabilities":{"firstMatch":[{"platform":"ANDROID","webStorageEnabled":false,"takesScreenshot":true,"javascriptEnabled":true,"databaseEnabled":false,"networkConnectionEnabled":true,"locationContextEnabled":false,"warnings":{},"desired":{"platformName":"android","platform":"ANDROID","app":"./src/main/java/resources/app-debug-permission-check-fix.apk","autoGrantPermissions":true,"automationName":"UiAutomator2","noReset":true,"udid":"emulator-5554"},"platformName":"android","app":"./src/main/java/resources/app-debug-permission-check-fix.apk","autoGrantPermissions":true,"automationName":"UiAutomator2","noReset":true,"udid":"emulator-5554","deviceName":"emulator-5554","deviceUDID":"emulator-5554","appPackage":"com.mandir"}],"alwaysMatch":{}}}
2022-09-28 17:15:17:805 [WD Proxy] Got response with status 200: {"sessionId":"a45ff785-ce49-4cda-a09b-ca31f4e24add","value":{"capabilities":{"firstMatch":[{"platform":"ANDROID","webStorageEnabled":false,"takesScreenshot":true,"javascriptEnabled":true,"databaseEnabled":false,"networkConnectionEnabled":true,"locationContextEnabled":false,"warnings":{},"desired":{"platformName":"android","platform":"ANDROID","app":"./src/main/java/resources/app-debug-permission-check-fix.apk","autoGrantPermissions":true,"automationName":"UiAutomator2","noReset":true,"udid":"emulator-5554"},"platformName":"android","app":"./src/main/java/resources/app-debug-permission-check-fix.apk","autoGrantPermissions":true,"automationName":"UiAutomator2","noReset":true,"udid":"emulator-5554","deviceName":"emulator-5554","deviceUDID":"emulator-5554","appPackage":"com.mandir"}],"alwaysMatch":{}},"sessionId":"a45ff785-ce49-4cda-a09b-ca31f4e24add"}}
2022-09-28 17:15:17:806 [WD Proxy] Determined the downstream protocol as 'W3C'
2022-09-28 17:15:17:833 [WD Proxy] Proxying [GET /appium/device/info] to [GET http://127.0.0.1:8200/wd/hub/session/a45ff785-ce49-4cda-a09b-ca31f4e24add/appium/device/info] with no body
2022-09-28 17:15:18:689 [WD Proxy] Got response with status 200: {"sessionId":"a45ff785-ce49-4cda-a09b-ca31f4e24add","value":{"androidId":"853a12b8b184f863","apiVersion":"31","bluetooth":{"state":"ON"},"brand":"google","carrierName":"T-Mobile","displayDensity":440,"locale":"en_US","manufacturer":"Google","model":"sdk_gphone64_x86_64","networks":[{"capabilities":{"SSID":null,"linkDownBandwidthKbps":30000,"linkUpstreamBandwidthKbps":15000,"networkCapabilities":"NET_CAPABILITY_MMS,NET_CAPABILITY_SUPL,NET_CAPABILITY_DUN,NET_CAPABILITY_FOTA,NET_CAPABILITY_IMS,NET_CAPABILITY_CBS,NET_CAPABILITY_INTERNET,NET_CAPABILITY_NOT_RESTRICTED,NET_CAPABILITY_TRUSTED,NET_CAPABILITY_NOT_VPN,NET_CAPABILITY_VALIDATED,NET_CAPABILITY_NOT_ROAMING,NET_CAPABILITY_NOT_CONGESTED,NET_CAPABILITY_NOT_SUSPENDED","signalStrength":-2147483648,"transportTypes":"TRANSPORT_CELLULAR"},"detailedState":"CONNECTED","extraInfo":"epc.tmobile.com","isAvailable":true,"isConnected":true,"isFailover":false,"isRoaming":false,"state":"CONNECTED","subtype":13,"subtypeName":"LTE","type":0,"typeName":"MOBILE"},{"capabilit...
2022-09-28 17:15:18:690 [ADB] Running 'C:\Users\Santhruptha\AppData\Local\Android\Sdk\platform-tools\adb.exe -P 5037 -s emulator-5554 shell dumpsys window'
2022-09-28 17:15:19:162 [AndroidDriver] Screen already unlocked, doing nothing
2022-09-28 17:15:19:162 [UiAutomator2] Starting 'com.mandir/com.mandir.ui.activity.SplashActivity and waiting for 'com.mandir/com.mandir.ui.activity.SplashActivity'
2022-09-28 17:15:19:164 [ADB] Running 'C:\Users\Santhruptha\AppData\Local\Android\Sdk\platform-tools\adb.exe -P 5037 -s emulator-5554 shell am start -W -n com.mandir/com.mandir.ui.activity.SplashActivity -S -a android.intent.action.MAIN -c android.intent.category.LAUNCHER -f 0x10200000'
2022-09-28 17:15:27:624 [Instrumentation] io.appium.uiautomator2.server.test.AppiumUiAutomator2Server:
2022-09-28 17:15:33:634 [ADB] Waiting up to 20000ms for activity matching pkg: 'com.mandir' and activity: 'com.mandir.ui.activity.SplashActivity' to be focused
2022-09-28 17:15:33:635 [ADB] Possible activities, to be checked: 'com.mandir.ui.activity.SplashActivity', 'com.mandir.com.mandir.ui.activity.SplashActivity'
2022-09-28 17:15:33:637 [ADB] Getting focused package and activity
2022-09-28 17:15:33:638 [ADB] Running 'C:\Users\Santhruptha\AppData\Local\Android\Sdk\platform-tools\adb.exe -P 5037 -s emulator-5554 shell dumpsys window displays'
2022-09-28 17:15:33:971 [ADB] Found package: 'com.mandir' and fully qualified activity name : 'com.mandir.ui.activity.SplashActivity'
2022-09-28 17:15:34:013 [WD Proxy] Proxying [GET /appium/device/pixel_ratio] to [GET http://127.0.0.1:8200/wd/hub/session/a45ff785-ce49-4cda-a09b-ca31f4e24add/appium/device/pixel_ratio] with no body
2022-09-28 17:15:34:368 [WD Proxy] Got response with status 404: {"sessionId":"a45ff785-ce49-4cda-a09b-ca31f4e24add","value":{"error":"invalid session id","message":"The session identified by a45ff785-ce49-4cda-a09b-ca31f4e24add is not known","stacktrace":"io.appium.uiautomator2.common.exceptions.NoSuchDriverException: The session identified by a45ff785-ce49-4cda-a09b-ca31f4e24add is not known\n\tat io.appium.uiautomator2.handler.request.SafeRequestHandler.handle(SafeRequestHandler.java:54)\n\tat io.appium.uiautomator2.server.AppiumServlet.handleRequest(AppiumServlet.java:266)\n\tat io.appium.uiautomator2.server.AppiumServlet.handleHttpRequest(AppiumServlet.java:260)\n\tat io.appium.uiautomator2.http.ServerHandler.channelRead(ServerHandler.java:68)\n\tat io.netty.channel.AbstractChannelHandlerContext.invokeChannelRead(AbstractChannelHandlerContext.java:366)\n\tat io.netty.channel.AbstractChannelHandlerContext.invokeChannelRead(AbstractChannelHandlerContext.java:352)\n\tat io.netty.channel.AbstractChannelHandlerContext.fireChannelRead(AbstractChannelHandlerContext.java:3...
2022-09-28 17:15:34:371 [W3C] Matched W3C error code 'invalid session id' to NoSuchDriverError
2022-09-28 17:15:34:374 [UiAutomator2] Deleting UiAutomator2 session
2022-09-28 17:15:34:375 [UiAutomator2] Deleting UiAutomator2 server session
2022-09-28 17:15:34:376 [WD Proxy] Matched '/' to command name 'deleteSession'
2022-09-28 17:15:34:377 [WD Proxy] Proxying [DELETE /] to [DELETE http://127.0.0.1:8200/wd/hub/session/a45ff785-ce49-4cda-a09b-ca31f4e24add] with no body
2022-09-28 17:15:34:409 [WD Proxy] Got response with status 404: {"sessionId":"a45ff785-ce49-4cda-a09b-ca31f4e24add","value":{"error":"invalid session id","message":"The session identified by a45ff785-ce49-4cda-a09b-ca31f4e24add is not known","stacktrace":"io.appium.uiautomator2.common.exceptions.NoSuchDriverException: The session identified by a45ff785-ce49-4cda-a09b-ca31f4e24add is not known\n\tat io.appium.uiautomator2.handler.request.SafeRequestHandler.handle(SafeRequestHandler.java:54)\n\tat io.appium.uiautomator2.server.AppiumServlet.handleRequest(AppiumServlet.java:266)\n\tat io.appium.uiautomator2.server.AppiumServlet.handleHttpRequest(AppiumServlet.java:260)\n\tat io.appium.uiautomator2.http.ServerHandler.channelRead(ServerHandler.java:68)\n\tat io.netty.channel.AbstractChannelHandlerContext.invokeChannelRead(AbstractChannelHandlerContext.java:366)\n\tat io.netty.channel.AbstractChannelHandlerContext.invokeChannelRead(AbstractChannelHandlerContext.java:352)\n\tat io.netty.channel.AbstractChannelHandlerContext.fireChannelRead(AbstractChannelHandlerContext.java:3...
2022-09-28 17:15:34:410 [W3C] Matched W3C error code 'invalid session id' to NoSuchDriverError
2022-09-28 17:15:34:411 [UiAutomator2] Did not get confirmation UiAutomator2 deleteSession worked; Error was: NoSuchDriverError: The session identified by a45ff785-ce49-4cda-a09b-ca31f4e24add is not known
2022-09-28 17:15:34:411 [ADB] Running 'C:\Users\Santhruptha\AppData\Local\Android\Sdk\platform-tools\adb.exe -P 5037 -s emulator-5554 shell am force-stop com.mandir'
2022-09-28 17:15:34:967 [Logcat] Stopping logcat capture
2022-09-28 17:15:34:980 [ADB] Removing forwarded port socket connection: 8200 
2022-09-28 17:15:34:980 [ADB] Running 'C:\Users\Santhruptha\AppData\Local\Android\Sdk\platform-tools\adb.exe -P 5037 -s emulator-5554 forward --remove tcp:8200'
2022-09-28 17:15:35:061 [UiAutomator2] Restoring hidden api policy to the device default configuration
2022-09-28 17:15:35:063 [ADB] Running 'C:\Users\Santhruptha\AppData\Local\Android\Sdk\platform-tools\adb.exe -P 5037 -s emulator-5554 shell 'settings delete global hidden_api_policy_pre_p_apps;settings delete global hidden_api_policy_p_apps;settings delete global hidden_api_policy''
2022-09-28 17:15:35:509 [BaseDriver] Event 'newSessionStarted' logged at 1664385335509 (22:45:35 GMT+0530 (India Standard Time))
2022-09-28 17:15:35:512 [W3C] Encountered internal error running command: io.appium.uiautomator2.common.exceptions.NoSuchDriverException: The session identified by a45ff785-ce49-4cda-a09b-ca31f4e24add is not known
2022-09-28 17:15:35:514 [W3C] 	at io.appium.uiautomator2.handler.request.SafeRequestHandler.handle(SafeRequestHandler.java:54)
2022-09-28 17:15:35:515 [W3C] 	at io.appium.uiautomator2.server.AppiumServlet.handleRequest(AppiumServlet.java:266)
2022-09-28 17:15:35:516 [W3C] 	at io.appium.uiautomator2.server.AppiumServlet.handleHttpRequest(AppiumServlet.java:260)
2022-09-28 17:15:35:517 [W3C] 	at io.appium.uiautomator2.http.ServerHandler.channelRead(ServerHandler.java:68)
2022-09-28 17:15:35:517 [W3C] 	at io.netty.channel.AbstractChannelHandlerContext.invokeChannelRead(AbstractChannelHandlerContext.java:366)
2022-09-28 17:15:35:518 [W3C] 	at io.netty.channel.AbstractChannelHandlerContext.invokeChannelRead(AbstractChannelHandlerContext.java:352)
2022-09-28 17:15:35:519 [W3C] 	at io.netty.channel.AbstractChannelHandlerContext.fireChannelRead(AbstractChannelHandlerContext.java:345)
2022-09-28 17:15:35:519 [W3C] 	at io.netty.handler.codec.MessageToMessageDecoder.channelRead(MessageToMessageDecoder.java:102)
2022-09-28 17:15:35:520 [W3C] 	at io.netty.channel.AbstractChannelHandlerContext.invokeChannelRead(AbstractChannelHandlerContext.java:366)
2022-09-28 17:15:35:520 [W3C] 	at io.netty.channel.AbstractChannelHandlerContext.invokeChannelRead(AbstractChannelHandlerContext.java:352)
2022-09-28 17:15:35:520 [W3C] 	at io.netty.channel.AbstractChannelHandlerContext.fireChannelRead(AbstractChannelHandlerContext.java:345)
2022-09-28 17:15:35:521 [W3C] 	at io.netty.channel.CombinedChannelDuplexHandler$DelegatingChannelHandlerContext.fireChannelRead(CombinedChannelDuplexHandler.java:435)
2022-09-28 17:15:35:521 [W3C] 	at io.netty.handler.codec.ByteToMessageDecoder.fireChannelRead(ByteToMessageDecoder.java:293)
2022-09-28 17:15:35:522 [W3C] 	at io.netty.handler.codec.ByteToMessageDecoder.channelRead(ByteToMessageDecoder.java:267)
2022-09-28 17:15:35:523 [W3C] 	at io.netty.channel.CombinedChannelDuplexHandler.channelRead(CombinedChannelDuplexHandler.java:250)
2022-09-28 17:15:35:523 [W3C] 	at io.netty.channel.AbstractChannelHandlerContext.invokeChannelRead(AbstractChannelHandlerContext.java:366)
2022-09-28 17:15:35:523 [W3C] 	at io.netty.channel.AbstractChannelHandlerContext.invokeChannelRead(AbstractChannelHandlerContext.java:352)
2022-09-28 17:15:35:523 [W3C] 	at io.netty.channel.AbstractChannelHandlerContext.fireChannelRead(AbstractChannelHandlerContext.java:345)
2022-09-28 17:15:35:524 [W3C] 	at io.netty.handler.timeout.IdleStateHandler.channelRead(IdleStateHandler.java:266)
2022-09-28 17:15:35:524 [W3C] 	at io.netty.channel.AbstractChannelHandlerContext.invokeChannelRead(AbstractChannelHandlerContext.java:366)
2022-09-28 17:15:35:525 [W3C] 	at io.netty.channel.AbstractChannelHandlerContext.invokeChannelRead(AbstractChannelHandlerContext.java:352)
2022-09-28 17:15:35:525 [W3C] 	at io.netty.channel.AbstractChannelHandlerContext.fireChannelRead(AbstractChannelHandlerContext.java:345)
2022-09-28 17:15:35:525 [W3C] 	at io.netty.channel.DefaultChannelPipeline$HeadContext.channelRead(DefaultChannelPipeline.java:1294)
2022-09-28 17:15:35:525 [W3C] 	at io.netty.channel.AbstractChannelHandlerContext.invokeChannelRead(AbstractChannelHandlerContext.java:366)
2022-09-28 17:15:35:526 [W3C] 	at io.netty.channel.AbstractChannelHandlerContext.invokeChannelRead(AbstractChannelHandlerContext.java:352)
2022-09-28 17:15:35:526 [W3C] 	at io.netty.channel.DefaultChannelPipeline.fireChannelRead(DefaultChannelPipeline.java:911)
2022-09-28 17:15:35:528 [W3C] 	at io.netty.channel.nio.AbstractNioByteChannel$NioByteUnsafe.read(AbstractNioByteChannel.java:131)
2022-09-28 17:15:35:531 [W3C] 	at io.netty.channel.nio.NioEventLoop.processSelectedKey(NioEventLoop.java:611)
2022-09-28 17:15:35:531 [W3C] 	at io.netty.channel.nio.NioEventLoop.processSelectedKeysOptimized(NioEventLoop.java:552)
2022-09-28 17:15:35:532 [W3C] 	at io.netty.channel.nio.NioEventLoop.processSelectedKeys(NioEventLoop.java:466)
2022-09-28 17:15:35:532 [W3C] 	at io.netty.channel.nio.NioEventLoop.run(NioEventLoop.java:438)
2022-09-28 17:15:35:533 [W3C] 	at io.netty.util.concurrent.SingleThreadEventExecutor$2.run(SingleThreadEventExecutor.java:140)
2022-09-28 17:15:35:533 [W3C] 	at io.netty.util.concurrent.DefaultThreadFactory$DefaultRunnableDecorator.run(DefaultThreadFactory.java:144)
2022-09-28 17:15:35:533 [W3C] 	at java.lang.Thread.run(Thread.java:920)
2022-09-28 17:15:35:533 [W3C] 
2022-09-28 17:15:35:559 [HTTP] <-- POST /wd/hub/session 404 38643 ms - 3691
2022-09-28 17:15:35:559 [HTTP] 
