2022-10-12 16:30:22:259 [Appium] Welcome to Appium v1.22.3
2022-10-12 16:30:22:260 [Appium] Non-default server args:
2022-10-12 16:30:22:261 [Appium]   address: 127.0.0.1
2022-10-12 16:30:22:261 [Appium]   port: 20492
2022-10-12 16:30:22:261 [Appium]   logFile: C:\Sri Mandir repo\SRI_MANDIR(Different languages)\.\ServerLogs\appiumSriMandirSMPK_TC_2068_verifyThatUserIsNavigatedToSangeethSangrahaScreenonClickingSangeeThtabFromThebottomNavigationBar.log
2022-10-12 16:30:22:302 [Appium] Appium REST http interface listener started on 127.0.0.1:20492
2022-10-12 16:30:22:425 [HTTP] --> GET /wd/hub/status
2022-10-12 16:30:22:425 [HTTP] {}
2022-10-12 16:30:22:427 [GENERIC] Calling AppiumDriver.getStatus() with args: []
2022-10-12 16:30:22:429 [GENERIC] Responding to client with driver.getStatus() result: {"build":{"version":"1.22.3"}}
2022-10-12 16:30:22:437 [HTTP] <-- GET /wd/hub/status 200 9 ms - 68
2022-10-12 16:30:22:437 [HTTP] 
2022-10-12 16:30:23:143 [HTTP] --> POST /wd/hub/session
2022-10-12 16:30:23:144 [HTTP] {"desiredCapabilities":{"app":"./src/main/java/resources/app-debug-3.7.5.apk","noReset":true,"automationName":"UiAutomator2","autoGrantPermissions":true,"platformName":"Android","udid":"emulator-5554","platform":"ANDROID"},"capabilities":{"firstMatch":[{"appium:app":"./src/main/java/resources/app-debug-3.7.5.apk","appium:autoGrantPermissions":true,"appium:automationName":"UiAutomator2","appium:noReset":true,"platform":"ANDROID","platformName":"android","appium:udid":"emulator-5554"}]}}
2022-10-12 16:30:23:145 [W3C] Calling AppiumDriver.createSession() with args: [{"app":"./src/main/java/resources/app-debug-3.7.5.apk","noReset":true,"automationName":"UiAutomator2","autoGrantPermissions":true,"platformName":"Android","udid":"emulator-5554","platform":"ANDROID"},null,{"firstMatch":[{"appium:app":"./src/main/java/resources/app-debug-3.7.5.apk","appium:autoGrantPermissions":true,"appium:automationName":"UiAutomator2","appium:noReset":true,"platform":"ANDROID","platformName":"android","appium:udid":"emulator-5554"}]}]
2022-10-12 16:30:23:146 [BaseDriver] Event 'newSessionRequested' logged at 1665592223146 (22:00:23 GMT+0530 (India Standard Time))
2022-10-12 16:30:23:151 [BaseDriver] The following capabilities are not standard capabilities and should have an extension prefix:
2022-10-12 16:30:23:152 [BaseDriver]   platform
2022-10-12 16:30:23:538 [Appium] Appium v1.22.3 creating new AndroidUiautomator2Driver (v1.70.1) session
2022-10-12 16:30:23:541 [BaseDriver] W3C capabilities and MJSONWP desired capabilities were provided
2022-10-12 16:30:23:542 [BaseDriver] Creating session with W3C capabilities: {
2022-10-12 16:30:23:542 [BaseDriver]   "alwaysMatch": {
2022-10-12 16:30:23:542 [BaseDriver]     "appium:platform": "ANDROID",
2022-10-12 16:30:23:542 [BaseDriver]     "platformName": "android",
2022-10-12 16:30:23:542 [BaseDriver]     "appium:app": "./src/main/java/resources/app-debug-3.7.5.apk",
2022-10-12 16:30:23:542 [BaseDriver]     "appium:autoGrantPermissions": true,
2022-10-12 16:30:23:542 [BaseDriver]     "appium:automationName": "UiAutomator2",
2022-10-12 16:30:23:542 [BaseDriver]     "appium:noReset": true,
2022-10-12 16:30:23:542 [BaseDriver]     "appium:udid": "emulator-5554"
2022-10-12 16:30:23:543 [BaseDriver]   },
2022-10-12 16:30:23:543 [BaseDriver]   "firstMatch": [
2022-10-12 16:30:23:543 [BaseDriver]     {}
2022-10-12 16:30:23:543 [BaseDriver]   ]
2022-10-12 16:30:23:543 [BaseDriver] }
2022-10-12 16:30:23:550 [BaseDriver] The following capabilities were provided, but are not recognized by Appium:
2022-10-12 16:30:23:550 [BaseDriver]   platform
2022-10-12 16:30:23:551 [BaseDriver] Session created with session id: 77fb895e-f4e3-4794-885a-a588ecbf1dde
2022-10-12 16:30:23:554 [BaseDriver] Using local app './src/main/java/resources/app-debug-3.7.5.apk'
2022-10-12 16:30:23:554 [BaseDriver] The current application path './src/main/java/resources/app-debug-3.7.5.apk' is not absolute and has been rewritten to 'C:\Sri Mandir repo\SRI_MANDIR(Different languages)\src\main\java\resources\app-debug-3.7.5.apk'. Consider using absolute paths rather than relative
2022-10-12 16:30:23:555 [UiAutomator2] Checking whether app is actually present
2022-10-12 16:30:23:578 [ADB] Found 2 'build-tools' folders under 'C:\Users\Santhruptha\AppData\Local\Android\Sdk' (newest first):
2022-10-12 16:30:23:579 [ADB]     C:/Users/Santhruptha/AppData/Local/Android/Sdk/build-tools/33.0.0
2022-10-12 16:30:23:579 [ADB]     C:/Users/Santhruptha/AppData/Local/Android/Sdk/build-tools/30.0.3
2022-10-12 16:30:23:580 [ADB] Using 'adb.exe' from 'C:\Users\Santhruptha\AppData\Local\Android\Sdk\platform-tools\adb.exe'
2022-10-12 16:30:23:580 [ADB] Running 'C:\Users\Santhruptha\AppData\Local\Android\Sdk\platform-tools\adb.exe -P 5037 start-server'
2022-10-12 16:30:23:629 [AndroidDriver] Retrieving device list
2022-10-12 16:30:23:630 [ADB] Trying to find a connected android device
2022-10-12 16:30:23:630 [ADB] Getting connected devices
2022-10-12 16:30:23:672 [ADB] Connected devices: [{"udid":"emulator-5554","state":"device"}]
2022-10-12 16:30:23:673 [AndroidDriver] Using device: emulator-5554
2022-10-12 16:30:23:676 [ADB] Using 'adb.exe' from 'C:\Users\Santhruptha\AppData\Local\Android\Sdk\platform-tools\adb.exe'
2022-10-12 16:30:23:676 [ADB] Running 'C:\Users\Santhruptha\AppData\Local\Android\Sdk\platform-tools\adb.exe -P 5037 start-server'
2022-10-12 16:30:23:715 [ADB] Setting device id to emulator-5554
2022-10-12 16:30:23:716 [ADB] Running 'C:\Users\Santhruptha\AppData\Local\Android\Sdk\platform-tools\adb.exe -P 5037 -s emulator-5554 shell getprop ro.build.version.sdk'
2022-10-12 16:30:23:773 [ADB] Current device property 'ro.build.version.sdk': 31
2022-10-12 16:30:23:774 [ADB] Getting device platform version
2022-10-12 16:30:23:775 [ADB] Running 'C:\Users\Santhruptha\AppData\Local\Android\Sdk\platform-tools\adb.exe -P 5037 -s emulator-5554 shell getprop ro.build.version.release'
2022-10-12 16:30:23:835 [ADB] Current device property 'ro.build.version.release': 12
2022-10-12 16:30:23:835 [ADB] Device API level: 31
2022-10-12 16:30:23:835 [UiAutomator2] Relaxing hidden api policy
2022-10-12 16:30:23:836 [ADB] Running 'C:\Users\Santhruptha\AppData\Local\Android\Sdk\platform-tools\adb.exe -P 5037 -s emulator-5554 shell 'settings put global hidden_api_policy_pre_p_apps 1;settings put global hidden_api_policy_p_apps 1;settings put global hidden_api_policy 1''
2022-10-12 16:30:23:973 [AndroidDriver] Parsing package and activity from app manifest
2022-10-12 16:30:24:059 [ADB] Package name: 'com.mandir'
2022-10-12 16:30:24:059 [ADB] Main activity name: 'com.mandir.ui.activity.SplashActivity'
2022-10-12 16:30:24:060 [AndroidDriver] Parsed package and activity are: com.mandir/com.mandir.ui.activity.SplashActivity
2022-10-12 16:30:24:060 [ADB] Running 'C:\Users\Santhruptha\AppData\Local\Android\Sdk\platform-tools\adb.exe -P 5037 -s emulator-5554 wait-for-device'
2022-10-12 16:30:24:098 [ADB] Running 'C:\Users\Santhruptha\AppData\Local\Android\Sdk\platform-tools\adb.exe -P 5037 -s emulator-5554 shell echo ping'
2022-10-12 16:30:24:142 [AndroidDriver] Pushing settings apk to device...
2022-10-12 16:30:24:143 [ADB] Getting install status for io.appium.settings
2022-10-12 16:30:24:143 [ADB] Running 'C:\Users\Santhruptha\AppData\Local\Android\Sdk\platform-tools\adb.exe -P 5037 -s emulator-5554 shell dumpsys package io.appium.settings'
2022-10-12 16:30:24:463 [ADB] 'io.appium.settings' is installed
2022-10-12 16:30:24:464 [ADB] Getting package info for 'io.appium.settings'
2022-10-12 16:30:24:464 [ADB] Running 'C:\Users\Santhruptha\AppData\Local\Android\Sdk\platform-tools\adb.exe -P 5037 -s emulator-5554 shell dumpsys package io.appium.settings'
2022-10-12 16:30:24:543 [ADB] The version name of the installed 'io.appium.settings' is greater or equal to the application version name ('3.4.0' >= '3.4.0')
2022-10-12 16:30:24:544 [ADB] There is no need to install/upgrade 'C:\Users\Santhruptha\AppData\Roaming\npm\node_modules\appium\node_modules\io.appium.settings\apks\settings_apk-debug.apk'
2022-10-12 16:30:24:545 [ADB] Getting IDs of all 'io.appium.settings' processes
2022-10-12 16:30:24:546 [ADB] Running 'C:\Users\Santhruptha\AppData\Local\Android\Sdk\platform-tools\adb.exe -P 5037 -s emulator-5554 shell 'pgrep --help; echo $?''
2022-10-12 16:30:24:621 [ADB] Running 'C:\Users\Santhruptha\AppData\Local\Android\Sdk\platform-tools\adb.exe -P 5037 -s emulator-5554 shell pgrep -f \(\[\[:blank:\]\]\|\^\)io\.appium\.settings\(\[\[:blank:\]\]\|\$\)'
2022-10-12 16:30:24:711 [AndroidDriver] io.appium.settings is already running. There is no need to reset its permissions.
2022-10-12 16:30:24:713 [Logcat] Starting logs capture with command: C:\\Users\\Santhruptha\\AppData\\Local\\Android\\Sdk\\platform-tools\\adb.exe -P 5037 -s emulator-5554 logcat -v threadtime
2022-10-12 16:30:24:799 [UiAutomator2] Forwarding UiAutomator2 Server port 6790 to local port 8204
2022-10-12 16:30:24:801 [ADB] Forwarding system: 8204 to device: 6790
2022-10-12 16:30:24:801 [ADB] Running 'C:\Users\Santhruptha\AppData\Local\Android\Sdk\platform-tools\adb.exe -P 5037 -s emulator-5554 forward tcp:8204 tcp:6790'
2022-10-12 16:30:24:877 [ADB] Getting install status for io.appium.uiautomator2.server
2022-10-12 16:30:24:878 [ADB] Running 'C:\Users\Santhruptha\AppData\Local\Android\Sdk\platform-tools\adb.exe -P 5037 -s emulator-5554 shell dumpsys package io.appium.uiautomator2.server'
2022-10-12 16:30:24:984 [ADB] 'io.appium.uiautomator2.server' is installed
2022-10-12 16:30:24:985 [ADB] Getting package info for 'io.appium.uiautomator2.server'
2022-10-12 16:30:24:985 [ADB] Running 'C:\Users\Santhruptha\AppData\Local\Android\Sdk\platform-tools\adb.exe -P 5037 -s emulator-5554 shell dumpsys package io.appium.uiautomator2.server'
2022-10-12 16:30:26:002 [ADB] The version name of the installed 'io.appium.uiautomator2.server' is greater or equal to the application version name ('4.27.0' >= '4.27.0')
2022-10-12 16:30:26:002 [UiAutomator2] io.appium.uiautomator2.server installation state: sameVersionInstalled
2022-10-12 16:30:26:003 [ADB] Checking app cert for C:\Users\Santhruptha\AppData\Roaming\npm\node_modules\appium\node_modules\appium-uiautomator2-server\apks\appium-uiautomator2-server-v4.27.0.apk
2022-10-12 16:30:26:044 [ADB] Using 'apksigner.jar' from 'C:\Users\Santhruptha\AppData\Local\Android\Sdk\build-tools\33.0.0\lib\apksigner.jar'
2022-10-12 16:30:26:046 [ADB] Starting apksigner: 'C:\\Program Files\\Java\\jdk1.8.0_291\\bin\\java.exe' -Xmx1024M -Xss1m -jar C:\\Users\\Santhruptha\\AppData\\Local\\Android\\Sdk\\build-tools\\33.0.0\\lib\\apksigner.jar verify --print-certs C:\\Users\\Santhruptha\\AppData\\Roaming\\npm\\node_modules\\appium\\node_modules\\appium-uiautomator2-server\\apks\\appium-uiautomator2-server-v4.27.0.apk
2022-10-12 16:30:27:310 [ADB] apksigner stdout: Signer #1 certificate DN: EMAILADDRESS=android@android.com, CN=Android, OU=Android, O=Android, L=Mountain View, ST=California, C=US
2022-10-12 16:30:27:310 [ADB] Signer #1 certificate SHA-256 digest: a40da80a59d170caa950cf15c18c454d47a39b26989d8b640ecd745ba71bf5dc
2022-10-12 16:30:27:310 [ADB] Signer #1 certificate SHA-1 digest: 61ed377e85d386a8dfee6b864bd85b0bfaa5af81
2022-10-12 16:30:27:310 [ADB] Signer #1 certificate MD5 digest: e89b158e4bcf988ebd09eb83f5378e87
2022-10-12 16:30:27:310 [ADB] 
2022-10-12 16:30:27:311 [ADB] sha256 hash did match for 'appium-uiautomator2-server-v4.27.0.apk'
2022-10-12 16:30:27:311 [ADB] 'C:\Users\Santhruptha\AppData\Roaming\npm\node_modules\appium\node_modules\appium-uiautomator2-server\apks\appium-uiautomator2-server-v4.27.0.apk' is signed with the default certificate
2022-10-12 16:30:27:311 [ADB] Getting install status for io.appium.uiautomator2.server.test
2022-10-12 16:30:27:311 [ADB] Running 'C:\Users\Santhruptha\AppData\Local\Android\Sdk\platform-tools\adb.exe -P 5037 -s emulator-5554 shell dumpsys package io.appium.uiautomator2.server.test'
2022-10-12 16:30:27:381 [ADB] 'io.appium.uiautomator2.server.test' is installed
2022-10-12 16:30:27:383 [ADB] Checking app cert for C:\Users\Santhruptha\AppData\Roaming\npm\node_modules\appium\node_modules\appium-uiautomator2-server\apks\appium-uiautomator2-server-debug-androidTest.apk
2022-10-12 16:30:27:392 [ADB] Starting apksigner: 'C:\\Program Files\\Java\\jdk1.8.0_291\\bin\\java.exe' -Xmx1024M -Xss1m -jar C:\\Users\\Santhruptha\\AppData\\Local\\Android\\Sdk\\build-tools\\33.0.0\\lib\\apksigner.jar verify --print-certs C:\\Users\\Santhruptha\\AppData\\Roaming\\npm\\node_modules\\appium\\node_modules\\appium-uiautomator2-server\\apks\\appium-uiautomator2-server-debug-androidTest.apk
2022-10-12 16:30:27:966 [ADB] apksigner stdout: Signer #1 certificate DN: EMAILADDRESS=android@android.com, CN=Android, OU=Android, O=Android, L=Mountain View, ST=California, C=US
2022-10-12 16:30:27:966 [ADB] Signer #1 certificate SHA-256 digest: a40da80a59d170caa950cf15c18c454d47a39b26989d8b640ecd745ba71bf5dc
2022-10-12 16:30:27:966 [ADB] Signer #1 certificate SHA-1 digest: 61ed377e85d386a8dfee6b864bd85b0bfaa5af81
2022-10-12 16:30:27:967 [ADB] Signer #1 certificate MD5 digest: e89b158e4bcf988ebd09eb83f5378e87
2022-10-12 16:30:27:967 [ADB] 
2022-10-12 16:30:27:967 [ADB] sha256 hash did match for 'appium-uiautomator2-server-debug-androidTest.apk'
2022-10-12 16:30:27:967 [ADB] 'C:\Users\Santhruptha\AppData\Roaming\npm\node_modules\appium\node_modules\appium-uiautomator2-server\apks\appium-uiautomator2-server-debug-androidTest.apk' is signed with the default certificate
2022-10-12 16:30:27:967 [UiAutomator2] Server packages are not going to be (re)installed
2022-10-12 16:30:27:971 [UiAutomator2] Waiting up to 30000ms for services to be available
2022-10-12 16:30:27:972 [ADB] Running 'C:\Users\Santhruptha\AppData\Local\Android\Sdk\platform-tools\adb.exe -P 5037 -s emulator-5554 shell pm list instrumentation'
2022-10-12 16:30:28:037 [UiAutomator2] Instrumentation target 'io.appium.uiautomator2.server.test/androidx.test.runner.AndroidJUnitRunner' is available
2022-10-12 16:30:28:040 [ADB] Adding packages ["io.appium.settings","io.appium.uiautomator2.server","io.appium.uiautomator2.server.test"] to Doze whitelist
2022-10-12 16:30:28:041 [ADB] Got the following command chunks to execute: [["dumpsys","deviceidle","whitelist","+io.appium.settings",";","dumpsys","deviceidle","whitelist","+io.appium.uiautomator2.server",";","dumpsys","deviceidle","whitelist","+io.appium.uiautomator2.server.test",";"]]
2022-10-12 16:30:28:041 [ADB] Running 'C:\Users\Santhruptha\AppData\Local\Android\Sdk\platform-tools\adb.exe -P 5037 -s emulator-5554 shell dumpsys deviceidle whitelist +io.appium.settings ; dumpsys deviceidle whitelist +io.appium.uiautomator2.server ; dumpsys deviceidle whitelist +io.appium.uiautomator2.server.test ;'
2022-10-12 16:30:28:121 [ADB] Checking app cert for C:\Sri Mandir repo\SRI_MANDIR(Different languages)\src\main\java\resources\app-debug-3.7.5.apk
2022-10-12 16:30:28:755 [ADB] Starting apksigner: 'C:\\Program Files\\Java\\jdk1.8.0_291\\bin\\java.exe' -Xmx1024M -Xss1m -jar C:\\Users\\Santhruptha\\AppData\\Local\\Android\\Sdk\\build-tools\\33.0.0\\lib\\apksigner.jar verify --print-certs 'C:\\Sri Mandir repo\\SRI_MANDIR(Different languages)\\src\\main\\java\\resources\\app-debug-3.7.5.apk'
2022-10-12 16:30:33:782 [ADB] apksigner stdout: Signer #1 certificate DN: C=US, O=Android, CN=Android Debug
2022-10-12 16:30:33:782 [ADB] Signer #1 certificate SHA-256 digest: 468f8d0eca3bb01d2f428ec8b54a99b3813d746f45499a1b98320fb67de13b88
2022-10-12 16:30:33:782 [ADB] Signer #1 certificate SHA-1 digest: 6af3fb8b6c2faff18497cde281bcb0971856f899
2022-10-12 16:30:33:782 [ADB] Signer #1 certificate MD5 digest: 80c2152efe8fbaf12745baabbb4c6045
2022-10-12 16:30:33:782 [ADB] 
2022-10-12 16:30:33:783 [ADB] 'C:\Sri Mandir repo\SRI_MANDIR(Different languages)\src\main\java\resources\app-debug-3.7.5.apk' is signed with a non-default certificate
2022-10-12 16:30:33:783 [ADB] Getting install status for com.mandir
2022-10-12 16:30:33:783 [ADB] Running 'C:\Users\Santhruptha\AppData\Local\Android\Sdk\platform-tools\adb.exe -P 5037 -s emulator-5554 shell dumpsys package com.mandir'
2022-10-12 16:30:33:860 [ADB] 'com.mandir' is installed
2022-10-12 16:30:33:860 [ADB] Getting package info for 'com.mandir'
2022-10-12 16:30:33:861 [ADB] Running 'C:\Users\Santhruptha\AppData\Local\Android\Sdk\platform-tools\adb.exe -P 5037 -s emulator-5554 shell dumpsys package com.mandir'
2022-10-12 16:30:34:027 [ADB] The version name of the installed 'com.mandir' is greater or equal to the application version name ('3.7.5' >= '3.7.5')
2022-10-12 16:30:34:028 [ADB] There is no need to install/upgrade 'C:\Sri Mandir repo\SRI_MANDIR(Different languages)\src\main\java\resources\app-debug-3.7.5.apk'
2022-10-12 16:30:34:029 [UiAutomator2] Performing shallow cleanup of automation leftovers
2022-10-12 16:30:34:076 [UiAutomator2] The following obsolete sessions are still running: ["12e03e44-1b8f-4999-8c15-ec0232ccab4f"]
2022-10-12 16:30:34:081 [UiAutomator2] Cleaning up 1 obsolete session
2022-10-12 16:30:35:123 [ADB] Running 'C:\Users\Santhruptha\AppData\Local\Android\Sdk\platform-tools\adb.exe -P 5037 -s emulator-5554 shell am force-stop io.appium.uiautomator2.server.test'
2022-10-12 16:30:35:202 [UiAutomator2] Starting UIAutomator2 server 4.27.0
2022-10-12 16:30:35:202 [UiAutomator2] Using UIAutomator2 server from 'C:\Users\Santhruptha\AppData\Roaming\npm\node_modules\appium\node_modules\appium-uiautomator2-server\apks\appium-uiautomator2-server-v4.27.0.apk' and test from 'C:\Users\Santhruptha\AppData\Roaming\npm\node_modules\appium\node_modules\appium-uiautomator2-server\apks\appium-uiautomator2-server-debug-androidTest.apk'
2022-10-12 16:30:35:202 [UiAutomator2] Waiting up to 30000ms for UiAutomator2 to be online...
2022-10-12 16:30:35:203 [ADB] Creating ADB subprocess with args: ["-P",5037,"-s","emulator-5554","shell","am","instrument","-w","-e","disableAnalytics",true,"io.appium.uiautomator2.server.test/androidx.test.runner.AndroidJUnitRunner"]
2022-10-12 16:30:35:213 [WD Proxy] Matched '/status' to command name 'getStatus'
2022-10-12 16:30:35:214 [WD Proxy] Proxying [GET /status] to [GET http://127.0.0.1:8204/wd/hub/status] with no body
2022-10-12 16:30:35:230 [WD Proxy] socket hang up
2022-10-12 16:30:36:080 [Instrumentation] io.appium.uiautomator2.server.test.AppiumUiAutomator2Server:
2022-10-12 16:30:36:243 [WD Proxy] Matched '/status' to command name 'getStatus'
2022-10-12 16:30:36:244 [WD Proxy] Proxying [GET /status] to [GET http://127.0.0.1:8204/wd/hub/status] with no body
2022-10-12 16:30:36:256 [WD Proxy] socket hang up
2022-10-12 16:30:37:257 [WD Proxy] Matched '/status' to command name 'getStatus'
2022-10-12 16:30:37:257 [WD Proxy] Proxying [GET /status] to [GET http://127.0.0.1:8204/wd/hub/status] with no body
2022-10-12 16:30:37:268 [WD Proxy] socket hang up
2022-10-12 16:30:38:282 [WD Proxy] Matched '/status' to command name 'getStatus'
2022-10-12 16:30:38:282 [WD Proxy] Proxying [GET /status] to [GET http://127.0.0.1:8204/wd/hub/status] with no body
2022-10-12 16:30:38:499 [WD Proxy] Got response with status 200: {"sessionId":"None","value":{"message":"UiAutomator2 Server is ready to accept commands","ready":true}}
2022-10-12 16:30:38:500 [UiAutomator2] The initialization of the instrumentation process took 3297ms
2022-10-12 16:30:38:501 [WD Proxy] Matched '/session' to command name 'createSession'
2022-10-12 16:30:38:501 [WD Proxy] Proxying [POST /session] to [POST http://127.0.0.1:8204/wd/hub/session] with body: {"capabilities":{"firstMatch":[{"platform":"ANDROID","webStorageEnabled":false,"takesScreenshot":true,"javascriptEnabled":true,"databaseEnabled":false,"networkConnectionEnabled":true,"locationContextEnabled":false,"warnings":{},"desired":{"platformName":"android","platform":"ANDROID","app":"./src/main/java/resources/app-debug-3.7.5.apk","autoGrantPermissions":true,"automationName":"UiAutomator2","noReset":true,"udid":"emulator-5554"},"platformName":"android","app":"./src/main/java/resources/app-debug-3.7.5.apk","autoGrantPermissions":true,"automationName":"UiAutomator2","noReset":true,"udid":"emulator-5554","deviceName":"emulator-5554","deviceUDID":"emulator-5554","appPackage":"com.mandir"}],"alwaysMatch":{}}}
2022-10-12 16:30:38:560 [WD Proxy] Got response with status 200: {"sessionId":"8e778ef4-c312-4a8b-9b1a-347a87d2e57b","value":{"capabilities":{"firstMatch":[{"platform":"ANDROID","webStorageEnabled":false,"takesScreenshot":true,"javascriptEnabled":true,"databaseEnabled":false,"networkConnectionEnabled":true,"locationContextEnabled":false,"warnings":{},"desired":{"platformName":"android","platform":"ANDROID","app":"./src/main/java/resources/app-debug-3.7.5.apk","autoGrantPermissions":true,"automationName":"UiAutomator2","noReset":true,"udid":"emulator-5554"},"platformName":"android","app":"./src/main/java/resources/app-debug-3.7.5.apk","autoGrantPermissions":true,"automationName":"UiAutomator2","noReset":true,"udid":"emulator-5554","deviceName":"emulator-5554","deviceUDID":"emulator-5554","appPackage":"com.mandir"}],"alwaysMatch":{}},"sessionId":"8e778ef4-c312-4a8b-9b1a-347a87d2e57b"}}
2022-10-12 16:30:38:561 [WD Proxy] Determined the downstream protocol as 'W3C'
2022-10-12 16:30:38:589 [WD Proxy] Proxying [GET /appium/device/info] to [GET http://127.0.0.1:8204/wd/hub/session/8e778ef4-c312-4a8b-9b1a-347a87d2e57b/appium/device/info] with no body
2022-10-12 16:30:38:644 [WD Proxy] Got response with status 200: {"sessionId":"8e778ef4-c312-4a8b-9b1a-347a87d2e57b","value":{"androidId":"552f43563f2b4976","apiVersion":"31","bluetooth":{"state":"ON"},"brand":"google","carrierName":"T-Mobile","displayDensity":420,"locale":"en_US","manufacturer":"Google","model":"sdk_gphone64_x86_64","networks":[{"capabilities":{"SSID":null,"linkDownBandwidthKbps":30000,"linkUpstreamBandwidthKbps":12000,"networkCapabilities":"NET_CAPABILITY_NOT_METERED,NET_CAPABILITY_INTERNET,NET_CAPABILITY_NOT_RESTRICTED,NET_CAPABILITY_TRUSTED,NET_CAPABILITY_NOT_VPN,NET_CAPABILITY_VALIDATED,NET_CAPABILITY_NOT_ROAMING,NET_CAPABILITY_FOREGROUND,NET_CAPABILITY_NOT_CONGESTED,NET_CAPABILITY_NOT_SUSPENDED","signalStrength":-50,"transportTypes":"TRANSPORT_WIFI"},"detailedState":"CONNECTED","extraInfo":"","isAvailable":true,"isConnected":true,"isFailover":false,"isRoaming":false,"state":"CONNECTED","subtype":-1,"subtypeName":"","type":1,"typeName":"WIFI"},{"capabilities":{"SSID":null,"linkDownBandwidthKbps":4300,"linkUpstreamBandwidthKbps":1800,"networkCapabil...
2022-10-12 16:30:38:645 [ADB] Running 'C:\Users\Santhruptha\AppData\Local\Android\Sdk\platform-tools\adb.exe -P 5037 -s emulator-5554 shell dumpsys window'
2022-10-12 16:30:38:745 [AndroidDriver] Screen already unlocked, doing nothing
2022-10-12 16:30:38:746 [UiAutomator2] Starting 'com.mandir/com.mandir.ui.activity.SplashActivity and waiting for 'com.mandir/com.mandir.ui.activity.SplashActivity'
2022-10-12 16:30:38:747 [ADB] Running 'C:\Users\Santhruptha\AppData\Local\Android\Sdk\platform-tools\adb.exe -P 5037 -s emulator-5554 shell am start -W -n com.mandir/com.mandir.ui.activity.SplashActivity -S -a android.intent.action.MAIN -c android.intent.category.LAUNCHER -f 0x10200000'
2022-10-12 16:30:44:479 [ADB] Waiting up to 20000ms for activity matching pkg: 'com.mandir' and activity: 'com.mandir.ui.activity.SplashActivity' to be focused
2022-10-12 16:30:44:479 [ADB] Possible activities, to be checked: 'com.mandir.ui.activity.SplashActivity', 'com.mandir.com.mandir.ui.activity.SplashActivity'
2022-10-12 16:30:44:480 [ADB] Getting focused package and activity
2022-10-12 16:30:44:481 [ADB] Running 'C:\Users\Santhruptha\AppData\Local\Android\Sdk\platform-tools\adb.exe -P 5037 -s emulator-5554 shell dumpsys window displays'
2022-10-12 16:30:44:612 [ADB] Found package: 'com.mandir' and fully qualified activity name : 'com.mandir.ui.activity.SplashActivity'
2022-10-12 16:30:44:615 [WD Proxy] Proxying [GET /appium/device/pixel_ratio] to [GET http://127.0.0.1:8204/wd/hub/session/8e778ef4-c312-4a8b-9b1a-347a87d2e57b/appium/device/pixel_ratio] with no body
2022-10-12 16:30:44:665 [WD Proxy] Got response with status 200: {"sessionId":"8e778ef4-c312-4a8b-9b1a-347a87d2e57b","value":2.625}
2022-10-12 16:30:44:668 [WD Proxy] Matched '/appium/device/system_bars' to command name 'getSystemBars'
2022-10-12 16:30:44:668 [WD Proxy] Proxying [GET /appium/device/system_bars] to [GET http://127.0.0.1:8204/wd/hub/session/8e778ef4-c312-4a8b-9b1a-347a87d2e57b/appium/device/system_bars] with no body
2022-10-12 16:30:44:725 [WD Proxy] Got response with status 200: {"sessionId":"8e778ef4-c312-4a8b-9b1a-347a87d2e57b","value":{"statusBar":63}}
2022-10-12 16:30:44:727 [WD Proxy] Matched '/window/current/size' to command name 'getWindowSize'
2022-10-12 16:30:44:727 [WD Proxy] Proxying [GET /window/current/size] to [GET http://127.0.0.1:8204/wd/hub/session/8e778ef4-c312-4a8b-9b1a-347a87d2e57b/window/current/size] with no body
2022-10-12 16:30:44:754 [WD Proxy] Got response with status 200: {"sessionId":"8e778ef4-c312-4a8b-9b1a-347a87d2e57b","value":{"height":1794,"width":1080}}
2022-10-12 16:30:44:756 [Appium] New AndroidUiautomator2Driver session created successfully, session 77fb895e-f4e3-4794-885a-a588ecbf1dde added to master session list
2022-10-12 16:30:44:758 [BaseDriver] Event 'newSessionStarted' logged at 1665592244758 (22:00:44 GMT+0530 (India Standard Time))
2022-10-12 16:30:44:759 [W3C (77fb895e)] Cached the protocol value 'W3C' for the new session 77fb895e-f4e3-4794-885a-a588ecbf1dde
2022-10-12 16:30:44:760 [W3C (77fb895e)] Responding to client with driver.createSession() result: {"capabilities":{"platform":"ANDROID","webStorageEnabled":false,"takesScreenshot":true,"javascriptEnabled":true,"databaseEnabled":false,"networkConnectionEnabled":true,"locationContextEnabled":false,"warnings":{},"desired":{"platformName":"android","platform":"ANDROID","app":"./src/main/java/resources/app-debug-3.7.5.apk","autoGrantPermissions":true,"automationName":"UiAutomator2","noReset":true,"udid":"emulator-5554"},"platformName":"android","app":"./src/main/java/resources/app-debug-3.7.5.apk","autoGrantPermissions":true,"automationName":"UiAutomator2","noReset":true,"udid":"emulator-5554","deviceName":"emulator-5554","deviceUDID":"emulator-5554","appPackage":"com.mandir","deviceApiLevel":31,"platformVersion":"12","deviceScreenSize":"1080x1920","deviceScreenDensity":420,"deviceModel":"sdk_gphone64_x86_64","deviceManufacturer":"Google","pixelRatio":2.625,"statBarHeight":63,"viewportRect":{"left":0,"top":63,"width":1080,"height":1731}}}
2022-10-12 16:30:44:764 [HTTP] <-- POST /wd/hub/session 200 21618 ms - 1012
2022-10-12 16:30:44:765 [HTTP] 
2022-10-12 16:30:44:899 [HTTP] --> GET /wd/hub/session/77fb895e-f4e3-4794-885a-a588ecbf1dde
2022-10-12 16:30:44:899 [HTTP] {}
2022-10-12 16:30:44:901 [W3C (77fb895e)] Calling AppiumDriver.getSession() with args: ["77fb895e-f4e3-4794-885a-a588ecbf1dde"]
2022-10-12 16:30:44:902 [UiAutomator2] Getting session details from server to mix in
2022-10-12 16:30:44:902 [WD Proxy] Matched '/' to command name 'getSession'
2022-10-12 16:30:44:903 [WD Proxy] Proxying [GET /] to [GET http://127.0.0.1:8204/wd/hub/session/8e778ef4-c312-4a8b-9b1a-347a87d2e57b] with no body
2022-10-12 16:30:44:928 [WD Proxy] Got response with status 200: {"sessionId":"8e778ef4-c312-4a8b-9b1a-347a87d2e57b","value":{"lastScrollData":null}}
2022-10-12 16:30:44:929 [W3C (77fb895e)] Responding to client with driver.getSession() result: {"platform":"ANDROID","webStorageEnabled":false,"takesScreenshot":true,"javascriptEnabled":true,"databaseEnabled":false,"networkConnectionEnabled":true,"locationContextEnabled":false,"warnings":{},"desired":{"platformName":"android","platform":"ANDROID","app":"./src/main/java/resources/app-debug-3.7.5.apk","autoGrantPermissions":true,"automationName":"UiAutomator2","noReset":true,"udid":"emulator-5554"},"platformName":"android","app":"./src/main/java/resources/app-debug-3.7.5.apk","autoGrantPermissions":true,"automationName":"UiAutomator2","noReset":true,"udid":"emulator-5554","deviceName":"emulator-5554","deviceUDID":"emulator-5554","appPackage":"com.mandir","deviceApiLevel":31,"platformVersion":"12","deviceScreenSize":"1080x1920","deviceScreenDensity":420,"deviceModel":"sdk_gphone64_x86_64","deviceManufacturer":"Google","pixelRatio":2.625,"statBarHeight":63,"viewportRect":{"left":0,"top":63,"width":1080,"height":1731},"lastScrollData":null}
2022-10-12 16:30:44:931 [HTTP] <-- GET /wd/hub/session/77fb895e-f4e3-4794-885a-a588ecbf1dde 200 31 ms - 966
2022-10-12 16:30:44:932 [HTTP] 
2022-10-12 16:30:44:946 [HTTP] --> GET /wd/hub/session/77fb895e-f4e3-4794-885a-a588ecbf1dde
2022-10-12 16:30:44:947 [HTTP] {}
2022-10-12 16:30:44:948 [W3C (77fb895e)] Calling AppiumDriver.getSession() with args: ["77fb895e-f4e3-4794-885a-a588ecbf1dde"]
2022-10-12 16:30:44:949 [UiAutomator2] Getting session details from server to mix in
2022-10-12 16:30:44:950 [WD Proxy] Matched '/' to command name 'getSession'
2022-10-12 16:30:44:950 [WD Proxy] Proxying [GET /] to [GET http://127.0.0.1:8204/wd/hub/session/8e778ef4-c312-4a8b-9b1a-347a87d2e57b] with no body
2022-10-12 16:30:44:975 [WD Proxy] Got response with status 200: {"sessionId":"8e778ef4-c312-4a8b-9b1a-347a87d2e57b","value":{"lastScrollData":null}}
2022-10-12 16:30:44:977 [W3C (77fb895e)] Responding to client with driver.getSession() result: {"platform":"ANDROID","webStorageEnabled":false,"takesScreenshot":true,"javascriptEnabled":true,"databaseEnabled":false,"networkConnectionEnabled":true,"locationContextEnabled":false,"warnings":{},"desired":{"platformName":"android","platform":"ANDROID","app":"./src/main/java/resources/app-debug-3.7.5.apk","autoGrantPermissions":true,"automationName":"UiAutomator2","noReset":true,"udid":"emulator-5554"},"platformName":"android","app":"./src/main/java/resources/app-debug-3.7.5.apk","autoGrantPermissions":true,"automationName":"UiAutomator2","noReset":true,"udid":"emulator-5554","deviceName":"emulator-5554","deviceUDID":"emulator-5554","appPackage":"com.mandir","deviceApiLevel":31,"platformVersion":"12","deviceScreenSize":"1080x1920","deviceScreenDensity":420,"deviceModel":"sdk_gphone64_x86_64","deviceManufacturer":"Google","pixelRatio":2.625,"statBarHeight":63,"viewportRect":{"left":0,"top":63,"width":1080,"height":1731},"lastScrollData":null}
2022-10-12 16:30:44:979 [HTTP] <-- GET /wd/hub/session/77fb895e-f4e3-4794-885a-a588ecbf1dde 200 32 ms - 966
2022-10-12 16:30:44:979 [HTTP] 
2022-10-12 16:30:44:996 [HTTP] --> POST /wd/hub/session/77fb895e-f4e3-4794-885a-a588ecbf1dde/timeouts
2022-10-12 16:30:44:997 [HTTP] {"implicit":50000}
2022-10-12 16:30:45:000 [W3C (77fb895e)] Calling AppiumDriver.timeouts() with args: [null,null,null,null,50000,"77fb895e-f4e3-4794-885a-a588ecbf1dde"]
2022-10-12 16:30:45:002 [BaseDriver] W3C timeout argument: {"implicit":50000}}
2022-10-12 16:30:45:003 [BaseDriver] Set implicit wait to 50000ms
2022-10-12 16:30:45:004 [W3C (77fb895e)] Responding to client with driver.timeouts() result: null
2022-10-12 16:30:45:005 [HTTP] <-- POST /wd/hub/session/77fb895e-f4e3-4794-885a-a588ecbf1dde/timeouts 200 8 ms - 14
2022-10-12 16:30:45:006 [HTTP] 
2022-10-12 16:30:45:168 [HTTP] --> POST /wd/hub/session/77fb895e-f4e3-4794-885a-a588ecbf1dde/element
2022-10-12 16:30:45:168 [HTTP] {"using":"xpath","value":"//android.widget.TextView[@text='संगीत']"}
2022-10-12 16:30:45:178 [W3C (77fb895e)] Calling AppiumDriver.findElement() with args: ["xpath","//android.widget.TextView[@text='संगीत']","77fb895e-f4e3-4794-885a-a588ecbf1dde"]
2022-10-12 16:30:45:179 [BaseDriver] Valid locator strategies for this request: xpath, id, class name, accessibility id, css selector, -android uiautomator
2022-10-12 16:30:45:180 [BaseDriver] Waiting up to 50000 ms for condition
2022-10-12 16:30:45:182 [WD Proxy] Matched '/element' to command name 'findElement'
2022-10-12 16:30:45:182 [WD Proxy] Proxying [POST /element] to [POST http://127.0.0.1:8204/wd/hub/session/8e778ef4-c312-4a8b-9b1a-347a87d2e57b/element] with body: {"strategy":"xpath","selector":"//android.widget.TextView[@text='संगीत']","context":"","multiple":false}
2022-10-12 16:30:49:647 [WD Proxy] Got response with status 404: {"sessionId":"8e778ef4-c312-4a8b-9b1a-347a87d2e57b","value":{"error":"no such element","message":"An element could not be located on the page using the given search parameters","stacktrace":"io.appium.uiautomator2.common.exceptions.ElementNotFoundException: An element could not be located on the page using the given search parameters\n\tat io.appium.uiautomator2.handler.FindElement.findElement(FindElement.java:90)\n\tat io.appium.uiautomator2.handler.FindElement.safeHandle(FindElement.java:67)\n\tat io.appium.uiautomator2.handler.request.SafeRequestHandler.handle(SafeRequestHandler.java:59)\n\tat io.appium.uiautomator2.server.AppiumServlet.handleRequest(AppiumServlet.java:266)\n\tat io.appium.uiautomator2.server.AppiumServlet.handleHttpRequest(AppiumServlet.java:260)\n\tat io.appium.uiautomator2.http.ServerHandler.channelRead(ServerHandler.java:68)\n\tat io.netty.channel.AbstractChannelHandlerContext.invokeChannelRead(AbstractChannelHandlerContext.java:366)\n\tat io.netty.channel.AbstractChannelHandlerCont...
2022-10-12 16:30:49:649 [W3C] Matched W3C error code 'no such element' to NoSuchElementError
2022-10-12 16:30:49:649 [BaseDriver] Waited for 4469 ms so far
2022-10-12 16:30:50:170 [WD Proxy] Matched '/element' to command name 'findElement'
2022-10-12 16:30:50:171 [WD Proxy] Proxying [POST /element] to [POST http://127.0.0.1:8204/wd/hub/session/8e778ef4-c312-4a8b-9b1a-347a87d2e57b/element] with body: {"strategy":"xpath","selector":"//android.widget.TextView[@text='संगीत']","context":"","multiple":false}
2022-10-12 16:30:55:947 [WD Proxy] Got response with status 200: {"sessionId":"8e778ef4-c312-4a8b-9b1a-347a87d2e57b","value":{"ELEMENT":"00000000-0000-0038-ffff-ffff00000023","element-6066-11e4-a52e-4f735466cecf":"00000000-0000-0038-ffff-ffff00000023"}}
2022-10-12 16:30:55:948 [W3C (77fb895e)] Responding to client with driver.findElement() result: {"element-6066-11e4-a52e-4f735466cecf":"00000000-0000-0038-ffff-ffff00000023","ELEMENT":"00000000-0000-0038-ffff-ffff00000023"}
2022-10-12 16:30:55:951 [HTTP] <-- POST /wd/hub/session/77fb895e-f4e3-4794-885a-a588ecbf1dde/element 200 10782 ms - 137
2022-10-12 16:30:55:952 [HTTP] 
2022-10-12 16:30:55:988 [HTTP] --> GET /wd/hub/session/77fb895e-f4e3-4794-885a-a588ecbf1dde/element/00000000-0000-0038-ffff-ffff00000023/displayed
2022-10-12 16:30:55:989 [HTTP] {}
2022-10-12 16:30:55:998 [W3C (77fb895e)] Calling AppiumDriver.elementDisplayed() with args: ["00000000-0000-0038-ffff-ffff00000023","77fb895e-f4e3-4794-885a-a588ecbf1dde"]
2022-10-12 16:30:56:009 [WD Proxy] Matched '/element/00000000-0000-0038-ffff-ffff00000023/attribute/displayed' to command name 'getAttribute'
2022-10-12 16:30:56:013 [WD Proxy] Proxying [GET /element/00000000-0000-0038-ffff-ffff00000023/attribute/displayed] to [GET http://127.0.0.1:8204/wd/hub/session/8e778ef4-c312-4a8b-9b1a-347a87d2e57b/element/00000000-0000-0038-ffff-ffff00000023/attribute/displayed] with no body
2022-10-12 16:30:56:145 [WD Proxy] Got response with status 200: {"sessionId":"8e778ef4-c312-4a8b-9b1a-347a87d2e57b","value":"true"}
2022-10-12 16:30:56:147 [W3C (77fb895e)] Responding to client with driver.elementDisplayed() result: true
2022-10-12 16:30:56:149 [HTTP] <-- GET /wd/hub/session/77fb895e-f4e3-4794-885a-a588ecbf1dde/element/00000000-0000-0038-ffff-ffff00000023/displayed 200 160 ms - 14
2022-10-12 16:30:56:149 [HTTP] 
2022-10-12 16:30:56:165 [HTTP] --> POST /wd/hub/session/77fb895e-f4e3-4794-885a-a588ecbf1dde/element
2022-10-12 16:30:56:166 [HTTP] {"using":"xpath","value":"//android.widget.TextView[@text='संगीत']"}
2022-10-12 16:30:56:167 [W3C (77fb895e)] Calling AppiumDriver.findElement() with args: ["xpath","//android.widget.TextView[@text='संगीत']","77fb895e-f4e3-4794-885a-a588ecbf1dde"]
2022-10-12 16:30:56:168 [BaseDriver] Valid locator strategies for this request: xpath, id, class name, accessibility id, css selector, -android uiautomator
2022-10-12 16:30:56:168 [BaseDriver] Waiting up to 50000 ms for condition
2022-10-12 16:30:56:169 [WD Proxy] Matched '/element' to command name 'findElement'
2022-10-12 16:30:56:169 [WD Proxy] Proxying [POST /element] to [POST http://127.0.0.1:8204/wd/hub/session/8e778ef4-c312-4a8b-9b1a-347a87d2e57b/element] with body: {"strategy":"xpath","selector":"//android.widget.TextView[@text='संगीत']","context":"","multiple":false}
2022-10-12 16:30:58:725 [WD Proxy] Got response with status 200: {"sessionId":"8e778ef4-c312-4a8b-9b1a-347a87d2e57b","value":{"ELEMENT":"00000000-0000-0038-ffff-ffff00000023","element-6066-11e4-a52e-4f735466cecf":"00000000-0000-0038-ffff-ffff00000023"}}
2022-10-12 16:30:58:726 [W3C (77fb895e)] Responding to client with driver.findElement() result: {"element-6066-11e4-a52e-4f735466cecf":"00000000-0000-0038-ffff-ffff00000023","ELEMENT":"00000000-0000-0038-ffff-ffff00000023"}
2022-10-12 16:30:58:728 [HTTP] <-- POST /wd/hub/session/77fb895e-f4e3-4794-885a-a588ecbf1dde/element 200 2563 ms - 137
2022-10-12 16:30:58:729 [HTTP] 
2022-10-12 16:30:58:744 [HTTP] --> POST /wd/hub/session/77fb895e-f4e3-4794-885a-a588ecbf1dde/element/00000000-0000-0038-ffff-ffff00000023/click
2022-10-12 16:30:58:745 [HTTP] {"id":"00000000-0000-0038-ffff-ffff00000023"}
2022-10-12 16:30:58:747 [W3C (77fb895e)] Calling AppiumDriver.click() with args: ["00000000-0000-0038-ffff-ffff00000023","77fb895e-f4e3-4794-885a-a588ecbf1dde"]
2022-10-12 16:30:58:748 [WD Proxy] Matched '/element/00000000-0000-0038-ffff-ffff00000023/click' to command name 'click'
2022-10-12 16:30:58:748 [WD Proxy] Proxying [POST /element/00000000-0000-0038-ffff-ffff00000023/click] to [POST http://127.0.0.1:8204/wd/hub/session/8e778ef4-c312-4a8b-9b1a-347a87d2e57b/element/00000000-0000-0038-ffff-ffff00000023/click] with body: {"element":"00000000-0000-0038-ffff-ffff00000023"}
2022-10-12 16:30:58:850 [WD Proxy] Got response with status 200: {"sessionId":"8e778ef4-c312-4a8b-9b1a-347a87d2e57b","value":null}
2022-10-12 16:30:58:851 [W3C (77fb895e)] Responding to client with driver.click() result: null
2022-10-12 16:30:58:853 [HTTP] <-- POST /wd/hub/session/77fb895e-f4e3-4794-885a-a588ecbf1dde/element/00000000-0000-0038-ffff-ffff00000023/click 200 107 ms - 14
2022-10-12 16:30:58:854 [HTTP] 
2022-10-12 16:30:58:873 [HTTP] --> POST /wd/hub/session/77fb895e-f4e3-4794-885a-a588ecbf1dde/element
2022-10-12 16:30:58:874 [HTTP] {"using":"xpath","value":"//android.widget.TextView[@text='संगीत संग्रह']"}
2022-10-12 16:30:58:876 [W3C (77fb895e)] Calling AppiumDriver.findElement() with args: ["xpath","//android.widget.TextView[@text='संगीत संग्रह']","77fb895e-f4e3-4794-885a-a588ecbf1dde"]
2022-10-12 16:30:58:877 [BaseDriver] Valid locator strategies for this request: xpath, id, class name, accessibility id, css selector, -android uiautomator
2022-10-12 16:30:58:878 [BaseDriver] Waiting up to 50000 ms for condition
2022-10-12 16:30:58:879 [WD Proxy] Matched '/element' to command name 'findElement'
2022-10-12 16:30:58:880 [WD Proxy] Proxying [POST /element] to [POST http://127.0.0.1:8204/wd/hub/session/8e778ef4-c312-4a8b-9b1a-347a87d2e57b/element] with body: {"strategy":"xpath","selector":"//android.widget.TextView[@text='संगीत संग्रह']","context":"","multiple":false}
2022-10-12 16:31:01:251 [WD Proxy] Got response with status 200: {"sessionId":"8e778ef4-c312-4a8b-9b1a-347a87d2e57b","value":{"ELEMENT":"00000000-0000-0038-ffff-ffff00000095","element-6066-11e4-a52e-4f735466cecf":"00000000-0000-0038-ffff-ffff00000095"}}
2022-10-12 16:31:01:253 [W3C (77fb895e)] Responding to client with driver.findElement() result: {"element-6066-11e4-a52e-4f735466cecf":"00000000-0000-0038-ffff-ffff00000095","ELEMENT":"00000000-0000-0038-ffff-ffff00000095"}
2022-10-12 16:31:01:257 [HTTP] <-- POST /wd/hub/session/77fb895e-f4e3-4794-885a-a588ecbf1dde/element 200 2382 ms - 137
2022-10-12 16:31:01:258 [HTTP] 
2022-10-12 16:31:01:267 [HTTP] --> GET /wd/hub/session/77fb895e-f4e3-4794-885a-a588ecbf1dde/element/00000000-0000-0038-ffff-ffff00000095/displayed
2022-10-12 16:31:01:268 [HTTP] {}
2022-10-12 16:31:01:273 [W3C (77fb895e)] Calling AppiumDriver.elementDisplayed() with args: ["00000000-0000-0038-ffff-ffff00000095","77fb895e-f4e3-4794-885a-a588ecbf1dde"]
2022-10-12 16:31:01:276 [WD Proxy] Matched '/element/00000000-0000-0038-ffff-ffff00000095/attribute/displayed' to command name 'getAttribute'
2022-10-12 16:31:01:277 [WD Proxy] Proxying [GET /element/00000000-0000-0038-ffff-ffff00000095/attribute/displayed] to [GET http://127.0.0.1:8204/wd/hub/session/8e778ef4-c312-4a8b-9b1a-347a87d2e57b/element/00000000-0000-0038-ffff-ffff00000095/attribute/displayed] with no body
2022-10-12 16:31:03:303 [WD Proxy] Got response with status 200: {"sessionId":"8e778ef4-c312-4a8b-9b1a-347a87d2e57b","value":"true"}
2022-10-12 16:31:03:304 [W3C (77fb895e)] Responding to client with driver.elementDisplayed() result: true
2022-10-12 16:31:03:306 [HTTP] <-- GET /wd/hub/session/77fb895e-f4e3-4794-885a-a588ecbf1dde/element/00000000-0000-0038-ffff-ffff00000095/displayed 200 2038 ms - 14
2022-10-12 16:31:03:307 [HTTP] 
2022-10-12 16:31:03:318 [HTTP] --> POST /wd/hub/session/77fb895e-f4e3-4794-885a-a588ecbf1dde/element
2022-10-12 16:31:03:319 [HTTP] {"using":"xpath","value":"//android.widget.TextView[@text='संगीत संग्रह']"}
2022-10-12 16:31:03:321 [W3C (77fb895e)] Calling AppiumDriver.findElement() with args: ["xpath","//android.widget.TextView[@text='संगीत संग्रह']","77fb895e-f4e3-4794-885a-a588ecbf1dde"]
2022-10-12 16:31:03:322 [BaseDriver] Valid locator strategies for this request: xpath, id, class name, accessibility id, css selector, -android uiautomator
2022-10-12 16:31:03:322 [BaseDriver] Waiting up to 50000 ms for condition
2022-10-12 16:31:03:323 [WD Proxy] Matched '/element' to command name 'findElement'
2022-10-12 16:31:03:324 [WD Proxy] Proxying [POST /element] to [POST http://127.0.0.1:8204/wd/hub/session/8e778ef4-c312-4a8b-9b1a-347a87d2e57b/element] with body: {"strategy":"xpath","selector":"//android.widget.TextView[@text='संगीत संग्रह']","context":"","multiple":false}
2022-10-12 16:31:03:745 [WD Proxy] Got response with status 200: {"sessionId":"8e778ef4-c312-4a8b-9b1a-347a87d2e57b","value":{"ELEMENT":"00000000-0000-0038-ffff-ffff00000095","element-6066-11e4-a52e-4f735466cecf":"00000000-0000-0038-ffff-ffff00000095"}}
2022-10-12 16:31:03:746 [W3C (77fb895e)] Responding to client with driver.findElement() result: {"element-6066-11e4-a52e-4f735466cecf":"00000000-0000-0038-ffff-ffff00000095","ELEMENT":"00000000-0000-0038-ffff-ffff00000095"}
2022-10-12 16:31:03:748 [HTTP] <-- POST /wd/hub/session/77fb895e-f4e3-4794-885a-a588ecbf1dde/element 200 429 ms - 137
2022-10-12 16:31:03:749 [HTTP] 
2022-10-12 16:31:03:757 [HTTP] --> GET /wd/hub/session/77fb895e-f4e3-4794-885a-a588ecbf1dde/element/00000000-0000-0038-ffff-ffff00000095/text
2022-10-12 16:31:03:757 [HTTP] {}
2022-10-12 16:31:03:760 [W3C (77fb895e)] Driver proxy active, passing request on via HTTP proxy
2022-10-12 16:31:03:761 [WD Proxy] Matched '/wd/hub/session/77fb895e-f4e3-4794-885a-a588ecbf1dde/element/00000000-0000-0038-ffff-ffff00000095/text' to command name 'getText'
2022-10-12 16:31:03:762 [WD Proxy] Proxying [GET /wd/hub/session/77fb895e-f4e3-4794-885a-a588ecbf1dde/element/00000000-0000-0038-ffff-ffff00000095/text] to [GET http://127.0.0.1:8204/wd/hub/session/8e778ef4-c312-4a8b-9b1a-347a87d2e57b/element/00000000-0000-0038-ffff-ffff00000095/text] with no body
2022-10-12 16:31:03:784 [WD Proxy] Got response with status 200: {"sessionId":"8e778ef4-c312-4a8b-9b1a-347a87d2e57b","value":"संगीत संग्रह"}
2022-10-12 16:31:03:784 [WD Proxy] Replacing sessionId 8e778ef4-c312-4a8b-9b1a-347a87d2e57b with 77fb895e-f4e3-4794-885a-a588ecbf1dde
2022-10-12 16:31:03:787 [HTTP] <-- GET /wd/hub/session/77fb895e-f4e3-4794-885a-a588ecbf1dde/element/00000000-0000-0038-ffff-ffff00000095/text 200 29 ms - 97
2022-10-12 16:31:03:787 [HTTP] 
2022-10-12 16:31:03:806 [HTTP] --> POST /wd/hub/session/77fb895e-f4e3-4794-885a-a588ecbf1dde/appium/app/close
2022-10-12 16:31:03:806 [HTTP] {}
2022-10-12 16:31:03:818 [W3C (77fb895e)] Calling AppiumDriver.closeApp() with args: ["77fb895e-f4e3-4794-885a-a588ecbf1dde"]
2022-10-12 16:31:03:820 [ADB] Running 'C:\Users\Santhruptha\AppData\Local\Android\Sdk\platform-tools\adb.exe -P 5037 -s emulator-5554 shell am force-stop com.mandir'
2022-10-12 16:31:04:045 [W3C (77fb895e)] Responding to client with driver.closeApp() result: null
