2022-10-20 06:04:53:227 [Appium] Welcome to Appium v1.22.3
2022-10-20 06:04:53:229 [Appium] Non-default server args:
2022-10-20 06:04:53:229 [Appium]   address: 127.0.0.1
2022-10-20 06:04:53:229 [Appium]   port: 35279
2022-10-20 06:04:53:229 [Appium]   logFile: C:\Users\Shilpa\Documents\New_Sri_Mandir\SRI_MANDIR(Different languages)\.\ServerLogs\appiumSriMandirVerifySujav11.log
2022-10-20 06:04:53:258 [Appium] Appium REST http interface listener started on 127.0.0.1:35279
2022-10-20 06:04:53:378 [HTTP] --> GET /wd/hub/status
2022-10-20 06:04:53:378 [HTTP] {}
2022-10-20 06:04:53:381 [GENERIC] Calling AppiumDriver.getStatus() with args: []
2022-10-20 06:04:53:383 [GENERIC] Responding to client with driver.getStatus() result: {"build":{"version":"1.22.3"}}
2022-10-20 06:04:53:393 [HTTP] <-- GET /wd/hub/status 200 13 ms - 68
2022-10-20 06:04:53:393 [HTTP] 
2022-10-20 06:04:54:010 [HTTP] --> POST /wd/hub/session
2022-10-20 06:04:54:011 [HTTP] {"desiredCapabilities":{"app":"./src/main/java/resources/app-debug-3.8.0.apk","noReset":true,"automationName":"UiAutomator2","autoGrantPermissions":true,"platformName":"Android","udid":"emulator-5554","platform":"ANDROID"},"capabilities":{"firstMatch":[{"appium:app":"./src/main/java/resources/app-debug-3.8.0.apk","appium:autoGrantPermissions":true,"appium:automationName":"UiAutomator2","appium:noReset":true,"platform":"ANDROID","platformName":"android","appium:udid":"emulator-5554"}]}}
2022-10-20 06:04:54:012 [W3C] Calling AppiumDriver.createSession() with args: [{"app":"./src/main/java/resources/app-debug-3.8.0.apk","noReset":true,"automationName":"UiAutomator2","autoGrantPermissions":true,"platformName":"Android","udid":"emulator-5554","platform":"ANDROID"},null,{"firstMatch":[{"appium:app":"./src/main/java/resources/app-debug-3.8.0.apk","appium:autoGrantPermissions":true,"appium:automationName":"UiAutomator2","appium:noReset":true,"platform":"ANDROID","platformName":"android","appium:udid":"emulator-5554"}]}]
2022-10-20 06:04:54:013 [BaseDriver] Event 'newSessionRequested' logged at 1666245894012 (11:34:54 GMT+0530 (India Standard Time))
2022-10-20 06:04:54:016 [BaseDriver] The following capabilities are not standard capabilities and should have an extension prefix:
2022-10-20 06:04:54:017 [BaseDriver]   platform
2022-10-20 06:04:54:349 [Appium] Appium v1.22.3 creating new AndroidUiautomator2Driver (v1.70.1) session
2022-10-20 06:04:54:352 [BaseDriver] W3C capabilities and MJSONWP desired capabilities were provided
2022-10-20 06:04:54:352 [BaseDriver] Creating session with W3C capabilities: {
2022-10-20 06:04:54:352 [BaseDriver]   "alwaysMatch": {
2022-10-20 06:04:54:352 [BaseDriver]     "appium:platform": "ANDROID",
2022-10-20 06:04:54:352 [BaseDriver]     "platformName": "android",
2022-10-20 06:04:54:352 [BaseDriver]     "appium:app": "./src/main/java/resources/app-debug-3.8.0.apk",
2022-10-20 06:04:54:352 [BaseDriver]     "appium:autoGrantPermissions": true,
2022-10-20 06:04:54:352 [BaseDriver]     "appium:automationName": "UiAutomator2",
2022-10-20 06:04:54:353 [BaseDriver]     "appium:noReset": true,
2022-10-20 06:04:54:353 [BaseDriver]     "appium:udid": "emulator-5554"
2022-10-20 06:04:54:353 [BaseDriver]   },
2022-10-20 06:04:54:353 [BaseDriver]   "firstMatch": [
2022-10-20 06:04:54:353 [BaseDriver]     {}
2022-10-20 06:04:54:353 [BaseDriver]   ]
2022-10-20 06:04:54:353 [BaseDriver] }
2022-10-20 06:04:54:362 [BaseDriver] The following capabilities were provided, but are not recognized by Appium:
2022-10-20 06:04:54:362 [BaseDriver]   platform
2022-10-20 06:04:54:363 [BaseDriver] Session created with session id: 7a2aded9-8f40-40f3-b9e1-6bb9bbd22fcf
2022-10-20 06:04:54:366 [BaseDriver] Using local app './src/main/java/resources/app-debug-3.8.0.apk'
2022-10-20 06:04:54:367 [BaseDriver] The current application path './src/main/java/resources/app-debug-3.8.0.apk' is not absolute and has been rewritten to 'C:\Users\Shilpa\Documents\New_Sri_Mandir\SRI_MANDIR(Different languages)\src\main\java\resources\app-debug-3.8.0.apk'. Consider using absolute paths rather than relative
2022-10-20 06:04:54:367 [UiAutomator2] Checking whether app is actually present
2022-10-20 06:04:54:390 [ADB] Found 2 'build-tools' folders under 'C:\Users\Shilpa\AppData\Local\Android\Sdk' (newest first):
2022-10-20 06:04:54:390 [ADB]     C:/Users/Shilpa/AppData/Local/Android/Sdk/build-tools/33.0.0
2022-10-20 06:04:54:390 [ADB]     C:/Users/Shilpa/AppData/Local/Android/Sdk/build-tools/30.0.3
2022-10-20 06:04:54:390 [ADB] Using 'adb.exe' from 'C:\Users\Shilpa\AppData\Local\Android\Sdk\platform-tools\adb.exe'
2022-10-20 06:04:54:391 [ADB] Running 'C:\Users\Shilpa\AppData\Local\Android\Sdk\platform-tools\adb.exe -P 5037 start-server'
2022-10-20 06:04:54:429 [AndroidDriver] Retrieving device list
2022-10-20 06:04:54:429 [ADB] Trying to find a connected android device
2022-10-20 06:04:54:430 [ADB] Getting connected devices
2022-10-20 06:04:54:454 [ADB] Connected devices: [{"udid":"emulator-5554","state":"device"}]
2022-10-20 06:04:54:454 [AndroidDriver] Using device: emulator-5554
2022-10-20 06:04:54:456 [ADB] Using 'adb.exe' from 'C:\Users\Shilpa\AppData\Local\Android\Sdk\platform-tools\adb.exe'
2022-10-20 06:04:54:456 [ADB] Running 'C:\Users\Shilpa\AppData\Local\Android\Sdk\platform-tools\adb.exe -P 5037 start-server'
2022-10-20 06:04:54:485 [ADB] Setting device id to emulator-5554
2022-10-20 06:04:54:486 [ADB] Running 'C:\Users\Shilpa\AppData\Local\Android\Sdk\platform-tools\adb.exe -P 5037 -s emulator-5554 shell getprop ro.build.version.sdk'
2022-10-20 06:04:54:560 [ADB] Current device property 'ro.build.version.sdk': 31
2022-10-20 06:04:54:561 [ADB] Getting device platform version
2022-10-20 06:04:54:561 [ADB] Running 'C:\Users\Shilpa\AppData\Local\Android\Sdk\platform-tools\adb.exe -P 5037 -s emulator-5554 shell getprop ro.build.version.release'
2022-10-20 06:04:54:651 [ADB] Current device property 'ro.build.version.release': 12
2022-10-20 06:04:54:651 [ADB] Device API level: 31
2022-10-20 06:04:54:651 [UiAutomator2] Relaxing hidden api policy
2022-10-20 06:04:54:652 [ADB] Running 'C:\Users\Shilpa\AppData\Local\Android\Sdk\platform-tools\adb.exe -P 5037 -s emulator-5554 shell 'settings put global hidden_api_policy_pre_p_apps 1;settings put global hidden_api_policy_p_apps 1;settings put global hidden_api_policy 1''
2022-10-20 06:04:54:777 [AndroidDriver] Parsing package and activity from app manifest
2022-10-20 06:04:54:817 [ADB] Package name: 'com.mandir'
2022-10-20 06:04:54:817 [ADB] Main activity name: 'com.mandir.ui.activity.SplashActivity'
2022-10-20 06:04:54:817 [AndroidDriver] Parsed package and activity are: com.mandir/com.mandir.ui.activity.SplashActivity
2022-10-20 06:04:54:818 [ADB] Running 'C:\Users\Shilpa\AppData\Local\Android\Sdk\platform-tools\adb.exe -P 5037 -s emulator-5554 wait-for-device'
2022-10-20 06:04:54:843 [ADB] Running 'C:\Users\Shilpa\AppData\Local\Android\Sdk\platform-tools\adb.exe -P 5037 -s emulator-5554 shell echo ping'
2022-10-20 06:04:54:901 [AndroidDriver] Pushing settings apk to device...
2022-10-20 06:04:54:902 [ADB] Getting install status for io.appium.settings
2022-10-20 06:04:54:902 [ADB] Running 'C:\Users\Shilpa\AppData\Local\Android\Sdk\platform-tools\adb.exe -P 5037 -s emulator-5554 shell dumpsys package io.appium.settings'
2022-10-20 06:04:55:694 [ADB] 'io.appium.settings' is installed
2022-10-20 06:04:55:694 [ADB] Getting package info for 'io.appium.settings'
2022-10-20 06:04:55:694 [ADB] Running 'C:\Users\Shilpa\AppData\Local\Android\Sdk\platform-tools\adb.exe -P 5037 -s emulator-5554 shell dumpsys package io.appium.settings'
2022-10-20 06:04:55:777 [ADB] The version name of the installed 'io.appium.settings' is greater or equal to the application version name ('3.4.0' >= '3.4.0')
2022-10-20 06:04:55:777 [ADB] There is no need to install/upgrade 'C:\Users\Shilpa\AppData\Roaming\npm\node_modules\appium\node_modules\io.appium.settings\apks\settings_apk-debug.apk'
2022-10-20 06:04:55:778 [ADB] Getting IDs of all 'io.appium.settings' processes
2022-10-20 06:04:55:778 [ADB] Running 'C:\Users\Shilpa\AppData\Local\Android\Sdk\platform-tools\adb.exe -P 5037 -s emulator-5554 shell 'pgrep --help; echo $?''
2022-10-20 06:04:55:850 [ADB] Running 'C:\Users\Shilpa\AppData\Local\Android\Sdk\platform-tools\adb.exe -P 5037 -s emulator-5554 shell pgrep -f \(\[\[:blank:\]\]\|\^\)io\.appium\.settings\(\[\[:blank:\]\]\|\$\)'
2022-10-20 06:04:55:957 [AndroidDriver] io.appium.settings is already running. There is no need to reset its permissions.
2022-10-20 06:04:55:958 [Logcat] Starting logs capture with command: C:\\Users\\Shilpa\\AppData\\Local\\Android\\Sdk\\platform-tools\\adb.exe -P 5037 -s emulator-5554 logcat -v threadtime
2022-10-20 06:04:56:035 [UiAutomator2] Forwarding UiAutomator2 Server port 6790 to local port 8209
2022-10-20 06:04:56:036 [ADB] Forwarding system: 8209 to device: 6790
2022-10-20 06:04:56:036 [ADB] Running 'C:\Users\Shilpa\AppData\Local\Android\Sdk\platform-tools\adb.exe -P 5037 -s emulator-5554 forward tcp:8209 tcp:6790'
2022-10-20 06:04:56:066 [ADB] Getting install status for io.appium.uiautomator2.server
2022-10-20 06:04:56:067 [ADB] Running 'C:\Users\Shilpa\AppData\Local\Android\Sdk\platform-tools\adb.exe -P 5037 -s emulator-5554 shell dumpsys package io.appium.uiautomator2.server'
2022-10-20 06:04:56:208 [ADB] 'io.appium.uiautomator2.server' is installed
2022-10-20 06:04:56:208 [ADB] Getting package info for 'io.appium.uiautomator2.server'
2022-10-20 06:04:56:208 [ADB] Running 'C:\Users\Shilpa\AppData\Local\Android\Sdk\platform-tools\adb.exe -P 5037 -s emulator-5554 shell dumpsys package io.appium.uiautomator2.server'
2022-10-20 06:04:56:569 [ADB] The version name of the installed 'io.appium.uiautomator2.server' is greater or equal to the application version name ('4.27.0' >= '4.27.0')
2022-10-20 06:04:56:569 [UiAutomator2] io.appium.uiautomator2.server installation state: sameVersionInstalled
2022-10-20 06:04:56:570 [ADB] Checking app cert for C:\Users\Shilpa\AppData\Roaming\npm\node_modules\appium\node_modules\appium-uiautomator2-server\apks\appium-uiautomator2-server-v4.27.0.apk
2022-10-20 06:04:56:610 [ADB] Using 'apksigner.jar' from 'C:\Users\Shilpa\AppData\Local\Android\Sdk\build-tools\33.0.0\lib\apksigner.jar'
2022-10-20 06:04:56:612 [ADB] Starting apksigner: 'C:\\Program Files\\Java\\jdk1.8.0_291\\bin\\java.exe' -Xmx1024M -Xss1m -jar C:\\Users\\Shilpa\\AppData\\Local\\Android\\Sdk\\build-tools\\33.0.0\\lib\\apksigner.jar verify --print-certs C:\\Users\\Shilpa\\AppData\\Roaming\\npm\\node_modules\\appium\\node_modules\\appium-uiautomator2-server\\apks\\appium-uiautomator2-server-v4.27.0.apk
2022-10-20 06:04:58:075 [ADB] apksigner stdout: Signer #1 certificate DN: EMAILADDRESS=android@android.com, CN=Android, OU=Android, O=Android, L=Mountain View, ST=California, C=US
2022-10-20 06:04:58:075 [ADB] Signer #1 certificate SHA-256 digest: a40da80a59d170caa950cf15c18c454d47a39b26989d8b640ecd745ba71bf5dc
2022-10-20 06:04:58:075 [ADB] Signer #1 certificate SHA-1 digest: 61ed377e85d386a8dfee6b864bd85b0bfaa5af81
2022-10-20 06:04:58:075 [ADB] Signer #1 certificate MD5 digest: e89b158e4bcf988ebd09eb83f5378e87
2022-10-20 06:04:58:075 [ADB] 
2022-10-20 06:04:58:076 [ADB] sha256 hash did match for 'appium-uiautomator2-server-v4.27.0.apk'
2022-10-20 06:04:58:076 [ADB] 'C:\Users\Shilpa\AppData\Roaming\npm\node_modules\appium\node_modules\appium-uiautomator2-server\apks\appium-uiautomator2-server-v4.27.0.apk' is signed with the default certificate
2022-10-20 06:04:58:076 [ADB] Getting install status for io.appium.uiautomator2.server.test
2022-10-20 06:04:58:076 [ADB] Running 'C:\Users\Shilpa\AppData\Local\Android\Sdk\platform-tools\adb.exe -P 5037 -s emulator-5554 shell dumpsys package io.appium.uiautomator2.server.test'
2022-10-20 06:04:58:134 [ADB] 'io.appium.uiautomator2.server.test' is installed
2022-10-20 06:04:58:134 [ADB] Checking app cert for C:\Users\Shilpa\AppData\Roaming\npm\node_modules\appium\node_modules\appium-uiautomator2-server\apks\appium-uiautomator2-server-debug-androidTest.apk
2022-10-20 06:04:58:137 [ADB] Starting apksigner: 'C:\\Program Files\\Java\\jdk1.8.0_291\\bin\\java.exe' -Xmx1024M -Xss1m -jar C:\\Users\\Shilpa\\AppData\\Local\\Android\\Sdk\\build-tools\\33.0.0\\lib\\apksigner.jar verify --print-certs C:\\Users\\Shilpa\\AppData\\Roaming\\npm\\node_modules\\appium\\node_modules\\appium-uiautomator2-server\\apks\\appium-uiautomator2-server-debug-androidTest.apk
2022-10-20 06:04:58:546 [ADB] apksigner stdout: Signer #1 certificate DN: EMAILADDRESS=android@android.com, CN=Android, OU=Android, O=Android, L=Mountain View, ST=California, C=US
2022-10-20 06:04:58:546 [ADB] Signer #1 certificate SHA-256 digest: a40da80a59d170caa950cf15c18c454d47a39b26989d8b640ecd745ba71bf5dc
2022-10-20 06:04:58:546 [ADB] Signer #1 certificate SHA-1 digest: 61ed377e85d386a8dfee6b864bd85b0bfaa5af81
2022-10-20 06:04:58:546 [ADB] Signer #1 certificate MD5 digest: e89b158e4bcf988ebd09eb83f5378e87
2022-10-20 06:04:58:547 [ADB] 
2022-10-20 06:04:58:547 [ADB] sha256 hash did match for 'appium-uiautomator2-server-debug-androidTest.apk'
2022-10-20 06:04:58:547 [ADB] 'C:\Users\Shilpa\AppData\Roaming\npm\node_modules\appium\node_modules\appium-uiautomator2-server\apks\appium-uiautomator2-server-debug-androidTest.apk' is signed with the default certificate
2022-10-20 06:04:58:547 [UiAutomator2] Server packages are not going to be (re)installed
2022-10-20 06:04:58:549 [UiAutomator2] Waiting up to 30000ms for services to be available
2022-10-20 06:04:58:550 [ADB] Running 'C:\Users\Shilpa\AppData\Local\Android\Sdk\platform-tools\adb.exe -P 5037 -s emulator-5554 shell pm list instrumentation'
2022-10-20 06:04:58:632 [UiAutomator2] Instrumentation target 'io.appium.uiautomator2.server.test/androidx.test.runner.AndroidJUnitRunner' is available
2022-10-20 06:04:58:634 [ADB] Adding packages ["io.appium.settings","io.appium.uiautomator2.server","io.appium.uiautomator2.server.test"] to Doze whitelist
2022-10-20 06:04:58:635 [ADB] Got the following command chunks to execute: [["dumpsys","deviceidle","whitelist","+io.appium.settings",";","dumpsys","deviceidle","whitelist","+io.appium.uiautomator2.server",";","dumpsys","deviceidle","whitelist","+io.appium.uiautomator2.server.test",";"]]
2022-10-20 06:04:58:635 [ADB] Running 'C:\Users\Shilpa\AppData\Local\Android\Sdk\platform-tools\adb.exe -P 5037 -s emulator-5554 shell dumpsys deviceidle whitelist +io.appium.settings ; dumpsys deviceidle whitelist +io.appium.uiautomator2.server ; dumpsys deviceidle whitelist +io.appium.uiautomator2.server.test ;'
2022-10-20 06:04:58:707 [ADB] Checking app cert for C:\Users\Shilpa\Documents\New_Sri_Mandir\SRI_MANDIR(Different languages)\src\main\java\resources\app-debug-3.8.0.apk
2022-10-20 06:04:59:006 [ADB] Starting apksigner: 'C:\\Program Files\\Java\\jdk1.8.0_291\\bin\\java.exe' -Xmx1024M -Xss1m -jar C:\\Users\\Shilpa\\AppData\\Local\\Android\\Sdk\\build-tools\\33.0.0\\lib\\apksigner.jar verify --print-certs 'C:\\Users\\Shilpa\\Documents\\New_Sri_Mandir\\SRI_MANDIR(Different languages)\\src\\main\\java\\resources\\app-debug-3.8.0.apk'
2022-10-20 06:05:03:334 [ADB] apksigner stdout: Signer #1 certificate DN: C=US, O=Android, CN=Android Debug
2022-10-20 06:05:03:334 [ADB] Signer #1 certificate SHA-256 digest: ffe3f74dd4b99b12dd63d207a90d1eb840869ef6f0303daaab8485d82cc377d0
2022-10-20 06:05:03:335 [ADB] Signer #1 certificate SHA-1 digest: d61e3b86f3eece241d9e58fa90b8a2e151b8685a
2022-10-20 06:05:03:335 [ADB] Signer #1 certificate MD5 digest: c57e6882d4d2db60bf329c1ab6c9a33c
2022-10-20 06:05:03:335 [ADB] 
2022-10-20 06:05:03:335 [ADB] 'C:\Users\Shilpa\Documents\New_Sri_Mandir\SRI_MANDIR(Different languages)\src\main\java\resources\app-debug-3.8.0.apk' is signed with a non-default certificate
2022-10-20 06:05:03:335 [ADB] Getting install status for com.mandir
2022-10-20 06:05:03:335 [ADB] Running 'C:\Users\Shilpa\AppData\Local\Android\Sdk\platform-tools\adb.exe -P 5037 -s emulator-5554 shell dumpsys package com.mandir'
2022-10-20 06:05:03:405 [ADB] 'com.mandir' is installed
2022-10-20 06:05:03:405 [ADB] Getting package info for 'com.mandir'
2022-10-20 06:05:03:405 [ADB] Running 'C:\Users\Shilpa\AppData\Local\Android\Sdk\platform-tools\adb.exe -P 5037 -s emulator-5554 shell dumpsys package com.mandir'
2022-10-20 06:05:03:504 [ADB] The version name of the installed 'com.mandir' is greater or equal to the application version name ('3.7.5' >= '3.7.5')
2022-10-20 06:05:03:505 [ADB] There is no need to install/upgrade 'C:\Users\Shilpa\Documents\New_Sri_Mandir\SRI_MANDIR(Different languages)\src\main\java\resources\app-debug-3.8.0.apk'
2022-10-20 06:05:03:505 [UiAutomator2] Performing shallow cleanup of automation leftovers
2022-10-20 06:05:03:541 [UiAutomator2] The following obsolete sessions are still running: ["147bb2db-581b-457d-be8f-b8f6bff63db9"]
2022-10-20 06:05:03:543 [UiAutomator2] Cleaning up 1 obsolete session
2022-10-20 06:05:04:597 [ADB] Running 'C:\Users\Shilpa\AppData\Local\Android\Sdk\platform-tools\adb.exe -P 5037 -s emulator-5554 shell am force-stop io.appium.uiautomator2.server.test'
2022-10-20 06:05:04:676 [UiAutomator2] Starting UIAutomator2 server 4.27.0
2022-10-20 06:05:04:677 [UiAutomator2] Using UIAutomator2 server from 'C:\Users\Shilpa\AppData\Roaming\npm\node_modules\appium\node_modules\appium-uiautomator2-server\apks\appium-uiautomator2-server-v4.27.0.apk' and test from 'C:\Users\Shilpa\AppData\Roaming\npm\node_modules\appium\node_modules\appium-uiautomator2-server\apks\appium-uiautomator2-server-debug-androidTest.apk'
2022-10-20 06:05:04:677 [UiAutomator2] Waiting up to 30000ms for UiAutomator2 to be online...
2022-10-20 06:05:04:677 [ADB] Creating ADB subprocess with args: ["-P",5037,"-s","emulator-5554","shell","am","instrument","-w","-e","disableAnalytics",true,"io.appium.uiautomator2.server.test/androidx.test.runner.AndroidJUnitRunner"]
2022-10-20 06:05:04:682 [WD Proxy] Matched '/status' to command name 'getStatus'
2022-10-20 06:05:04:683 [WD Proxy] Proxying [GET /status] to [GET http://127.0.0.1:8209/wd/hub/status] with no body
2022-10-20 06:05:04:702 [WD Proxy] socket hang up
2022-10-20 06:05:05:654 [Instrumentation] io.appium.uiautomator2.server.test.AppiumUiAutomator2Server:
2022-10-20 06:05:05:716 [WD Proxy] Matched '/status' to command name 'getStatus'
2022-10-20 06:05:05:717 [WD Proxy] Proxying [GET /status] to [GET http://127.0.0.1:8209/wd/hub/status] with no body
2022-10-20 06:05:05:731 [WD Proxy] socket hang up
2022-10-20 06:05:06:736 [WD Proxy] Matched '/status' to command name 'getStatus'
2022-10-20 06:05:06:736 [WD Proxy] Proxying [GET /status] to [GET http://127.0.0.1:8209/wd/hub/status] with no body
2022-10-20 06:05:06:745 [WD Proxy] socket hang up
2022-10-20 06:05:07:756 [WD Proxy] Matched '/status' to command name 'getStatus'
2022-10-20 06:05:07:756 [WD Proxy] Proxying [GET /status] to [GET http://127.0.0.1:8209/wd/hub/status] with no body
2022-10-20 06:05:08:047 [WD Proxy] Got response with status 200: {"sessionId":"None","value":{"message":"UiAutomator2 Server is ready to accept commands","ready":true}}
2022-10-20 06:05:08:048 [UiAutomator2] The initialization of the instrumentation process took 3371ms
2022-10-20 06:05:08:048 [WD Proxy] Matched '/session' to command name 'createSession'
2022-10-20 06:05:08:048 [WD Proxy] Proxying [POST /session] to [POST http://127.0.0.1:8209/wd/hub/session] with body: {"capabilities":{"firstMatch":[{"platform":"ANDROID","webStorageEnabled":false,"takesScreenshot":true,"javascriptEnabled":true,"databaseEnabled":false,"networkConnectionEnabled":true,"locationContextEnabled":false,"warnings":{},"desired":{"platformName":"android","platform":"ANDROID","app":"./src/main/java/resources/app-debug-3.8.0.apk","autoGrantPermissions":true,"automationName":"UiAutomator2","noReset":true,"udid":"emulator-5554"},"platformName":"android","app":"./src/main/java/resources/app-debug-3.8.0.apk","autoGrantPermissions":true,"automationName":"UiAutomator2","noReset":true,"udid":"emulator-5554","deviceName":"emulator-5554","deviceUDID":"emulator-5554","appPackage":"com.mandir"}],"alwaysMatch":{}}}
2022-10-20 06:05:08:113 [WD Proxy] Got response with status 200: {"sessionId":"4696ac36-5dae-46bc-a766-6284a2a2cd77","value":{"capabilities":{"firstMatch":[{"platform":"ANDROID","webStorageEnabled":false,"takesScreenshot":true,"javascriptEnabled":true,"databaseEnabled":false,"networkConnectionEnabled":true,"locationContextEnabled":false,"warnings":{},"desired":{"platformName":"android","platform":"ANDROID","app":"./src/main/java/resources/app-debug-3.8.0.apk","autoGrantPermissions":true,"automationName":"UiAutomator2","noReset":true,"udid":"emulator-5554"},"platformName":"android","app":"./src/main/java/resources/app-debug-3.8.0.apk","autoGrantPermissions":true,"automationName":"UiAutomator2","noReset":true,"udid":"emulator-5554","deviceName":"emulator-5554","deviceUDID":"emulator-5554","appPackage":"com.mandir"}],"alwaysMatch":{}},"sessionId":"4696ac36-5dae-46bc-a766-6284a2a2cd77"}}
2022-10-20 06:05:08:114 [WD Proxy] Determined the downstream protocol as 'W3C'
2022-10-20 06:05:08:123 [WD Proxy] Proxying [GET /appium/device/info] to [GET http://127.0.0.1:8209/wd/hub/session/4696ac36-5dae-46bc-a766-6284a2a2cd77/appium/device/info] with no body
2022-10-20 06:05:08:169 [WD Proxy] Got response with status 200: {"sessionId":"4696ac36-5dae-46bc-a766-6284a2a2cd77","value":{"androidId":"b679943b0277a210","apiVersion":"31","bluetooth":{"state":"ON"},"brand":"google","carrierName":"T-Mobile","displayDensity":420,"locale":"en_US","manufacturer":"Google","model":"sdk_gphone64_x86_64","networks":[{"capabilities":{"SSID":null,"linkDownBandwidthKbps":30000,"linkUpstreamBandwidthKbps":12000,"networkCapabilities":"NET_CAPABILITY_NOT_METERED,NET_CAPABILITY_INTERNET,NET_CAPABILITY_NOT_RESTRICTED,NET_CAPABILITY_TRUSTED,NET_CAPABILITY_NOT_VPN,NET_CAPABILITY_VALIDATED,NET_CAPABILITY_NOT_ROAMING,NET_CAPABILITY_FOREGROUND,NET_CAPABILITY_NOT_CONGESTED,NET_CAPABILITY_NOT_SUSPENDED","signalStrength":-50,"transportTypes":"TRANSPORT_WIFI"},"detailedState":"CONNECTED","extraInfo":"","isAvailable":true,"isConnected":true,"isFailover":false,"isRoaming":false,"state":"CONNECTED","subtype":-1,"subtypeName":"","type":1,"typeName":"WIFI"},{"capabilities":{"SSID":null,"linkDownBandwidthKbps":4300,"linkUpstreamBandwidthKbps":1800,"networkCapabil...
2022-10-20 06:05:08:169 [ADB] Running 'C:\Users\Shilpa\AppData\Local\Android\Sdk\platform-tools\adb.exe -P 5037 -s emulator-5554 shell dumpsys window'
2022-10-20 06:05:08:222 [AndroidDriver] Screen already unlocked, doing nothing
2022-10-20 06:05:08:222 [UiAutomator2] Starting 'com.mandir/com.mandir.ui.activity.SplashActivity and waiting for 'com.mandir/com.mandir.ui.activity.SplashActivity'
2022-10-20 06:05:08:223 [ADB] Running 'C:\Users\Shilpa\AppData\Local\Android\Sdk\platform-tools\adb.exe -P 5037 -s emulator-5554 shell am start -W -n com.mandir/com.mandir.ui.activity.SplashActivity -S -a android.intent.action.MAIN -c android.intent.category.LAUNCHER -f 0x10200000'
2022-10-20 06:05:18:795 [ADB] Waiting up to 20000ms for activity matching pkg: 'com.mandir' and activity: 'com.mandir.ui.activity.SplashActivity' to be focused
2022-10-20 06:05:18:796 [ADB] Possible activities, to be checked: 'com.mandir.ui.activity.SplashActivity', 'com.mandir.com.mandir.ui.activity.SplashActivity'
2022-10-20 06:05:18:796 [ADB] Getting focused package and activity
2022-10-20 06:05:18:797 [ADB] Running 'C:\Users\Shilpa\AppData\Local\Android\Sdk\platform-tools\adb.exe -P 5037 -s emulator-5554 shell dumpsys window displays'
2022-10-20 06:05:18:893 [ADB] Found package: 'com.mandir' and fully qualified activity name : 'com.mandir.v2.main.MainActivity'
2022-10-20 06:05:18:894 [ADB] Incorrect package and activity. Retrying.
2022-10-20 06:05:19:401 [ADB] Getting focused package and activity
2022-10-20 06:05:19:401 [ADB] Running 'C:\Users\Shilpa\AppData\Local\Android\Sdk\platform-tools\adb.exe -P 5037 -s emulator-5554 shell dumpsys window displays'
2022-10-20 06:05:19:480 [ADB] Found package: 'com.mandir' and fully qualified activity name : 'com.mandir.v2.main.MainActivity'
2022-10-20 06:05:19:480 [ADB] Incorrect package and activity. Retrying.
2022-10-20 06:05:19:989 [ADB] Getting focused package and activity
2022-10-20 06:05:19:989 [ADB] Running 'C:\Users\Shilpa\AppData\Local\Android\Sdk\platform-tools\adb.exe -P 5037 -s emulator-5554 shell dumpsys window displays'
2022-10-20 06:05:20:088 [ADB] Found package: 'com.mandir' and fully qualified activity name : 'com.mandir.v2.main.MainActivity'
2022-10-20 06:05:20:088 [ADB] Incorrect package and activity. Retrying.
2022-10-20 06:05:20:589 [ADB] Getting focused package and activity
2022-10-20 06:05:20:589 [ADB] Running 'C:\Users\Shilpa\AppData\Local\Android\Sdk\platform-tools\adb.exe -P 5037 -s emulator-5554 shell dumpsys window displays'
2022-10-20 06:05:20:697 [ADB] Found package: 'com.mandir' and fully qualified activity name : 'com.mandir.v2.main.MainActivity'
2022-10-20 06:05:20:697 [ADB] Incorrect package and activity. Retrying.
2022-10-20 06:05:21:203 [ADB] Getting focused package and activity
2022-10-20 06:05:21:204 [ADB] Running 'C:\Users\Shilpa\AppData\Local\Android\Sdk\platform-tools\adb.exe -P 5037 -s emulator-5554 shell dumpsys window displays'
2022-10-20 06:05:21:298 [ADB] Found package: 'com.mandir' and fully qualified activity name : 'com.mandir.v2.main.MainActivity'
2022-10-20 06:05:21:299 [ADB] Incorrect package and activity. Retrying.
2022-10-20 06:05:21:804 [ADB] Getting focused package and activity
2022-10-20 06:05:21:804 [ADB] Running 'C:\Users\Shilpa\AppData\Local\Android\Sdk\platform-tools\adb.exe -P 5037 -s emulator-5554 shell dumpsys window displays'
2022-10-20 06:05:21:886 [ADB] Found package: 'com.mandir' and fully qualified activity name : 'com.mandir.v2.main.MainActivity'
2022-10-20 06:05:21:887 [ADB] Incorrect package and activity. Retrying.
2022-10-20 06:05:22:403 [ADB] Getting focused package and activity
2022-10-20 06:05:22:403 [ADB] Running 'C:\Users\Shilpa\AppData\Local\Android\Sdk\platform-tools\adb.exe -P 5037 -s emulator-5554 shell dumpsys window displays'
2022-10-20 06:05:22:467 [ADB] Found package: 'com.mandir' and fully qualified activity name : 'com.mandir.v2.main.MainActivity'
2022-10-20 06:05:22:467 [ADB] Incorrect package and activity. Retrying.
2022-10-20 06:05:22:975 [ADB] Getting focused package and activity
2022-10-20 06:05:22:975 [ADB] Running 'C:\Users\Shilpa\AppData\Local\Android\Sdk\platform-tools\adb.exe -P 5037 -s emulator-5554 shell dumpsys window displays'
2022-10-20 06:05:23:070 [ADB] Found package: 'com.mandir' and fully qualified activity name : 'com.mandir.v2.main.MainActivity'
2022-10-20 06:05:23:070 [ADB] Incorrect package and activity. Retrying.
2022-10-20 06:05:23:574 [ADB] Getting focused package and activity
2022-10-20 06:05:23:575 [ADB] Running 'C:\Users\Shilpa\AppData\Local\Android\Sdk\platform-tools\adb.exe -P 5037 -s emulator-5554 shell dumpsys window displays'
2022-10-20 06:05:23:695 [ADB] Found package: 'com.mandir' and fully qualified activity name : 'com.mandir.v2.main.MainActivity'
2022-10-20 06:05:23:695 [ADB] Incorrect package and activity. Retrying.
2022-10-20 06:05:24:195 [ADB] Getting focused package and activity
2022-10-20 06:05:24:196 [ADB] Running 'C:\Users\Shilpa\AppData\Local\Android\Sdk\platform-tools\adb.exe -P 5037 -s emulator-5554 shell dumpsys window displays'
2022-10-20 06:05:24:319 [ADB] Found package: 'com.mandir' and fully qualified activity name : 'com.mandir.v2.main.MainActivity'
2022-10-20 06:05:24:320 [ADB] Incorrect package and activity. Retrying.
2022-10-20 06:05:24:827 [ADB] Getting focused package and activity
2022-10-20 06:05:24:827 [ADB] Running 'C:\Users\Shilpa\AppData\Local\Android\Sdk\platform-tools\adb.exe -P 5037 -s emulator-5554 shell dumpsys window displays'
2022-10-20 06:05:24:938 [ADB] Found package: 'com.mandir' and fully qualified activity name : 'com.mandir.v2.main.MainActivity'
2022-10-20 06:05:24:938 [ADB] Incorrect package and activity. Retrying.
2022-10-20 06:05:25:448 [ADB] Getting focused package and activity
2022-10-20 06:05:25:448 [ADB] Running 'C:\Users\Shilpa\AppData\Local\Android\Sdk\platform-tools\adb.exe -P 5037 -s emulator-5554 shell dumpsys window displays'
2022-10-20 06:05:25:667 [ADB] Found package: 'com.mandir' and fully qualified activity name : 'com.mandir.v2.main.MainActivity'
2022-10-20 06:05:25:667 [ADB] Incorrect package and activity. Retrying.
2022-10-20 06:05:26:176 [ADB] Getting focused package and activity
2022-10-20 06:05:26:177 [ADB] Running 'C:\Users\Shilpa\AppData\Local\Android\Sdk\platform-tools\adb.exe -P 5037 -s emulator-5554 shell dumpsys window displays'
2022-10-20 06:05:26:281 [ADB] Found package: 'com.mandir' and fully qualified activity name : 'com.mandir.v2.main.MainActivity'
2022-10-20 06:05:26:281 [ADB] Incorrect package and activity. Retrying.
2022-10-20 06:05:26:782 [ADB] Getting focused package and activity
2022-10-20 06:05:26:783 [ADB] Running 'C:\Users\Shilpa\AppData\Local\Android\Sdk\platform-tools\adb.exe -P 5037 -s emulator-5554 shell dumpsys window displays'
2022-10-20 06:05:26:886 [ADB] Found package: 'com.mandir' and fully qualified activity name : 'com.mandir.v2.main.MainActivity'
2022-10-20 06:05:26:887 [ADB] Incorrect package and activity. Retrying.
2022-10-20 06:05:27:392 [ADB] Getting focused package and activity
2022-10-20 06:05:27:392 [ADB] Running 'C:\Users\Shilpa\AppData\Local\Android\Sdk\platform-tools\adb.exe -P 5037 -s emulator-5554 shell dumpsys window displays'
2022-10-20 06:05:27:496 [ADB] Found package: 'com.mandir' and fully qualified activity name : 'com.mandir.v2.main.MainActivity'
2022-10-20 06:05:27:496 [ADB] Incorrect package and activity. Retrying.
2022-10-20 06:05:27:998 [ADB] Getting focused package and activity
2022-10-20 06:05:27:998 [ADB] Running 'C:\Users\Shilpa\AppData\Local\Android\Sdk\platform-tools\adb.exe -P 5037 -s emulator-5554 shell dumpsys window displays'
2022-10-20 06:05:28:093 [ADB] Found package: 'com.mandir' and fully qualified activity name : 'com.mandir.v2.main.MainActivity'
2022-10-20 06:05:28:094 [ADB] Incorrect package and activity. Retrying.
2022-10-20 06:05:28:596 [ADB] Getting focused package and activity
2022-10-20 06:05:28:596 [ADB] Running 'C:\Users\Shilpa\AppData\Local\Android\Sdk\platform-tools\adb.exe -P 5037 -s emulator-5554 shell dumpsys window displays'
2022-10-20 06:05:28:736 [ADB] Found package: 'com.mandir' and fully qualified activity name : 'com.mandir.v2.main.MainActivity'
2022-10-20 06:05:28:736 [ADB] Incorrect package and activity. Retrying.
2022-10-20 06:05:29:236 [ADB] Getting focused package and activity
2022-10-20 06:05:29:236 [ADB] Running 'C:\Users\Shilpa\AppData\Local\Android\Sdk\platform-tools\adb.exe -P 5037 -s emulator-5554 shell dumpsys window displays'
2022-10-20 06:05:29:359 [ADB] Found package: 'com.mandir' and fully qualified activity name : 'com.mandir.v2.main.MainActivity'
2022-10-20 06:05:29:360 [ADB] Incorrect package and activity. Retrying.
2022-10-20 06:05:29:872 [ADB] Getting focused package and activity
2022-10-20 06:05:29:873 [ADB] Running 'C:\Users\Shilpa\AppData\Local\Android\Sdk\platform-tools\adb.exe -P 5037 -s emulator-5554 shell dumpsys window displays'
2022-10-20 06:05:29:983 [ADB] Found package: 'com.mandir' and fully qualified activity name : 'com.mandir.v2.main.MainActivity'
2022-10-20 06:05:29:983 [ADB] Incorrect package and activity. Retrying.
2022-10-20 06:05:30:495 [ADB] Getting focused package and activity
2022-10-20 06:05:30:496 [ADB] Running 'C:\Users\Shilpa\AppData\Local\Android\Sdk\platform-tools\adb.exe -P 5037 -s emulator-5554 shell dumpsys window displays'
2022-10-20 06:05:30:592 [ADB] Found package: 'com.mandir' and fully qualified activity name : 'com.mandir.v2.main.MainActivity'
2022-10-20 06:05:30:592 [ADB] Incorrect package and activity. Retrying.
2022-10-20 06:05:31:102 [ADB] Getting focused package and activity
2022-10-20 06:05:31:103 [ADB] Running 'C:\Users\Shilpa\AppData\Local\Android\Sdk\platform-tools\adb.exe -P 5037 -s emulator-5554 shell dumpsys window displays'
2022-10-20 06:05:31:215 [ADB] Found package: 'com.mandir' and fully qualified activity name : 'com.mandir.v2.main.MainActivity'
2022-10-20 06:05:31:215 [ADB] Incorrect package and activity. Retrying.
2022-10-20 06:05:31:724 [ADB] Getting focused package and activity
2022-10-20 06:05:31:725 [ADB] Running 'C:\Users\Shilpa\AppData\Local\Android\Sdk\platform-tools\adb.exe -P 5037 -s emulator-5554 shell dumpsys window displays'
2022-10-20 06:05:31:850 [ADB] Found package: 'com.mandir' and fully qualified activity name : 'com.mandir.v2.main.MainActivity'
2022-10-20 06:05:31:851 [ADB] Incorrect package and activity. Retrying.
2022-10-20 06:05:32:358 [ADB] Getting focused package and activity
2022-10-20 06:05:32:359 [ADB] Running 'C:\Users\Shilpa\AppData\Local\Android\Sdk\platform-tools\adb.exe -P 5037 -s emulator-5554 shell dumpsys window displays'
2022-10-20 06:05:32:449 [ADB] Found package: 'com.mandir' and fully qualified activity name : 'com.mandir.v2.main.MainActivity'
2022-10-20 06:05:32:449 [ADB] Incorrect package and activity. Retrying.
2022-10-20 06:05:32:953 [ADB] Getting focused package and activity
2022-10-20 06:05:32:954 [ADB] Running 'C:\Users\Shilpa\AppData\Local\Android\Sdk\platform-tools\adb.exe -P 5037 -s emulator-5554 shell dumpsys window displays'
2022-10-20 06:05:33:038 [ADB] Found package: 'com.mandir' and fully qualified activity name : 'com.mandir.v2.main.MainActivity'
2022-10-20 06:05:33:039 [ADB] Incorrect package and activity. Retrying.
2022-10-20 06:05:33:544 [ADB] Getting focused package and activity
2022-10-20 06:05:33:544 [ADB] Running 'C:\Users\Shilpa\AppData\Local\Android\Sdk\platform-tools\adb.exe -P 5037 -s emulator-5554 shell dumpsys window displays'
2022-10-20 06:05:33:670 [ADB] Found package: 'com.mandir' and fully qualified activity name : 'com.mandir.v2.main.MainActivity'
2022-10-20 06:05:33:671 [ADB] Incorrect package and activity. Retrying.
2022-10-20 06:05:34:185 [ADB] Getting focused package and activity
2022-10-20 06:05:34:185 [ADB] Running 'C:\Users\Shilpa\AppData\Local\Android\Sdk\platform-tools\adb.exe -P 5037 -s emulator-5554 shell dumpsys window displays'
2022-10-20 06:05:34:276 [ADB] Found package: 'com.mandir' and fully qualified activity name : 'com.mandir.v2.main.MainActivity'
2022-10-20 06:05:34:276 [ADB] Incorrect package and activity. Retrying.
2022-10-20 06:05:34:789 [ADB] Getting focused package and activity
2022-10-20 06:05:34:790 [ADB] Running 'C:\Users\Shilpa\AppData\Local\Android\Sdk\platform-tools\adb.exe -P 5037 -s emulator-5554 shell dumpsys window displays'
2022-10-20 06:05:34:902 [ADB] Found package: 'com.mandir' and fully qualified activity name : 'com.mandir.v2.main.MainActivity'
2022-10-20 06:05:34:902 [ADB] Incorrect package and activity. Retrying.
2022-10-20 06:05:35:412 [ADB] Getting focused package and activity
2022-10-20 06:05:35:412 [ADB] Running 'C:\Users\Shilpa\AppData\Local\Android\Sdk\platform-tools\adb.exe -P 5037 -s emulator-5554 shell dumpsys window displays'
2022-10-20 06:05:35:538 [ADB] Found package: 'com.mandir' and fully qualified activity name : 'com.mandir.v2.main.MainActivity'
2022-10-20 06:05:35:538 [ADB] Incorrect package and activity. Retrying.
2022-10-20 06:05:36:044 [ADB] Getting focused package and activity
2022-10-20 06:05:36:044 [ADB] Running 'C:\Users\Shilpa\AppData\Local\Android\Sdk\platform-tools\adb.exe -P 5037 -s emulator-5554 shell dumpsys window displays'
2022-10-20 06:05:36:112 [ADB] Found package: 'com.mandir' and fully qualified activity name : 'com.mandir.v2.main.MainActivity'
2022-10-20 06:05:36:112 [ADB] Incorrect package and activity. Retrying.
2022-10-20 06:05:36:624 [ADB] Getting focused package and activity
2022-10-20 06:05:36:624 [ADB] Running 'C:\Users\Shilpa\AppData\Local\Android\Sdk\platform-tools\adb.exe -P 5037 -s emulator-5554 shell dumpsys window displays'
2022-10-20 06:05:36:704 [ADB] Found package: 'com.mandir' and fully qualified activity name : 'com.mandir.v2.main.MainActivity'
2022-10-20 06:05:36:704 [ADB] Incorrect package and activity. Retrying.
2022-10-20 06:05:37:214 [ADB] Getting focused package and activity
2022-10-20 06:05:37:214 [ADB] Running 'C:\Users\Shilpa\AppData\Local\Android\Sdk\platform-tools\adb.exe -P 5037 -s emulator-5554 shell dumpsys window displays'
2022-10-20 06:05:37:272 [ADB] Found package: 'com.mandir' and fully qualified activity name : 'com.mandir.v2.main.MainActivity'
2022-10-20 06:05:37:272 [ADB] Incorrect package and activity. Retrying.
2022-10-20 06:05:37:778 [ADB] Getting focused package and activity
2022-10-20 06:05:37:779 [ADB] Running 'C:\Users\Shilpa\AppData\Local\Android\Sdk\platform-tools\adb.exe -P 5037 -s emulator-5554 shell dumpsys window displays'
2022-10-20 06:05:37:897 [ADB] Found package: 'com.mandir' and fully qualified activity name : 'com.mandir.v2.main.MainActivity'
2022-10-20 06:05:37:897 [ADB] Incorrect package and activity. Retrying.
2022-10-20 06:05:38:412 [ADB] Getting focused package and activity
2022-10-20 06:05:38:412 [ADB] Running 'C:\Users\Shilpa\AppData\Local\Android\Sdk\platform-tools\adb.exe -P 5037 -s emulator-5554 shell dumpsys window displays'
2022-10-20 06:05:38:492 [ADB] Found package: 'com.mandir' and fully qualified activity name : 'com.mandir.v2.main.MainActivity'
2022-10-20 06:05:38:492 [ADB] Incorrect package and activity. Retrying.
2022-10-20 06:05:38:799 [ADB] Getting focused package and activity
2022-10-20 06:05:38:799 [ADB] Running 'C:\Users\Shilpa\AppData\Local\Android\Sdk\platform-tools\adb.exe -P 5037 -s emulator-5554 shell dumpsys window displays'
2022-10-20 06:05:38:878 [ADB] Found package: 'com.mandir' and fully qualified activity name : 'com.mandir.v2.main.MainActivity'
2022-10-20 06:05:38:879 [ADB] Incorrect package and activity. Retrying.
2022-10-20 06:05:38:880 [UiAutomator2] Deleting UiAutomator2 session
2022-10-20 06:05:38:880 [UiAutomator2] Deleting UiAutomator2 server session
2022-10-20 06:05:38:881 [WD Proxy] Matched '/' to command name 'deleteSession'
2022-10-20 06:05:38:882 [WD Proxy] Proxying [DELETE /] to [DELETE http://127.0.0.1:8209/wd/hub/session/4696ac36-5dae-46bc-a766-6284a2a2cd77] with no body
2022-10-20 06:05:38:915 [WD Proxy] Got response with status 200: {"sessionId":"4696ac36-5dae-46bc-a766-6284a2a2cd77","value":null}
2022-10-20 06:05:38:916 [ADB] Running 'C:\Users\Shilpa\AppData\Local\Android\Sdk\platform-tools\adb.exe -P 5037 -s emulator-5554 shell am force-stop com.mandir'
2022-10-20 06:05:38:972 [Instrumentation] .
2022-10-20 06:05:39:243 [Logcat] Stopping logcat capture
2022-10-20 06:05:39:270 [ADB] Removing forwarded port socket connection: 8209 
2022-10-20 06:05:39:270 [ADB] Running 'C:\Users\Shilpa\AppData\Local\Android\Sdk\platform-tools\adb.exe -P 5037 -s emulator-5554 forward --remove tcp:8209'
2022-10-20 06:05:39:297 [UiAutomator2] Restoring hidden api policy to the device default configuration
2022-10-20 06:05:39:297 [ADB] Running 'C:\Users\Shilpa\AppData\Local\Android\Sdk\platform-tools\adb.exe -P 5037 -s emulator-5554 shell 'settings delete global hidden_api_policy_pre_p_apps;settings delete global hidden_api_policy_p_apps;settings delete global hidden_api_policy''
2022-10-20 06:05:39:515 [Instrumentation] Time: 33.355
2022-10-20 06:05:39:515 [Instrumentation] 
2022-10-20 06:05:39:515 [Instrumentation] OK (1 test)
2022-10-20 06:05:39:578 [Instrumentation] The process has exited with code 0
2022-10-20 06:05:39:672 [BaseDriver] Event 'newSessionStarted' logged at 1666245939672 (11:35:39 GMT+0530 (India Standard Time))
2022-10-20 06:05:39:801 [W3C] Encountered internal error running command: Error: Cannot start the 'com.mandir' application. Visit https://github.com/appium/appium/blob/master/docs/en/writing-running-appium/android/activity-startup.md for troubleshooting. Original error: 'com.mandir.ui.activity.SplashActivity' or 'com.mandir.com.mandir.ui.activity.SplashActivity' never started. Visit https://github.com/appium/appium/blob/master/docs/en/writing-running-appium/android/activity-startup.md for troubleshooting
2022-10-20 06:05:39:801 [W3C]     at ADB.startApp (C:\Users\Shilpa\AppData\Roaming\npm\node_modules\appium\node_modules\appium-adb\lib\tools\apk-utils.js:179:11)
2022-10-20 06:05:39:801 [W3C]     at AndroidUiautomator2Driver.ensureAppStarts (C:\Users\Shilpa\AppData\Roaming\npm\node_modules\appium\node_modules\appium-uiautomator2-driver\lib\driver.js:564:7)
2022-10-20 06:05:39:801 [W3C]     at AndroidUiautomator2Driver.startUiAutomator2Session (C:\Users\Shilpa\AppData\Roaming\npm\node_modules\appium\node_modules\appium-uiautomator2-driver\lib\driver.js:431:7)
2022-10-20 06:05:39:803 [W3C]     at AndroidUiautomator2Driver.createSession (C:\Users\Shilpa\AppData\Roaming\npm\node_modules\appium\node_modules\appium-uiautomator2-driver\lib\driver.js:229:7)
2022-10-20 06:05:39:803 [W3C]     at AppiumDriver.createSession (C:\Users\Shilpa\AppData\Roaming\npm\node_modules\appium\lib\appium.js:387:35)
2022-10-20 06:05:39:818 [HTTP] <-- POST /wd/hub/session 500 45807 ms - 1419
2022-10-20 06:05:39:818 [HTTP] 
