2022-09-28 17:19:37:066 [Appium] Welcome to Appium v1.22.3
2022-09-28 17:19:37:068 [Appium] Non-default server args:
2022-09-28 17:19:37:069 [Appium]   address: 127.0.0.1
2022-09-28 17:19:37:069 [Appium]   port: 2084
2022-09-28 17:19:37:069 [Appium]   logFile: C:\Users\Santhruptha\git\repository3\SRI_MANDIR\.\ServerLogs\appiumSriMandirverifyThatUserIsNavigatedToAajKiSujaavScreenonclickingAajtabFromtheBottomNavigationBar.log
2022-09-28 17:19:37:152 [Appium] Appium REST http interface listener started on 127.0.0.1:2084
2022-09-28 17:19:37:448 [HTTP] --> GET /wd/hub/status
2022-09-28 17:19:37:449 [HTTP] {}
2022-09-28 17:19:37:453 [GENERIC] Calling AppiumDriver.getStatus() with args: []
2022-09-28 17:19:37:456 [GENERIC] Responding to client with driver.getStatus() result: {"build":{"version":"1.22.3"}}
2022-09-28 17:19:37:477 [HTTP] <-- GET /wd/hub/status 200 20 ms - 68
2022-09-28 17:19:37:478 [HTTP] 
2022-09-28 17:19:39:633 [HTTP] --> POST /wd/hub/session
2022-09-28 17:19:39:634 [HTTP] {"desiredCapabilities":{"app":"./src/main/java/resources/app-debug-permission-check-fix.apk","noReset":true,"automationName":"UiAutomator2","autoGrantPermissions":true,"platformName":"Android","udid":"emulator-5554","platform":"ANDROID"},"capabilities":{"firstMatch":[{"appium:app":"./src/main/java/resources/app-debug-permission-check-fix.apk","appium:autoGrantPermissions":true,"appium:automationName":"UiAutomator2","appium:noReset":true,"platform":"ANDROID","platformName":"android","appium:udid":"emulator-5554"}]}}
2022-09-28 17:19:39:635 [W3C] Calling AppiumDriver.createSession() with args: [{"app":"./src/main/java/resources/app-debug-permission-check-fix.apk","noReset":true,"automationName":"UiAutomator2","autoGrantPermissions":true,"platformName":"Android","udid":"emulator-5554","platform":"ANDROID"},null,{"firstMatch":[{"appium:app":"./src/main/java/resources/app-debug-permission-check-fix.apk","appium:autoGrantPermissions":true,"appium:automationName":"UiAutomator2","appium:noReset":true,"platform":"ANDROID","platformName":"android","appium:udid":"emulator-5554"}]}]
2022-09-28 17:19:39:647 [BaseDriver] Event 'newSessionRequested' logged at 1664385579636 (22:49:39 GMT+0530 (India Standard Time))
2022-09-28 17:19:39:653 [BaseDriver] The following capabilities are not standard capabilities and should have an extension prefix:
2022-09-28 17:19:39:653 [BaseDriver]   platform
2022-09-28 17:19:40:324 [Appium] Appium v1.22.3 creating new AndroidUiautomator2Driver (v1.70.1) session
2022-09-28 17:19:40:329 [BaseDriver] W3C capabilities and MJSONWP desired capabilities were provided
2022-09-28 17:19:40:330 [BaseDriver] Creating session with W3C capabilities: {
2022-09-28 17:19:40:331 [BaseDriver]   "alwaysMatch": {
2022-09-28 17:19:40:331 [BaseDriver]     "appium:platform": "ANDROID",
2022-09-28 17:19:40:331 [BaseDriver]     "platformName": "android",
2022-09-28 17:19:40:331 [BaseDriver]     "appium:app": "./src/main/java/resources/app-debug-permission-check-fix.apk",
2022-09-28 17:19:40:331 [BaseDriver]     "appium:autoGrantPermissions": true,
2022-09-28 17:19:40:331 [BaseDriver]     "appium:automationName": "UiAutomator2",
2022-09-28 17:19:40:331 [BaseDriver]     "appium:noReset": true,
2022-09-28 17:19:40:332 [BaseDriver]     "appium:udid": "emulator-5554"
2022-09-28 17:19:40:332 [BaseDriver]   },
2022-09-28 17:19:40:332 [BaseDriver]   "firstMatch": [
2022-09-28 17:19:40:332 [BaseDriver]     {}
2022-09-28 17:19:40:332 [BaseDriver]   ]
2022-09-28 17:19:40:332 [BaseDriver] }
2022-09-28 17:19:40:347 [BaseDriver] The following capabilities were provided, but are not recognized by Appium:
2022-09-28 17:19:40:347 [BaseDriver]   platform
2022-09-28 17:19:40:351 [BaseDriver] Session created with session id: b7b43b9e-a587-41e0-a947-1ad826c75592
2022-09-28 17:19:40:356 [BaseDriver] Using local app './src/main/java/resources/app-debug-permission-check-fix.apk'
2022-09-28 17:19:40:357 [BaseDriver] The current application path './src/main/java/resources/app-debug-permission-check-fix.apk' is not absolute and has been rewritten to 'C:\Users\Santhruptha\git\repository3\SRI_MANDIR\src\main\java\resources\app-debug-permission-check-fix.apk'. Consider using absolute paths rather than relative
2022-09-28 17:19:40:358 [UiAutomator2] Checking whether app is actually present
2022-09-28 17:19:40:450 [ADB] Found 2 'build-tools' folders under 'C:\Users\Santhruptha\AppData\Local\Android\Sdk' (newest first):
2022-09-28 17:19:40:451 [ADB]     C:/Users/Santhruptha/AppData/Local/Android/Sdk/build-tools/33.0.0
2022-09-28 17:19:40:451 [ADB]     C:/Users/Santhruptha/AppData/Local/Android/Sdk/build-tools/30.0.3
2022-09-28 17:19:40:453 [ADB] Using 'adb.exe' from 'C:\Users\Santhruptha\AppData\Local\Android\Sdk\platform-tools\adb.exe'
2022-09-28 17:19:40:455 [ADB] Running 'C:\Users\Santhruptha\AppData\Local\Android\Sdk\platform-tools\adb.exe -P 5037 start-server'
2022-09-28 17:19:40:531 [AndroidDriver] Retrieving device list
2022-09-28 17:19:40:532 [ADB] Trying to find a connected android device
2022-09-28 17:19:40:534 [ADB] Getting connected devices
2022-09-28 17:19:40:582 [ADB] Connected devices: [{"udid":"emulator-5554","state":"device"}]
2022-09-28 17:19:40:583 [AndroidDriver] Using device: emulator-5554
2022-09-28 17:19:40:585 [ADB] Using 'adb.exe' from 'C:\Users\Santhruptha\AppData\Local\Android\Sdk\platform-tools\adb.exe'
2022-09-28 17:19:40:585 [ADB] Running 'C:\Users\Santhruptha\AppData\Local\Android\Sdk\platform-tools\adb.exe -P 5037 start-server'
2022-09-28 17:19:40:624 [ADB] Setting device id to emulator-5554
2022-09-28 17:19:40:627 [ADB] Running 'C:\Users\Santhruptha\AppData\Local\Android\Sdk\platform-tools\adb.exe -P 5037 -s emulator-5554 shell getprop ro.build.version.sdk'
2022-09-28 17:19:40:936 [ADB] Current device property 'ro.build.version.sdk': 31
2022-09-28 17:19:40:937 [ADB] Getting device platform version
2022-09-28 17:19:40:937 [ADB] Running 'C:\Users\Santhruptha\AppData\Local\Android\Sdk\platform-tools\adb.exe -P 5037 -s emulator-5554 shell getprop ro.build.version.release'
2022-09-28 17:19:41:094 [ADB] Current device property 'ro.build.version.release': 12
2022-09-28 17:19:41:094 [ADB] Device API level: 31
2022-09-28 17:19:41:095 [UiAutomator2] Relaxing hidden api policy
2022-09-28 17:19:41:096 [ADB] Running 'C:\Users\Santhruptha\AppData\Local\Android\Sdk\platform-tools\adb.exe -P 5037 -s emulator-5554 shell 'settings put global hidden_api_policy_pre_p_apps 1;settings put global hidden_api_policy_p_apps 1;settings put global hidden_api_policy 1''
2022-09-28 17:19:41:460 [AndroidDriver] Parsing package and activity from app manifest
2022-09-28 17:19:41:613 [ADB] Package name: 'com.mandir'
2022-09-28 17:19:41:613 [ADB] Main activity name: 'com.mandir.ui.activity.SplashActivity'
2022-09-28 17:19:41:613 [AndroidDriver] Parsed package and activity are: com.mandir/com.mandir.ui.activity.SplashActivity
2022-09-28 17:19:41:615 [ADB] Running 'C:\Users\Santhruptha\AppData\Local\Android\Sdk\platform-tools\adb.exe -P 5037 -s emulator-5554 wait-for-device'
2022-09-28 17:19:41:675 [ADB] Running 'C:\Users\Santhruptha\AppData\Local\Android\Sdk\platform-tools\adb.exe -P 5037 -s emulator-5554 shell echo ping'
2022-09-28 17:19:41:753 [AndroidDriver] Pushing settings apk to device...
2022-09-28 17:19:41:756 [ADB] Getting install status for io.appium.settings
2022-09-28 17:19:41:756 [ADB] Running 'C:\Users\Santhruptha\AppData\Local\Android\Sdk\platform-tools\adb.exe -P 5037 -s emulator-5554 shell dumpsys package io.appium.settings'
2022-09-28 17:19:43:116 [ADB] 'io.appium.settings' is installed
2022-09-28 17:19:43:117 [ADB] Getting package info for 'io.appium.settings'
2022-09-28 17:19:43:117 [ADB] Running 'C:\Users\Santhruptha\AppData\Local\Android\Sdk\platform-tools\adb.exe -P 5037 -s emulator-5554 shell dumpsys package io.appium.settings'
2022-09-28 17:19:43:232 [ADB] The version name of the installed 'io.appium.settings' is greater or equal to the application version name ('3.4.0' >= '3.4.0')
2022-09-28 17:19:43:233 [ADB] There is no need to install/upgrade 'C:\Users\Santhruptha\AppData\Roaming\npm\node_modules\appium\node_modules\io.appium.settings\apks\settings_apk-debug.apk'
2022-09-28 17:19:43:234 [ADB] Getting IDs of all 'io.appium.settings' processes
2022-09-28 17:19:43:235 [ADB] Running 'C:\Users\Santhruptha\AppData\Local\Android\Sdk\platform-tools\adb.exe -P 5037 -s emulator-5554 shell 'pgrep --help; echo $?''
2022-09-28 17:19:43:352 [ADB] Running 'C:\Users\Santhruptha\AppData\Local\Android\Sdk\platform-tools\adb.exe -P 5037 -s emulator-5554 shell pgrep -f \(\[\[:blank:\]\]\|\^\)io\.appium\.settings\(\[\[:blank:\]\]\|\$\)'
2022-09-28 17:19:43:961 [AndroidDriver] io.appium.settings is already running. There is no need to reset its permissions.
2022-09-28 17:19:43:963 [Logcat] Starting logs capture with command: C:\\Users\\Santhruptha\\AppData\\Local\\Android\\Sdk\\platform-tools\\adb.exe -P 5037 -s emulator-5554 logcat -v threadtime
2022-09-28 17:19:44:120 [UiAutomator2] Forwarding UiAutomator2 Server port 6790 to local port 8200
2022-09-28 17:19:44:123 [ADB] Forwarding system: 8200 to device: 6790
2022-09-28 17:19:44:124 [ADB] Running 'C:\Users\Santhruptha\AppData\Local\Android\Sdk\platform-tools\adb.exe -P 5037 -s emulator-5554 forward tcp:8200 tcp:6790'
2022-09-28 17:19:44:201 [ADB] Getting install status for io.appium.uiautomator2.server
2022-09-28 17:19:44:202 [ADB] Running 'C:\Users\Santhruptha\AppData\Local\Android\Sdk\platform-tools\adb.exe -P 5037 -s emulator-5554 shell dumpsys package io.appium.uiautomator2.server'
2022-09-28 17:19:44:384 [ADB] 'io.appium.uiautomator2.server' is installed
2022-09-28 17:19:44:384 [ADB] Getting package info for 'io.appium.uiautomator2.server'
2022-09-28 17:19:44:385 [ADB] Running 'C:\Users\Santhruptha\AppData\Local\Android\Sdk\platform-tools\adb.exe -P 5037 -s emulator-5554 shell dumpsys package io.appium.uiautomator2.server'
2022-09-28 17:19:45:338 [ADB] The version name of the installed 'io.appium.uiautomator2.server' is greater or equal to the application version name ('4.27.0' >= '4.27.0')
2022-09-28 17:19:45:339 [UiAutomator2] io.appium.uiautomator2.server installation state: sameVersionInstalled
2022-09-28 17:19:45:340 [ADB] Checking app cert for C:\Users\Santhruptha\AppData\Roaming\npm\node_modules\appium\node_modules\appium-uiautomator2-server\apks\appium-uiautomator2-server-v4.27.0.apk
2022-09-28 17:19:45:471 [ADB] Using 'apksigner.jar' from 'C:\Users\Santhruptha\AppData\Local\Android\Sdk\build-tools\33.0.0\lib\apksigner.jar'
2022-09-28 17:19:45:476 [ADB] Starting apksigner: 'C:\\Program Files\\Java\\jdk1.8.0_291\\bin\\java.exe' -Xmx1024M -Xss1m -jar C:\\Users\\Santhruptha\\AppData\\Local\\Android\\Sdk\\build-tools\\33.0.0\\lib\\apksigner.jar verify --print-certs C:\\Users\\Santhruptha\\AppData\\Roaming\\npm\\node_modules\\appium\\node_modules\\appium-uiautomator2-server\\apks\\appium-uiautomator2-server-v4.27.0.apk
2022-09-28 17:19:47:625 [ADB] apksigner stdout: Signer #1 certificate DN: EMAILADDRESS=android@android.com, CN=Android, OU=Android, O=Android, L=Mountain View, ST=California, C=US
2022-09-28 17:19:47:625 [ADB] Signer #1 certificate SHA-256 digest: a40da80a59d170caa950cf15c18c454d47a39b26989d8b640ecd745ba71bf5dc
2022-09-28 17:19:47:626 [ADB] Signer #1 certificate SHA-1 digest: 61ed377e85d386a8dfee6b864bd85b0bfaa5af81
2022-09-28 17:19:47:626 [ADB] Signer #1 certificate MD5 digest: e89b158e4bcf988ebd09eb83f5378e87
2022-09-28 17:19:47:626 [ADB] 
2022-09-28 17:19:47:627 [ADB] sha256 hash did match for 'appium-uiautomator2-server-v4.27.0.apk'
2022-09-28 17:19:47:627 [ADB] 'C:\Users\Santhruptha\AppData\Roaming\npm\node_modules\appium\node_modules\appium-uiautomator2-server\apks\appium-uiautomator2-server-v4.27.0.apk' is signed with the default certificate
2022-09-28 17:19:47:627 [ADB] Getting install status for io.appium.uiautomator2.server.test
2022-09-28 17:19:47:627 [ADB] Running 'C:\Users\Santhruptha\AppData\Local\Android\Sdk\platform-tools\adb.exe -P 5037 -s emulator-5554 shell dumpsys package io.appium.uiautomator2.server.test'
2022-09-28 17:19:47:743 [ADB] 'io.appium.uiautomator2.server.test' is installed
2022-09-28 17:19:47:743 [ADB] Checking app cert for C:\Users\Santhruptha\AppData\Roaming\npm\node_modules\appium\node_modules\appium-uiautomator2-server\apks\appium-uiautomator2-server-debug-androidTest.apk
2022-09-28 17:19:47:758 [ADB] Starting apksigner: 'C:\\Program Files\\Java\\jdk1.8.0_291\\bin\\java.exe' -Xmx1024M -Xss1m -jar C:\\Users\\Santhruptha\\AppData\\Local\\Android\\Sdk\\build-tools\\33.0.0\\lib\\apksigner.jar verify --print-certs C:\\Users\\Santhruptha\\AppData\\Roaming\\npm\\node_modules\\appium\\node_modules\\appium-uiautomator2-server\\apks\\appium-uiautomator2-server-debug-androidTest.apk
2022-09-28 17:19:48:507 [ADB] apksigner stdout: Signer #1 certificate DN: EMAILADDRESS=android@android.com, CN=Android, OU=Android, O=Android, L=Mountain View, ST=California, C=US
2022-09-28 17:19:48:507 [ADB] Signer #1 certificate SHA-256 digest: a40da80a59d170caa950cf15c18c454d47a39b26989d8b640ecd745ba71bf5dc
2022-09-28 17:19:48:507 [ADB] Signer #1 certificate SHA-1 digest: 61ed377e85d386a8dfee6b864bd85b0bfaa5af81
2022-09-28 17:19:48:507 [ADB] Signer #1 certificate MD5 digest: e89b158e4bcf988ebd09eb83f5378e87
2022-09-28 17:19:48:508 [ADB] 
2022-09-28 17:19:48:508 [ADB] sha256 hash did match for 'appium-uiautomator2-server-debug-androidTest.apk'
2022-09-28 17:19:48:508 [ADB] 'C:\Users\Santhruptha\AppData\Roaming\npm\node_modules\appium\node_modules\appium-uiautomator2-server\apks\appium-uiautomator2-server-debug-androidTest.apk' is signed with the default certificate
2022-09-28 17:19:48:508 [UiAutomator2] Server packages are not going to be (re)installed
2022-09-28 17:19:48:514 [UiAutomator2] Waiting up to 30000ms for services to be available
2022-09-28 17:19:48:514 [ADB] Running 'C:\Users\Santhruptha\AppData\Local\Android\Sdk\platform-tools\adb.exe -P 5037 -s emulator-5554 shell pm list instrumentation'
2022-09-28 17:19:48:617 [UiAutomator2] Instrumentation target 'io.appium.uiautomator2.server.test/androidx.test.runner.AndroidJUnitRunner' is available
2022-09-28 17:19:48:622 [ADB] Adding packages ["io.appium.settings","io.appium.uiautomator2.server","io.appium.uiautomator2.server.test"] to Doze whitelist
2022-09-28 17:19:48:623 [ADB] Got the following command chunks to execute: [["dumpsys","deviceidle","whitelist","+io.appium.settings",";","dumpsys","deviceidle","whitelist","+io.appium.uiautomator2.server",";","dumpsys","deviceidle","whitelist","+io.appium.uiautomator2.server.test",";"]]
2022-09-28 17:19:48:623 [ADB] Running 'C:\Users\Santhruptha\AppData\Local\Android\Sdk\platform-tools\adb.exe -P 5037 -s emulator-5554 shell dumpsys deviceidle whitelist +io.appium.settings ; dumpsys deviceidle whitelist +io.appium.uiautomator2.server ; dumpsys deviceidle whitelist +io.appium.uiautomator2.server.test ;'
2022-09-28 17:19:48:752 [ADB] Checking app cert for C:\Users\Santhruptha\git\repository3\SRI_MANDIR\src\main\java\resources\app-debug-permission-check-fix.apk
2022-09-28 17:19:49:457 [ADB] Starting apksigner: 'C:\\Program Files\\Java\\jdk1.8.0_291\\bin\\java.exe' -Xmx1024M -Xss1m -jar C:\\Users\\Santhruptha\\AppData\\Local\\Android\\Sdk\\build-tools\\33.0.0\\lib\\apksigner.jar verify --print-certs C:\\Users\\Santhruptha\\git\\repository3\\SRI_MANDIR\\src\\main\\java\\resources\\app-debug-permission-check-fix.apk
2022-09-28 17:19:55:810 [ADB] apksigner stdout: Signer #1 certificate DN: C=US, O=Android, CN=Android Debug
2022-09-28 17:19:55:810 [ADB] Signer #1 certificate SHA-256 digest: 1a88fb209dc13dd8a94e09e7c568bd6110effe1af1ae807363423660bdedd431
2022-09-28 17:19:55:810 [ADB] Signer #1 certificate SHA-1 digest: 364149b76ce7a237255b7822dc1fb6a16a07e53a
2022-09-28 17:19:55:811 [ADB] Signer #1 certificate MD5 digest: b398560dcfa1e9442e1bca121f0438ce
2022-09-28 17:19:55:811 [ADB] 
2022-09-28 17:19:55:811 [ADB] 'C:\Users\Santhruptha\git\repository3\SRI_MANDIR\src\main\java\resources\app-debug-permission-check-fix.apk' is signed with a non-default certificate
2022-09-28 17:19:55:812 [ADB] Getting install status for com.mandir
2022-09-28 17:19:55:813 [ADB] Running 'C:\Users\Santhruptha\AppData\Local\Android\Sdk\platform-tools\adb.exe -P 5037 -s emulator-5554 shell dumpsys package com.mandir'
2022-09-28 17:19:55:988 [ADB] 'com.mandir' is not installed
2022-09-28 17:19:55:988 [ADB] App 'C:\Users\Santhruptha\git\repository3\SRI_MANDIR\src\main\java\resources\app-debug-permission-check-fix.apk' is not installed
2022-09-28 17:19:55:988 [ADB] Installing 'C:\Users\Santhruptha\git\repository3\SRI_MANDIR\src\main\java\resources\app-debug-permission-check-fix.apk'
2022-09-28 17:19:55:990 [ADB] Running 'C:\Users\Santhruptha\AppData\Local\Android\Sdk\platform-tools\adb.exe -P 5037 -s emulator-5554 help'
2022-09-28 17:19:56:027 [ADB] Running 'C:\Users\Santhruptha\AppData\Local\Android\Sdk\platform-tools\adb.exe -P 5037 -s emulator-5554 features'
2022-09-28 17:19:56:070 [ADB] The application at 'C:\Users\Santhruptha\git\repository3\SRI_MANDIR\src\main\java\resources\app-debug-permission-check-fix.apk' will not be cached, because the device under test has confirmed the support of streamed installs
2022-09-28 17:19:56:071 [ADB] Running 'C:\Users\Santhruptha\AppData\Local\Android\Sdk\platform-tools\adb.exe -P 5037 -s emulator-5554 install -g C:\Users\Santhruptha\git\repository3\SRI_MANDIR\src\main\java\resources\app-debug-permission-check-fix.apk'
2022-09-28 17:20:18:786 [ADB] The installation of 'app-debug-permission-check-fix.apk' took 22715ms
2022-09-28 17:20:18:787 [ADB] Install command stdout: Performing Streamed Install
2022-09-28 17:20:18:787 [ADB] Success
2022-09-28 17:20:18:790 [UiAutomator2] Performing shallow cleanup of automation leftovers
2022-09-28 17:20:19:317 [UiAutomator2] No obsolete sessions have been detected (timeout of 500ms exceeded)
2022-09-28 17:20:19:318 [ADB] Running 'C:\Users\Santhruptha\AppData\Local\Android\Sdk\platform-tools\adb.exe -P 5037 -s emulator-5554 shell am force-stop io.appium.uiautomator2.server.test'
2022-09-28 17:20:19:743 [UiAutomator2] Starting UIAutomator2 server 4.27.0
2022-09-28 17:20:19:744 [UiAutomator2] Using UIAutomator2 server from 'C:\Users\Santhruptha\AppData\Roaming\npm\node_modules\appium\node_modules\appium-uiautomator2-server\apks\appium-uiautomator2-server-v4.27.0.apk' and test from 'C:\Users\Santhruptha\AppData\Roaming\npm\node_modules\appium\node_modules\appium-uiautomator2-server\apks\appium-uiautomator2-server-debug-androidTest.apk'
2022-09-28 17:20:19:745 [UiAutomator2] Waiting up to 30000ms for UiAutomator2 to be online...
2022-09-28 17:20:19:746 [ADB] Creating ADB subprocess with args: ["-P",5037,"-s","emulator-5554","shell","am","instrument","-w","-e","disableAnalytics",true,"io.appium.uiautomator2.server.test/androidx.test.runner.AndroidJUnitRunner"]
2022-09-28 17:20:19:761 [WD Proxy] Matched '/status' to command name 'getStatus'
2022-09-28 17:20:19:764 [WD Proxy] Proxying [GET /status] to [GET http://127.0.0.1:8200/wd/hub/status] with no body
2022-09-28 17:20:20:375 [WD Proxy] Got response with status 200: {"sessionId":"None","value":{"message":"UiAutomator2 Server is ready to accept commands","ready":true}}
2022-09-28 17:20:20:376 [UiAutomator2] The initialization of the instrumentation process took 631ms
2022-09-28 17:20:20:377 [WD Proxy] Matched '/session' to command name 'createSession'
2022-09-28 17:20:20:378 [WD Proxy] Proxying [POST /session] to [POST http://127.0.0.1:8200/wd/hub/session] with body: {"capabilities":{"firstMatch":[{"platform":"ANDROID","webStorageEnabled":false,"takesScreenshot":true,"javascriptEnabled":true,"databaseEnabled":false,"networkConnectionEnabled":true,"locationContextEnabled":false,"warnings":{},"desired":{"platformName":"android","platform":"ANDROID","app":"./src/main/java/resources/app-debug-permission-check-fix.apk","autoGrantPermissions":true,"automationName":"UiAutomator2","noReset":true,"udid":"emulator-5554"},"platformName":"android","app":"./src/main/java/resources/app-debug-permission-check-fix.apk","autoGrantPermissions":true,"automationName":"UiAutomator2","noReset":true,"udid":"emulator-5554","deviceName":"emulator-5554","deviceUDID":"emulator-5554","appPackage":"com.mandir"}],"alwaysMatch":{}}}
2022-09-28 17:20:21:348 [WD Proxy] Got response with status 200: {"sessionId":"6665d8b5-4571-4cf8-bfd2-1fa3ff3ae96d","value":{"capabilities":{"firstMatch":[{"platform":"ANDROID","webStorageEnabled":false,"takesScreenshot":true,"javascriptEnabled":true,"databaseEnabled":false,"networkConnectionEnabled":true,"locationContextEnabled":false,"warnings":{},"desired":{"platformName":"android","platform":"ANDROID","app":"./src/main/java/resources/app-debug-permission-check-fix.apk","autoGrantPermissions":true,"automationName":"UiAutomator2","noReset":true,"udid":"emulator-5554"},"platformName":"android","app":"./src/main/java/resources/app-debug-permission-check-fix.apk","autoGrantPermissions":true,"automationName":"UiAutomator2","noReset":true,"udid":"emulator-5554","deviceName":"emulator-5554","deviceUDID":"emulator-5554","appPackage":"com.mandir"}],"alwaysMatch":{}},"sessionId":"6665d8b5-4571-4cf8-bfd2-1fa3ff3ae96d"}}
2022-09-28 17:20:21:349 [WD Proxy] Determined the downstream protocol as 'W3C'
2022-09-28 17:20:21:396 [WD Proxy] Proxying [GET /appium/device/info] to [GET http://127.0.0.1:8200/wd/hub/session/6665d8b5-4571-4cf8-bfd2-1fa3ff3ae96d/appium/device/info] with no body
2022-09-28 17:20:22:434 [WD Proxy] Got response with status 200: {"sessionId":"6665d8b5-4571-4cf8-bfd2-1fa3ff3ae96d","value":{"androidId":"853a12b8b184f863","apiVersion":"31","bluetooth":{"state":"ON"},"brand":"google","carrierName":"T-Mobile","displayDensity":440,"locale":"en_US","manufacturer":"Google","model":"sdk_gphone64_x86_64","networks":[{"capabilities":{"SSID":null,"linkDownBandwidthKbps":30000,"linkUpstreamBandwidthKbps":15000,"networkCapabilities":"NET_CAPABILITY_MMS,NET_CAPABILITY_SUPL,NET_CAPABILITY_DUN,NET_CAPABILITY_FOTA,NET_CAPABILITY_IMS,NET_CAPABILITY_CBS,NET_CAPABILITY_INTERNET,NET_CAPABILITY_NOT_RESTRICTED,NET_CAPABILITY_TRUSTED,NET_CAPABILITY_NOT_VPN,NET_CAPABILITY_VALIDATED,NET_CAPABILITY_NOT_ROAMING,NET_CAPABILITY_NOT_CONGESTED,NET_CAPABILITY_NOT_SUSPENDED","signalStrength":-2147483648,"transportTypes":"TRANSPORT_CELLULAR"},"detailedState":"CONNECTED","extraInfo":"epc.tmobile.com","isAvailable":true,"isConnected":true,"isFailover":false,"isRoaming":false,"state":"CONNECTED","subtype":13,"subtypeName":"LTE","type":0,"typeName":"MOBILE"},{"capabilit...
2022-09-28 17:20:22:436 [ADB] Running 'C:\Users\Santhruptha\AppData\Local\Android\Sdk\platform-tools\adb.exe -P 5037 -s emulator-5554 shell dumpsys window'
2022-09-28 17:20:23:139 [AndroidDriver] Screen already unlocked, doing nothing
2022-09-28 17:20:23:140 [UiAutomator2] Starting 'com.mandir/com.mandir.ui.activity.SplashActivity and waiting for 'com.mandir/com.mandir.ui.activity.SplashActivity'
2022-09-28 17:20:23:143 [ADB] Running 'C:\Users\Santhruptha\AppData\Local\Android\Sdk\platform-tools\adb.exe -P 5037 -s emulator-5554 shell am start -W -n com.mandir/com.mandir.ui.activity.SplashActivity -S -a android.intent.action.MAIN -c android.intent.category.LAUNCHER -f 0x10200000'
2022-09-28 17:20:30:554 [Instrumentation] io.appium.uiautomator2.server.test.AppiumUiAutomator2Server:
2022-09-28 17:20:35:982 [ADB] Waiting up to 20000ms for activity matching pkg: 'com.mandir' and activity: 'com.mandir.ui.activity.SplashActivity' to be focused
2022-09-28 17:20:35:983 [ADB] Possible activities, to be checked: 'com.mandir.ui.activity.SplashActivity', 'com.mandir.com.mandir.ui.activity.SplashActivity'
2022-09-28 17:20:35:984 [ADB] Getting focused package and activity
2022-09-28 17:20:35:985 [ADB] Running 'C:\Users\Santhruptha\AppData\Local\Android\Sdk\platform-tools\adb.exe -P 5037 -s emulator-5554 shell dumpsys window displays'
2022-09-28 17:20:36:117 [ADB] Found package: 'com.mandir' and fully qualified activity name : 'com.mandir.ui.activity.SplashActivity'
2022-09-28 17:20:36:122 [WD Proxy] Proxying [GET /appium/device/pixel_ratio] to [GET http://127.0.0.1:8200/wd/hub/session/6665d8b5-4571-4cf8-bfd2-1fa3ff3ae96d/appium/device/pixel_ratio] with no body
2022-09-28 17:20:36:362 [WD Proxy] Got response with status 404: {"sessionId":"6665d8b5-4571-4cf8-bfd2-1fa3ff3ae96d","value":{"error":"invalid session id","message":"The session identified by 6665d8b5-4571-4cf8-bfd2-1fa3ff3ae96d is not known","stacktrace":"io.appium.uiautomator2.common.exceptions.NoSuchDriverException: The session identified by 6665d8b5-4571-4cf8-bfd2-1fa3ff3ae96d is not known\n\tat io.appium.uiautomator2.handler.request.SafeRequestHandler.handle(SafeRequestHandler.java:54)\n\tat io.appium.uiautomator2.server.AppiumServlet.handleRequest(AppiumServlet.java:266)\n\tat io.appium.uiautomator2.server.AppiumServlet.handleHttpRequest(AppiumServlet.java:260)\n\tat io.appium.uiautomator2.http.ServerHandler.channelRead(ServerHandler.java:68)\n\tat io.netty.channel.AbstractChannelHandlerContext.invokeChannelRead(AbstractChannelHandlerContext.java:366)\n\tat io.netty.channel.AbstractChannelHandlerContext.invokeChannelRead(AbstractChannelHandlerContext.java:352)\n\tat io.netty.channel.AbstractChannelHandlerContext.fireChannelRead(AbstractChannelHandlerContext.java:3...
2022-09-28 17:20:36:365 [W3C] Matched W3C error code 'invalid session id' to NoSuchDriverError
2022-09-28 17:20:36:368 [UiAutomator2] Deleting UiAutomator2 session
2022-09-28 17:20:36:369 [UiAutomator2] Deleting UiAutomator2 server session
2022-09-28 17:20:36:370 [WD Proxy] Matched '/' to command name 'deleteSession'
2022-09-28 17:20:36:370 [WD Proxy] Proxying [DELETE /] to [DELETE http://127.0.0.1:8200/wd/hub/session/6665d8b5-4571-4cf8-bfd2-1fa3ff3ae96d] with no body
2022-09-28 17:20:36:393 [WD Proxy] Got response with status 404: {"sessionId":"6665d8b5-4571-4cf8-bfd2-1fa3ff3ae96d","value":{"error":"invalid session id","message":"The session identified by 6665d8b5-4571-4cf8-bfd2-1fa3ff3ae96d is not known","stacktrace":"io.appium.uiautomator2.common.exceptions.NoSuchDriverException: The session identified by 6665d8b5-4571-4cf8-bfd2-1fa3ff3ae96d is not known\n\tat io.appium.uiautomator2.handler.request.SafeRequestHandler.handle(SafeRequestHandler.java:54)\n\tat io.appium.uiautomator2.server.AppiumServlet.handleRequest(AppiumServlet.java:266)\n\tat io.appium.uiautomator2.server.AppiumServlet.handleHttpRequest(AppiumServlet.java:260)\n\tat io.appium.uiautomator2.http.ServerHandler.channelRead(ServerHandler.java:68)\n\tat io.netty.channel.AbstractChannelHandlerContext.invokeChannelRead(AbstractChannelHandlerContext.java:366)\n\tat io.netty.channel.AbstractChannelHandlerContext.invokeChannelRead(AbstractChannelHandlerContext.java:352)\n\tat io.netty.channel.AbstractChannelHandlerContext.fireChannelRead(AbstractChannelHandlerContext.java:3...
2022-09-28 17:20:36:394 [W3C] Matched W3C error code 'invalid session id' to NoSuchDriverError
2022-09-28 17:20:36:395 [UiAutomator2] Did not get confirmation UiAutomator2 deleteSession worked; Error was: NoSuchDriverError: The session identified by 6665d8b5-4571-4cf8-bfd2-1fa3ff3ae96d is not known
2022-09-28 17:20:36:395 [ADB] Running 'C:\Users\Santhruptha\AppData\Local\Android\Sdk\platform-tools\adb.exe -P 5037 -s emulator-5554 shell am force-stop com.mandir'
2022-09-28 17:20:36:648 [Logcat] Stopping logcat capture
2022-09-28 17:20:36:662 [ADB] Removing forwarded port socket connection: 8200 
2022-09-28 17:20:36:663 [ADB] Running 'C:\Users\Santhruptha\AppData\Local\Android\Sdk\platform-tools\adb.exe -P 5037 -s emulator-5554 forward --remove tcp:8200'
2022-09-28 17:20:36:777 [UiAutomator2] Restoring hidden api policy to the device default configuration
2022-09-28 17:20:36:780 [ADB] Running 'C:\Users\Santhruptha\AppData\Local\Android\Sdk\platform-tools\adb.exe -P 5037 -s emulator-5554 shell 'settings delete global hidden_api_policy_pre_p_apps;settings delete global hidden_api_policy_p_apps;settings delete global hidden_api_policy''
2022-09-28 17:20:37:265 [BaseDriver] Event 'newSessionStarted' logged at 1664385637264 (22:50:37 GMT+0530 (India Standard Time))
2022-09-28 17:20:37:266 [W3C] Encountered internal error running command: io.appium.uiautomator2.common.exceptions.NoSuchDriverException: The session identified by 6665d8b5-4571-4cf8-bfd2-1fa3ff3ae96d is not known
2022-09-28 17:20:37:267 [W3C] 	at io.appium.uiautomator2.handler.request.SafeRequestHandler.handle(SafeRequestHandler.java:54)
2022-09-28 17:20:37:267 [W3C] 	at io.appium.uiautomator2.server.AppiumServlet.handleRequest(AppiumServlet.java:266)
2022-09-28 17:20:37:268 [W3C] 	at io.appium.uiautomator2.server.AppiumServlet.handleHttpRequest(AppiumServlet.java:260)
2022-09-28 17:20:37:269 [W3C] 	at io.appium.uiautomator2.http.ServerHandler.channelRead(ServerHandler.java:68)
2022-09-28 17:20:37:269 [W3C] 	at io.netty.channel.AbstractChannelHandlerContext.invokeChannelRead(AbstractChannelHandlerContext.java:366)
2022-09-28 17:20:37:273 [W3C] 	at io.netty.channel.AbstractChannelHandlerContext.invokeChannelRead(AbstractChannelHandlerContext.java:352)
2022-09-28 17:20:37:274 [W3C] 	at io.netty.channel.AbstractChannelHandlerContext.fireChannelRead(AbstractChannelHandlerContext.java:345)
2022-09-28 17:20:37:274 [W3C] 	at io.netty.handler.codec.MessageToMessageDecoder.channelRead(MessageToMessageDecoder.java:102)
2022-09-28 17:20:37:275 [W3C] 	at io.netty.channel.AbstractChannelHandlerContext.invokeChannelRead(AbstractChannelHandlerContext.java:366)
2022-09-28 17:20:37:276 [W3C] 	at io.netty.channel.AbstractChannelHandlerContext.invokeChannelRead(AbstractChannelHandlerContext.java:352)
2022-09-28 17:20:37:277 [W3C] 	at io.netty.channel.AbstractChannelHandlerContext.fireChannelRead(AbstractChannelHandlerContext.java:345)
2022-09-28 17:20:37:278 [W3C] 	at io.netty.channel.CombinedChannelDuplexHandler$DelegatingChannelHandlerContext.fireChannelRead(CombinedChannelDuplexHandler.java:435)
2022-09-28 17:20:37:278 [W3C] 	at io.netty.handler.codec.ByteToMessageDecoder.fireChannelRead(ByteToMessageDecoder.java:293)
2022-09-28 17:20:37:279 [W3C] 	at io.netty.handler.codec.ByteToMessageDecoder.channelRead(ByteToMessageDecoder.java:267)
2022-09-28 17:20:37:280 [W3C] 	at io.netty.channel.CombinedChannelDuplexHandler.channelRead(CombinedChannelDuplexHandler.java:250)
2022-09-28 17:20:37:281 [W3C] 	at io.netty.channel.AbstractChannelHandlerContext.invokeChannelRead(AbstractChannelHandlerContext.java:366)
2022-09-28 17:20:37:281 [W3C] 	at io.netty.channel.AbstractChannelHandlerContext.invokeChannelRead(AbstractChannelHandlerContext.java:352)
2022-09-28 17:20:37:282 [W3C] 	at io.netty.channel.AbstractChannelHandlerContext.fireChannelRead(AbstractChannelHandlerContext.java:345)
2022-09-28 17:20:37:282 [W3C] 	at io.netty.handler.timeout.IdleStateHandler.channelRead(IdleStateHandler.java:266)
2022-09-28 17:20:37:282 [W3C] 	at io.netty.channel.AbstractChannelHandlerContext.invokeChannelRead(AbstractChannelHandlerContext.java:366)
2022-09-28 17:20:37:282 [W3C] 	at io.netty.channel.AbstractChannelHandlerContext.invokeChannelRead(AbstractChannelHandlerContext.java:352)
2022-09-28 17:20:37:283 [W3C] 	at io.netty.channel.AbstractChannelHandlerContext.fireChannelRead(AbstractChannelHandlerContext.java:345)
2022-09-28 17:20:37:283 [W3C] 	at io.netty.channel.DefaultChannelPipeline$HeadContext.channelRead(DefaultChannelPipeline.java:1294)
2022-09-28 17:20:37:283 [W3C] 	at io.netty.channel.AbstractChannelHandlerContext.invokeChannelRead(AbstractChannelHandlerContext.java:366)
2022-09-28 17:20:37:283 [W3C] 	at io.netty.channel.AbstractChannelHandlerContext.invokeChannelRead(AbstractChannelHandlerContext.java:352)
2022-09-28 17:20:37:284 [W3C] 	at io.netty.channel.DefaultChannelPipeline.fireChannelRead(DefaultChannelPipeline.java:911)
2022-09-28 17:20:37:284 [W3C] 	at io.netty.channel.nio.AbstractNioByteChannel$NioByteUnsafe.read(AbstractNioByteChannel.java:131)
2022-09-28 17:20:37:285 [W3C] 	at io.netty.channel.nio.NioEventLoop.processSelectedKey(NioEventLoop.java:611)
2022-09-28 17:20:37:285 [W3C] 	at io.netty.channel.nio.NioEventLoop.processSelectedKeysOptimized(NioEventLoop.java:552)
2022-09-28 17:20:37:285 [W3C] 	at io.netty.channel.nio.NioEventLoop.processSelectedKeys(NioEventLoop.java:466)
2022-09-28 17:20:37:286 [W3C] 	at io.netty.channel.nio.NioEventLoop.run(NioEventLoop.java:438)
2022-09-28 17:20:37:286 [W3C] 	at io.netty.util.concurrent.SingleThreadEventExecutor$2.run(SingleThreadEventExecutor.java:140)
2022-09-28 17:20:37:287 [W3C] 	at io.netty.util.concurrent.DefaultThreadFactory$DefaultRunnableDecorator.run(DefaultThreadFactory.java:144)
2022-09-28 17:20:37:287 [W3C] 	at java.lang.Thread.run(Thread.java:920)
2022-09-28 17:20:37:288 [W3C] 
2022-09-28 17:20:37:295 [HTTP] <-- POST /wd/hub/session 404 57658 ms - 3691
2022-09-28 17:20:37:296 [HTTP] 
