2022-10-14 12:10:43:066 [Appium] Welcome to Appium v1.22.3
2022-10-14 12:10:43:068 [Appium] Non-default server args:
2022-10-14 12:10:43:069 [Appium]   address: 127.0.0.1
2022-10-14 12:10:43:069 [Appium]   port: 21036
2022-10-14 12:10:43:069 [Appium]   logFile: C:\Users\Shilpa\Documents\New_Sri_Mandir\SRI_MANDIR(Different languages)\.\ServerLogs\appiumSriMandirSMPK_TC_2070_VerifyPunyaMudraPage.log
2022-10-14 12:10:43:102 [Appium] Appium REST http interface listener started on 127.0.0.1:21036
2022-10-14 12:10:43:386 [HTTP] --> GET /wd/hub/status
2022-10-14 12:10:43:386 [HTTP] {}
2022-10-14 12:10:43:388 [GENERIC] Calling AppiumDriver.getStatus() with args: []
2022-10-14 12:10:43:388 [GENERIC] Responding to client with driver.getStatus() result: {"build":{"version":"1.22.3"}}
2022-10-14 12:10:43:393 [HTTP] <-- GET /wd/hub/status 200 5 ms - 68
2022-10-14 12:10:43:393 [HTTP] 
2022-10-14 12:10:43:790 [HTTP] --> POST /wd/hub/session
2022-10-14 12:10:43:791 [HTTP] {"desiredCapabilities":{"app":"./src/main/java/resources/app-debug-3.7.5.apk","noReset":true,"automationName":"UiAutomator2","autoGrantPermissions":true,"platformName":"Android","udid":"emulator-5554","platform":"ANDROID"},"capabilities":{"firstMatch":[{"appium:app":"./src/main/java/resources/app-debug-3.7.5.apk","appium:autoGrantPermissions":true,"appium:automationName":"UiAutomator2","appium:noReset":true,"platform":"ANDROID","platformName":"android","appium:udid":"emulator-5554"}]}}
2022-10-14 12:10:43:791 [W3C] Calling AppiumDriver.createSession() with args: [{"app":"./src/main/java/resources/app-debug-3.7.5.apk","noReset":true,"automationName":"UiAutomator2","autoGrantPermissions":true,"platformName":"Android","udid":"emulator-5554","platform":"ANDROID"},null,{"firstMatch":[{"appium:app":"./src/main/java/resources/app-debug-3.7.5.apk","appium:autoGrantPermissions":true,"appium:automationName":"UiAutomator2","appium:noReset":true,"platform":"ANDROID","platformName":"android","appium:udid":"emulator-5554"}]}]
2022-10-14 12:10:43:792 [BaseDriver] Event 'newSessionRequested' logged at 1665749443792 (17:40:43 GMT+0530 (India Standard Time))
2022-10-14 12:10:43:795 [BaseDriver] The following capabilities are not standard capabilities and should have an extension prefix:
2022-10-14 12:10:43:796 [BaseDriver]   platform
2022-10-14 12:10:44:085 [Appium] Appium v1.22.3 creating new AndroidUiautomator2Driver (v1.70.1) session
2022-10-14 12:10:44:088 [BaseDriver] W3C capabilities and MJSONWP desired capabilities were provided
2022-10-14 12:10:44:088 [BaseDriver] Creating session with W3C capabilities: {
2022-10-14 12:10:44:088 [BaseDriver]   "alwaysMatch": {
2022-10-14 12:10:44:088 [BaseDriver]     "appium:platform": "ANDROID",
2022-10-14 12:10:44:088 [BaseDriver]     "platformName": "android",
2022-10-14 12:10:44:089 [BaseDriver]     "appium:app": "./src/main/java/resources/app-debug-3.7.5.apk",
2022-10-14 12:10:44:089 [BaseDriver]     "appium:autoGrantPermissions": true,
2022-10-14 12:10:44:089 [BaseDriver]     "appium:automationName": "UiAutomator2",
2022-10-14 12:10:44:089 [BaseDriver]     "appium:noReset": true,
2022-10-14 12:10:44:089 [BaseDriver]     "appium:udid": "emulator-5554"
2022-10-14 12:10:44:089 [BaseDriver]   },
2022-10-14 12:10:44:089 [BaseDriver]   "firstMatch": [
2022-10-14 12:10:44:089 [BaseDriver]     {}
2022-10-14 12:10:44:089 [BaseDriver]   ]
2022-10-14 12:10:44:090 [BaseDriver] }
2022-10-14 12:10:44:096 [BaseDriver] The following capabilities were provided, but are not recognized by Appium:
2022-10-14 12:10:44:096 [BaseDriver]   platform
2022-10-14 12:10:44:097 [BaseDriver] Session created with session id: 9a5b2bd9-14f1-4690-9942-c9417cbc3401
2022-10-14 12:10:44:099 [BaseDriver] Using local app './src/main/java/resources/app-debug-3.7.5.apk'
2022-10-14 12:10:44:100 [BaseDriver] The current application path './src/main/java/resources/app-debug-3.7.5.apk' is not absolute and has been rewritten to 'C:\Users\Shilpa\Documents\New_Sri_Mandir\SRI_MANDIR(Different languages)\src\main\java\resources\app-debug-3.7.5.apk'. Consider using absolute paths rather than relative
2022-10-14 12:10:44:100 [UiAutomator2] Checking whether app is actually present
2022-10-14 12:10:44:126 [ADB] Found 2 'build-tools' folders under 'C:\Users\Shilpa\AppData\Local\Android\Sdk' (newest first):
2022-10-14 12:10:44:127 [ADB]     C:/Users/Shilpa/AppData/Local/Android/Sdk/build-tools/33.0.0
2022-10-14 12:10:44:127 [ADB]     C:/Users/Shilpa/AppData/Local/Android/Sdk/build-tools/30.0.3
2022-10-14 12:10:44:127 [ADB] Using 'adb.exe' from 'C:\Users\Shilpa\AppData\Local\Android\Sdk\platform-tools\adb.exe'
2022-10-14 12:10:44:128 [ADB] Running 'C:\Users\Shilpa\AppData\Local\Android\Sdk\platform-tools\adb.exe -P 5037 start-server'
2022-10-14 12:10:44:160 [AndroidDriver] Retrieving device list
2022-10-14 12:10:44:160 [ADB] Trying to find a connected android device
2022-10-14 12:10:44:161 [ADB] Getting connected devices
2022-10-14 12:10:44:185 [ADB] Connected devices: [{"udid":"emulator-5554","state":"device"}]
2022-10-14 12:10:44:185 [AndroidDriver] Using device: emulator-5554
2022-10-14 12:10:44:187 [ADB] Using 'adb.exe' from 'C:\Users\Shilpa\AppData\Local\Android\Sdk\platform-tools\adb.exe'
2022-10-14 12:10:44:187 [ADB] Running 'C:\Users\Shilpa\AppData\Local\Android\Sdk\platform-tools\adb.exe -P 5037 start-server'
2022-10-14 12:10:44:211 [ADB] Setting device id to emulator-5554
2022-10-14 12:10:44:212 [ADB] Running 'C:\Users\Shilpa\AppData\Local\Android\Sdk\platform-tools\adb.exe -P 5037 -s emulator-5554 shell getprop ro.build.version.sdk'
2022-10-14 12:10:44:278 [ADB] Current device property 'ro.build.version.sdk': 31
2022-10-14 12:10:44:278 [ADB] Getting device platform version
2022-10-14 12:10:44:279 [ADB] Running 'C:\Users\Shilpa\AppData\Local\Android\Sdk\platform-tools\adb.exe -P 5037 -s emulator-5554 shell getprop ro.build.version.release'
2022-10-14 12:10:44:340 [ADB] Current device property 'ro.build.version.release': 12
2022-10-14 12:10:44:340 [ADB] Device API level: 31
2022-10-14 12:10:44:340 [UiAutomator2] Relaxing hidden api policy
2022-10-14 12:10:44:341 [ADB] Running 'C:\Users\Shilpa\AppData\Local\Android\Sdk\platform-tools\adb.exe -P 5037 -s emulator-5554 shell 'settings put global hidden_api_policy_pre_p_apps 1;settings put global hidden_api_policy_p_apps 1;settings put global hidden_api_policy 1''
2022-10-14 12:10:44:435 [AndroidDriver] Parsing package and activity from app manifest
2022-10-14 12:10:44:475 [ADB] Package name: 'com.mandir'
2022-10-14 12:10:44:475 [ADB] Main activity name: 'com.mandir.ui.activity.SplashActivity'
2022-10-14 12:10:44:475 [AndroidDriver] Parsed package and activity are: com.mandir/com.mandir.ui.activity.SplashActivity
2022-10-14 12:10:44:476 [ADB] Running 'C:\Users\Shilpa\AppData\Local\Android\Sdk\platform-tools\adb.exe -P 5037 -s emulator-5554 wait-for-device'
2022-10-14 12:10:44:496 [ADB] Running 'C:\Users\Shilpa\AppData\Local\Android\Sdk\platform-tools\adb.exe -P 5037 -s emulator-5554 shell echo ping'
2022-10-14 12:10:44:542 [AndroidDriver] Pushing settings apk to device...
2022-10-14 12:10:44:543 [ADB] Getting install status for io.appium.settings
2022-10-14 12:10:44:544 [ADB] Running 'C:\Users\Shilpa\AppData\Local\Android\Sdk\platform-tools\adb.exe -P 5037 -s emulator-5554 shell dumpsys package io.appium.settings'
2022-10-14 12:10:44:886 [ADB] 'io.appium.settings' is installed
2022-10-14 12:10:44:886 [ADB] Getting package info for 'io.appium.settings'
2022-10-14 12:10:44:886 [ADB] Running 'C:\Users\Shilpa\AppData\Local\Android\Sdk\platform-tools\adb.exe -P 5037 -s emulator-5554 shell dumpsys package io.appium.settings'
2022-10-14 12:10:44:933 [ADB] The version name of the installed 'io.appium.settings' is greater or equal to the application version name ('3.4.0' >= '3.4.0')
2022-10-14 12:10:44:933 [ADB] There is no need to install/upgrade 'C:\Users\Shilpa\AppData\Roaming\npm\node_modules\appium\node_modules\io.appium.settings\apks\settings_apk-debug.apk'
2022-10-14 12:10:44:933 [ADB] Getting IDs of all 'io.appium.settings' processes
2022-10-14 12:10:44:934 [ADB] Running 'C:\Users\Shilpa\AppData\Local\Android\Sdk\platform-tools\adb.exe -P 5037 -s emulator-5554 shell 'pgrep --help; echo $?''
2022-10-14 12:10:44:993 [ADB] Running 'C:\Users\Shilpa\AppData\Local\Android\Sdk\platform-tools\adb.exe -P 5037 -s emulator-5554 shell pgrep -f \(\[\[:blank:\]\]\|\^\)io\.appium\.settings\(\[\[:blank:\]\]\|\$\)'
2022-10-14 12:10:45:071 [AndroidDriver] io.appium.settings is already running. There is no need to reset its permissions.
2022-10-14 12:10:45:072 [Logcat] Starting logs capture with command: C:\\Users\\Shilpa\\AppData\\Local\\Android\\Sdk\\platform-tools\\adb.exe -P 5037 -s emulator-5554 logcat -v threadtime
2022-10-14 12:10:45:123 [UiAutomator2] Forwarding UiAutomator2 Server port 6790 to local port 8206
2022-10-14 12:10:45:124 [ADB] Forwarding system: 8206 to device: 6790
2022-10-14 12:10:45:124 [ADB] Running 'C:\Users\Shilpa\AppData\Local\Android\Sdk\platform-tools\adb.exe -P 5037 -s emulator-5554 forward tcp:8206 tcp:6790'
2022-10-14 12:10:45:162 [ADB] Getting install status for io.appium.uiautomator2.server
2022-10-14 12:10:45:162 [ADB] Running 'C:\Users\Shilpa\AppData\Local\Android\Sdk\platform-tools\adb.exe -P 5037 -s emulator-5554 shell dumpsys package io.appium.uiautomator2.server'
2022-10-14 12:10:45:257 [ADB] 'io.appium.uiautomator2.server' is installed
2022-10-14 12:10:45:258 [ADB] Getting package info for 'io.appium.uiautomator2.server'
2022-10-14 12:10:45:258 [ADB] Running 'C:\Users\Shilpa\AppData\Local\Android\Sdk\platform-tools\adb.exe -P 5037 -s emulator-5554 shell dumpsys package io.appium.uiautomator2.server'
2022-10-14 12:10:45:633 [ADB] The version name of the installed 'io.appium.uiautomator2.server' is greater or equal to the application version name ('4.27.0' >= '4.27.0')
2022-10-14 12:10:45:633 [UiAutomator2] io.appium.uiautomator2.server installation state: sameVersionInstalled
2022-10-14 12:10:45:634 [ADB] Checking app cert for C:\Users\Shilpa\AppData\Roaming\npm\node_modules\appium\node_modules\appium-uiautomator2-server\apks\appium-uiautomator2-server-v4.27.0.apk
2022-10-14 12:10:45:677 [ADB] Using 'apksigner.jar' from 'C:\Users\Shilpa\AppData\Local\Android\Sdk\build-tools\33.0.0\lib\apksigner.jar'
2022-10-14 12:10:45:679 [ADB] Starting apksigner: 'C:\\Program Files\\Java\\jdk1.8.0_291\\bin\\java.exe' -Xmx1024M -Xss1m -jar C:\\Users\\Shilpa\\AppData\\Local\\Android\\Sdk\\build-tools\\33.0.0\\lib\\apksigner.jar verify --print-certs C:\\Users\\Shilpa\\AppData\\Roaming\\npm\\node_modules\\appium\\node_modules\\appium-uiautomator2-server\\apks\\appium-uiautomator2-server-v4.27.0.apk
2022-10-14 12:10:47:122 [ADB] apksigner stdout: Signer #1 certificate DN: EMAILADDRESS=android@android.com, CN=Android, OU=Android, O=Android, L=Mountain View, ST=California, C=US
2022-10-14 12:10:47:122 [ADB] Signer #1 certificate SHA-256 digest: a40da80a59d170caa950cf15c18c454d47a39b26989d8b640ecd745ba71bf5dc
2022-10-14 12:10:47:122 [ADB] Signer #1 certificate SHA-1 digest: 61ed377e85d386a8dfee6b864bd85b0bfaa5af81
2022-10-14 12:10:47:122 [ADB] Signer #1 certificate MD5 digest: e89b158e4bcf988ebd09eb83f5378e87
2022-10-14 12:10:47:122 [ADB] 
2022-10-14 12:10:47:123 [ADB] sha256 hash did match for 'appium-uiautomator2-server-v4.27.0.apk'
2022-10-14 12:10:47:123 [ADB] 'C:\Users\Shilpa\AppData\Roaming\npm\node_modules\appium\node_modules\appium-uiautomator2-server\apks\appium-uiautomator2-server-v4.27.0.apk' is signed with the default certificate
2022-10-14 12:10:47:123 [ADB] Getting install status for io.appium.uiautomator2.server.test
2022-10-14 12:10:47:123 [ADB] Running 'C:\Users\Shilpa\AppData\Local\Android\Sdk\platform-tools\adb.exe -P 5037 -s emulator-5554 shell dumpsys package io.appium.uiautomator2.server.test'
2022-10-14 12:10:47:197 [ADB] 'io.appium.uiautomator2.server.test' is installed
2022-10-14 12:10:47:197 [ADB] Checking app cert for C:\Users\Shilpa\AppData\Roaming\npm\node_modules\appium\node_modules\appium-uiautomator2-server\apks\appium-uiautomator2-server-debug-androidTest.apk
2022-10-14 12:10:47:201 [ADB] Starting apksigner: 'C:\\Program Files\\Java\\jdk1.8.0_291\\bin\\java.exe' -Xmx1024M -Xss1m -jar C:\\Users\\Shilpa\\AppData\\Local\\Android\\Sdk\\build-tools\\33.0.0\\lib\\apksigner.jar verify --print-certs C:\\Users\\Shilpa\\AppData\\Roaming\\npm\\node_modules\\appium\\node_modules\\appium-uiautomator2-server\\apks\\appium-uiautomator2-server-debug-androidTest.apk
2022-10-14 12:10:47:703 [ADB] apksigner stdout: Signer #1 certificate DN: EMAILADDRESS=android@android.com, CN=Android, OU=Android, O=Android, L=Mountain View, ST=California, C=US
2022-10-14 12:10:47:704 [ADB] Signer #1 certificate SHA-256 digest: a40da80a59d170caa950cf15c18c454d47a39b26989d8b640ecd745ba71bf5dc
2022-10-14 12:10:47:708 [ADB] Signer #1 certificate SHA-1 digest: 61ed377e85d386a8dfee6b864bd85b0bfaa5af81
2022-10-14 12:10:47:709 [ADB] Signer #1 certificate MD5 digest: e89b158e4bcf988ebd09eb83f5378e87
2022-10-14 12:10:47:709 [ADB] 
2022-10-14 12:10:47:709 [ADB] sha256 hash did match for 'appium-uiautomator2-server-debug-androidTest.apk'
2022-10-14 12:10:47:710 [ADB] 'C:\Users\Shilpa\AppData\Roaming\npm\node_modules\appium\node_modules\appium-uiautomator2-server\apks\appium-uiautomator2-server-debug-androidTest.apk' is signed with the default certificate
2022-10-14 12:10:47:710 [UiAutomator2] Server packages are not going to be (re)installed
2022-10-14 12:10:47:717 [UiAutomator2] Waiting up to 30000ms for services to be available
2022-10-14 12:10:47:719 [ADB] Running 'C:\Users\Shilpa\AppData\Local\Android\Sdk\platform-tools\adb.exe -P 5037 -s emulator-5554 shell pm list instrumentation'
2022-10-14 12:10:47:858 [UiAutomator2] Instrumentation target 'io.appium.uiautomator2.server.test/androidx.test.runner.AndroidJUnitRunner' is available
2022-10-14 12:10:47:861 [ADB] Adding packages ["io.appium.settings","io.appium.uiautomator2.server","io.appium.uiautomator2.server.test"] to Doze whitelist
2022-10-14 12:10:47:862 [ADB] Got the following command chunks to execute: [["dumpsys","deviceidle","whitelist","+io.appium.settings",";","dumpsys","deviceidle","whitelist","+io.appium.uiautomator2.server",";","dumpsys","deviceidle","whitelist","+io.appium.uiautomator2.server.test",";"]]
2022-10-14 12:10:47:862 [ADB] Running 'C:\Users\Shilpa\AppData\Local\Android\Sdk\platform-tools\adb.exe -P 5037 -s emulator-5554 shell dumpsys deviceidle whitelist +io.appium.settings ; dumpsys deviceidle whitelist +io.appium.uiautomator2.server ; dumpsys deviceidle whitelist +io.appium.uiautomator2.server.test ;'
2022-10-14 12:10:47:965 [ADB] Checking app cert for C:\Users\Shilpa\Documents\New_Sri_Mandir\SRI_MANDIR(Different languages)\src\main\java\resources\app-debug-3.7.5.apk
2022-10-14 12:10:48:297 [ADB] Starting apksigner: 'C:\\Program Files\\Java\\jdk1.8.0_291\\bin\\java.exe' -Xmx1024M -Xss1m -jar C:\\Users\\Shilpa\\AppData\\Local\\Android\\Sdk\\build-tools\\33.0.0\\lib\\apksigner.jar verify --print-certs 'C:\\Users\\Shilpa\\Documents\\New_Sri_Mandir\\SRI_MANDIR(Different languages)\\src\\main\\java\\resources\\app-debug-3.7.5.apk'
2022-10-14 12:10:53:484 [ADB] apksigner stdout: Signer #1 certificate DN: C=US, O=Android, CN=Android Debug
2022-10-14 12:10:53:484 [ADB] Signer #1 certificate SHA-256 digest: 468f8d0eca3bb01d2f428ec8b54a99b3813d746f45499a1b98320fb67de13b88
2022-10-14 12:10:53:484 [ADB] Signer #1 certificate SHA-1 digest: 6af3fb8b6c2faff18497cde281bcb0971856f899
2022-10-14 12:10:53:484 [ADB] Signer #1 certificate MD5 digest: 80c2152efe8fbaf12745baabbb4c6045
2022-10-14 12:10:53:485 [ADB] 
2022-10-14 12:10:53:485 [ADB] 'C:\Users\Shilpa\Documents\New_Sri_Mandir\SRI_MANDIR(Different languages)\src\main\java\resources\app-debug-3.7.5.apk' is signed with a non-default certificate
2022-10-14 12:10:53:485 [ADB] Getting install status for com.mandir
2022-10-14 12:10:53:486 [ADB] Running 'C:\Users\Shilpa\AppData\Local\Android\Sdk\platform-tools\adb.exe -P 5037 -s emulator-5554 shell dumpsys package com.mandir'
2022-10-14 12:10:53:574 [ADB] 'com.mandir' is installed
2022-10-14 12:10:53:574 [ADB] Getting package info for 'com.mandir'
2022-10-14 12:10:53:574 [ADB] Running 'C:\Users\Shilpa\AppData\Local\Android\Sdk\platform-tools\adb.exe -P 5037 -s emulator-5554 shell dumpsys package com.mandir'
2022-10-14 12:10:53:683 [ADB] The version name of the installed 'com.mandir' is greater or equal to the application version name ('3.7.5' >= '3.7.5')
2022-10-14 12:10:53:684 [ADB] There is no need to install/upgrade 'C:\Users\Shilpa\Documents\New_Sri_Mandir\SRI_MANDIR(Different languages)\src\main\java\resources\app-debug-3.7.5.apk'
2022-10-14 12:10:53:685 [UiAutomator2] Performing shallow cleanup of automation leftovers
2022-10-14 12:10:53:723 [UiAutomator2] The following obsolete sessions are still running: ["d8379400-581d-497c-a7d4-91127be53d28"]
2022-10-14 12:10:53:726 [UiAutomator2] Cleaning up 1 obsolete session
2022-10-14 12:10:54:763 [ADB] Running 'C:\Users\Shilpa\AppData\Local\Android\Sdk\platform-tools\adb.exe -P 5037 -s emulator-5554 shell am force-stop io.appium.uiautomator2.server.test'
2022-10-14 12:10:54:828 [UiAutomator2] Starting UIAutomator2 server 4.27.0
2022-10-14 12:10:54:828 [UiAutomator2] Using UIAutomator2 server from 'C:\Users\Shilpa\AppData\Roaming\npm\node_modules\appium\node_modules\appium-uiautomator2-server\apks\appium-uiautomator2-server-v4.27.0.apk' and test from 'C:\Users\Shilpa\AppData\Roaming\npm\node_modules\appium\node_modules\appium-uiautomator2-server\apks\appium-uiautomator2-server-debug-androidTest.apk'
2022-10-14 12:10:54:828 [UiAutomator2] Waiting up to 30000ms for UiAutomator2 to be online...
2022-10-14 12:10:54:828 [ADB] Creating ADB subprocess with args: ["-P",5037,"-s","emulator-5554","shell","am","instrument","-w","-e","disableAnalytics",true,"io.appium.uiautomator2.server.test/androidx.test.runner.AndroidJUnitRunner"]
2022-10-14 12:10:54:835 [WD Proxy] Matched '/status' to command name 'getStatus'
2022-10-14 12:10:54:837 [WD Proxy] Proxying [GET /status] to [GET http://127.0.0.1:8206/wd/hub/status] with no body
2022-10-14 12:10:54:847 [WD Proxy] socket hang up
2022-10-14 12:10:55:519 [Instrumentation] io.appium.uiautomator2.server.test.AppiumUiAutomator2Server:
2022-10-14 12:10:55:853 [WD Proxy] Matched '/status' to command name 'getStatus'
2022-10-14 12:10:55:854 [WD Proxy] Proxying [GET /status] to [GET http://127.0.0.1:8206/wd/hub/status] with no body
2022-10-14 12:10:55:861 [WD Proxy] socket hang up
2022-10-14 12:10:56:878 [WD Proxy] Matched '/status' to command name 'getStatus'
2022-10-14 12:10:56:878 [WD Proxy] Proxying [GET /status] to [GET http://127.0.0.1:8206/wd/hub/status] with no body
2022-10-14 12:10:57:025 [WD Proxy] Got response with status 200: {"sessionId":"None","value":{"message":"UiAutomator2 Server is ready to accept commands","ready":true}}
2022-10-14 12:10:57:025 [UiAutomator2] The initialization of the instrumentation process took 2197ms
2022-10-14 12:10:57:026 [WD Proxy] Matched '/session' to command name 'createSession'
2022-10-14 12:10:57:026 [WD Proxy] Proxying [POST /session] to [POST http://127.0.0.1:8206/wd/hub/session] with body: {"capabilities":{"firstMatch":[{"platform":"ANDROID","webStorageEnabled":false,"takesScreenshot":true,"javascriptEnabled":true,"databaseEnabled":false,"networkConnectionEnabled":true,"locationContextEnabled":false,"warnings":{},"desired":{"platformName":"android","platform":"ANDROID","app":"./src/main/java/resources/app-debug-3.7.5.apk","autoGrantPermissions":true,"automationName":"UiAutomator2","noReset":true,"udid":"emulator-5554"},"platformName":"android","app":"./src/main/java/resources/app-debug-3.7.5.apk","autoGrantPermissions":true,"automationName":"UiAutomator2","noReset":true,"udid":"emulator-5554","deviceName":"emulator-5554","deviceUDID":"emulator-5554","appPackage":"com.mandir"}],"alwaysMatch":{}}}
2022-10-14 12:10:57:062 [WD Proxy] Got response with status 200: {"sessionId":"704fc33c-dacb-4163-816a-2918a5eb51a9","value":{"capabilities":{"firstMatch":[{"platform":"ANDROID","webStorageEnabled":false,"takesScreenshot":true,"javascriptEnabled":true,"databaseEnabled":false,"networkConnectionEnabled":true,"locationContextEnabled":false,"warnings":{},"desired":{"platformName":"android","platform":"ANDROID","app":"./src/main/java/resources/app-debug-3.7.5.apk","autoGrantPermissions":true,"automationName":"UiAutomator2","noReset":true,"udid":"emulator-5554"},"platformName":"android","app":"./src/main/java/resources/app-debug-3.7.5.apk","autoGrantPermissions":true,"automationName":"UiAutomator2","noReset":true,"udid":"emulator-5554","deviceName":"emulator-5554","deviceUDID":"emulator-5554","appPackage":"com.mandir"}],"alwaysMatch":{}},"sessionId":"704fc33c-dacb-4163-816a-2918a5eb51a9"}}
2022-10-14 12:10:57:063 [WD Proxy] Determined the downstream protocol as 'W3C'
2022-10-14 12:10:57:080 [WD Proxy] Proxying [GET /appium/device/info] to [GET http://127.0.0.1:8206/wd/hub/session/704fc33c-dacb-4163-816a-2918a5eb51a9/appium/device/info] with no body
2022-10-14 12:10:57:106 [WD Proxy] Got response with status 200: {"sessionId":"704fc33c-dacb-4163-816a-2918a5eb51a9","value":{"androidId":"3904ad1126ed39dd","apiVersion":"31","bluetooth":{"state":"ON"},"brand":"google","carrierName":"T-Mobile","displayDensity":440,"locale":"en_US","manufacturer":"Google","model":"sdk_gphone64_x86_64","networks":[{"capabilities":{"SSID":null,"linkDownBandwidthKbps":30000,"linkUpstreamBandwidthKbps":12000,"networkCapabilities":"NET_CAPABILITY_NOT_METERED,NET_CAPABILITY_INTERNET,NET_CAPABILITY_NOT_RESTRICTED,NET_CAPABILITY_TRUSTED,NET_CAPABILITY_NOT_VPN,NET_CAPABILITY_VALIDATED,NET_CAPABILITY_NOT_ROAMING,NET_CAPABILITY_FOREGROUND,NET_CAPABILITY_NOT_CONGESTED,NET_CAPABILITY_NOT_SUSPENDED","signalStrength":-50,"transportTypes":"TRANSPORT_WIFI"},"detailedState":"CONNECTED","extraInfo":"","isAvailable":true,"isConnected":true,"isFailover":false,"isRoaming":false,"state":"CONNECTED","subtype":-1,"subtypeName":"","type":1,"typeName":"WIFI"},{"capabilities":{"SSID":null,"linkDownBandwidthKbps":4300,"linkUpstreamBandwidthKbps":1800,"networkCapabil...
2022-10-14 12:10:57:107 [ADB] Running 'C:\Users\Shilpa\AppData\Local\Android\Sdk\platform-tools\adb.exe -P 5037 -s emulator-5554 shell dumpsys window'
2022-10-14 12:10:57:173 [AndroidDriver] Screen already unlocked, doing nothing
2022-10-14 12:10:57:173 [UiAutomator2] Starting 'com.mandir/com.mandir.ui.activity.SplashActivity and waiting for 'com.mandir/com.mandir.ui.activity.SplashActivity'
2022-10-14 12:10:57:174 [ADB] Running 'C:\Users\Shilpa\AppData\Local\Android\Sdk\platform-tools\adb.exe -P 5037 -s emulator-5554 shell am start -W -n com.mandir/com.mandir.ui.activity.SplashActivity -S -a android.intent.action.MAIN -c android.intent.category.LAUNCHER -f 0x10200000'
2022-10-14 12:11:02:745 [ADB] Waiting up to 20000ms for activity matching pkg: 'com.mandir' and activity: 'com.mandir.ui.activity.SplashActivity' to be focused
2022-10-14 12:11:02:746 [ADB] Possible activities, to be checked: 'com.mandir.ui.activity.SplashActivity', 'com.mandir.com.mandir.ui.activity.SplashActivity'
2022-10-14 12:11:02:747 [ADB] Getting focused package and activity
2022-10-14 12:11:02:747 [ADB] Running 'C:\Users\Shilpa\AppData\Local\Android\Sdk\platform-tools\adb.exe -P 5037 -s emulator-5554 shell dumpsys window displays'
2022-10-14 12:11:02:852 [ADB] Found package: 'com.mandir' and fully qualified activity name : 'com.mandir.ui.activity.SplashActivity'
2022-10-14 12:11:02:855 [WD Proxy] Proxying [GET /appium/device/pixel_ratio] to [GET http://127.0.0.1:8206/wd/hub/session/704fc33c-dacb-4163-816a-2918a5eb51a9/appium/device/pixel_ratio] with no body
2022-10-14 12:11:02:879 [WD Proxy] Got response with status 200: {"sessionId":"704fc33c-dacb-4163-816a-2918a5eb51a9","value":2.75}
2022-10-14 12:11:02:881 [WD Proxy] Matched '/appium/device/system_bars' to command name 'getSystemBars'
2022-10-14 12:11:02:882 [WD Proxy] Proxying [GET /appium/device/system_bars] to [GET http://127.0.0.1:8206/wd/hub/session/704fc33c-dacb-4163-816a-2918a5eb51a9/appium/device/system_bars] with no body
2022-10-14 12:11:02:893 [WD Proxy] Got response with status 200: {"sessionId":"704fc33c-dacb-4163-816a-2918a5eb51a9","value":{"statusBar":66}}
2022-10-14 12:11:02:894 [WD Proxy] Matched '/window/current/size' to command name 'getWindowSize'
2022-10-14 12:11:02:894 [WD Proxy] Proxying [GET /window/current/size] to [GET http://127.0.0.1:8206/wd/hub/session/704fc33c-dacb-4163-816a-2918a5eb51a9/window/current/size] with no body
2022-10-14 12:11:02:915 [WD Proxy] Got response with status 200: {"sessionId":"704fc33c-dacb-4163-816a-2918a5eb51a9","value":{"height":2148,"width":1080}}
2022-10-14 12:11:02:916 [Appium] New AndroidUiautomator2Driver session created successfully, session 9a5b2bd9-14f1-4690-9942-c9417cbc3401 added to master session list
2022-10-14 12:11:02:917 [BaseDriver] Event 'newSessionStarted' logged at 1665749462917 (17:41:02 GMT+0530 (India Standard Time))
2022-10-14 12:11:02:918 [W3C (9a5b2bd9)] Cached the protocol value 'W3C' for the new session 9a5b2bd9-14f1-4690-9942-c9417cbc3401
2022-10-14 12:11:02:919 [W3C (9a5b2bd9)] Responding to client with driver.createSession() result: {"capabilities":{"platform":"ANDROID","webStorageEnabled":false,"takesScreenshot":true,"javascriptEnabled":true,"databaseEnabled":false,"networkConnectionEnabled":true,"locationContextEnabled":false,"warnings":{},"desired":{"platformName":"android","platform":"ANDROID","app":"./src/main/java/resources/app-debug-3.7.5.apk","autoGrantPermissions":true,"automationName":"UiAutomator2","noReset":true,"udid":"emulator-5554"},"platformName":"android","app":"./src/main/java/resources/app-debug-3.7.5.apk","autoGrantPermissions":true,"automationName":"UiAutomator2","noReset":true,"udid":"emulator-5554","deviceName":"emulator-5554","deviceUDID":"emulator-5554","appPackage":"com.mandir","deviceApiLevel":31,"platformVersion":"12","deviceScreenSize":"1080x2280","deviceScreenDensity":440,"deviceModel":"sdk_gphone64_x86_64","deviceManufacturer":"Google","pixelRatio":2.75,"statBarHeight":66,"viewportRect":{"left":0,"top":66,"width":1080,"height":2082}}}
2022-10-14 12:11:02:924 [HTTP] <-- POST /wd/hub/session 200 19131 ms - 1011
2022-10-14 12:11:02:925 [HTTP] 
2022-10-14 12:11:03:032 [HTTP] --> GET /wd/hub/session/9a5b2bd9-14f1-4690-9942-c9417cbc3401
2022-10-14 12:11:03:032 [HTTP] {}
2022-10-14 12:11:03:036 [W3C (9a5b2bd9)] Calling AppiumDriver.getSession() with args: ["9a5b2bd9-14f1-4690-9942-c9417cbc3401"]
2022-10-14 12:11:03:037 [UiAutomator2] Getting session details from server to mix in
2022-10-14 12:11:03:038 [WD Proxy] Matched '/' to command name 'getSession'
2022-10-14 12:11:03:039 [WD Proxy] Proxying [GET /] to [GET http://127.0.0.1:8206/wd/hub/session/704fc33c-dacb-4163-816a-2918a5eb51a9] with no body
2022-10-14 12:11:03:075 [WD Proxy] Got response with status 200: {"sessionId":"704fc33c-dacb-4163-816a-2918a5eb51a9","value":{"lastScrollData":null}}
2022-10-14 12:11:03:076 [W3C (9a5b2bd9)] Responding to client with driver.getSession() result: {"platform":"ANDROID","webStorageEnabled":false,"takesScreenshot":true,"javascriptEnabled":true,"databaseEnabled":false,"networkConnectionEnabled":true,"locationContextEnabled":false,"warnings":{},"desired":{"platformName":"android","platform":"ANDROID","app":"./src/main/java/resources/app-debug-3.7.5.apk","autoGrantPermissions":true,"automationName":"UiAutomator2","noReset":true,"udid":"emulator-5554"},"platformName":"android","app":"./src/main/java/resources/app-debug-3.7.5.apk","autoGrantPermissions":true,"automationName":"UiAutomator2","noReset":true,"udid":"emulator-5554","deviceName":"emulator-5554","deviceUDID":"emulator-5554","appPackage":"com.mandir","deviceApiLevel":31,"platformVersion":"12","deviceScreenSize":"1080x2280","deviceScreenDensity":440,"deviceModel":"sdk_gphone64_x86_64","deviceManufacturer":"Google","pixelRatio":2.75,"statBarHeight":66,"viewportRect":{"left":0,"top":66,"width":1080,"height":2082},"lastScrollData":null}
2022-10-14 12:11:03:078 [HTTP] <-- GET /wd/hub/session/9a5b2bd9-14f1-4690-9942-c9417cbc3401 200 45 ms - 965
2022-10-14 12:11:03:078 [HTTP] 
2022-10-14 12:11:03:089 [HTTP] --> GET /wd/hub/session/9a5b2bd9-14f1-4690-9942-c9417cbc3401
2022-10-14 12:11:03:089 [HTTP] {}
2022-10-14 12:11:03:090 [W3C (9a5b2bd9)] Calling AppiumDriver.getSession() with args: ["9a5b2bd9-14f1-4690-9942-c9417cbc3401"]
2022-10-14 12:11:03:091 [UiAutomator2] Getting session details from server to mix in
2022-10-14 12:11:03:091 [WD Proxy] Matched '/' to command name 'getSession'
2022-10-14 12:11:03:092 [WD Proxy] Proxying [GET /] to [GET http://127.0.0.1:8206/wd/hub/session/704fc33c-dacb-4163-816a-2918a5eb51a9] with no body
2022-10-14 12:11:03:113 [WD Proxy] Got response with status 200: {"sessionId":"704fc33c-dacb-4163-816a-2918a5eb51a9","value":{"lastScrollData":null}}
2022-10-14 12:11:03:114 [W3C (9a5b2bd9)] Responding to client with driver.getSession() result: {"platform":"ANDROID","webStorageEnabled":false,"takesScreenshot":true,"javascriptEnabled":true,"databaseEnabled":false,"networkConnectionEnabled":true,"locationContextEnabled":false,"warnings":{},"desired":{"platformName":"android","platform":"ANDROID","app":"./src/main/java/resources/app-debug-3.7.5.apk","autoGrantPermissions":true,"automationName":"UiAutomator2","noReset":true,"udid":"emulator-5554"},"platformName":"android","app":"./src/main/java/resources/app-debug-3.7.5.apk","autoGrantPermissions":true,"automationName":"UiAutomator2","noReset":true,"udid":"emulator-5554","deviceName":"emulator-5554","deviceUDID":"emulator-5554","appPackage":"com.mandir","deviceApiLevel":31,"platformVersion":"12","deviceScreenSize":"1080x2280","deviceScreenDensity":440,"deviceModel":"sdk_gphone64_x86_64","deviceManufacturer":"Google","pixelRatio":2.75,"statBarHeight":66,"viewportRect":{"left":0,"top":66,"width":1080,"height":2082},"lastScrollData":null}
2022-10-14 12:11:03:117 [HTTP] <-- GET /wd/hub/session/9a5b2bd9-14f1-4690-9942-c9417cbc3401 200 26 ms - 965
2022-10-14 12:11:03:117 [HTTP] 
2022-10-14 12:11:03:134 [HTTP] --> POST /wd/hub/session/9a5b2bd9-14f1-4690-9942-c9417cbc3401/timeouts
2022-10-14 12:11:03:134 [HTTP] {"implicit":50000}
2022-10-14 12:11:03:137 [W3C (9a5b2bd9)] Calling AppiumDriver.timeouts() with args: [null,null,null,null,50000,"9a5b2bd9-14f1-4690-9942-c9417cbc3401"]
2022-10-14 12:11:03:138 [BaseDriver] W3C timeout argument: {"implicit":50000}}
2022-10-14 12:11:03:139 [BaseDriver] Set implicit wait to 50000ms
2022-10-14 12:11:03:141 [W3C (9a5b2bd9)] Responding to client with driver.timeouts() result: null
2022-10-14 12:11:03:142 [HTTP] <-- POST /wd/hub/session/9a5b2bd9-14f1-4690-9942-c9417cbc3401/timeouts 200 8 ms - 14
2022-10-14 12:11:03:143 [HTTP] 
2022-10-14 12:11:03:223 [HTTP] --> POST /wd/hub/session/9a5b2bd9-14f1-4690-9942-c9417cbc3401/element
2022-10-14 12:11:03:223 [HTTP] {"using":"id","value":"com.mandir:id/iv_flower"}
2022-10-14 12:11:03:228 [W3C (9a5b2bd9)] Calling AppiumDriver.findElement() with args: ["id","com.mandir:id/iv_flower","9a5b2bd9-14f1-4690-9942-c9417cbc3401"]
2022-10-14 12:11:03:229 [BaseDriver] Valid locator strategies for this request: xpath, id, class name, accessibility id, css selector, -android uiautomator
2022-10-14 12:11:03:229 [BaseDriver] Waiting up to 50000 ms for condition
2022-10-14 12:11:03:230 [WD Proxy] Matched '/element' to command name 'findElement'
2022-10-14 12:11:03:230 [WD Proxy] Proxying [POST /element] to [POST http://127.0.0.1:8206/wd/hub/session/704fc33c-dacb-4163-816a-2918a5eb51a9/element] with body: {"strategy":"id","selector":"com.mandir:id/iv_flower","context":"","multiple":false}
2022-10-14 12:11:04:509 [WD Proxy] Got response with status 404: {"sessionId":"704fc33c-dacb-4163-816a-2918a5eb51a9","value":{"error":"no such element","message":"An element could not be located on the page using the given search parameters","stacktrace":"io.appium.uiautomator2.common.exceptions.ElementNotFoundException: An element could not be located on the page using the given search parameters\n\tat io.appium.uiautomator2.handler.FindElement.safeHandle(FindElement.java:70)\n\tat io.appium.uiautomator2.handler.request.SafeRequestHandler.handle(SafeRequestHandler.java:59)\n\tat io.appium.uiautomator2.server.AppiumServlet.handleRequest(AppiumServlet.java:266)\n\tat io.appium.uiautomator2.server.AppiumServlet.handleHttpRequest(AppiumServlet.java:260)\n\tat io.appium.uiautomator2.http.ServerHandler.channelRead(ServerHandler.java:68)\n\tat io.netty.channel.AbstractChannelHandlerContext.invokeChannelRead(AbstractChannelHandlerContext.java:366)\n\tat io.netty.channel.AbstractChannelHandlerContext.invokeChannelRead(AbstractChannelHandlerContext.java:352)\n\tat io.netty.chann...
2022-10-14 12:11:04:509 [W3C] Matched W3C error code 'no such element' to NoSuchElementError
2022-10-14 12:11:04:510 [BaseDriver] Waited for 1281 ms so far
2022-10-14 12:11:05:023 [WD Proxy] Matched '/element' to command name 'findElement'
2022-10-14 12:11:05:023 [WD Proxy] Proxying [POST /element] to [POST http://127.0.0.1:8206/wd/hub/session/704fc33c-dacb-4163-816a-2918a5eb51a9/element] with body: {"strategy":"id","selector":"com.mandir:id/iv_flower","context":"","multiple":false}
2022-10-14 12:11:08:405 [WD Proxy] Got response with status 404: {"sessionId":"704fc33c-dacb-4163-816a-2918a5eb51a9","value":{"error":"no such element","message":"An element could not be located on the page using the given search parameters","stacktrace":"io.appium.uiautomator2.common.exceptions.ElementNotFoundException: An element could not be located on the page using the given search parameters\n\tat io.appium.uiautomator2.handler.FindElement.safeHandle(FindElement.java:70)\n\tat io.appium.uiautomator2.handler.request.SafeRequestHandler.handle(SafeRequestHandler.java:59)\n\tat io.appium.uiautomator2.server.AppiumServlet.handleRequest(AppiumServlet.java:266)\n\tat io.appium.uiautomator2.server.AppiumServlet.handleHttpRequest(AppiumServlet.java:260)\n\tat io.appium.uiautomator2.http.ServerHandler.channelRead(ServerHandler.java:68)\n\tat io.netty.channel.AbstractChannelHandlerContext.invokeChannelRead(AbstractChannelHandlerContext.java:366)\n\tat io.netty.channel.AbstractChannelHandlerContext.invokeChannelRead(AbstractChannelHandlerContext.java:352)\n\tat io.netty.chann...
2022-10-14 12:11:08:406 [W3C] Matched W3C error code 'no such element' to NoSuchElementError
2022-10-14 12:11:08:406 [BaseDriver] Waited for 5177 ms so far
2022-10-14 12:11:08:913 [WD Proxy] Matched '/element' to command name 'findElement'
2022-10-14 12:11:08:913 [WD Proxy] Proxying [POST /element] to [POST http://127.0.0.1:8206/wd/hub/session/704fc33c-dacb-4163-816a-2918a5eb51a9/element] with body: {"strategy":"id","selector":"com.mandir:id/iv_flower","context":"","multiple":false}
2022-10-14 12:11:11:931 [WD Proxy] Got response with status 200: {"sessionId":"704fc33c-dacb-4163-816a-2918a5eb51a9","value":{"ELEMENT":"00000000-0000-007c-ffff-ffff00000051","element-6066-11e4-a52e-4f735466cecf":"00000000-0000-007c-ffff-ffff00000051"}}
2022-10-14 12:11:11:932 [W3C (9a5b2bd9)] Responding to client with driver.findElement() result: {"element-6066-11e4-a52e-4f735466cecf":"00000000-0000-007c-ffff-ffff00000051","ELEMENT":"00000000-0000-007c-ffff-ffff00000051"}
2022-10-14 12:11:11:933 [HTTP] <-- POST /wd/hub/session/9a5b2bd9-14f1-4690-9942-c9417cbc3401/element 200 8710 ms - 137
2022-10-14 12:11:11:933 [HTTP] 
2022-10-14 12:11:11:953 [HTTP] --> POST /wd/hub/session/9a5b2bd9-14f1-4690-9942-c9417cbc3401/element
2022-10-14 12:11:11:954 [HTTP] {"using":"id","value":"com.mandir:id/iv_flower"}
2022-10-14 12:11:11:956 [W3C (9a5b2bd9)] Calling AppiumDriver.findElement() with args: ["id","com.mandir:id/iv_flower","9a5b2bd9-14f1-4690-9942-c9417cbc3401"]
2022-10-14 12:11:11:957 [BaseDriver] Valid locator strategies for this request: xpath, id, class name, accessibility id, css selector, -android uiautomator
2022-10-14 12:11:11:957 [BaseDriver] Waiting up to 50000 ms for condition
2022-10-14 12:11:11:957 [WD Proxy] Matched '/element' to command name 'findElement'
2022-10-14 12:11:11:958 [WD Proxy] Proxying [POST /element] to [POST http://127.0.0.1:8206/wd/hub/session/704fc33c-dacb-4163-816a-2918a5eb51a9/element] with body: {"strategy":"id","selector":"com.mandir:id/iv_flower","context":"","multiple":false}
2022-10-14 12:11:13:093 [WD Proxy] Got response with status 200: {"sessionId":"704fc33c-dacb-4163-816a-2918a5eb51a9","value":{"ELEMENT":"00000000-0000-007c-ffff-ffff00000051","element-6066-11e4-a52e-4f735466cecf":"00000000-0000-007c-ffff-ffff00000051"}}
2022-10-14 12:11:13:094 [W3C (9a5b2bd9)] Responding to client with driver.findElement() result: {"element-6066-11e4-a52e-4f735466cecf":"00000000-0000-007c-ffff-ffff00000051","ELEMENT":"00000000-0000-007c-ffff-ffff00000051"}
2022-10-14 12:11:13:095 [HTTP] <-- POST /wd/hub/session/9a5b2bd9-14f1-4690-9942-c9417cbc3401/element 200 1141 ms - 137
2022-10-14 12:11:13:095 [HTTP] 
2022-10-14 12:11:13:102 [HTTP] --> GET /wd/hub/session/9a5b2bd9-14f1-4690-9942-c9417cbc3401/element/00000000-0000-007c-ffff-ffff00000051/displayed
2022-10-14 12:11:13:102 [HTTP] {}
2022-10-14 12:11:13:105 [W3C (9a5b2bd9)] Calling AppiumDriver.elementDisplayed() with args: ["00000000-0000-007c-ffff-ffff00000051","9a5b2bd9-14f1-4690-9942-c9417cbc3401"]
2022-10-14 12:11:13:106 [WD Proxy] Matched '/element/00000000-0000-007c-ffff-ffff00000051/attribute/displayed' to command name 'getAttribute'
2022-10-14 12:11:13:107 [WD Proxy] Proxying [GET /element/00000000-0000-007c-ffff-ffff00000051/attribute/displayed] to [GET http://127.0.0.1:8206/wd/hub/session/704fc33c-dacb-4163-816a-2918a5eb51a9/element/00000000-0000-007c-ffff-ffff00000051/attribute/displayed] with no body
2022-10-14 12:11:13:219 [WD Proxy] Got response with status 200: {"sessionId":"704fc33c-dacb-4163-816a-2918a5eb51a9","value":"true"}
2022-10-14 12:11:13:220 [W3C (9a5b2bd9)] Responding to client with driver.elementDisplayed() result: true
2022-10-14 12:11:13:222 [HTTP] <-- GET /wd/hub/session/9a5b2bd9-14f1-4690-9942-c9417cbc3401/element/00000000-0000-007c-ffff-ffff00000051/displayed 200 119 ms - 14
2022-10-14 12:11:13:223 [HTTP] 
2022-10-14 12:11:13:231 [HTTP] --> POST /wd/hub/session/9a5b2bd9-14f1-4690-9942-c9417cbc3401/element
2022-10-14 12:11:13:232 [HTTP] {"using":"id","value":"com.mandir:id/iv_flower"}
2022-10-14 12:11:13:234 [W3C (9a5b2bd9)] Calling AppiumDriver.findElement() with args: ["id","com.mandir:id/iv_flower","9a5b2bd9-14f1-4690-9942-c9417cbc3401"]
2022-10-14 12:11:13:234 [BaseDriver] Valid locator strategies for this request: xpath, id, class name, accessibility id, css selector, -android uiautomator
2022-10-14 12:11:13:234 [BaseDriver] Waiting up to 50000 ms for condition
2022-10-14 12:11:13:235 [WD Proxy] Matched '/element' to command name 'findElement'
2022-10-14 12:11:13:235 [WD Proxy] Proxying [POST /element] to [POST http://127.0.0.1:8206/wd/hub/session/704fc33c-dacb-4163-816a-2918a5eb51a9/element] with body: {"strategy":"id","selector":"com.mandir:id/iv_flower","context":"","multiple":false}
2022-10-14 12:11:14:112 [WD Proxy] Got response with status 200: {"sessionId":"704fc33c-dacb-4163-816a-2918a5eb51a9","value":{"ELEMENT":"00000000-0000-007c-ffff-ffff00000051","element-6066-11e4-a52e-4f735466cecf":"00000000-0000-007c-ffff-ffff00000051"}}
2022-10-14 12:11:14:112 [W3C (9a5b2bd9)] Responding to client with driver.findElement() result: {"element-6066-11e4-a52e-4f735466cecf":"00000000-0000-007c-ffff-ffff00000051","ELEMENT":"00000000-0000-007c-ffff-ffff00000051"}
2022-10-14 12:11:14:114 [HTTP] <-- POST /wd/hub/session/9a5b2bd9-14f1-4690-9942-c9417cbc3401/element 200 883 ms - 137
2022-10-14 12:11:14:114 [HTTP] 
2022-10-14 12:11:14:121 [HTTP] --> POST /wd/hub/session/9a5b2bd9-14f1-4690-9942-c9417cbc3401/element
2022-10-14 12:11:14:121 [HTTP] {"using":"id","value":"com.mandir:id/iv_flower"}
2022-10-14 12:11:14:122 [W3C (9a5b2bd9)] Calling AppiumDriver.findElement() with args: ["id","com.mandir:id/iv_flower","9a5b2bd9-14f1-4690-9942-c9417cbc3401"]
2022-10-14 12:11:14:123 [BaseDriver] Valid locator strategies for this request: xpath, id, class name, accessibility id, css selector, -android uiautomator
2022-10-14 12:11:14:123 [BaseDriver] Waiting up to 50000 ms for condition
2022-10-14 12:11:14:124 [WD Proxy] Matched '/element' to command name 'findElement'
2022-10-14 12:11:14:124 [WD Proxy] Proxying [POST /element] to [POST http://127.0.0.1:8206/wd/hub/session/704fc33c-dacb-4163-816a-2918a5eb51a9/element] with body: {"strategy":"id","selector":"com.mandir:id/iv_flower","context":"","multiple":false}
2022-10-14 12:11:15:377 [WD Proxy] Got response with status 200: {"sessionId":"704fc33c-dacb-4163-816a-2918a5eb51a9","value":{"ELEMENT":"00000000-0000-007c-ffff-ffff00000051","element-6066-11e4-a52e-4f735466cecf":"00000000-0000-007c-ffff-ffff00000051"}}
2022-10-14 12:11:15:378 [W3C (9a5b2bd9)] Responding to client with driver.findElement() result: {"element-6066-11e4-a52e-4f735466cecf":"00000000-0000-007c-ffff-ffff00000051","ELEMENT":"00000000-0000-007c-ffff-ffff00000051"}
2022-10-14 12:11:15:380 [HTTP] <-- POST /wd/hub/session/9a5b2bd9-14f1-4690-9942-c9417cbc3401/element 200 1258 ms - 137
2022-10-14 12:11:15:380 [HTTP] 
2022-10-14 12:11:15:392 [HTTP] --> POST /wd/hub/session/9a5b2bd9-14f1-4690-9942-c9417cbc3401/element/00000000-0000-007c-ffff-ffff00000051/click
2022-10-14 12:11:15:393 [HTTP] {"id":"00000000-0000-007c-ffff-ffff00000051"}
2022-10-14 12:11:15:394 [W3C (9a5b2bd9)] Calling AppiumDriver.click() with args: ["00000000-0000-007c-ffff-ffff00000051","9a5b2bd9-14f1-4690-9942-c9417cbc3401"]
2022-10-14 12:11:15:395 [WD Proxy] Matched '/element/00000000-0000-007c-ffff-ffff00000051/click' to command name 'click'
2022-10-14 12:11:15:396 [WD Proxy] Proxying [POST /element/00000000-0000-007c-ffff-ffff00000051/click] to [POST http://127.0.0.1:8206/wd/hub/session/704fc33c-dacb-4163-816a-2918a5eb51a9/element/00000000-0000-007c-ffff-ffff00000051/click] with body: {"element":"00000000-0000-007c-ffff-ffff00000051"}
2022-10-14 12:11:17:538 [WD Proxy] Got response with status 200: {"sessionId":"704fc33c-dacb-4163-816a-2918a5eb51a9","value":null}
2022-10-14 12:11:17:540 [W3C (9a5b2bd9)] Responding to client with driver.click() result: null
2022-10-14 12:11:17:543 [HTTP] <-- POST /wd/hub/session/9a5b2bd9-14f1-4690-9942-c9417cbc3401/element/00000000-0000-007c-ffff-ffff00000051/click 200 2149 ms - 14
2022-10-14 12:11:17:543 [HTTP] 
2022-10-14 12:11:17:551 [HTTP] --> POST /wd/hub/session/9a5b2bd9-14f1-4690-9942-c9417cbc3401/element
2022-10-14 12:11:17:551 [HTTP] {"using":"xpath","value":"//androidx.recyclerview.widget.RecyclerView[@resource-id='com.mandir:id/rv_offerings']/child::android.widget.RelativeLayout[3]"}
2022-10-14 12:11:17:552 [W3C (9a5b2bd9)] Calling AppiumDriver.findElement() with args: ["xpath","//androidx.recyclerview.widget.RecyclerView[@resource-id='com.mandir:id/rv_offerings']/child::android.widget.RelativeLayout[3]","9a5b2bd9-14f1-4690-9942-c9417cbc3401"]
2022-10-14 12:11:17:552 [BaseDriver] Valid locator strategies for this request: xpath, id, class name, accessibility id, css selector, -android uiautomator
2022-10-14 12:11:17:553 [BaseDriver] Waiting up to 50000 ms for condition
2022-10-14 12:11:17:554 [WD Proxy] Matched '/element' to command name 'findElement'
2022-10-14 12:11:17:554 [WD Proxy] Proxying [POST /element] to [POST http://127.0.0.1:8206/wd/hub/session/704fc33c-dacb-4163-816a-2918a5eb51a9/element] with body: {"strategy":"xpath","selector":"//androidx.recyclerview.widget.RecyclerView[@resource-id='com.mandir:id/rv_offerings']/child::android.widget.RelativeLayout[3]","context":"","multiple":false}
2022-10-14 12:11:19:183 [WD Proxy] Got response with status 200: {"sessionId":"704fc33c-dacb-4163-816a-2918a5eb51a9","value":{"ELEMENT":"00000000-0000-007d-ffff-ffff0000018f","element-6066-11e4-a52e-4f735466cecf":"00000000-0000-007d-ffff-ffff0000018f"}}
2022-10-14 12:11:19:183 [W3C (9a5b2bd9)] Responding to client with driver.findElement() result: {"element-6066-11e4-a52e-4f735466cecf":"00000000-0000-007d-ffff-ffff0000018f","ELEMENT":"00000000-0000-007d-ffff-ffff0000018f"}
2022-10-14 12:11:19:184 [HTTP] <-- POST /wd/hub/session/9a5b2bd9-14f1-4690-9942-c9417cbc3401/element 200 1633 ms - 137
2022-10-14 12:11:19:184 [HTTP] 
2022-10-14 12:11:19:195 [HTTP] --> POST /wd/hub/session/9a5b2bd9-14f1-4690-9942-c9417cbc3401/element
2022-10-14 12:11:19:195 [HTTP] {"using":"xpath","value":"//androidx.recyclerview.widget.RecyclerView[@resource-id='com.mandir:id/rv_offerings']/child::android.widget.RelativeLayout[3]"}
2022-10-14 12:11:19:196 [W3C (9a5b2bd9)] Calling AppiumDriver.findElement() with args: ["xpath","//androidx.recyclerview.widget.RecyclerView[@resource-id='com.mandir:id/rv_offerings']/child::android.widget.RelativeLayout[3]","9a5b2bd9-14f1-4690-9942-c9417cbc3401"]
2022-10-14 12:11:19:197 [BaseDriver] Valid locator strategies for this request: xpath, id, class name, accessibility id, css selector, -android uiautomator
2022-10-14 12:11:19:197 [BaseDriver] Waiting up to 50000 ms for condition
2022-10-14 12:11:19:198 [WD Proxy] Matched '/element' to command name 'findElement'
2022-10-14 12:11:19:198 [WD Proxy] Proxying [POST /element] to [POST http://127.0.0.1:8206/wd/hub/session/704fc33c-dacb-4163-816a-2918a5eb51a9/element] with body: {"strategy":"xpath","selector":"//androidx.recyclerview.widget.RecyclerView[@resource-id='com.mandir:id/rv_offerings']/child::android.widget.RelativeLayout[3]","context":"","multiple":false}
2022-10-14 12:11:19:713 [WD Proxy] Got response with status 200: {"sessionId":"704fc33c-dacb-4163-816a-2918a5eb51a9","value":{"ELEMENT":"00000000-0000-007d-ffff-ffff0000018f","element-6066-11e4-a52e-4f735466cecf":"00000000-0000-007d-ffff-ffff0000018f"}}
2022-10-14 12:11:19:714 [W3C (9a5b2bd9)] Responding to client with driver.findElement() result: {"element-6066-11e4-a52e-4f735466cecf":"00000000-0000-007d-ffff-ffff0000018f","ELEMENT":"00000000-0000-007d-ffff-ffff0000018f"}
2022-10-14 12:11:19:715 [HTTP] <-- POST /wd/hub/session/9a5b2bd9-14f1-4690-9942-c9417cbc3401/element 200 521 ms - 137
2022-10-14 12:11:19:715 [HTTP] 
2022-10-14 12:11:19:719 [HTTP] --> GET /wd/hub/session/9a5b2bd9-14f1-4690-9942-c9417cbc3401/element/00000000-0000-007d-ffff-ffff0000018f/displayed
2022-10-14 12:11:19:719 [HTTP] {}
2022-10-14 12:11:19:722 [W3C (9a5b2bd9)] Calling AppiumDriver.elementDisplayed() with args: ["00000000-0000-007d-ffff-ffff0000018f","9a5b2bd9-14f1-4690-9942-c9417cbc3401"]
2022-10-14 12:11:19:724 [WD Proxy] Matched '/element/00000000-0000-007d-ffff-ffff0000018f/attribute/displayed' to command name 'getAttribute'
2022-10-14 12:11:19:724 [WD Proxy] Proxying [GET /element/00000000-0000-007d-ffff-ffff0000018f/attribute/displayed] to [GET http://127.0.0.1:8206/wd/hub/session/704fc33c-dacb-4163-816a-2918a5eb51a9/element/00000000-0000-007d-ffff-ffff0000018f/attribute/displayed] with no body
2022-10-14 12:11:19:790 [WD Proxy] Got response with status 200: {"sessionId":"704fc33c-dacb-4163-816a-2918a5eb51a9","value":"true"}
2022-10-14 12:11:19:790 [W3C (9a5b2bd9)] Responding to client with driver.elementDisplayed() result: true
2022-10-14 12:11:19:793 [HTTP] <-- GET /wd/hub/session/9a5b2bd9-14f1-4690-9942-c9417cbc3401/element/00000000-0000-007d-ffff-ffff0000018f/displayed 200 74 ms - 14
2022-10-14 12:11:19:793 [HTTP] 
2022-10-14 12:11:19:799 [HTTP] --> POST /wd/hub/session/9a5b2bd9-14f1-4690-9942-c9417cbc3401/element
2022-10-14 12:11:19:799 [HTTP] {"using":"xpath","value":"//androidx.recyclerview.widget.RecyclerView[@resource-id='com.mandir:id/rv_offerings']/child::android.widget.RelativeLayout[3]"}
2022-10-14 12:11:19:799 [W3C (9a5b2bd9)] Calling AppiumDriver.findElement() with args: ["xpath","//androidx.recyclerview.widget.RecyclerView[@resource-id='com.mandir:id/rv_offerings']/child::android.widget.RelativeLayout[3]","9a5b2bd9-14f1-4690-9942-c9417cbc3401"]
2022-10-14 12:11:19:800 [BaseDriver] Valid locator strategies for this request: xpath, id, class name, accessibility id, css selector, -android uiautomator
2022-10-14 12:11:19:800 [BaseDriver] Waiting up to 50000 ms for condition
2022-10-14 12:11:19:800 [WD Proxy] Matched '/element' to command name 'findElement'
2022-10-14 12:11:19:800 [WD Proxy] Proxying [POST /element] to [POST http://127.0.0.1:8206/wd/hub/session/704fc33c-dacb-4163-816a-2918a5eb51a9/element] with body: {"strategy":"xpath","selector":"//androidx.recyclerview.widget.RecyclerView[@resource-id='com.mandir:id/rv_offerings']/child::android.widget.RelativeLayout[3]","context":"","multiple":false}
2022-10-14 12:11:20:208 [WD Proxy] Got response with status 200: {"sessionId":"704fc33c-dacb-4163-816a-2918a5eb51a9","value":{"ELEMENT":"00000000-0000-007d-ffff-ffff0000018f","element-6066-11e4-a52e-4f735466cecf":"00000000-0000-007d-ffff-ffff0000018f"}}
2022-10-14 12:11:20:209 [W3C (9a5b2bd9)] Responding to client with driver.findElement() result: {"element-6066-11e4-a52e-4f735466cecf":"00000000-0000-007d-ffff-ffff0000018f","ELEMENT":"00000000-0000-007d-ffff-ffff0000018f"}
2022-10-14 12:11:20:210 [HTTP] <-- POST /wd/hub/session/9a5b2bd9-14f1-4690-9942-c9417cbc3401/element 200 411 ms - 137
2022-10-14 12:11:20:210 [HTTP] 
2022-10-14 12:11:20:220 [HTTP] --> POST /wd/hub/session/9a5b2bd9-14f1-4690-9942-c9417cbc3401/element
2022-10-14 12:11:20:221 [HTTP] {"using":"xpath","value":"//androidx.recyclerview.widget.RecyclerView[@resource-id='com.mandir:id/rv_offerings']/child::android.widget.RelativeLayout[3]"}
2022-10-14 12:11:20:222 [W3C (9a5b2bd9)] Calling AppiumDriver.findElement() with args: ["xpath","//androidx.recyclerview.widget.RecyclerView[@resource-id='com.mandir:id/rv_offerings']/child::android.widget.RelativeLayout[3]","9a5b2bd9-14f1-4690-9942-c9417cbc3401"]
2022-10-14 12:11:20:222 [BaseDriver] Valid locator strategies for this request: xpath, id, class name, accessibility id, css selector, -android uiautomator
2022-10-14 12:11:20:222 [BaseDriver] Waiting up to 50000 ms for condition
2022-10-14 12:11:20:223 [WD Proxy] Matched '/element' to command name 'findElement'
2022-10-14 12:11:20:223 [WD Proxy] Proxying [POST /element] to [POST http://127.0.0.1:8206/wd/hub/session/704fc33c-dacb-4163-816a-2918a5eb51a9/element] with body: {"strategy":"xpath","selector":"//androidx.recyclerview.widget.RecyclerView[@resource-id='com.mandir:id/rv_offerings']/child::android.widget.RelativeLayout[3]","context":"","multiple":false}
2022-10-14 12:11:20:678 [WD Proxy] Got response with status 200: {"sessionId":"704fc33c-dacb-4163-816a-2918a5eb51a9","value":{"ELEMENT":"00000000-0000-007d-ffff-ffff0000018f","element-6066-11e4-a52e-4f735466cecf":"00000000-0000-007d-ffff-ffff0000018f"}}
2022-10-14 12:11:20:679 [W3C (9a5b2bd9)] Responding to client with driver.findElement() result: {"element-6066-11e4-a52e-4f735466cecf":"00000000-0000-007d-ffff-ffff0000018f","ELEMENT":"00000000-0000-007d-ffff-ffff0000018f"}
2022-10-14 12:11:20:680 [HTTP] <-- POST /wd/hub/session/9a5b2bd9-14f1-4690-9942-c9417cbc3401/element 200 461 ms - 137
2022-10-14 12:11:20:680 [HTTP] 
2022-10-14 12:11:20:687 [HTTP] --> POST /wd/hub/session/9a5b2bd9-14f1-4690-9942-c9417cbc3401/element/00000000-0000-007d-ffff-ffff0000018f/click
2022-10-14 12:11:20:688 [HTTP] {"id":"00000000-0000-007d-ffff-ffff0000018f"}
2022-10-14 12:11:20:688 [W3C (9a5b2bd9)] Calling AppiumDriver.click() with args: ["00000000-0000-007d-ffff-ffff0000018f","9a5b2bd9-14f1-4690-9942-c9417cbc3401"]
2022-10-14 12:11:20:690 [WD Proxy] Matched '/element/00000000-0000-007d-ffff-ffff0000018f/click' to command name 'click'
2022-10-14 12:11:20:690 [WD Proxy] Proxying [POST /element/00000000-0000-007d-ffff-ffff0000018f/click] to [POST http://127.0.0.1:8206/wd/hub/session/704fc33c-dacb-4163-816a-2918a5eb51a9/element/00000000-0000-007d-ffff-ffff0000018f/click] with body: {"element":"00000000-0000-007d-ffff-ffff0000018f"}
2022-10-14 12:11:20:845 [WD Proxy] Got response with status 200: {"sessionId":"704fc33c-dacb-4163-816a-2918a5eb51a9","value":null}
2022-10-14 12:11:20:845 [W3C (9a5b2bd9)] Responding to client with driver.click() result: null
2022-10-14 12:11:20:846 [HTTP] <-- POST /wd/hub/session/9a5b2bd9-14f1-4690-9942-c9417cbc3401/element/00000000-0000-007d-ffff-ffff0000018f/click 200 159 ms - 14
2022-10-14 12:11:20:847 [HTTP] 
2022-10-14 12:11:20:855 [HTTP] --> POST /wd/hub/session/9a5b2bd9-14f1-4690-9942-c9417cbc3401/element
2022-10-14 12:11:20:855 [HTTP] {"using":"id","value":"com.mandir:id/bt_purchase_flower"}
2022-10-14 12:11:20:856 [W3C (9a5b2bd9)] Calling AppiumDriver.findElement() with args: ["id","com.mandir:id/bt_purchase_flower","9a5b2bd9-14f1-4690-9942-c9417cbc3401"]
2022-10-14 12:11:20:856 [BaseDriver] Valid locator strategies for this request: xpath, id, class name, accessibility id, css selector, -android uiautomator
2022-10-14 12:11:20:856 [BaseDriver] Waiting up to 50000 ms for condition
2022-10-14 12:11:20:856 [WD Proxy] Matched '/element' to command name 'findElement'
2022-10-14 12:11:20:857 [WD Proxy] Proxying [POST /element] to [POST http://127.0.0.1:8206/wd/hub/session/704fc33c-dacb-4163-816a-2918a5eb51a9/element] with body: {"strategy":"id","selector":"com.mandir:id/bt_purchase_flower","context":"","multiple":false}
2022-10-14 12:11:22:142 [WD Proxy] Got response with status 200: {"sessionId":"704fc33c-dacb-4163-816a-2918a5eb51a9","value":{"ELEMENT":"00000000-0000-007d-ffff-ffff00000165","element-6066-11e4-a52e-4f735466cecf":"00000000-0000-007d-ffff-ffff00000165"}}
2022-10-14 12:11:22:142 [W3C (9a5b2bd9)] Responding to client with driver.findElement() result: {"element-6066-11e4-a52e-4f735466cecf":"00000000-0000-007d-ffff-ffff00000165","ELEMENT":"00000000-0000-007d-ffff-ffff00000165"}
2022-10-14 12:11:22:143 [HTTP] <-- POST /wd/hub/session/9a5b2bd9-14f1-4690-9942-c9417cbc3401/element 200 1288 ms - 137
2022-10-14 12:11:22:143 [HTTP] 
2022-10-14 12:11:22:148 [HTTP] --> POST /wd/hub/session/9a5b2bd9-14f1-4690-9942-c9417cbc3401/element
2022-10-14 12:11:22:148 [HTTP] {"using":"id","value":"com.mandir:id/bt_purchase_flower"}
2022-10-14 12:11:22:149 [W3C (9a5b2bd9)] Calling AppiumDriver.findElement() with args: ["id","com.mandir:id/bt_purchase_flower","9a5b2bd9-14f1-4690-9942-c9417cbc3401"]
2022-10-14 12:11:22:149 [BaseDriver] Valid locator strategies for this request: xpath, id, class name, accessibility id, css selector, -android uiautomator
2022-10-14 12:11:22:149 [BaseDriver] Waiting up to 50000 ms for condition
2022-10-14 12:11:22:150 [WD Proxy] Matched '/element' to command name 'findElement'
2022-10-14 12:11:22:150 [WD Proxy] Proxying [POST /element] to [POST http://127.0.0.1:8206/wd/hub/session/704fc33c-dacb-4163-816a-2918a5eb51a9/element] with body: {"strategy":"id","selector":"com.mandir:id/bt_purchase_flower","context":"","multiple":false}
2022-10-14 12:11:22:896 [WD Proxy] Got response with status 200: {"sessionId":"704fc33c-dacb-4163-816a-2918a5eb51a9","value":{"ELEMENT":"00000000-0000-007d-ffff-ffff00000165","element-6066-11e4-a52e-4f735466cecf":"00000000-0000-007d-ffff-ffff00000165"}}
2022-10-14 12:11:22:897 [W3C (9a5b2bd9)] Responding to client with driver.findElement() result: {"element-6066-11e4-a52e-4f735466cecf":"00000000-0000-007d-ffff-ffff00000165","ELEMENT":"00000000-0000-007d-ffff-ffff00000165"}
2022-10-14 12:11:22:897 [HTTP] <-- POST /wd/hub/session/9a5b2bd9-14f1-4690-9942-c9417cbc3401/element 200 749 ms - 137
2022-10-14 12:11:22:897 [HTTP] 
2022-10-14 12:11:22:903 [HTTP] --> GET /wd/hub/session/9a5b2bd9-14f1-4690-9942-c9417cbc3401/element/00000000-0000-007d-ffff-ffff00000165/displayed
2022-10-14 12:11:22:903 [HTTP] {}
2022-10-14 12:11:22:904 [W3C (9a5b2bd9)] Calling AppiumDriver.elementDisplayed() with args: ["00000000-0000-007d-ffff-ffff00000165","9a5b2bd9-14f1-4690-9942-c9417cbc3401"]
2022-10-14 12:11:22:905 [WD Proxy] Matched '/element/00000000-0000-007d-ffff-ffff00000165/attribute/displayed' to command name 'getAttribute'
2022-10-14 12:11:22:905 [WD Proxy] Proxying [GET /element/00000000-0000-007d-ffff-ffff00000165/attribute/displayed] to [GET http://127.0.0.1:8206/wd/hub/session/704fc33c-dacb-4163-816a-2918a5eb51a9/element/00000000-0000-007d-ffff-ffff00000165/attribute/displayed] with no body
2022-10-14 12:11:22:991 [WD Proxy] Got response with status 200: {"sessionId":"704fc33c-dacb-4163-816a-2918a5eb51a9","value":"true"}
2022-10-14 12:11:22:992 [W3C (9a5b2bd9)] Responding to client with driver.elementDisplayed() result: true
2022-10-14 12:11:22:993 [HTTP] <-- GET /wd/hub/session/9a5b2bd9-14f1-4690-9942-c9417cbc3401/element/00000000-0000-007d-ffff-ffff00000165/displayed 200 90 ms - 14
2022-10-14 12:11:22:993 [HTTP] 
2022-10-14 12:11:22:999 [HTTP] --> POST /wd/hub/session/9a5b2bd9-14f1-4690-9942-c9417cbc3401/element
2022-10-14 12:11:22:999 [HTTP] {"using":"id","value":"com.mandir:id/bt_purchase_flower"}
2022-10-14 12:11:23:001 [W3C (9a5b2bd9)] Calling AppiumDriver.findElement() with args: ["id","com.mandir:id/bt_purchase_flower","9a5b2bd9-14f1-4690-9942-c9417cbc3401"]
2022-10-14 12:11:23:001 [BaseDriver] Valid locator strategies for this request: xpath, id, class name, accessibility id, css selector, -android uiautomator
2022-10-14 12:11:23:001 [BaseDriver] Waiting up to 50000 ms for condition
2022-10-14 12:11:23:002 [WD Proxy] Matched '/element' to command name 'findElement'
2022-10-14 12:11:23:002 [WD Proxy] Proxying [POST /element] to [POST http://127.0.0.1:8206/wd/hub/session/704fc33c-dacb-4163-816a-2918a5eb51a9/element] with body: {"strategy":"id","selector":"com.mandir:id/bt_purchase_flower","context":"","multiple":false}
2022-10-14 12:11:23:345 [WD Proxy] Got response with status 200: {"sessionId":"704fc33c-dacb-4163-816a-2918a5eb51a9","value":{"ELEMENT":"00000000-0000-007d-ffff-ffff00000165","element-6066-11e4-a52e-4f735466cecf":"00000000-0000-007d-ffff-ffff00000165"}}
2022-10-14 12:11:23:345 [W3C (9a5b2bd9)] Responding to client with driver.findElement() result: {"element-6066-11e4-a52e-4f735466cecf":"00000000-0000-007d-ffff-ffff00000165","ELEMENT":"00000000-0000-007d-ffff-ffff00000165"}
2022-10-14 12:11:23:346 [HTTP] <-- POST /wd/hub/session/9a5b2bd9-14f1-4690-9942-c9417cbc3401/element 200 347 ms - 137
2022-10-14 12:11:23:346 [HTTP] 
2022-10-14 12:11:23:351 [HTTP] --> POST /wd/hub/session/9a5b2bd9-14f1-4690-9942-c9417cbc3401/element
2022-10-14 12:11:23:352 [HTTP] {"using":"id","value":"com.mandir:id/bt_purchase_flower"}
2022-10-14 12:11:23:352 [W3C (9a5b2bd9)] Calling AppiumDriver.findElement() with args: ["id","com.mandir:id/bt_purchase_flower","9a5b2bd9-14f1-4690-9942-c9417cbc3401"]
2022-10-14 12:11:23:353 [BaseDriver] Valid locator strategies for this request: xpath, id, class name, accessibility id, css selector, -android uiautomator
2022-10-14 12:11:23:353 [BaseDriver] Waiting up to 50000 ms for condition
2022-10-14 12:11:23:353 [WD Proxy] Matched '/element' to command name 'findElement'
2022-10-14 12:11:23:353 [WD Proxy] Proxying [POST /element] to [POST http://127.0.0.1:8206/wd/hub/session/704fc33c-dacb-4163-816a-2918a5eb51a9/element] with body: {"strategy":"id","selector":"com.mandir:id/bt_purchase_flower","context":"","multiple":false}
2022-10-14 12:11:23:496 [WD Proxy] Got response with status 200: {"sessionId":"704fc33c-dacb-4163-816a-2918a5eb51a9","value":{"ELEMENT":"00000000-0000-007d-ffff-ffff00000165","element-6066-11e4-a52e-4f735466cecf":"00000000-0000-007d-ffff-ffff00000165"}}
2022-10-14 12:11:23:496 [W3C (9a5b2bd9)] Responding to client with driver.findElement() result: {"element-6066-11e4-a52e-4f735466cecf":"00000000-0000-007d-ffff-ffff00000165","ELEMENT":"00000000-0000-007d-ffff-ffff00000165"}
2022-10-14 12:11:23:497 [HTTP] <-- POST /wd/hub/session/9a5b2bd9-14f1-4690-9942-c9417cbc3401/element 200 145 ms - 137
2022-10-14 12:11:23:497 [HTTP] 
2022-10-14 12:11:23:503 [HTTP] --> POST /wd/hub/session/9a5b2bd9-14f1-4690-9942-c9417cbc3401/element/00000000-0000-007d-ffff-ffff00000165/click
2022-10-14 12:11:23:503 [HTTP] {"id":"00000000-0000-007d-ffff-ffff00000165"}
2022-10-14 12:11:23:504 [W3C (9a5b2bd9)] Calling AppiumDriver.click() with args: ["00000000-0000-007d-ffff-ffff00000165","9a5b2bd9-14f1-4690-9942-c9417cbc3401"]
2022-10-14 12:11:23:505 [WD Proxy] Matched '/element/00000000-0000-007d-ffff-ffff00000165/click' to command name 'click'
2022-10-14 12:11:23:505 [WD Proxy] Proxying [POST /element/00000000-0000-007d-ffff-ffff00000165/click] to [POST http://127.0.0.1:8206/wd/hub/session/704fc33c-dacb-4163-816a-2918a5eb51a9/element/00000000-0000-007d-ffff-ffff00000165/click] with body: {"element":"00000000-0000-007d-ffff-ffff00000165"}
2022-10-14 12:11:23:604 [WD Proxy] Got response with status 200: {"sessionId":"704fc33c-dacb-4163-816a-2918a5eb51a9","value":null}
2022-10-14 12:11:23:604 [W3C (9a5b2bd9)] Responding to client with driver.click() result: null
2022-10-14 12:11:23:605 [HTTP] <-- POST /wd/hub/session/9a5b2bd9-14f1-4690-9942-c9417cbc3401/element/00000000-0000-007d-ffff-ffff00000165/click 200 102 ms - 14
2022-10-14 12:11:23:605 [HTTP] 
2022-10-14 12:11:23:659 [HTTP] --> POST /wd/hub/session/9a5b2bd9-14f1-4690-9942-c9417cbc3401/element
2022-10-14 12:11:23:659 [HTTP] {"using":"xpath","value":"//android.widget.TextView[@text='  ']"}
2022-10-14 12:11:23:660 [W3C (9a5b2bd9)] Calling AppiumDriver.findElement() with args: ["xpath","//android.widget.TextView[@text='  ']","9a5b2bd9-14f1-4690-9942-c9417cbc3401"]
2022-10-14 12:11:23:661 [BaseDriver] Valid locator strategies for this request: xpath, id, class name, accessibility id, css selector, -android uiautomator
2022-10-14 12:11:23:662 [BaseDriver] Waiting up to 50000 ms for condition
2022-10-14 12:11:23:663 [WD Proxy] Matched '/element' to command name 'findElement'
2022-10-14 12:11:23:663 [WD Proxy] Proxying [POST /element] to [POST http://127.0.0.1:8206/wd/hub/session/704fc33c-dacb-4163-816a-2918a5eb51a9/element] with body: {"strategy":"xpath","selector":"//android.widget.TextView[@text='  ']","context":"","multiple":false}
2022-10-14 12:11:24:499 [WD Proxy] Got response with status 404: {"sessionId":"704fc33c-dacb-4163-816a-2918a5eb51a9","value":{"error":"no such element","message":"An element could not be located on the page using the given search parameters","stacktrace":"io.appium.uiautomator2.common.exceptions.ElementNotFoundException: An element could not be located on the page using the given search parameters\n\tat io.appium.uiautomator2.handler.FindElement.findElement(FindElement.java:90)\n\tat io.appium.uiautomator2.handler.FindElement.safeHandle(FindElement.java:67)\n\tat io.appium.uiautomator2.handler.request.SafeRequestHandler.handle(SafeRequestHandler.java:59)\n\tat io.appium.uiautomator2.server.AppiumServlet.handleRequest(AppiumServlet.java:266)\n\tat io.appium.uiautomator2.server.AppiumServlet.handleHttpRequest(AppiumServlet.java:260)\n\tat io.appium.uiautomator2.http.ServerHandler.channelRead(ServerHandler.java:68)\n\tat io.netty.channel.AbstractChannelHandlerContext.invokeChannelRead(AbstractChannelHandlerContext.java:366)\n\tat io.netty.channel.AbstractChannelHandlerCont...
2022-10-14 12:11:24:500 [W3C] Matched W3C error code 'no such element' to NoSuchElementError
2022-10-14 12:11:24:500 [BaseDriver] Waited for 838 ms so far
2022-10-14 12:11:25:007 [WD Proxy] Matched '/element' to command name 'findElement'
2022-10-14 12:11:25:007 [WD Proxy] Proxying [POST /element] to [POST http://127.0.0.1:8206/wd/hub/session/704fc33c-dacb-4163-816a-2918a5eb51a9/element] with body: {"strategy":"xpath","selector":"//android.widget.TextView[@text='  ']","context":"","multiple":false}
2022-10-14 12:11:25:280 [WD Proxy] Got response with status 404: {"sessionId":"704fc33c-dacb-4163-816a-2918a5eb51a9","value":{"error":"no such element","message":"An element could not be located on the page using the given search parameters","stacktrace":"io.appium.uiautomator2.common.exceptions.ElementNotFoundException: An element could not be located on the page using the given search parameters\n\tat io.appium.uiautomator2.handler.FindElement.findElement(FindElement.java:90)\n\tat io.appium.uiautomator2.handler.FindElement.safeHandle(FindElement.java:67)\n\tat io.appium.uiautomator2.handler.request.SafeRequestHandler.handle(SafeRequestHandler.java:59)\n\tat io.appium.uiautomator2.server.AppiumServlet.handleRequest(AppiumServlet.java:266)\n\tat io.appium.uiautomator2.server.AppiumServlet.handleHttpRequest(AppiumServlet.java:260)\n\tat io.appium.uiautomator2.http.ServerHandler.channelRead(ServerHandler.java:68)\n\tat io.netty.channel.AbstractChannelHandlerContext.invokeChannelRead(AbstractChannelHandlerContext.java:366)\n\tat io.netty.channel.AbstractChannelHandlerCont...
2022-10-14 12:11:25:281 [W3C] Matched W3C error code 'no such element' to NoSuchElementError
2022-10-14 12:11:25:281 [BaseDriver] Waited for 1619 ms so far
2022-10-14 12:11:25:797 [WD Proxy] Matched '/element' to command name 'findElement'
2022-10-14 12:11:25:798 [WD Proxy] Proxying [POST /element] to [POST http://127.0.0.1:8206/wd/hub/session/704fc33c-dacb-4163-816a-2918a5eb51a9/element] with body: {"strategy":"xpath","selector":"//android.widget.TextView[@text='  ']","context":"","multiple":false}
2022-10-14 12:11:26:297 [WD Proxy] Got response with status 404: {"sessionId":"704fc33c-dacb-4163-816a-2918a5eb51a9","value":{"error":"no such element","message":"An element could not be located on the page using the given search parameters","stacktrace":"io.appium.uiautomator2.common.exceptions.ElementNotFoundException: An element could not be located on the page using the given search parameters\n\tat io.appium.uiautomator2.handler.FindElement.findElement(FindElement.java:90)\n\tat io.appium.uiautomator2.handler.FindElement.safeHandle(FindElement.java:67)\n\tat io.appium.uiautomator2.handler.request.SafeRequestHandler.handle(SafeRequestHandler.java:59)\n\tat io.appium.uiautomator2.server.AppiumServlet.handleRequest(AppiumServlet.java:266)\n\tat io.appium.uiautomator2.server.AppiumServlet.handleHttpRequest(AppiumServlet.java:260)\n\tat io.appium.uiautomator2.http.ServerHandler.channelRead(ServerHandler.java:68)\n\tat io.netty.channel.AbstractChannelHandlerContext.invokeChannelRead(AbstractChannelHandlerContext.java:366)\n\tat io.netty.channel.AbstractChannelHandlerCont...
2022-10-14 12:11:26:298 [W3C] Matched W3C error code 'no such element' to NoSuchElementError
2022-10-14 12:11:26:298 [BaseDriver] Waited for 2636 ms so far
2022-10-14 12:11:26:805 [WD Proxy] Matched '/element' to command name 'findElement'
2022-10-14 12:11:26:806 [WD Proxy] Proxying [POST /element] to [POST http://127.0.0.1:8206/wd/hub/session/704fc33c-dacb-4163-816a-2918a5eb51a9/element] with body: {"strategy":"xpath","selector":"//android.widget.TextView[@text='  ']","context":"","multiple":false}
2022-10-14 12:11:27:656 [WD Proxy] Got response with status 200: {"sessionId":"704fc33c-dacb-4163-816a-2918a5eb51a9","value":{"ELEMENT":"00000000-0000-007c-0000-00110000019e","element-6066-11e4-a52e-4f735466cecf":"00000000-0000-007c-0000-00110000019e"}}
2022-10-14 12:11:27:657 [W3C (9a5b2bd9)] Responding to client with driver.findElement() result: {"element-6066-11e4-a52e-4f735466cecf":"00000000-0000-007c-0000-00110000019e","ELEMENT":"00000000-0000-007c-0000-00110000019e"}
2022-10-14 12:11:27:658 [HTTP] <-- POST /wd/hub/session/9a5b2bd9-14f1-4690-9942-c9417cbc3401/element 200 3999 ms - 137
2022-10-14 12:11:27:658 [HTTP] 
2022-10-14 12:11:27:663 [HTTP] --> GET /wd/hub/session/9a5b2bd9-14f1-4690-9942-c9417cbc3401/element/00000000-0000-007c-0000-00110000019e/displayed
2022-10-14 12:11:27:663 [HTTP] {}
2022-10-14 12:11:27:664 [W3C (9a5b2bd9)] Calling AppiumDriver.elementDisplayed() with args: ["00000000-0000-007c-0000-00110000019e","9a5b2bd9-14f1-4690-9942-c9417cbc3401"]
2022-10-14 12:11:27:664 [WD Proxy] Matched '/element/00000000-0000-007c-0000-00110000019e/attribute/displayed' to command name 'getAttribute'
2022-10-14 12:11:27:664 [WD Proxy] Proxying [GET /element/00000000-0000-007c-0000-00110000019e/attribute/displayed] to [GET http://127.0.0.1:8206/wd/hub/session/704fc33c-dacb-4163-816a-2918a5eb51a9/element/00000000-0000-007c-0000-00110000019e/attribute/displayed] with no body
2022-10-14 12:11:27:731 [WD Proxy] Got response with status 200: {"sessionId":"704fc33c-dacb-4163-816a-2918a5eb51a9","value":"true"}
2022-10-14 12:11:27:732 [W3C (9a5b2bd9)] Responding to client with driver.elementDisplayed() result: true
2022-10-14 12:11:27:733 [HTTP] <-- GET /wd/hub/session/9a5b2bd9-14f1-4690-9942-c9417cbc3401/element/00000000-0000-007c-0000-00110000019e/displayed 200 70 ms - 14
2022-10-14 12:11:27:733 [HTTP] 
2022-10-14 12:11:27:741 [HTTP] --> POST /wd/hub/session/9a5b2bd9-14f1-4690-9942-c9417cbc3401/element
2022-10-14 12:11:27:741 [HTTP] {"using":"xpath","value":"//android.widget.TextView[@text='  ']"}
2022-10-14 12:11:27:742 [W3C (9a5b2bd9)] Calling AppiumDriver.findElement() with args: ["xpath","//android.widget.TextView[@text='  ']","9a5b2bd9-14f1-4690-9942-c9417cbc3401"]
2022-10-14 12:11:27:742 [BaseDriver] Valid locator strategies for this request: xpath, id, class name, accessibility id, css selector, -android uiautomator
2022-10-14 12:11:27:743 [BaseDriver] Waiting up to 50000 ms for condition
2022-10-14 12:11:27:743 [WD Proxy] Matched '/element' to command name 'findElement'
2022-10-14 12:11:27:743 [WD Proxy] Proxying [POST /element] to [POST http://127.0.0.1:8206/wd/hub/session/704fc33c-dacb-4163-816a-2918a5eb51a9/element] with body: {"strategy":"xpath","selector":"//android.widget.TextView[@text='  ']","context":"","multiple":false}
2022-10-14 12:11:27:944 [WD Proxy] Got response with status 200: {"sessionId":"704fc33c-dacb-4163-816a-2918a5eb51a9","value":{"ELEMENT":"00000000-0000-007c-0000-00110000019e","element-6066-11e4-a52e-4f735466cecf":"00000000-0000-007c-0000-00110000019e"}}
2022-10-14 12:11:27:945 [W3C (9a5b2bd9)] Responding to client with driver.findElement() result: {"element-6066-11e4-a52e-4f735466cecf":"00000000-0000-007c-0000-00110000019e","ELEMENT":"00000000-0000-007c-0000-00110000019e"}
2022-10-14 12:11:27:946 [HTTP] <-- POST /wd/hub/session/9a5b2bd9-14f1-4690-9942-c9417cbc3401/element 200 204 ms - 137
2022-10-14 12:11:27:946 [HTTP] 
2022-10-14 12:11:27:952 [HTTP] --> GET /wd/hub/session/9a5b2bd9-14f1-4690-9942-c9417cbc3401/element/00000000-0000-007c-0000-00110000019e/text
2022-10-14 12:11:27:952 [HTTP] {}
2022-10-14 12:11:27:954 [W3C (9a5b2bd9)] Driver proxy active, passing request on via HTTP proxy
2022-10-14 12:11:27:955 [WD Proxy] Matched '/wd/hub/session/9a5b2bd9-14f1-4690-9942-c9417cbc3401/element/00000000-0000-007c-0000-00110000019e/text' to command name 'getText'
2022-10-14 12:11:27:955 [WD Proxy] Proxying [GET /wd/hub/session/9a5b2bd9-14f1-4690-9942-c9417cbc3401/element/00000000-0000-007c-0000-00110000019e/text] to [GET http://127.0.0.1:8206/wd/hub/session/704fc33c-dacb-4163-816a-2918a5eb51a9/element/00000000-0000-007c-0000-00110000019e/text] with no body
2022-10-14 12:11:27:984 [WD Proxy] Got response with status 200: {"sessionId":"704fc33c-dacb-4163-816a-2918a5eb51a9","value":"  "}
2022-10-14 12:11:27:984 [WD Proxy] Replacing sessionId 704fc33c-dacb-4163-816a-2918a5eb51a9 with 9a5b2bd9-14f1-4690-9942-c9417cbc3401
2022-10-14 12:11:27:986 [HTTP] <-- GET /wd/hub/session/9a5b2bd9-14f1-4690-9942-c9417cbc3401/element/00000000-0000-007c-0000-00110000019e/text 200 33 ms - 116
2022-10-14 12:11:27:986 [HTTP] 
2022-10-14 12:11:27:996 [HTTP] --> POST /wd/hub/session/9a5b2bd9-14f1-4690-9942-c9417cbc3401/element
2022-10-14 12:11:27:997 [HTTP] {"using":"id","value":"com.mandir:id/iv_close"}
2022-10-14 12:11:27:997 [W3C (9a5b2bd9)] Calling AppiumDriver.findElement() with args: ["id","com.mandir:id/iv_close","9a5b2bd9-14f1-4690-9942-c9417cbc3401"]
2022-10-14 12:11:27:998 [BaseDriver] Valid locator strategies for this request: xpath, id, class name, accessibility id, css selector, -android uiautomator
2022-10-14 12:11:27:998 [BaseDriver] Waiting up to 50000 ms for condition
2022-10-14 12:11:27:998 [WD Proxy] Matched '/element' to command name 'findElement'
2022-10-14 12:11:27:998 [WD Proxy] Proxying [POST /element] to [POST http://127.0.0.1:8206/wd/hub/session/704fc33c-dacb-4163-816a-2918a5eb51a9/element] with body: {"strategy":"id","selector":"com.mandir:id/iv_close","context":"","multiple":false}
2022-10-14 12:11:28:080 [WD Proxy] Got response with status 200: {"sessionId":"704fc33c-dacb-4163-816a-2918a5eb51a9","value":{"ELEMENT":"00000000-0000-007c-ffff-ffff0000019f","element-6066-11e4-a52e-4f735466cecf":"00000000-0000-007c-ffff-ffff0000019f"}}
2022-10-14 12:11:28:081 [W3C (9a5b2bd9)] Responding to client with driver.findElement() result: {"element-6066-11e4-a52e-4f735466cecf":"00000000-0000-007c-ffff-ffff0000019f","ELEMENT":"00000000-0000-007c-ffff-ffff0000019f"}
2022-10-14 12:11:28:082 [HTTP] <-- POST /wd/hub/session/9a5b2bd9-14f1-4690-9942-c9417cbc3401/element 200 85 ms - 137
2022-10-14 12:11:28:082 [HTTP] 
2022-10-14 12:11:28:089 [HTTP] --> POST /wd/hub/session/9a5b2bd9-14f1-4690-9942-c9417cbc3401/element
2022-10-14 12:11:28:089 [HTTP] {"using":"id","value":"com.mandir:id/iv_close"}
2022-10-14 12:11:28:089 [W3C (9a5b2bd9)] Calling AppiumDriver.findElement() with args: ["id","com.mandir:id/iv_close","9a5b2bd9-14f1-4690-9942-c9417cbc3401"]
2022-10-14 12:11:28:090 [BaseDriver] Valid locator strategies for this request: xpath, id, class name, accessibility id, css selector, -android uiautomator
2022-10-14 12:11:28:090 [BaseDriver] Waiting up to 50000 ms for condition
2022-10-14 12:11:28:090 [WD Proxy] Matched '/element' to command name 'findElement'
2022-10-14 12:11:28:091 [WD Proxy] Proxying [POST /element] to [POST http://127.0.0.1:8206/wd/hub/session/704fc33c-dacb-4163-816a-2918a5eb51a9/element] with body: {"strategy":"id","selector":"com.mandir:id/iv_close","context":"","multiple":false}
2022-10-14 12:11:28:760 [WD Proxy] Got response with status 200: {"sessionId":"704fc33c-dacb-4163-816a-2918a5eb51a9","value":{"ELEMENT":"00000000-0000-007c-ffff-ffff0000019f","element-6066-11e4-a52e-4f735466cecf":"00000000-0000-007c-ffff-ffff0000019f"}}
2022-10-14 12:11:28:761 [W3C (9a5b2bd9)] Responding to client with driver.findElement() result: {"element-6066-11e4-a52e-4f735466cecf":"00000000-0000-007c-ffff-ffff0000019f","ELEMENT":"00000000-0000-007c-ffff-ffff0000019f"}
2022-10-14 12:11:28:762 [HTTP] <-- POST /wd/hub/session/9a5b2bd9-14f1-4690-9942-c9417cbc3401/element 200 673 ms - 137
2022-10-14 12:11:28:762 [HTTP] 
2022-10-14 12:11:28:766 [HTTP] --> GET /wd/hub/session/9a5b2bd9-14f1-4690-9942-c9417cbc3401/element/00000000-0000-007c-ffff-ffff0000019f/displayed
2022-10-14 12:11:28:766 [HTTP] {}
2022-10-14 12:11:28:766 [W3C (9a5b2bd9)] Calling AppiumDriver.elementDisplayed() with args: ["00000000-0000-007c-ffff-ffff0000019f","9a5b2bd9-14f1-4690-9942-c9417cbc3401"]
2022-10-14 12:11:28:767 [WD Proxy] Matched '/element/00000000-0000-007c-ffff-ffff0000019f/attribute/displayed' to command name 'getAttribute'
2022-10-14 12:11:28:767 [WD Proxy] Proxying [GET /element/00000000-0000-007c-ffff-ffff0000019f/attribute/displayed] to [GET http://127.0.0.1:8206/wd/hub/session/704fc33c-dacb-4163-816a-2918a5eb51a9/element/00000000-0000-007c-ffff-ffff0000019f/attribute/displayed] with no body
2022-10-14 12:11:29:189 [WD Proxy] Got response with status 200: {"sessionId":"704fc33c-dacb-4163-816a-2918a5eb51a9","value":"true"}
2022-10-14 12:11:29:189 [W3C (9a5b2bd9)] Responding to client with driver.elementDisplayed() result: true
2022-10-14 12:11:29:190 [HTTP] <-- GET /wd/hub/session/9a5b2bd9-14f1-4690-9942-c9417cbc3401/element/00000000-0000-007c-ffff-ffff0000019f/displayed 200 424 ms - 14
2022-10-14 12:11:29:190 [HTTP] 
2022-10-14 12:11:29:195 [HTTP] --> POST /wd/hub/session/9a5b2bd9-14f1-4690-9942-c9417cbc3401/element
2022-10-14 12:11:29:195 [HTTP] {"using":"id","value":"com.mandir:id/iv_close"}
2022-10-14 12:11:29:196 [W3C (9a5b2bd9)] Calling AppiumDriver.findElement() with args: ["id","com.mandir:id/iv_close","9a5b2bd9-14f1-4690-9942-c9417cbc3401"]
2022-10-14 12:11:29:196 [BaseDriver] Valid locator strategies for this request: xpath, id, class name, accessibility id, css selector, -android uiautomator
2022-10-14 12:11:29:196 [BaseDriver] Waiting up to 50000 ms for condition
2022-10-14 12:11:29:197 [WD Proxy] Matched '/element' to command name 'findElement'
2022-10-14 12:11:29:197 [WD Proxy] Proxying [POST /element] to [POST http://127.0.0.1:8206/wd/hub/session/704fc33c-dacb-4163-816a-2918a5eb51a9/element] with body: {"strategy":"id","selector":"com.mandir:id/iv_close","context":"","multiple":false}
2022-10-14 12:11:29:311 [WD Proxy] Got response with status 200: {"sessionId":"704fc33c-dacb-4163-816a-2918a5eb51a9","value":{"ELEMENT":"00000000-0000-007c-ffff-ffff0000019f","element-6066-11e4-a52e-4f735466cecf":"00000000-0000-007c-ffff-ffff0000019f"}}
2022-10-14 12:11:29:311 [W3C (9a5b2bd9)] Responding to client with driver.findElement() result: {"element-6066-11e4-a52e-4f735466cecf":"00000000-0000-007c-ffff-ffff0000019f","ELEMENT":"00000000-0000-007c-ffff-ffff0000019f"}
2022-10-14 12:11:29:312 [HTTP] <-- POST /wd/hub/session/9a5b2bd9-14f1-4690-9942-c9417cbc3401/element 200 117 ms - 137
2022-10-14 12:11:29:312 [HTTP] 
2022-10-14 12:11:29:318 [HTTP] --> POST /wd/hub/session/9a5b2bd9-14f1-4690-9942-c9417cbc3401/element
2022-10-14 12:11:29:318 [HTTP] {"using":"id","value":"com.mandir:id/iv_close"}
2022-10-14 12:11:29:319 [W3C (9a5b2bd9)] Calling AppiumDriver.findElement() with args: ["id","com.mandir:id/iv_close","9a5b2bd9-14f1-4690-9942-c9417cbc3401"]
2022-10-14 12:11:29:319 [BaseDriver] Valid locator strategies for this request: xpath, id, class name, accessibility id, css selector, -android uiautomator
2022-10-14 12:11:29:320 [BaseDriver] Waiting up to 50000 ms for condition
2022-10-14 12:11:29:320 [WD Proxy] Matched '/element' to command name 'findElement'
2022-10-14 12:11:29:321 [WD Proxy] Proxying [POST /element] to [POST http://127.0.0.1:8206/wd/hub/session/704fc33c-dacb-4163-816a-2918a5eb51a9/element] with body: {"strategy":"id","selector":"com.mandir:id/iv_close","context":"","multiple":false}
2022-10-14 12:11:29:489 [WD Proxy] Got response with status 200: {"sessionId":"704fc33c-dacb-4163-816a-2918a5eb51a9","value":{"ELEMENT":"00000000-0000-007c-ffff-ffff0000019f","element-6066-11e4-a52e-4f735466cecf":"00000000-0000-007c-ffff-ffff0000019f"}}
2022-10-14 12:11:29:489 [W3C (9a5b2bd9)] Responding to client with driver.findElement() result: {"element-6066-11e4-a52e-4f735466cecf":"00000000-0000-007c-ffff-ffff0000019f","ELEMENT":"00000000-0000-007c-ffff-ffff0000019f"}
2022-10-14 12:11:29:491 [HTTP] <-- POST /wd/hub/session/9a5b2bd9-14f1-4690-9942-c9417cbc3401/element 200 172 ms - 137
2022-10-14 12:11:29:491 [HTTP] 
2022-10-14 12:11:29:497 [HTTP] --> POST /wd/hub/session/9a5b2bd9-14f1-4690-9942-c9417cbc3401/element/00000000-0000-007c-ffff-ffff0000019f/click
2022-10-14 12:11:29:497 [HTTP] {"id":"00000000-0000-007c-ffff-ffff0000019f"}
2022-10-14 12:11:29:498 [W3C (9a5b2bd9)] Calling AppiumDriver.click() with args: ["00000000-0000-007c-ffff-ffff0000019f","9a5b2bd9-14f1-4690-9942-c9417cbc3401"]
2022-10-14 12:11:29:499 [WD Proxy] Matched '/element/00000000-0000-007c-ffff-ffff0000019f/click' to command name 'click'
2022-10-14 12:11:29:500 [WD Proxy] Proxying [POST /element/00000000-0000-007c-ffff-ffff0000019f/click] to [POST http://127.0.0.1:8206/wd/hub/session/704fc33c-dacb-4163-816a-2918a5eb51a9/element/00000000-0000-007c-ffff-ffff0000019f/click] with body: {"element":"00000000-0000-007c-ffff-ffff0000019f"}
2022-10-14 12:11:29:561 [WD Proxy] Got response with status 200: {"sessionId":"704fc33c-dacb-4163-816a-2918a5eb51a9","value":null}
2022-10-14 12:11:29:561 [W3C (9a5b2bd9)] Responding to client with driver.click() result: null
2022-10-14 12:11:29:562 [HTTP] <-- POST /wd/hub/session/9a5b2bd9-14f1-4690-9942-c9417cbc3401/element/00000000-0000-007c-ffff-ffff0000019f/click 200 65 ms - 14
2022-10-14 12:11:29:562 [HTTP] 
2022-10-14 12:11:29:568 [HTTP] --> POST /wd/hub/session/9a5b2bd9-14f1-4690-9942-c9417cbc3401/element
2022-10-14 12:11:29:568 [HTTP] {"using":"id","value":"com.mandir:id/nav_view"}
2022-10-14 12:11:29:568 [W3C (9a5b2bd9)] Calling AppiumDriver.findElement() with args: ["id","com.mandir:id/nav_view","9a5b2bd9-14f1-4690-9942-c9417cbc3401"]
2022-10-14 12:11:29:569 [BaseDriver] Valid locator strategies for this request: xpath, id, class name, accessibility id, css selector, -android uiautomator
2022-10-14 12:11:29:569 [BaseDriver] Waiting up to 50000 ms for condition
2022-10-14 12:11:29:569 [WD Proxy] Matched '/element' to command name 'findElement'
2022-10-14 12:11:29:570 [WD Proxy] Proxying [POST /element] to [POST http://127.0.0.1:8206/wd/hub/session/704fc33c-dacb-4163-816a-2918a5eb51a9/element] with body: {"strategy":"id","selector":"com.mandir:id/nav_view","context":"","multiple":false}
2022-10-14 12:11:33:107 [WD Proxy] Got response with status 200: {"sessionId":"704fc33c-dacb-4163-816a-2918a5eb51a9","value":{"ELEMENT":"00000000-0000-007c-ffff-ffff00000015","element-6066-11e4-a52e-4f735466cecf":"00000000-0000-007c-ffff-ffff00000015"}}
2022-10-14 12:11:33:108 [W3C (9a5b2bd9)] Responding to client with driver.findElement() result: {"element-6066-11e4-a52e-4f735466cecf":"00000000-0000-007c-ffff-ffff00000015","ELEMENT":"00000000-0000-007c-ffff-ffff00000015"}
2022-10-14 12:11:33:109 [HTTP] <-- POST /wd/hub/session/9a5b2bd9-14f1-4690-9942-c9417cbc3401/element 200 3541 ms - 137
2022-10-14 12:11:33:109 [HTTP] 
2022-10-14 12:11:33:115 [HTTP] --> POST /wd/hub/session/9a5b2bd9-14f1-4690-9942-c9417cbc3401/element
2022-10-14 12:11:33:115 [HTTP] {"using":"id","value":"com.mandir:id/nav_view"}
2022-10-14 12:11:33:115 [W3C (9a5b2bd9)] Calling AppiumDriver.findElement() with args: ["id","com.mandir:id/nav_view","9a5b2bd9-14f1-4690-9942-c9417cbc3401"]
2022-10-14 12:11:33:116 [BaseDriver] Valid locator strategies for this request: xpath, id, class name, accessibility id, css selector, -android uiautomator
2022-10-14 12:11:33:116 [BaseDriver] Waiting up to 50000 ms for condition
2022-10-14 12:11:33:116 [WD Proxy] Matched '/element' to command name 'findElement'
2022-10-14 12:11:33:117 [WD Proxy] Proxying [POST /element] to [POST http://127.0.0.1:8206/wd/hub/session/704fc33c-dacb-4163-816a-2918a5eb51a9/element] with body: {"strategy":"id","selector":"com.mandir:id/nav_view","context":"","multiple":false}
2022-10-14 12:11:34:746 [WD Proxy] Got response with status 200: {"sessionId":"704fc33c-dacb-4163-816a-2918a5eb51a9","value":{"ELEMENT":"00000000-0000-007c-ffff-ffff00000015","element-6066-11e4-a52e-4f735466cecf":"00000000-0000-007c-ffff-ffff00000015"}}
2022-10-14 12:11:34:747 [W3C (9a5b2bd9)] Responding to client with driver.findElement() result: {"element-6066-11e4-a52e-4f735466cecf":"00000000-0000-007c-ffff-ffff00000015","ELEMENT":"00000000-0000-007c-ffff-ffff00000015"}
2022-10-14 12:11:34:748 [HTTP] <-- POST /wd/hub/session/9a5b2bd9-14f1-4690-9942-c9417cbc3401/element 200 1633 ms - 137
2022-10-14 12:11:34:748 [HTTP] 
2022-10-14 12:11:34:751 [HTTP] --> GET /wd/hub/session/9a5b2bd9-14f1-4690-9942-c9417cbc3401/element/00000000-0000-007c-ffff-ffff00000015/displayed
2022-10-14 12:11:34:752 [HTTP] {}
2022-10-14 12:11:34:752 [W3C (9a5b2bd9)] Calling AppiumDriver.elementDisplayed() with args: ["00000000-0000-007c-ffff-ffff00000015","9a5b2bd9-14f1-4690-9942-c9417cbc3401"]
2022-10-14 12:11:34:753 [WD Proxy] Matched '/element/00000000-0000-007c-ffff-ffff00000015/attribute/displayed' to command name 'getAttribute'
2022-10-14 12:11:34:753 [WD Proxy] Proxying [GET /element/00000000-0000-007c-ffff-ffff00000015/attribute/displayed] to [GET http://127.0.0.1:8206/wd/hub/session/704fc33c-dacb-4163-816a-2918a5eb51a9/element/00000000-0000-007c-ffff-ffff00000015/attribute/displayed] with no body
2022-10-14 12:11:34:800 [WD Proxy] Got response with status 200: {"sessionId":"704fc33c-dacb-4163-816a-2918a5eb51a9","value":"true"}
2022-10-14 12:11:34:802 [W3C (9a5b2bd9)] Responding to client with driver.elementDisplayed() result: true
2022-10-14 12:11:34:803 [HTTP] <-- GET /wd/hub/session/9a5b2bd9-14f1-4690-9942-c9417cbc3401/element/00000000-0000-007c-ffff-ffff00000015/displayed 200 51 ms - 14
2022-10-14 12:11:34:803 [HTTP] 
2022-10-14 12:11:34:808 [HTTP] --> POST /wd/hub/session/9a5b2bd9-14f1-4690-9942-c9417cbc3401/element
2022-10-14 12:11:34:809 [HTTP] {"using":"id","value":"com.mandir:id/nav_view"}
2022-10-14 12:11:34:809 [W3C (9a5b2bd9)] Calling AppiumDriver.findElement() with args: ["id","com.mandir:id/nav_view","9a5b2bd9-14f1-4690-9942-c9417cbc3401"]
2022-10-14 12:11:34:810 [BaseDriver] Valid locator strategies for this request: xpath, id, class name, accessibility id, css selector, -android uiautomator
2022-10-14 12:11:34:810 [BaseDriver] Waiting up to 50000 ms for condition
2022-10-14 12:11:34:811 [WD Proxy] Matched '/element' to command name 'findElement'
2022-10-14 12:11:34:811 [WD Proxy] Proxying [POST /element] to [POST http://127.0.0.1:8206/wd/hub/session/704fc33c-dacb-4163-816a-2918a5eb51a9/element] with body: {"strategy":"id","selector":"com.mandir:id/nav_view","context":"","multiple":false}
2022-10-14 12:11:36:072 [WD Proxy] Got response with status 200: {"sessionId":"704fc33c-dacb-4163-816a-2918a5eb51a9","value":{"ELEMENT":"00000000-0000-007c-ffff-ffff00000015","element-6066-11e4-a52e-4f735466cecf":"00000000-0000-007c-ffff-ffff00000015"}}
2022-10-14 12:11:36:073 [W3C (9a5b2bd9)] Responding to client with driver.findElement() result: {"element-6066-11e4-a52e-4f735466cecf":"00000000-0000-007c-ffff-ffff00000015","ELEMENT":"00000000-0000-007c-ffff-ffff00000015"}
2022-10-14 12:11:36:074 [HTTP] <-- POST /wd/hub/session/9a5b2bd9-14f1-4690-9942-c9417cbc3401/element 200 1265 ms - 137
2022-10-14 12:11:36:074 [HTTP] 
2022-10-14 12:11:36:077 [HTTP] --> GET /wd/hub/session/9a5b2bd9-14f1-4690-9942-c9417cbc3401/element/00000000-0000-007c-ffff-ffff00000015/displayed
2022-10-14 12:11:36:077 [HTTP] {}
2022-10-14 12:11:36:078 [W3C (9a5b2bd9)] Calling AppiumDriver.elementDisplayed() with args: ["00000000-0000-007c-ffff-ffff00000015","9a5b2bd9-14f1-4690-9942-c9417cbc3401"]
2022-10-14 12:11:36:078 [WD Proxy] Matched '/element/00000000-0000-007c-ffff-ffff00000015/attribute/displayed' to command name 'getAttribute'
2022-10-14 12:11:36:079 [WD Proxy] Proxying [GET /element/00000000-0000-007c-ffff-ffff00000015/attribute/displayed] to [GET http://127.0.0.1:8206/wd/hub/session/704fc33c-dacb-4163-816a-2918a5eb51a9/element/00000000-0000-007c-ffff-ffff00000015/attribute/displayed] with no body
2022-10-14 12:11:36:211 [WD Proxy] Got response with status 200: {"sessionId":"704fc33c-dacb-4163-816a-2918a5eb51a9","value":"true"}
2022-10-14 12:11:36:212 [W3C (9a5b2bd9)] Responding to client with driver.elementDisplayed() result: true
2022-10-14 12:11:36:213 [HTTP] <-- GET /wd/hub/session/9a5b2bd9-14f1-4690-9942-c9417cbc3401/element/00000000-0000-007c-ffff-ffff00000015/displayed 200 136 ms - 14
2022-10-14 12:11:36:213 [HTTP] 
2022-10-14 12:11:36:227 [HTTP] --> POST /wd/hub/session/9a5b2bd9-14f1-4690-9942-c9417cbc3401/appium/app/close
2022-10-14 12:11:36:227 [HTTP] {}
2022-10-14 12:11:36:239 [W3C (9a5b2bd9)] Calling AppiumDriver.closeApp() with args: ["9a5b2bd9-14f1-4690-9942-c9417cbc3401"]
2022-10-14 12:11:36:240 [ADB] Running 'C:\Users\Shilpa\AppData\Local\Android\Sdk\platform-tools\adb.exe -P 5037 -s emulator-5554 shell am force-stop com.mandir'
2022-10-14 12:11:36:566 [W3C (9a5b2bd9)] Responding to client with driver.closeApp() result: null
2022-10-14 12:11:36:567 [HTTP] <-- POST /wd/hub/session/9a5b2bd9-14f1-4690-9942-c9417cbc3401/appium/app/close 200 340 ms - 14
2022-10-14 12:11:36:567 [HTTP] 
